[2025-03-31T08:37:26.786+0000] {local_task_job_runner.py:123} INFO - ::group::Pre task execution logs
[2025-03-31T08:37:26.832+0000] {taskinstance.py:2614} INFO - Dependencies all met for dep_context=non-requeueable deps ti=<TaskInstance: our_first_dag_v5.third_task scheduled__2025-03-29T00:00:00+00:00 [queued]>
[2025-03-31T08:37:26.851+0000] {taskinstance.py:2614} INFO - Dependencies all met for dep_context=requeueable deps ti=<TaskInstance: our_first_dag_v5.third_task scheduled__2025-03-29T00:00:00+00:00 [queued]>
[2025-03-31T08:37:26.852+0000] {taskinstance.py:2867} INFO - Starting attempt 1 of 1
[2025-03-31T08:37:26.875+0000] {taskinstance.py:2890} INFO - Executing <Task(BashOperator): third_task> on 2025-03-29 00:00:00+00:00
[2025-03-31T08:37:26.888+0000] {logging_mixin.py:190} WARNING - /home/***/.local/lib/python3.12/site-packages/***/task/task_runner/standard_task_runner.py:70 DeprecationWarning: This process (pid=2788) is multi-threaded, use of fork() may lead to deadlocks in the child.
[2025-03-31T08:37:26.893+0000] {standard_task_runner.py:72} INFO - Started process 2795 to run task
[2025-03-31T08:37:26.889+0000] {standard_task_runner.py:104} INFO - Running: ['***', 'tasks', 'run', 'our_first_dag_v5', 'third_task', 'scheduled__2025-03-29T00:00:00+00:00', '--job-id', '101', '--raw', '--subdir', 'DAGS_FOLDER/our_first_dag.py', '--cfg-path', '/tmp/tmp5hge1z1d']
[2025-03-31T08:37:26.895+0000] {standard_task_runner.py:105} INFO - Job 101: Subtask third_task
[2025-03-31T08:37:26.989+0000] {task_command.py:467} INFO - Running <TaskInstance: our_first_dag_v5.third_task scheduled__2025-03-29T00:00:00+00:00 [running]> on host 9663692256f6
[2025-03-31T08:37:27.143+0000] {taskinstance.py:3134} INFO - Exporting env vars: AIRFLOW_CTX_DAG_OWNER='coder2j' AIRFLOW_CTX_DAG_ID='our_first_dag_v5' AIRFLOW_CTX_TASK_ID='third_task' AIRFLOW_CTX_EXECUTION_DATE='2025-03-29T00:00:00+00:00' AIRFLOW_CTX_TRY_NUMBER='1' AIRFLOW_CTX_DAG_RUN_ID='scheduled__2025-03-29T00:00:00+00:00'
[2025-03-31T08:37:27.146+0000] {taskinstance.py:732} INFO - ::endgroup::
[2025-03-31T08:37:27.173+0000] {subprocess.py:78} INFO - Tmp dir root location: /tmp
[2025-03-31T08:37:27.174+0000] {subprocess.py:88} INFO - Running command: ['/usr/bin/bash', '-c', 'echo hey, I am task3 and will execute after task1!']
[2025-03-31T08:37:27.187+0000] {subprocess.py:99} INFO - Output:
[2025-03-31T08:37:27.190+0000] {subprocess.py:106} INFO - hey, I am task3 and will execute after task1!
[2025-03-31T08:37:27.191+0000] {subprocess.py:110} INFO - Command exited with return code 0
[2025-03-31T08:37:27.225+0000] {taskinstance.py:341} INFO - ::group::Post task execution logs
[2025-03-31T08:37:27.226+0000] {taskinstance.py:353} INFO - Marking task as SUCCESS. dag_id=our_first_dag_v5, task_id=third_task, run_id=scheduled__2025-03-29T00:00:00+00:00, execution_date=20250329T000000, start_date=20250331T083726, end_date=20250331T083727
[2025-03-31T08:37:27.284+0000] {local_task_job_runner.py:266} INFO - Task exited with return code 0
[2025-03-31T08:37:27.306+0000] {taskinstance.py:3901} INFO - 0 downstream tasks scheduled from follow-on schedule check
[2025-03-31T08:37:27.308+0000] {local_task_job_runner.py:245} INFO - ::endgroup::
