[2025-04-01T07:05:12.624+0000] {processor.py:186} INFO - Started process (PID=36371) to work on /opt/airflow/dags/example_postgres.py
[2025-04-01T07:05:12.626+0000] {processor.py:914} INFO - Processing file /opt/airflow/dags/example_postgres.py for tasks to queue
[2025-04-01T07:05:12.628+0000] {logging_mixin.py:190} INFO - [2025-04-01T07:05:12.627+0000] {dagbag.py:588} INFO - Filling up the DagBag from /opt/airflow/dags/example_postgres.py
[2025-04-01T07:05:12.637+0000] {logging_mixin.py:190} INFO - [2025-04-01T07:05:12.635+0000] {dagbag.py:387} ERROR - Failed to import: /opt/airflow/dags/example_postgres.py
Traceback (most recent call last):
  File "/home/airflow/.local/lib/python3.12/site-packages/airflow/models/dagbag.py", line 383, in parse
    loader.exec_module(new_module)
  File "<frozen importlib._bootstrap_external>", line 999, in exec_module
  File "<frozen importlib._bootstrap>", line 488, in _call_with_frames_removed
  File "/opt/airflow/dags/example_postgres.py", line 4, in <module>
    from airflow.providers.postgres.operators.postgres import PostgresOperator
ModuleNotFoundError: No module named 'airflow.providers.postgres.operators'
[2025-04-01T07:05:12.638+0000] {processor.py:927} WARNING - No viable dags retrieved from /opt/airflow/dags/example_postgres.py
[2025-04-01T07:05:12.660+0000] {processor.py:208} INFO - Processing /opt/airflow/dags/example_postgres.py took 0.044 seconds
[2025-04-01T07:05:43.122+0000] {processor.py:186} INFO - Started process (PID=36407) to work on /opt/airflow/dags/example_postgres.py
[2025-04-01T07:05:43.123+0000] {processor.py:914} INFO - Processing file /opt/airflow/dags/example_postgres.py for tasks to queue
[2025-04-01T07:05:43.125+0000] {logging_mixin.py:190} INFO - [2025-04-01T07:05:43.124+0000] {dagbag.py:588} INFO - Filling up the DagBag from /opt/airflow/dags/example_postgres.py
[2025-04-01T07:05:43.132+0000] {logging_mixin.py:190} INFO - [2025-04-01T07:05:43.130+0000] {dagbag.py:387} ERROR - Failed to import: /opt/airflow/dags/example_postgres.py
Traceback (most recent call last):
  File "/home/airflow/.local/lib/python3.12/site-packages/airflow/models/dagbag.py", line 383, in parse
    loader.exec_module(new_module)
  File "<frozen importlib._bootstrap_external>", line 999, in exec_module
  File "<frozen importlib._bootstrap>", line 488, in _call_with_frames_removed
  File "/opt/airflow/dags/example_postgres.py", line 4, in <module>
    from airflow.providers.postgres.operators.postgres import PostgresOperator
ModuleNotFoundError: No module named 'airflow.providers.postgres.operators'
[2025-04-01T07:05:43.134+0000] {processor.py:927} WARNING - No viable dags retrieved from /opt/airflow/dags/example_postgres.py
[2025-04-01T07:05:43.160+0000] {processor.py:208} INFO - Processing /opt/airflow/dags/example_postgres.py took 0.046 seconds
[2025-04-01T07:06:13.663+0000] {processor.py:186} INFO - Started process (PID=36449) to work on /opt/airflow/dags/example_postgres.py
[2025-04-01T07:06:13.664+0000] {processor.py:914} INFO - Processing file /opt/airflow/dags/example_postgres.py for tasks to queue
[2025-04-01T07:06:13.666+0000] {logging_mixin.py:190} INFO - [2025-04-01T07:06:13.665+0000] {dagbag.py:588} INFO - Filling up the DagBag from /opt/airflow/dags/example_postgres.py
[2025-04-01T07:06:13.674+0000] {logging_mixin.py:190} INFO - [2025-04-01T07:06:13.671+0000] {dagbag.py:387} ERROR - Failed to import: /opt/airflow/dags/example_postgres.py
Traceback (most recent call last):
  File "/home/airflow/.local/lib/python3.12/site-packages/airflow/models/dagbag.py", line 383, in parse
    loader.exec_module(new_module)
  File "<frozen importlib._bootstrap_external>", line 999, in exec_module
  File "<frozen importlib._bootstrap>", line 488, in _call_with_frames_removed
  File "/opt/airflow/dags/example_postgres.py", line 4, in <module>
    from airflow.providers.postgres.operators.postgres import PostgresOperator
ModuleNotFoundError: No module named 'airflow.providers.postgres.operators'
[2025-04-01T07:06:13.675+0000] {processor.py:927} WARNING - No viable dags retrieved from /opt/airflow/dags/example_postgres.py
[2025-04-01T07:06:13.700+0000] {processor.py:208} INFO - Processing /opt/airflow/dags/example_postgres.py took 0.045 seconds
[2025-04-01T07:06:21.774+0000] {processor.py:186} INFO - Started process (PID=36454) to work on /opt/airflow/dags/example_postgres.py
[2025-04-01T07:06:21.775+0000] {processor.py:914} INFO - Processing file /opt/airflow/dags/example_postgres.py for tasks to queue
[2025-04-01T07:06:21.776+0000] {logging_mixin.py:190} INFO - [2025-04-01T07:06:21.776+0000] {dagbag.py:588} INFO - Filling up the DagBag from /opt/airflow/dags/example_postgres.py
[2025-04-01T07:06:21.788+0000] {logging_mixin.py:190} INFO - [2025-04-01T07:06:21.785+0000] {dagbag.py:387} ERROR - Failed to import: /opt/airflow/dags/example_postgres.py
Traceback (most recent call last):
  File "/home/airflow/.local/lib/python3.12/site-packages/airflow/models/dagbag.py", line 383, in parse
    loader.exec_module(new_module)
  File "<frozen importlib._bootstrap_external>", line 999, in exec_module
  File "<frozen importlib._bootstrap>", line 488, in _call_with_frames_removed
  File "/opt/airflow/dags/example_postgres.py", line 4, in <module>
    from airflow.providers.postgres.operators.postgres import PostgresOperator
ModuleNotFoundError: No module named 'airflow.providers.postgres.operators'
[2025-04-01T07:06:21.788+0000] {processor.py:927} WARNING - No viable dags retrieved from /opt/airflow/dags/example_postgres.py
[2025-04-01T07:06:21.810+0000] {processor.py:208} INFO - Processing /opt/airflow/dags/example_postgres.py took 0.043 seconds
[2025-04-01T07:06:52.343+0000] {processor.py:186} INFO - Started process (PID=36490) to work on /opt/airflow/dags/example_postgres.py
[2025-04-01T07:06:52.344+0000] {processor.py:914} INFO - Processing file /opt/airflow/dags/example_postgres.py for tasks to queue
[2025-04-01T07:06:52.345+0000] {logging_mixin.py:190} INFO - [2025-04-01T07:06:52.345+0000] {dagbag.py:588} INFO - Filling up the DagBag from /opt/airflow/dags/example_postgres.py
[2025-04-01T07:06:52.355+0000] {logging_mixin.py:190} INFO - [2025-04-01T07:06:52.353+0000] {dagbag.py:387} ERROR - Failed to import: /opt/airflow/dags/example_postgres.py
Traceback (most recent call last):
  File "/home/airflow/.local/lib/python3.12/site-packages/airflow/models/dagbag.py", line 383, in parse
    loader.exec_module(new_module)
  File "<frozen importlib._bootstrap_external>", line 999, in exec_module
  File "<frozen importlib._bootstrap>", line 488, in _call_with_frames_removed
  File "/opt/airflow/dags/example_postgres.py", line 4, in <module>
    from airflow.providers.postgres.operators.postgres import PostgresOperator
ModuleNotFoundError: No module named 'airflow.providers.postgres.operators'
[2025-04-01T07:06:52.356+0000] {processor.py:927} WARNING - No viable dags retrieved from /opt/airflow/dags/example_postgres.py
[2025-04-01T07:06:52.383+0000] {processor.py:208} INFO - Processing /opt/airflow/dags/example_postgres.py took 0.050 seconds
[2025-04-01T07:07:23.004+0000] {processor.py:186} INFO - Started process (PID=36526) to work on /opt/airflow/dags/example_postgres.py
[2025-04-01T07:07:23.006+0000] {processor.py:914} INFO - Processing file /opt/airflow/dags/example_postgres.py for tasks to queue
[2025-04-01T07:07:23.009+0000] {logging_mixin.py:190} INFO - [2025-04-01T07:07:23.009+0000] {dagbag.py:588} INFO - Filling up the DagBag from /opt/airflow/dags/example_postgres.py
[2025-04-01T07:07:23.018+0000] {logging_mixin.py:190} INFO - [2025-04-01T07:07:23.016+0000] {dagbag.py:387} ERROR - Failed to import: /opt/airflow/dags/example_postgres.py
Traceback (most recent call last):
  File "/home/airflow/.local/lib/python3.12/site-packages/airflow/models/dagbag.py", line 383, in parse
    loader.exec_module(new_module)
  File "<frozen importlib._bootstrap_external>", line 999, in exec_module
  File "<frozen importlib._bootstrap>", line 488, in _call_with_frames_removed
  File "/opt/airflow/dags/example_postgres.py", line 4, in <module>
    from airflow.providers.postgres.operators.postgres import PostgresOperator
ModuleNotFoundError: No module named 'airflow.providers.postgres.operators'
[2025-04-01T07:07:23.020+0000] {processor.py:927} WARNING - No viable dags retrieved from /opt/airflow/dags/example_postgres.py
[2025-04-01T07:07:23.049+0000] {processor.py:208} INFO - Processing /opt/airflow/dags/example_postgres.py took 0.054 seconds
[2025-04-01T07:07:53.660+0000] {processor.py:186} INFO - Started process (PID=36562) to work on /opt/airflow/dags/example_postgres.py
[2025-04-01T07:07:53.661+0000] {processor.py:914} INFO - Processing file /opt/airflow/dags/example_postgres.py for tasks to queue
[2025-04-01T07:07:53.663+0000] {logging_mixin.py:190} INFO - [2025-04-01T07:07:53.663+0000] {dagbag.py:588} INFO - Filling up the DagBag from /opt/airflow/dags/example_postgres.py
[2025-04-01T07:07:53.674+0000] {logging_mixin.py:190} INFO - [2025-04-01T07:07:53.669+0000] {dagbag.py:387} ERROR - Failed to import: /opt/airflow/dags/example_postgres.py
Traceback (most recent call last):
  File "/home/airflow/.local/lib/python3.12/site-packages/airflow/models/dagbag.py", line 383, in parse
    loader.exec_module(new_module)
  File "<frozen importlib._bootstrap_external>", line 999, in exec_module
  File "<frozen importlib._bootstrap>", line 488, in _call_with_frames_removed
  File "/opt/airflow/dags/example_postgres.py", line 4, in <module>
    from airflow.providers.postgres.operators.postgres import PostgresOperator
ModuleNotFoundError: No module named 'airflow.providers.postgres.operators'
[2025-04-01T07:07:53.676+0000] {processor.py:927} WARNING - No viable dags retrieved from /opt/airflow/dags/example_postgres.py
[2025-04-01T07:07:53.704+0000] {processor.py:208} INFO - Processing /opt/airflow/dags/example_postgres.py took 0.055 seconds
[2025-04-01T07:08:24.407+0000] {processor.py:186} INFO - Started process (PID=36598) to work on /opt/airflow/dags/example_postgres.py
[2025-04-01T07:08:24.408+0000] {processor.py:914} INFO - Processing file /opt/airflow/dags/example_postgres.py for tasks to queue
[2025-04-01T07:08:24.410+0000] {logging_mixin.py:190} INFO - [2025-04-01T07:08:24.409+0000] {dagbag.py:588} INFO - Filling up the DagBag from /opt/airflow/dags/example_postgres.py
[2025-04-01T07:08:24.420+0000] {logging_mixin.py:190} INFO - [2025-04-01T07:08:24.418+0000] {dagbag.py:387} ERROR - Failed to import: /opt/airflow/dags/example_postgres.py
Traceback (most recent call last):
  File "/home/airflow/.local/lib/python3.12/site-packages/airflow/models/dagbag.py", line 383, in parse
    loader.exec_module(new_module)
  File "<frozen importlib._bootstrap_external>", line 999, in exec_module
  File "<frozen importlib._bootstrap>", line 488, in _call_with_frames_removed
  File "/opt/airflow/dags/example_postgres.py", line 4, in <module>
    from airflow.providers.postgres.operators.postgres import PostgresOperator
ModuleNotFoundError: No module named 'airflow.providers.postgres.operators'
[2025-04-01T07:08:24.422+0000] {processor.py:927} WARNING - No viable dags retrieved from /opt/airflow/dags/example_postgres.py
[2025-04-01T07:08:24.445+0000] {processor.py:208} INFO - Processing /opt/airflow/dags/example_postgres.py took 0.047 seconds
[2025-04-01T07:08:54.964+0000] {processor.py:186} INFO - Started process (PID=36634) to work on /opt/airflow/dags/example_postgres.py
[2025-04-01T07:08:54.965+0000] {processor.py:914} INFO - Processing file /opt/airflow/dags/example_postgres.py for tasks to queue
[2025-04-01T07:08:54.967+0000] {logging_mixin.py:190} INFO - [2025-04-01T07:08:54.966+0000] {dagbag.py:588} INFO - Filling up the DagBag from /opt/airflow/dags/example_postgres.py
[2025-04-01T07:08:54.976+0000] {logging_mixin.py:190} INFO - [2025-04-01T07:08:54.972+0000] {dagbag.py:387} ERROR - Failed to import: /opt/airflow/dags/example_postgres.py
Traceback (most recent call last):
  File "/home/airflow/.local/lib/python3.12/site-packages/airflow/models/dagbag.py", line 383, in parse
    loader.exec_module(new_module)
  File "<frozen importlib._bootstrap_external>", line 999, in exec_module
  File "<frozen importlib._bootstrap>", line 488, in _call_with_frames_removed
  File "/opt/airflow/dags/example_postgres.py", line 4, in <module>
    from airflow.providers.postgres.operators.postgres import PostgresOperator
ModuleNotFoundError: No module named 'airflow.providers.postgres.operators'
[2025-04-01T07:08:54.977+0000] {processor.py:927} WARNING - No viable dags retrieved from /opt/airflow/dags/example_postgres.py
[2025-04-01T07:08:54.998+0000] {processor.py:208} INFO - Processing /opt/airflow/dags/example_postgres.py took 0.043 seconds
