[2025-03-31T06:47:38.356+0000] {processor.py:186} INFO - Started process (PID=354) to work on /home/airflow/.local/lib/python3.12/site-packages/airflow/example_dags/example_complex.py
[2025-03-31T06:47:38.358+0000] {processor.py:914} INFO - Processing file /home/airflow/.local/lib/python3.12/site-packages/airflow/example_dags/example_complex.py for tasks to queue
[2025-03-31T06:47:38.361+0000] {logging_mixin.py:190} INFO - [2025-03-31T06:47:38.360+0000] {dagbag.py:588} INFO - Filling up the DagBag from /home/airflow/.local/lib/python3.12/site-packages/airflow/example_dags/example_complex.py
[2025-03-31T06:47:38.379+0000] {processor.py:925} INFO - DAG(s) 'example_complex' retrieved from /home/airflow/.local/lib/python3.12/site-packages/airflow/example_dags/example_complex.py
[2025-03-31T06:47:38.526+0000] {logging_mixin.py:190} INFO - [2025-03-31T06:47:38.526+0000] {override.py:1912} INFO - Created Permission View: can read on DAG:example_complex
[2025-03-31T06:47:38.538+0000] {logging_mixin.py:190} INFO - [2025-03-31T06:47:38.538+0000] {override.py:1912} INFO - Created Permission View: can delete on DAG:example_complex
[2025-03-31T06:47:38.544+0000] {logging_mixin.py:190} INFO - [2025-03-31T06:47:38.544+0000] {override.py:1912} INFO - Created Permission View: can edit on DAG:example_complex
[2025-03-31T06:47:38.553+0000] {logging_mixin.py:190} INFO - [2025-03-31T06:47:38.553+0000] {override.py:1912} INFO - Created Permission View: can read on DAG Run:example_complex
[2025-03-31T06:47:38.562+0000] {logging_mixin.py:190} INFO - [2025-03-31T06:47:38.562+0000] {override.py:1912} INFO - Created Permission View: can delete on DAG Run:example_complex
[2025-03-31T06:47:38.569+0000] {logging_mixin.py:190} INFO - [2025-03-31T06:47:38.569+0000] {override.py:1912} INFO - Created Permission View: menu access on DAG Run:example_complex
[2025-03-31T06:47:38.576+0000] {logging_mixin.py:190} INFO - [2025-03-31T06:47:38.576+0000] {override.py:1912} INFO - Created Permission View: can create on DAG Run:example_complex
[2025-03-31T06:47:38.577+0000] {logging_mixin.py:190} INFO - [2025-03-31T06:47:38.576+0000] {dag.py:3239} INFO - Sync 1 DAGs
[2025-03-31T06:47:38.591+0000] {logging_mixin.py:190} INFO - [2025-03-31T06:47:38.591+0000] {dag.py:3262} INFO - Creating ORM DAG for example_complex
[2025-03-31T06:47:38.592+0000] {logging_mixin.py:190} INFO - [2025-03-31T06:47:38.592+0000] {dag.py:4180} INFO - Setting next_dagrun for example_complex to None, run_after=None
[2025-03-31T06:47:38.610+0000] {processor.py:208} INFO - Processing /home/airflow/.local/lib/python3.12/site-packages/airflow/example_dags/example_complex.py took 0.261 seconds
[2025-03-31T06:48:09.266+0000] {processor.py:186} INFO - Started process (PID=640) to work on /home/airflow/.local/lib/python3.12/site-packages/airflow/example_dags/example_complex.py
[2025-03-31T06:48:09.267+0000] {processor.py:914} INFO - Processing file /home/airflow/.local/lib/python3.12/site-packages/airflow/example_dags/example_complex.py for tasks to queue
[2025-03-31T06:48:09.269+0000] {logging_mixin.py:190} INFO - [2025-03-31T06:48:09.269+0000] {dagbag.py:588} INFO - Filling up the DagBag from /home/airflow/.local/lib/python3.12/site-packages/airflow/example_dags/example_complex.py
[2025-03-31T06:48:09.284+0000] {processor.py:925} INFO - DAG(s) 'example_complex' retrieved from /home/airflow/.local/lib/python3.12/site-packages/airflow/example_dags/example_complex.py
[2025-03-31T06:48:09.320+0000] {logging_mixin.py:190} INFO - [2025-03-31T06:48:09.319+0000] {dag.py:3239} INFO - Sync 1 DAGs
[2025-03-31T06:48:09.335+0000] {logging_mixin.py:190} INFO - [2025-03-31T06:48:09.335+0000] {dag.py:4180} INFO - Setting next_dagrun for example_complex to None, run_after=None
[2025-03-31T06:48:09.355+0000] {processor.py:208} INFO - Processing /home/airflow/.local/lib/python3.12/site-packages/airflow/example_dags/example_complex.py took 0.096 seconds
[2025-03-31T06:48:40.047+0000] {processor.py:186} INFO - Started process (PID=931) to work on /home/airflow/.local/lib/python3.12/site-packages/airflow/example_dags/example_complex.py
[2025-03-31T06:48:40.048+0000] {processor.py:914} INFO - Processing file /home/airflow/.local/lib/python3.12/site-packages/airflow/example_dags/example_complex.py for tasks to queue
[2025-03-31T06:48:40.051+0000] {logging_mixin.py:190} INFO - [2025-03-31T06:48:40.050+0000] {dagbag.py:588} INFO - Filling up the DagBag from /home/airflow/.local/lib/python3.12/site-packages/airflow/example_dags/example_complex.py
[2025-03-31T06:48:40.062+0000] {processor.py:925} INFO - DAG(s) 'example_complex' retrieved from /home/airflow/.local/lib/python3.12/site-packages/airflow/example_dags/example_complex.py
[2025-03-31T06:48:40.094+0000] {logging_mixin.py:190} INFO - [2025-03-31T06:48:40.093+0000] {dag.py:3239} INFO - Sync 1 DAGs
[2025-03-31T06:48:40.109+0000] {logging_mixin.py:190} INFO - [2025-03-31T06:48:40.108+0000] {dag.py:4180} INFO - Setting next_dagrun for example_complex to None, run_after=None
[2025-03-31T06:48:40.127+0000] {processor.py:208} INFO - Processing /home/airflow/.local/lib/python3.12/site-packages/airflow/example_dags/example_complex.py took 0.086 seconds
[2025-03-31T06:49:41.999+0000] {processor.py:186} INFO - Started process (PID=355) to work on /home/airflow/.local/lib/python3.12/site-packages/airflow/example_dags/example_complex.py
[2025-03-31T06:49:42.000+0000] {processor.py:914} INFO - Processing file /home/airflow/.local/lib/python3.12/site-packages/airflow/example_dags/example_complex.py for tasks to queue
[2025-03-31T06:49:42.003+0000] {logging_mixin.py:190} INFO - [2025-03-31T06:49:42.002+0000] {dagbag.py:588} INFO - Filling up the DagBag from /home/airflow/.local/lib/python3.12/site-packages/airflow/example_dags/example_complex.py
[2025-03-31T06:49:42.017+0000] {processor.py:925} INFO - DAG(s) 'example_complex' retrieved from /home/airflow/.local/lib/python3.12/site-packages/airflow/example_dags/example_complex.py
[2025-03-31T06:49:42.054+0000] {logging_mixin.py:190} INFO - [2025-03-31T06:49:42.054+0000] {dag.py:3239} INFO - Sync 1 DAGs
[2025-03-31T06:49:42.072+0000] {logging_mixin.py:190} INFO - [2025-03-31T06:49:42.072+0000] {dag.py:4180} INFO - Setting next_dagrun for example_complex to None, run_after=None
[2025-03-31T06:49:42.093+0000] {processor.py:208} INFO - Processing /home/airflow/.local/lib/python3.12/site-packages/airflow/example_dags/example_complex.py took 0.101 seconds
[2025-03-31T06:50:12.914+0000] {processor.py:186} INFO - Started process (PID=646) to work on /home/airflow/.local/lib/python3.12/site-packages/airflow/example_dags/example_complex.py
[2025-03-31T06:50:12.915+0000] {processor.py:914} INFO - Processing file /home/airflow/.local/lib/python3.12/site-packages/airflow/example_dags/example_complex.py for tasks to queue
[2025-03-31T06:50:12.917+0000] {logging_mixin.py:190} INFO - [2025-03-31T06:50:12.917+0000] {dagbag.py:588} INFO - Filling up the DagBag from /home/airflow/.local/lib/python3.12/site-packages/airflow/example_dags/example_complex.py
[2025-03-31T06:50:12.929+0000] {processor.py:925} INFO - DAG(s) 'example_complex' retrieved from /home/airflow/.local/lib/python3.12/site-packages/airflow/example_dags/example_complex.py
[2025-03-31T06:50:12.959+0000] {logging_mixin.py:190} INFO - [2025-03-31T06:50:12.959+0000] {dag.py:3239} INFO - Sync 1 DAGs
[2025-03-31T06:50:12.973+0000] {logging_mixin.py:190} INFO - [2025-03-31T06:50:12.973+0000] {dag.py:4180} INFO - Setting next_dagrun for example_complex to None, run_after=None
[2025-03-31T06:50:12.990+0000] {processor.py:208} INFO - Processing /home/airflow/.local/lib/python3.12/site-packages/airflow/example_dags/example_complex.py took 0.082 seconds
[2025-03-31T06:50:43.849+0000] {processor.py:186} INFO - Started process (PID=932) to work on /home/airflow/.local/lib/python3.12/site-packages/airflow/example_dags/example_complex.py
[2025-03-31T06:50:43.851+0000] {processor.py:914} INFO - Processing file /home/airflow/.local/lib/python3.12/site-packages/airflow/example_dags/example_complex.py for tasks to queue
[2025-03-31T06:50:43.853+0000] {logging_mixin.py:190} INFO - [2025-03-31T06:50:43.853+0000] {dagbag.py:588} INFO - Filling up the DagBag from /home/airflow/.local/lib/python3.12/site-packages/airflow/example_dags/example_complex.py
[2025-03-31T06:50:43.868+0000] {processor.py:925} INFO - DAG(s) 'example_complex' retrieved from /home/airflow/.local/lib/python3.12/site-packages/airflow/example_dags/example_complex.py
[2025-03-31T06:50:43.902+0000] {logging_mixin.py:190} INFO - [2025-03-31T06:50:43.902+0000] {dag.py:3239} INFO - Sync 1 DAGs
[2025-03-31T06:50:43.919+0000] {logging_mixin.py:190} INFO - [2025-03-31T06:50:43.918+0000] {dag.py:4180} INFO - Setting next_dagrun for example_complex to None, run_after=None
[2025-03-31T06:50:43.938+0000] {processor.py:208} INFO - Processing /home/airflow/.local/lib/python3.12/site-packages/airflow/example_dags/example_complex.py took 0.095 seconds
[2025-03-31T06:51:15.484+0000] {processor.py:186} INFO - Started process (PID=1223) to work on /home/airflow/.local/lib/python3.12/site-packages/airflow/example_dags/example_complex.py
[2025-03-31T06:51:15.485+0000] {processor.py:914} INFO - Processing file /home/airflow/.local/lib/python3.12/site-packages/airflow/example_dags/example_complex.py for tasks to queue
[2025-03-31T06:51:15.489+0000] {logging_mixin.py:190} INFO - [2025-03-31T06:51:15.488+0000] {dagbag.py:588} INFO - Filling up the DagBag from /home/airflow/.local/lib/python3.12/site-packages/airflow/example_dags/example_complex.py
[2025-03-31T06:51:15.507+0000] {processor.py:925} INFO - DAG(s) 'example_complex' retrieved from /home/airflow/.local/lib/python3.12/site-packages/airflow/example_dags/example_complex.py
[2025-03-31T06:51:15.556+0000] {logging_mixin.py:190} INFO - [2025-03-31T06:51:15.556+0000] {dag.py:3239} INFO - Sync 1 DAGs
[2025-03-31T06:51:15.580+0000] {logging_mixin.py:190} INFO - [2025-03-31T06:51:15.580+0000] {dag.py:4180} INFO - Setting next_dagrun for example_complex to None, run_after=None
[2025-03-31T06:51:15.604+0000] {processor.py:208} INFO - Processing /home/airflow/.local/lib/python3.12/site-packages/airflow/example_dags/example_complex.py took 0.129 seconds
[2025-03-31T06:51:47.012+0000] {processor.py:186} INFO - Started process (PID=1519) to work on /home/airflow/.local/lib/python3.12/site-packages/airflow/example_dags/example_complex.py
[2025-03-31T06:51:47.013+0000] {processor.py:914} INFO - Processing file /home/airflow/.local/lib/python3.12/site-packages/airflow/example_dags/example_complex.py for tasks to queue
[2025-03-31T06:51:47.017+0000] {logging_mixin.py:190} INFO - [2025-03-31T06:51:47.016+0000] {dagbag.py:588} INFO - Filling up the DagBag from /home/airflow/.local/lib/python3.12/site-packages/airflow/example_dags/example_complex.py
[2025-03-31T06:51:47.031+0000] {processor.py:925} INFO - DAG(s) 'example_complex' retrieved from /home/airflow/.local/lib/python3.12/site-packages/airflow/example_dags/example_complex.py
[2025-03-31T06:51:47.063+0000] {logging_mixin.py:190} INFO - [2025-03-31T06:51:47.063+0000] {dag.py:3239} INFO - Sync 1 DAGs
[2025-03-31T06:51:47.079+0000] {logging_mixin.py:190} INFO - [2025-03-31T06:51:47.078+0000] {dag.py:4180} INFO - Setting next_dagrun for example_complex to None, run_after=None
[2025-03-31T06:51:47.097+0000] {processor.py:208} INFO - Processing /home/airflow/.local/lib/python3.12/site-packages/airflow/example_dags/example_complex.py took 0.093 seconds
[2025-03-31T06:52:17.719+0000] {processor.py:186} INFO - Started process (PID=1805) to work on /home/airflow/.local/lib/python3.12/site-packages/airflow/example_dags/example_complex.py
[2025-03-31T06:52:17.721+0000] {processor.py:914} INFO - Processing file /home/airflow/.local/lib/python3.12/site-packages/airflow/example_dags/example_complex.py for tasks to queue
[2025-03-31T06:52:17.724+0000] {logging_mixin.py:190} INFO - [2025-03-31T06:52:17.724+0000] {dagbag.py:588} INFO - Filling up the DagBag from /home/airflow/.local/lib/python3.12/site-packages/airflow/example_dags/example_complex.py
[2025-03-31T06:52:17.737+0000] {processor.py:925} INFO - DAG(s) 'example_complex' retrieved from /home/airflow/.local/lib/python3.12/site-packages/airflow/example_dags/example_complex.py
[2025-03-31T06:52:17.774+0000] {logging_mixin.py:190} INFO - [2025-03-31T06:52:17.774+0000] {dag.py:3239} INFO - Sync 1 DAGs
[2025-03-31T06:52:17.797+0000] {logging_mixin.py:190} INFO - [2025-03-31T06:52:17.797+0000] {dag.py:4180} INFO - Setting next_dagrun for example_complex to None, run_after=None
[2025-03-31T06:52:17.823+0000] {processor.py:208} INFO - Processing /home/airflow/.local/lib/python3.12/site-packages/airflow/example_dags/example_complex.py took 0.111 seconds
[2025-03-31T06:52:48.953+0000] {processor.py:186} INFO - Started process (PID=2096) to work on /home/airflow/.local/lib/python3.12/site-packages/airflow/example_dags/example_complex.py
[2025-03-31T06:52:48.954+0000] {processor.py:914} INFO - Processing file /home/airflow/.local/lib/python3.12/site-packages/airflow/example_dags/example_complex.py for tasks to queue
[2025-03-31T06:52:48.956+0000] {logging_mixin.py:190} INFO - [2025-03-31T06:52:48.956+0000] {dagbag.py:588} INFO - Filling up the DagBag from /home/airflow/.local/lib/python3.12/site-packages/airflow/example_dags/example_complex.py
[2025-03-31T06:52:48.968+0000] {processor.py:925} INFO - DAG(s) 'example_complex' retrieved from /home/airflow/.local/lib/python3.12/site-packages/airflow/example_dags/example_complex.py
[2025-03-31T06:52:48.997+0000] {logging_mixin.py:190} INFO - [2025-03-31T06:52:48.997+0000] {dag.py:3239} INFO - Sync 1 DAGs
[2025-03-31T06:52:49.011+0000] {logging_mixin.py:190} INFO - [2025-03-31T06:52:49.010+0000] {dag.py:4180} INFO - Setting next_dagrun for example_complex to None, run_after=None
[2025-03-31T06:52:49.027+0000] {processor.py:208} INFO - Processing /home/airflow/.local/lib/python3.12/site-packages/airflow/example_dags/example_complex.py took 0.079 seconds
[2025-03-31T06:53:20.625+0000] {processor.py:186} INFO - Started process (PID=2387) to work on /home/airflow/.local/lib/python3.12/site-packages/airflow/example_dags/example_complex.py
[2025-03-31T06:53:20.626+0000] {processor.py:914} INFO - Processing file /home/airflow/.local/lib/python3.12/site-packages/airflow/example_dags/example_complex.py for tasks to queue
[2025-03-31T06:53:20.628+0000] {logging_mixin.py:190} INFO - [2025-03-31T06:53:20.628+0000] {dagbag.py:588} INFO - Filling up the DagBag from /home/airflow/.local/lib/python3.12/site-packages/airflow/example_dags/example_complex.py
[2025-03-31T06:53:20.640+0000] {processor.py:925} INFO - DAG(s) 'example_complex' retrieved from /home/airflow/.local/lib/python3.12/site-packages/airflow/example_dags/example_complex.py
[2025-03-31T06:53:20.675+0000] {logging_mixin.py:190} INFO - [2025-03-31T06:53:20.675+0000] {dag.py:3239} INFO - Sync 1 DAGs
[2025-03-31T06:53:20.693+0000] {logging_mixin.py:190} INFO - [2025-03-31T06:53:20.693+0000] {dag.py:4180} INFO - Setting next_dagrun for example_complex to None, run_after=None
[2025-03-31T06:53:20.713+0000] {processor.py:208} INFO - Processing /home/airflow/.local/lib/python3.12/site-packages/airflow/example_dags/example_complex.py took 0.093 seconds
[2025-03-31T06:53:51.742+0000] {processor.py:186} INFO - Started process (PID=2678) to work on /home/airflow/.local/lib/python3.12/site-packages/airflow/example_dags/example_complex.py
[2025-03-31T06:53:51.743+0000] {processor.py:914} INFO - Processing file /home/airflow/.local/lib/python3.12/site-packages/airflow/example_dags/example_complex.py for tasks to queue
[2025-03-31T06:53:51.746+0000] {logging_mixin.py:190} INFO - [2025-03-31T06:53:51.745+0000] {dagbag.py:588} INFO - Filling up the DagBag from /home/airflow/.local/lib/python3.12/site-packages/airflow/example_dags/example_complex.py
[2025-03-31T06:53:51.757+0000] {processor.py:925} INFO - DAG(s) 'example_complex' retrieved from /home/airflow/.local/lib/python3.12/site-packages/airflow/example_dags/example_complex.py
[2025-03-31T06:53:51.805+0000] {logging_mixin.py:190} INFO - [2025-03-31T06:53:51.804+0000] {dag.py:3239} INFO - Sync 1 DAGs
[2025-03-31T06:53:51.819+0000] {logging_mixin.py:190} INFO - [2025-03-31T06:53:51.818+0000] {dag.py:4180} INFO - Setting next_dagrun for example_complex to None, run_after=None
[2025-03-31T06:53:51.838+0000] {processor.py:208} INFO - Processing /home/airflow/.local/lib/python3.12/site-packages/airflow/example_dags/example_complex.py took 0.101 seconds
[2025-03-31T06:54:23.357+0000] {processor.py:186} INFO - Started process (PID=2969) to work on /home/airflow/.local/lib/python3.12/site-packages/airflow/example_dags/example_complex.py
[2025-03-31T06:54:23.359+0000] {processor.py:914} INFO - Processing file /home/airflow/.local/lib/python3.12/site-packages/airflow/example_dags/example_complex.py for tasks to queue
[2025-03-31T06:54:23.361+0000] {logging_mixin.py:190} INFO - [2025-03-31T06:54:23.361+0000] {dagbag.py:588} INFO - Filling up the DagBag from /home/airflow/.local/lib/python3.12/site-packages/airflow/example_dags/example_complex.py
[2025-03-31T06:54:23.376+0000] {processor.py:925} INFO - DAG(s) 'example_complex' retrieved from /home/airflow/.local/lib/python3.12/site-packages/airflow/example_dags/example_complex.py
[2025-03-31T06:54:23.421+0000] {logging_mixin.py:190} INFO - [2025-03-31T06:54:23.421+0000] {dag.py:3239} INFO - Sync 1 DAGs
[2025-03-31T06:54:23.441+0000] {logging_mixin.py:190} INFO - [2025-03-31T06:54:23.440+0000] {dag.py:4180} INFO - Setting next_dagrun for example_complex to None, run_after=None
[2025-03-31T06:54:23.462+0000] {processor.py:208} INFO - Processing /home/airflow/.local/lib/python3.12/site-packages/airflow/example_dags/example_complex.py took 0.110 seconds
[2025-03-31T06:54:54.217+0000] {processor.py:186} INFO - Started process (PID=3260) to work on /home/airflow/.local/lib/python3.12/site-packages/airflow/example_dags/example_complex.py
[2025-03-31T06:54:54.219+0000] {processor.py:914} INFO - Processing file /home/airflow/.local/lib/python3.12/site-packages/airflow/example_dags/example_complex.py for tasks to queue
[2025-03-31T06:54:54.221+0000] {logging_mixin.py:190} INFO - [2025-03-31T06:54:54.221+0000] {dagbag.py:588} INFO - Filling up the DagBag from /home/airflow/.local/lib/python3.12/site-packages/airflow/example_dags/example_complex.py
[2025-03-31T06:54:54.233+0000] {processor.py:925} INFO - DAG(s) 'example_complex' retrieved from /home/airflow/.local/lib/python3.12/site-packages/airflow/example_dags/example_complex.py
[2025-03-31T06:54:54.263+0000] {logging_mixin.py:190} INFO - [2025-03-31T06:54:54.262+0000] {dag.py:3239} INFO - Sync 1 DAGs
[2025-03-31T06:54:54.277+0000] {logging_mixin.py:190} INFO - [2025-03-31T06:54:54.276+0000] {dag.py:4180} INFO - Setting next_dagrun for example_complex to None, run_after=None
[2025-03-31T06:54:54.294+0000] {processor.py:208} INFO - Processing /home/airflow/.local/lib/python3.12/site-packages/airflow/example_dags/example_complex.py took 0.082 seconds
[2025-03-31T06:55:25.545+0000] {processor.py:186} INFO - Started process (PID=3555) to work on /home/airflow/.local/lib/python3.12/site-packages/airflow/example_dags/example_complex.py
[2025-03-31T06:55:25.546+0000] {processor.py:914} INFO - Processing file /home/airflow/.local/lib/python3.12/site-packages/airflow/example_dags/example_complex.py for tasks to queue
[2025-03-31T06:55:25.548+0000] {logging_mixin.py:190} INFO - [2025-03-31T06:55:25.548+0000] {dagbag.py:588} INFO - Filling up the DagBag from /home/airflow/.local/lib/python3.12/site-packages/airflow/example_dags/example_complex.py
[2025-03-31T06:55:25.561+0000] {processor.py:925} INFO - DAG(s) 'example_complex' retrieved from /home/airflow/.local/lib/python3.12/site-packages/airflow/example_dags/example_complex.py
[2025-03-31T06:55:25.597+0000] {logging_mixin.py:190} INFO - [2025-03-31T06:55:25.597+0000] {dag.py:3239} INFO - Sync 1 DAGs
[2025-03-31T06:55:25.614+0000] {logging_mixin.py:190} INFO - [2025-03-31T06:55:25.614+0000] {dag.py:4180} INFO - Setting next_dagrun for example_complex to None, run_after=None
[2025-03-31T06:55:25.631+0000] {processor.py:208} INFO - Processing /home/airflow/.local/lib/python3.12/site-packages/airflow/example_dags/example_complex.py took 0.092 seconds
[2025-03-31T06:55:57.225+0000] {processor.py:186} INFO - Started process (PID=3850) to work on /home/airflow/.local/lib/python3.12/site-packages/airflow/example_dags/example_complex.py
[2025-03-31T06:55:57.226+0000] {processor.py:914} INFO - Processing file /home/airflow/.local/lib/python3.12/site-packages/airflow/example_dags/example_complex.py for tasks to queue
[2025-03-31T06:55:57.228+0000] {logging_mixin.py:190} INFO - [2025-03-31T06:55:57.228+0000] {dagbag.py:588} INFO - Filling up the DagBag from /home/airflow/.local/lib/python3.12/site-packages/airflow/example_dags/example_complex.py
[2025-03-31T06:55:57.240+0000] {processor.py:925} INFO - DAG(s) 'example_complex' retrieved from /home/airflow/.local/lib/python3.12/site-packages/airflow/example_dags/example_complex.py
[2025-03-31T06:55:57.268+0000] {logging_mixin.py:190} INFO - [2025-03-31T06:55:57.268+0000] {dag.py:3239} INFO - Sync 1 DAGs
[2025-03-31T06:55:57.283+0000] {logging_mixin.py:190} INFO - [2025-03-31T06:55:57.283+0000] {dag.py:4180} INFO - Setting next_dagrun for example_complex to None, run_after=None
[2025-03-31T06:55:57.301+0000] {processor.py:208} INFO - Processing /home/airflow/.local/lib/python3.12/site-packages/airflow/example_dags/example_complex.py took 0.081 seconds
[2025-03-31T06:56:29.061+0000] {processor.py:186} INFO - Started process (PID=4141) to work on /home/airflow/.local/lib/python3.12/site-packages/airflow/example_dags/example_complex.py
[2025-03-31T06:56:29.063+0000] {processor.py:914} INFO - Processing file /home/airflow/.local/lib/python3.12/site-packages/airflow/example_dags/example_complex.py for tasks to queue
[2025-03-31T06:56:29.070+0000] {logging_mixin.py:190} INFO - [2025-03-31T06:56:29.069+0000] {dagbag.py:588} INFO - Filling up the DagBag from /home/airflow/.local/lib/python3.12/site-packages/airflow/example_dags/example_complex.py
[2025-03-31T06:56:29.095+0000] {processor.py:925} INFO - DAG(s) 'example_complex' retrieved from /home/airflow/.local/lib/python3.12/site-packages/airflow/example_dags/example_complex.py
[2025-03-31T06:56:29.212+0000] {logging_mixin.py:190} INFO - [2025-03-31T06:56:29.211+0000] {dag.py:3239} INFO - Sync 1 DAGs
[2025-03-31T06:56:29.253+0000] {logging_mixin.py:190} INFO - [2025-03-31T06:56:29.253+0000] {dag.py:4180} INFO - Setting next_dagrun for example_complex to None, run_after=None
[2025-03-31T06:56:29.305+0000] {processor.py:208} INFO - Processing /home/airflow/.local/lib/python3.12/site-packages/airflow/example_dags/example_complex.py took 0.253 seconds
[2025-03-31T06:57:00.847+0000] {processor.py:186} INFO - Started process (PID=4432) to work on /home/airflow/.local/lib/python3.12/site-packages/airflow/example_dags/example_complex.py
[2025-03-31T06:57:00.849+0000] {processor.py:914} INFO - Processing file /home/airflow/.local/lib/python3.12/site-packages/airflow/example_dags/example_complex.py for tasks to queue
[2025-03-31T06:57:00.853+0000] {logging_mixin.py:190} INFO - [2025-03-31T06:57:00.852+0000] {dagbag.py:588} INFO - Filling up the DagBag from /home/airflow/.local/lib/python3.12/site-packages/airflow/example_dags/example_complex.py
[2025-03-31T06:57:00.874+0000] {processor.py:925} INFO - DAG(s) 'example_complex' retrieved from /home/airflow/.local/lib/python3.12/site-packages/airflow/example_dags/example_complex.py
[2025-03-31T06:57:00.921+0000] {logging_mixin.py:190} INFO - [2025-03-31T06:57:00.921+0000] {dag.py:3239} INFO - Sync 1 DAGs
[2025-03-31T06:57:00.943+0000] {logging_mixin.py:190} INFO - [2025-03-31T06:57:00.942+0000] {dag.py:4180} INFO - Setting next_dagrun for example_complex to None, run_after=None
[2025-03-31T06:57:00.972+0000] {processor.py:208} INFO - Processing /home/airflow/.local/lib/python3.12/site-packages/airflow/example_dags/example_complex.py took 0.134 seconds
[2025-03-31T06:57:31.972+0000] {processor.py:186} INFO - Started process (PID=4723) to work on /home/airflow/.local/lib/python3.12/site-packages/airflow/example_dags/example_complex.py
[2025-03-31T06:57:31.974+0000] {processor.py:914} INFO - Processing file /home/airflow/.local/lib/python3.12/site-packages/airflow/example_dags/example_complex.py for tasks to queue
[2025-03-31T06:57:31.977+0000] {logging_mixin.py:190} INFO - [2025-03-31T06:57:31.976+0000] {dagbag.py:588} INFO - Filling up the DagBag from /home/airflow/.local/lib/python3.12/site-packages/airflow/example_dags/example_complex.py
[2025-03-31T06:57:31.994+0000] {processor.py:925} INFO - DAG(s) 'example_complex' retrieved from /home/airflow/.local/lib/python3.12/site-packages/airflow/example_dags/example_complex.py
[2025-03-31T06:57:32.040+0000] {logging_mixin.py:190} INFO - [2025-03-31T06:57:32.039+0000] {dag.py:3239} INFO - Sync 1 DAGs
[2025-03-31T06:57:32.060+0000] {logging_mixin.py:190} INFO - [2025-03-31T06:57:32.060+0000] {dag.py:4180} INFO - Setting next_dagrun for example_complex to None, run_after=None
[2025-03-31T06:57:32.090+0000] {processor.py:208} INFO - Processing /home/airflow/.local/lib/python3.12/site-packages/airflow/example_dags/example_complex.py took 0.128 seconds
[2025-03-31T06:58:03.222+0000] {processor.py:186} INFO - Started process (PID=5014) to work on /home/airflow/.local/lib/python3.12/site-packages/airflow/example_dags/example_complex.py
[2025-03-31T06:58:03.223+0000] {processor.py:914} INFO - Processing file /home/airflow/.local/lib/python3.12/site-packages/airflow/example_dags/example_complex.py for tasks to queue
[2025-03-31T06:58:03.226+0000] {logging_mixin.py:190} INFO - [2025-03-31T06:58:03.226+0000] {dagbag.py:588} INFO - Filling up the DagBag from /home/airflow/.local/lib/python3.12/site-packages/airflow/example_dags/example_complex.py
[2025-03-31T06:58:03.243+0000] {processor.py:925} INFO - DAG(s) 'example_complex' retrieved from /home/airflow/.local/lib/python3.12/site-packages/airflow/example_dags/example_complex.py
[2025-03-31T06:58:03.281+0000] {logging_mixin.py:190} INFO - [2025-03-31T06:58:03.281+0000] {dag.py:3239} INFO - Sync 1 DAGs
[2025-03-31T06:58:03.306+0000] {logging_mixin.py:190} INFO - [2025-03-31T06:58:03.306+0000] {dag.py:4180} INFO - Setting next_dagrun for example_complex to None, run_after=None
[2025-03-31T06:58:03.330+0000] {processor.py:208} INFO - Processing /home/airflow/.local/lib/python3.12/site-packages/airflow/example_dags/example_complex.py took 0.117 seconds
[2025-03-31T06:58:34.814+0000] {processor.py:186} INFO - Started process (PID=5305) to work on /home/airflow/.local/lib/python3.12/site-packages/airflow/example_dags/example_complex.py
[2025-03-31T06:58:34.817+0000] {processor.py:914} INFO - Processing file /home/airflow/.local/lib/python3.12/site-packages/airflow/example_dags/example_complex.py for tasks to queue
[2025-03-31T06:58:34.819+0000] {logging_mixin.py:190} INFO - [2025-03-31T06:58:34.819+0000] {dagbag.py:588} INFO - Filling up the DagBag from /home/airflow/.local/lib/python3.12/site-packages/airflow/example_dags/example_complex.py
[2025-03-31T06:58:34.834+0000] {processor.py:925} INFO - DAG(s) 'example_complex' retrieved from /home/airflow/.local/lib/python3.12/site-packages/airflow/example_dags/example_complex.py
[2025-03-31T06:58:34.874+0000] {logging_mixin.py:190} INFO - [2025-03-31T06:58:34.873+0000] {dag.py:3239} INFO - Sync 1 DAGs
[2025-03-31T06:58:34.891+0000] {logging_mixin.py:190} INFO - [2025-03-31T06:58:34.891+0000] {dag.py:4180} INFO - Setting next_dagrun for example_complex to None, run_after=None
[2025-03-31T06:58:34.915+0000] {processor.py:208} INFO - Processing /home/airflow/.local/lib/python3.12/site-packages/airflow/example_dags/example_complex.py took 0.107 seconds
[2025-03-31T06:59:05.978+0000] {processor.py:186} INFO - Started process (PID=5596) to work on /home/airflow/.local/lib/python3.12/site-packages/airflow/example_dags/example_complex.py
[2025-03-31T06:59:05.979+0000] {processor.py:914} INFO - Processing file /home/airflow/.local/lib/python3.12/site-packages/airflow/example_dags/example_complex.py for tasks to queue
[2025-03-31T06:59:05.983+0000] {logging_mixin.py:190} INFO - [2025-03-31T06:59:05.982+0000] {dagbag.py:588} INFO - Filling up the DagBag from /home/airflow/.local/lib/python3.12/site-packages/airflow/example_dags/example_complex.py
[2025-03-31T06:59:05.996+0000] {processor.py:925} INFO - DAG(s) 'example_complex' retrieved from /home/airflow/.local/lib/python3.12/site-packages/airflow/example_dags/example_complex.py
[2025-03-31T06:59:06.033+0000] {logging_mixin.py:190} INFO - [2025-03-31T06:59:06.033+0000] {dag.py:3239} INFO - Sync 1 DAGs
[2025-03-31T06:59:06.049+0000] {logging_mixin.py:190} INFO - [2025-03-31T06:59:06.049+0000] {dag.py:4180} INFO - Setting next_dagrun for example_complex to None, run_after=None
[2025-03-31T06:59:06.069+0000] {processor.py:208} INFO - Processing /home/airflow/.local/lib/python3.12/site-packages/airflow/example_dags/example_complex.py took 0.098 seconds
[2025-03-31T06:59:37.244+0000] {processor.py:186} INFO - Started process (PID=5887) to work on /home/airflow/.local/lib/python3.12/site-packages/airflow/example_dags/example_complex.py
[2025-03-31T06:59:37.245+0000] {processor.py:914} INFO - Processing file /home/airflow/.local/lib/python3.12/site-packages/airflow/example_dags/example_complex.py for tasks to queue
[2025-03-31T06:59:37.248+0000] {logging_mixin.py:190} INFO - [2025-03-31T06:59:37.247+0000] {dagbag.py:588} INFO - Filling up the DagBag from /home/airflow/.local/lib/python3.12/site-packages/airflow/example_dags/example_complex.py
[2025-03-31T06:59:37.261+0000] {processor.py:925} INFO - DAG(s) 'example_complex' retrieved from /home/airflow/.local/lib/python3.12/site-packages/airflow/example_dags/example_complex.py
[2025-03-31T06:59:37.295+0000] {logging_mixin.py:190} INFO - [2025-03-31T06:59:37.295+0000] {dag.py:3239} INFO - Sync 1 DAGs
[2025-03-31T06:59:37.312+0000] {logging_mixin.py:190} INFO - [2025-03-31T06:59:37.312+0000] {dag.py:4180} INFO - Setting next_dagrun for example_complex to None, run_after=None
[2025-03-31T06:59:37.338+0000] {processor.py:208} INFO - Processing /home/airflow/.local/lib/python3.12/site-packages/airflow/example_dags/example_complex.py took 0.101 seconds
[2025-03-31T07:00:08.861+0000] {processor.py:186} INFO - Started process (PID=6178) to work on /home/airflow/.local/lib/python3.12/site-packages/airflow/example_dags/example_complex.py
[2025-03-31T07:00:08.863+0000] {processor.py:914} INFO - Processing file /home/airflow/.local/lib/python3.12/site-packages/airflow/example_dags/example_complex.py for tasks to queue
[2025-03-31T07:00:08.866+0000] {logging_mixin.py:190} INFO - [2025-03-31T07:00:08.865+0000] {dagbag.py:588} INFO - Filling up the DagBag from /home/airflow/.local/lib/python3.12/site-packages/airflow/example_dags/example_complex.py
[2025-03-31T07:00:08.879+0000] {processor.py:925} INFO - DAG(s) 'example_complex' retrieved from /home/airflow/.local/lib/python3.12/site-packages/airflow/example_dags/example_complex.py
[2025-03-31T07:00:08.915+0000] {logging_mixin.py:190} INFO - [2025-03-31T07:00:08.914+0000] {dag.py:3239} INFO - Sync 1 DAGs
[2025-03-31T07:00:08.934+0000] {logging_mixin.py:190} INFO - [2025-03-31T07:00:08.933+0000] {dag.py:4180} INFO - Setting next_dagrun for example_complex to None, run_after=None
[2025-03-31T07:00:08.958+0000] {processor.py:208} INFO - Processing /home/airflow/.local/lib/python3.12/site-packages/airflow/example_dags/example_complex.py took 0.103 seconds
[2025-03-31T07:00:40.433+0000] {processor.py:186} INFO - Started process (PID=6469) to work on /home/airflow/.local/lib/python3.12/site-packages/airflow/example_dags/example_complex.py
[2025-03-31T07:00:40.434+0000] {processor.py:914} INFO - Processing file /home/airflow/.local/lib/python3.12/site-packages/airflow/example_dags/example_complex.py for tasks to queue
[2025-03-31T07:00:40.437+0000] {logging_mixin.py:190} INFO - [2025-03-31T07:00:40.436+0000] {dagbag.py:588} INFO - Filling up the DagBag from /home/airflow/.local/lib/python3.12/site-packages/airflow/example_dags/example_complex.py
[2025-03-31T07:00:40.452+0000] {processor.py:925} INFO - DAG(s) 'example_complex' retrieved from /home/airflow/.local/lib/python3.12/site-packages/airflow/example_dags/example_complex.py
[2025-03-31T07:00:40.485+0000] {logging_mixin.py:190} INFO - [2025-03-31T07:00:40.485+0000] {dag.py:3239} INFO - Sync 1 DAGs
[2025-03-31T07:00:40.504+0000] {logging_mixin.py:190} INFO - [2025-03-31T07:00:40.504+0000] {dag.py:4180} INFO - Setting next_dagrun for example_complex to None, run_after=None
[2025-03-31T07:00:40.523+0000] {processor.py:208} INFO - Processing /home/airflow/.local/lib/python3.12/site-packages/airflow/example_dags/example_complex.py took 0.096 seconds
[2025-03-31T07:01:11.553+0000] {processor.py:186} INFO - Started process (PID=6766) to work on /home/airflow/.local/lib/python3.12/site-packages/airflow/example_dags/example_complex.py
[2025-03-31T07:01:11.554+0000] {processor.py:914} INFO - Processing file /home/airflow/.local/lib/python3.12/site-packages/airflow/example_dags/example_complex.py for tasks to queue
[2025-03-31T07:01:11.556+0000] {logging_mixin.py:190} INFO - [2025-03-31T07:01:11.556+0000] {dagbag.py:588} INFO - Filling up the DagBag from /home/airflow/.local/lib/python3.12/site-packages/airflow/example_dags/example_complex.py
[2025-03-31T07:01:11.570+0000] {processor.py:925} INFO - DAG(s) 'example_complex' retrieved from /home/airflow/.local/lib/python3.12/site-packages/airflow/example_dags/example_complex.py
[2025-03-31T07:01:11.602+0000] {logging_mixin.py:190} INFO - [2025-03-31T07:01:11.602+0000] {dag.py:3239} INFO - Sync 1 DAGs
[2025-03-31T07:01:11.617+0000] {logging_mixin.py:190} INFO - [2025-03-31T07:01:11.617+0000] {dag.py:4180} INFO - Setting next_dagrun for example_complex to None, run_after=None
[2025-03-31T07:01:11.635+0000] {processor.py:208} INFO - Processing /home/airflow/.local/lib/python3.12/site-packages/airflow/example_dags/example_complex.py took 0.089 seconds
[2025-03-31T07:01:42.376+0000] {processor.py:186} INFO - Started process (PID=7057) to work on /home/airflow/.local/lib/python3.12/site-packages/airflow/example_dags/example_complex.py
[2025-03-31T07:01:42.377+0000] {processor.py:914} INFO - Processing file /home/airflow/.local/lib/python3.12/site-packages/airflow/example_dags/example_complex.py for tasks to queue
[2025-03-31T07:01:42.380+0000] {logging_mixin.py:190} INFO - [2025-03-31T07:01:42.379+0000] {dagbag.py:588} INFO - Filling up the DagBag from /home/airflow/.local/lib/python3.12/site-packages/airflow/example_dags/example_complex.py
[2025-03-31T07:01:42.392+0000] {processor.py:925} INFO - DAG(s) 'example_complex' retrieved from /home/airflow/.local/lib/python3.12/site-packages/airflow/example_dags/example_complex.py
[2025-03-31T07:01:42.423+0000] {logging_mixin.py:190} INFO - [2025-03-31T07:01:42.423+0000] {dag.py:3239} INFO - Sync 1 DAGs
[2025-03-31T07:01:42.438+0000] {logging_mixin.py:190} INFO - [2025-03-31T07:01:42.438+0000] {dag.py:4180} INFO - Setting next_dagrun for example_complex to None, run_after=None
[2025-03-31T07:01:42.455+0000] {processor.py:208} INFO - Processing /home/airflow/.local/lib/python3.12/site-packages/airflow/example_dags/example_complex.py took 0.085 seconds
[2025-03-31T07:02:13.824+0000] {processor.py:186} INFO - Started process (PID=7348) to work on /home/airflow/.local/lib/python3.12/site-packages/airflow/example_dags/example_complex.py
[2025-03-31T07:02:13.825+0000] {processor.py:914} INFO - Processing file /home/airflow/.local/lib/python3.12/site-packages/airflow/example_dags/example_complex.py for tasks to queue
[2025-03-31T07:02:13.827+0000] {logging_mixin.py:190} INFO - [2025-03-31T07:02:13.827+0000] {dagbag.py:588} INFO - Filling up the DagBag from /home/airflow/.local/lib/python3.12/site-packages/airflow/example_dags/example_complex.py
[2025-03-31T07:02:13.840+0000] {processor.py:925} INFO - DAG(s) 'example_complex' retrieved from /home/airflow/.local/lib/python3.12/site-packages/airflow/example_dags/example_complex.py
[2025-03-31T07:02:13.871+0000] {logging_mixin.py:190} INFO - [2025-03-31T07:02:13.871+0000] {dag.py:3239} INFO - Sync 1 DAGs
[2025-03-31T07:02:13.886+0000] {logging_mixin.py:190} INFO - [2025-03-31T07:02:13.886+0000] {dag.py:4180} INFO - Setting next_dagrun for example_complex to None, run_after=None
[2025-03-31T07:02:13.904+0000] {processor.py:208} INFO - Processing /home/airflow/.local/lib/python3.12/site-packages/airflow/example_dags/example_complex.py took 0.086 seconds
[2025-03-31T07:02:44.705+0000] {processor.py:186} INFO - Started process (PID=7639) to work on /home/airflow/.local/lib/python3.12/site-packages/airflow/example_dags/example_complex.py
[2025-03-31T07:02:44.706+0000] {processor.py:914} INFO - Processing file /home/airflow/.local/lib/python3.12/site-packages/airflow/example_dags/example_complex.py for tasks to queue
[2025-03-31T07:02:44.709+0000] {logging_mixin.py:190} INFO - [2025-03-31T07:02:44.708+0000] {dagbag.py:588} INFO - Filling up the DagBag from /home/airflow/.local/lib/python3.12/site-packages/airflow/example_dags/example_complex.py
[2025-03-31T07:02:44.721+0000] {processor.py:925} INFO - DAG(s) 'example_complex' retrieved from /home/airflow/.local/lib/python3.12/site-packages/airflow/example_dags/example_complex.py
[2025-03-31T07:02:44.753+0000] {logging_mixin.py:190} INFO - [2025-03-31T07:02:44.753+0000] {dag.py:3239} INFO - Sync 1 DAGs
[2025-03-31T07:02:44.769+0000] {logging_mixin.py:190} INFO - [2025-03-31T07:02:44.768+0000] {dag.py:4180} INFO - Setting next_dagrun for example_complex to None, run_after=None
[2025-03-31T07:02:44.787+0000] {processor.py:208} INFO - Processing /home/airflow/.local/lib/python3.12/site-packages/airflow/example_dags/example_complex.py took 0.087 seconds
[2025-03-31T07:03:15.886+0000] {processor.py:186} INFO - Started process (PID=7930) to work on /home/airflow/.local/lib/python3.12/site-packages/airflow/example_dags/example_complex.py
[2025-03-31T07:03:15.887+0000] {processor.py:914} INFO - Processing file /home/airflow/.local/lib/python3.12/site-packages/airflow/example_dags/example_complex.py for tasks to queue
[2025-03-31T07:03:15.889+0000] {logging_mixin.py:190} INFO - [2025-03-31T07:03:15.889+0000] {dagbag.py:588} INFO - Filling up the DagBag from /home/airflow/.local/lib/python3.12/site-packages/airflow/example_dags/example_complex.py
[2025-03-31T07:03:15.903+0000] {processor.py:925} INFO - DAG(s) 'example_complex' retrieved from /home/airflow/.local/lib/python3.12/site-packages/airflow/example_dags/example_complex.py
[2025-03-31T07:03:15.936+0000] {logging_mixin.py:190} INFO - [2025-03-31T07:03:15.936+0000] {dag.py:3239} INFO - Sync 1 DAGs
[2025-03-31T07:03:15.953+0000] {logging_mixin.py:190} INFO - [2025-03-31T07:03:15.953+0000] {dag.py:4180} INFO - Setting next_dagrun for example_complex to None, run_after=None
[2025-03-31T07:03:15.974+0000] {processor.py:208} INFO - Processing /home/airflow/.local/lib/python3.12/site-packages/airflow/example_dags/example_complex.py took 0.094 seconds
[2025-03-31T07:03:47.524+0000] {processor.py:186} INFO - Started process (PID=8221) to work on /home/airflow/.local/lib/python3.12/site-packages/airflow/example_dags/example_complex.py
[2025-03-31T07:03:47.525+0000] {processor.py:914} INFO - Processing file /home/airflow/.local/lib/python3.12/site-packages/airflow/example_dags/example_complex.py for tasks to queue
[2025-03-31T07:03:47.527+0000] {logging_mixin.py:190} INFO - [2025-03-31T07:03:47.527+0000] {dagbag.py:588} INFO - Filling up the DagBag from /home/airflow/.local/lib/python3.12/site-packages/airflow/example_dags/example_complex.py
[2025-03-31T07:03:47.540+0000] {processor.py:925} INFO - DAG(s) 'example_complex' retrieved from /home/airflow/.local/lib/python3.12/site-packages/airflow/example_dags/example_complex.py
[2025-03-31T07:03:47.576+0000] {logging_mixin.py:190} INFO - [2025-03-31T07:03:47.576+0000] {dag.py:3239} INFO - Sync 1 DAGs
[2025-03-31T07:03:47.592+0000] {logging_mixin.py:190} INFO - [2025-03-31T07:03:47.592+0000] {dag.py:4180} INFO - Setting next_dagrun for example_complex to None, run_after=None
[2025-03-31T07:03:47.613+0000] {processor.py:208} INFO - Processing /home/airflow/.local/lib/python3.12/site-packages/airflow/example_dags/example_complex.py took 0.096 seconds
[2025-03-31T07:04:18.523+0000] {processor.py:186} INFO - Started process (PID=8512) to work on /home/airflow/.local/lib/python3.12/site-packages/airflow/example_dags/example_complex.py
[2025-03-31T07:04:18.524+0000] {processor.py:914} INFO - Processing file /home/airflow/.local/lib/python3.12/site-packages/airflow/example_dags/example_complex.py for tasks to queue
[2025-03-31T07:04:18.527+0000] {logging_mixin.py:190} INFO - [2025-03-31T07:04:18.527+0000] {dagbag.py:588} INFO - Filling up the DagBag from /home/airflow/.local/lib/python3.12/site-packages/airflow/example_dags/example_complex.py
[2025-03-31T07:04:18.544+0000] {processor.py:925} INFO - DAG(s) 'example_complex' retrieved from /home/airflow/.local/lib/python3.12/site-packages/airflow/example_dags/example_complex.py
[2025-03-31T07:04:18.585+0000] {logging_mixin.py:190} INFO - [2025-03-31T07:04:18.585+0000] {dag.py:3239} INFO - Sync 1 DAGs
[2025-03-31T07:04:18.607+0000] {logging_mixin.py:190} INFO - [2025-03-31T07:04:18.607+0000] {dag.py:4180} INFO - Setting next_dagrun for example_complex to None, run_after=None
[2025-03-31T07:04:18.635+0000] {processor.py:208} INFO - Processing /home/airflow/.local/lib/python3.12/site-packages/airflow/example_dags/example_complex.py took 0.118 seconds
[2025-03-31T07:04:50.027+0000] {processor.py:186} INFO - Started process (PID=8803) to work on /home/airflow/.local/lib/python3.12/site-packages/airflow/example_dags/example_complex.py
[2025-03-31T07:04:50.028+0000] {processor.py:914} INFO - Processing file /home/airflow/.local/lib/python3.12/site-packages/airflow/example_dags/example_complex.py for tasks to queue
[2025-03-31T07:04:50.030+0000] {logging_mixin.py:190} INFO - [2025-03-31T07:04:50.030+0000] {dagbag.py:588} INFO - Filling up the DagBag from /home/airflow/.local/lib/python3.12/site-packages/airflow/example_dags/example_complex.py
[2025-03-31T07:04:50.046+0000] {processor.py:925} INFO - DAG(s) 'example_complex' retrieved from /home/airflow/.local/lib/python3.12/site-packages/airflow/example_dags/example_complex.py
[2025-03-31T07:04:50.079+0000] {logging_mixin.py:190} INFO - [2025-03-31T07:04:50.079+0000] {dag.py:3239} INFO - Sync 1 DAGs
[2025-03-31T07:04:50.094+0000] {logging_mixin.py:190} INFO - [2025-03-31T07:04:50.094+0000] {dag.py:4180} INFO - Setting next_dagrun for example_complex to None, run_after=None
[2025-03-31T07:04:50.113+0000] {processor.py:208} INFO - Processing /home/airflow/.local/lib/python3.12/site-packages/airflow/example_dags/example_complex.py took 0.093 seconds
[2025-03-31T07:05:21.271+0000] {processor.py:186} INFO - Started process (PID=9094) to work on /home/airflow/.local/lib/python3.12/site-packages/airflow/example_dags/example_complex.py
[2025-03-31T07:05:21.272+0000] {processor.py:914} INFO - Processing file /home/airflow/.local/lib/python3.12/site-packages/airflow/example_dags/example_complex.py for tasks to queue
[2025-03-31T07:05:21.275+0000] {logging_mixin.py:190} INFO - [2025-03-31T07:05:21.274+0000] {dagbag.py:588} INFO - Filling up the DagBag from /home/airflow/.local/lib/python3.12/site-packages/airflow/example_dags/example_complex.py
[2025-03-31T07:05:21.289+0000] {processor.py:925} INFO - DAG(s) 'example_complex' retrieved from /home/airflow/.local/lib/python3.12/site-packages/airflow/example_dags/example_complex.py
[2025-03-31T07:05:21.320+0000] {logging_mixin.py:190} INFO - [2025-03-31T07:05:21.320+0000] {dag.py:3239} INFO - Sync 1 DAGs
[2025-03-31T07:05:21.336+0000] {logging_mixin.py:190} INFO - [2025-03-31T07:05:21.336+0000] {dag.py:4180} INFO - Setting next_dagrun for example_complex to None, run_after=None
[2025-03-31T07:05:21.392+0000] {processor.py:208} INFO - Processing /home/airflow/.local/lib/python3.12/site-packages/airflow/example_dags/example_complex.py took 0.127 seconds
[2025-03-31T07:05:52.555+0000] {processor.py:186} INFO - Started process (PID=9385) to work on /home/airflow/.local/lib/python3.12/site-packages/airflow/example_dags/example_complex.py
[2025-03-31T07:05:52.556+0000] {processor.py:914} INFO - Processing file /home/airflow/.local/lib/python3.12/site-packages/airflow/example_dags/example_complex.py for tasks to queue
[2025-03-31T07:05:52.559+0000] {logging_mixin.py:190} INFO - [2025-03-31T07:05:52.558+0000] {dagbag.py:588} INFO - Filling up the DagBag from /home/airflow/.local/lib/python3.12/site-packages/airflow/example_dags/example_complex.py
[2025-03-31T07:05:52.572+0000] {processor.py:925} INFO - DAG(s) 'example_complex' retrieved from /home/airflow/.local/lib/python3.12/site-packages/airflow/example_dags/example_complex.py
[2025-03-31T07:05:52.615+0000] {logging_mixin.py:190} INFO - [2025-03-31T07:05:52.614+0000] {dag.py:3239} INFO - Sync 1 DAGs
[2025-03-31T07:05:52.634+0000] {logging_mixin.py:190} INFO - [2025-03-31T07:05:52.634+0000] {dag.py:4180} INFO - Setting next_dagrun for example_complex to None, run_after=None
[2025-03-31T07:05:52.656+0000] {processor.py:208} INFO - Processing /home/airflow/.local/lib/python3.12/site-packages/airflow/example_dags/example_complex.py took 0.109 seconds
[2025-03-31T07:06:23.710+0000] {processor.py:186} INFO - Started process (PID=9676) to work on /home/airflow/.local/lib/python3.12/site-packages/airflow/example_dags/example_complex.py
[2025-03-31T07:06:23.711+0000] {processor.py:914} INFO - Processing file /home/airflow/.local/lib/python3.12/site-packages/airflow/example_dags/example_complex.py for tasks to queue
[2025-03-31T07:06:23.713+0000] {logging_mixin.py:190} INFO - [2025-03-31T07:06:23.713+0000] {dagbag.py:588} INFO - Filling up the DagBag from /home/airflow/.local/lib/python3.12/site-packages/airflow/example_dags/example_complex.py
[2025-03-31T07:06:23.725+0000] {processor.py:925} INFO - DAG(s) 'example_complex' retrieved from /home/airflow/.local/lib/python3.12/site-packages/airflow/example_dags/example_complex.py
[2025-03-31T07:06:23.757+0000] {logging_mixin.py:190} INFO - [2025-03-31T07:06:23.756+0000] {dag.py:3239} INFO - Sync 1 DAGs
[2025-03-31T07:06:23.773+0000] {logging_mixin.py:190} INFO - [2025-03-31T07:06:23.772+0000] {dag.py:4180} INFO - Setting next_dagrun for example_complex to None, run_after=None
[2025-03-31T07:06:23.791+0000] {processor.py:208} INFO - Processing /home/airflow/.local/lib/python3.12/site-packages/airflow/example_dags/example_complex.py took 0.087 seconds
[2025-03-31T07:06:54.758+0000] {processor.py:186} INFO - Started process (PID=9967) to work on /home/airflow/.local/lib/python3.12/site-packages/airflow/example_dags/example_complex.py
[2025-03-31T07:06:54.759+0000] {processor.py:914} INFO - Processing file /home/airflow/.local/lib/python3.12/site-packages/airflow/example_dags/example_complex.py for tasks to queue
[2025-03-31T07:06:54.762+0000] {logging_mixin.py:190} INFO - [2025-03-31T07:06:54.761+0000] {dagbag.py:588} INFO - Filling up the DagBag from /home/airflow/.local/lib/python3.12/site-packages/airflow/example_dags/example_complex.py
[2025-03-31T07:06:54.774+0000] {processor.py:925} INFO - DAG(s) 'example_complex' retrieved from /home/airflow/.local/lib/python3.12/site-packages/airflow/example_dags/example_complex.py
[2025-03-31T07:06:54.807+0000] {logging_mixin.py:190} INFO - [2025-03-31T07:06:54.807+0000] {dag.py:3239} INFO - Sync 1 DAGs
[2025-03-31T07:06:54.822+0000] {logging_mixin.py:190} INFO - [2025-03-31T07:06:54.822+0000] {dag.py:4180} INFO - Setting next_dagrun for example_complex to None, run_after=None
[2025-03-31T07:06:54.840+0000] {processor.py:208} INFO - Processing /home/airflow/.local/lib/python3.12/site-packages/airflow/example_dags/example_complex.py took 0.087 seconds
[2025-03-31T07:07:26.317+0000] {processor.py:186} INFO - Started process (PID=10258) to work on /home/airflow/.local/lib/python3.12/site-packages/airflow/example_dags/example_complex.py
[2025-03-31T07:07:26.318+0000] {processor.py:914} INFO - Processing file /home/airflow/.local/lib/python3.12/site-packages/airflow/example_dags/example_complex.py for tasks to queue
[2025-03-31T07:07:26.320+0000] {logging_mixin.py:190} INFO - [2025-03-31T07:07:26.320+0000] {dagbag.py:588} INFO - Filling up the DagBag from /home/airflow/.local/lib/python3.12/site-packages/airflow/example_dags/example_complex.py
[2025-03-31T07:07:26.334+0000] {processor.py:925} INFO - DAG(s) 'example_complex' retrieved from /home/airflow/.local/lib/python3.12/site-packages/airflow/example_dags/example_complex.py
[2025-03-31T07:07:26.367+0000] {logging_mixin.py:190} INFO - [2025-03-31T07:07:26.366+0000] {dag.py:3239} INFO - Sync 1 DAGs
[2025-03-31T07:07:26.382+0000] {logging_mixin.py:190} INFO - [2025-03-31T07:07:26.382+0000] {dag.py:4180} INFO - Setting next_dagrun for example_complex to None, run_after=None
[2025-03-31T07:07:26.401+0000] {processor.py:208} INFO - Processing /home/airflow/.local/lib/python3.12/site-packages/airflow/example_dags/example_complex.py took 0.090 seconds
[2025-03-31T07:07:57.245+0000] {processor.py:186} INFO - Started process (PID=10559) to work on /home/airflow/.local/lib/python3.12/site-packages/airflow/example_dags/example_complex.py
[2025-03-31T07:07:57.246+0000] {processor.py:914} INFO - Processing file /home/airflow/.local/lib/python3.12/site-packages/airflow/example_dags/example_complex.py for tasks to queue
[2025-03-31T07:07:57.248+0000] {logging_mixin.py:190} INFO - [2025-03-31T07:07:57.248+0000] {dagbag.py:588} INFO - Filling up the DagBag from /home/airflow/.local/lib/python3.12/site-packages/airflow/example_dags/example_complex.py
[2025-03-31T07:07:57.261+0000] {processor.py:925} INFO - DAG(s) 'example_complex' retrieved from /home/airflow/.local/lib/python3.12/site-packages/airflow/example_dags/example_complex.py
[2025-03-31T07:07:57.297+0000] {logging_mixin.py:190} INFO - [2025-03-31T07:07:57.297+0000] {dag.py:3239} INFO - Sync 1 DAGs
[2025-03-31T07:07:57.313+0000] {logging_mixin.py:190} INFO - [2025-03-31T07:07:57.313+0000] {dag.py:4180} INFO - Setting next_dagrun for example_complex to None, run_after=None
[2025-03-31T07:07:57.331+0000] {processor.py:208} INFO - Processing /home/airflow/.local/lib/python3.12/site-packages/airflow/example_dags/example_complex.py took 0.091 seconds
[2025-03-31T07:08:28.906+0000] {processor.py:186} INFO - Started process (PID=10850) to work on /home/airflow/.local/lib/python3.12/site-packages/airflow/example_dags/example_complex.py
[2025-03-31T07:08:28.908+0000] {processor.py:914} INFO - Processing file /home/airflow/.local/lib/python3.12/site-packages/airflow/example_dags/example_complex.py for tasks to queue
[2025-03-31T07:08:28.911+0000] {logging_mixin.py:190} INFO - [2025-03-31T07:08:28.911+0000] {dagbag.py:588} INFO - Filling up the DagBag from /home/airflow/.local/lib/python3.12/site-packages/airflow/example_dags/example_complex.py
[2025-03-31T07:08:28.927+0000] {processor.py:925} INFO - DAG(s) 'example_complex' retrieved from /home/airflow/.local/lib/python3.12/site-packages/airflow/example_dags/example_complex.py
[2025-03-31T07:08:28.966+0000] {logging_mixin.py:190} INFO - [2025-03-31T07:08:28.966+0000] {dag.py:3239} INFO - Sync 1 DAGs
[2025-03-31T07:08:28.985+0000] {logging_mixin.py:190} INFO - [2025-03-31T07:08:28.984+0000] {dag.py:4180} INFO - Setting next_dagrun for example_complex to None, run_after=None
[2025-03-31T07:08:29.002+0000] {processor.py:208} INFO - Processing /home/airflow/.local/lib/python3.12/site-packages/airflow/example_dags/example_complex.py took 0.103 seconds
[2025-03-31T07:09:00.324+0000] {processor.py:186} INFO - Started process (PID=11141) to work on /home/airflow/.local/lib/python3.12/site-packages/airflow/example_dags/example_complex.py
[2025-03-31T07:09:00.325+0000] {processor.py:914} INFO - Processing file /home/airflow/.local/lib/python3.12/site-packages/airflow/example_dags/example_complex.py for tasks to queue
[2025-03-31T07:09:00.327+0000] {logging_mixin.py:190} INFO - [2025-03-31T07:09:00.327+0000] {dagbag.py:588} INFO - Filling up the DagBag from /home/airflow/.local/lib/python3.12/site-packages/airflow/example_dags/example_complex.py
[2025-03-31T07:09:00.340+0000] {processor.py:925} INFO - DAG(s) 'example_complex' retrieved from /home/airflow/.local/lib/python3.12/site-packages/airflow/example_dags/example_complex.py
[2025-03-31T07:09:00.374+0000] {logging_mixin.py:190} INFO - [2025-03-31T07:09:00.374+0000] {dag.py:3239} INFO - Sync 1 DAGs
[2025-03-31T07:09:00.388+0000] {logging_mixin.py:190} INFO - [2025-03-31T07:09:00.388+0000] {dag.py:4180} INFO - Setting next_dagrun for example_complex to None, run_after=None
[2025-03-31T07:09:00.407+0000] {processor.py:208} INFO - Processing /home/airflow/.local/lib/python3.12/site-packages/airflow/example_dags/example_complex.py took 0.089 seconds
[2025-03-31T07:09:30.885+0000] {processor.py:186} INFO - Started process (PID=11432) to work on /home/airflow/.local/lib/python3.12/site-packages/airflow/example_dags/example_complex.py
[2025-03-31T07:09:30.886+0000] {processor.py:914} INFO - Processing file /home/airflow/.local/lib/python3.12/site-packages/airflow/example_dags/example_complex.py for tasks to queue
[2025-03-31T07:09:30.890+0000] {logging_mixin.py:190} INFO - [2025-03-31T07:09:30.889+0000] {dagbag.py:588} INFO - Filling up the DagBag from /home/airflow/.local/lib/python3.12/site-packages/airflow/example_dags/example_complex.py
[2025-03-31T07:09:30.909+0000] {processor.py:925} INFO - DAG(s) 'example_complex' retrieved from /home/airflow/.local/lib/python3.12/site-packages/airflow/example_dags/example_complex.py
[2025-03-31T07:09:30.946+0000] {logging_mixin.py:190} INFO - [2025-03-31T07:09:30.945+0000] {dag.py:3239} INFO - Sync 1 DAGs
[2025-03-31T07:09:30.966+0000] {logging_mixin.py:190} INFO - [2025-03-31T07:09:30.966+0000] {dag.py:4180} INFO - Setting next_dagrun for example_complex to None, run_after=None
[2025-03-31T07:09:30.989+0000] {processor.py:208} INFO - Processing /home/airflow/.local/lib/python3.12/site-packages/airflow/example_dags/example_complex.py took 0.113 seconds
[2025-03-31T07:10:01.465+0000] {processor.py:186} INFO - Started process (PID=11718) to work on /home/airflow/.local/lib/python3.12/site-packages/airflow/example_dags/example_complex.py
[2025-03-31T07:10:01.466+0000] {processor.py:914} INFO - Processing file /home/airflow/.local/lib/python3.12/site-packages/airflow/example_dags/example_complex.py for tasks to queue
[2025-03-31T07:10:01.468+0000] {logging_mixin.py:190} INFO - [2025-03-31T07:10:01.468+0000] {dagbag.py:588} INFO - Filling up the DagBag from /home/airflow/.local/lib/python3.12/site-packages/airflow/example_dags/example_complex.py
[2025-03-31T07:10:01.481+0000] {processor.py:925} INFO - DAG(s) 'example_complex' retrieved from /home/airflow/.local/lib/python3.12/site-packages/airflow/example_dags/example_complex.py
[2025-03-31T07:10:01.514+0000] {logging_mixin.py:190} INFO - [2025-03-31T07:10:01.513+0000] {dag.py:3239} INFO - Sync 1 DAGs
[2025-03-31T07:10:01.530+0000] {logging_mixin.py:190} INFO - [2025-03-31T07:10:01.530+0000] {dag.py:4180} INFO - Setting next_dagrun for example_complex to None, run_after=None
[2025-03-31T07:10:01.548+0000] {processor.py:208} INFO - Processing /home/airflow/.local/lib/python3.12/site-packages/airflow/example_dags/example_complex.py took 0.089 seconds
[2025-03-31T07:10:31.780+0000] {processor.py:186} INFO - Started process (PID=12004) to work on /home/airflow/.local/lib/python3.12/site-packages/airflow/example_dags/example_complex.py
[2025-03-31T07:10:31.782+0000] {processor.py:914} INFO - Processing file /home/airflow/.local/lib/python3.12/site-packages/airflow/example_dags/example_complex.py for tasks to queue
[2025-03-31T07:10:31.784+0000] {logging_mixin.py:190} INFO - [2025-03-31T07:10:31.784+0000] {dagbag.py:588} INFO - Filling up the DagBag from /home/airflow/.local/lib/python3.12/site-packages/airflow/example_dags/example_complex.py
[2025-03-31T07:10:31.798+0000] {processor.py:925} INFO - DAG(s) 'example_complex' retrieved from /home/airflow/.local/lib/python3.12/site-packages/airflow/example_dags/example_complex.py
[2025-03-31T07:10:31.830+0000] {logging_mixin.py:190} INFO - [2025-03-31T07:10:31.830+0000] {dag.py:3239} INFO - Sync 1 DAGs
[2025-03-31T07:10:31.845+0000] {logging_mixin.py:190} INFO - [2025-03-31T07:10:31.845+0000] {dag.py:4180} INFO - Setting next_dagrun for example_complex to None, run_after=None
[2025-03-31T07:10:31.863+0000] {processor.py:208} INFO - Processing /home/airflow/.local/lib/python3.12/site-packages/airflow/example_dags/example_complex.py took 0.089 seconds
[2025-03-31T07:11:02.899+0000] {processor.py:186} INFO - Started process (PID=12320) to work on /home/airflow/.local/lib/python3.12/site-packages/airflow/example_dags/example_complex.py
[2025-03-31T07:11:02.900+0000] {processor.py:914} INFO - Processing file /home/airflow/.local/lib/python3.12/site-packages/airflow/example_dags/example_complex.py for tasks to queue
[2025-03-31T07:11:02.902+0000] {logging_mixin.py:190} INFO - [2025-03-31T07:11:02.902+0000] {dagbag.py:588} INFO - Filling up the DagBag from /home/airflow/.local/lib/python3.12/site-packages/airflow/example_dags/example_complex.py
[2025-03-31T07:11:02.914+0000] {processor.py:925} INFO - DAG(s) 'example_complex' retrieved from /home/airflow/.local/lib/python3.12/site-packages/airflow/example_dags/example_complex.py
[2025-03-31T07:11:02.947+0000] {logging_mixin.py:190} INFO - [2025-03-31T07:11:02.946+0000] {dag.py:3239} INFO - Sync 1 DAGs
[2025-03-31T07:11:02.962+0000] {logging_mixin.py:190} INFO - [2025-03-31T07:11:02.962+0000] {dag.py:4180} INFO - Setting next_dagrun for example_complex to None, run_after=None
[2025-03-31T07:11:02.979+0000] {processor.py:208} INFO - Processing /home/airflow/.local/lib/python3.12/site-packages/airflow/example_dags/example_complex.py took 0.086 seconds
[2025-03-31T07:11:33.383+0000] {processor.py:186} INFO - Started process (PID=12611) to work on /home/airflow/.local/lib/python3.12/site-packages/airflow/example_dags/example_complex.py
[2025-03-31T07:11:33.384+0000] {processor.py:914} INFO - Processing file /home/airflow/.local/lib/python3.12/site-packages/airflow/example_dags/example_complex.py for tasks to queue
[2025-03-31T07:11:33.387+0000] {logging_mixin.py:190} INFO - [2025-03-31T07:11:33.387+0000] {dagbag.py:588} INFO - Filling up the DagBag from /home/airflow/.local/lib/python3.12/site-packages/airflow/example_dags/example_complex.py
[2025-03-31T07:11:33.402+0000] {processor.py:925} INFO - DAG(s) 'example_complex' retrieved from /home/airflow/.local/lib/python3.12/site-packages/airflow/example_dags/example_complex.py
[2025-03-31T07:11:33.439+0000] {logging_mixin.py:190} INFO - [2025-03-31T07:11:33.439+0000] {dag.py:3239} INFO - Sync 1 DAGs
[2025-03-31T07:11:33.456+0000] {logging_mixin.py:190} INFO - [2025-03-31T07:11:33.456+0000] {dag.py:4180} INFO - Setting next_dagrun for example_complex to None, run_after=None
[2025-03-31T07:11:33.477+0000] {processor.py:208} INFO - Processing /home/airflow/.local/lib/python3.12/site-packages/airflow/example_dags/example_complex.py took 0.100 seconds
[2025-03-31T07:12:04.054+0000] {processor.py:186} INFO - Started process (PID=12912) to work on /home/airflow/.local/lib/python3.12/site-packages/airflow/example_dags/example_complex.py
[2025-03-31T07:12:04.055+0000] {processor.py:914} INFO - Processing file /home/airflow/.local/lib/python3.12/site-packages/airflow/example_dags/example_complex.py for tasks to queue
[2025-03-31T07:12:04.058+0000] {logging_mixin.py:190} INFO - [2025-03-31T07:12:04.057+0000] {dagbag.py:588} INFO - Filling up the DagBag from /home/airflow/.local/lib/python3.12/site-packages/airflow/example_dags/example_complex.py
[2025-03-31T07:12:04.071+0000] {processor.py:925} INFO - DAG(s) 'example_complex' retrieved from /home/airflow/.local/lib/python3.12/site-packages/airflow/example_dags/example_complex.py
[2025-03-31T07:12:04.108+0000] {logging_mixin.py:190} INFO - [2025-03-31T07:12:04.108+0000] {dag.py:3239} INFO - Sync 1 DAGs
[2025-03-31T07:12:04.124+0000] {logging_mixin.py:190} INFO - [2025-03-31T07:12:04.124+0000] {dag.py:4180} INFO - Setting next_dagrun for example_complex to None, run_after=None
[2025-03-31T07:12:04.142+0000] {processor.py:208} INFO - Processing /home/airflow/.local/lib/python3.12/site-packages/airflow/example_dags/example_complex.py took 0.095 seconds
[2025-03-31T07:12:34.511+0000] {processor.py:186} INFO - Started process (PID=13213) to work on /home/airflow/.local/lib/python3.12/site-packages/airflow/example_dags/example_complex.py
[2025-03-31T07:12:34.512+0000] {processor.py:914} INFO - Processing file /home/airflow/.local/lib/python3.12/site-packages/airflow/example_dags/example_complex.py for tasks to queue
[2025-03-31T07:12:34.515+0000] {logging_mixin.py:190} INFO - [2025-03-31T07:12:34.514+0000] {dagbag.py:588} INFO - Filling up the DagBag from /home/airflow/.local/lib/python3.12/site-packages/airflow/example_dags/example_complex.py
[2025-03-31T07:12:34.529+0000] {processor.py:925} INFO - DAG(s) 'example_complex' retrieved from /home/airflow/.local/lib/python3.12/site-packages/airflow/example_dags/example_complex.py
[2025-03-31T07:12:34.565+0000] {logging_mixin.py:190} INFO - [2025-03-31T07:12:34.565+0000] {dag.py:3239} INFO - Sync 1 DAGs
[2025-03-31T07:12:34.581+0000] {logging_mixin.py:190} INFO - [2025-03-31T07:12:34.580+0000] {dag.py:4180} INFO - Setting next_dagrun for example_complex to None, run_after=None
[2025-03-31T07:12:34.603+0000] {processor.py:208} INFO - Processing /home/airflow/.local/lib/python3.12/site-packages/airflow/example_dags/example_complex.py took 0.098 seconds
[2025-03-31T07:13:04.815+0000] {processor.py:186} INFO - Started process (PID=13504) to work on /home/airflow/.local/lib/python3.12/site-packages/airflow/example_dags/example_complex.py
[2025-03-31T07:13:04.816+0000] {processor.py:914} INFO - Processing file /home/airflow/.local/lib/python3.12/site-packages/airflow/example_dags/example_complex.py for tasks to queue
[2025-03-31T07:13:04.818+0000] {logging_mixin.py:190} INFO - [2025-03-31T07:13:04.817+0000] {dagbag.py:588} INFO - Filling up the DagBag from /home/airflow/.local/lib/python3.12/site-packages/airflow/example_dags/example_complex.py
[2025-03-31T07:13:04.830+0000] {processor.py:925} INFO - DAG(s) 'example_complex' retrieved from /home/airflow/.local/lib/python3.12/site-packages/airflow/example_dags/example_complex.py
[2025-03-31T07:13:04.863+0000] {logging_mixin.py:190} INFO - [2025-03-31T07:13:04.862+0000] {dag.py:3239} INFO - Sync 1 DAGs
[2025-03-31T07:13:04.878+0000] {logging_mixin.py:190} INFO - [2025-03-31T07:13:04.878+0000] {dag.py:4180} INFO - Setting next_dagrun for example_complex to None, run_after=None
[2025-03-31T07:13:04.896+0000] {processor.py:208} INFO - Processing /home/airflow/.local/lib/python3.12/site-packages/airflow/example_dags/example_complex.py took 0.087 seconds
[2025-03-31T07:13:35.623+0000] {processor.py:186} INFO - Started process (PID=13795) to work on /home/airflow/.local/lib/python3.12/site-packages/airflow/example_dags/example_complex.py
[2025-03-31T07:13:35.624+0000] {processor.py:914} INFO - Processing file /home/airflow/.local/lib/python3.12/site-packages/airflow/example_dags/example_complex.py for tasks to queue
[2025-03-31T07:13:35.627+0000] {logging_mixin.py:190} INFO - [2025-03-31T07:13:35.626+0000] {dagbag.py:588} INFO - Filling up the DagBag from /home/airflow/.local/lib/python3.12/site-packages/airflow/example_dags/example_complex.py
[2025-03-31T07:13:35.639+0000] {processor.py:925} INFO - DAG(s) 'example_complex' retrieved from /home/airflow/.local/lib/python3.12/site-packages/airflow/example_dags/example_complex.py
[2025-03-31T07:13:35.672+0000] {logging_mixin.py:190} INFO - [2025-03-31T07:13:35.672+0000] {dag.py:3239} INFO - Sync 1 DAGs
[2025-03-31T07:13:35.689+0000] {logging_mixin.py:190} INFO - [2025-03-31T07:13:35.689+0000] {dag.py:4180} INFO - Setting next_dagrun for example_complex to None, run_after=None
[2025-03-31T07:13:35.707+0000] {processor.py:208} INFO - Processing /home/airflow/.local/lib/python3.12/site-packages/airflow/example_dags/example_complex.py took 0.091 seconds
[2025-03-31T07:14:06.116+0000] {processor.py:186} INFO - Started process (PID=14086) to work on /home/airflow/.local/lib/python3.12/site-packages/airflow/example_dags/example_complex.py
[2025-03-31T07:14:06.117+0000] {processor.py:914} INFO - Processing file /home/airflow/.local/lib/python3.12/site-packages/airflow/example_dags/example_complex.py for tasks to queue
[2025-03-31T07:14:06.121+0000] {logging_mixin.py:190} INFO - [2025-03-31T07:14:06.121+0000] {dagbag.py:588} INFO - Filling up the DagBag from /home/airflow/.local/lib/python3.12/site-packages/airflow/example_dags/example_complex.py
[2025-03-31T07:14:06.138+0000] {processor.py:925} INFO - DAG(s) 'example_complex' retrieved from /home/airflow/.local/lib/python3.12/site-packages/airflow/example_dags/example_complex.py
[2025-03-31T07:14:06.177+0000] {logging_mixin.py:190} INFO - [2025-03-31T07:14:06.177+0000] {dag.py:3239} INFO - Sync 1 DAGs
[2025-03-31T07:14:06.197+0000] {logging_mixin.py:190} INFO - [2025-03-31T07:14:06.197+0000] {dag.py:4180} INFO - Setting next_dagrun for example_complex to None, run_after=None
[2025-03-31T07:14:06.218+0000] {processor.py:208} INFO - Processing /home/airflow/.local/lib/python3.12/site-packages/airflow/example_dags/example_complex.py took 0.108 seconds
[2025-03-31T07:14:36.402+0000] {processor.py:186} INFO - Started process (PID=14382) to work on /home/airflow/.local/lib/python3.12/site-packages/airflow/example_dags/example_complex.py
[2025-03-31T07:14:36.403+0000] {processor.py:914} INFO - Processing file /home/airflow/.local/lib/python3.12/site-packages/airflow/example_dags/example_complex.py for tasks to queue
[2025-03-31T07:14:36.405+0000] {logging_mixin.py:190} INFO - [2025-03-31T07:14:36.405+0000] {dagbag.py:588} INFO - Filling up the DagBag from /home/airflow/.local/lib/python3.12/site-packages/airflow/example_dags/example_complex.py
[2025-03-31T07:14:36.419+0000] {processor.py:925} INFO - DAG(s) 'example_complex' retrieved from /home/airflow/.local/lib/python3.12/site-packages/airflow/example_dags/example_complex.py
[2025-03-31T07:14:36.453+0000] {logging_mixin.py:190} INFO - [2025-03-31T07:14:36.453+0000] {dag.py:3239} INFO - Sync 1 DAGs
[2025-03-31T07:14:36.470+0000] {logging_mixin.py:190} INFO - [2025-03-31T07:14:36.470+0000] {dag.py:4180} INFO - Setting next_dagrun for example_complex to None, run_after=None
[2025-03-31T07:14:36.490+0000] {processor.py:208} INFO - Processing /home/airflow/.local/lib/python3.12/site-packages/airflow/example_dags/example_complex.py took 0.095 seconds
[2025-03-31T07:15:07.751+0000] {processor.py:186} INFO - Started process (PID=14690) to work on /home/airflow/.local/lib/python3.12/site-packages/airflow/example_dags/example_complex.py
[2025-03-31T07:15:07.752+0000] {processor.py:914} INFO - Processing file /home/airflow/.local/lib/python3.12/site-packages/airflow/example_dags/example_complex.py for tasks to queue
[2025-03-31T07:15:07.755+0000] {logging_mixin.py:190} INFO - [2025-03-31T07:15:07.755+0000] {dagbag.py:588} INFO - Filling up the DagBag from /home/airflow/.local/lib/python3.12/site-packages/airflow/example_dags/example_complex.py
[2025-03-31T07:15:07.770+0000] {processor.py:925} INFO - DAG(s) 'example_complex' retrieved from /home/airflow/.local/lib/python3.12/site-packages/airflow/example_dags/example_complex.py
[2025-03-31T07:15:07.807+0000] {logging_mixin.py:190} INFO - [2025-03-31T07:15:07.807+0000] {dag.py:3239} INFO - Sync 1 DAGs
[2025-03-31T07:15:07.823+0000] {logging_mixin.py:190} INFO - [2025-03-31T07:15:07.823+0000] {dag.py:4180} INFO - Setting next_dagrun for example_complex to None, run_after=None
[2025-03-31T07:15:07.845+0000] {processor.py:208} INFO - Processing /home/airflow/.local/lib/python3.12/site-packages/airflow/example_dags/example_complex.py took 0.101 seconds
[2025-03-31T07:15:37.906+0000] {processor.py:186} INFO - Started process (PID=14981) to work on /home/airflow/.local/lib/python3.12/site-packages/airflow/example_dags/example_complex.py
[2025-03-31T07:15:37.907+0000] {processor.py:914} INFO - Processing file /home/airflow/.local/lib/python3.12/site-packages/airflow/example_dags/example_complex.py for tasks to queue
[2025-03-31T07:15:37.909+0000] {logging_mixin.py:190} INFO - [2025-03-31T07:15:37.909+0000] {dagbag.py:588} INFO - Filling up the DagBag from /home/airflow/.local/lib/python3.12/site-packages/airflow/example_dags/example_complex.py
[2025-03-31T07:15:37.923+0000] {processor.py:925} INFO - DAG(s) 'example_complex' retrieved from /home/airflow/.local/lib/python3.12/site-packages/airflow/example_dags/example_complex.py
[2025-03-31T07:15:37.958+0000] {logging_mixin.py:190} INFO - [2025-03-31T07:15:37.958+0000] {dag.py:3239} INFO - Sync 1 DAGs
[2025-03-31T07:15:37.975+0000] {logging_mixin.py:190} INFO - [2025-03-31T07:15:37.975+0000] {dag.py:4180} INFO - Setting next_dagrun for example_complex to None, run_after=None
[2025-03-31T07:15:38.002+0000] {processor.py:208} INFO - Processing /home/airflow/.local/lib/python3.12/site-packages/airflow/example_dags/example_complex.py took 0.103 seconds
[2025-03-31T07:16:08.128+0000] {processor.py:186} INFO - Started process (PID=15272) to work on /home/airflow/.local/lib/python3.12/site-packages/airflow/example_dags/example_complex.py
[2025-03-31T07:16:08.129+0000] {processor.py:914} INFO - Processing file /home/airflow/.local/lib/python3.12/site-packages/airflow/example_dags/example_complex.py for tasks to queue
[2025-03-31T07:16:08.132+0000] {logging_mixin.py:190} INFO - [2025-03-31T07:16:08.132+0000] {dagbag.py:588} INFO - Filling up the DagBag from /home/airflow/.local/lib/python3.12/site-packages/airflow/example_dags/example_complex.py
[2025-03-31T07:16:08.154+0000] {processor.py:925} INFO - DAG(s) 'example_complex' retrieved from /home/airflow/.local/lib/python3.12/site-packages/airflow/example_dags/example_complex.py
[2025-03-31T07:16:08.203+0000] {logging_mixin.py:190} INFO - [2025-03-31T07:16:08.203+0000] {dag.py:3239} INFO - Sync 1 DAGs
[2025-03-31T07:16:08.222+0000] {logging_mixin.py:190} INFO - [2025-03-31T07:16:08.222+0000] {dag.py:4180} INFO - Setting next_dagrun for example_complex to None, run_after=None
[2025-03-31T07:16:08.246+0000] {processor.py:208} INFO - Processing /home/airflow/.local/lib/python3.12/site-packages/airflow/example_dags/example_complex.py took 0.126 seconds
[2025-03-31T07:16:38.344+0000] {processor.py:186} INFO - Started process (PID=15561) to work on /home/airflow/.local/lib/python3.12/site-packages/airflow/example_dags/example_complex.py
[2025-03-31T07:16:38.345+0000] {processor.py:914} INFO - Processing file /home/airflow/.local/lib/python3.12/site-packages/airflow/example_dags/example_complex.py for tasks to queue
[2025-03-31T07:16:38.347+0000] {logging_mixin.py:190} INFO - [2025-03-31T07:16:38.347+0000] {dagbag.py:588} INFO - Filling up the DagBag from /home/airflow/.local/lib/python3.12/site-packages/airflow/example_dags/example_complex.py
[2025-03-31T07:16:38.362+0000] {processor.py:925} INFO - DAG(s) 'example_complex' retrieved from /home/airflow/.local/lib/python3.12/site-packages/airflow/example_dags/example_complex.py
[2025-03-31T07:16:38.398+0000] {logging_mixin.py:190} INFO - [2025-03-31T07:16:38.397+0000] {dag.py:3239} INFO - Sync 1 DAGs
[2025-03-31T07:16:38.417+0000] {logging_mixin.py:190} INFO - [2025-03-31T07:16:38.416+0000] {dag.py:4180} INFO - Setting next_dagrun for example_complex to None, run_after=None
[2025-03-31T07:16:38.442+0000] {processor.py:208} INFO - Processing /home/airflow/.local/lib/python3.12/site-packages/airflow/example_dags/example_complex.py took 0.105 seconds
[2025-03-31T07:17:08.560+0000] {processor.py:186} INFO - Started process (PID=15852) to work on /home/airflow/.local/lib/python3.12/site-packages/airflow/example_dags/example_complex.py
[2025-03-31T07:17:08.561+0000] {processor.py:914} INFO - Processing file /home/airflow/.local/lib/python3.12/site-packages/airflow/example_dags/example_complex.py for tasks to queue
[2025-03-31T07:17:08.564+0000] {logging_mixin.py:190} INFO - [2025-03-31T07:17:08.564+0000] {dagbag.py:588} INFO - Filling up the DagBag from /home/airflow/.local/lib/python3.12/site-packages/airflow/example_dags/example_complex.py
[2025-03-31T07:17:08.578+0000] {processor.py:925} INFO - DAG(s) 'example_complex' retrieved from /home/airflow/.local/lib/python3.12/site-packages/airflow/example_dags/example_complex.py
[2025-03-31T07:17:08.614+0000] {logging_mixin.py:190} INFO - [2025-03-31T07:17:08.614+0000] {dag.py:3239} INFO - Sync 1 DAGs
[2025-03-31T07:17:08.630+0000] {logging_mixin.py:190} INFO - [2025-03-31T07:17:08.630+0000] {dag.py:4180} INFO - Setting next_dagrun for example_complex to None, run_after=None
[2025-03-31T07:17:08.652+0000] {processor.py:208} INFO - Processing /home/airflow/.local/lib/python3.12/site-packages/airflow/example_dags/example_complex.py took 0.099 seconds
[2025-03-31T07:17:38.975+0000] {processor.py:186} INFO - Started process (PID=16143) to work on /home/airflow/.local/lib/python3.12/site-packages/airflow/example_dags/example_complex.py
[2025-03-31T07:17:38.976+0000] {processor.py:914} INFO - Processing file /home/airflow/.local/lib/python3.12/site-packages/airflow/example_dags/example_complex.py for tasks to queue
[2025-03-31T07:17:38.979+0000] {logging_mixin.py:190} INFO - [2025-03-31T07:17:38.978+0000] {dagbag.py:588} INFO - Filling up the DagBag from /home/airflow/.local/lib/python3.12/site-packages/airflow/example_dags/example_complex.py
[2025-03-31T07:17:38.993+0000] {processor.py:925} INFO - DAG(s) 'example_complex' retrieved from /home/airflow/.local/lib/python3.12/site-packages/airflow/example_dags/example_complex.py
[2025-03-31T07:17:39.028+0000] {logging_mixin.py:190} INFO - [2025-03-31T07:17:39.028+0000] {dag.py:3239} INFO - Sync 1 DAGs
[2025-03-31T07:17:39.044+0000] {logging_mixin.py:190} INFO - [2025-03-31T07:17:39.044+0000] {dag.py:4180} INFO - Setting next_dagrun for example_complex to None, run_after=None
[2025-03-31T07:17:39.064+0000] {processor.py:208} INFO - Processing /home/airflow/.local/lib/python3.12/site-packages/airflow/example_dags/example_complex.py took 0.095 seconds
[2025-03-31T07:18:09.684+0000] {processor.py:186} INFO - Started process (PID=16434) to work on /home/airflow/.local/lib/python3.12/site-packages/airflow/example_dags/example_complex.py
[2025-03-31T07:18:09.685+0000] {processor.py:914} INFO - Processing file /home/airflow/.local/lib/python3.12/site-packages/airflow/example_dags/example_complex.py for tasks to queue
[2025-03-31T07:18:09.688+0000] {logging_mixin.py:190} INFO - [2025-03-31T07:18:09.687+0000] {dagbag.py:588} INFO - Filling up the DagBag from /home/airflow/.local/lib/python3.12/site-packages/airflow/example_dags/example_complex.py
[2025-03-31T07:18:09.703+0000] {processor.py:925} INFO - DAG(s) 'example_complex' retrieved from /home/airflow/.local/lib/python3.12/site-packages/airflow/example_dags/example_complex.py
[2025-03-31T07:18:09.740+0000] {logging_mixin.py:190} INFO - [2025-03-31T07:18:09.739+0000] {dag.py:3239} INFO - Sync 1 DAGs
[2025-03-31T07:18:09.757+0000] {logging_mixin.py:190} INFO - [2025-03-31T07:18:09.757+0000] {dag.py:4180} INFO - Setting next_dagrun for example_complex to None, run_after=None
[2025-03-31T07:18:09.779+0000] {processor.py:208} INFO - Processing /home/airflow/.local/lib/python3.12/site-packages/airflow/example_dags/example_complex.py took 0.102 seconds
[2025-03-31T07:18:40.366+0000] {processor.py:186} INFO - Started process (PID=16727) to work on /home/airflow/.local/lib/python3.12/site-packages/airflow/example_dags/example_complex.py
[2025-03-31T07:18:40.367+0000] {processor.py:914} INFO - Processing file /home/airflow/.local/lib/python3.12/site-packages/airflow/example_dags/example_complex.py for tasks to queue
[2025-03-31T07:18:40.370+0000] {logging_mixin.py:190} INFO - [2025-03-31T07:18:40.369+0000] {dagbag.py:588} INFO - Filling up the DagBag from /home/airflow/.local/lib/python3.12/site-packages/airflow/example_dags/example_complex.py
[2025-03-31T07:18:40.383+0000] {processor.py:925} INFO - DAG(s) 'example_complex' retrieved from /home/airflow/.local/lib/python3.12/site-packages/airflow/example_dags/example_complex.py
[2025-03-31T07:18:40.416+0000] {logging_mixin.py:190} INFO - [2025-03-31T07:18:40.416+0000] {dag.py:3239} INFO - Sync 1 DAGs
[2025-03-31T07:18:40.431+0000] {logging_mixin.py:190} INFO - [2025-03-31T07:18:40.431+0000] {dag.py:4180} INFO - Setting next_dagrun for example_complex to None, run_after=None
[2025-03-31T07:18:40.450+0000] {processor.py:208} INFO - Processing /home/airflow/.local/lib/python3.12/site-packages/airflow/example_dags/example_complex.py took 0.089 seconds
[2025-03-31T07:19:11.170+0000] {processor.py:186} INFO - Started process (PID=17016) to work on /home/airflow/.local/lib/python3.12/site-packages/airflow/example_dags/example_complex.py
[2025-03-31T07:19:11.171+0000] {processor.py:914} INFO - Processing file /home/airflow/.local/lib/python3.12/site-packages/airflow/example_dags/example_complex.py for tasks to queue
[2025-03-31T07:19:11.175+0000] {logging_mixin.py:190} INFO - [2025-03-31T07:19:11.174+0000] {dagbag.py:588} INFO - Filling up the DagBag from /home/airflow/.local/lib/python3.12/site-packages/airflow/example_dags/example_complex.py
[2025-03-31T07:19:11.195+0000] {processor.py:925} INFO - DAG(s) 'example_complex' retrieved from /home/airflow/.local/lib/python3.12/site-packages/airflow/example_dags/example_complex.py
[2025-03-31T07:19:11.247+0000] {logging_mixin.py:190} INFO - [2025-03-31T07:19:11.247+0000] {dag.py:3239} INFO - Sync 1 DAGs
[2025-03-31T07:19:11.269+0000] {logging_mixin.py:190} INFO - [2025-03-31T07:19:11.269+0000] {dag.py:4180} INFO - Setting next_dagrun for example_complex to None, run_after=None
[2025-03-31T07:19:11.301+0000] {processor.py:208} INFO - Processing /home/airflow/.local/lib/python3.12/site-packages/airflow/example_dags/example_complex.py took 0.140 seconds
[2025-03-31T07:19:42.021+0000] {processor.py:186} INFO - Started process (PID=17307) to work on /home/airflow/.local/lib/python3.12/site-packages/airflow/example_dags/example_complex.py
[2025-03-31T07:19:42.023+0000] {processor.py:914} INFO - Processing file /home/airflow/.local/lib/python3.12/site-packages/airflow/example_dags/example_complex.py for tasks to queue
[2025-03-31T07:19:42.027+0000] {logging_mixin.py:190} INFO - [2025-03-31T07:19:42.026+0000] {dagbag.py:588} INFO - Filling up the DagBag from /home/airflow/.local/lib/python3.12/site-packages/airflow/example_dags/example_complex.py
[2025-03-31T07:19:42.045+0000] {processor.py:925} INFO - DAG(s) 'example_complex' retrieved from /home/airflow/.local/lib/python3.12/site-packages/airflow/example_dags/example_complex.py
[2025-03-31T07:19:42.089+0000] {logging_mixin.py:190} INFO - [2025-03-31T07:19:42.089+0000] {dag.py:3239} INFO - Sync 1 DAGs
[2025-03-31T07:19:42.111+0000] {logging_mixin.py:190} INFO - [2025-03-31T07:19:42.111+0000] {dag.py:4180} INFO - Setting next_dagrun for example_complex to None, run_after=None
[2025-03-31T07:19:42.137+0000] {processor.py:208} INFO - Processing /home/airflow/.local/lib/python3.12/site-packages/airflow/example_dags/example_complex.py took 0.124 seconds
[2025-03-31T07:20:12.678+0000] {processor.py:186} INFO - Started process (PID=17600) to work on /home/airflow/.local/lib/python3.12/site-packages/airflow/example_dags/example_complex.py
[2025-03-31T07:20:12.680+0000] {processor.py:914} INFO - Processing file /home/airflow/.local/lib/python3.12/site-packages/airflow/example_dags/example_complex.py for tasks to queue
[2025-03-31T07:20:12.683+0000] {logging_mixin.py:190} INFO - [2025-03-31T07:20:12.682+0000] {dagbag.py:588} INFO - Filling up the DagBag from /home/airflow/.local/lib/python3.12/site-packages/airflow/example_dags/example_complex.py
[2025-03-31T07:20:12.703+0000] {processor.py:925} INFO - DAG(s) 'example_complex' retrieved from /home/airflow/.local/lib/python3.12/site-packages/airflow/example_dags/example_complex.py
[2025-03-31T07:20:12.750+0000] {logging_mixin.py:190} INFO - [2025-03-31T07:20:12.749+0000] {dag.py:3239} INFO - Sync 1 DAGs
[2025-03-31T07:20:12.772+0000] {logging_mixin.py:190} INFO - [2025-03-31T07:20:12.771+0000] {dag.py:4180} INFO - Setting next_dagrun for example_complex to None, run_after=None
[2025-03-31T07:20:12.801+0000] {processor.py:208} INFO - Processing /home/airflow/.local/lib/python3.12/site-packages/airflow/example_dags/example_complex.py took 0.131 seconds
[2025-03-31T07:20:42.956+0000] {processor.py:186} INFO - Started process (PID=17888) to work on /home/airflow/.local/lib/python3.12/site-packages/airflow/example_dags/example_complex.py
[2025-03-31T07:20:42.957+0000] {processor.py:914} INFO - Processing file /home/airflow/.local/lib/python3.12/site-packages/airflow/example_dags/example_complex.py for tasks to queue
[2025-03-31T07:20:42.962+0000] {logging_mixin.py:190} INFO - [2025-03-31T07:20:42.961+0000] {dagbag.py:588} INFO - Filling up the DagBag from /home/airflow/.local/lib/python3.12/site-packages/airflow/example_dags/example_complex.py
[2025-03-31T07:20:42.980+0000] {processor.py:925} INFO - DAG(s) 'example_complex' retrieved from /home/airflow/.local/lib/python3.12/site-packages/airflow/example_dags/example_complex.py
[2025-03-31T07:20:43.026+0000] {logging_mixin.py:190} INFO - [2025-03-31T07:20:43.026+0000] {dag.py:3239} INFO - Sync 1 DAGs
[2025-03-31T07:20:43.049+0000] {logging_mixin.py:190} INFO - [2025-03-31T07:20:43.049+0000] {dag.py:4180} INFO - Setting next_dagrun for example_complex to None, run_after=None
[2025-03-31T07:20:43.075+0000] {processor.py:208} INFO - Processing /home/airflow/.local/lib/python3.12/site-packages/airflow/example_dags/example_complex.py took 0.127 seconds
[2025-03-31T07:21:13.379+0000] {processor.py:186} INFO - Started process (PID=18179) to work on /home/airflow/.local/lib/python3.12/site-packages/airflow/example_dags/example_complex.py
[2025-03-31T07:21:13.380+0000] {processor.py:914} INFO - Processing file /home/airflow/.local/lib/python3.12/site-packages/airflow/example_dags/example_complex.py for tasks to queue
[2025-03-31T07:21:13.384+0000] {logging_mixin.py:190} INFO - [2025-03-31T07:21:13.383+0000] {dagbag.py:588} INFO - Filling up the DagBag from /home/airflow/.local/lib/python3.12/site-packages/airflow/example_dags/example_complex.py
[2025-03-31T07:21:13.402+0000] {processor.py:925} INFO - DAG(s) 'example_complex' retrieved from /home/airflow/.local/lib/python3.12/site-packages/airflow/example_dags/example_complex.py
[2025-03-31T07:21:13.447+0000] {logging_mixin.py:190} INFO - [2025-03-31T07:21:13.447+0000] {dag.py:3239} INFO - Sync 1 DAGs
[2025-03-31T07:21:13.470+0000] {logging_mixin.py:190} INFO - [2025-03-31T07:21:13.469+0000] {dag.py:4180} INFO - Setting next_dagrun for example_complex to None, run_after=None
[2025-03-31T07:21:13.496+0000] {processor.py:208} INFO - Processing /home/airflow/.local/lib/python3.12/site-packages/airflow/example_dags/example_complex.py took 0.127 seconds
[2025-03-31T07:21:43.641+0000] {processor.py:186} INFO - Started process (PID=18470) to work on /home/airflow/.local/lib/python3.12/site-packages/airflow/example_dags/example_complex.py
[2025-03-31T07:21:43.643+0000] {processor.py:914} INFO - Processing file /home/airflow/.local/lib/python3.12/site-packages/airflow/example_dags/example_complex.py for tasks to queue
[2025-03-31T07:21:43.648+0000] {logging_mixin.py:190} INFO - [2025-03-31T07:21:43.647+0000] {dagbag.py:588} INFO - Filling up the DagBag from /home/airflow/.local/lib/python3.12/site-packages/airflow/example_dags/example_complex.py
[2025-03-31T07:21:43.665+0000] {processor.py:925} INFO - DAG(s) 'example_complex' retrieved from /home/airflow/.local/lib/python3.12/site-packages/airflow/example_dags/example_complex.py
[2025-03-31T07:21:43.714+0000] {logging_mixin.py:190} INFO - [2025-03-31T07:21:43.714+0000] {dag.py:3239} INFO - Sync 1 DAGs
[2025-03-31T07:21:43.736+0000] {logging_mixin.py:190} INFO - [2025-03-31T07:21:43.735+0000] {dag.py:4180} INFO - Setting next_dagrun for example_complex to None, run_after=None
[2025-03-31T07:21:43.759+0000] {processor.py:208} INFO - Processing /home/airflow/.local/lib/python3.12/site-packages/airflow/example_dags/example_complex.py took 0.126 seconds
[2025-03-31T07:22:14.618+0000] {processor.py:186} INFO - Started process (PID=18769) to work on /home/airflow/.local/lib/python3.12/site-packages/airflow/example_dags/example_complex.py
[2025-03-31T07:22:14.619+0000] {processor.py:914} INFO - Processing file /home/airflow/.local/lib/python3.12/site-packages/airflow/example_dags/example_complex.py for tasks to queue
[2025-03-31T07:22:14.622+0000] {logging_mixin.py:190} INFO - [2025-03-31T07:22:14.622+0000] {dagbag.py:588} INFO - Filling up the DagBag from /home/airflow/.local/lib/python3.12/site-packages/airflow/example_dags/example_complex.py
[2025-03-31T07:22:14.641+0000] {processor.py:925} INFO - DAG(s) 'example_complex' retrieved from /home/airflow/.local/lib/python3.12/site-packages/airflow/example_dags/example_complex.py
[2025-03-31T07:22:14.689+0000] {logging_mixin.py:190} INFO - [2025-03-31T07:22:14.689+0000] {dag.py:3239} INFO - Sync 1 DAGs
[2025-03-31T07:22:14.708+0000] {logging_mixin.py:190} INFO - [2025-03-31T07:22:14.708+0000] {dag.py:4180} INFO - Setting next_dagrun for example_complex to None, run_after=None
[2025-03-31T07:22:14.738+0000] {processor.py:208} INFO - Processing /home/airflow/.local/lib/python3.12/site-packages/airflow/example_dags/example_complex.py took 0.130 seconds
[2025-03-31T07:22:44.957+0000] {processor.py:186} INFO - Started process (PID=19059) to work on /home/airflow/.local/lib/python3.12/site-packages/airflow/example_dags/example_complex.py
[2025-03-31T07:22:44.959+0000] {processor.py:914} INFO - Processing file /home/airflow/.local/lib/python3.12/site-packages/airflow/example_dags/example_complex.py for tasks to queue
[2025-03-31T07:22:44.964+0000] {logging_mixin.py:190} INFO - [2025-03-31T07:22:44.963+0000] {dagbag.py:588} INFO - Filling up the DagBag from /home/airflow/.local/lib/python3.12/site-packages/airflow/example_dags/example_complex.py
[2025-03-31T07:22:44.982+0000] {processor.py:925} INFO - DAG(s) 'example_complex' retrieved from /home/airflow/.local/lib/python3.12/site-packages/airflow/example_dags/example_complex.py
[2025-03-31T07:22:45.034+0000] {logging_mixin.py:190} INFO - [2025-03-31T07:22:45.034+0000] {dag.py:3239} INFO - Sync 1 DAGs
[2025-03-31T07:22:45.057+0000] {logging_mixin.py:190} INFO - [2025-03-31T07:22:45.057+0000] {dag.py:4180} INFO - Setting next_dagrun for example_complex to None, run_after=None
[2025-03-31T07:22:45.087+0000] {processor.py:208} INFO - Processing /home/airflow/.local/lib/python3.12/site-packages/airflow/example_dags/example_complex.py took 0.144 seconds
[2025-03-31T07:23:15.967+0000] {processor.py:186} INFO - Started process (PID=19350) to work on /home/airflow/.local/lib/python3.12/site-packages/airflow/example_dags/example_complex.py
[2025-03-31T07:23:15.968+0000] {processor.py:914} INFO - Processing file /home/airflow/.local/lib/python3.12/site-packages/airflow/example_dags/example_complex.py for tasks to queue
[2025-03-31T07:23:15.972+0000] {logging_mixin.py:190} INFO - [2025-03-31T07:23:15.971+0000] {dagbag.py:588} INFO - Filling up the DagBag from /home/airflow/.local/lib/python3.12/site-packages/airflow/example_dags/example_complex.py
[2025-03-31T07:23:15.995+0000] {processor.py:925} INFO - DAG(s) 'example_complex' retrieved from /home/airflow/.local/lib/python3.12/site-packages/airflow/example_dags/example_complex.py
[2025-03-31T07:23:16.035+0000] {logging_mixin.py:190} INFO - [2025-03-31T07:23:16.035+0000] {dag.py:3239} INFO - Sync 1 DAGs
[2025-03-31T07:23:16.052+0000] {logging_mixin.py:190} INFO - [2025-03-31T07:23:16.052+0000] {dag.py:4180} INFO - Setting next_dagrun for example_complex to None, run_after=None
[2025-03-31T07:23:16.077+0000] {processor.py:208} INFO - Processing /home/airflow/.local/lib/python3.12/site-packages/airflow/example_dags/example_complex.py took 0.119 seconds
[2025-03-31T07:23:46.542+0000] {processor.py:186} INFO - Started process (PID=19641) to work on /home/airflow/.local/lib/python3.12/site-packages/airflow/example_dags/example_complex.py
[2025-03-31T07:23:46.543+0000] {processor.py:914} INFO - Processing file /home/airflow/.local/lib/python3.12/site-packages/airflow/example_dags/example_complex.py for tasks to queue
[2025-03-31T07:23:46.546+0000] {logging_mixin.py:190} INFO - [2025-03-31T07:23:46.545+0000] {dagbag.py:588} INFO - Filling up the DagBag from /home/airflow/.local/lib/python3.12/site-packages/airflow/example_dags/example_complex.py
[2025-03-31T07:23:46.560+0000] {processor.py:925} INFO - DAG(s) 'example_complex' retrieved from /home/airflow/.local/lib/python3.12/site-packages/airflow/example_dags/example_complex.py
[2025-03-31T07:23:46.594+0000] {logging_mixin.py:190} INFO - [2025-03-31T07:23:46.594+0000] {dag.py:3239} INFO - Sync 1 DAGs
[2025-03-31T07:23:46.609+0000] {logging_mixin.py:190} INFO - [2025-03-31T07:23:46.609+0000] {dag.py:4180} INFO - Setting next_dagrun for example_complex to None, run_after=None
[2025-03-31T07:23:46.631+0000] {processor.py:208} INFO - Processing /home/airflow/.local/lib/python3.12/site-packages/airflow/example_dags/example_complex.py took 0.096 seconds
[2025-03-31T07:24:16.824+0000] {processor.py:186} INFO - Started process (PID=19932) to work on /home/airflow/.local/lib/python3.12/site-packages/airflow/example_dags/example_complex.py
[2025-03-31T07:24:16.825+0000] {processor.py:914} INFO - Processing file /home/airflow/.local/lib/python3.12/site-packages/airflow/example_dags/example_complex.py for tasks to queue
[2025-03-31T07:24:16.828+0000] {logging_mixin.py:190} INFO - [2025-03-31T07:24:16.828+0000] {dagbag.py:588} INFO - Filling up the DagBag from /home/airflow/.local/lib/python3.12/site-packages/airflow/example_dags/example_complex.py
[2025-03-31T07:24:16.844+0000] {processor.py:925} INFO - DAG(s) 'example_complex' retrieved from /home/airflow/.local/lib/python3.12/site-packages/airflow/example_dags/example_complex.py
[2025-03-31T07:24:16.877+0000] {logging_mixin.py:190} INFO - [2025-03-31T07:24:16.877+0000] {dag.py:3239} INFO - Sync 1 DAGs
[2025-03-31T07:24:16.891+0000] {logging_mixin.py:190} INFO - [2025-03-31T07:24:16.891+0000] {dag.py:4180} INFO - Setting next_dagrun for example_complex to None, run_after=None
[2025-03-31T07:24:16.909+0000] {processor.py:208} INFO - Processing /home/airflow/.local/lib/python3.12/site-packages/airflow/example_dags/example_complex.py took 0.092 seconds
[2025-03-31T07:24:47.262+0000] {processor.py:186} INFO - Started process (PID=20223) to work on /home/airflow/.local/lib/python3.12/site-packages/airflow/example_dags/example_complex.py
[2025-03-31T07:24:47.263+0000] {processor.py:914} INFO - Processing file /home/airflow/.local/lib/python3.12/site-packages/airflow/example_dags/example_complex.py for tasks to queue
[2025-03-31T07:24:47.266+0000] {logging_mixin.py:190} INFO - [2025-03-31T07:24:47.266+0000] {dagbag.py:588} INFO - Filling up the DagBag from /home/airflow/.local/lib/python3.12/site-packages/airflow/example_dags/example_complex.py
[2025-03-31T07:24:47.282+0000] {processor.py:925} INFO - DAG(s) 'example_complex' retrieved from /home/airflow/.local/lib/python3.12/site-packages/airflow/example_dags/example_complex.py
[2025-03-31T07:24:47.316+0000] {logging_mixin.py:190} INFO - [2025-03-31T07:24:47.315+0000] {dag.py:3239} INFO - Sync 1 DAGs
[2025-03-31T07:24:47.330+0000] {logging_mixin.py:190} INFO - [2025-03-31T07:24:47.330+0000] {dag.py:4180} INFO - Setting next_dagrun for example_complex to None, run_after=None
[2025-03-31T07:24:47.348+0000] {processor.py:208} INFO - Processing /home/airflow/.local/lib/python3.12/site-packages/airflow/example_dags/example_complex.py took 0.094 seconds
[2025-03-31T07:25:18.146+0000] {processor.py:186} INFO - Started process (PID=20514) to work on /home/airflow/.local/lib/python3.12/site-packages/airflow/example_dags/example_complex.py
[2025-03-31T07:25:18.147+0000] {processor.py:914} INFO - Processing file /home/airflow/.local/lib/python3.12/site-packages/airflow/example_dags/example_complex.py for tasks to queue
[2025-03-31T07:25:18.149+0000] {logging_mixin.py:190} INFO - [2025-03-31T07:25:18.149+0000] {dagbag.py:588} INFO - Filling up the DagBag from /home/airflow/.local/lib/python3.12/site-packages/airflow/example_dags/example_complex.py
[2025-03-31T07:25:18.163+0000] {processor.py:925} INFO - DAG(s) 'example_complex' retrieved from /home/airflow/.local/lib/python3.12/site-packages/airflow/example_dags/example_complex.py
[2025-03-31T07:25:18.196+0000] {logging_mixin.py:190} INFO - [2025-03-31T07:25:18.196+0000] {dag.py:3239} INFO - Sync 1 DAGs
[2025-03-31T07:25:18.211+0000] {logging_mixin.py:190} INFO - [2025-03-31T07:25:18.211+0000] {dag.py:4180} INFO - Setting next_dagrun for example_complex to None, run_after=None
[2025-03-31T07:25:18.233+0000] {processor.py:208} INFO - Processing /home/airflow/.local/lib/python3.12/site-packages/airflow/example_dags/example_complex.py took 0.094 seconds
