[2025-03-31T06:47:41.243+0000] {processor.py:186} INFO - Started process (PID=414) to work on /home/airflow/.local/lib/python3.12/site-packages/airflow/example_dags/example_params_trigger_ui.py
[2025-03-31T06:47:41.244+0000] {processor.py:914} INFO - Processing file /home/airflow/.local/lib/python3.12/site-packages/airflow/example_dags/example_params_trigger_ui.py for tasks to queue
[2025-03-31T06:47:41.248+0000] {logging_mixin.py:190} INFO - [2025-03-31T06:47:41.247+0000] {dagbag.py:588} INFO - Filling up the DagBag from /home/airflow/.local/lib/python3.12/site-packages/airflow/example_dags/example_params_trigger_ui.py
[2025-03-31T06:47:41.262+0000] {processor.py:925} INFO - DAG(s) 'example_params_trigger_ui' retrieved from /home/airflow/.local/lib/python3.12/site-packages/airflow/example_dags/example_params_trigger_ui.py
[2025-03-31T06:47:41.413+0000] {logging_mixin.py:190} INFO - [2025-03-31T06:47:41.413+0000] {override.py:1912} INFO - Created Permission View: can read on DAG:example_params_trigger_ui
[2025-03-31T06:47:41.424+0000] {logging_mixin.py:190} INFO - [2025-03-31T06:47:41.423+0000] {override.py:1912} INFO - Created Permission View: can delete on DAG:example_params_trigger_ui
[2025-03-31T06:47:41.430+0000] {logging_mixin.py:190} INFO - [2025-03-31T06:47:41.430+0000] {override.py:1912} INFO - Created Permission View: can edit on DAG:example_params_trigger_ui
[2025-03-31T06:47:41.438+0000] {logging_mixin.py:190} INFO - [2025-03-31T06:47:41.438+0000] {override.py:1912} INFO - Created Permission View: can read on DAG Run:example_params_trigger_ui
[2025-03-31T06:47:41.445+0000] {logging_mixin.py:190} INFO - [2025-03-31T06:47:41.445+0000] {override.py:1912} INFO - Created Permission View: can delete on DAG Run:example_params_trigger_ui
[2025-03-31T06:47:41.452+0000] {logging_mixin.py:190} INFO - [2025-03-31T06:47:41.452+0000] {override.py:1912} INFO - Created Permission View: menu access on DAG Run:example_params_trigger_ui
[2025-03-31T06:47:41.458+0000] {logging_mixin.py:190} INFO - [2025-03-31T06:47:41.458+0000] {override.py:1912} INFO - Created Permission View: can create on DAG Run:example_params_trigger_ui
[2025-03-31T06:47:41.459+0000] {logging_mixin.py:190} INFO - [2025-03-31T06:47:41.459+0000] {dag.py:3239} INFO - Sync 1 DAGs
[2025-03-31T06:47:41.473+0000] {logging_mixin.py:190} INFO - [2025-03-31T06:47:41.473+0000] {dag.py:3262} INFO - Creating ORM DAG for example_params_trigger_ui
[2025-03-31T06:47:41.474+0000] {logging_mixin.py:190} INFO - [2025-03-31T06:47:41.474+0000] {dag.py:4180} INFO - Setting next_dagrun for example_params_trigger_ui to None, run_after=None
[2025-03-31T06:47:41.492+0000] {processor.py:208} INFO - Processing /home/airflow/.local/lib/python3.12/site-packages/airflow/example_dags/example_params_trigger_ui.py took 0.256 seconds
[2025-03-31T06:48:12.131+0000] {processor.py:186} INFO - Started process (PID=705) to work on /home/airflow/.local/lib/python3.12/site-packages/airflow/example_dags/example_params_trigger_ui.py
[2025-03-31T06:48:12.133+0000] {processor.py:914} INFO - Processing file /home/airflow/.local/lib/python3.12/site-packages/airflow/example_dags/example_params_trigger_ui.py for tasks to queue
[2025-03-31T06:48:12.136+0000] {logging_mixin.py:190} INFO - [2025-03-31T06:48:12.135+0000] {dagbag.py:588} INFO - Filling up the DagBag from /home/airflow/.local/lib/python3.12/site-packages/airflow/example_dags/example_params_trigger_ui.py
[2025-03-31T06:48:12.148+0000] {processor.py:925} INFO - DAG(s) 'example_params_trigger_ui' retrieved from /home/airflow/.local/lib/python3.12/site-packages/airflow/example_dags/example_params_trigger_ui.py
[2025-03-31T06:48:12.194+0000] {logging_mixin.py:190} INFO - [2025-03-31T06:48:12.194+0000] {dag.py:3239} INFO - Sync 1 DAGs
[2025-03-31T06:48:12.211+0000] {logging_mixin.py:190} INFO - [2025-03-31T06:48:12.210+0000] {dag.py:4180} INFO - Setting next_dagrun for example_params_trigger_ui to None, run_after=None
[2025-03-31T06:48:12.229+0000] {processor.py:208} INFO - Processing /home/airflow/.local/lib/python3.12/site-packages/airflow/example_dags/example_params_trigger_ui.py took 0.104 seconds
[2025-03-31T06:48:42.789+0000] {processor.py:186} INFO - Started process (PID=996) to work on /home/airflow/.local/lib/python3.12/site-packages/airflow/example_dags/example_params_trigger_ui.py
[2025-03-31T06:48:42.790+0000] {processor.py:914} INFO - Processing file /home/airflow/.local/lib/python3.12/site-packages/airflow/example_dags/example_params_trigger_ui.py for tasks to queue
[2025-03-31T06:48:42.793+0000] {logging_mixin.py:190} INFO - [2025-03-31T06:48:42.792+0000] {dagbag.py:588} INFO - Filling up the DagBag from /home/airflow/.local/lib/python3.12/site-packages/airflow/example_dags/example_params_trigger_ui.py
[2025-03-31T06:48:42.806+0000] {processor.py:925} INFO - DAG(s) 'example_params_trigger_ui' retrieved from /home/airflow/.local/lib/python3.12/site-packages/airflow/example_dags/example_params_trigger_ui.py
[2025-03-31T06:48:42.850+0000] {logging_mixin.py:190} INFO - [2025-03-31T06:48:42.850+0000] {dag.py:3239} INFO - Sync 1 DAGs
[2025-03-31T06:48:42.866+0000] {logging_mixin.py:190} INFO - [2025-03-31T06:48:42.865+0000] {dag.py:4180} INFO - Setting next_dagrun for example_params_trigger_ui to None, run_after=None
[2025-03-31T06:48:42.887+0000] {processor.py:208} INFO - Processing /home/airflow/.local/lib/python3.12/site-packages/airflow/example_dags/example_params_trigger_ui.py took 0.103 seconds
[2025-03-31T06:49:43.493+0000] {processor.py:186} INFO - Started process (PID=415) to work on /home/airflow/.local/lib/python3.12/site-packages/airflow/example_dags/example_params_trigger_ui.py
[2025-03-31T06:49:43.494+0000] {processor.py:914} INFO - Processing file /home/airflow/.local/lib/python3.12/site-packages/airflow/example_dags/example_params_trigger_ui.py for tasks to queue
[2025-03-31T06:49:43.497+0000] {logging_mixin.py:190} INFO - [2025-03-31T06:49:43.496+0000] {dagbag.py:588} INFO - Filling up the DagBag from /home/airflow/.local/lib/python3.12/site-packages/airflow/example_dags/example_params_trigger_ui.py
[2025-03-31T06:49:43.511+0000] {processor.py:925} INFO - DAG(s) 'example_params_trigger_ui' retrieved from /home/airflow/.local/lib/python3.12/site-packages/airflow/example_dags/example_params_trigger_ui.py
[2025-03-31T06:49:43.561+0000] {logging_mixin.py:190} INFO - [2025-03-31T06:49:43.561+0000] {dag.py:3239} INFO - Sync 1 DAGs
[2025-03-31T06:49:43.578+0000] {logging_mixin.py:190} INFO - [2025-03-31T06:49:43.578+0000] {dag.py:4180} INFO - Setting next_dagrun for example_params_trigger_ui to None, run_after=None
[2025-03-31T06:49:43.598+0000] {processor.py:208} INFO - Processing /home/airflow/.local/lib/python3.12/site-packages/airflow/example_dags/example_params_trigger_ui.py took 0.113 seconds
[2025-03-31T06:50:14.165+0000] {processor.py:186} INFO - Started process (PID=706) to work on /home/airflow/.local/lib/python3.12/site-packages/airflow/example_dags/example_params_trigger_ui.py
[2025-03-31T06:50:14.166+0000] {processor.py:914} INFO - Processing file /home/airflow/.local/lib/python3.12/site-packages/airflow/example_dags/example_params_trigger_ui.py for tasks to queue
[2025-03-31T06:50:14.169+0000] {logging_mixin.py:190} INFO - [2025-03-31T06:50:14.168+0000] {dagbag.py:588} INFO - Filling up the DagBag from /home/airflow/.local/lib/python3.12/site-packages/airflow/example_dags/example_params_trigger_ui.py
[2025-03-31T06:50:14.180+0000] {processor.py:925} INFO - DAG(s) 'example_params_trigger_ui' retrieved from /home/airflow/.local/lib/python3.12/site-packages/airflow/example_dags/example_params_trigger_ui.py
[2025-03-31T06:50:14.236+0000] {logging_mixin.py:190} INFO - [2025-03-31T06:50:14.236+0000] {dag.py:3239} INFO - Sync 1 DAGs
[2025-03-31T06:50:14.255+0000] {logging_mixin.py:190} INFO - [2025-03-31T06:50:14.254+0000] {dag.py:4180} INFO - Setting next_dagrun for example_params_trigger_ui to None, run_after=None
[2025-03-31T06:50:14.276+0000] {processor.py:208} INFO - Processing /home/airflow/.local/lib/python3.12/site-packages/airflow/example_dags/example_params_trigger_ui.py took 0.118 seconds
[2025-03-31T06:50:45.369+0000] {processor.py:186} INFO - Started process (PID=997) to work on /home/airflow/.local/lib/python3.12/site-packages/airflow/example_dags/example_params_trigger_ui.py
[2025-03-31T06:50:45.371+0000] {processor.py:914} INFO - Processing file /home/airflow/.local/lib/python3.12/site-packages/airflow/example_dags/example_params_trigger_ui.py for tasks to queue
[2025-03-31T06:50:45.374+0000] {logging_mixin.py:190} INFO - [2025-03-31T06:50:45.373+0000] {dagbag.py:588} INFO - Filling up the DagBag from /home/airflow/.local/lib/python3.12/site-packages/airflow/example_dags/example_params_trigger_ui.py
[2025-03-31T06:50:45.387+0000] {processor.py:925} INFO - DAG(s) 'example_params_trigger_ui' retrieved from /home/airflow/.local/lib/python3.12/site-packages/airflow/example_dags/example_params_trigger_ui.py
[2025-03-31T06:50:45.432+0000] {logging_mixin.py:190} INFO - [2025-03-31T06:50:45.431+0000] {dag.py:3239} INFO - Sync 1 DAGs
[2025-03-31T06:50:45.452+0000] {logging_mixin.py:190} INFO - [2025-03-31T06:50:45.452+0000] {dag.py:4180} INFO - Setting next_dagrun for example_params_trigger_ui to None, run_after=None
[2025-03-31T06:50:45.472+0000] {processor.py:208} INFO - Processing /home/airflow/.local/lib/python3.12/site-packages/airflow/example_dags/example_params_trigger_ui.py took 0.109 seconds
[2025-03-31T06:51:17.043+0000] {processor.py:186} INFO - Started process (PID=1288) to work on /home/airflow/.local/lib/python3.12/site-packages/airflow/example_dags/example_params_trigger_ui.py
[2025-03-31T06:51:17.044+0000] {processor.py:914} INFO - Processing file /home/airflow/.local/lib/python3.12/site-packages/airflow/example_dags/example_params_trigger_ui.py for tasks to queue
[2025-03-31T06:51:17.046+0000] {logging_mixin.py:190} INFO - [2025-03-31T06:51:17.046+0000] {dagbag.py:588} INFO - Filling up the DagBag from /home/airflow/.local/lib/python3.12/site-packages/airflow/example_dags/example_params_trigger_ui.py
[2025-03-31T06:51:17.057+0000] {processor.py:925} INFO - DAG(s) 'example_params_trigger_ui' retrieved from /home/airflow/.local/lib/python3.12/site-packages/airflow/example_dags/example_params_trigger_ui.py
[2025-03-31T06:51:17.098+0000] {logging_mixin.py:190} INFO - [2025-03-31T06:51:17.098+0000] {dag.py:3239} INFO - Sync 1 DAGs
[2025-03-31T06:51:17.112+0000] {logging_mixin.py:190} INFO - [2025-03-31T06:51:17.112+0000] {dag.py:4180} INFO - Setting next_dagrun for example_params_trigger_ui to None, run_after=None
[2025-03-31T06:51:17.129+0000] {processor.py:208} INFO - Processing /home/airflow/.local/lib/python3.12/site-packages/airflow/example_dags/example_params_trigger_ui.py took 0.091 seconds
[2025-03-31T06:51:48.674+0000] {processor.py:186} INFO - Started process (PID=1581) to work on /home/airflow/.local/lib/python3.12/site-packages/airflow/example_dags/example_params_trigger_ui.py
[2025-03-31T06:51:48.675+0000] {processor.py:914} INFO - Processing file /home/airflow/.local/lib/python3.12/site-packages/airflow/example_dags/example_params_trigger_ui.py for tasks to queue
[2025-03-31T06:51:48.678+0000] {logging_mixin.py:190} INFO - [2025-03-31T06:51:48.677+0000] {dagbag.py:588} INFO - Filling up the DagBag from /home/airflow/.local/lib/python3.12/site-packages/airflow/example_dags/example_params_trigger_ui.py
[2025-03-31T06:51:48.693+0000] {processor.py:925} INFO - DAG(s) 'example_params_trigger_ui' retrieved from /home/airflow/.local/lib/python3.12/site-packages/airflow/example_dags/example_params_trigger_ui.py
[2025-03-31T06:51:48.741+0000] {logging_mixin.py:190} INFO - [2025-03-31T06:51:48.741+0000] {dag.py:3239} INFO - Sync 1 DAGs
[2025-03-31T06:51:48.758+0000] {logging_mixin.py:190} INFO - [2025-03-31T06:51:48.757+0000] {dag.py:4180} INFO - Setting next_dagrun for example_params_trigger_ui to None, run_after=None
[2025-03-31T06:51:48.775+0000] {processor.py:208} INFO - Processing /home/airflow/.local/lib/python3.12/site-packages/airflow/example_dags/example_params_trigger_ui.py took 0.108 seconds
[2025-03-31T06:52:19.840+0000] {processor.py:186} INFO - Started process (PID=1870) to work on /home/airflow/.local/lib/python3.12/site-packages/airflow/example_dags/example_params_trigger_ui.py
[2025-03-31T06:52:19.842+0000] {processor.py:914} INFO - Processing file /home/airflow/.local/lib/python3.12/site-packages/airflow/example_dags/example_params_trigger_ui.py for tasks to queue
[2025-03-31T06:52:19.844+0000] {logging_mixin.py:190} INFO - [2025-03-31T06:52:19.844+0000] {dagbag.py:588} INFO - Filling up the DagBag from /home/airflow/.local/lib/python3.12/site-packages/airflow/example_dags/example_params_trigger_ui.py
[2025-03-31T06:52:19.857+0000] {processor.py:925} INFO - DAG(s) 'example_params_trigger_ui' retrieved from /home/airflow/.local/lib/python3.12/site-packages/airflow/example_dags/example_params_trigger_ui.py
[2025-03-31T06:52:19.910+0000] {logging_mixin.py:190} INFO - [2025-03-31T06:52:19.910+0000] {dag.py:3239} INFO - Sync 1 DAGs
[2025-03-31T06:52:19.927+0000] {logging_mixin.py:190} INFO - [2025-03-31T06:52:19.927+0000] {dag.py:4180} INFO - Setting next_dagrun for example_params_trigger_ui to None, run_after=None
[2025-03-31T06:52:19.948+0000] {processor.py:208} INFO - Processing /home/airflow/.local/lib/python3.12/site-packages/airflow/example_dags/example_params_trigger_ui.py took 0.115 seconds
[2025-03-31T06:52:50.397+0000] {processor.py:186} INFO - Started process (PID=2158) to work on /home/airflow/.local/lib/python3.12/site-packages/airflow/example_dags/example_params_trigger_ui.py
[2025-03-31T06:52:50.399+0000] {processor.py:914} INFO - Processing file /home/airflow/.local/lib/python3.12/site-packages/airflow/example_dags/example_params_trigger_ui.py for tasks to queue
[2025-03-31T06:52:50.402+0000] {logging_mixin.py:190} INFO - [2025-03-31T06:52:50.402+0000] {dagbag.py:588} INFO - Filling up the DagBag from /home/airflow/.local/lib/python3.12/site-packages/airflow/example_dags/example_params_trigger_ui.py
[2025-03-31T06:52:50.415+0000] {processor.py:925} INFO - DAG(s) 'example_params_trigger_ui' retrieved from /home/airflow/.local/lib/python3.12/site-packages/airflow/example_dags/example_params_trigger_ui.py
[2025-03-31T06:52:50.458+0000] {logging_mixin.py:190} INFO - [2025-03-31T06:52:50.458+0000] {dag.py:3239} INFO - Sync 1 DAGs
[2025-03-31T06:52:50.473+0000] {logging_mixin.py:190} INFO - [2025-03-31T06:52:50.472+0000] {dag.py:4180} INFO - Setting next_dagrun for example_params_trigger_ui to None, run_after=None
[2025-03-31T06:52:50.491+0000] {processor.py:208} INFO - Processing /home/airflow/.local/lib/python3.12/site-packages/airflow/example_dags/example_params_trigger_ui.py took 0.102 seconds
[2025-03-31T06:53:22.304+0000] {processor.py:186} INFO - Started process (PID=2447) to work on /home/airflow/.local/lib/python3.12/site-packages/airflow/example_dags/example_params_trigger_ui.py
[2025-03-31T06:53:22.305+0000] {processor.py:914} INFO - Processing file /home/airflow/.local/lib/python3.12/site-packages/airflow/example_dags/example_params_trigger_ui.py for tasks to queue
[2025-03-31T06:53:22.309+0000] {logging_mixin.py:190} INFO - [2025-03-31T06:53:22.308+0000] {dagbag.py:588} INFO - Filling up the DagBag from /home/airflow/.local/lib/python3.12/site-packages/airflow/example_dags/example_params_trigger_ui.py
[2025-03-31T06:53:22.326+0000] {processor.py:925} INFO - DAG(s) 'example_params_trigger_ui' retrieved from /home/airflow/.local/lib/python3.12/site-packages/airflow/example_dags/example_params_trigger_ui.py
[2025-03-31T06:53:22.396+0000] {logging_mixin.py:190} INFO - [2025-03-31T06:53:22.396+0000] {dag.py:3239} INFO - Sync 1 DAGs
[2025-03-31T06:53:22.422+0000] {logging_mixin.py:190} INFO - [2025-03-31T06:53:22.421+0000] {dag.py:4180} INFO - Setting next_dagrun for example_params_trigger_ui to None, run_after=None
[2025-03-31T06:53:22.447+0000] {processor.py:208} INFO - Processing /home/airflow/.local/lib/python3.12/site-packages/airflow/example_dags/example_params_trigger_ui.py took 0.152 seconds
[2025-03-31T06:53:53.220+0000] {processor.py:186} INFO - Started process (PID=2738) to work on /home/airflow/.local/lib/python3.12/site-packages/airflow/example_dags/example_params_trigger_ui.py
[2025-03-31T06:53:53.221+0000] {processor.py:914} INFO - Processing file /home/airflow/.local/lib/python3.12/site-packages/airflow/example_dags/example_params_trigger_ui.py for tasks to queue
[2025-03-31T06:53:53.224+0000] {logging_mixin.py:190} INFO - [2025-03-31T06:53:53.224+0000] {dagbag.py:588} INFO - Filling up the DagBag from /home/airflow/.local/lib/python3.12/site-packages/airflow/example_dags/example_params_trigger_ui.py
[2025-03-31T06:53:53.236+0000] {processor.py:925} INFO - DAG(s) 'example_params_trigger_ui' retrieved from /home/airflow/.local/lib/python3.12/site-packages/airflow/example_dags/example_params_trigger_ui.py
[2025-03-31T06:53:53.292+0000] {logging_mixin.py:190} INFO - [2025-03-31T06:53:53.291+0000] {dag.py:3239} INFO - Sync 1 DAGs
[2025-03-31T06:53:53.309+0000] {logging_mixin.py:190} INFO - [2025-03-31T06:53:53.308+0000] {dag.py:4180} INFO - Setting next_dagrun for example_params_trigger_ui to None, run_after=None
[2025-03-31T06:53:53.334+0000] {processor.py:208} INFO - Processing /home/airflow/.local/lib/python3.12/site-packages/airflow/example_dags/example_params_trigger_ui.py took 0.123 seconds
[2025-03-31T06:54:24.883+0000] {processor.py:186} INFO - Started process (PID=3029) to work on /home/airflow/.local/lib/python3.12/site-packages/airflow/example_dags/example_params_trigger_ui.py
[2025-03-31T06:54:24.885+0000] {processor.py:914} INFO - Processing file /home/airflow/.local/lib/python3.12/site-packages/airflow/example_dags/example_params_trigger_ui.py for tasks to queue
[2025-03-31T06:54:24.887+0000] {logging_mixin.py:190} INFO - [2025-03-31T06:54:24.887+0000] {dagbag.py:588} INFO - Filling up the DagBag from /home/airflow/.local/lib/python3.12/site-packages/airflow/example_dags/example_params_trigger_ui.py
[2025-03-31T06:54:24.900+0000] {processor.py:925} INFO - DAG(s) 'example_params_trigger_ui' retrieved from /home/airflow/.local/lib/python3.12/site-packages/airflow/example_dags/example_params_trigger_ui.py
[2025-03-31T06:54:24.955+0000] {logging_mixin.py:190} INFO - [2025-03-31T06:54:24.955+0000] {dag.py:3239} INFO - Sync 1 DAGs
[2025-03-31T06:54:24.971+0000] {logging_mixin.py:190} INFO - [2025-03-31T06:54:24.970+0000] {dag.py:4180} INFO - Setting next_dagrun for example_params_trigger_ui to None, run_after=None
[2025-03-31T06:54:24.994+0000] {processor.py:208} INFO - Processing /home/airflow/.local/lib/python3.12/site-packages/airflow/example_dags/example_params_trigger_ui.py took 0.118 seconds
[2025-03-31T06:54:55.503+0000] {processor.py:186} INFO - Started process (PID=3320) to work on /home/airflow/.local/lib/python3.12/site-packages/airflow/example_dags/example_params_trigger_ui.py
[2025-03-31T06:54:55.504+0000] {processor.py:914} INFO - Processing file /home/airflow/.local/lib/python3.12/site-packages/airflow/example_dags/example_params_trigger_ui.py for tasks to queue
[2025-03-31T06:54:55.507+0000] {logging_mixin.py:190} INFO - [2025-03-31T06:54:55.507+0000] {dagbag.py:588} INFO - Filling up the DagBag from /home/airflow/.local/lib/python3.12/site-packages/airflow/example_dags/example_params_trigger_ui.py
[2025-03-31T06:54:55.519+0000] {processor.py:925} INFO - DAG(s) 'example_params_trigger_ui' retrieved from /home/airflow/.local/lib/python3.12/site-packages/airflow/example_dags/example_params_trigger_ui.py
[2025-03-31T06:54:55.566+0000] {logging_mixin.py:190} INFO - [2025-03-31T06:54:55.566+0000] {dag.py:3239} INFO - Sync 1 DAGs
[2025-03-31T06:54:55.580+0000] {logging_mixin.py:190} INFO - [2025-03-31T06:54:55.580+0000] {dag.py:4180} INFO - Setting next_dagrun for example_params_trigger_ui to None, run_after=None
[2025-03-31T06:54:55.599+0000] {processor.py:208} INFO - Processing /home/airflow/.local/lib/python3.12/site-packages/airflow/example_dags/example_params_trigger_ui.py took 0.103 seconds
[2025-03-31T06:55:26.975+0000] {processor.py:186} INFO - Started process (PID=3615) to work on /home/airflow/.local/lib/python3.12/site-packages/airflow/example_dags/example_params_trigger_ui.py
[2025-03-31T06:55:26.979+0000] {processor.py:914} INFO - Processing file /home/airflow/.local/lib/python3.12/site-packages/airflow/example_dags/example_params_trigger_ui.py for tasks to queue
[2025-03-31T06:55:26.982+0000] {logging_mixin.py:190} INFO - [2025-03-31T06:55:26.981+0000] {dagbag.py:588} INFO - Filling up the DagBag from /home/airflow/.local/lib/python3.12/site-packages/airflow/example_dags/example_params_trigger_ui.py
[2025-03-31T06:55:26.994+0000] {processor.py:925} INFO - DAG(s) 'example_params_trigger_ui' retrieved from /home/airflow/.local/lib/python3.12/site-packages/airflow/example_dags/example_params_trigger_ui.py
[2025-03-31T06:55:27.041+0000] {logging_mixin.py:190} INFO - [2025-03-31T06:55:27.041+0000] {dag.py:3239} INFO - Sync 1 DAGs
[2025-03-31T06:55:27.057+0000] {logging_mixin.py:190} INFO - [2025-03-31T06:55:27.057+0000] {dag.py:4180} INFO - Setting next_dagrun for example_params_trigger_ui to None, run_after=None
[2025-03-31T06:55:27.123+0000] {processor.py:208} INFO - Processing /home/airflow/.local/lib/python3.12/site-packages/airflow/example_dags/example_params_trigger_ui.py took 0.154 seconds
[2025-03-31T06:55:58.428+0000] {processor.py:186} INFO - Started process (PID=3910) to work on /home/airflow/.local/lib/python3.12/site-packages/airflow/example_dags/example_params_trigger_ui.py
[2025-03-31T06:55:58.429+0000] {processor.py:914} INFO - Processing file /home/airflow/.local/lib/python3.12/site-packages/airflow/example_dags/example_params_trigger_ui.py for tasks to queue
[2025-03-31T06:55:58.431+0000] {logging_mixin.py:190} INFO - [2025-03-31T06:55:58.431+0000] {dagbag.py:588} INFO - Filling up the DagBag from /home/airflow/.local/lib/python3.12/site-packages/airflow/example_dags/example_params_trigger_ui.py
[2025-03-31T06:55:58.444+0000] {processor.py:925} INFO - DAG(s) 'example_params_trigger_ui' retrieved from /home/airflow/.local/lib/python3.12/site-packages/airflow/example_dags/example_params_trigger_ui.py
[2025-03-31T06:55:58.485+0000] {logging_mixin.py:190} INFO - [2025-03-31T06:55:58.485+0000] {dag.py:3239} INFO - Sync 1 DAGs
[2025-03-31T06:55:58.500+0000] {logging_mixin.py:190} INFO - [2025-03-31T06:55:58.500+0000] {dag.py:4180} INFO - Setting next_dagrun for example_params_trigger_ui to None, run_after=None
[2025-03-31T06:55:58.517+0000] {processor.py:208} INFO - Processing /home/airflow/.local/lib/python3.12/site-packages/airflow/example_dags/example_params_trigger_ui.py took 0.095 seconds
[2025-03-31T06:56:31.526+0000] {processor.py:186} INFO - Started process (PID=4206) to work on /home/airflow/.local/lib/python3.12/site-packages/airflow/example_dags/example_params_trigger_ui.py
[2025-03-31T06:56:31.527+0000] {processor.py:914} INFO - Processing file /home/airflow/.local/lib/python3.12/site-packages/airflow/example_dags/example_params_trigger_ui.py for tasks to queue
[2025-03-31T06:56:31.531+0000] {logging_mixin.py:190} INFO - [2025-03-31T06:56:31.530+0000] {dagbag.py:588} INFO - Filling up the DagBag from /home/airflow/.local/lib/python3.12/site-packages/airflow/example_dags/example_params_trigger_ui.py
[2025-03-31T06:56:31.558+0000] {processor.py:925} INFO - DAG(s) 'example_params_trigger_ui' retrieved from /home/airflow/.local/lib/python3.12/site-packages/airflow/example_dags/example_params_trigger_ui.py
[2025-03-31T06:56:31.625+0000] {logging_mixin.py:190} INFO - [2025-03-31T06:56:31.624+0000] {dag.py:3239} INFO - Sync 1 DAGs
[2025-03-31T06:56:31.645+0000] {logging_mixin.py:190} INFO - [2025-03-31T06:56:31.645+0000] {dag.py:4180} INFO - Setting next_dagrun for example_params_trigger_ui to None, run_after=None
[2025-03-31T06:56:31.674+0000] {processor.py:208} INFO - Processing /home/airflow/.local/lib/python3.12/site-packages/airflow/example_dags/example_params_trigger_ui.py took 0.161 seconds
[2025-03-31T06:57:02.906+0000] {processor.py:186} INFO - Started process (PID=4497) to work on /home/airflow/.local/lib/python3.12/site-packages/airflow/example_dags/example_params_trigger_ui.py
[2025-03-31T06:57:02.907+0000] {processor.py:914} INFO - Processing file /home/airflow/.local/lib/python3.12/site-packages/airflow/example_dags/example_params_trigger_ui.py for tasks to queue
[2025-03-31T06:57:02.912+0000] {logging_mixin.py:190} INFO - [2025-03-31T06:57:02.911+0000] {dagbag.py:588} INFO - Filling up the DagBag from /home/airflow/.local/lib/python3.12/site-packages/airflow/example_dags/example_params_trigger_ui.py
[2025-03-31T06:57:02.931+0000] {processor.py:925} INFO - DAG(s) 'example_params_trigger_ui' retrieved from /home/airflow/.local/lib/python3.12/site-packages/airflow/example_dags/example_params_trigger_ui.py
[2025-03-31T06:57:03.007+0000] {logging_mixin.py:190} INFO - [2025-03-31T06:57:03.006+0000] {dag.py:3239} INFO - Sync 1 DAGs
[2025-03-31T06:57:03.033+0000] {logging_mixin.py:190} INFO - [2025-03-31T06:57:03.032+0000] {dag.py:4180} INFO - Setting next_dagrun for example_params_trigger_ui to None, run_after=None
[2025-03-31T06:57:03.068+0000] {processor.py:208} INFO - Processing /home/airflow/.local/lib/python3.12/site-packages/airflow/example_dags/example_params_trigger_ui.py took 0.177 seconds
[2025-03-31T06:57:33.693+0000] {processor.py:186} INFO - Started process (PID=4783) to work on /home/airflow/.local/lib/python3.12/site-packages/airflow/example_dags/example_params_trigger_ui.py
[2025-03-31T06:57:33.695+0000] {processor.py:914} INFO - Processing file /home/airflow/.local/lib/python3.12/site-packages/airflow/example_dags/example_params_trigger_ui.py for tasks to queue
[2025-03-31T06:57:33.699+0000] {logging_mixin.py:190} INFO - [2025-03-31T06:57:33.698+0000] {dagbag.py:588} INFO - Filling up the DagBag from /home/airflow/.local/lib/python3.12/site-packages/airflow/example_dags/example_params_trigger_ui.py
[2025-03-31T06:57:33.714+0000] {processor.py:925} INFO - DAG(s) 'example_params_trigger_ui' retrieved from /home/airflow/.local/lib/python3.12/site-packages/airflow/example_dags/example_params_trigger_ui.py
[2025-03-31T06:57:33.776+0000] {logging_mixin.py:190} INFO - [2025-03-31T06:57:33.775+0000] {dag.py:3239} INFO - Sync 1 DAGs
[2025-03-31T06:57:33.792+0000] {logging_mixin.py:190} INFO - [2025-03-31T06:57:33.792+0000] {dag.py:4180} INFO - Setting next_dagrun for example_params_trigger_ui to None, run_after=None
[2025-03-31T06:57:33.819+0000] {processor.py:208} INFO - Processing /home/airflow/.local/lib/python3.12/site-packages/airflow/example_dags/example_params_trigger_ui.py took 0.139 seconds
[2025-03-31T06:58:05.029+0000] {processor.py:186} INFO - Started process (PID=5076) to work on /home/airflow/.local/lib/python3.12/site-packages/airflow/example_dags/example_params_trigger_ui.py
[2025-03-31T06:58:05.031+0000] {processor.py:914} INFO - Processing file /home/airflow/.local/lib/python3.12/site-packages/airflow/example_dags/example_params_trigger_ui.py for tasks to queue
[2025-03-31T06:58:05.035+0000] {logging_mixin.py:190} INFO - [2025-03-31T06:58:05.035+0000] {dagbag.py:588} INFO - Filling up the DagBag from /home/airflow/.local/lib/python3.12/site-packages/airflow/example_dags/example_params_trigger_ui.py
[2025-03-31T06:58:05.052+0000] {processor.py:925} INFO - DAG(s) 'example_params_trigger_ui' retrieved from /home/airflow/.local/lib/python3.12/site-packages/airflow/example_dags/example_params_trigger_ui.py
[2025-03-31T06:58:05.107+0000] {logging_mixin.py:190} INFO - [2025-03-31T06:58:05.107+0000] {dag.py:3239} INFO - Sync 1 DAGs
[2025-03-31T06:58:05.125+0000] {logging_mixin.py:190} INFO - [2025-03-31T06:58:05.125+0000] {dag.py:4180} INFO - Setting next_dagrun for example_params_trigger_ui to None, run_after=None
[2025-03-31T06:58:05.147+0000] {processor.py:208} INFO - Processing /home/airflow/.local/lib/python3.12/site-packages/airflow/example_dags/example_params_trigger_ui.py took 0.126 seconds
[2025-03-31T06:58:36.380+0000] {processor.py:186} INFO - Started process (PID=5365) to work on /home/airflow/.local/lib/python3.12/site-packages/airflow/example_dags/example_params_trigger_ui.py
[2025-03-31T06:58:36.381+0000] {processor.py:914} INFO - Processing file /home/airflow/.local/lib/python3.12/site-packages/airflow/example_dags/example_params_trigger_ui.py for tasks to queue
[2025-03-31T06:58:36.384+0000] {logging_mixin.py:190} INFO - [2025-03-31T06:58:36.384+0000] {dagbag.py:588} INFO - Filling up the DagBag from /home/airflow/.local/lib/python3.12/site-packages/airflow/example_dags/example_params_trigger_ui.py
[2025-03-31T06:58:36.402+0000] {processor.py:925} INFO - DAG(s) 'example_params_trigger_ui' retrieved from /home/airflow/.local/lib/python3.12/site-packages/airflow/example_dags/example_params_trigger_ui.py
[2025-03-31T06:58:36.462+0000] {logging_mixin.py:190} INFO - [2025-03-31T06:58:36.462+0000] {dag.py:3239} INFO - Sync 1 DAGs
[2025-03-31T06:58:36.483+0000] {logging_mixin.py:190} INFO - [2025-03-31T06:58:36.483+0000] {dag.py:4180} INFO - Setting next_dagrun for example_params_trigger_ui to None, run_after=None
[2025-03-31T06:58:36.510+0000] {processor.py:208} INFO - Processing /home/airflow/.local/lib/python3.12/site-packages/airflow/example_dags/example_params_trigger_ui.py took 0.138 seconds
[2025-03-31T06:59:07.721+0000] {processor.py:186} INFO - Started process (PID=5658) to work on /home/airflow/.local/lib/python3.12/site-packages/airflow/example_dags/example_params_trigger_ui.py
[2025-03-31T06:59:07.722+0000] {processor.py:914} INFO - Processing file /home/airflow/.local/lib/python3.12/site-packages/airflow/example_dags/example_params_trigger_ui.py for tasks to queue
[2025-03-31T06:59:07.725+0000] {logging_mixin.py:190} INFO - [2025-03-31T06:59:07.724+0000] {dagbag.py:588} INFO - Filling up the DagBag from /home/airflow/.local/lib/python3.12/site-packages/airflow/example_dags/example_params_trigger_ui.py
[2025-03-31T06:59:07.737+0000] {processor.py:925} INFO - DAG(s) 'example_params_trigger_ui' retrieved from /home/airflow/.local/lib/python3.12/site-packages/airflow/example_dags/example_params_trigger_ui.py
[2025-03-31T06:59:07.783+0000] {logging_mixin.py:190} INFO - [2025-03-31T06:59:07.783+0000] {dag.py:3239} INFO - Sync 1 DAGs
[2025-03-31T06:59:07.802+0000] {logging_mixin.py:190} INFO - [2025-03-31T06:59:07.802+0000] {dag.py:4180} INFO - Setting next_dagrun for example_params_trigger_ui to None, run_after=None
[2025-03-31T06:59:07.822+0000] {processor.py:208} INFO - Processing /home/airflow/.local/lib/python3.12/site-packages/airflow/example_dags/example_params_trigger_ui.py took 0.107 seconds
[2025-03-31T06:59:39.018+0000] {processor.py:186} INFO - Started process (PID=5949) to work on /home/airflow/.local/lib/python3.12/site-packages/airflow/example_dags/example_params_trigger_ui.py
[2025-03-31T06:59:39.019+0000] {processor.py:914} INFO - Processing file /home/airflow/.local/lib/python3.12/site-packages/airflow/example_dags/example_params_trigger_ui.py for tasks to queue
[2025-03-31T06:59:39.021+0000] {logging_mixin.py:190} INFO - [2025-03-31T06:59:39.021+0000] {dagbag.py:588} INFO - Filling up the DagBag from /home/airflow/.local/lib/python3.12/site-packages/airflow/example_dags/example_params_trigger_ui.py
[2025-03-31T06:59:39.033+0000] {processor.py:925} INFO - DAG(s) 'example_params_trigger_ui' retrieved from /home/airflow/.local/lib/python3.12/site-packages/airflow/example_dags/example_params_trigger_ui.py
[2025-03-31T06:59:39.086+0000] {logging_mixin.py:190} INFO - [2025-03-31T06:59:39.086+0000] {dag.py:3239} INFO - Sync 1 DAGs
[2025-03-31T06:59:39.104+0000] {logging_mixin.py:190} INFO - [2025-03-31T06:59:39.104+0000] {dag.py:4180} INFO - Setting next_dagrun for example_params_trigger_ui to None, run_after=None
[2025-03-31T06:59:39.123+0000] {processor.py:208} INFO - Processing /home/airflow/.local/lib/python3.12/site-packages/airflow/example_dags/example_params_trigger_ui.py took 0.111 seconds
[2025-03-31T07:00:10.226+0000] {processor.py:186} INFO - Started process (PID=6238) to work on /home/airflow/.local/lib/python3.12/site-packages/airflow/example_dags/example_params_trigger_ui.py
[2025-03-31T07:00:10.227+0000] {processor.py:914} INFO - Processing file /home/airflow/.local/lib/python3.12/site-packages/airflow/example_dags/example_params_trigger_ui.py for tasks to queue
[2025-03-31T07:00:10.229+0000] {logging_mixin.py:190} INFO - [2025-03-31T07:00:10.229+0000] {dagbag.py:588} INFO - Filling up the DagBag from /home/airflow/.local/lib/python3.12/site-packages/airflow/example_dags/example_params_trigger_ui.py
[2025-03-31T07:00:10.242+0000] {processor.py:925} INFO - DAG(s) 'example_params_trigger_ui' retrieved from /home/airflow/.local/lib/python3.12/site-packages/airflow/example_dags/example_params_trigger_ui.py
[2025-03-31T07:00:10.292+0000] {logging_mixin.py:190} INFO - [2025-03-31T07:00:10.291+0000] {dag.py:3239} INFO - Sync 1 DAGs
[2025-03-31T07:00:10.309+0000] {logging_mixin.py:190} INFO - [2025-03-31T07:00:10.309+0000] {dag.py:4180} INFO - Setting next_dagrun for example_params_trigger_ui to None, run_after=None
[2025-03-31T07:00:10.328+0000] {processor.py:208} INFO - Processing /home/airflow/.local/lib/python3.12/site-packages/airflow/example_dags/example_params_trigger_ui.py took 0.108 seconds
[2025-03-31T07:00:41.834+0000] {processor.py:186} INFO - Started process (PID=6535) to work on /home/airflow/.local/lib/python3.12/site-packages/airflow/example_dags/example_params_trigger_ui.py
[2025-03-31T07:00:41.835+0000] {processor.py:914} INFO - Processing file /home/airflow/.local/lib/python3.12/site-packages/airflow/example_dags/example_params_trigger_ui.py for tasks to queue
[2025-03-31T07:00:41.838+0000] {logging_mixin.py:190} INFO - [2025-03-31T07:00:41.837+0000] {dagbag.py:588} INFO - Filling up the DagBag from /home/airflow/.local/lib/python3.12/site-packages/airflow/example_dags/example_params_trigger_ui.py
[2025-03-31T07:00:41.855+0000] {processor.py:925} INFO - DAG(s) 'example_params_trigger_ui' retrieved from /home/airflow/.local/lib/python3.12/site-packages/airflow/example_dags/example_params_trigger_ui.py
[2025-03-31T07:00:41.919+0000] {logging_mixin.py:190} INFO - [2025-03-31T07:00:41.918+0000] {dag.py:3239} INFO - Sync 1 DAGs
[2025-03-31T07:00:41.936+0000] {logging_mixin.py:190} INFO - [2025-03-31T07:00:41.936+0000] {dag.py:4180} INFO - Setting next_dagrun for example_params_trigger_ui to None, run_after=None
[2025-03-31T07:00:41.957+0000] {processor.py:208} INFO - Processing /home/airflow/.local/lib/python3.12/site-packages/airflow/example_dags/example_params_trigger_ui.py took 0.129 seconds
[2025-03-31T07:01:12.576+0000] {processor.py:186} INFO - Started process (PID=6826) to work on /home/airflow/.local/lib/python3.12/site-packages/airflow/example_dags/example_params_trigger_ui.py
[2025-03-31T07:01:12.576+0000] {processor.py:914} INFO - Processing file /home/airflow/.local/lib/python3.12/site-packages/airflow/example_dags/example_params_trigger_ui.py for tasks to queue
[2025-03-31T07:01:12.579+0000] {logging_mixin.py:190} INFO - [2025-03-31T07:01:12.579+0000] {dagbag.py:588} INFO - Filling up the DagBag from /home/airflow/.local/lib/python3.12/site-packages/airflow/example_dags/example_params_trigger_ui.py
[2025-03-31T07:01:12.590+0000] {processor.py:925} INFO - DAG(s) 'example_params_trigger_ui' retrieved from /home/airflow/.local/lib/python3.12/site-packages/airflow/example_dags/example_params_trigger_ui.py
[2025-03-31T07:01:12.631+0000] {logging_mixin.py:190} INFO - [2025-03-31T07:01:12.631+0000] {dag.py:3239} INFO - Sync 1 DAGs
[2025-03-31T07:01:12.643+0000] {logging_mixin.py:190} INFO - [2025-03-31T07:01:12.643+0000] {dag.py:4180} INFO - Setting next_dagrun for example_params_trigger_ui to None, run_after=None
[2025-03-31T07:01:12.663+0000] {processor.py:208} INFO - Processing /home/airflow/.local/lib/python3.12/site-packages/airflow/example_dags/example_params_trigger_ui.py took 0.094 seconds
[2025-03-31T07:01:43.211+0000] {processor.py:186} INFO - Started process (PID=7112) to work on /home/airflow/.local/lib/python3.12/site-packages/airflow/example_dags/example_params_trigger_ui.py
[2025-03-31T07:01:43.213+0000] {processor.py:914} INFO - Processing file /home/airflow/.local/lib/python3.12/site-packages/airflow/example_dags/example_params_trigger_ui.py for tasks to queue
[2025-03-31T07:01:43.215+0000] {logging_mixin.py:190} INFO - [2025-03-31T07:01:43.215+0000] {dagbag.py:588} INFO - Filling up the DagBag from /home/airflow/.local/lib/python3.12/site-packages/airflow/example_dags/example_params_trigger_ui.py
[2025-03-31T07:01:43.230+0000] {processor.py:925} INFO - DAG(s) 'example_params_trigger_ui' retrieved from /home/airflow/.local/lib/python3.12/site-packages/airflow/example_dags/example_params_trigger_ui.py
[2025-03-31T07:01:43.285+0000] {logging_mixin.py:190} INFO - [2025-03-31T07:01:43.285+0000] {dag.py:3239} INFO - Sync 1 DAGs
[2025-03-31T07:01:43.301+0000] {logging_mixin.py:190} INFO - [2025-03-31T07:01:43.301+0000] {dag.py:4180} INFO - Setting next_dagrun for example_params_trigger_ui to None, run_after=None
[2025-03-31T07:01:43.320+0000] {processor.py:208} INFO - Processing /home/airflow/.local/lib/python3.12/site-packages/airflow/example_dags/example_params_trigger_ui.py took 0.116 seconds
[2025-03-31T07:02:15.083+0000] {processor.py:186} INFO - Started process (PID=7408) to work on /home/airflow/.local/lib/python3.12/site-packages/airflow/example_dags/example_params_trigger_ui.py
[2025-03-31T07:02:15.084+0000] {processor.py:914} INFO - Processing file /home/airflow/.local/lib/python3.12/site-packages/airflow/example_dags/example_params_trigger_ui.py for tasks to queue
[2025-03-31T07:02:15.088+0000] {logging_mixin.py:190} INFO - [2025-03-31T07:02:15.088+0000] {dagbag.py:588} INFO - Filling up the DagBag from /home/airflow/.local/lib/python3.12/site-packages/airflow/example_dags/example_params_trigger_ui.py
[2025-03-31T07:02:15.101+0000] {processor.py:925} INFO - DAG(s) 'example_params_trigger_ui' retrieved from /home/airflow/.local/lib/python3.12/site-packages/airflow/example_dags/example_params_trigger_ui.py
[2025-03-31T07:02:15.145+0000] {logging_mixin.py:190} INFO - [2025-03-31T07:02:15.144+0000] {dag.py:3239} INFO - Sync 1 DAGs
[2025-03-31T07:02:15.161+0000] {logging_mixin.py:190} INFO - [2025-03-31T07:02:15.161+0000] {dag.py:4180} INFO - Setting next_dagrun for example_params_trigger_ui to None, run_after=None
[2025-03-31T07:02:15.180+0000] {processor.py:208} INFO - Processing /home/airflow/.local/lib/python3.12/site-packages/airflow/example_dags/example_params_trigger_ui.py took 0.103 seconds
[2025-03-31T07:02:46.011+0000] {processor.py:186} INFO - Started process (PID=7701) to work on /home/airflow/.local/lib/python3.12/site-packages/airflow/example_dags/example_params_trigger_ui.py
[2025-03-31T07:02:46.012+0000] {processor.py:914} INFO - Processing file /home/airflow/.local/lib/python3.12/site-packages/airflow/example_dags/example_params_trigger_ui.py for tasks to queue
[2025-03-31T07:02:46.014+0000] {logging_mixin.py:190} INFO - [2025-03-31T07:02:46.014+0000] {dagbag.py:588} INFO - Filling up the DagBag from /home/airflow/.local/lib/python3.12/site-packages/airflow/example_dags/example_params_trigger_ui.py
[2025-03-31T07:02:46.026+0000] {processor.py:925} INFO - DAG(s) 'example_params_trigger_ui' retrieved from /home/airflow/.local/lib/python3.12/site-packages/airflow/example_dags/example_params_trigger_ui.py
[2025-03-31T07:02:46.070+0000] {logging_mixin.py:190} INFO - [2025-03-31T07:02:46.070+0000] {dag.py:3239} INFO - Sync 1 DAGs
[2025-03-31T07:02:46.084+0000] {logging_mixin.py:190} INFO - [2025-03-31T07:02:46.084+0000] {dag.py:4180} INFO - Setting next_dagrun for example_params_trigger_ui to None, run_after=None
[2025-03-31T07:02:46.102+0000] {processor.py:208} INFO - Processing /home/airflow/.local/lib/python3.12/site-packages/airflow/example_dags/example_params_trigger_ui.py took 0.097 seconds
[2025-03-31T07:03:17.040+0000] {processor.py:186} INFO - Started process (PID=7990) to work on /home/airflow/.local/lib/python3.12/site-packages/airflow/example_dags/example_params_trigger_ui.py
[2025-03-31T07:03:17.042+0000] {processor.py:914} INFO - Processing file /home/airflow/.local/lib/python3.12/site-packages/airflow/example_dags/example_params_trigger_ui.py for tasks to queue
[2025-03-31T07:03:17.045+0000] {logging_mixin.py:190} INFO - [2025-03-31T07:03:17.044+0000] {dagbag.py:588} INFO - Filling up the DagBag from /home/airflow/.local/lib/python3.12/site-packages/airflow/example_dags/example_params_trigger_ui.py
[2025-03-31T07:03:17.059+0000] {processor.py:925} INFO - DAG(s) 'example_params_trigger_ui' retrieved from /home/airflow/.local/lib/python3.12/site-packages/airflow/example_dags/example_params_trigger_ui.py
[2025-03-31T07:03:17.111+0000] {logging_mixin.py:190} INFO - [2025-03-31T07:03:17.111+0000] {dag.py:3239} INFO - Sync 1 DAGs
[2025-03-31T07:03:17.125+0000] {logging_mixin.py:190} INFO - [2025-03-31T07:03:17.125+0000] {dag.py:4180} INFO - Setting next_dagrun for example_params_trigger_ui to None, run_after=None
[2025-03-31T07:03:17.142+0000] {processor.py:208} INFO - Processing /home/airflow/.local/lib/python3.12/site-packages/airflow/example_dags/example_params_trigger_ui.py took 0.109 seconds
[2025-03-31T07:03:48.877+0000] {processor.py:186} INFO - Started process (PID=8281) to work on /home/airflow/.local/lib/python3.12/site-packages/airflow/example_dags/example_params_trigger_ui.py
[2025-03-31T07:03:48.878+0000] {processor.py:914} INFO - Processing file /home/airflow/.local/lib/python3.12/site-packages/airflow/example_dags/example_params_trigger_ui.py for tasks to queue
[2025-03-31T07:03:48.881+0000] {logging_mixin.py:190} INFO - [2025-03-31T07:03:48.880+0000] {dagbag.py:588} INFO - Filling up the DagBag from /home/airflow/.local/lib/python3.12/site-packages/airflow/example_dags/example_params_trigger_ui.py
[2025-03-31T07:03:48.893+0000] {processor.py:925} INFO - DAG(s) 'example_params_trigger_ui' retrieved from /home/airflow/.local/lib/python3.12/site-packages/airflow/example_dags/example_params_trigger_ui.py
[2025-03-31T07:03:48.939+0000] {logging_mixin.py:190} INFO - [2025-03-31T07:03:48.939+0000] {dag.py:3239} INFO - Sync 1 DAGs
[2025-03-31T07:03:48.954+0000] {logging_mixin.py:190} INFO - [2025-03-31T07:03:48.954+0000] {dag.py:4180} INFO - Setting next_dagrun for example_params_trigger_ui to None, run_after=None
[2025-03-31T07:03:48.972+0000] {processor.py:208} INFO - Processing /home/airflow/.local/lib/python3.12/site-packages/airflow/example_dags/example_params_trigger_ui.py took 0.101 seconds
[2025-03-31T07:04:19.900+0000] {processor.py:186} INFO - Started process (PID=8572) to work on /home/airflow/.local/lib/python3.12/site-packages/airflow/example_dags/example_params_trigger_ui.py
[2025-03-31T07:04:19.901+0000] {processor.py:914} INFO - Processing file /home/airflow/.local/lib/python3.12/site-packages/airflow/example_dags/example_params_trigger_ui.py for tasks to queue
[2025-03-31T07:04:19.904+0000] {logging_mixin.py:190} INFO - [2025-03-31T07:04:19.904+0000] {dagbag.py:588} INFO - Filling up the DagBag from /home/airflow/.local/lib/python3.12/site-packages/airflow/example_dags/example_params_trigger_ui.py
[2025-03-31T07:04:19.918+0000] {processor.py:925} INFO - DAG(s) 'example_params_trigger_ui' retrieved from /home/airflow/.local/lib/python3.12/site-packages/airflow/example_dags/example_params_trigger_ui.py
[2025-03-31T07:04:19.967+0000] {logging_mixin.py:190} INFO - [2025-03-31T07:04:19.967+0000] {dag.py:3239} INFO - Sync 1 DAGs
[2025-03-31T07:04:19.984+0000] {logging_mixin.py:190} INFO - [2025-03-31T07:04:19.983+0000] {dag.py:4180} INFO - Setting next_dagrun for example_params_trigger_ui to None, run_after=None
[2025-03-31T07:04:20.006+0000] {processor.py:208} INFO - Processing /home/airflow/.local/lib/python3.12/site-packages/airflow/example_dags/example_params_trigger_ui.py took 0.112 seconds
[2025-03-31T07:04:51.357+0000] {processor.py:186} INFO - Started process (PID=8863) to work on /home/airflow/.local/lib/python3.12/site-packages/airflow/example_dags/example_params_trigger_ui.py
[2025-03-31T07:04:51.358+0000] {processor.py:914} INFO - Processing file /home/airflow/.local/lib/python3.12/site-packages/airflow/example_dags/example_params_trigger_ui.py for tasks to queue
[2025-03-31T07:04:51.362+0000] {logging_mixin.py:190} INFO - [2025-03-31T07:04:51.362+0000] {dagbag.py:588} INFO - Filling up the DagBag from /home/airflow/.local/lib/python3.12/site-packages/airflow/example_dags/example_params_trigger_ui.py
[2025-03-31T07:04:51.375+0000] {processor.py:925} INFO - DAG(s) 'example_params_trigger_ui' retrieved from /home/airflow/.local/lib/python3.12/site-packages/airflow/example_dags/example_params_trigger_ui.py
[2025-03-31T07:04:51.422+0000] {logging_mixin.py:190} INFO - [2025-03-31T07:04:51.421+0000] {dag.py:3239} INFO - Sync 1 DAGs
[2025-03-31T07:04:51.440+0000] {logging_mixin.py:190} INFO - [2025-03-31T07:04:51.440+0000] {dag.py:4180} INFO - Setting next_dagrun for example_params_trigger_ui to None, run_after=None
[2025-03-31T07:04:51.460+0000] {processor.py:208} INFO - Processing /home/airflow/.local/lib/python3.12/site-packages/airflow/example_dags/example_params_trigger_ui.py took 0.109 seconds
[2025-03-31T07:05:22.628+0000] {processor.py:186} INFO - Started process (PID=9154) to work on /home/airflow/.local/lib/python3.12/site-packages/airflow/example_dags/example_params_trigger_ui.py
[2025-03-31T07:05:22.629+0000] {processor.py:914} INFO - Processing file /home/airflow/.local/lib/python3.12/site-packages/airflow/example_dags/example_params_trigger_ui.py for tasks to queue
[2025-03-31T07:05:22.633+0000] {logging_mixin.py:190} INFO - [2025-03-31T07:05:22.633+0000] {dagbag.py:588} INFO - Filling up the DagBag from /home/airflow/.local/lib/python3.12/site-packages/airflow/example_dags/example_params_trigger_ui.py
[2025-03-31T07:05:22.648+0000] {processor.py:925} INFO - DAG(s) 'example_params_trigger_ui' retrieved from /home/airflow/.local/lib/python3.12/site-packages/airflow/example_dags/example_params_trigger_ui.py
[2025-03-31T07:05:22.707+0000] {logging_mixin.py:190} INFO - [2025-03-31T07:05:22.707+0000] {dag.py:3239} INFO - Sync 1 DAGs
[2025-03-31T07:05:22.726+0000] {logging_mixin.py:190} INFO - [2025-03-31T07:05:22.725+0000] {dag.py:4180} INFO - Setting next_dagrun for example_params_trigger_ui to None, run_after=None
[2025-03-31T07:05:22.745+0000] {processor.py:208} INFO - Processing /home/airflow/.local/lib/python3.12/site-packages/airflow/example_dags/example_params_trigger_ui.py took 0.126 seconds
[2025-03-31T07:05:53.558+0000] {processor.py:186} INFO - Started process (PID=9440) to work on /home/airflow/.local/lib/python3.12/site-packages/airflow/example_dags/example_params_trigger_ui.py
[2025-03-31T07:05:53.559+0000] {processor.py:914} INFO - Processing file /home/airflow/.local/lib/python3.12/site-packages/airflow/example_dags/example_params_trigger_ui.py for tasks to queue
[2025-03-31T07:05:53.561+0000] {logging_mixin.py:190} INFO - [2025-03-31T07:05:53.561+0000] {dagbag.py:588} INFO - Filling up the DagBag from /home/airflow/.local/lib/python3.12/site-packages/airflow/example_dags/example_params_trigger_ui.py
[2025-03-31T07:05:53.574+0000] {processor.py:925} INFO - DAG(s) 'example_params_trigger_ui' retrieved from /home/airflow/.local/lib/python3.12/site-packages/airflow/example_dags/example_params_trigger_ui.py
[2025-03-31T07:05:53.619+0000] {logging_mixin.py:190} INFO - [2025-03-31T07:05:53.619+0000] {dag.py:3239} INFO - Sync 1 DAGs
[2025-03-31T07:05:53.636+0000] {logging_mixin.py:190} INFO - [2025-03-31T07:05:53.636+0000] {dag.py:4180} INFO - Setting next_dagrun for example_params_trigger_ui to None, run_after=None
[2025-03-31T07:05:53.653+0000] {processor.py:208} INFO - Processing /home/airflow/.local/lib/python3.12/site-packages/airflow/example_dags/example_params_trigger_ui.py took 0.101 seconds
[2025-03-31T07:06:24.675+0000] {processor.py:186} INFO - Started process (PID=9731) to work on /home/airflow/.local/lib/python3.12/site-packages/airflow/example_dags/example_params_trigger_ui.py
[2025-03-31T07:06:24.676+0000] {processor.py:914} INFO - Processing file /home/airflow/.local/lib/python3.12/site-packages/airflow/example_dags/example_params_trigger_ui.py for tasks to queue
[2025-03-31T07:06:24.679+0000] {logging_mixin.py:190} INFO - [2025-03-31T07:06:24.678+0000] {dagbag.py:588} INFO - Filling up the DagBag from /home/airflow/.local/lib/python3.12/site-packages/airflow/example_dags/example_params_trigger_ui.py
[2025-03-31T07:06:24.692+0000] {processor.py:925} INFO - DAG(s) 'example_params_trigger_ui' retrieved from /home/airflow/.local/lib/python3.12/site-packages/airflow/example_dags/example_params_trigger_ui.py
[2025-03-31T07:06:24.740+0000] {logging_mixin.py:190} INFO - [2025-03-31T07:06:24.740+0000] {dag.py:3239} INFO - Sync 1 DAGs
[2025-03-31T07:06:24.756+0000] {logging_mixin.py:190} INFO - [2025-03-31T07:06:24.756+0000] {dag.py:4180} INFO - Setting next_dagrun for example_params_trigger_ui to None, run_after=None
[2025-03-31T07:06:24.778+0000] {processor.py:208} INFO - Processing /home/airflow/.local/lib/python3.12/site-packages/airflow/example_dags/example_params_trigger_ui.py took 0.112 seconds
[2025-03-31T07:06:55.653+0000] {processor.py:186} INFO - Started process (PID=10022) to work on /home/airflow/.local/lib/python3.12/site-packages/airflow/example_dags/example_params_trigger_ui.py
[2025-03-31T07:06:55.654+0000] {processor.py:914} INFO - Processing file /home/airflow/.local/lib/python3.12/site-packages/airflow/example_dags/example_params_trigger_ui.py for tasks to queue
[2025-03-31T07:06:55.656+0000] {logging_mixin.py:190} INFO - [2025-03-31T07:06:55.656+0000] {dagbag.py:588} INFO - Filling up the DagBag from /home/airflow/.local/lib/python3.12/site-packages/airflow/example_dags/example_params_trigger_ui.py
[2025-03-31T07:06:55.667+0000] {processor.py:925} INFO - DAG(s) 'example_params_trigger_ui' retrieved from /home/airflow/.local/lib/python3.12/site-packages/airflow/example_dags/example_params_trigger_ui.py
[2025-03-31T07:06:55.711+0000] {logging_mixin.py:190} INFO - [2025-03-31T07:06:55.711+0000] {dag.py:3239} INFO - Sync 1 DAGs
[2025-03-31T07:06:55.727+0000] {logging_mixin.py:190} INFO - [2025-03-31T07:06:55.726+0000] {dag.py:4180} INFO - Setting next_dagrun for example_params_trigger_ui to None, run_after=None
[2025-03-31T07:06:55.746+0000] {processor.py:208} INFO - Processing /home/airflow/.local/lib/python3.12/site-packages/airflow/example_dags/example_params_trigger_ui.py took 0.100 seconds
[2025-03-31T07:07:27.715+0000] {processor.py:186} INFO - Started process (PID=10328) to work on /home/airflow/.local/lib/python3.12/site-packages/airflow/example_dags/example_params_trigger_ui.py
[2025-03-31T07:07:27.716+0000] {processor.py:914} INFO - Processing file /home/airflow/.local/lib/python3.12/site-packages/airflow/example_dags/example_params_trigger_ui.py for tasks to queue
[2025-03-31T07:07:27.739+0000] {logging_mixin.py:190} INFO - [2025-03-31T07:07:27.739+0000] {dagbag.py:588} INFO - Filling up the DagBag from /home/airflow/.local/lib/python3.12/site-packages/airflow/example_dags/example_params_trigger_ui.py
[2025-03-31T07:07:27.751+0000] {processor.py:925} INFO - DAG(s) 'example_params_trigger_ui' retrieved from /home/airflow/.local/lib/python3.12/site-packages/airflow/example_dags/example_params_trigger_ui.py
[2025-03-31T07:07:27.797+0000] {logging_mixin.py:190} INFO - [2025-03-31T07:07:27.797+0000] {dag.py:3239} INFO - Sync 1 DAGs
[2025-03-31T07:07:27.813+0000] {logging_mixin.py:190} INFO - [2025-03-31T07:07:27.813+0000] {dag.py:4180} INFO - Setting next_dagrun for example_params_trigger_ui to None, run_after=None
[2025-03-31T07:07:27.834+0000] {processor.py:208} INFO - Processing /home/airflow/.local/lib/python3.12/site-packages/airflow/example_dags/example_params_trigger_ui.py took 0.125 seconds
[2025-03-31T07:07:58.463+0000] {processor.py:186} INFO - Started process (PID=10619) to work on /home/airflow/.local/lib/python3.12/site-packages/airflow/example_dags/example_params_trigger_ui.py
[2025-03-31T07:07:58.464+0000] {processor.py:914} INFO - Processing file /home/airflow/.local/lib/python3.12/site-packages/airflow/example_dags/example_params_trigger_ui.py for tasks to queue
[2025-03-31T07:07:58.468+0000] {logging_mixin.py:190} INFO - [2025-03-31T07:07:58.468+0000] {dagbag.py:588} INFO - Filling up the DagBag from /home/airflow/.local/lib/python3.12/site-packages/airflow/example_dags/example_params_trigger_ui.py
[2025-03-31T07:07:58.480+0000] {processor.py:925} INFO - DAG(s) 'example_params_trigger_ui' retrieved from /home/airflow/.local/lib/python3.12/site-packages/airflow/example_dags/example_params_trigger_ui.py
[2025-03-31T07:07:58.523+0000] {logging_mixin.py:190} INFO - [2025-03-31T07:07:58.522+0000] {dag.py:3239} INFO - Sync 1 DAGs
[2025-03-31T07:07:58.537+0000] {logging_mixin.py:190} INFO - [2025-03-31T07:07:58.536+0000] {dag.py:4180} INFO - Setting next_dagrun for example_params_trigger_ui to None, run_after=None
[2025-03-31T07:07:58.555+0000] {processor.py:208} INFO - Processing /home/airflow/.local/lib/python3.12/site-packages/airflow/example_dags/example_params_trigger_ui.py took 0.098 seconds
[2025-03-31T07:08:30.800+0000] {processor.py:186} INFO - Started process (PID=10955) to work on /home/airflow/.local/lib/python3.12/site-packages/airflow/example_dags/example_params_trigger_ui.py
[2025-03-31T07:08:30.801+0000] {processor.py:914} INFO - Processing file /home/airflow/.local/lib/python3.12/site-packages/airflow/example_dags/example_params_trigger_ui.py for tasks to queue
[2025-03-31T07:08:30.804+0000] {logging_mixin.py:190} INFO - [2025-03-31T07:08:30.803+0000] {dagbag.py:588} INFO - Filling up the DagBag from /home/airflow/.local/lib/python3.12/site-packages/airflow/example_dags/example_params_trigger_ui.py
[2025-03-31T07:08:30.815+0000] {processor.py:925} INFO - DAG(s) 'example_params_trigger_ui' retrieved from /home/airflow/.local/lib/python3.12/site-packages/airflow/example_dags/example_params_trigger_ui.py
[2025-03-31T07:08:30.861+0000] {logging_mixin.py:190} INFO - [2025-03-31T07:08:30.861+0000] {dag.py:3239} INFO - Sync 1 DAGs
[2025-03-31T07:08:30.876+0000] {logging_mixin.py:190} INFO - [2025-03-31T07:08:30.876+0000] {dag.py:4180} INFO - Setting next_dagrun for example_params_trigger_ui to None, run_after=None
[2025-03-31T07:08:30.895+0000] {processor.py:208} INFO - Processing /home/airflow/.local/lib/python3.12/site-packages/airflow/example_dags/example_params_trigger_ui.py took 0.101 seconds
[2025-03-31T07:09:02.811+0000] {processor.py:186} INFO - Started process (PID=11301) to work on /home/airflow/.local/lib/python3.12/site-packages/airflow/example_dags/example_params_trigger_ui.py
[2025-03-31T07:09:02.812+0000] {processor.py:914} INFO - Processing file /home/airflow/.local/lib/python3.12/site-packages/airflow/example_dags/example_params_trigger_ui.py for tasks to queue
[2025-03-31T07:09:02.814+0000] {logging_mixin.py:190} INFO - [2025-03-31T07:09:02.814+0000] {dagbag.py:588} INFO - Filling up the DagBag from /home/airflow/.local/lib/python3.12/site-packages/airflow/example_dags/example_params_trigger_ui.py
[2025-03-31T07:09:02.825+0000] {processor.py:925} INFO - DAG(s) 'example_params_trigger_ui' retrieved from /home/airflow/.local/lib/python3.12/site-packages/airflow/example_dags/example_params_trigger_ui.py
[2025-03-31T07:09:02.869+0000] {logging_mixin.py:190} INFO - [2025-03-31T07:09:02.869+0000] {dag.py:3239} INFO - Sync 1 DAGs
[2025-03-31T07:09:02.884+0000] {logging_mixin.py:190} INFO - [2025-03-31T07:09:02.884+0000] {dag.py:4180} INFO - Setting next_dagrun for example_params_trigger_ui to None, run_after=None
[2025-03-31T07:09:02.903+0000] {processor.py:208} INFO - Processing /home/airflow/.local/lib/python3.12/site-packages/airflow/example_dags/example_params_trigger_ui.py took 0.098 seconds
[2025-03-31T07:09:33.447+0000] {processor.py:186} INFO - Started process (PID=11592) to work on /home/airflow/.local/lib/python3.12/site-packages/airflow/example_dags/example_params_trigger_ui.py
[2025-03-31T07:09:33.448+0000] {processor.py:914} INFO - Processing file /home/airflow/.local/lib/python3.12/site-packages/airflow/example_dags/example_params_trigger_ui.py for tasks to queue
[2025-03-31T07:09:33.450+0000] {logging_mixin.py:190} INFO - [2025-03-31T07:09:33.450+0000] {dagbag.py:588} INFO - Filling up the DagBag from /home/airflow/.local/lib/python3.12/site-packages/airflow/example_dags/example_params_trigger_ui.py
[2025-03-31T07:09:33.462+0000] {processor.py:925} INFO - DAG(s) 'example_params_trigger_ui' retrieved from /home/airflow/.local/lib/python3.12/site-packages/airflow/example_dags/example_params_trigger_ui.py
[2025-03-31T07:09:33.506+0000] {logging_mixin.py:190} INFO - [2025-03-31T07:09:33.506+0000] {dag.py:3239} INFO - Sync 1 DAGs
[2025-03-31T07:09:33.522+0000] {logging_mixin.py:190} INFO - [2025-03-31T07:09:33.522+0000] {dag.py:4180} INFO - Setting next_dagrun for example_params_trigger_ui to None, run_after=None
[2025-03-31T07:09:33.542+0000] {processor.py:208} INFO - Processing /home/airflow/.local/lib/python3.12/site-packages/airflow/example_dags/example_params_trigger_ui.py took 0.101 seconds
[2025-03-31T07:10:04.418+0000] {processor.py:186} INFO - Started process (PID=11883) to work on /home/airflow/.local/lib/python3.12/site-packages/airflow/example_dags/example_params_trigger_ui.py
[2025-03-31T07:10:04.419+0000] {processor.py:914} INFO - Processing file /home/airflow/.local/lib/python3.12/site-packages/airflow/example_dags/example_params_trigger_ui.py for tasks to queue
[2025-03-31T07:10:04.421+0000] {logging_mixin.py:190} INFO - [2025-03-31T07:10:04.421+0000] {dagbag.py:588} INFO - Filling up the DagBag from /home/airflow/.local/lib/python3.12/site-packages/airflow/example_dags/example_params_trigger_ui.py
[2025-03-31T07:10:04.433+0000] {processor.py:925} INFO - DAG(s) 'example_params_trigger_ui' retrieved from /home/airflow/.local/lib/python3.12/site-packages/airflow/example_dags/example_params_trigger_ui.py
[2025-03-31T07:10:04.477+0000] {logging_mixin.py:190} INFO - [2025-03-31T07:10:04.477+0000] {dag.py:3239} INFO - Sync 1 DAGs
[2025-03-31T07:10:04.493+0000] {logging_mixin.py:190} INFO - [2025-03-31T07:10:04.493+0000] {dag.py:4180} INFO - Setting next_dagrun for example_params_trigger_ui to None, run_after=None
[2025-03-31T07:10:04.510+0000] {processor.py:208} INFO - Processing /home/airflow/.local/lib/python3.12/site-packages/airflow/example_dags/example_params_trigger_ui.py took 0.099 seconds
[2025-03-31T07:10:35.872+0000] {processor.py:186} INFO - Started process (PID=12174) to work on /home/airflow/.local/lib/python3.12/site-packages/airflow/example_dags/example_params_trigger_ui.py
[2025-03-31T07:10:35.873+0000] {processor.py:914} INFO - Processing file /home/airflow/.local/lib/python3.12/site-packages/airflow/example_dags/example_params_trigger_ui.py for tasks to queue
[2025-03-31T07:10:35.876+0000] {logging_mixin.py:190} INFO - [2025-03-31T07:10:35.875+0000] {dagbag.py:588} INFO - Filling up the DagBag from /home/airflow/.local/lib/python3.12/site-packages/airflow/example_dags/example_params_trigger_ui.py
[2025-03-31T07:10:35.888+0000] {processor.py:925} INFO - DAG(s) 'example_params_trigger_ui' retrieved from /home/airflow/.local/lib/python3.12/site-packages/airflow/example_dags/example_params_trigger_ui.py
[2025-03-31T07:10:35.931+0000] {logging_mixin.py:190} INFO - [2025-03-31T07:10:35.931+0000] {dag.py:3239} INFO - Sync 1 DAGs
[2025-03-31T07:10:35.946+0000] {logging_mixin.py:190} INFO - [2025-03-31T07:10:35.946+0000] {dag.py:4180} INFO - Setting next_dagrun for example_params_trigger_ui to None, run_after=None
[2025-03-31T07:10:35.964+0000] {processor.py:208} INFO - Processing /home/airflow/.local/lib/python3.12/site-packages/airflow/example_dags/example_params_trigger_ui.py took 0.098 seconds
[2025-03-31T07:11:06.819+0000] {processor.py:186} INFO - Started process (PID=12480) to work on /home/airflow/.local/lib/python3.12/site-packages/airflow/example_dags/example_params_trigger_ui.py
[2025-03-31T07:11:06.821+0000] {processor.py:914} INFO - Processing file /home/airflow/.local/lib/python3.12/site-packages/airflow/example_dags/example_params_trigger_ui.py for tasks to queue
[2025-03-31T07:11:06.823+0000] {logging_mixin.py:190} INFO - [2025-03-31T07:11:06.823+0000] {dagbag.py:588} INFO - Filling up the DagBag from /home/airflow/.local/lib/python3.12/site-packages/airflow/example_dags/example_params_trigger_ui.py
[2025-03-31T07:11:06.835+0000] {processor.py:925} INFO - DAG(s) 'example_params_trigger_ui' retrieved from /home/airflow/.local/lib/python3.12/site-packages/airflow/example_dags/example_params_trigger_ui.py
[2025-03-31T07:11:06.878+0000] {logging_mixin.py:190} INFO - [2025-03-31T07:11:06.878+0000] {dag.py:3239} INFO - Sync 1 DAGs
[2025-03-31T07:11:06.893+0000] {logging_mixin.py:190} INFO - [2025-03-31T07:11:06.893+0000] {dag.py:4180} INFO - Setting next_dagrun for example_params_trigger_ui to None, run_after=None
[2025-03-31T07:11:06.910+0000] {processor.py:208} INFO - Processing /home/airflow/.local/lib/python3.12/site-packages/airflow/example_dags/example_params_trigger_ui.py took 0.097 seconds
[2025-03-31T07:11:37.888+0000] {processor.py:186} INFO - Started process (PID=12771) to work on /home/airflow/.local/lib/python3.12/site-packages/airflow/example_dags/example_params_trigger_ui.py
[2025-03-31T07:11:37.889+0000] {processor.py:914} INFO - Processing file /home/airflow/.local/lib/python3.12/site-packages/airflow/example_dags/example_params_trigger_ui.py for tasks to queue
[2025-03-31T07:11:37.891+0000] {logging_mixin.py:190} INFO - [2025-03-31T07:11:37.891+0000] {dagbag.py:588} INFO - Filling up the DagBag from /home/airflow/.local/lib/python3.12/site-packages/airflow/example_dags/example_params_trigger_ui.py
[2025-03-31T07:11:37.903+0000] {processor.py:925} INFO - DAG(s) 'example_params_trigger_ui' retrieved from /home/airflow/.local/lib/python3.12/site-packages/airflow/example_dags/example_params_trigger_ui.py
[2025-03-31T07:11:37.950+0000] {logging_mixin.py:190} INFO - [2025-03-31T07:11:37.950+0000] {dag.py:3239} INFO - Sync 1 DAGs
[2025-03-31T07:11:37.966+0000] {logging_mixin.py:190} INFO - [2025-03-31T07:11:37.966+0000] {dag.py:4180} INFO - Setting next_dagrun for example_params_trigger_ui to None, run_after=None
[2025-03-31T07:11:37.986+0000] {processor.py:208} INFO - Processing /home/airflow/.local/lib/python3.12/site-packages/airflow/example_dags/example_params_trigger_ui.py took 0.104 seconds
[2025-03-31T07:12:08.729+0000] {processor.py:186} INFO - Started process (PID=13062) to work on /home/airflow/.local/lib/python3.12/site-packages/airflow/example_dags/example_params_trigger_ui.py
[2025-03-31T07:12:08.730+0000] {processor.py:914} INFO - Processing file /home/airflow/.local/lib/python3.12/site-packages/airflow/example_dags/example_params_trigger_ui.py for tasks to queue
[2025-03-31T07:12:08.733+0000] {logging_mixin.py:190} INFO - [2025-03-31T07:12:08.732+0000] {dagbag.py:588} INFO - Filling up the DagBag from /home/airflow/.local/lib/python3.12/site-packages/airflow/example_dags/example_params_trigger_ui.py
[2025-03-31T07:12:08.745+0000] {processor.py:925} INFO - DAG(s) 'example_params_trigger_ui' retrieved from /home/airflow/.local/lib/python3.12/site-packages/airflow/example_dags/example_params_trigger_ui.py
[2025-03-31T07:12:08.790+0000] {logging_mixin.py:190} INFO - [2025-03-31T07:12:08.790+0000] {dag.py:3239} INFO - Sync 1 DAGs
[2025-03-31T07:12:08.806+0000] {logging_mixin.py:190} INFO - [2025-03-31T07:12:08.806+0000] {dag.py:4180} INFO - Setting next_dagrun for example_params_trigger_ui to None, run_after=None
[2025-03-31T07:12:08.824+0000] {processor.py:208} INFO - Processing /home/airflow/.local/lib/python3.12/site-packages/airflow/example_dags/example_params_trigger_ui.py took 0.101 seconds
[2025-03-31T07:12:39.462+0000] {processor.py:186} INFO - Started process (PID=13353) to work on /home/airflow/.local/lib/python3.12/site-packages/airflow/example_dags/example_params_trigger_ui.py
[2025-03-31T07:12:39.463+0000] {processor.py:914} INFO - Processing file /home/airflow/.local/lib/python3.12/site-packages/airflow/example_dags/example_params_trigger_ui.py for tasks to queue
[2025-03-31T07:12:39.466+0000] {logging_mixin.py:190} INFO - [2025-03-31T07:12:39.465+0000] {dagbag.py:588} INFO - Filling up the DagBag from /home/airflow/.local/lib/python3.12/site-packages/airflow/example_dags/example_params_trigger_ui.py
[2025-03-31T07:12:39.477+0000] {processor.py:925} INFO - DAG(s) 'example_params_trigger_ui' retrieved from /home/airflow/.local/lib/python3.12/site-packages/airflow/example_dags/example_params_trigger_ui.py
[2025-03-31T07:12:39.522+0000] {logging_mixin.py:190} INFO - [2025-03-31T07:12:39.522+0000] {dag.py:3239} INFO - Sync 1 DAGs
[2025-03-31T07:12:39.537+0000] {logging_mixin.py:190} INFO - [2025-03-31T07:12:39.537+0000] {dag.py:4180} INFO - Setting next_dagrun for example_params_trigger_ui to None, run_after=None
[2025-03-31T07:12:39.555+0000] {processor.py:208} INFO - Processing /home/airflow/.local/lib/python3.12/site-packages/airflow/example_dags/example_params_trigger_ui.py took 0.099 seconds
[2025-03-31T07:13:10.768+0000] {processor.py:186} INFO - Started process (PID=13644) to work on /home/airflow/.local/lib/python3.12/site-packages/airflow/example_dags/example_params_trigger_ui.py
[2025-03-31T07:13:10.769+0000] {processor.py:914} INFO - Processing file /home/airflow/.local/lib/python3.12/site-packages/airflow/example_dags/example_params_trigger_ui.py for tasks to queue
[2025-03-31T07:13:10.771+0000] {logging_mixin.py:190} INFO - [2025-03-31T07:13:10.771+0000] {dagbag.py:588} INFO - Filling up the DagBag from /home/airflow/.local/lib/python3.12/site-packages/airflow/example_dags/example_params_trigger_ui.py
[2025-03-31T07:13:10.783+0000] {processor.py:925} INFO - DAG(s) 'example_params_trigger_ui' retrieved from /home/airflow/.local/lib/python3.12/site-packages/airflow/example_dags/example_params_trigger_ui.py
[2025-03-31T07:13:10.826+0000] {logging_mixin.py:190} INFO - [2025-03-31T07:13:10.826+0000] {dag.py:3239} INFO - Sync 1 DAGs
[2025-03-31T07:13:10.841+0000] {logging_mixin.py:190} INFO - [2025-03-31T07:13:10.841+0000] {dag.py:4180} INFO - Setting next_dagrun for example_params_trigger_ui to None, run_after=None
[2025-03-31T07:13:10.858+0000] {processor.py:208} INFO - Processing /home/airflow/.local/lib/python3.12/site-packages/airflow/example_dags/example_params_trigger_ui.py took 0.096 seconds
[2025-03-31T07:13:41.580+0000] {processor.py:186} INFO - Started process (PID=13935) to work on /home/airflow/.local/lib/python3.12/site-packages/airflow/example_dags/example_params_trigger_ui.py
[2025-03-31T07:13:41.581+0000] {processor.py:914} INFO - Processing file /home/airflow/.local/lib/python3.12/site-packages/airflow/example_dags/example_params_trigger_ui.py for tasks to queue
[2025-03-31T07:13:41.583+0000] {logging_mixin.py:190} INFO - [2025-03-31T07:13:41.583+0000] {dagbag.py:588} INFO - Filling up the DagBag from /home/airflow/.local/lib/python3.12/site-packages/airflow/example_dags/example_params_trigger_ui.py
[2025-03-31T07:13:41.595+0000] {processor.py:925} INFO - DAG(s) 'example_params_trigger_ui' retrieved from /home/airflow/.local/lib/python3.12/site-packages/airflow/example_dags/example_params_trigger_ui.py
[2025-03-31T07:13:41.639+0000] {logging_mixin.py:190} INFO - [2025-03-31T07:13:41.639+0000] {dag.py:3239} INFO - Sync 1 DAGs
[2025-03-31T07:13:41.654+0000] {logging_mixin.py:190} INFO - [2025-03-31T07:13:41.654+0000] {dag.py:4180} INFO - Setting next_dagrun for example_params_trigger_ui to None, run_after=None
[2025-03-31T07:13:41.672+0000] {processor.py:208} INFO - Processing /home/airflow/.local/lib/python3.12/site-packages/airflow/example_dags/example_params_trigger_ui.py took 0.099 seconds
[2025-03-31T07:14:12.456+0000] {processor.py:186} INFO - Started process (PID=14226) to work on /home/airflow/.local/lib/python3.12/site-packages/airflow/example_dags/example_params_trigger_ui.py
[2025-03-31T07:14:12.457+0000] {processor.py:914} INFO - Processing file /home/airflow/.local/lib/python3.12/site-packages/airflow/example_dags/example_params_trigger_ui.py for tasks to queue
[2025-03-31T07:14:12.460+0000] {logging_mixin.py:190} INFO - [2025-03-31T07:14:12.460+0000] {dagbag.py:588} INFO - Filling up the DagBag from /home/airflow/.local/lib/python3.12/site-packages/airflow/example_dags/example_params_trigger_ui.py
[2025-03-31T07:14:12.473+0000] {processor.py:925} INFO - DAG(s) 'example_params_trigger_ui' retrieved from /home/airflow/.local/lib/python3.12/site-packages/airflow/example_dags/example_params_trigger_ui.py
[2025-03-31T07:14:12.521+0000] {logging_mixin.py:190} INFO - [2025-03-31T07:14:12.521+0000] {dag.py:3239} INFO - Sync 1 DAGs
[2025-03-31T07:14:12.537+0000] {logging_mixin.py:190} INFO - [2025-03-31T07:14:12.537+0000] {dag.py:4180} INFO - Setting next_dagrun for example_params_trigger_ui to None, run_after=None
[2025-03-31T07:14:12.557+0000] {processor.py:208} INFO - Processing /home/airflow/.local/lib/python3.12/site-packages/airflow/example_dags/example_params_trigger_ui.py took 0.107 seconds
[2025-03-31T07:14:43.192+0000] {processor.py:186} INFO - Started process (PID=14517) to work on /home/airflow/.local/lib/python3.12/site-packages/airflow/example_dags/example_params_trigger_ui.py
[2025-03-31T07:14:43.194+0000] {processor.py:914} INFO - Processing file /home/airflow/.local/lib/python3.12/site-packages/airflow/example_dags/example_params_trigger_ui.py for tasks to queue
[2025-03-31T07:14:43.196+0000] {logging_mixin.py:190} INFO - [2025-03-31T07:14:43.195+0000] {dagbag.py:588} INFO - Filling up the DagBag from /home/airflow/.local/lib/python3.12/site-packages/airflow/example_dags/example_params_trigger_ui.py
[2025-03-31T07:14:43.208+0000] {processor.py:925} INFO - DAG(s) 'example_params_trigger_ui' retrieved from /home/airflow/.local/lib/python3.12/site-packages/airflow/example_dags/example_params_trigger_ui.py
[2025-03-31T07:14:43.255+0000] {logging_mixin.py:190} INFO - [2025-03-31T07:14:43.255+0000] {dag.py:3239} INFO - Sync 1 DAGs
[2025-03-31T07:14:43.273+0000] {logging_mixin.py:190} INFO - [2025-03-31T07:14:43.272+0000] {dag.py:4180} INFO - Setting next_dagrun for example_params_trigger_ui to None, run_after=None
[2025-03-31T07:14:43.294+0000] {processor.py:208} INFO - Processing /home/airflow/.local/lib/python3.12/site-packages/airflow/example_dags/example_params_trigger_ui.py took 0.108 seconds
[2025-03-31T07:15:13.929+0000] {processor.py:186} INFO - Started process (PID=14814) to work on /home/airflow/.local/lib/python3.12/site-packages/airflow/example_dags/example_params_trigger_ui.py
[2025-03-31T07:15:13.930+0000] {processor.py:914} INFO - Processing file /home/airflow/.local/lib/python3.12/site-packages/airflow/example_dags/example_params_trigger_ui.py for tasks to queue
[2025-03-31T07:15:13.933+0000] {logging_mixin.py:190} INFO - [2025-03-31T07:15:13.932+0000] {dagbag.py:588} INFO - Filling up the DagBag from /home/airflow/.local/lib/python3.12/site-packages/airflow/example_dags/example_params_trigger_ui.py
[2025-03-31T07:15:13.947+0000] {processor.py:925} INFO - DAG(s) 'example_params_trigger_ui' retrieved from /home/airflow/.local/lib/python3.12/site-packages/airflow/example_dags/example_params_trigger_ui.py
[2025-03-31T07:15:13.998+0000] {logging_mixin.py:190} INFO - [2025-03-31T07:15:13.997+0000] {dag.py:3239} INFO - Sync 1 DAGs
[2025-03-31T07:15:14.013+0000] {logging_mixin.py:190} INFO - [2025-03-31T07:15:14.012+0000] {dag.py:4180} INFO - Setting next_dagrun for example_params_trigger_ui to None, run_after=None
[2025-03-31T07:15:14.031+0000] {processor.py:208} INFO - Processing /home/airflow/.local/lib/python3.12/site-packages/airflow/example_dags/example_params_trigger_ui.py took 0.109 seconds
[2025-03-31T07:15:45.175+0000] {processor.py:186} INFO - Started process (PID=15105) to work on /home/airflow/.local/lib/python3.12/site-packages/airflow/example_dags/example_params_trigger_ui.py
[2025-03-31T07:15:45.177+0000] {processor.py:914} INFO - Processing file /home/airflow/.local/lib/python3.12/site-packages/airflow/example_dags/example_params_trigger_ui.py for tasks to queue
[2025-03-31T07:15:45.181+0000] {logging_mixin.py:190} INFO - [2025-03-31T07:15:45.180+0000] {dagbag.py:588} INFO - Filling up the DagBag from /home/airflow/.local/lib/python3.12/site-packages/airflow/example_dags/example_params_trigger_ui.py
[2025-03-31T07:15:45.197+0000] {processor.py:925} INFO - DAG(s) 'example_params_trigger_ui' retrieved from /home/airflow/.local/lib/python3.12/site-packages/airflow/example_dags/example_params_trigger_ui.py
[2025-03-31T07:15:45.254+0000] {logging_mixin.py:190} INFO - [2025-03-31T07:15:45.254+0000] {dag.py:3239} INFO - Sync 1 DAGs
[2025-03-31T07:15:45.273+0000] {logging_mixin.py:190} INFO - [2025-03-31T07:15:45.273+0000] {dag.py:4180} INFO - Setting next_dagrun for example_params_trigger_ui to None, run_after=None
[2025-03-31T07:15:45.298+0000] {processor.py:208} INFO - Processing /home/airflow/.local/lib/python3.12/site-packages/airflow/example_dags/example_params_trigger_ui.py took 0.131 seconds
[2025-03-31T07:16:16.172+0000] {processor.py:186} INFO - Started process (PID=15396) to work on /home/airflow/.local/lib/python3.12/site-packages/airflow/example_dags/example_params_trigger_ui.py
[2025-03-31T07:16:16.174+0000] {processor.py:914} INFO - Processing file /home/airflow/.local/lib/python3.12/site-packages/airflow/example_dags/example_params_trigger_ui.py for tasks to queue
[2025-03-31T07:16:16.176+0000] {logging_mixin.py:190} INFO - [2025-03-31T07:16:16.176+0000] {dagbag.py:588} INFO - Filling up the DagBag from /home/airflow/.local/lib/python3.12/site-packages/airflow/example_dags/example_params_trigger_ui.py
[2025-03-31T07:16:16.188+0000] {processor.py:925} INFO - DAG(s) 'example_params_trigger_ui' retrieved from /home/airflow/.local/lib/python3.12/site-packages/airflow/example_dags/example_params_trigger_ui.py
[2025-03-31T07:16:16.233+0000] {logging_mixin.py:190} INFO - [2025-03-31T07:16:16.232+0000] {dag.py:3239} INFO - Sync 1 DAGs
[2025-03-31T07:16:16.248+0000] {logging_mixin.py:190} INFO - [2025-03-31T07:16:16.248+0000] {dag.py:4180} INFO - Setting next_dagrun for example_params_trigger_ui to None, run_after=None
[2025-03-31T07:16:16.269+0000] {processor.py:208} INFO - Processing /home/airflow/.local/lib/python3.12/site-packages/airflow/example_dags/example_params_trigger_ui.py took 0.103 seconds
[2025-03-31T07:16:47.122+0000] {processor.py:186} INFO - Started process (PID=15687) to work on /home/airflow/.local/lib/python3.12/site-packages/airflow/example_dags/example_params_trigger_ui.py
[2025-03-31T07:16:47.123+0000] {processor.py:914} INFO - Processing file /home/airflow/.local/lib/python3.12/site-packages/airflow/example_dags/example_params_trigger_ui.py for tasks to queue
[2025-03-31T07:16:47.125+0000] {logging_mixin.py:190} INFO - [2025-03-31T07:16:47.125+0000] {dagbag.py:588} INFO - Filling up the DagBag from /home/airflow/.local/lib/python3.12/site-packages/airflow/example_dags/example_params_trigger_ui.py
[2025-03-31T07:16:47.138+0000] {processor.py:925} INFO - DAG(s) 'example_params_trigger_ui' retrieved from /home/airflow/.local/lib/python3.12/site-packages/airflow/example_dags/example_params_trigger_ui.py
[2025-03-31T07:16:47.188+0000] {logging_mixin.py:190} INFO - [2025-03-31T07:16:47.187+0000] {dag.py:3239} INFO - Sync 1 DAGs
[2025-03-31T07:16:47.204+0000] {logging_mixin.py:190} INFO - [2025-03-31T07:16:47.204+0000] {dag.py:4180} INFO - Setting next_dagrun for example_params_trigger_ui to None, run_after=None
[2025-03-31T07:16:47.224+0000] {processor.py:208} INFO - Processing /home/airflow/.local/lib/python3.12/site-packages/airflow/example_dags/example_params_trigger_ui.py took 0.108 seconds
[2025-03-31T07:17:17.840+0000] {processor.py:186} INFO - Started process (PID=15978) to work on /home/airflow/.local/lib/python3.12/site-packages/airflow/example_dags/example_params_trigger_ui.py
[2025-03-31T07:17:17.841+0000] {processor.py:914} INFO - Processing file /home/airflow/.local/lib/python3.12/site-packages/airflow/example_dags/example_params_trigger_ui.py for tasks to queue
[2025-03-31T07:17:17.844+0000] {logging_mixin.py:190} INFO - [2025-03-31T07:17:17.844+0000] {dagbag.py:588} INFO - Filling up the DagBag from /home/airflow/.local/lib/python3.12/site-packages/airflow/example_dags/example_params_trigger_ui.py
[2025-03-31T07:17:17.858+0000] {processor.py:925} INFO - DAG(s) 'example_params_trigger_ui' retrieved from /home/airflow/.local/lib/python3.12/site-packages/airflow/example_dags/example_params_trigger_ui.py
[2025-03-31T07:17:17.905+0000] {logging_mixin.py:190} INFO - [2025-03-31T07:17:17.905+0000] {dag.py:3239} INFO - Sync 1 DAGs
[2025-03-31T07:17:17.926+0000] {logging_mixin.py:190} INFO - [2025-03-31T07:17:17.926+0000] {dag.py:4180} INFO - Setting next_dagrun for example_params_trigger_ui to None, run_after=None
[2025-03-31T07:17:17.948+0000] {processor.py:208} INFO - Processing /home/airflow/.local/lib/python3.12/site-packages/airflow/example_dags/example_params_trigger_ui.py took 0.114 seconds
[2025-03-31T07:17:48.910+0000] {processor.py:186} INFO - Started process (PID=16269) to work on /home/airflow/.local/lib/python3.12/site-packages/airflow/example_dags/example_params_trigger_ui.py
[2025-03-31T07:17:48.911+0000] {processor.py:914} INFO - Processing file /home/airflow/.local/lib/python3.12/site-packages/airflow/example_dags/example_params_trigger_ui.py for tasks to queue
[2025-03-31T07:17:48.914+0000] {logging_mixin.py:190} INFO - [2025-03-31T07:17:48.914+0000] {dagbag.py:588} INFO - Filling up the DagBag from /home/airflow/.local/lib/python3.12/site-packages/airflow/example_dags/example_params_trigger_ui.py
[2025-03-31T07:17:48.926+0000] {processor.py:925} INFO - DAG(s) 'example_params_trigger_ui' retrieved from /home/airflow/.local/lib/python3.12/site-packages/airflow/example_dags/example_params_trigger_ui.py
[2025-03-31T07:17:48.973+0000] {logging_mixin.py:190} INFO - [2025-03-31T07:17:48.973+0000] {dag.py:3239} INFO - Sync 1 DAGs
[2025-03-31T07:17:48.990+0000] {logging_mixin.py:190} INFO - [2025-03-31T07:17:48.990+0000] {dag.py:4180} INFO - Setting next_dagrun for example_params_trigger_ui to None, run_after=None
[2025-03-31T07:17:49.011+0000] {processor.py:208} INFO - Processing /home/airflow/.local/lib/python3.12/site-packages/airflow/example_dags/example_params_trigger_ui.py took 0.107 seconds
[2025-03-31T07:18:19.708+0000] {processor.py:186} INFO - Started process (PID=16560) to work on /home/airflow/.local/lib/python3.12/site-packages/airflow/example_dags/example_params_trigger_ui.py
[2025-03-31T07:18:19.709+0000] {processor.py:914} INFO - Processing file /home/airflow/.local/lib/python3.12/site-packages/airflow/example_dags/example_params_trigger_ui.py for tasks to queue
[2025-03-31T07:18:19.711+0000] {logging_mixin.py:190} INFO - [2025-03-31T07:18:19.711+0000] {dagbag.py:588} INFO - Filling up the DagBag from /home/airflow/.local/lib/python3.12/site-packages/airflow/example_dags/example_params_trigger_ui.py
[2025-03-31T07:18:19.724+0000] {processor.py:925} INFO - DAG(s) 'example_params_trigger_ui' retrieved from /home/airflow/.local/lib/python3.12/site-packages/airflow/example_dags/example_params_trigger_ui.py
[2025-03-31T07:18:19.771+0000] {logging_mixin.py:190} INFO - [2025-03-31T07:18:19.771+0000] {dag.py:3239} INFO - Sync 1 DAGs
[2025-03-31T07:18:19.786+0000] {logging_mixin.py:190} INFO - [2025-03-31T07:18:19.786+0000] {dag.py:4180} INFO - Setting next_dagrun for example_params_trigger_ui to None, run_after=None
[2025-03-31T07:18:19.804+0000] {processor.py:208} INFO - Processing /home/airflow/.local/lib/python3.12/site-packages/airflow/example_dags/example_params_trigger_ui.py took 0.104 seconds
[2025-03-31T07:18:51.617+0000] {processor.py:186} INFO - Started process (PID=16851) to work on /home/airflow/.local/lib/python3.12/site-packages/airflow/example_dags/example_params_trigger_ui.py
[2025-03-31T07:18:51.618+0000] {processor.py:914} INFO - Processing file /home/airflow/.local/lib/python3.12/site-packages/airflow/example_dags/example_params_trigger_ui.py for tasks to queue
[2025-03-31T07:18:51.621+0000] {logging_mixin.py:190} INFO - [2025-03-31T07:18:51.621+0000] {dagbag.py:588} INFO - Filling up the DagBag from /home/airflow/.local/lib/python3.12/site-packages/airflow/example_dags/example_params_trigger_ui.py
[2025-03-31T07:18:51.640+0000] {processor.py:925} INFO - DAG(s) 'example_params_trigger_ui' retrieved from /home/airflow/.local/lib/python3.12/site-packages/airflow/example_dags/example_params_trigger_ui.py
[2025-03-31T07:18:51.711+0000] {logging_mixin.py:190} INFO - [2025-03-31T07:18:51.710+0000] {dag.py:3239} INFO - Sync 1 DAGs
[2025-03-31T07:18:51.732+0000] {logging_mixin.py:190} INFO - [2025-03-31T07:18:51.732+0000] {dag.py:4180} INFO - Setting next_dagrun for example_params_trigger_ui to None, run_after=None
[2025-03-31T07:18:51.762+0000] {processor.py:208} INFO - Processing /home/airflow/.local/lib/python3.12/site-packages/airflow/example_dags/example_params_trigger_ui.py took 0.154 seconds
[2025-03-31T07:19:23.063+0000] {processor.py:186} INFO - Started process (PID=17142) to work on /home/airflow/.local/lib/python3.12/site-packages/airflow/example_dags/example_params_trigger_ui.py
[2025-03-31T07:19:23.065+0000] {processor.py:914} INFO - Processing file /home/airflow/.local/lib/python3.12/site-packages/airflow/example_dags/example_params_trigger_ui.py for tasks to queue
[2025-03-31T07:19:23.068+0000] {logging_mixin.py:190} INFO - [2025-03-31T07:19:23.067+0000] {dagbag.py:588} INFO - Filling up the DagBag from /home/airflow/.local/lib/python3.12/site-packages/airflow/example_dags/example_params_trigger_ui.py
[2025-03-31T07:19:23.084+0000] {processor.py:925} INFO - DAG(s) 'example_params_trigger_ui' retrieved from /home/airflow/.local/lib/python3.12/site-packages/airflow/example_dags/example_params_trigger_ui.py
[2025-03-31T07:19:23.154+0000] {logging_mixin.py:190} INFO - [2025-03-31T07:19:23.154+0000] {dag.py:3239} INFO - Sync 1 DAGs
[2025-03-31T07:19:23.176+0000] {logging_mixin.py:190} INFO - [2025-03-31T07:19:23.175+0000] {dag.py:4180} INFO - Setting next_dagrun for example_params_trigger_ui to None, run_after=None
[2025-03-31T07:19:23.202+0000] {processor.py:208} INFO - Processing /home/airflow/.local/lib/python3.12/site-packages/airflow/example_dags/example_params_trigger_ui.py took 0.148 seconds
[2025-03-31T07:19:54.015+0000] {processor.py:186} INFO - Started process (PID=17433) to work on /home/airflow/.local/lib/python3.12/site-packages/airflow/example_dags/example_params_trigger_ui.py
[2025-03-31T07:19:54.017+0000] {processor.py:914} INFO - Processing file /home/airflow/.local/lib/python3.12/site-packages/airflow/example_dags/example_params_trigger_ui.py for tasks to queue
[2025-03-31T07:19:54.019+0000] {logging_mixin.py:190} INFO - [2025-03-31T07:19:54.019+0000] {dagbag.py:588} INFO - Filling up the DagBag from /home/airflow/.local/lib/python3.12/site-packages/airflow/example_dags/example_params_trigger_ui.py
[2025-03-31T07:19:54.037+0000] {processor.py:925} INFO - DAG(s) 'example_params_trigger_ui' retrieved from /home/airflow/.local/lib/python3.12/site-packages/airflow/example_dags/example_params_trigger_ui.py
[2025-03-31T07:19:54.101+0000] {logging_mixin.py:190} INFO - [2025-03-31T07:19:54.101+0000] {dag.py:3239} INFO - Sync 1 DAGs
[2025-03-31T07:19:54.122+0000] {logging_mixin.py:190} INFO - [2025-03-31T07:19:54.122+0000] {dag.py:4180} INFO - Setting next_dagrun for example_params_trigger_ui to None, run_after=None
[2025-03-31T07:19:54.151+0000] {processor.py:208} INFO - Processing /home/airflow/.local/lib/python3.12/site-packages/airflow/example_dags/example_params_trigger_ui.py took 0.144 seconds
[2025-03-31T07:20:25.271+0000] {processor.py:186} INFO - Started process (PID=17723) to work on /home/airflow/.local/lib/python3.12/site-packages/airflow/example_dags/example_params_trigger_ui.py
[2025-03-31T07:20:25.272+0000] {processor.py:914} INFO - Processing file /home/airflow/.local/lib/python3.12/site-packages/airflow/example_dags/example_params_trigger_ui.py for tasks to queue
[2025-03-31T07:20:25.275+0000] {logging_mixin.py:190} INFO - [2025-03-31T07:20:25.275+0000] {dagbag.py:588} INFO - Filling up the DagBag from /home/airflow/.local/lib/python3.12/site-packages/airflow/example_dags/example_params_trigger_ui.py
[2025-03-31T07:20:25.298+0000] {processor.py:925} INFO - DAG(s) 'example_params_trigger_ui' retrieved from /home/airflow/.local/lib/python3.12/site-packages/airflow/example_dags/example_params_trigger_ui.py
[2025-03-31T07:20:25.367+0000] {logging_mixin.py:190} INFO - [2025-03-31T07:20:25.367+0000] {dag.py:3239} INFO - Sync 1 DAGs
[2025-03-31T07:20:25.388+0000] {logging_mixin.py:190} INFO - [2025-03-31T07:20:25.388+0000] {dag.py:4180} INFO - Setting next_dagrun for example_params_trigger_ui to None, run_after=None
[2025-03-31T07:20:25.423+0000] {processor.py:208} INFO - Processing /home/airflow/.local/lib/python3.12/site-packages/airflow/example_dags/example_params_trigger_ui.py took 0.159 seconds
[2025-03-31T07:20:56.631+0000] {processor.py:186} INFO - Started process (PID=18014) to work on /home/airflow/.local/lib/python3.12/site-packages/airflow/example_dags/example_params_trigger_ui.py
[2025-03-31T07:20:56.632+0000] {processor.py:914} INFO - Processing file /home/airflow/.local/lib/python3.12/site-packages/airflow/example_dags/example_params_trigger_ui.py for tasks to queue
[2025-03-31T07:20:56.636+0000] {logging_mixin.py:190} INFO - [2025-03-31T07:20:56.635+0000] {dagbag.py:588} INFO - Filling up the DagBag from /home/airflow/.local/lib/python3.12/site-packages/airflow/example_dags/example_params_trigger_ui.py
[2025-03-31T07:20:56.653+0000] {processor.py:925} INFO - DAG(s) 'example_params_trigger_ui' retrieved from /home/airflow/.local/lib/python3.12/site-packages/airflow/example_dags/example_params_trigger_ui.py
[2025-03-31T07:20:56.716+0000] {logging_mixin.py:190} INFO - [2025-03-31T07:20:56.716+0000] {dag.py:3239} INFO - Sync 1 DAGs
[2025-03-31T07:20:56.738+0000] {logging_mixin.py:190} INFO - [2025-03-31T07:20:56.737+0000] {dag.py:4180} INFO - Setting next_dagrun for example_params_trigger_ui to None, run_after=None
[2025-03-31T07:20:56.765+0000] {processor.py:208} INFO - Processing /home/airflow/.local/lib/python3.12/site-packages/airflow/example_dags/example_params_trigger_ui.py took 0.144 seconds
[2025-03-31T07:21:27.717+0000] {processor.py:186} INFO - Started process (PID=18305) to work on /home/airflow/.local/lib/python3.12/site-packages/airflow/example_dags/example_params_trigger_ui.py
[2025-03-31T07:21:27.719+0000] {processor.py:914} INFO - Processing file /home/airflow/.local/lib/python3.12/site-packages/airflow/example_dags/example_params_trigger_ui.py for tasks to queue
[2025-03-31T07:21:27.722+0000] {logging_mixin.py:190} INFO - [2025-03-31T07:21:27.721+0000] {dagbag.py:588} INFO - Filling up the DagBag from /home/airflow/.local/lib/python3.12/site-packages/airflow/example_dags/example_params_trigger_ui.py
[2025-03-31T07:21:27.738+0000] {processor.py:925} INFO - DAG(s) 'example_params_trigger_ui' retrieved from /home/airflow/.local/lib/python3.12/site-packages/airflow/example_dags/example_params_trigger_ui.py
[2025-03-31T07:21:27.802+0000] {logging_mixin.py:190} INFO - [2025-03-31T07:21:27.801+0000] {dag.py:3239} INFO - Sync 1 DAGs
[2025-03-31T07:21:27.825+0000] {logging_mixin.py:190} INFO - [2025-03-31T07:21:27.825+0000] {dag.py:4180} INFO - Setting next_dagrun for example_params_trigger_ui to None, run_after=None
[2025-03-31T07:21:27.851+0000] {processor.py:208} INFO - Processing /home/airflow/.local/lib/python3.12/site-packages/airflow/example_dags/example_params_trigger_ui.py took 0.144 seconds
[2025-03-31T07:21:58.691+0000] {processor.py:186} INFO - Started process (PID=18596) to work on /home/airflow/.local/lib/python3.12/site-packages/airflow/example_dags/example_params_trigger_ui.py
[2025-03-31T07:21:58.692+0000] {processor.py:914} INFO - Processing file /home/airflow/.local/lib/python3.12/site-packages/airflow/example_dags/example_params_trigger_ui.py for tasks to queue
[2025-03-31T07:21:58.697+0000] {logging_mixin.py:190} INFO - [2025-03-31T07:21:58.697+0000] {dagbag.py:588} INFO - Filling up the DagBag from /home/airflow/.local/lib/python3.12/site-packages/airflow/example_dags/example_params_trigger_ui.py
[2025-03-31T07:21:58.714+0000] {processor.py:925} INFO - DAG(s) 'example_params_trigger_ui' retrieved from /home/airflow/.local/lib/python3.12/site-packages/airflow/example_dags/example_params_trigger_ui.py
[2025-03-31T07:21:58.774+0000] {logging_mixin.py:190} INFO - [2025-03-31T07:21:58.774+0000] {dag.py:3239} INFO - Sync 1 DAGs
[2025-03-31T07:21:58.797+0000] {logging_mixin.py:190} INFO - [2025-03-31T07:21:58.796+0000] {dag.py:4180} INFO - Setting next_dagrun for example_params_trigger_ui to None, run_after=None
[2025-03-31T07:21:58.824+0000] {processor.py:208} INFO - Processing /home/airflow/.local/lib/python3.12/site-packages/airflow/example_dags/example_params_trigger_ui.py took 0.141 seconds
[2025-03-31T07:22:30.157+0000] {processor.py:186} INFO - Started process (PID=18887) to work on /home/airflow/.local/lib/python3.12/site-packages/airflow/example_dags/example_params_trigger_ui.py
[2025-03-31T07:22:30.158+0000] {processor.py:914} INFO - Processing file /home/airflow/.local/lib/python3.12/site-packages/airflow/example_dags/example_params_trigger_ui.py for tasks to queue
[2025-03-31T07:22:30.165+0000] {logging_mixin.py:190} INFO - [2025-03-31T07:22:30.161+0000] {dagbag.py:588} INFO - Filling up the DagBag from /home/airflow/.local/lib/python3.12/site-packages/airflow/example_dags/example_params_trigger_ui.py
[2025-03-31T07:22:30.185+0000] {processor.py:925} INFO - DAG(s) 'example_params_trigger_ui' retrieved from /home/airflow/.local/lib/python3.12/site-packages/airflow/example_dags/example_params_trigger_ui.py
[2025-03-31T07:22:30.248+0000] {logging_mixin.py:190} INFO - [2025-03-31T07:22:30.248+0000] {dag.py:3239} INFO - Sync 1 DAGs
[2025-03-31T07:22:30.271+0000] {logging_mixin.py:190} INFO - [2025-03-31T07:22:30.270+0000] {dag.py:4180} INFO - Setting next_dagrun for example_params_trigger_ui to None, run_after=None
[2025-03-31T07:22:30.299+0000] {processor.py:208} INFO - Processing /home/airflow/.local/lib/python3.12/site-packages/airflow/example_dags/example_params_trigger_ui.py took 0.150 seconds
[2025-03-31T07:23:01.111+0000] {processor.py:186} INFO - Started process (PID=19177) to work on /home/airflow/.local/lib/python3.12/site-packages/airflow/example_dags/example_params_trigger_ui.py
[2025-03-31T07:23:01.113+0000] {processor.py:914} INFO - Processing file /home/airflow/.local/lib/python3.12/site-packages/airflow/example_dags/example_params_trigger_ui.py for tasks to queue
[2025-03-31T07:23:01.115+0000] {logging_mixin.py:190} INFO - [2025-03-31T07:23:01.115+0000] {dagbag.py:588} INFO - Filling up the DagBag from /home/airflow/.local/lib/python3.12/site-packages/airflow/example_dags/example_params_trigger_ui.py
[2025-03-31T07:23:01.127+0000] {processor.py:925} INFO - DAG(s) 'example_params_trigger_ui' retrieved from /home/airflow/.local/lib/python3.12/site-packages/airflow/example_dags/example_params_trigger_ui.py
[2025-03-31T07:23:01.172+0000] {logging_mixin.py:190} INFO - [2025-03-31T07:23:01.172+0000] {dag.py:3239} INFO - Sync 1 DAGs
[2025-03-31T07:23:01.187+0000] {logging_mixin.py:190} INFO - [2025-03-31T07:23:01.187+0000] {dag.py:4180} INFO - Setting next_dagrun for example_params_trigger_ui to None, run_after=None
[2025-03-31T07:23:01.205+0000] {processor.py:208} INFO - Processing /home/airflow/.local/lib/python3.12/site-packages/airflow/example_dags/example_params_trigger_ui.py took 0.101 seconds
[2025-03-31T07:23:31.901+0000] {processor.py:186} INFO - Started process (PID=19468) to work on /home/airflow/.local/lib/python3.12/site-packages/airflow/example_dags/example_params_trigger_ui.py
[2025-03-31T07:23:31.902+0000] {processor.py:914} INFO - Processing file /home/airflow/.local/lib/python3.12/site-packages/airflow/example_dags/example_params_trigger_ui.py for tasks to queue
[2025-03-31T07:23:31.905+0000] {logging_mixin.py:190} INFO - [2025-03-31T07:23:31.904+0000] {dagbag.py:588} INFO - Filling up the DagBag from /home/airflow/.local/lib/python3.12/site-packages/airflow/example_dags/example_params_trigger_ui.py
[2025-03-31T07:23:31.917+0000] {processor.py:925} INFO - DAG(s) 'example_params_trigger_ui' retrieved from /home/airflow/.local/lib/python3.12/site-packages/airflow/example_dags/example_params_trigger_ui.py
[2025-03-31T07:23:31.976+0000] {logging_mixin.py:190} INFO - [2025-03-31T07:23:31.976+0000] {dag.py:3239} INFO - Sync 1 DAGs
[2025-03-31T07:23:31.999+0000] {logging_mixin.py:190} INFO - [2025-03-31T07:23:31.999+0000] {dag.py:4180} INFO - Setting next_dagrun for example_params_trigger_ui to None, run_after=None
[2025-03-31T07:23:32.023+0000] {processor.py:208} INFO - Processing /home/airflow/.local/lib/python3.12/site-packages/airflow/example_dags/example_params_trigger_ui.py took 0.128 seconds
[2025-03-31T07:24:03.665+0000] {processor.py:186} INFO - Started process (PID=19759) to work on /home/airflow/.local/lib/python3.12/site-packages/airflow/example_dags/example_params_trigger_ui.py
[2025-03-31T07:24:03.666+0000] {processor.py:914} INFO - Processing file /home/airflow/.local/lib/python3.12/site-packages/airflow/example_dags/example_params_trigger_ui.py for tasks to queue
[2025-03-31T07:24:03.669+0000] {logging_mixin.py:190} INFO - [2025-03-31T07:24:03.669+0000] {dagbag.py:588} INFO - Filling up the DagBag from /home/airflow/.local/lib/python3.12/site-packages/airflow/example_dags/example_params_trigger_ui.py
[2025-03-31T07:24:03.687+0000] {processor.py:925} INFO - DAG(s) 'example_params_trigger_ui' retrieved from /home/airflow/.local/lib/python3.12/site-packages/airflow/example_dags/example_params_trigger_ui.py
[2025-03-31T07:24:03.756+0000] {logging_mixin.py:190} INFO - [2025-03-31T07:24:03.755+0000] {dag.py:3239} INFO - Sync 1 DAGs
[2025-03-31T07:24:03.777+0000] {logging_mixin.py:190} INFO - [2025-03-31T07:24:03.777+0000] {dag.py:4180} INFO - Setting next_dagrun for example_params_trigger_ui to None, run_after=None
[2025-03-31T07:24:03.804+0000] {processor.py:208} INFO - Processing /home/airflow/.local/lib/python3.12/site-packages/airflow/example_dags/example_params_trigger_ui.py took 0.148 seconds
[2025-03-31T07:24:34.512+0000] {processor.py:186} INFO - Started process (PID=20050) to work on /home/airflow/.local/lib/python3.12/site-packages/airflow/example_dags/example_params_trigger_ui.py
[2025-03-31T07:24:34.513+0000] {processor.py:914} INFO - Processing file /home/airflow/.local/lib/python3.12/site-packages/airflow/example_dags/example_params_trigger_ui.py for tasks to queue
[2025-03-31T07:24:34.516+0000] {logging_mixin.py:190} INFO - [2025-03-31T07:24:34.516+0000] {dagbag.py:588} INFO - Filling up the DagBag from /home/airflow/.local/lib/python3.12/site-packages/airflow/example_dags/example_params_trigger_ui.py
[2025-03-31T07:24:34.530+0000] {processor.py:925} INFO - DAG(s) 'example_params_trigger_ui' retrieved from /home/airflow/.local/lib/python3.12/site-packages/airflow/example_dags/example_params_trigger_ui.py
[2025-03-31T07:24:34.577+0000] {logging_mixin.py:190} INFO - [2025-03-31T07:24:34.577+0000] {dag.py:3239} INFO - Sync 1 DAGs
[2025-03-31T07:24:34.593+0000] {logging_mixin.py:190} INFO - [2025-03-31T07:24:34.593+0000] {dag.py:4180} INFO - Setting next_dagrun for example_params_trigger_ui to None, run_after=None
[2025-03-31T07:24:34.617+0000] {processor.py:208} INFO - Processing /home/airflow/.local/lib/python3.12/site-packages/airflow/example_dags/example_params_trigger_ui.py took 0.112 seconds
[2025-03-31T07:25:06.068+0000] {processor.py:186} INFO - Started process (PID=20341) to work on /home/airflow/.local/lib/python3.12/site-packages/airflow/example_dags/example_params_trigger_ui.py
[2025-03-31T07:25:06.070+0000] {processor.py:914} INFO - Processing file /home/airflow/.local/lib/python3.12/site-packages/airflow/example_dags/example_params_trigger_ui.py for tasks to queue
[2025-03-31T07:25:06.073+0000] {logging_mixin.py:190} INFO - [2025-03-31T07:25:06.073+0000] {dagbag.py:588} INFO - Filling up the DagBag from /home/airflow/.local/lib/python3.12/site-packages/airflow/example_dags/example_params_trigger_ui.py
[2025-03-31T07:25:06.090+0000] {processor.py:925} INFO - DAG(s) 'example_params_trigger_ui' retrieved from /home/airflow/.local/lib/python3.12/site-packages/airflow/example_dags/example_params_trigger_ui.py
[2025-03-31T07:25:06.153+0000] {logging_mixin.py:190} INFO - [2025-03-31T07:25:06.152+0000] {dag.py:3239} INFO - Sync 1 DAGs
[2025-03-31T07:25:06.174+0000] {logging_mixin.py:190} INFO - [2025-03-31T07:25:06.174+0000] {dag.py:4180} INFO - Setting next_dagrun for example_params_trigger_ui to None, run_after=None
[2025-03-31T07:25:06.205+0000] {processor.py:208} INFO - Processing /home/airflow/.local/lib/python3.12/site-packages/airflow/example_dags/example_params_trigger_ui.py took 0.147 seconds
[2025-03-31T07:25:37.512+0000] {processor.py:186} INFO - Started process (PID=20632) to work on /home/airflow/.local/lib/python3.12/site-packages/airflow/example_dags/example_params_trigger_ui.py
[2025-03-31T07:25:37.513+0000] {processor.py:914} INFO - Processing file /home/airflow/.local/lib/python3.12/site-packages/airflow/example_dags/example_params_trigger_ui.py for tasks to queue
[2025-03-31T07:25:37.516+0000] {logging_mixin.py:190} INFO - [2025-03-31T07:25:37.515+0000] {dagbag.py:588} INFO - Filling up the DagBag from /home/airflow/.local/lib/python3.12/site-packages/airflow/example_dags/example_params_trigger_ui.py
[2025-03-31T07:25:37.528+0000] {processor.py:925} INFO - DAG(s) 'example_params_trigger_ui' retrieved from /home/airflow/.local/lib/python3.12/site-packages/airflow/example_dags/example_params_trigger_ui.py
[2025-03-31T07:25:37.574+0000] {logging_mixin.py:190} INFO - [2025-03-31T07:25:37.574+0000] {dag.py:3239} INFO - Sync 1 DAGs
[2025-03-31T07:25:37.590+0000] {logging_mixin.py:190} INFO - [2025-03-31T07:25:37.589+0000] {dag.py:4180} INFO - Setting next_dagrun for example_params_trigger_ui to None, run_after=None
[2025-03-31T07:25:37.611+0000] {processor.py:208} INFO - Processing /home/airflow/.local/lib/python3.12/site-packages/airflow/example_dags/example_params_trigger_ui.py took 0.105 seconds
