[2025-03-31T06:47:41.954+0000] {processor.py:186} INFO - Started process (PID=439) to work on /home/airflow/.local/lib/python3.12/site-packages/airflow/example_dags/example_sla_dag.py
[2025-03-31T06:47:41.955+0000] {processor.py:914} INFO - Processing file /home/airflow/.local/lib/python3.12/site-packages/airflow/example_dags/example_sla_dag.py for tasks to queue
[2025-03-31T06:47:41.958+0000] {logging_mixin.py:190} INFO - [2025-03-31T06:47:41.958+0000] {dagbag.py:588} INFO - Filling up the DagBag from /home/airflow/.local/lib/python3.12/site-packages/airflow/example_dags/example_sla_dag.py
[2025-03-31T06:47:41.971+0000] {processor.py:925} INFO - DAG(s) 'example_sla_dag' retrieved from /home/airflow/.local/lib/python3.12/site-packages/airflow/example_dags/example_sla_dag.py
[2025-03-31T06:47:42.093+0000] {logging_mixin.py:190} INFO - [2025-03-31T06:47:42.093+0000] {override.py:1912} INFO - Created Permission View: can read on DAG:example_sla_dag
[2025-03-31T06:47:42.104+0000] {logging_mixin.py:190} INFO - [2025-03-31T06:47:42.103+0000] {override.py:1912} INFO - Created Permission View: can delete on DAG:example_sla_dag
[2025-03-31T06:47:42.110+0000] {logging_mixin.py:190} INFO - [2025-03-31T06:47:42.110+0000] {override.py:1912} INFO - Created Permission View: can edit on DAG:example_sla_dag
[2025-03-31T06:47:42.118+0000] {logging_mixin.py:190} INFO - [2025-03-31T06:47:42.118+0000] {override.py:1912} INFO - Created Permission View: can read on DAG Run:example_sla_dag
[2025-03-31T06:47:42.125+0000] {logging_mixin.py:190} INFO - [2025-03-31T06:47:42.124+0000] {override.py:1912} INFO - Created Permission View: can delete on DAG Run:example_sla_dag
[2025-03-31T06:47:42.133+0000] {logging_mixin.py:190} INFO - [2025-03-31T06:47:42.133+0000] {override.py:1912} INFO - Created Permission View: menu access on DAG Run:example_sla_dag
[2025-03-31T06:47:42.140+0000] {logging_mixin.py:190} INFO - [2025-03-31T06:47:42.140+0000] {override.py:1912} INFO - Created Permission View: can create on DAG Run:example_sla_dag
[2025-03-31T06:47:42.141+0000] {logging_mixin.py:190} INFO - [2025-03-31T06:47:42.141+0000] {dag.py:3239} INFO - Sync 1 DAGs
[2025-03-31T06:47:42.155+0000] {logging_mixin.py:190} INFO - [2025-03-31T06:47:42.155+0000] {dag.py:3262} INFO - Creating ORM DAG for example_sla_dag
[2025-03-31T06:47:42.168+0000] {logging_mixin.py:190} INFO - [2025-03-31T06:47:42.168+0000] {dag.py:4180} INFO - Setting next_dagrun for example_sla_dag to 2025-03-31 06:44:00+00:00, run_after=2025-03-31 06:46:00+00:00
[2025-03-31T06:47:42.183+0000] {processor.py:208} INFO - Processing /home/airflow/.local/lib/python3.12/site-packages/airflow/example_dags/example_sla_dag.py took 0.235 seconds
[2025-03-31T06:48:12.439+0000] {processor.py:186} INFO - Started process (PID=730) to work on /home/airflow/.local/lib/python3.12/site-packages/airflow/example_dags/example_sla_dag.py
[2025-03-31T06:48:12.440+0000] {processor.py:914} INFO - Processing file /home/airflow/.local/lib/python3.12/site-packages/airflow/example_dags/example_sla_dag.py for tasks to queue
[2025-03-31T06:48:12.442+0000] {logging_mixin.py:190} INFO - [2025-03-31T06:48:12.442+0000] {dagbag.py:588} INFO - Filling up the DagBag from /home/airflow/.local/lib/python3.12/site-packages/airflow/example_dags/example_sla_dag.py
[2025-03-31T06:48:12.453+0000] {processor.py:925} INFO - DAG(s) 'example_sla_dag' retrieved from /home/airflow/.local/lib/python3.12/site-packages/airflow/example_dags/example_sla_dag.py
[2025-03-31T06:48:12.473+0000] {logging_mixin.py:190} INFO - [2025-03-31T06:48:12.473+0000] {dag.py:3239} INFO - Sync 1 DAGs
[2025-03-31T06:48:12.501+0000] {logging_mixin.py:190} INFO - [2025-03-31T06:48:12.500+0000] {dag.py:4180} INFO - Setting next_dagrun for example_sla_dag to 2025-03-31 06:46:00+00:00, run_after=2025-03-31 06:48:00+00:00
[2025-03-31T06:48:12.518+0000] {processor.py:208} INFO - Processing /home/airflow/.local/lib/python3.12/site-packages/airflow/example_dags/example_sla_dag.py took 0.085 seconds
[2025-03-31T06:48:43.143+0000] {processor.py:186} INFO - Started process (PID=1021) to work on /home/airflow/.local/lib/python3.12/site-packages/airflow/example_dags/example_sla_dag.py
[2025-03-31T06:48:43.144+0000] {processor.py:914} INFO - Processing file /home/airflow/.local/lib/python3.12/site-packages/airflow/example_dags/example_sla_dag.py for tasks to queue
[2025-03-31T06:48:43.149+0000] {logging_mixin.py:190} INFO - [2025-03-31T06:48:43.147+0000] {dagbag.py:588} INFO - Filling up the DagBag from /home/airflow/.local/lib/python3.12/site-packages/airflow/example_dags/example_sla_dag.py
[2025-03-31T06:48:43.161+0000] {processor.py:925} INFO - DAG(s) 'example_sla_dag' retrieved from /home/airflow/.local/lib/python3.12/site-packages/airflow/example_dags/example_sla_dag.py
[2025-03-31T06:48:43.184+0000] {logging_mixin.py:190} INFO - [2025-03-31T06:48:43.184+0000] {dag.py:3239} INFO - Sync 1 DAGs
[2025-03-31T06:48:43.210+0000] {logging_mixin.py:190} INFO - [2025-03-31T06:48:43.210+0000] {dag.py:4180} INFO - Setting next_dagrun for example_sla_dag to 2025-03-31 06:46:00+00:00, run_after=2025-03-31 06:48:00+00:00
[2025-03-31T06:48:43.228+0000] {processor.py:208} INFO - Processing /home/airflow/.local/lib/python3.12/site-packages/airflow/example_dags/example_sla_dag.py took 0.092 seconds
[2025-03-31T06:49:43.968+0000] {processor.py:186} INFO - Started process (PID=440) to work on /home/airflow/.local/lib/python3.12/site-packages/airflow/example_dags/example_sla_dag.py
[2025-03-31T06:49:43.969+0000] {processor.py:914} INFO - Processing file /home/airflow/.local/lib/python3.12/site-packages/airflow/example_dags/example_sla_dag.py for tasks to queue
[2025-03-31T06:49:43.973+0000] {logging_mixin.py:190} INFO - [2025-03-31T06:49:43.973+0000] {dagbag.py:588} INFO - Filling up the DagBag from /home/airflow/.local/lib/python3.12/site-packages/airflow/example_dags/example_sla_dag.py
[2025-03-31T06:49:43.988+0000] {processor.py:925} INFO - DAG(s) 'example_sla_dag' retrieved from /home/airflow/.local/lib/python3.12/site-packages/airflow/example_dags/example_sla_dag.py
[2025-03-31T06:49:44.012+0000] {logging_mixin.py:190} INFO - [2025-03-31T06:49:44.012+0000] {dag.py:3239} INFO - Sync 1 DAGs
[2025-03-31T06:49:44.042+0000] {logging_mixin.py:190} INFO - [2025-03-31T06:49:44.042+0000] {dag.py:4180} INFO - Setting next_dagrun for example_sla_dag to 2025-03-31 06:46:00+00:00, run_after=2025-03-31 06:48:00+00:00
[2025-03-31T06:49:44.062+0000] {processor.py:208} INFO - Processing /home/airflow/.local/lib/python3.12/site-packages/airflow/example_dags/example_sla_dag.py took 0.100 seconds
[2025-03-31T06:50:14.723+0000] {processor.py:186} INFO - Started process (PID=731) to work on /home/airflow/.local/lib/python3.12/site-packages/airflow/example_dags/example_sla_dag.py
[2025-03-31T06:50:14.723+0000] {processor.py:914} INFO - Processing file /home/airflow/.local/lib/python3.12/site-packages/airflow/example_dags/example_sla_dag.py for tasks to queue
[2025-03-31T06:50:14.725+0000] {logging_mixin.py:190} INFO - [2025-03-31T06:50:14.725+0000] {dagbag.py:588} INFO - Filling up the DagBag from /home/airflow/.local/lib/python3.12/site-packages/airflow/example_dags/example_sla_dag.py
[2025-03-31T06:50:14.737+0000] {processor.py:925} INFO - DAG(s) 'example_sla_dag' retrieved from /home/airflow/.local/lib/python3.12/site-packages/airflow/example_dags/example_sla_dag.py
[2025-03-31T06:50:14.756+0000] {logging_mixin.py:190} INFO - [2025-03-31T06:50:14.755+0000] {dag.py:3239} INFO - Sync 1 DAGs
[2025-03-31T06:50:14.779+0000] {logging_mixin.py:190} INFO - [2025-03-31T06:50:14.779+0000] {dag.py:4180} INFO - Setting next_dagrun for example_sla_dag to 2025-03-31 06:48:00+00:00, run_after=2025-03-31 06:50:00+00:00
[2025-03-31T06:50:14.799+0000] {processor.py:208} INFO - Processing /home/airflow/.local/lib/python3.12/site-packages/airflow/example_dags/example_sla_dag.py took 0.082 seconds
[2025-03-31T06:50:45.695+0000] {processor.py:186} INFO - Started process (PID=1022) to work on /home/airflow/.local/lib/python3.12/site-packages/airflow/example_dags/example_sla_dag.py
[2025-03-31T06:50:45.696+0000] {processor.py:914} INFO - Processing file /home/airflow/.local/lib/python3.12/site-packages/airflow/example_dags/example_sla_dag.py for tasks to queue
[2025-03-31T06:50:45.698+0000] {logging_mixin.py:190} INFO - [2025-03-31T06:50:45.698+0000] {dagbag.py:588} INFO - Filling up the DagBag from /home/airflow/.local/lib/python3.12/site-packages/airflow/example_dags/example_sla_dag.py
[2025-03-31T06:50:45.708+0000] {processor.py:925} INFO - DAG(s) 'example_sla_dag' retrieved from /home/airflow/.local/lib/python3.12/site-packages/airflow/example_dags/example_sla_dag.py
[2025-03-31T06:50:45.728+0000] {logging_mixin.py:190} INFO - [2025-03-31T06:50:45.728+0000] {dag.py:3239} INFO - Sync 1 DAGs
[2025-03-31T06:50:45.755+0000] {logging_mixin.py:190} INFO - [2025-03-31T06:50:45.755+0000] {dag.py:4180} INFO - Setting next_dagrun for example_sla_dag to 2025-03-31 06:48:00+00:00, run_after=2025-03-31 06:50:00+00:00
[2025-03-31T06:50:45.771+0000] {processor.py:208} INFO - Processing /home/airflow/.local/lib/python3.12/site-packages/airflow/example_dags/example_sla_dag.py took 0.083 seconds
[2025-03-31T06:51:17.470+0000] {processor.py:186} INFO - Started process (PID=1313) to work on /home/airflow/.local/lib/python3.12/site-packages/airflow/example_dags/example_sla_dag.py
[2025-03-31T06:51:17.471+0000] {processor.py:914} INFO - Processing file /home/airflow/.local/lib/python3.12/site-packages/airflow/example_dags/example_sla_dag.py for tasks to queue
[2025-03-31T06:51:17.473+0000] {logging_mixin.py:190} INFO - [2025-03-31T06:51:17.473+0000] {dagbag.py:588} INFO - Filling up the DagBag from /home/airflow/.local/lib/python3.12/site-packages/airflow/example_dags/example_sla_dag.py
[2025-03-31T06:51:17.484+0000] {processor.py:925} INFO - DAG(s) 'example_sla_dag' retrieved from /home/airflow/.local/lib/python3.12/site-packages/airflow/example_dags/example_sla_dag.py
[2025-03-31T06:51:17.503+0000] {logging_mixin.py:190} INFO - [2025-03-31T06:51:17.502+0000] {dag.py:3239} INFO - Sync 1 DAGs
[2025-03-31T06:51:17.527+0000] {logging_mixin.py:190} INFO - [2025-03-31T06:51:17.527+0000] {dag.py:4180} INFO - Setting next_dagrun for example_sla_dag to 2025-03-31 06:48:00+00:00, run_after=2025-03-31 06:50:00+00:00
[2025-03-31T06:51:17.543+0000] {processor.py:208} INFO - Processing /home/airflow/.local/lib/python3.12/site-packages/airflow/example_dags/example_sla_dag.py took 0.079 seconds
[2025-03-31T06:51:49.211+0000] {processor.py:186} INFO - Started process (PID=1604) to work on /home/airflow/.local/lib/python3.12/site-packages/airflow/example_dags/example_sla_dag.py
[2025-03-31T06:51:49.214+0000] {processor.py:914} INFO - Processing file /home/airflow/.local/lib/python3.12/site-packages/airflow/example_dags/example_sla_dag.py for tasks to queue
[2025-03-31T06:51:49.218+0000] {logging_mixin.py:190} INFO - [2025-03-31T06:51:49.217+0000] {dagbag.py:588} INFO - Filling up the DagBag from /home/airflow/.local/lib/python3.12/site-packages/airflow/example_dags/example_sla_dag.py
[2025-03-31T06:51:49.235+0000] {processor.py:925} INFO - DAG(s) 'example_sla_dag' retrieved from /home/airflow/.local/lib/python3.12/site-packages/airflow/example_dags/example_sla_dag.py
[2025-03-31T06:51:49.271+0000] {logging_mixin.py:190} INFO - [2025-03-31T06:51:49.271+0000] {dag.py:3239} INFO - Sync 1 DAGs
[2025-03-31T06:51:49.318+0000] {logging_mixin.py:190} INFO - [2025-03-31T06:51:49.317+0000] {dag.py:4180} INFO - Setting next_dagrun for example_sla_dag to 2025-03-31 06:48:00+00:00, run_after=2025-03-31 06:50:00+00:00
[2025-03-31T06:51:49.345+0000] {processor.py:208} INFO - Processing /home/airflow/.local/lib/python3.12/site-packages/airflow/example_dags/example_sla_dag.py took 0.144 seconds
[2025-03-31T06:52:20.591+0000] {processor.py:186} INFO - Started process (PID=1895) to work on /home/airflow/.local/lib/python3.12/site-packages/airflow/example_dags/example_sla_dag.py
[2025-03-31T06:52:20.595+0000] {processor.py:914} INFO - Processing file /home/airflow/.local/lib/python3.12/site-packages/airflow/example_dags/example_sla_dag.py for tasks to queue
[2025-03-31T06:52:20.605+0000] {logging_mixin.py:190} INFO - [2025-03-31T06:52:20.605+0000] {dagbag.py:588} INFO - Filling up the DagBag from /home/airflow/.local/lib/python3.12/site-packages/airflow/example_dags/example_sla_dag.py
[2025-03-31T06:52:20.620+0000] {processor.py:925} INFO - DAG(s) 'example_sla_dag' retrieved from /home/airflow/.local/lib/python3.12/site-packages/airflow/example_dags/example_sla_dag.py
[2025-03-31T06:52:20.650+0000] {logging_mixin.py:190} INFO - [2025-03-31T06:52:20.650+0000] {dag.py:3239} INFO - Sync 1 DAGs
[2025-03-31T06:52:20.687+0000] {logging_mixin.py:190} INFO - [2025-03-31T06:52:20.687+0000] {dag.py:4180} INFO - Setting next_dagrun for example_sla_dag to 2025-03-31 06:50:00+00:00, run_after=2025-03-31 06:52:00+00:00
[2025-03-31T06:52:20.716+0000] {processor.py:208} INFO - Processing /home/airflow/.local/lib/python3.12/site-packages/airflow/example_dags/example_sla_dag.py took 0.141 seconds
[2025-03-31T06:52:50.932+0000] {processor.py:186} INFO - Started process (PID=2186) to work on /home/airflow/.local/lib/python3.12/site-packages/airflow/example_dags/example_sla_dag.py
[2025-03-31T06:52:50.933+0000] {processor.py:914} INFO - Processing file /home/airflow/.local/lib/python3.12/site-packages/airflow/example_dags/example_sla_dag.py for tasks to queue
[2025-03-31T06:52:50.935+0000] {logging_mixin.py:190} INFO - [2025-03-31T06:52:50.935+0000] {dagbag.py:588} INFO - Filling up the DagBag from /home/airflow/.local/lib/python3.12/site-packages/airflow/example_dags/example_sla_dag.py
[2025-03-31T06:52:50.947+0000] {processor.py:925} INFO - DAG(s) 'example_sla_dag' retrieved from /home/airflow/.local/lib/python3.12/site-packages/airflow/example_dags/example_sla_dag.py
[2025-03-31T06:52:50.966+0000] {logging_mixin.py:190} INFO - [2025-03-31T06:52:50.966+0000] {dag.py:3239} INFO - Sync 1 DAGs
[2025-03-31T06:52:50.991+0000] {logging_mixin.py:190} INFO - [2025-03-31T06:52:50.990+0000] {dag.py:4180} INFO - Setting next_dagrun for example_sla_dag to 2025-03-31 06:50:00+00:00, run_after=2025-03-31 06:52:00+00:00
[2025-03-31T06:52:51.008+0000] {processor.py:208} INFO - Processing /home/airflow/.local/lib/python3.12/site-packages/airflow/example_dags/example_sla_dag.py took 0.082 seconds
[2025-03-31T06:53:22.735+0000] {processor.py:186} INFO - Started process (PID=2472) to work on /home/airflow/.local/lib/python3.12/site-packages/airflow/example_dags/example_sla_dag.py
[2025-03-31T06:53:22.736+0000] {processor.py:914} INFO - Processing file /home/airflow/.local/lib/python3.12/site-packages/airflow/example_dags/example_sla_dag.py for tasks to queue
[2025-03-31T06:53:22.739+0000] {logging_mixin.py:190} INFO - [2025-03-31T06:53:22.738+0000] {dagbag.py:588} INFO - Filling up the DagBag from /home/airflow/.local/lib/python3.12/site-packages/airflow/example_dags/example_sla_dag.py
[2025-03-31T06:53:22.756+0000] {processor.py:925} INFO - DAG(s) 'example_sla_dag' retrieved from /home/airflow/.local/lib/python3.12/site-packages/airflow/example_dags/example_sla_dag.py
[2025-03-31T06:53:22.786+0000] {logging_mixin.py:190} INFO - [2025-03-31T06:53:22.786+0000] {dag.py:3239} INFO - Sync 1 DAGs
[2025-03-31T06:53:22.825+0000] {logging_mixin.py:190} INFO - [2025-03-31T06:53:22.825+0000] {dag.py:4180} INFO - Setting next_dagrun for example_sla_dag to 2025-03-31 06:50:00+00:00, run_after=2025-03-31 06:52:00+00:00
[2025-03-31T06:53:22.854+0000] {processor.py:208} INFO - Processing /home/airflow/.local/lib/python3.12/site-packages/airflow/example_dags/example_sla_dag.py took 0.129 seconds
[2025-03-31T06:53:53.777+0000] {processor.py:186} INFO - Started process (PID=2763) to work on /home/airflow/.local/lib/python3.12/site-packages/airflow/example_dags/example_sla_dag.py
[2025-03-31T06:53:53.778+0000] {processor.py:914} INFO - Processing file /home/airflow/.local/lib/python3.12/site-packages/airflow/example_dags/example_sla_dag.py for tasks to queue
[2025-03-31T06:53:53.780+0000] {logging_mixin.py:190} INFO - [2025-03-31T06:53:53.780+0000] {dagbag.py:588} INFO - Filling up the DagBag from /home/airflow/.local/lib/python3.12/site-packages/airflow/example_dags/example_sla_dag.py
[2025-03-31T06:53:53.790+0000] {processor.py:925} INFO - DAG(s) 'example_sla_dag' retrieved from /home/airflow/.local/lib/python3.12/site-packages/airflow/example_dags/example_sla_dag.py
[2025-03-31T06:53:53.809+0000] {logging_mixin.py:190} INFO - [2025-03-31T06:53:53.808+0000] {dag.py:3239} INFO - Sync 1 DAGs
[2025-03-31T06:53:53.838+0000] {logging_mixin.py:190} INFO - [2025-03-31T06:53:53.838+0000] {dag.py:4180} INFO - Setting next_dagrun for example_sla_dag to 2025-03-31 06:50:00+00:00, run_after=2025-03-31 06:52:00+00:00
[2025-03-31T06:53:53.855+0000] {processor.py:208} INFO - Processing /home/airflow/.local/lib/python3.12/site-packages/airflow/example_dags/example_sla_dag.py took 0.083 seconds
[2025-03-31T06:54:25.337+0000] {processor.py:186} INFO - Started process (PID=3059) to work on /home/airflow/.local/lib/python3.12/site-packages/airflow/example_dags/example_sla_dag.py
[2025-03-31T06:54:25.338+0000] {processor.py:914} INFO - Processing file /home/airflow/.local/lib/python3.12/site-packages/airflow/example_dags/example_sla_dag.py for tasks to queue
[2025-03-31T06:54:25.340+0000] {logging_mixin.py:190} INFO - [2025-03-31T06:54:25.340+0000] {dagbag.py:588} INFO - Filling up the DagBag from /home/airflow/.local/lib/python3.12/site-packages/airflow/example_dags/example_sla_dag.py
[2025-03-31T06:54:25.353+0000] {processor.py:925} INFO - DAG(s) 'example_sla_dag' retrieved from /home/airflow/.local/lib/python3.12/site-packages/airflow/example_dags/example_sla_dag.py
[2025-03-31T06:54:25.375+0000] {logging_mixin.py:190} INFO - [2025-03-31T06:54:25.375+0000] {dag.py:3239} INFO - Sync 1 DAGs
[2025-03-31T06:54:25.405+0000] {logging_mixin.py:190} INFO - [2025-03-31T06:54:25.405+0000] {dag.py:4180} INFO - Setting next_dagrun for example_sla_dag to 2025-03-31 06:52:00+00:00, run_after=2025-03-31 06:54:00+00:00
[2025-03-31T06:54:25.425+0000] {processor.py:208} INFO - Processing /home/airflow/.local/lib/python3.12/site-packages/airflow/example_dags/example_sla_dag.py took 0.096 seconds
[2025-03-31T06:54:56.091+0000] {processor.py:186} INFO - Started process (PID=3350) to work on /home/airflow/.local/lib/python3.12/site-packages/airflow/example_dags/example_sla_dag.py
[2025-03-31T06:54:56.092+0000] {processor.py:914} INFO - Processing file /home/airflow/.local/lib/python3.12/site-packages/airflow/example_dags/example_sla_dag.py for tasks to queue
[2025-03-31T06:54:56.094+0000] {logging_mixin.py:190} INFO - [2025-03-31T06:54:56.094+0000] {dagbag.py:588} INFO - Filling up the DagBag from /home/airflow/.local/lib/python3.12/site-packages/airflow/example_dags/example_sla_dag.py
[2025-03-31T06:54:56.105+0000] {processor.py:925} INFO - DAG(s) 'example_sla_dag' retrieved from /home/airflow/.local/lib/python3.12/site-packages/airflow/example_dags/example_sla_dag.py
[2025-03-31T06:54:56.126+0000] {logging_mixin.py:190} INFO - [2025-03-31T06:54:56.126+0000] {dag.py:3239} INFO - Sync 1 DAGs
[2025-03-31T06:54:56.154+0000] {logging_mixin.py:190} INFO - [2025-03-31T06:54:56.153+0000] {dag.py:4180} INFO - Setting next_dagrun for example_sla_dag to 2025-03-31 06:52:00+00:00, run_after=2025-03-31 06:54:00+00:00
[2025-03-31T06:54:56.172+0000] {processor.py:208} INFO - Processing /home/airflow/.local/lib/python3.12/site-packages/airflow/example_dags/example_sla_dag.py took 0.089 seconds
[2025-03-31T06:55:27.448+0000] {processor.py:186} INFO - Started process (PID=3645) to work on /home/airflow/.local/lib/python3.12/site-packages/airflow/example_dags/example_sla_dag.py
[2025-03-31T06:55:27.449+0000] {processor.py:914} INFO - Processing file /home/airflow/.local/lib/python3.12/site-packages/airflow/example_dags/example_sla_dag.py for tasks to queue
[2025-03-31T06:55:27.452+0000] {logging_mixin.py:190} INFO - [2025-03-31T06:55:27.451+0000] {dagbag.py:588} INFO - Filling up the DagBag from /home/airflow/.local/lib/python3.12/site-packages/airflow/example_dags/example_sla_dag.py
[2025-03-31T06:55:27.464+0000] {processor.py:925} INFO - DAG(s) 'example_sla_dag' retrieved from /home/airflow/.local/lib/python3.12/site-packages/airflow/example_dags/example_sla_dag.py
[2025-03-31T06:55:27.485+0000] {logging_mixin.py:190} INFO - [2025-03-31T06:55:27.484+0000] {dag.py:3239} INFO - Sync 1 DAGs
[2025-03-31T06:55:27.512+0000] {logging_mixin.py:190} INFO - [2025-03-31T06:55:27.512+0000] {dag.py:4180} INFO - Setting next_dagrun for example_sla_dag to 2025-03-31 06:52:00+00:00, run_after=2025-03-31 06:54:00+00:00
[2025-03-31T06:55:27.530+0000] {processor.py:208} INFO - Processing /home/airflow/.local/lib/python3.12/site-packages/airflow/example_dags/example_sla_dag.py took 0.089 seconds
[2025-03-31T06:55:58.759+0000] {processor.py:186} INFO - Started process (PID=3937) to work on /home/airflow/.local/lib/python3.12/site-packages/airflow/example_dags/example_sla_dag.py
[2025-03-31T06:55:58.760+0000] {processor.py:914} INFO - Processing file /home/airflow/.local/lib/python3.12/site-packages/airflow/example_dags/example_sla_dag.py for tasks to queue
[2025-03-31T06:55:58.762+0000] {logging_mixin.py:190} INFO - [2025-03-31T06:55:58.761+0000] {dagbag.py:588} INFO - Filling up the DagBag from /home/airflow/.local/lib/python3.12/site-packages/airflow/example_dags/example_sla_dag.py
[2025-03-31T06:55:58.771+0000] {processor.py:925} INFO - DAG(s) 'example_sla_dag' retrieved from /home/airflow/.local/lib/python3.12/site-packages/airflow/example_dags/example_sla_dag.py
[2025-03-31T06:55:58.791+0000] {logging_mixin.py:190} INFO - [2025-03-31T06:55:58.790+0000] {dag.py:3239} INFO - Sync 1 DAGs
[2025-03-31T06:55:58.815+0000] {logging_mixin.py:190} INFO - [2025-03-31T06:55:58.814+0000] {dag.py:4180} INFO - Setting next_dagrun for example_sla_dag to 2025-03-31 06:52:00+00:00, run_after=2025-03-31 06:54:00+00:00
[2025-03-31T06:55:58.829+0000] {processor.py:208} INFO - Processing /home/airflow/.local/lib/python3.12/site-packages/airflow/example_dags/example_sla_dag.py took 0.077 seconds
[2025-03-31T06:56:32.408+0000] {processor.py:186} INFO - Started process (PID=4233) to work on /home/airflow/.local/lib/python3.12/site-packages/airflow/example_dags/example_sla_dag.py
[2025-03-31T06:56:32.409+0000] {processor.py:914} INFO - Processing file /home/airflow/.local/lib/python3.12/site-packages/airflow/example_dags/example_sla_dag.py for tasks to queue
[2025-03-31T06:56:32.412+0000] {logging_mixin.py:190} INFO - [2025-03-31T06:56:32.412+0000] {dagbag.py:588} INFO - Filling up the DagBag from /home/airflow/.local/lib/python3.12/site-packages/airflow/example_dags/example_sla_dag.py
[2025-03-31T06:56:32.428+0000] {processor.py:925} INFO - DAG(s) 'example_sla_dag' retrieved from /home/airflow/.local/lib/python3.12/site-packages/airflow/example_dags/example_sla_dag.py
[2025-03-31T06:56:32.460+0000] {logging_mixin.py:190} INFO - [2025-03-31T06:56:32.460+0000] {dag.py:3239} INFO - Sync 1 DAGs
[2025-03-31T06:56:32.498+0000] {logging_mixin.py:190} INFO - [2025-03-31T06:56:32.497+0000] {dag.py:4180} INFO - Setting next_dagrun for example_sla_dag to 2025-03-31 06:54:00+00:00, run_after=2025-03-31 06:56:00+00:00
[2025-03-31T06:56:32.527+0000] {processor.py:208} INFO - Processing /home/airflow/.local/lib/python3.12/site-packages/airflow/example_dags/example_sla_dag.py took 0.129 seconds
[2025-03-31T06:57:03.928+0000] {processor.py:186} INFO - Started process (PID=4522) to work on /home/airflow/.local/lib/python3.12/site-packages/airflow/example_dags/example_sla_dag.py
[2025-03-31T06:57:03.929+0000] {processor.py:914} INFO - Processing file /home/airflow/.local/lib/python3.12/site-packages/airflow/example_dags/example_sla_dag.py for tasks to queue
[2025-03-31T06:57:03.932+0000] {logging_mixin.py:190} INFO - [2025-03-31T06:57:03.931+0000] {dagbag.py:588} INFO - Filling up the DagBag from /home/airflow/.local/lib/python3.12/site-packages/airflow/example_dags/example_sla_dag.py
[2025-03-31T06:57:03.953+0000] {processor.py:925} INFO - DAG(s) 'example_sla_dag' retrieved from /home/airflow/.local/lib/python3.12/site-packages/airflow/example_dags/example_sla_dag.py
[2025-03-31T06:57:03.980+0000] {logging_mixin.py:190} INFO - [2025-03-31T06:57:03.979+0000] {dag.py:3239} INFO - Sync 1 DAGs
[2025-03-31T06:57:04.020+0000] {logging_mixin.py:190} INFO - [2025-03-31T06:57:04.019+0000] {dag.py:4180} INFO - Setting next_dagrun for example_sla_dag to 2025-03-31 06:54:00+00:00, run_after=2025-03-31 06:56:00+00:00
[2025-03-31T06:57:04.044+0000] {processor.py:208} INFO - Processing /home/airflow/.local/lib/python3.12/site-packages/airflow/example_dags/example_sla_dag.py took 0.123 seconds
[2025-03-31T06:57:34.175+0000] {processor.py:186} INFO - Started process (PID=4813) to work on /home/airflow/.local/lib/python3.12/site-packages/airflow/example_dags/example_sla_dag.py
[2025-03-31T06:57:34.176+0000] {processor.py:914} INFO - Processing file /home/airflow/.local/lib/python3.12/site-packages/airflow/example_dags/example_sla_dag.py for tasks to queue
[2025-03-31T06:57:34.179+0000] {logging_mixin.py:190} INFO - [2025-03-31T06:57:34.179+0000] {dagbag.py:588} INFO - Filling up the DagBag from /home/airflow/.local/lib/python3.12/site-packages/airflow/example_dags/example_sla_dag.py
[2025-03-31T06:57:34.195+0000] {processor.py:925} INFO - DAG(s) 'example_sla_dag' retrieved from /home/airflow/.local/lib/python3.12/site-packages/airflow/example_dags/example_sla_dag.py
[2025-03-31T06:57:34.224+0000] {logging_mixin.py:190} INFO - [2025-03-31T06:57:34.224+0000] {dag.py:3239} INFO - Sync 1 DAGs
[2025-03-31T06:57:34.260+0000] {logging_mixin.py:190} INFO - [2025-03-31T06:57:34.260+0000] {dag.py:4180} INFO - Setting next_dagrun for example_sla_dag to 2025-03-31 06:54:00+00:00, run_after=2025-03-31 06:56:00+00:00
[2025-03-31T06:57:34.286+0000] {processor.py:208} INFO - Processing /home/airflow/.local/lib/python3.12/site-packages/airflow/example_dags/example_sla_dag.py took 0.119 seconds
[2025-03-31T06:58:05.457+0000] {processor.py:186} INFO - Started process (PID=5101) to work on /home/airflow/.local/lib/python3.12/site-packages/airflow/example_dags/example_sla_dag.py
[2025-03-31T06:58:05.458+0000] {processor.py:914} INFO - Processing file /home/airflow/.local/lib/python3.12/site-packages/airflow/example_dags/example_sla_dag.py for tasks to queue
[2025-03-31T06:58:05.460+0000] {logging_mixin.py:190} INFO - [2025-03-31T06:58:05.460+0000] {dagbag.py:588} INFO - Filling up the DagBag from /home/airflow/.local/lib/python3.12/site-packages/airflow/example_dags/example_sla_dag.py
[2025-03-31T06:58:05.473+0000] {processor.py:925} INFO - DAG(s) 'example_sla_dag' retrieved from /home/airflow/.local/lib/python3.12/site-packages/airflow/example_dags/example_sla_dag.py
[2025-03-31T06:58:05.501+0000] {logging_mixin.py:190} INFO - [2025-03-31T06:58:05.501+0000] {dag.py:3239} INFO - Sync 1 DAGs
[2025-03-31T06:58:05.533+0000] {logging_mixin.py:190} INFO - [2025-03-31T06:58:05.533+0000] {dag.py:4180} INFO - Setting next_dagrun for example_sla_dag to 2025-03-31 06:56:00+00:00, run_after=2025-03-31 06:58:00+00:00
[2025-03-31T06:58:05.559+0000] {processor.py:208} INFO - Processing /home/airflow/.local/lib/python3.12/site-packages/airflow/example_dags/example_sla_dag.py took 0.111 seconds
[2025-03-31T06:58:36.753+0000] {processor.py:186} INFO - Started process (PID=5390) to work on /home/airflow/.local/lib/python3.12/site-packages/airflow/example_dags/example_sla_dag.py
[2025-03-31T06:58:36.755+0000] {processor.py:914} INFO - Processing file /home/airflow/.local/lib/python3.12/site-packages/airflow/example_dags/example_sla_dag.py for tasks to queue
[2025-03-31T06:58:36.758+0000] {logging_mixin.py:190} INFO - [2025-03-31T06:58:36.757+0000] {dagbag.py:588} INFO - Filling up the DagBag from /home/airflow/.local/lib/python3.12/site-packages/airflow/example_dags/example_sla_dag.py
[2025-03-31T06:58:36.773+0000] {processor.py:925} INFO - DAG(s) 'example_sla_dag' retrieved from /home/airflow/.local/lib/python3.12/site-packages/airflow/example_dags/example_sla_dag.py
[2025-03-31T06:58:36.800+0000] {logging_mixin.py:190} INFO - [2025-03-31T06:58:36.799+0000] {dag.py:3239} INFO - Sync 1 DAGs
[2025-03-31T06:58:36.830+0000] {logging_mixin.py:190} INFO - [2025-03-31T06:58:36.829+0000] {dag.py:4180} INFO - Setting next_dagrun for example_sla_dag to 2025-03-31 06:56:00+00:00, run_after=2025-03-31 06:58:00+00:00
[2025-03-31T06:58:36.853+0000] {processor.py:208} INFO - Processing /home/airflow/.local/lib/python3.12/site-packages/airflow/example_dags/example_sla_dag.py took 0.108 seconds
[2025-03-31T06:59:08.093+0000] {processor.py:186} INFO - Started process (PID=5681) to work on /home/airflow/.local/lib/python3.12/site-packages/airflow/example_dags/example_sla_dag.py
[2025-03-31T06:59:08.094+0000] {processor.py:914} INFO - Processing file /home/airflow/.local/lib/python3.12/site-packages/airflow/example_dags/example_sla_dag.py for tasks to queue
[2025-03-31T06:59:08.097+0000] {logging_mixin.py:190} INFO - [2025-03-31T06:59:08.097+0000] {dagbag.py:588} INFO - Filling up the DagBag from /home/airflow/.local/lib/python3.12/site-packages/airflow/example_dags/example_sla_dag.py
[2025-03-31T06:59:08.112+0000] {processor.py:925} INFO - DAG(s) 'example_sla_dag' retrieved from /home/airflow/.local/lib/python3.12/site-packages/airflow/example_dags/example_sla_dag.py
[2025-03-31T06:59:08.134+0000] {logging_mixin.py:190} INFO - [2025-03-31T06:59:08.134+0000] {dag.py:3239} INFO - Sync 1 DAGs
[2025-03-31T06:59:08.163+0000] {logging_mixin.py:190} INFO - [2025-03-31T06:59:08.163+0000] {dag.py:4180} INFO - Setting next_dagrun for example_sla_dag to 2025-03-31 06:56:00+00:00, run_after=2025-03-31 06:58:00+00:00
[2025-03-31T06:59:08.182+0000] {processor.py:208} INFO - Processing /home/airflow/.local/lib/python3.12/site-packages/airflow/example_dags/example_sla_dag.py took 0.095 seconds
[2025-03-31T06:59:39.392+0000] {processor.py:186} INFO - Started process (PID=5972) to work on /home/airflow/.local/lib/python3.12/site-packages/airflow/example_dags/example_sla_dag.py
[2025-03-31T06:59:39.393+0000] {processor.py:914} INFO - Processing file /home/airflow/.local/lib/python3.12/site-packages/airflow/example_dags/example_sla_dag.py for tasks to queue
[2025-03-31T06:59:39.396+0000] {logging_mixin.py:190} INFO - [2025-03-31T06:59:39.395+0000] {dagbag.py:588} INFO - Filling up the DagBag from /home/airflow/.local/lib/python3.12/site-packages/airflow/example_dags/example_sla_dag.py
[2025-03-31T06:59:39.408+0000] {processor.py:925} INFO - DAG(s) 'example_sla_dag' retrieved from /home/airflow/.local/lib/python3.12/site-packages/airflow/example_dags/example_sla_dag.py
[2025-03-31T06:59:39.430+0000] {logging_mixin.py:190} INFO - [2025-03-31T06:59:39.430+0000] {dag.py:3239} INFO - Sync 1 DAGs
[2025-03-31T06:59:39.460+0000] {logging_mixin.py:190} INFO - [2025-03-31T06:59:39.460+0000] {dag.py:4180} INFO - Setting next_dagrun for example_sla_dag to 2025-03-31 06:56:00+00:00, run_after=2025-03-31 06:58:00+00:00
[2025-03-31T06:59:39.479+0000] {processor.py:208} INFO - Processing /home/airflow/.local/lib/python3.12/site-packages/airflow/example_dags/example_sla_dag.py took 0.094 seconds
[2025-03-31T07:00:10.741+0000] {processor.py:186} INFO - Started process (PID=6268) to work on /home/airflow/.local/lib/python3.12/site-packages/airflow/example_dags/example_sla_dag.py
[2025-03-31T07:00:10.742+0000] {processor.py:914} INFO - Processing file /home/airflow/.local/lib/python3.12/site-packages/airflow/example_dags/example_sla_dag.py for tasks to queue
[2025-03-31T07:00:10.744+0000] {logging_mixin.py:190} INFO - [2025-03-31T07:00:10.744+0000] {dagbag.py:588} INFO - Filling up the DagBag from /home/airflow/.local/lib/python3.12/site-packages/airflow/example_dags/example_sla_dag.py
[2025-03-31T07:00:10.756+0000] {processor.py:925} INFO - DAG(s) 'example_sla_dag' retrieved from /home/airflow/.local/lib/python3.12/site-packages/airflow/example_dags/example_sla_dag.py
[2025-03-31T07:00:10.778+0000] {logging_mixin.py:190} INFO - [2025-03-31T07:00:10.778+0000] {dag.py:3239} INFO - Sync 1 DAGs
[2025-03-31T07:00:10.805+0000] {logging_mixin.py:190} INFO - [2025-03-31T07:00:10.805+0000] {dag.py:4180} INFO - Setting next_dagrun for example_sla_dag to 2025-03-31 06:58:00+00:00, run_after=2025-03-31 07:00:00+00:00
[2025-03-31T07:00:10.827+0000] {processor.py:208} INFO - Processing /home/airflow/.local/lib/python3.12/site-packages/airflow/example_dags/example_sla_dag.py took 0.095 seconds
[2025-03-31T07:00:42.276+0000] {processor.py:186} INFO - Started process (PID=6562) to work on /home/airflow/.local/lib/python3.12/site-packages/airflow/example_dags/example_sla_dag.py
[2025-03-31T07:00:42.277+0000] {processor.py:914} INFO - Processing file /home/airflow/.local/lib/python3.12/site-packages/airflow/example_dags/example_sla_dag.py for tasks to queue
[2025-03-31T07:00:42.280+0000] {logging_mixin.py:190} INFO - [2025-03-31T07:00:42.279+0000] {dagbag.py:588} INFO - Filling up the DagBag from /home/airflow/.local/lib/python3.12/site-packages/airflow/example_dags/example_sla_dag.py
[2025-03-31T07:00:42.290+0000] {processor.py:925} INFO - DAG(s) 'example_sla_dag' retrieved from /home/airflow/.local/lib/python3.12/site-packages/airflow/example_dags/example_sla_dag.py
[2025-03-31T07:00:42.312+0000] {logging_mixin.py:190} INFO - [2025-03-31T07:00:42.312+0000] {dag.py:3239} INFO - Sync 1 DAGs
[2025-03-31T07:00:42.337+0000] {logging_mixin.py:190} INFO - [2025-03-31T07:00:42.337+0000] {dag.py:4180} INFO - Setting next_dagrun for example_sla_dag to 2025-03-31 06:58:00+00:00, run_after=2025-03-31 07:00:00+00:00
[2025-03-31T07:00:42.353+0000] {processor.py:208} INFO - Processing /home/airflow/.local/lib/python3.12/site-packages/airflow/example_dags/example_sla_dag.py took 0.084 seconds
[2025-03-31T07:01:13.072+0000] {processor.py:186} INFO - Started process (PID=6851) to work on /home/airflow/.local/lib/python3.12/site-packages/airflow/example_dags/example_sla_dag.py
[2025-03-31T07:01:13.073+0000] {processor.py:914} INFO - Processing file /home/airflow/.local/lib/python3.12/site-packages/airflow/example_dags/example_sla_dag.py for tasks to queue
[2025-03-31T07:01:13.075+0000] {logging_mixin.py:190} INFO - [2025-03-31T07:01:13.075+0000] {dagbag.py:588} INFO - Filling up the DagBag from /home/airflow/.local/lib/python3.12/site-packages/airflow/example_dags/example_sla_dag.py
[2025-03-31T07:01:13.087+0000] {processor.py:925} INFO - DAG(s) 'example_sla_dag' retrieved from /home/airflow/.local/lib/python3.12/site-packages/airflow/example_dags/example_sla_dag.py
[2025-03-31T07:01:13.111+0000] {logging_mixin.py:190} INFO - [2025-03-31T07:01:13.111+0000] {dag.py:3239} INFO - Sync 1 DAGs
[2025-03-31T07:01:13.138+0000] {logging_mixin.py:190} INFO - [2025-03-31T07:01:13.138+0000] {dag.py:4180} INFO - Setting next_dagrun for example_sla_dag to 2025-03-31 06:58:00+00:00, run_after=2025-03-31 07:00:00+00:00
[2025-03-31T07:01:13.155+0000] {processor.py:208} INFO - Processing /home/airflow/.local/lib/python3.12/site-packages/airflow/example_dags/example_sla_dag.py took 0.089 seconds
[2025-03-31T07:01:44.158+0000] {processor.py:186} INFO - Started process (PID=7142) to work on /home/airflow/.local/lib/python3.12/site-packages/airflow/example_dags/example_sla_dag.py
[2025-03-31T07:01:44.159+0000] {processor.py:914} INFO - Processing file /home/airflow/.local/lib/python3.12/site-packages/airflow/example_dags/example_sla_dag.py for tasks to queue
[2025-03-31T07:01:44.161+0000] {logging_mixin.py:190} INFO - [2025-03-31T07:01:44.161+0000] {dagbag.py:588} INFO - Filling up the DagBag from /home/airflow/.local/lib/python3.12/site-packages/airflow/example_dags/example_sla_dag.py
[2025-03-31T07:01:44.174+0000] {processor.py:925} INFO - DAG(s) 'example_sla_dag' retrieved from /home/airflow/.local/lib/python3.12/site-packages/airflow/example_dags/example_sla_dag.py
[2025-03-31T07:01:44.195+0000] {logging_mixin.py:190} INFO - [2025-03-31T07:01:44.195+0000] {dag.py:3239} INFO - Sync 1 DAGs
[2025-03-31T07:01:44.223+0000] {logging_mixin.py:190} INFO - [2025-03-31T07:01:44.223+0000] {dag.py:4180} INFO - Setting next_dagrun for example_sla_dag to 2025-03-31 06:58:00+00:00, run_after=2025-03-31 07:00:00+00:00
[2025-03-31T07:01:44.240+0000] {processor.py:208} INFO - Processing /home/airflow/.local/lib/python3.12/site-packages/airflow/example_dags/example_sla_dag.py took 0.090 seconds
[2025-03-31T07:02:15.385+0000] {processor.py:186} INFO - Started process (PID=7433) to work on /home/airflow/.local/lib/python3.12/site-packages/airflow/example_dags/example_sla_dag.py
[2025-03-31T07:02:15.386+0000] {processor.py:914} INFO - Processing file /home/airflow/.local/lib/python3.12/site-packages/airflow/example_dags/example_sla_dag.py for tasks to queue
[2025-03-31T07:02:15.389+0000] {logging_mixin.py:190} INFO - [2025-03-31T07:02:15.388+0000] {dagbag.py:588} INFO - Filling up the DagBag from /home/airflow/.local/lib/python3.12/site-packages/airflow/example_dags/example_sla_dag.py
[2025-03-31T07:02:15.399+0000] {processor.py:925} INFO - DAG(s) 'example_sla_dag' retrieved from /home/airflow/.local/lib/python3.12/site-packages/airflow/example_dags/example_sla_dag.py
[2025-03-31T07:02:15.421+0000] {logging_mixin.py:190} INFO - [2025-03-31T07:02:15.421+0000] {dag.py:3239} INFO - Sync 1 DAGs
[2025-03-31T07:02:15.447+0000] {logging_mixin.py:190} INFO - [2025-03-31T07:02:15.447+0000] {dag.py:4180} INFO - Setting next_dagrun for example_sla_dag to 2025-03-31 07:00:00+00:00, run_after=2025-03-31 07:02:00+00:00
[2025-03-31T07:02:15.465+0000] {processor.py:208} INFO - Processing /home/airflow/.local/lib/python3.12/site-packages/airflow/example_dags/example_sla_dag.py took 0.086 seconds
[2025-03-31T07:02:46.348+0000] {processor.py:186} INFO - Started process (PID=7726) to work on /home/airflow/.local/lib/python3.12/site-packages/airflow/example_dags/example_sla_dag.py
[2025-03-31T07:02:46.349+0000] {processor.py:914} INFO - Processing file /home/airflow/.local/lib/python3.12/site-packages/airflow/example_dags/example_sla_dag.py for tasks to queue
[2025-03-31T07:02:46.351+0000] {logging_mixin.py:190} INFO - [2025-03-31T07:02:46.351+0000] {dagbag.py:588} INFO - Filling up the DagBag from /home/airflow/.local/lib/python3.12/site-packages/airflow/example_dags/example_sla_dag.py
[2025-03-31T07:02:46.364+0000] {processor.py:925} INFO - DAG(s) 'example_sla_dag' retrieved from /home/airflow/.local/lib/python3.12/site-packages/airflow/example_dags/example_sla_dag.py
[2025-03-31T07:02:46.385+0000] {logging_mixin.py:190} INFO - [2025-03-31T07:02:46.385+0000] {dag.py:3239} INFO - Sync 1 DAGs
[2025-03-31T07:02:46.412+0000] {logging_mixin.py:190} INFO - [2025-03-31T07:02:46.412+0000] {dag.py:4180} INFO - Setting next_dagrun for example_sla_dag to 2025-03-31 07:00:00+00:00, run_after=2025-03-31 07:02:00+00:00
[2025-03-31T07:02:46.430+0000] {processor.py:208} INFO - Processing /home/airflow/.local/lib/python3.12/site-packages/airflow/example_dags/example_sla_dag.py took 0.088 seconds
[2025-03-31T07:03:17.497+0000] {processor.py:186} INFO - Started process (PID=8017) to work on /home/airflow/.local/lib/python3.12/site-packages/airflow/example_dags/example_sla_dag.py
[2025-03-31T07:03:17.498+0000] {processor.py:914} INFO - Processing file /home/airflow/.local/lib/python3.12/site-packages/airflow/example_dags/example_sla_dag.py for tasks to queue
[2025-03-31T07:03:17.501+0000] {logging_mixin.py:190} INFO - [2025-03-31T07:03:17.500+0000] {dagbag.py:588} INFO - Filling up the DagBag from /home/airflow/.local/lib/python3.12/site-packages/airflow/example_dags/example_sla_dag.py
[2025-03-31T07:03:17.511+0000] {processor.py:925} INFO - DAG(s) 'example_sla_dag' retrieved from /home/airflow/.local/lib/python3.12/site-packages/airflow/example_dags/example_sla_dag.py
[2025-03-31T07:03:17.529+0000] {logging_mixin.py:190} INFO - [2025-03-31T07:03:17.529+0000] {dag.py:3239} INFO - Sync 1 DAGs
[2025-03-31T07:03:17.552+0000] {logging_mixin.py:190} INFO - [2025-03-31T07:03:17.552+0000] {dag.py:4180} INFO - Setting next_dagrun for example_sla_dag to 2025-03-31 07:00:00+00:00, run_after=2025-03-31 07:02:00+00:00
[2025-03-31T07:03:17.567+0000] {processor.py:208} INFO - Processing /home/airflow/.local/lib/python3.12/site-packages/airflow/example_dags/example_sla_dag.py took 0.075 seconds
[2025-03-31T07:03:49.255+0000] {processor.py:186} INFO - Started process (PID=8308) to work on /home/airflow/.local/lib/python3.12/site-packages/airflow/example_dags/example_sla_dag.py
[2025-03-31T07:03:49.256+0000] {processor.py:914} INFO - Processing file /home/airflow/.local/lib/python3.12/site-packages/airflow/example_dags/example_sla_dag.py for tasks to queue
[2025-03-31T07:03:49.258+0000] {logging_mixin.py:190} INFO - [2025-03-31T07:03:49.258+0000] {dagbag.py:588} INFO - Filling up the DagBag from /home/airflow/.local/lib/python3.12/site-packages/airflow/example_dags/example_sla_dag.py
[2025-03-31T07:03:49.270+0000] {processor.py:925} INFO - DAG(s) 'example_sla_dag' retrieved from /home/airflow/.local/lib/python3.12/site-packages/airflow/example_dags/example_sla_dag.py
[2025-03-31T07:03:49.291+0000] {logging_mixin.py:190} INFO - [2025-03-31T07:03:49.291+0000] {dag.py:3239} INFO - Sync 1 DAGs
[2025-03-31T07:03:49.317+0000] {logging_mixin.py:190} INFO - [2025-03-31T07:03:49.317+0000] {dag.py:4180} INFO - Setting next_dagrun for example_sla_dag to 2025-03-31 07:00:00+00:00, run_after=2025-03-31 07:02:00+00:00
[2025-03-31T07:03:49.335+0000] {processor.py:208} INFO - Processing /home/airflow/.local/lib/python3.12/site-packages/airflow/example_dags/example_sla_dag.py took 0.086 seconds
[2025-03-31T07:04:20.240+0000] {processor.py:186} INFO - Started process (PID=8597) to work on /home/airflow/.local/lib/python3.12/site-packages/airflow/example_dags/example_sla_dag.py
[2025-03-31T07:04:20.241+0000] {processor.py:914} INFO - Processing file /home/airflow/.local/lib/python3.12/site-packages/airflow/example_dags/example_sla_dag.py for tasks to queue
[2025-03-31T07:04:20.243+0000] {logging_mixin.py:190} INFO - [2025-03-31T07:04:20.243+0000] {dagbag.py:588} INFO - Filling up the DagBag from /home/airflow/.local/lib/python3.12/site-packages/airflow/example_dags/example_sla_dag.py
[2025-03-31T07:04:20.256+0000] {processor.py:925} INFO - DAG(s) 'example_sla_dag' retrieved from /home/airflow/.local/lib/python3.12/site-packages/airflow/example_dags/example_sla_dag.py
[2025-03-31T07:04:20.281+0000] {logging_mixin.py:190} INFO - [2025-03-31T07:04:20.281+0000] {dag.py:3239} INFO - Sync 1 DAGs
[2025-03-31T07:04:20.312+0000] {logging_mixin.py:190} INFO - [2025-03-31T07:04:20.311+0000] {dag.py:4180} INFO - Setting next_dagrun for example_sla_dag to 2025-03-31 07:02:00+00:00, run_after=2025-03-31 07:04:00+00:00
[2025-03-31T07:04:20.334+0000] {processor.py:208} INFO - Processing /home/airflow/.local/lib/python3.12/site-packages/airflow/example_dags/example_sla_dag.py took 0.100 seconds
[2025-03-31T07:04:51.690+0000] {processor.py:186} INFO - Started process (PID=8888) to work on /home/airflow/.local/lib/python3.12/site-packages/airflow/example_dags/example_sla_dag.py
[2025-03-31T07:04:51.691+0000] {processor.py:914} INFO - Processing file /home/airflow/.local/lib/python3.12/site-packages/airflow/example_dags/example_sla_dag.py for tasks to queue
[2025-03-31T07:04:51.694+0000] {logging_mixin.py:190} INFO - [2025-03-31T07:04:51.693+0000] {dagbag.py:588} INFO - Filling up the DagBag from /home/airflow/.local/lib/python3.12/site-packages/airflow/example_dags/example_sla_dag.py
[2025-03-31T07:04:51.705+0000] {processor.py:925} INFO - DAG(s) 'example_sla_dag' retrieved from /home/airflow/.local/lib/python3.12/site-packages/airflow/example_dags/example_sla_dag.py
[2025-03-31T07:04:51.730+0000] {logging_mixin.py:190} INFO - [2025-03-31T07:04:51.729+0000] {dag.py:3239} INFO - Sync 1 DAGs
[2025-03-31T07:04:51.758+0000] {logging_mixin.py:190} INFO - [2025-03-31T07:04:51.758+0000] {dag.py:4180} INFO - Setting next_dagrun for example_sla_dag to 2025-03-31 07:02:00+00:00, run_after=2025-03-31 07:04:00+00:00
[2025-03-31T07:04:51.778+0000] {processor.py:208} INFO - Processing /home/airflow/.local/lib/python3.12/site-packages/airflow/example_dags/example_sla_dag.py took 0.094 seconds
[2025-03-31T07:05:23.250+0000] {processor.py:186} INFO - Started process (PID=9184) to work on /home/airflow/.local/lib/python3.12/site-packages/airflow/example_dags/example_sla_dag.py
[2025-03-31T07:05:23.251+0000] {processor.py:914} INFO - Processing file /home/airflow/.local/lib/python3.12/site-packages/airflow/example_dags/example_sla_dag.py for tasks to queue
[2025-03-31T07:05:23.254+0000] {logging_mixin.py:190} INFO - [2025-03-31T07:05:23.254+0000] {dagbag.py:588} INFO - Filling up the DagBag from /home/airflow/.local/lib/python3.12/site-packages/airflow/example_dags/example_sla_dag.py
[2025-03-31T07:05:23.267+0000] {processor.py:925} INFO - DAG(s) 'example_sla_dag' retrieved from /home/airflow/.local/lib/python3.12/site-packages/airflow/example_dags/example_sla_dag.py
[2025-03-31T07:05:23.293+0000] {logging_mixin.py:190} INFO - [2025-03-31T07:05:23.293+0000] {dag.py:3239} INFO - Sync 1 DAGs
[2025-03-31T07:05:23.329+0000] {logging_mixin.py:190} INFO - [2025-03-31T07:05:23.328+0000] {dag.py:4180} INFO - Setting next_dagrun for example_sla_dag to 2025-03-31 07:02:00+00:00, run_after=2025-03-31 07:04:00+00:00
[2025-03-31T07:05:23.354+0000] {processor.py:208} INFO - Processing /home/airflow/.local/lib/python3.12/site-packages/airflow/example_dags/example_sla_dag.py took 0.110 seconds
[2025-03-31T07:05:54.186+0000] {processor.py:186} INFO - Started process (PID=9470) to work on /home/airflow/.local/lib/python3.12/site-packages/airflow/example_dags/example_sla_dag.py
[2025-03-31T07:05:54.187+0000] {processor.py:914} INFO - Processing file /home/airflow/.local/lib/python3.12/site-packages/airflow/example_dags/example_sla_dag.py for tasks to queue
[2025-03-31T07:05:54.190+0000] {logging_mixin.py:190} INFO - [2025-03-31T07:05:54.189+0000] {dagbag.py:588} INFO - Filling up the DagBag from /home/airflow/.local/lib/python3.12/site-packages/airflow/example_dags/example_sla_dag.py
[2025-03-31T07:05:54.202+0000] {processor.py:925} INFO - DAG(s) 'example_sla_dag' retrieved from /home/airflow/.local/lib/python3.12/site-packages/airflow/example_dags/example_sla_dag.py
[2025-03-31T07:05:54.223+0000] {logging_mixin.py:190} INFO - [2025-03-31T07:05:54.223+0000] {dag.py:3239} INFO - Sync 1 DAGs
[2025-03-31T07:05:54.251+0000] {logging_mixin.py:190} INFO - [2025-03-31T07:05:54.251+0000] {dag.py:4180} INFO - Setting next_dagrun for example_sla_dag to 2025-03-31 07:02:00+00:00, run_after=2025-03-31 07:04:00+00:00
[2025-03-31T07:05:54.270+0000] {processor.py:208} INFO - Processing /home/airflow/.local/lib/python3.12/site-packages/airflow/example_dags/example_sla_dag.py took 0.090 seconds
[2025-03-31T07:06:25.203+0000] {processor.py:186} INFO - Started process (PID=9761) to work on /home/airflow/.local/lib/python3.12/site-packages/airflow/example_dags/example_sla_dag.py
[2025-03-31T07:06:25.204+0000] {processor.py:914} INFO - Processing file /home/airflow/.local/lib/python3.12/site-packages/airflow/example_dags/example_sla_dag.py for tasks to queue
[2025-03-31T07:06:25.207+0000] {logging_mixin.py:190} INFO - [2025-03-31T07:06:25.207+0000] {dagbag.py:588} INFO - Filling up the DagBag from /home/airflow/.local/lib/python3.12/site-packages/airflow/example_dags/example_sla_dag.py
[2025-03-31T07:06:25.222+0000] {processor.py:925} INFO - DAG(s) 'example_sla_dag' retrieved from /home/airflow/.local/lib/python3.12/site-packages/airflow/example_dags/example_sla_dag.py
[2025-03-31T07:06:25.247+0000] {logging_mixin.py:190} INFO - [2025-03-31T07:06:25.246+0000] {dag.py:3239} INFO - Sync 1 DAGs
[2025-03-31T07:06:25.274+0000] {logging_mixin.py:190} INFO - [2025-03-31T07:06:25.274+0000] {dag.py:4180} INFO - Setting next_dagrun for example_sla_dag to 2025-03-31 07:04:00+00:00, run_after=2025-03-31 07:06:00+00:00
[2025-03-31T07:06:25.291+0000] {processor.py:208} INFO - Processing /home/airflow/.local/lib/python3.12/site-packages/airflow/example_dags/example_sla_dag.py took 0.096 seconds
[2025-03-31T07:06:56.142+0000] {processor.py:186} INFO - Started process (PID=10052) to work on /home/airflow/.local/lib/python3.12/site-packages/airflow/example_dags/example_sla_dag.py
[2025-03-31T07:06:56.143+0000] {processor.py:914} INFO - Processing file /home/airflow/.local/lib/python3.12/site-packages/airflow/example_dags/example_sla_dag.py for tasks to queue
[2025-03-31T07:06:56.145+0000] {logging_mixin.py:190} INFO - [2025-03-31T07:06:56.145+0000] {dagbag.py:588} INFO - Filling up the DagBag from /home/airflow/.local/lib/python3.12/site-packages/airflow/example_dags/example_sla_dag.py
[2025-03-31T07:06:56.156+0000] {processor.py:925} INFO - DAG(s) 'example_sla_dag' retrieved from /home/airflow/.local/lib/python3.12/site-packages/airflow/example_dags/example_sla_dag.py
[2025-03-31T07:06:56.180+0000] {logging_mixin.py:190} INFO - [2025-03-31T07:06:56.180+0000] {dag.py:3239} INFO - Sync 1 DAGs
[2025-03-31T07:06:56.209+0000] {logging_mixin.py:190} INFO - [2025-03-31T07:06:56.209+0000] {dag.py:4180} INFO - Setting next_dagrun for example_sla_dag to 2025-03-31 07:04:00+00:00, run_after=2025-03-31 07:06:00+00:00
[2025-03-31T07:06:56.227+0000] {processor.py:208} INFO - Processing /home/airflow/.local/lib/python3.12/site-packages/airflow/example_dags/example_sla_dag.py took 0.092 seconds
[2025-03-31T07:07:28.113+0000] {processor.py:186} INFO - Started process (PID=10355) to work on /home/airflow/.local/lib/python3.12/site-packages/airflow/example_dags/example_sla_dag.py
[2025-03-31T07:07:28.115+0000] {processor.py:914} INFO - Processing file /home/airflow/.local/lib/python3.12/site-packages/airflow/example_dags/example_sla_dag.py for tasks to queue
[2025-03-31T07:07:28.118+0000] {logging_mixin.py:190} INFO - [2025-03-31T07:07:28.118+0000] {dagbag.py:588} INFO - Filling up the DagBag from /home/airflow/.local/lib/python3.12/site-packages/airflow/example_dags/example_sla_dag.py
[2025-03-31T07:07:28.131+0000] {processor.py:925} INFO - DAG(s) 'example_sla_dag' retrieved from /home/airflow/.local/lib/python3.12/site-packages/airflow/example_dags/example_sla_dag.py
[2025-03-31T07:07:28.155+0000] {logging_mixin.py:190} INFO - [2025-03-31T07:07:28.155+0000] {dag.py:3239} INFO - Sync 1 DAGs
[2025-03-31T07:07:28.183+0000] {logging_mixin.py:190} INFO - [2025-03-31T07:07:28.183+0000] {dag.py:4180} INFO - Setting next_dagrun for example_sla_dag to 2025-03-31 07:04:00+00:00, run_after=2025-03-31 07:06:00+00:00
[2025-03-31T07:07:28.203+0000] {processor.py:208} INFO - Processing /home/airflow/.local/lib/python3.12/site-packages/airflow/example_dags/example_sla_dag.py took 0.100 seconds
[2025-03-31T07:07:58.763+0000] {processor.py:186} INFO - Started process (PID=10644) to work on /home/airflow/.local/lib/python3.12/site-packages/airflow/example_dags/example_sla_dag.py
[2025-03-31T07:07:58.764+0000] {processor.py:914} INFO - Processing file /home/airflow/.local/lib/python3.12/site-packages/airflow/example_dags/example_sla_dag.py for tasks to queue
[2025-03-31T07:07:58.767+0000] {logging_mixin.py:190} INFO - [2025-03-31T07:07:58.766+0000] {dagbag.py:588} INFO - Filling up the DagBag from /home/airflow/.local/lib/python3.12/site-packages/airflow/example_dags/example_sla_dag.py
[2025-03-31T07:07:58.778+0000] {processor.py:925} INFO - DAG(s) 'example_sla_dag' retrieved from /home/airflow/.local/lib/python3.12/site-packages/airflow/example_dags/example_sla_dag.py
[2025-03-31T07:07:58.803+0000] {logging_mixin.py:190} INFO - [2025-03-31T07:07:58.802+0000] {dag.py:3239} INFO - Sync 1 DAGs
[2025-03-31T07:07:58.830+0000] {logging_mixin.py:190} INFO - [2025-03-31T07:07:58.830+0000] {dag.py:4180} INFO - Setting next_dagrun for example_sla_dag to 2025-03-31 07:04:00+00:00, run_after=2025-03-31 07:06:00+00:00
[2025-03-31T07:07:58.850+0000] {processor.py:208} INFO - Processing /home/airflow/.local/lib/python3.12/site-packages/airflow/example_dags/example_sla_dag.py took 0.093 seconds
[2025-03-31T07:08:31.077+0000] {processor.py:186} INFO - Started process (PID=10980) to work on /home/airflow/.local/lib/python3.12/site-packages/airflow/example_dags/example_sla_dag.py
[2025-03-31T07:08:31.077+0000] {processor.py:914} INFO - Processing file /home/airflow/.local/lib/python3.12/site-packages/airflow/example_dags/example_sla_dag.py for tasks to queue
[2025-03-31T07:08:31.080+0000] {logging_mixin.py:190} INFO - [2025-03-31T07:08:31.079+0000] {dagbag.py:588} INFO - Filling up the DagBag from /home/airflow/.local/lib/python3.12/site-packages/airflow/example_dags/example_sla_dag.py
[2025-03-31T07:08:31.091+0000] {processor.py:925} INFO - DAG(s) 'example_sla_dag' retrieved from /home/airflow/.local/lib/python3.12/site-packages/airflow/example_dags/example_sla_dag.py
[2025-03-31T07:08:31.117+0000] {logging_mixin.py:190} INFO - [2025-03-31T07:08:31.116+0000] {dag.py:3239} INFO - Sync 1 DAGs
[2025-03-31T07:08:31.143+0000] {logging_mixin.py:190} INFO - [2025-03-31T07:08:31.143+0000] {dag.py:4180} INFO - Setting next_dagrun for example_sla_dag to 2025-03-31 07:06:00+00:00, run_after=2025-03-31 07:08:00+00:00
[2025-03-31T07:08:31.162+0000] {processor.py:208} INFO - Processing /home/airflow/.local/lib/python3.12/site-packages/airflow/example_dags/example_sla_dag.py took 0.091 seconds
[2025-03-31T07:09:03.096+0000] {processor.py:186} INFO - Started process (PID=11326) to work on /home/airflow/.local/lib/python3.12/site-packages/airflow/example_dags/example_sla_dag.py
[2025-03-31T07:09:03.097+0000] {processor.py:914} INFO - Processing file /home/airflow/.local/lib/python3.12/site-packages/airflow/example_dags/example_sla_dag.py for tasks to queue
[2025-03-31T07:09:03.099+0000] {logging_mixin.py:190} INFO - [2025-03-31T07:09:03.099+0000] {dagbag.py:588} INFO - Filling up the DagBag from /home/airflow/.local/lib/python3.12/site-packages/airflow/example_dags/example_sla_dag.py
[2025-03-31T07:09:03.110+0000] {processor.py:925} INFO - DAG(s) 'example_sla_dag' retrieved from /home/airflow/.local/lib/python3.12/site-packages/airflow/example_dags/example_sla_dag.py
[2025-03-31T07:09:03.130+0000] {logging_mixin.py:190} INFO - [2025-03-31T07:09:03.129+0000] {dag.py:3239} INFO - Sync 1 DAGs
[2025-03-31T07:09:03.156+0000] {logging_mixin.py:190} INFO - [2025-03-31T07:09:03.156+0000] {dag.py:4180} INFO - Setting next_dagrun for example_sla_dag to 2025-03-31 07:06:00+00:00, run_after=2025-03-31 07:08:00+00:00
[2025-03-31T07:09:03.176+0000] {processor.py:208} INFO - Processing /home/airflow/.local/lib/python3.12/site-packages/airflow/example_dags/example_sla_dag.py took 0.086 seconds
[2025-03-31T07:09:33.742+0000] {processor.py:186} INFO - Started process (PID=11617) to work on /home/airflow/.local/lib/python3.12/site-packages/airflow/example_dags/example_sla_dag.py
[2025-03-31T07:09:33.743+0000] {processor.py:914} INFO - Processing file /home/airflow/.local/lib/python3.12/site-packages/airflow/example_dags/example_sla_dag.py for tasks to queue
[2025-03-31T07:09:33.745+0000] {logging_mixin.py:190} INFO - [2025-03-31T07:09:33.745+0000] {dagbag.py:588} INFO - Filling up the DagBag from /home/airflow/.local/lib/python3.12/site-packages/airflow/example_dags/example_sla_dag.py
[2025-03-31T07:09:33.756+0000] {processor.py:925} INFO - DAG(s) 'example_sla_dag' retrieved from /home/airflow/.local/lib/python3.12/site-packages/airflow/example_dags/example_sla_dag.py
[2025-03-31T07:09:33.776+0000] {logging_mixin.py:190} INFO - [2025-03-31T07:09:33.775+0000] {dag.py:3239} INFO - Sync 1 DAGs
[2025-03-31T07:09:33.802+0000] {logging_mixin.py:190} INFO - [2025-03-31T07:09:33.801+0000] {dag.py:4180} INFO - Setting next_dagrun for example_sla_dag to 2025-03-31 07:06:00+00:00, run_after=2025-03-31 07:08:00+00:00
[2025-03-31T07:09:33.819+0000] {processor.py:208} INFO - Processing /home/airflow/.local/lib/python3.12/site-packages/airflow/example_dags/example_sla_dag.py took 0.083 seconds
[2025-03-31T07:10:04.760+0000] {processor.py:186} INFO - Started process (PID=11908) to work on /home/airflow/.local/lib/python3.12/site-packages/airflow/example_dags/example_sla_dag.py
[2025-03-31T07:10:04.761+0000] {processor.py:914} INFO - Processing file /home/airflow/.local/lib/python3.12/site-packages/airflow/example_dags/example_sla_dag.py for tasks to queue
[2025-03-31T07:10:04.764+0000] {logging_mixin.py:190} INFO - [2025-03-31T07:10:04.764+0000] {dagbag.py:588} INFO - Filling up the DagBag from /home/airflow/.local/lib/python3.12/site-packages/airflow/example_dags/example_sla_dag.py
[2025-03-31T07:10:04.777+0000] {processor.py:925} INFO - DAG(s) 'example_sla_dag' retrieved from /home/airflow/.local/lib/python3.12/site-packages/airflow/example_dags/example_sla_dag.py
[2025-03-31T07:10:04.802+0000] {logging_mixin.py:190} INFO - [2025-03-31T07:10:04.802+0000] {dag.py:3239} INFO - Sync 1 DAGs
[2025-03-31T07:10:04.835+0000] {logging_mixin.py:190} INFO - [2025-03-31T07:10:04.835+0000] {dag.py:4180} INFO - Setting next_dagrun for example_sla_dag to 2025-03-31 07:08:00+00:00, run_after=2025-03-31 07:10:00+00:00
[2025-03-31T07:10:04.859+0000] {processor.py:208} INFO - Processing /home/airflow/.local/lib/python3.12/site-packages/airflow/example_dags/example_sla_dag.py took 0.107 seconds
[2025-03-31T07:10:36.609+0000] {processor.py:186} INFO - Started process (PID=12219) to work on /home/airflow/.local/lib/python3.12/site-packages/airflow/example_dags/example_sla_dag.py
[2025-03-31T07:10:36.610+0000] {processor.py:914} INFO - Processing file /home/airflow/.local/lib/python3.12/site-packages/airflow/example_dags/example_sla_dag.py for tasks to queue
[2025-03-31T07:10:36.612+0000] {logging_mixin.py:190} INFO - [2025-03-31T07:10:36.612+0000] {dagbag.py:588} INFO - Filling up the DagBag from /home/airflow/.local/lib/python3.12/site-packages/airflow/example_dags/example_sla_dag.py
[2025-03-31T07:10:36.624+0000] {processor.py:925} INFO - DAG(s) 'example_sla_dag' retrieved from /home/airflow/.local/lib/python3.12/site-packages/airflow/example_dags/example_sla_dag.py
[2025-03-31T07:10:36.647+0000] {logging_mixin.py:190} INFO - [2025-03-31T07:10:36.646+0000] {dag.py:3239} INFO - Sync 1 DAGs
[2025-03-31T07:10:36.678+0000] {logging_mixin.py:190} INFO - [2025-03-31T07:10:36.678+0000] {dag.py:4180} INFO - Setting next_dagrun for example_sla_dag to 2025-03-31 07:08:00+00:00, run_after=2025-03-31 07:10:00+00:00
[2025-03-31T07:10:36.698+0000] {processor.py:208} INFO - Processing /home/airflow/.local/lib/python3.12/site-packages/airflow/example_dags/example_sla_dag.py took 0.095 seconds
[2025-03-31T07:11:07.163+0000] {processor.py:186} INFO - Started process (PID=12507) to work on /home/airflow/.local/lib/python3.12/site-packages/airflow/example_dags/example_sla_dag.py
[2025-03-31T07:11:07.164+0000] {processor.py:914} INFO - Processing file /home/airflow/.local/lib/python3.12/site-packages/airflow/example_dags/example_sla_dag.py for tasks to queue
[2025-03-31T07:11:07.166+0000] {logging_mixin.py:190} INFO - [2025-03-31T07:11:07.166+0000] {dagbag.py:588} INFO - Filling up the DagBag from /home/airflow/.local/lib/python3.12/site-packages/airflow/example_dags/example_sla_dag.py
[2025-03-31T07:11:07.177+0000] {processor.py:925} INFO - DAG(s) 'example_sla_dag' retrieved from /home/airflow/.local/lib/python3.12/site-packages/airflow/example_dags/example_sla_dag.py
[2025-03-31T07:11:07.197+0000] {logging_mixin.py:190} INFO - [2025-03-31T07:11:07.197+0000] {dag.py:3239} INFO - Sync 1 DAGs
[2025-03-31T07:11:07.222+0000] {logging_mixin.py:190} INFO - [2025-03-31T07:11:07.222+0000] {dag.py:4180} INFO - Setting next_dagrun for example_sla_dag to 2025-03-31 07:08:00+00:00, run_after=2025-03-31 07:10:00+00:00
[2025-03-31T07:11:07.239+0000] {processor.py:208} INFO - Processing /home/airflow/.local/lib/python3.12/site-packages/airflow/example_dags/example_sla_dag.py took 0.082 seconds
[2025-03-31T07:11:38.271+0000] {processor.py:186} INFO - Started process (PID=12798) to work on /home/airflow/.local/lib/python3.12/site-packages/airflow/example_dags/example_sla_dag.py
[2025-03-31T07:11:38.272+0000] {processor.py:914} INFO - Processing file /home/airflow/.local/lib/python3.12/site-packages/airflow/example_dags/example_sla_dag.py for tasks to queue
[2025-03-31T07:11:38.274+0000] {logging_mixin.py:190} INFO - [2025-03-31T07:11:38.274+0000] {dagbag.py:588} INFO - Filling up the DagBag from /home/airflow/.local/lib/python3.12/site-packages/airflow/example_dags/example_sla_dag.py
[2025-03-31T07:11:38.285+0000] {processor.py:925} INFO - DAG(s) 'example_sla_dag' retrieved from /home/airflow/.local/lib/python3.12/site-packages/airflow/example_dags/example_sla_dag.py
[2025-03-31T07:11:38.307+0000] {logging_mixin.py:190} INFO - [2025-03-31T07:11:38.307+0000] {dag.py:3239} INFO - Sync 1 DAGs
[2025-03-31T07:11:38.331+0000] {logging_mixin.py:190} INFO - [2025-03-31T07:11:38.331+0000] {dag.py:4180} INFO - Setting next_dagrun for example_sla_dag to 2025-03-31 07:08:00+00:00, run_after=2025-03-31 07:10:00+00:00
[2025-03-31T07:11:38.348+0000] {processor.py:208} INFO - Processing /home/airflow/.local/lib/python3.12/site-packages/airflow/example_dags/example_sla_dag.py took 0.084 seconds
[2025-03-31T07:12:09.078+0000] {processor.py:186} INFO - Started process (PID=13089) to work on /home/airflow/.local/lib/python3.12/site-packages/airflow/example_dags/example_sla_dag.py
[2025-03-31T07:12:09.079+0000] {processor.py:914} INFO - Processing file /home/airflow/.local/lib/python3.12/site-packages/airflow/example_dags/example_sla_dag.py for tasks to queue
[2025-03-31T07:12:09.081+0000] {logging_mixin.py:190} INFO - [2025-03-31T07:12:09.081+0000] {dagbag.py:588} INFO - Filling up the DagBag from /home/airflow/.local/lib/python3.12/site-packages/airflow/example_dags/example_sla_dag.py
[2025-03-31T07:12:09.092+0000] {processor.py:925} INFO - DAG(s) 'example_sla_dag' retrieved from /home/airflow/.local/lib/python3.12/site-packages/airflow/example_dags/example_sla_dag.py
[2025-03-31T07:12:09.114+0000] {logging_mixin.py:190} INFO - [2025-03-31T07:12:09.114+0000] {dag.py:3239} INFO - Sync 1 DAGs
[2025-03-31T07:12:09.142+0000] {logging_mixin.py:190} INFO - [2025-03-31T07:12:09.142+0000] {dag.py:4180} INFO - Setting next_dagrun for example_sla_dag to 2025-03-31 07:10:00+00:00, run_after=2025-03-31 07:12:00+00:00
[2025-03-31T07:12:09.162+0000] {processor.py:208} INFO - Processing /home/airflow/.local/lib/python3.12/site-packages/airflow/example_dags/example_sla_dag.py took 0.090 seconds
[2025-03-31T07:12:39.820+0000] {processor.py:186} INFO - Started process (PID=13380) to work on /home/airflow/.local/lib/python3.12/site-packages/airflow/example_dags/example_sla_dag.py
[2025-03-31T07:12:39.821+0000] {processor.py:914} INFO - Processing file /home/airflow/.local/lib/python3.12/site-packages/airflow/example_dags/example_sla_dag.py for tasks to queue
[2025-03-31T07:12:39.823+0000] {logging_mixin.py:190} INFO - [2025-03-31T07:12:39.823+0000] {dagbag.py:588} INFO - Filling up the DagBag from /home/airflow/.local/lib/python3.12/site-packages/airflow/example_dags/example_sla_dag.py
[2025-03-31T07:12:39.834+0000] {processor.py:925} INFO - DAG(s) 'example_sla_dag' retrieved from /home/airflow/.local/lib/python3.12/site-packages/airflow/example_dags/example_sla_dag.py
[2025-03-31T07:12:39.855+0000] {logging_mixin.py:190} INFO - [2025-03-31T07:12:39.855+0000] {dag.py:3239} INFO - Sync 1 DAGs
[2025-03-31T07:12:39.884+0000] {logging_mixin.py:190} INFO - [2025-03-31T07:12:39.883+0000] {dag.py:4180} INFO - Setting next_dagrun for example_sla_dag to 2025-03-31 07:10:00+00:00, run_after=2025-03-31 07:12:00+00:00
[2025-03-31T07:12:39.908+0000] {processor.py:208} INFO - Processing /home/airflow/.local/lib/python3.12/site-packages/airflow/example_dags/example_sla_dag.py took 0.094 seconds
[2025-03-31T07:13:11.103+0000] {processor.py:186} INFO - Started process (PID=13671) to work on /home/airflow/.local/lib/python3.12/site-packages/airflow/example_dags/example_sla_dag.py
[2025-03-31T07:13:11.104+0000] {processor.py:914} INFO - Processing file /home/airflow/.local/lib/python3.12/site-packages/airflow/example_dags/example_sla_dag.py for tasks to queue
[2025-03-31T07:13:11.107+0000] {logging_mixin.py:190} INFO - [2025-03-31T07:13:11.107+0000] {dagbag.py:588} INFO - Filling up the DagBag from /home/airflow/.local/lib/python3.12/site-packages/airflow/example_dags/example_sla_dag.py
[2025-03-31T07:13:11.117+0000] {processor.py:925} INFO - DAG(s) 'example_sla_dag' retrieved from /home/airflow/.local/lib/python3.12/site-packages/airflow/example_dags/example_sla_dag.py
[2025-03-31T07:13:11.137+0000] {logging_mixin.py:190} INFO - [2025-03-31T07:13:11.137+0000] {dag.py:3239} INFO - Sync 1 DAGs
[2025-03-31T07:13:11.162+0000] {logging_mixin.py:190} INFO - [2025-03-31T07:13:11.162+0000] {dag.py:4180} INFO - Setting next_dagrun for example_sla_dag to 2025-03-31 07:10:00+00:00, run_after=2025-03-31 07:12:00+00:00
[2025-03-31T07:13:11.179+0000] {processor.py:208} INFO - Processing /home/airflow/.local/lib/python3.12/site-packages/airflow/example_dags/example_sla_dag.py took 0.081 seconds
[2025-03-31T07:13:41.839+0000] {processor.py:186} INFO - Started process (PID=13960) to work on /home/airflow/.local/lib/python3.12/site-packages/airflow/example_dags/example_sla_dag.py
[2025-03-31T07:13:41.841+0000] {processor.py:914} INFO - Processing file /home/airflow/.local/lib/python3.12/site-packages/airflow/example_dags/example_sla_dag.py for tasks to queue
[2025-03-31T07:13:41.843+0000] {logging_mixin.py:190} INFO - [2025-03-31T07:13:41.843+0000] {dagbag.py:588} INFO - Filling up the DagBag from /home/airflow/.local/lib/python3.12/site-packages/airflow/example_dags/example_sla_dag.py
[2025-03-31T07:13:41.855+0000] {processor.py:925} INFO - DAG(s) 'example_sla_dag' retrieved from /home/airflow/.local/lib/python3.12/site-packages/airflow/example_dags/example_sla_dag.py
[2025-03-31T07:13:41.876+0000] {logging_mixin.py:190} INFO - [2025-03-31T07:13:41.875+0000] {dag.py:3239} INFO - Sync 1 DAGs
[2025-03-31T07:13:41.901+0000] {logging_mixin.py:190} INFO - [2025-03-31T07:13:41.901+0000] {dag.py:4180} INFO - Setting next_dagrun for example_sla_dag to 2025-03-31 07:10:00+00:00, run_after=2025-03-31 07:12:00+00:00
[2025-03-31T07:13:41.918+0000] {processor.py:208} INFO - Processing /home/airflow/.local/lib/python3.12/site-packages/airflow/example_dags/example_sla_dag.py took 0.085 seconds
[2025-03-31T07:14:12.840+0000] {processor.py:186} INFO - Started process (PID=14253) to work on /home/airflow/.local/lib/python3.12/site-packages/airflow/example_dags/example_sla_dag.py
[2025-03-31T07:14:12.842+0000] {processor.py:914} INFO - Processing file /home/airflow/.local/lib/python3.12/site-packages/airflow/example_dags/example_sla_dag.py for tasks to queue
[2025-03-31T07:14:12.844+0000] {logging_mixin.py:190} INFO - [2025-03-31T07:14:12.844+0000] {dagbag.py:588} INFO - Filling up the DagBag from /home/airflow/.local/lib/python3.12/site-packages/airflow/example_dags/example_sla_dag.py
[2025-03-31T07:14:12.856+0000] {processor.py:925} INFO - DAG(s) 'example_sla_dag' retrieved from /home/airflow/.local/lib/python3.12/site-packages/airflow/example_dags/example_sla_dag.py
[2025-03-31T07:14:12.878+0000] {logging_mixin.py:190} INFO - [2025-03-31T07:14:12.878+0000] {dag.py:3239} INFO - Sync 1 DAGs
[2025-03-31T07:14:12.906+0000] {logging_mixin.py:190} INFO - [2025-03-31T07:14:12.906+0000] {dag.py:4180} INFO - Setting next_dagrun for example_sla_dag to 2025-03-31 07:12:00+00:00, run_after=2025-03-31 07:14:00+00:00
[2025-03-31T07:14:12.926+0000] {processor.py:208} INFO - Processing /home/airflow/.local/lib/python3.12/site-packages/airflow/example_dags/example_sla_dag.py took 0.092 seconds
[2025-03-31T07:14:43.525+0000] {processor.py:186} INFO - Started process (PID=14548) to work on /home/airflow/.local/lib/python3.12/site-packages/airflow/example_dags/example_sla_dag.py
[2025-03-31T07:14:43.526+0000] {processor.py:914} INFO - Processing file /home/airflow/.local/lib/python3.12/site-packages/airflow/example_dags/example_sla_dag.py for tasks to queue
[2025-03-31T07:14:43.529+0000] {logging_mixin.py:190} INFO - [2025-03-31T07:14:43.529+0000] {dagbag.py:588} INFO - Filling up the DagBag from /home/airflow/.local/lib/python3.12/site-packages/airflow/example_dags/example_sla_dag.py
[2025-03-31T07:14:43.542+0000] {processor.py:925} INFO - DAG(s) 'example_sla_dag' retrieved from /home/airflow/.local/lib/python3.12/site-packages/airflow/example_dags/example_sla_dag.py
[2025-03-31T07:14:43.566+0000] {logging_mixin.py:190} INFO - [2025-03-31T07:14:43.565+0000] {dag.py:3239} INFO - Sync 1 DAGs
[2025-03-31T07:14:43.595+0000] {logging_mixin.py:190} INFO - [2025-03-31T07:14:43.595+0000] {dag.py:4180} INFO - Setting next_dagrun for example_sla_dag to 2025-03-31 07:12:00+00:00, run_after=2025-03-31 07:14:00+00:00
[2025-03-31T07:14:43.616+0000] {processor.py:208} INFO - Processing /home/airflow/.local/lib/python3.12/site-packages/airflow/example_dags/example_sla_dag.py took 0.097 seconds
[2025-03-31T07:15:14.310+0000] {processor.py:186} INFO - Started process (PID=14841) to work on /home/airflow/.local/lib/python3.12/site-packages/airflow/example_dags/example_sla_dag.py
[2025-03-31T07:15:14.312+0000] {processor.py:914} INFO - Processing file /home/airflow/.local/lib/python3.12/site-packages/airflow/example_dags/example_sla_dag.py for tasks to queue
[2025-03-31T07:15:14.315+0000] {logging_mixin.py:190} INFO - [2025-03-31T07:15:14.314+0000] {dagbag.py:588} INFO - Filling up the DagBag from /home/airflow/.local/lib/python3.12/site-packages/airflow/example_dags/example_sla_dag.py
[2025-03-31T07:15:14.327+0000] {processor.py:925} INFO - DAG(s) 'example_sla_dag' retrieved from /home/airflow/.local/lib/python3.12/site-packages/airflow/example_dags/example_sla_dag.py
[2025-03-31T07:15:14.352+0000] {logging_mixin.py:190} INFO - [2025-03-31T07:15:14.352+0000] {dag.py:3239} INFO - Sync 1 DAGs
[2025-03-31T07:15:14.383+0000] {logging_mixin.py:190} INFO - [2025-03-31T07:15:14.382+0000] {dag.py:4180} INFO - Setting next_dagrun for example_sla_dag to 2025-03-31 07:12:00+00:00, run_after=2025-03-31 07:14:00+00:00
[2025-03-31T07:15:14.407+0000] {processor.py:208} INFO - Processing /home/airflow/.local/lib/python3.12/site-packages/airflow/example_dags/example_sla_dag.py took 0.103 seconds
[2025-03-31T07:15:45.588+0000] {processor.py:186} INFO - Started process (PID=15130) to work on /home/airflow/.local/lib/python3.12/site-packages/airflow/example_dags/example_sla_dag.py
[2025-03-31T07:15:45.590+0000] {processor.py:914} INFO - Processing file /home/airflow/.local/lib/python3.12/site-packages/airflow/example_dags/example_sla_dag.py for tasks to queue
[2025-03-31T07:15:45.593+0000] {logging_mixin.py:190} INFO - [2025-03-31T07:15:45.592+0000] {dagbag.py:588} INFO - Filling up the DagBag from /home/airflow/.local/lib/python3.12/site-packages/airflow/example_dags/example_sla_dag.py
[2025-03-31T07:15:45.604+0000] {processor.py:925} INFO - DAG(s) 'example_sla_dag' retrieved from /home/airflow/.local/lib/python3.12/site-packages/airflow/example_dags/example_sla_dag.py
[2025-03-31T07:15:45.626+0000] {logging_mixin.py:190} INFO - [2025-03-31T07:15:45.625+0000] {dag.py:3239} INFO - Sync 1 DAGs
[2025-03-31T07:15:45.651+0000] {logging_mixin.py:190} INFO - [2025-03-31T07:15:45.651+0000] {dag.py:4180} INFO - Setting next_dagrun for example_sla_dag to 2025-03-31 07:12:00+00:00, run_after=2025-03-31 07:14:00+00:00
[2025-03-31T07:15:45.667+0000] {processor.py:208} INFO - Processing /home/airflow/.local/lib/python3.12/site-packages/airflow/example_dags/example_sla_dag.py took 0.086 seconds
[2025-03-31T07:16:16.593+0000] {processor.py:186} INFO - Started process (PID=15423) to work on /home/airflow/.local/lib/python3.12/site-packages/airflow/example_dags/example_sla_dag.py
[2025-03-31T07:16:16.594+0000] {processor.py:914} INFO - Processing file /home/airflow/.local/lib/python3.12/site-packages/airflow/example_dags/example_sla_dag.py for tasks to queue
[2025-03-31T07:16:16.597+0000] {logging_mixin.py:190} INFO - [2025-03-31T07:16:16.597+0000] {dagbag.py:588} INFO - Filling up the DagBag from /home/airflow/.local/lib/python3.12/site-packages/airflow/example_dags/example_sla_dag.py
[2025-03-31T07:16:16.610+0000] {processor.py:925} INFO - DAG(s) 'example_sla_dag' retrieved from /home/airflow/.local/lib/python3.12/site-packages/airflow/example_dags/example_sla_dag.py
[2025-03-31T07:16:16.637+0000] {logging_mixin.py:190} INFO - [2025-03-31T07:16:16.636+0000] {dag.py:3239} INFO - Sync 1 DAGs
[2025-03-31T07:16:16.670+0000] {logging_mixin.py:190} INFO - [2025-03-31T07:16:16.670+0000] {dag.py:4180} INFO - Setting next_dagrun for example_sla_dag to 2025-03-31 07:14:00+00:00, run_after=2025-03-31 07:16:00+00:00
[2025-03-31T07:16:16.699+0000] {processor.py:208} INFO - Processing /home/airflow/.local/lib/python3.12/site-packages/airflow/example_dags/example_sla_dag.py took 0.114 seconds
[2025-03-31T07:16:47.500+0000] {processor.py:186} INFO - Started process (PID=15714) to work on /home/airflow/.local/lib/python3.12/site-packages/airflow/example_dags/example_sla_dag.py
[2025-03-31T07:16:47.501+0000] {processor.py:914} INFO - Processing file /home/airflow/.local/lib/python3.12/site-packages/airflow/example_dags/example_sla_dag.py for tasks to queue
[2025-03-31T07:16:47.504+0000] {logging_mixin.py:190} INFO - [2025-03-31T07:16:47.503+0000] {dagbag.py:588} INFO - Filling up the DagBag from /home/airflow/.local/lib/python3.12/site-packages/airflow/example_dags/example_sla_dag.py
[2025-03-31T07:16:47.514+0000] {processor.py:925} INFO - DAG(s) 'example_sla_dag' retrieved from /home/airflow/.local/lib/python3.12/site-packages/airflow/example_dags/example_sla_dag.py
[2025-03-31T07:16:47.537+0000] {logging_mixin.py:190} INFO - [2025-03-31T07:16:47.536+0000] {dag.py:3239} INFO - Sync 1 DAGs
[2025-03-31T07:16:47.564+0000] {logging_mixin.py:190} INFO - [2025-03-31T07:16:47.564+0000] {dag.py:4180} INFO - Setting next_dagrun for example_sla_dag to 2025-03-31 07:14:00+00:00, run_after=2025-03-31 07:16:00+00:00
[2025-03-31T07:16:47.586+0000] {processor.py:208} INFO - Processing /home/airflow/.local/lib/python3.12/site-packages/airflow/example_dags/example_sla_dag.py took 0.092 seconds
[2025-03-31T07:17:18.182+0000] {processor.py:186} INFO - Started process (PID=16003) to work on /home/airflow/.local/lib/python3.12/site-packages/airflow/example_dags/example_sla_dag.py
[2025-03-31T07:17:18.183+0000] {processor.py:914} INFO - Processing file /home/airflow/.local/lib/python3.12/site-packages/airflow/example_dags/example_sla_dag.py for tasks to queue
[2025-03-31T07:17:18.185+0000] {logging_mixin.py:190} INFO - [2025-03-31T07:17:18.185+0000] {dagbag.py:588} INFO - Filling up the DagBag from /home/airflow/.local/lib/python3.12/site-packages/airflow/example_dags/example_sla_dag.py
[2025-03-31T07:17:18.197+0000] {processor.py:925} INFO - DAG(s) 'example_sla_dag' retrieved from /home/airflow/.local/lib/python3.12/site-packages/airflow/example_dags/example_sla_dag.py
[2025-03-31T07:17:18.221+0000] {logging_mixin.py:190} INFO - [2025-03-31T07:17:18.220+0000] {dag.py:3239} INFO - Sync 1 DAGs
[2025-03-31T07:17:18.253+0000] {logging_mixin.py:190} INFO - [2025-03-31T07:17:18.253+0000] {dag.py:4180} INFO - Setting next_dagrun for example_sla_dag to 2025-03-31 07:14:00+00:00, run_after=2025-03-31 07:16:00+00:00
[2025-03-31T07:17:18.277+0000] {processor.py:208} INFO - Processing /home/airflow/.local/lib/python3.12/site-packages/airflow/example_dags/example_sla_dag.py took 0.102 seconds
[2025-03-31T07:17:49.306+0000] {processor.py:186} INFO - Started process (PID=16296) to work on /home/airflow/.local/lib/python3.12/site-packages/airflow/example_dags/example_sla_dag.py
[2025-03-31T07:17:49.307+0000] {processor.py:914} INFO - Processing file /home/airflow/.local/lib/python3.12/site-packages/airflow/example_dags/example_sla_dag.py for tasks to queue
[2025-03-31T07:17:49.310+0000] {logging_mixin.py:190} INFO - [2025-03-31T07:17:49.310+0000] {dagbag.py:588} INFO - Filling up the DagBag from /home/airflow/.local/lib/python3.12/site-packages/airflow/example_dags/example_sla_dag.py
[2025-03-31T07:17:49.324+0000] {processor.py:925} INFO - DAG(s) 'example_sla_dag' retrieved from /home/airflow/.local/lib/python3.12/site-packages/airflow/example_dags/example_sla_dag.py
[2025-03-31T07:17:49.347+0000] {logging_mixin.py:190} INFO - [2025-03-31T07:17:49.346+0000] {dag.py:3239} INFO - Sync 1 DAGs
[2025-03-31T07:17:49.373+0000] {logging_mixin.py:190} INFO - [2025-03-31T07:17:49.373+0000] {dag.py:4180} INFO - Setting next_dagrun for example_sla_dag to 2025-03-31 07:14:00+00:00, run_after=2025-03-31 07:16:00+00:00
[2025-03-31T07:17:49.392+0000] {processor.py:208} INFO - Processing /home/airflow/.local/lib/python3.12/site-packages/airflow/example_dags/example_sla_dag.py took 0.092 seconds
[2025-03-31T07:18:20.003+0000] {processor.py:186} INFO - Started process (PID=16585) to work on /home/airflow/.local/lib/python3.12/site-packages/airflow/example_dags/example_sla_dag.py
[2025-03-31T07:18:20.004+0000] {processor.py:914} INFO - Processing file /home/airflow/.local/lib/python3.12/site-packages/airflow/example_dags/example_sla_dag.py for tasks to queue
[2025-03-31T07:18:20.006+0000] {logging_mixin.py:190} INFO - [2025-03-31T07:18:20.006+0000] {dagbag.py:588} INFO - Filling up the DagBag from /home/airflow/.local/lib/python3.12/site-packages/airflow/example_dags/example_sla_dag.py
[2025-03-31T07:18:20.018+0000] {processor.py:925} INFO - DAG(s) 'example_sla_dag' retrieved from /home/airflow/.local/lib/python3.12/site-packages/airflow/example_dags/example_sla_dag.py
[2025-03-31T07:18:20.039+0000] {logging_mixin.py:190} INFO - [2025-03-31T07:18:20.038+0000] {dag.py:3239} INFO - Sync 1 DAGs
[2025-03-31T07:18:20.065+0000] {logging_mixin.py:190} INFO - [2025-03-31T07:18:20.064+0000] {dag.py:4180} INFO - Setting next_dagrun for example_sla_dag to 2025-03-31 07:16:00+00:00, run_after=2025-03-31 07:18:00+00:00
[2025-03-31T07:18:20.082+0000] {processor.py:208} INFO - Processing /home/airflow/.local/lib/python3.12/site-packages/airflow/example_dags/example_sla_dag.py took 0.086 seconds
[2025-03-31T07:18:51.994+0000] {processor.py:186} INFO - Started process (PID=16876) to work on /home/airflow/.local/lib/python3.12/site-packages/airflow/example_dags/example_sla_dag.py
[2025-03-31T07:18:51.996+0000] {processor.py:914} INFO - Processing file /home/airflow/.local/lib/python3.12/site-packages/airflow/example_dags/example_sla_dag.py for tasks to queue
[2025-03-31T07:18:51.998+0000] {logging_mixin.py:190} INFO - [2025-03-31T07:18:51.998+0000] {dagbag.py:588} INFO - Filling up the DagBag from /home/airflow/.local/lib/python3.12/site-packages/airflow/example_dags/example_sla_dag.py
[2025-03-31T07:18:52.015+0000] {processor.py:925} INFO - DAG(s) 'example_sla_dag' retrieved from /home/airflow/.local/lib/python3.12/site-packages/airflow/example_dags/example_sla_dag.py
[2025-03-31T07:18:52.042+0000] {logging_mixin.py:190} INFO - [2025-03-31T07:18:52.041+0000] {dag.py:3239} INFO - Sync 1 DAGs
[2025-03-31T07:18:52.080+0000] {logging_mixin.py:190} INFO - [2025-03-31T07:18:52.079+0000] {dag.py:4180} INFO - Setting next_dagrun for example_sla_dag to 2025-03-31 07:16:00+00:00, run_after=2025-03-31 07:18:00+00:00
[2025-03-31T07:18:52.106+0000] {processor.py:208} INFO - Processing /home/airflow/.local/lib/python3.12/site-packages/airflow/example_dags/example_sla_dag.py took 0.120 seconds
[2025-03-31T07:19:23.593+0000] {processor.py:186} INFO - Started process (PID=17169) to work on /home/airflow/.local/lib/python3.12/site-packages/airflow/example_dags/example_sla_dag.py
[2025-03-31T07:19:23.594+0000] {processor.py:914} INFO - Processing file /home/airflow/.local/lib/python3.12/site-packages/airflow/example_dags/example_sla_dag.py for tasks to queue
[2025-03-31T07:19:23.598+0000] {logging_mixin.py:190} INFO - [2025-03-31T07:19:23.597+0000] {dagbag.py:588} INFO - Filling up the DagBag from /home/airflow/.local/lib/python3.12/site-packages/airflow/example_dags/example_sla_dag.py
[2025-03-31T07:19:23.615+0000] {processor.py:925} INFO - DAG(s) 'example_sla_dag' retrieved from /home/airflow/.local/lib/python3.12/site-packages/airflow/example_dags/example_sla_dag.py
[2025-03-31T07:19:23.646+0000] {logging_mixin.py:190} INFO - [2025-03-31T07:19:23.646+0000] {dag.py:3239} INFO - Sync 1 DAGs
[2025-03-31T07:19:23.682+0000] {logging_mixin.py:190} INFO - [2025-03-31T07:19:23.682+0000] {dag.py:4180} INFO - Setting next_dagrun for example_sla_dag to 2025-03-31 07:16:00+00:00, run_after=2025-03-31 07:18:00+00:00
[2025-03-31T07:19:23.704+0000] {processor.py:208} INFO - Processing /home/airflow/.local/lib/python3.12/site-packages/airflow/example_dags/example_sla_dag.py took 0.121 seconds
[2025-03-31T07:19:54.526+0000] {processor.py:186} INFO - Started process (PID=17460) to work on /home/airflow/.local/lib/python3.12/site-packages/airflow/example_dags/example_sla_dag.py
[2025-03-31T07:19:54.528+0000] {processor.py:914} INFO - Processing file /home/airflow/.local/lib/python3.12/site-packages/airflow/example_dags/example_sla_dag.py for tasks to queue
[2025-03-31T07:19:54.531+0000] {logging_mixin.py:190} INFO - [2025-03-31T07:19:54.531+0000] {dagbag.py:588} INFO - Filling up the DagBag from /home/airflow/.local/lib/python3.12/site-packages/airflow/example_dags/example_sla_dag.py
[2025-03-31T07:19:54.549+0000] {processor.py:925} INFO - DAG(s) 'example_sla_dag' retrieved from /home/airflow/.local/lib/python3.12/site-packages/airflow/example_dags/example_sla_dag.py
[2025-03-31T07:19:54.579+0000] {logging_mixin.py:190} INFO - [2025-03-31T07:19:54.579+0000] {dag.py:3239} INFO - Sync 1 DAGs
[2025-03-31T07:19:54.618+0000] {logging_mixin.py:190} INFO - [2025-03-31T07:19:54.617+0000] {dag.py:4180} INFO - Setting next_dagrun for example_sla_dag to 2025-03-31 07:16:00+00:00, run_after=2025-03-31 07:18:00+00:00
[2025-03-31T07:19:54.646+0000] {processor.py:208} INFO - Processing /home/airflow/.local/lib/python3.12/site-packages/airflow/example_dags/example_sla_dag.py took 0.127 seconds
[2025-03-31T07:20:25.866+0000] {processor.py:186} INFO - Started process (PID=17750) to work on /home/airflow/.local/lib/python3.12/site-packages/airflow/example_dags/example_sla_dag.py
[2025-03-31T07:20:25.868+0000] {processor.py:914} INFO - Processing file /home/airflow/.local/lib/python3.12/site-packages/airflow/example_dags/example_sla_dag.py for tasks to queue
[2025-03-31T07:20:25.871+0000] {logging_mixin.py:190} INFO - [2025-03-31T07:20:25.871+0000] {dagbag.py:588} INFO - Filling up the DagBag from /home/airflow/.local/lib/python3.12/site-packages/airflow/example_dags/example_sla_dag.py
[2025-03-31T07:20:25.886+0000] {processor.py:925} INFO - DAG(s) 'example_sla_dag' retrieved from /home/airflow/.local/lib/python3.12/site-packages/airflow/example_dags/example_sla_dag.py
[2025-03-31T07:20:25.920+0000] {logging_mixin.py:190} INFO - [2025-03-31T07:20:25.920+0000] {dag.py:3239} INFO - Sync 1 DAGs
[2025-03-31T07:20:25.961+0000] {logging_mixin.py:190} INFO - [2025-03-31T07:20:25.961+0000] {dag.py:4180} INFO - Setting next_dagrun for example_sla_dag to 2025-03-31 07:18:00+00:00, run_after=2025-03-31 07:20:00+00:00
[2025-03-31T07:20:25.994+0000] {processor.py:208} INFO - Processing /home/airflow/.local/lib/python3.12/site-packages/airflow/example_dags/example_sla_dag.py took 0.137 seconds
[2025-03-31T07:20:57.139+0000] {processor.py:186} INFO - Started process (PID=18041) to work on /home/airflow/.local/lib/python3.12/site-packages/airflow/example_dags/example_sla_dag.py
[2025-03-31T07:20:57.140+0000] {processor.py:914} INFO - Processing file /home/airflow/.local/lib/python3.12/site-packages/airflow/example_dags/example_sla_dag.py for tasks to queue
[2025-03-31T07:20:57.144+0000] {logging_mixin.py:190} INFO - [2025-03-31T07:20:57.143+0000] {dagbag.py:588} INFO - Filling up the DagBag from /home/airflow/.local/lib/python3.12/site-packages/airflow/example_dags/example_sla_dag.py
[2025-03-31T07:20:57.163+0000] {processor.py:925} INFO - DAG(s) 'example_sla_dag' retrieved from /home/airflow/.local/lib/python3.12/site-packages/airflow/example_dags/example_sla_dag.py
[2025-03-31T07:20:57.191+0000] {logging_mixin.py:190} INFO - [2025-03-31T07:20:57.190+0000] {dag.py:3239} INFO - Sync 1 DAGs
[2025-03-31T07:20:57.229+0000] {logging_mixin.py:190} INFO - [2025-03-31T07:20:57.229+0000] {dag.py:4180} INFO - Setting next_dagrun for example_sla_dag to 2025-03-31 07:18:00+00:00, run_after=2025-03-31 07:20:00+00:00
[2025-03-31T07:20:57.254+0000] {processor.py:208} INFO - Processing /home/airflow/.local/lib/python3.12/site-packages/airflow/example_dags/example_sla_dag.py took 0.124 seconds
[2025-03-31T07:21:28.283+0000] {processor.py:186} INFO - Started process (PID=18332) to work on /home/airflow/.local/lib/python3.12/site-packages/airflow/example_dags/example_sla_dag.py
[2025-03-31T07:21:28.284+0000] {processor.py:914} INFO - Processing file /home/airflow/.local/lib/python3.12/site-packages/airflow/example_dags/example_sla_dag.py for tasks to queue
[2025-03-31T07:21:28.287+0000] {logging_mixin.py:190} INFO - [2025-03-31T07:21:28.287+0000] {dagbag.py:588} INFO - Filling up the DagBag from /home/airflow/.local/lib/python3.12/site-packages/airflow/example_dags/example_sla_dag.py
[2025-03-31T07:21:28.304+0000] {processor.py:925} INFO - DAG(s) 'example_sla_dag' retrieved from /home/airflow/.local/lib/python3.12/site-packages/airflow/example_dags/example_sla_dag.py
[2025-03-31T07:21:28.332+0000] {logging_mixin.py:190} INFO - [2025-03-31T07:21:28.332+0000] {dag.py:3239} INFO - Sync 1 DAGs
[2025-03-31T07:21:28.370+0000] {logging_mixin.py:190} INFO - [2025-03-31T07:21:28.370+0000] {dag.py:4180} INFO - Setting next_dagrun for example_sla_dag to 2025-03-31 07:18:00+00:00, run_after=2025-03-31 07:20:00+00:00
[2025-03-31T07:21:28.400+0000] {processor.py:208} INFO - Processing /home/airflow/.local/lib/python3.12/site-packages/airflow/example_dags/example_sla_dag.py took 0.126 seconds
[2025-03-31T07:21:59.199+0000] {processor.py:186} INFO - Started process (PID=18623) to work on /home/airflow/.local/lib/python3.12/site-packages/airflow/example_dags/example_sla_dag.py
[2025-03-31T07:21:59.200+0000] {processor.py:914} INFO - Processing file /home/airflow/.local/lib/python3.12/site-packages/airflow/example_dags/example_sla_dag.py for tasks to queue
[2025-03-31T07:21:59.203+0000] {logging_mixin.py:190} INFO - [2025-03-31T07:21:59.203+0000] {dagbag.py:588} INFO - Filling up the DagBag from /home/airflow/.local/lib/python3.12/site-packages/airflow/example_dags/example_sla_dag.py
[2025-03-31T07:21:59.219+0000] {processor.py:925} INFO - DAG(s) 'example_sla_dag' retrieved from /home/airflow/.local/lib/python3.12/site-packages/airflow/example_dags/example_sla_dag.py
[2025-03-31T07:21:59.248+0000] {logging_mixin.py:190} INFO - [2025-03-31T07:21:59.248+0000] {dag.py:3239} INFO - Sync 1 DAGs
[2025-03-31T07:21:59.284+0000] {logging_mixin.py:190} INFO - [2025-03-31T07:21:59.284+0000] {dag.py:4180} INFO - Setting next_dagrun for example_sla_dag to 2025-03-31 07:18:00+00:00, run_after=2025-03-31 07:20:00+00:00
[2025-03-31T07:21:59.310+0000] {processor.py:208} INFO - Processing /home/airflow/.local/lib/python3.12/site-packages/airflow/example_dags/example_sla_dag.py took 0.120 seconds
[2025-03-31T07:22:30.613+0000] {processor.py:186} INFO - Started process (PID=18912) to work on /home/airflow/.local/lib/python3.12/site-packages/airflow/example_dags/example_sla_dag.py
[2025-03-31T07:22:30.615+0000] {processor.py:914} INFO - Processing file /home/airflow/.local/lib/python3.12/site-packages/airflow/example_dags/example_sla_dag.py for tasks to queue
[2025-03-31T07:22:30.617+0000] {logging_mixin.py:190} INFO - [2025-03-31T07:22:30.617+0000] {dagbag.py:588} INFO - Filling up the DagBag from /home/airflow/.local/lib/python3.12/site-packages/airflow/example_dags/example_sla_dag.py
[2025-03-31T07:22:30.633+0000] {processor.py:925} INFO - DAG(s) 'example_sla_dag' retrieved from /home/airflow/.local/lib/python3.12/site-packages/airflow/example_dags/example_sla_dag.py
[2025-03-31T07:22:30.666+0000] {logging_mixin.py:190} INFO - [2025-03-31T07:22:30.666+0000] {dag.py:3239} INFO - Sync 1 DAGs
[2025-03-31T07:22:30.704+0000] {logging_mixin.py:190} INFO - [2025-03-31T07:22:30.704+0000] {dag.py:4180} INFO - Setting next_dagrun for example_sla_dag to 2025-03-31 07:20:00+00:00, run_after=2025-03-31 07:22:00+00:00
[2025-03-31T07:22:30.737+0000] {processor.py:208} INFO - Processing /home/airflow/.local/lib/python3.12/site-packages/airflow/example_dags/example_sla_dag.py took 0.133 seconds
[2025-03-31T07:23:01.541+0000] {processor.py:186} INFO - Started process (PID=19204) to work on /home/airflow/.local/lib/python3.12/site-packages/airflow/example_dags/example_sla_dag.py
[2025-03-31T07:23:01.542+0000] {processor.py:914} INFO - Processing file /home/airflow/.local/lib/python3.12/site-packages/airflow/example_dags/example_sla_dag.py for tasks to queue
[2025-03-31T07:23:01.544+0000] {logging_mixin.py:190} INFO - [2025-03-31T07:23:01.544+0000] {dagbag.py:588} INFO - Filling up the DagBag from /home/airflow/.local/lib/python3.12/site-packages/airflow/example_dags/example_sla_dag.py
[2025-03-31T07:23:01.562+0000] {processor.py:925} INFO - DAG(s) 'example_sla_dag' retrieved from /home/airflow/.local/lib/python3.12/site-packages/airflow/example_dags/example_sla_dag.py
[2025-03-31T07:23:01.585+0000] {logging_mixin.py:190} INFO - [2025-03-31T07:23:01.585+0000] {dag.py:3239} INFO - Sync 1 DAGs
[2025-03-31T07:23:01.618+0000] {logging_mixin.py:190} INFO - [2025-03-31T07:23:01.617+0000] {dag.py:4180} INFO - Setting next_dagrun for example_sla_dag to 2025-03-31 07:20:00+00:00, run_after=2025-03-31 07:22:00+00:00
[2025-03-31T07:23:01.685+0000] {processor.py:208} INFO - Processing /home/airflow/.local/lib/python3.12/site-packages/airflow/example_dags/example_sla_dag.py took 0.152 seconds
[2025-03-31T07:23:32.205+0000] {processor.py:186} INFO - Started process (PID=19493) to work on /home/airflow/.local/lib/python3.12/site-packages/airflow/example_dags/example_sla_dag.py
[2025-03-31T07:23:32.206+0000] {processor.py:914} INFO - Processing file /home/airflow/.local/lib/python3.12/site-packages/airflow/example_dags/example_sla_dag.py for tasks to queue
[2025-03-31T07:23:32.208+0000] {logging_mixin.py:190} INFO - [2025-03-31T07:23:32.208+0000] {dagbag.py:588} INFO - Filling up the DagBag from /home/airflow/.local/lib/python3.12/site-packages/airflow/example_dags/example_sla_dag.py
[2025-03-31T07:23:32.219+0000] {processor.py:925} INFO - DAG(s) 'example_sla_dag' retrieved from /home/airflow/.local/lib/python3.12/site-packages/airflow/example_dags/example_sla_dag.py
[2025-03-31T07:23:32.239+0000] {logging_mixin.py:190} INFO - [2025-03-31T07:23:32.239+0000] {dag.py:3239} INFO - Sync 1 DAGs
[2025-03-31T07:23:32.264+0000] {logging_mixin.py:190} INFO - [2025-03-31T07:23:32.264+0000] {dag.py:4180} INFO - Setting next_dagrun for example_sla_dag to 2025-03-31 07:20:00+00:00, run_after=2025-03-31 07:22:00+00:00
[2025-03-31T07:23:32.283+0000] {processor.py:208} INFO - Processing /home/airflow/.local/lib/python3.12/site-packages/airflow/example_dags/example_sla_dag.py took 0.084 seconds
[2025-03-31T07:24:04.192+0000] {processor.py:186} INFO - Started process (PID=19786) to work on /home/airflow/.local/lib/python3.12/site-packages/airflow/example_dags/example_sla_dag.py
[2025-03-31T07:24:04.193+0000] {processor.py:914} INFO - Processing file /home/airflow/.local/lib/python3.12/site-packages/airflow/example_dags/example_sla_dag.py for tasks to queue
[2025-03-31T07:24:04.198+0000] {logging_mixin.py:190} INFO - [2025-03-31T07:24:04.198+0000] {dagbag.py:588} INFO - Filling up the DagBag from /home/airflow/.local/lib/python3.12/site-packages/airflow/example_dags/example_sla_dag.py
[2025-03-31T07:24:04.216+0000] {processor.py:925} INFO - DAG(s) 'example_sla_dag' retrieved from /home/airflow/.local/lib/python3.12/site-packages/airflow/example_dags/example_sla_dag.py
[2025-03-31T07:24:04.248+0000] {logging_mixin.py:190} INFO - [2025-03-31T07:24:04.247+0000] {dag.py:3239} INFO - Sync 1 DAGs
[2025-03-31T07:24:04.286+0000] {logging_mixin.py:190} INFO - [2025-03-31T07:24:04.285+0000] {dag.py:4180} INFO - Setting next_dagrun for example_sla_dag to 2025-03-31 07:22:00+00:00, run_after=2025-03-31 07:24:00+00:00
[2025-03-31T07:24:04.311+0000] {processor.py:208} INFO - Processing /home/airflow/.local/lib/python3.12/site-packages/airflow/example_dags/example_sla_dag.py took 0.127 seconds
[2025-03-31T07:24:34.908+0000] {processor.py:186} INFO - Started process (PID=20077) to work on /home/airflow/.local/lib/python3.12/site-packages/airflow/example_dags/example_sla_dag.py
[2025-03-31T07:24:34.909+0000] {processor.py:914} INFO - Processing file /home/airflow/.local/lib/python3.12/site-packages/airflow/example_dags/example_sla_dag.py for tasks to queue
[2025-03-31T07:24:34.911+0000] {logging_mixin.py:190} INFO - [2025-03-31T07:24:34.911+0000] {dagbag.py:588} INFO - Filling up the DagBag from /home/airflow/.local/lib/python3.12/site-packages/airflow/example_dags/example_sla_dag.py
[2025-03-31T07:24:34.924+0000] {processor.py:925} INFO - DAG(s) 'example_sla_dag' retrieved from /home/airflow/.local/lib/python3.12/site-packages/airflow/example_dags/example_sla_dag.py
[2025-03-31T07:24:34.960+0000] {logging_mixin.py:190} INFO - [2025-03-31T07:24:34.959+0000] {dag.py:3239} INFO - Sync 1 DAGs
[2025-03-31T07:24:34.988+0000] {logging_mixin.py:190} INFO - [2025-03-31T07:24:34.988+0000] {dag.py:4180} INFO - Setting next_dagrun for example_sla_dag to 2025-03-31 07:22:00+00:00, run_after=2025-03-31 07:24:00+00:00
[2025-03-31T07:24:35.009+0000] {processor.py:208} INFO - Processing /home/airflow/.local/lib/python3.12/site-packages/airflow/example_dags/example_sla_dag.py took 0.109 seconds
[2025-03-31T07:25:06.575+0000] {processor.py:186} INFO - Started process (PID=20368) to work on /home/airflow/.local/lib/python3.12/site-packages/airflow/example_dags/example_sla_dag.py
[2025-03-31T07:25:06.576+0000] {processor.py:914} INFO - Processing file /home/airflow/.local/lib/python3.12/site-packages/airflow/example_dags/example_sla_dag.py for tasks to queue
[2025-03-31T07:25:06.578+0000] {logging_mixin.py:190} INFO - [2025-03-31T07:25:06.578+0000] {dagbag.py:588} INFO - Filling up the DagBag from /home/airflow/.local/lib/python3.12/site-packages/airflow/example_dags/example_sla_dag.py
[2025-03-31T07:25:06.593+0000] {processor.py:925} INFO - DAG(s) 'example_sla_dag' retrieved from /home/airflow/.local/lib/python3.12/site-packages/airflow/example_dags/example_sla_dag.py
[2025-03-31T07:25:06.619+0000] {logging_mixin.py:190} INFO - [2025-03-31T07:25:06.618+0000] {dag.py:3239} INFO - Sync 1 DAGs
[2025-03-31T07:25:06.651+0000] {logging_mixin.py:190} INFO - [2025-03-31T07:25:06.651+0000] {dag.py:4180} INFO - Setting next_dagrun for example_sla_dag to 2025-03-31 07:22:00+00:00, run_after=2025-03-31 07:24:00+00:00
[2025-03-31T07:25:06.673+0000] {processor.py:208} INFO - Processing /home/airflow/.local/lib/python3.12/site-packages/airflow/example_dags/example_sla_dag.py took 0.105 seconds
[2025-03-31T07:25:37.846+0000] {processor.py:186} INFO - Started process (PID=20657) to work on /home/airflow/.local/lib/python3.12/site-packages/airflow/example_dags/example_sla_dag.py
[2025-03-31T07:25:37.847+0000] {processor.py:914} INFO - Processing file /home/airflow/.local/lib/python3.12/site-packages/airflow/example_dags/example_sla_dag.py for tasks to queue
[2025-03-31T07:25:37.850+0000] {logging_mixin.py:190} INFO - [2025-03-31T07:25:37.849+0000] {dagbag.py:588} INFO - Filling up the DagBag from /home/airflow/.local/lib/python3.12/site-packages/airflow/example_dags/example_sla_dag.py
[2025-03-31T07:25:37.860+0000] {processor.py:925} INFO - DAG(s) 'example_sla_dag' retrieved from /home/airflow/.local/lib/python3.12/site-packages/airflow/example_dags/example_sla_dag.py
[2025-03-31T07:25:37.881+0000] {logging_mixin.py:190} INFO - [2025-03-31T07:25:37.881+0000] {dag.py:3239} INFO - Sync 1 DAGs
[2025-03-31T07:25:37.907+0000] {logging_mixin.py:190} INFO - [2025-03-31T07:25:37.907+0000] {dag.py:4180} INFO - Setting next_dagrun for example_sla_dag to 2025-03-31 07:22:00+00:00, run_after=2025-03-31 07:24:00+00:00
[2025-03-31T07:25:37.925+0000] {processor.py:208} INFO - Processing /home/airflow/.local/lib/python3.12/site-packages/airflow/example_dags/example_sla_dag.py took 0.085 seconds
