[2025-03-31T06:47:32.072+0000] {processor.py:186} INFO - Started process (PID=239) to work on /home/airflow/.local/lib/python3.12/site-packages/airflow/example_dags/example_skip_dag.py
[2025-03-31T06:47:32.074+0000] {processor.py:914} INFO - Processing file /home/airflow/.local/lib/python3.12/site-packages/airflow/example_dags/example_skip_dag.py for tasks to queue
[2025-03-31T06:47:32.083+0000] {logging_mixin.py:190} INFO - [2025-03-31T06:47:32.081+0000] {dagbag.py:588} INFO - Filling up the DagBag from /home/airflow/.local/lib/python3.12/site-packages/airflow/example_dags/example_skip_dag.py
[2025-03-31T06:47:32.113+0000] {processor.py:925} INFO - DAG(s) 'example_skip_dag' retrieved from /home/airflow/.local/lib/python3.12/site-packages/airflow/example_dags/example_skip_dag.py
[2025-03-31T06:47:32.265+0000] {logging_mixin.py:190} INFO - [2025-03-31T06:47:32.264+0000] {override.py:1912} INFO - Created Permission View: can read on DAG:example_skip_dag
[2025-03-31T06:47:32.288+0000] {logging_mixin.py:190} INFO - [2025-03-31T06:47:32.287+0000] {override.py:1912} INFO - Created Permission View: can delete on DAG:example_skip_dag
[2025-03-31T06:47:32.307+0000] {logging_mixin.py:190} INFO - [2025-03-31T06:47:32.306+0000] {override.py:1912} INFO - Created Permission View: can edit on DAG:example_skip_dag
[2025-03-31T06:47:32.325+0000] {logging_mixin.py:190} INFO - [2025-03-31T06:47:32.325+0000] {override.py:1912} INFO - Created Permission View: can read on DAG Run:example_skip_dag
[2025-03-31T06:47:32.340+0000] {logging_mixin.py:190} INFO - [2025-03-31T06:47:32.340+0000] {override.py:1912} INFO - Created Permission View: can delete on DAG Run:example_skip_dag
[2025-03-31T06:47:32.357+0000] {logging_mixin.py:190} INFO - [2025-03-31T06:47:32.357+0000] {override.py:1912} INFO - Created Permission View: menu access on DAG Run:example_skip_dag
[2025-03-31T06:47:32.371+0000] {logging_mixin.py:190} INFO - [2025-03-31T06:47:32.370+0000] {override.py:1912} INFO - Created Permission View: can create on DAG Run:example_skip_dag
[2025-03-31T06:47:32.372+0000] {logging_mixin.py:190} INFO - [2025-03-31T06:47:32.372+0000] {dag.py:3239} INFO - Sync 1 DAGs
[2025-03-31T06:47:32.400+0000] {logging_mixin.py:190} INFO - [2025-03-31T06:47:32.400+0000] {dag.py:3262} INFO - Creating ORM DAG for example_skip_dag
[2025-03-31T06:47:32.420+0000] {logging_mixin.py:190} INFO - [2025-03-31T06:47:32.419+0000] {dag.py:4180} INFO - Setting next_dagrun for example_skip_dag to 2025-03-30 00:00:00+00:00, run_after=2025-03-31 00:00:00+00:00
[2025-03-31T06:47:32.449+0000] {processor.py:208} INFO - Processing /home/airflow/.local/lib/python3.12/site-packages/airflow/example_dags/example_skip_dag.py took 0.388 seconds
[2025-03-31T06:48:02.518+0000] {processor.py:186} INFO - Started process (PID=532) to work on /home/airflow/.local/lib/python3.12/site-packages/airflow/example_dags/example_skip_dag.py
[2025-03-31T06:48:02.519+0000] {processor.py:914} INFO - Processing file /home/airflow/.local/lib/python3.12/site-packages/airflow/example_dags/example_skip_dag.py for tasks to queue
[2025-03-31T06:48:02.521+0000] {logging_mixin.py:190} INFO - [2025-03-31T06:48:02.521+0000] {dagbag.py:588} INFO - Filling up the DagBag from /home/airflow/.local/lib/python3.12/site-packages/airflow/example_dags/example_skip_dag.py
[2025-03-31T06:48:02.530+0000] {processor.py:925} INFO - DAG(s) 'example_skip_dag' retrieved from /home/airflow/.local/lib/python3.12/site-packages/airflow/example_dags/example_skip_dag.py
[2025-03-31T06:48:02.554+0000] {logging_mixin.py:190} INFO - [2025-03-31T06:48:02.553+0000] {dag.py:3239} INFO - Sync 1 DAGs
[2025-03-31T06:48:02.579+0000] {logging_mixin.py:190} INFO - [2025-03-31T06:48:02.579+0000] {dag.py:4180} INFO - Setting next_dagrun for example_skip_dag to 2025-03-30 00:00:00+00:00, run_after=2025-03-31 00:00:00+00:00
[2025-03-31T06:48:02.599+0000] {processor.py:208} INFO - Processing /home/airflow/.local/lib/python3.12/site-packages/airflow/example_dags/example_skip_dag.py took 0.088 seconds
[2025-03-31T06:48:33.500+0000] {processor.py:186} INFO - Started process (PID=821) to work on /home/airflow/.local/lib/python3.12/site-packages/airflow/example_dags/example_skip_dag.py
[2025-03-31T06:48:33.501+0000] {processor.py:914} INFO - Processing file /home/airflow/.local/lib/python3.12/site-packages/airflow/example_dags/example_skip_dag.py for tasks to queue
[2025-03-31T06:48:33.503+0000] {logging_mixin.py:190} INFO - [2025-03-31T06:48:33.503+0000] {dagbag.py:588} INFO - Filling up the DagBag from /home/airflow/.local/lib/python3.12/site-packages/airflow/example_dags/example_skip_dag.py
[2025-03-31T06:48:33.511+0000] {processor.py:925} INFO - DAG(s) 'example_skip_dag' retrieved from /home/airflow/.local/lib/python3.12/site-packages/airflow/example_dags/example_skip_dag.py
[2025-03-31T06:48:33.533+0000] {logging_mixin.py:190} INFO - [2025-03-31T06:48:33.532+0000] {dag.py:3239} INFO - Sync 1 DAGs
[2025-03-31T06:48:33.557+0000] {logging_mixin.py:190} INFO - [2025-03-31T06:48:33.556+0000] {dag.py:4180} INFO - Setting next_dagrun for example_skip_dag to 2025-03-30 00:00:00+00:00, run_after=2025-03-31 00:00:00+00:00
[2025-03-31T06:48:33.573+0000] {processor.py:208} INFO - Processing /home/airflow/.local/lib/python3.12/site-packages/airflow/example_dags/example_skip_dag.py took 0.079 seconds
[2025-03-31T06:49:38.970+0000] {processor.py:186} INFO - Started process (PID=234) to work on /home/airflow/.local/lib/python3.12/site-packages/airflow/example_dags/example_skip_dag.py
[2025-03-31T06:49:38.971+0000] {processor.py:914} INFO - Processing file /home/airflow/.local/lib/python3.12/site-packages/airflow/example_dags/example_skip_dag.py for tasks to queue
[2025-03-31T06:49:38.973+0000] {logging_mixin.py:190} INFO - [2025-03-31T06:49:38.973+0000] {dagbag.py:588} INFO - Filling up the DagBag from /home/airflow/.local/lib/python3.12/site-packages/airflow/example_dags/example_skip_dag.py
[2025-03-31T06:49:38.984+0000] {processor.py:925} INFO - DAG(s) 'example_skip_dag' retrieved from /home/airflow/.local/lib/python3.12/site-packages/airflow/example_dags/example_skip_dag.py
[2025-03-31T06:49:39.017+0000] {logging_mixin.py:190} INFO - [2025-03-31T06:49:39.017+0000] {dag.py:3239} INFO - Sync 1 DAGs
[2025-03-31T06:49:39.043+0000] {logging_mixin.py:190} INFO - [2025-03-31T06:49:39.043+0000] {dag.py:4180} INFO - Setting next_dagrun for example_skip_dag to 2025-03-30 00:00:00+00:00, run_after=2025-03-31 00:00:00+00:00
[2025-03-31T06:49:39.064+0000] {processor.py:208} INFO - Processing /home/airflow/.local/lib/python3.12/site-packages/airflow/example_dags/example_skip_dag.py took 0.101 seconds
[2025-03-31T06:50:10.050+0000] {processor.py:186} INFO - Started process (PID=525) to work on /home/airflow/.local/lib/python3.12/site-packages/airflow/example_dags/example_skip_dag.py
[2025-03-31T06:50:10.051+0000] {processor.py:914} INFO - Processing file /home/airflow/.local/lib/python3.12/site-packages/airflow/example_dags/example_skip_dag.py for tasks to queue
[2025-03-31T06:50:10.053+0000] {logging_mixin.py:190} INFO - [2025-03-31T06:50:10.053+0000] {dagbag.py:588} INFO - Filling up the DagBag from /home/airflow/.local/lib/python3.12/site-packages/airflow/example_dags/example_skip_dag.py
[2025-03-31T06:50:10.061+0000] {processor.py:925} INFO - DAG(s) 'example_skip_dag' retrieved from /home/airflow/.local/lib/python3.12/site-packages/airflow/example_dags/example_skip_dag.py
[2025-03-31T06:50:10.086+0000] {logging_mixin.py:190} INFO - [2025-03-31T06:50:10.086+0000] {dag.py:3239} INFO - Sync 1 DAGs
[2025-03-31T06:50:10.108+0000] {logging_mixin.py:190} INFO - [2025-03-31T06:50:10.108+0000] {dag.py:4180} INFO - Setting next_dagrun for example_skip_dag to 2025-03-30 00:00:00+00:00, run_after=2025-03-31 00:00:00+00:00
[2025-03-31T06:50:10.125+0000] {processor.py:208} INFO - Processing /home/airflow/.local/lib/python3.12/site-packages/airflow/example_dags/example_skip_dag.py took 0.081 seconds
[2025-03-31T06:50:41.079+0000] {processor.py:186} INFO - Started process (PID=822) to work on /home/airflow/.local/lib/python3.12/site-packages/airflow/example_dags/example_skip_dag.py
[2025-03-31T06:50:41.080+0000] {processor.py:914} INFO - Processing file /home/airflow/.local/lib/python3.12/site-packages/airflow/example_dags/example_skip_dag.py for tasks to queue
[2025-03-31T06:50:41.082+0000] {logging_mixin.py:190} INFO - [2025-03-31T06:50:41.082+0000] {dagbag.py:588} INFO - Filling up the DagBag from /home/airflow/.local/lib/python3.12/site-packages/airflow/example_dags/example_skip_dag.py
[2025-03-31T06:50:41.090+0000] {processor.py:925} INFO - DAG(s) 'example_skip_dag' retrieved from /home/airflow/.local/lib/python3.12/site-packages/airflow/example_dags/example_skip_dag.py
[2025-03-31T06:50:41.113+0000] {logging_mixin.py:190} INFO - [2025-03-31T06:50:41.113+0000] {dag.py:3239} INFO - Sync 1 DAGs
[2025-03-31T06:50:41.137+0000] {logging_mixin.py:190} INFO - [2025-03-31T06:50:41.137+0000] {dag.py:4180} INFO - Setting next_dagrun for example_skip_dag to 2025-03-30 00:00:00+00:00, run_after=2025-03-31 00:00:00+00:00
[2025-03-31T06:50:41.156+0000] {processor.py:208} INFO - Processing /home/airflow/.local/lib/python3.12/site-packages/airflow/example_dags/example_skip_dag.py took 0.084 seconds
[2025-03-31T06:51:11.671+0000] {processor.py:186} INFO - Started process (PID=1113) to work on /home/airflow/.local/lib/python3.12/site-packages/airflow/example_dags/example_skip_dag.py
[2025-03-31T06:51:11.671+0000] {processor.py:914} INFO - Processing file /home/airflow/.local/lib/python3.12/site-packages/airflow/example_dags/example_skip_dag.py for tasks to queue
[2025-03-31T06:51:11.673+0000] {logging_mixin.py:190} INFO - [2025-03-31T06:51:11.673+0000] {dagbag.py:588} INFO - Filling up the DagBag from /home/airflow/.local/lib/python3.12/site-packages/airflow/example_dags/example_skip_dag.py
[2025-03-31T06:51:11.681+0000] {processor.py:925} INFO - DAG(s) 'example_skip_dag' retrieved from /home/airflow/.local/lib/python3.12/site-packages/airflow/example_dags/example_skip_dag.py
[2025-03-31T06:51:11.700+0000] {logging_mixin.py:190} INFO - [2025-03-31T06:51:11.700+0000] {dag.py:3239} INFO - Sync 1 DAGs
[2025-03-31T06:51:11.723+0000] {logging_mixin.py:190} INFO - [2025-03-31T06:51:11.723+0000] {dag.py:4180} INFO - Setting next_dagrun for example_skip_dag to 2025-03-30 00:00:00+00:00, run_after=2025-03-31 00:00:00+00:00
[2025-03-31T06:51:11.740+0000] {processor.py:208} INFO - Processing /home/airflow/.local/lib/python3.12/site-packages/airflow/example_dags/example_skip_dag.py took 0.075 seconds
[2025-03-31T06:51:42.582+0000] {processor.py:186} INFO - Started process (PID=1404) to work on /home/airflow/.local/lib/python3.12/site-packages/airflow/example_dags/example_skip_dag.py
[2025-03-31T06:51:42.583+0000] {processor.py:914} INFO - Processing file /home/airflow/.local/lib/python3.12/site-packages/airflow/example_dags/example_skip_dag.py for tasks to queue
[2025-03-31T06:51:42.585+0000] {logging_mixin.py:190} INFO - [2025-03-31T06:51:42.585+0000] {dagbag.py:588} INFO - Filling up the DagBag from /home/airflow/.local/lib/python3.12/site-packages/airflow/example_dags/example_skip_dag.py
[2025-03-31T06:51:42.593+0000] {processor.py:925} INFO - DAG(s) 'example_skip_dag' retrieved from /home/airflow/.local/lib/python3.12/site-packages/airflow/example_dags/example_skip_dag.py
[2025-03-31T06:51:42.613+0000] {logging_mixin.py:190} INFO - [2025-03-31T06:51:42.613+0000] {dag.py:3239} INFO - Sync 1 DAGs
[2025-03-31T06:51:42.636+0000] {logging_mixin.py:190} INFO - [2025-03-31T06:51:42.636+0000] {dag.py:4180} INFO - Setting next_dagrun for example_skip_dag to 2025-03-30 00:00:00+00:00, run_after=2025-03-31 00:00:00+00:00
[2025-03-31T06:51:42.652+0000] {processor.py:208} INFO - Processing /home/airflow/.local/lib/python3.12/site-packages/airflow/example_dags/example_skip_dag.py took 0.076 seconds
[2025-03-31T06:52:13.670+0000] {processor.py:186} INFO - Started process (PID=1695) to work on /home/airflow/.local/lib/python3.12/site-packages/airflow/example_dags/example_skip_dag.py
[2025-03-31T06:52:13.673+0000] {processor.py:914} INFO - Processing file /home/airflow/.local/lib/python3.12/site-packages/airflow/example_dags/example_skip_dag.py for tasks to queue
[2025-03-31T06:52:13.675+0000] {logging_mixin.py:190} INFO - [2025-03-31T06:52:13.675+0000] {dagbag.py:588} INFO - Filling up the DagBag from /home/airflow/.local/lib/python3.12/site-packages/airflow/example_dags/example_skip_dag.py
[2025-03-31T06:52:13.685+0000] {processor.py:925} INFO - DAG(s) 'example_skip_dag' retrieved from /home/airflow/.local/lib/python3.12/site-packages/airflow/example_dags/example_skip_dag.py
[2025-03-31T06:52:13.709+0000] {logging_mixin.py:190} INFO - [2025-03-31T06:52:13.708+0000] {dag.py:3239} INFO - Sync 1 DAGs
[2025-03-31T06:52:13.736+0000] {logging_mixin.py:190} INFO - [2025-03-31T06:52:13.736+0000] {dag.py:4180} INFO - Setting next_dagrun for example_skip_dag to 2025-03-30 00:00:00+00:00, run_after=2025-03-31 00:00:00+00:00
[2025-03-31T06:52:13.756+0000] {processor.py:208} INFO - Processing /home/airflow/.local/lib/python3.12/site-packages/airflow/example_dags/example_skip_dag.py took 0.094 seconds
[2025-03-31T06:52:44.210+0000] {processor.py:186} INFO - Started process (PID=1986) to work on /home/airflow/.local/lib/python3.12/site-packages/airflow/example_dags/example_skip_dag.py
[2025-03-31T06:52:44.210+0000] {processor.py:914} INFO - Processing file /home/airflow/.local/lib/python3.12/site-packages/airflow/example_dags/example_skip_dag.py for tasks to queue
[2025-03-31T06:52:44.213+0000] {logging_mixin.py:190} INFO - [2025-03-31T06:52:44.212+0000] {dagbag.py:588} INFO - Filling up the DagBag from /home/airflow/.local/lib/python3.12/site-packages/airflow/example_dags/example_skip_dag.py
[2025-03-31T06:52:44.220+0000] {processor.py:925} INFO - DAG(s) 'example_skip_dag' retrieved from /home/airflow/.local/lib/python3.12/site-packages/airflow/example_dags/example_skip_dag.py
[2025-03-31T06:52:44.244+0000] {logging_mixin.py:190} INFO - [2025-03-31T06:52:44.243+0000] {dag.py:3239} INFO - Sync 1 DAGs
[2025-03-31T06:52:44.267+0000] {logging_mixin.py:190} INFO - [2025-03-31T06:52:44.266+0000] {dag.py:4180} INFO - Setting next_dagrun for example_skip_dag to 2025-03-30 00:00:00+00:00, run_after=2025-03-31 00:00:00+00:00
[2025-03-31T06:52:44.286+0000] {processor.py:208} INFO - Processing /home/airflow/.local/lib/python3.12/site-packages/airflow/example_dags/example_skip_dag.py took 0.082 seconds
[2025-03-31T06:53:14.503+0000] {processor.py:186} INFO - Started process (PID=2277) to work on /home/airflow/.local/lib/python3.12/site-packages/airflow/example_dags/example_skip_dag.py
[2025-03-31T06:53:14.504+0000] {processor.py:914} INFO - Processing file /home/airflow/.local/lib/python3.12/site-packages/airflow/example_dags/example_skip_dag.py for tasks to queue
[2025-03-31T06:53:14.507+0000] {logging_mixin.py:190} INFO - [2025-03-31T06:53:14.506+0000] {dagbag.py:588} INFO - Filling up the DagBag from /home/airflow/.local/lib/python3.12/site-packages/airflow/example_dags/example_skip_dag.py
[2025-03-31T06:53:14.516+0000] {processor.py:925} INFO - DAG(s) 'example_skip_dag' retrieved from /home/airflow/.local/lib/python3.12/site-packages/airflow/example_dags/example_skip_dag.py
[2025-03-31T06:53:14.538+0000] {logging_mixin.py:190} INFO - [2025-03-31T06:53:14.538+0000] {dag.py:3239} INFO - Sync 1 DAGs
[2025-03-31T06:53:14.561+0000] {logging_mixin.py:190} INFO - [2025-03-31T06:53:14.561+0000] {dag.py:4180} INFO - Setting next_dagrun for example_skip_dag to 2025-03-30 00:00:00+00:00, run_after=2025-03-31 00:00:00+00:00
[2025-03-31T06:53:14.586+0000] {processor.py:208} INFO - Processing /home/airflow/.local/lib/python3.12/site-packages/airflow/example_dags/example_skip_dag.py took 0.089 seconds
[2025-03-31T06:53:44.882+0000] {processor.py:186} INFO - Started process (PID=2570) to work on /home/airflow/.local/lib/python3.12/site-packages/airflow/example_dags/example_skip_dag.py
[2025-03-31T06:53:44.883+0000] {processor.py:914} INFO - Processing file /home/airflow/.local/lib/python3.12/site-packages/airflow/example_dags/example_skip_dag.py for tasks to queue
[2025-03-31T06:53:44.887+0000] {logging_mixin.py:190} INFO - [2025-03-31T06:53:44.886+0000] {dagbag.py:588} INFO - Filling up the DagBag from /home/airflow/.local/lib/python3.12/site-packages/airflow/example_dags/example_skip_dag.py
[2025-03-31T06:53:44.896+0000] {processor.py:925} INFO - DAG(s) 'example_skip_dag' retrieved from /home/airflow/.local/lib/python3.12/site-packages/airflow/example_dags/example_skip_dag.py
[2025-03-31T06:53:44.917+0000] {logging_mixin.py:190} INFO - [2025-03-31T06:53:44.917+0000] {dag.py:3239} INFO - Sync 1 DAGs
[2025-03-31T06:53:44.943+0000] {logging_mixin.py:190} INFO - [2025-03-31T06:53:44.943+0000] {dag.py:4180} INFO - Setting next_dagrun for example_skip_dag to 2025-03-30 00:00:00+00:00, run_after=2025-03-31 00:00:00+00:00
[2025-03-31T06:53:44.965+0000] {processor.py:208} INFO - Processing /home/airflow/.local/lib/python3.12/site-packages/airflow/example_dags/example_skip_dag.py took 0.088 seconds
[2025-03-31T06:54:15.742+0000] {processor.py:186} INFO - Started process (PID=2859) to work on /home/airflow/.local/lib/python3.12/site-packages/airflow/example_dags/example_skip_dag.py
[2025-03-31T06:54:15.745+0000] {processor.py:914} INFO - Processing file /home/airflow/.local/lib/python3.12/site-packages/airflow/example_dags/example_skip_dag.py for tasks to queue
[2025-03-31T06:54:15.747+0000] {logging_mixin.py:190} INFO - [2025-03-31T06:54:15.746+0000] {dagbag.py:588} INFO - Filling up the DagBag from /home/airflow/.local/lib/python3.12/site-packages/airflow/example_dags/example_skip_dag.py
[2025-03-31T06:54:15.754+0000] {processor.py:925} INFO - DAG(s) 'example_skip_dag' retrieved from /home/airflow/.local/lib/python3.12/site-packages/airflow/example_dags/example_skip_dag.py
[2025-03-31T06:54:15.775+0000] {logging_mixin.py:190} INFO - [2025-03-31T06:54:15.775+0000] {dag.py:3239} INFO - Sync 1 DAGs
[2025-03-31T06:54:15.797+0000] {logging_mixin.py:190} INFO - [2025-03-31T06:54:15.797+0000] {dag.py:4180} INFO - Setting next_dagrun for example_skip_dag to 2025-03-30 00:00:00+00:00, run_after=2025-03-31 00:00:00+00:00
[2025-03-31T06:54:15.814+0000] {processor.py:208} INFO - Processing /home/airflow/.local/lib/python3.12/site-packages/airflow/example_dags/example_skip_dag.py took 0.077 seconds
[2025-03-31T06:54:45.922+0000] {processor.py:186} INFO - Started process (PID=3147) to work on /home/airflow/.local/lib/python3.12/site-packages/airflow/example_dags/example_skip_dag.py
[2025-03-31T06:54:45.923+0000] {processor.py:914} INFO - Processing file /home/airflow/.local/lib/python3.12/site-packages/airflow/example_dags/example_skip_dag.py for tasks to queue
[2025-03-31T06:54:45.925+0000] {logging_mixin.py:190} INFO - [2025-03-31T06:54:45.925+0000] {dagbag.py:588} INFO - Filling up the DagBag from /home/airflow/.local/lib/python3.12/site-packages/airflow/example_dags/example_skip_dag.py
[2025-03-31T06:54:45.934+0000] {processor.py:925} INFO - DAG(s) 'example_skip_dag' retrieved from /home/airflow/.local/lib/python3.12/site-packages/airflow/example_dags/example_skip_dag.py
[2025-03-31T06:54:45.957+0000] {logging_mixin.py:190} INFO - [2025-03-31T06:54:45.957+0000] {dag.py:3239} INFO - Sync 1 DAGs
[2025-03-31T06:54:45.983+0000] {logging_mixin.py:190} INFO - [2025-03-31T06:54:45.983+0000] {dag.py:4180} INFO - Setting next_dagrun for example_skip_dag to 2025-03-30 00:00:00+00:00, run_after=2025-03-31 00:00:00+00:00
[2025-03-31T06:54:46.002+0000] {processor.py:208} INFO - Processing /home/airflow/.local/lib/python3.12/site-packages/airflow/example_dags/example_skip_dag.py took 0.086 seconds
[2025-03-31T06:55:16.524+0000] {processor.py:186} INFO - Started process (PID=3445) to work on /home/airflow/.local/lib/python3.12/site-packages/airflow/example_dags/example_skip_dag.py
[2025-03-31T06:55:16.525+0000] {processor.py:914} INFO - Processing file /home/airflow/.local/lib/python3.12/site-packages/airflow/example_dags/example_skip_dag.py for tasks to queue
[2025-03-31T06:55:16.527+0000] {logging_mixin.py:190} INFO - [2025-03-31T06:55:16.527+0000] {dagbag.py:588} INFO - Filling up the DagBag from /home/airflow/.local/lib/python3.12/site-packages/airflow/example_dags/example_skip_dag.py
[2025-03-31T06:55:16.537+0000] {processor.py:925} INFO - DAG(s) 'example_skip_dag' retrieved from /home/airflow/.local/lib/python3.12/site-packages/airflow/example_dags/example_skip_dag.py
[2025-03-31T06:55:16.564+0000] {logging_mixin.py:190} INFO - [2025-03-31T06:55:16.564+0000] {dag.py:3239} INFO - Sync 1 DAGs
[2025-03-31T06:55:16.593+0000] {logging_mixin.py:190} INFO - [2025-03-31T06:55:16.592+0000] {dag.py:4180} INFO - Setting next_dagrun for example_skip_dag to 2025-03-30 00:00:00+00:00, run_after=2025-03-31 00:00:00+00:00
[2025-03-31T06:55:16.611+0000] {processor.py:208} INFO - Processing /home/airflow/.local/lib/python3.12/site-packages/airflow/example_dags/example_skip_dag.py took 0.093 seconds
[2025-03-31T06:55:46.808+0000] {processor.py:186} INFO - Started process (PID=3735) to work on /home/airflow/.local/lib/python3.12/site-packages/airflow/example_dags/example_skip_dag.py
[2025-03-31T06:55:46.809+0000] {processor.py:914} INFO - Processing file /home/airflow/.local/lib/python3.12/site-packages/airflow/example_dags/example_skip_dag.py for tasks to queue
[2025-03-31T06:55:46.813+0000] {logging_mixin.py:190} INFO - [2025-03-31T06:55:46.813+0000] {dagbag.py:588} INFO - Filling up the DagBag from /home/airflow/.local/lib/python3.12/site-packages/airflow/example_dags/example_skip_dag.py
[2025-03-31T06:55:46.827+0000] {processor.py:925} INFO - DAG(s) 'example_skip_dag' retrieved from /home/airflow/.local/lib/python3.12/site-packages/airflow/example_dags/example_skip_dag.py
[2025-03-31T06:55:46.858+0000] {logging_mixin.py:190} INFO - [2025-03-31T06:55:46.858+0000] {dag.py:3239} INFO - Sync 1 DAGs
[2025-03-31T06:55:46.892+0000] {logging_mixin.py:190} INFO - [2025-03-31T06:55:46.891+0000] {dag.py:4180} INFO - Setting next_dagrun for example_skip_dag to 2025-03-30 00:00:00+00:00, run_after=2025-03-31 00:00:00+00:00
[2025-03-31T06:55:46.924+0000] {processor.py:208} INFO - Processing /home/airflow/.local/lib/python3.12/site-packages/airflow/example_dags/example_skip_dag.py took 0.126 seconds
[2025-03-31T06:56:17.023+0000] {processor.py:186} INFO - Started process (PID=4026) to work on /home/airflow/.local/lib/python3.12/site-packages/airflow/example_dags/example_skip_dag.py
[2025-03-31T06:56:17.025+0000] {processor.py:914} INFO - Processing file /home/airflow/.local/lib/python3.12/site-packages/airflow/example_dags/example_skip_dag.py for tasks to queue
[2025-03-31T06:56:17.028+0000] {logging_mixin.py:190} INFO - [2025-03-31T06:56:17.027+0000] {dagbag.py:588} INFO - Filling up the DagBag from /home/airflow/.local/lib/python3.12/site-packages/airflow/example_dags/example_skip_dag.py
[2025-03-31T06:56:17.038+0000] {processor.py:925} INFO - DAG(s) 'example_skip_dag' retrieved from /home/airflow/.local/lib/python3.12/site-packages/airflow/example_dags/example_skip_dag.py
[2025-03-31T06:56:17.069+0000] {logging_mixin.py:190} INFO - [2025-03-31T06:56:17.069+0000] {dag.py:3239} INFO - Sync 1 DAGs
[2025-03-31T06:56:17.111+0000] {logging_mixin.py:190} INFO - [2025-03-31T06:56:17.111+0000] {dag.py:4180} INFO - Setting next_dagrun for example_skip_dag to 2025-03-30 00:00:00+00:00, run_after=2025-03-31 00:00:00+00:00
[2025-03-31T06:56:17.141+0000] {processor.py:208} INFO - Processing /home/airflow/.local/lib/python3.12/site-packages/airflow/example_dags/example_skip_dag.py took 0.126 seconds
[2025-03-31T06:56:47.854+0000] {processor.py:186} INFO - Started process (PID=4317) to work on /home/airflow/.local/lib/python3.12/site-packages/airflow/example_dags/example_skip_dag.py
[2025-03-31T06:56:47.855+0000] {processor.py:914} INFO - Processing file /home/airflow/.local/lib/python3.12/site-packages/airflow/example_dags/example_skip_dag.py for tasks to queue
[2025-03-31T06:56:47.859+0000] {logging_mixin.py:190} INFO - [2025-03-31T06:56:47.858+0000] {dagbag.py:588} INFO - Filling up the DagBag from /home/airflow/.local/lib/python3.12/site-packages/airflow/example_dags/example_skip_dag.py
[2025-03-31T06:56:47.872+0000] {processor.py:925} INFO - DAG(s) 'example_skip_dag' retrieved from /home/airflow/.local/lib/python3.12/site-packages/airflow/example_dags/example_skip_dag.py
[2025-03-31T06:56:47.906+0000] {logging_mixin.py:190} INFO - [2025-03-31T06:56:47.906+0000] {dag.py:3239} INFO - Sync 1 DAGs
[2025-03-31T06:56:47.937+0000] {logging_mixin.py:190} INFO - [2025-03-31T06:56:47.936+0000] {dag.py:4180} INFO - Setting next_dagrun for example_skip_dag to 2025-03-30 00:00:00+00:00, run_after=2025-03-31 00:00:00+00:00
[2025-03-31T06:56:47.960+0000] {processor.py:208} INFO - Processing /home/airflow/.local/lib/python3.12/site-packages/airflow/example_dags/example_skip_dag.py took 0.116 seconds
[2025-03-31T06:57:18.152+0000] {processor.py:186} INFO - Started process (PID=4608) to work on /home/airflow/.local/lib/python3.12/site-packages/airflow/example_dags/example_skip_dag.py
[2025-03-31T06:57:18.154+0000] {processor.py:914} INFO - Processing file /home/airflow/.local/lib/python3.12/site-packages/airflow/example_dags/example_skip_dag.py for tasks to queue
[2025-03-31T06:57:18.157+0000] {logging_mixin.py:190} INFO - [2025-03-31T06:57:18.156+0000] {dagbag.py:588} INFO - Filling up the DagBag from /home/airflow/.local/lib/python3.12/site-packages/airflow/example_dags/example_skip_dag.py
[2025-03-31T06:57:18.172+0000] {processor.py:925} INFO - DAG(s) 'example_skip_dag' retrieved from /home/airflow/.local/lib/python3.12/site-packages/airflow/example_dags/example_skip_dag.py
[2025-03-31T06:57:18.205+0000] {logging_mixin.py:190} INFO - [2025-03-31T06:57:18.205+0000] {dag.py:3239} INFO - Sync 1 DAGs
[2025-03-31T06:57:18.237+0000] {logging_mixin.py:190} INFO - [2025-03-31T06:57:18.237+0000] {dag.py:4180} INFO - Setting next_dagrun for example_skip_dag to 2025-03-30 00:00:00+00:00, run_after=2025-03-31 00:00:00+00:00
[2025-03-31T06:57:18.260+0000] {processor.py:208} INFO - Processing /home/airflow/.local/lib/python3.12/site-packages/airflow/example_dags/example_skip_dag.py took 0.119 seconds
[2025-03-31T06:57:48.753+0000] {processor.py:186} INFO - Started process (PID=4899) to work on /home/airflow/.local/lib/python3.12/site-packages/airflow/example_dags/example_skip_dag.py
[2025-03-31T06:57:48.754+0000] {processor.py:914} INFO - Processing file /home/airflow/.local/lib/python3.12/site-packages/airflow/example_dags/example_skip_dag.py for tasks to queue
[2025-03-31T06:57:48.756+0000] {logging_mixin.py:190} INFO - [2025-03-31T06:57:48.756+0000] {dagbag.py:588} INFO - Filling up the DagBag from /home/airflow/.local/lib/python3.12/site-packages/airflow/example_dags/example_skip_dag.py
[2025-03-31T06:57:48.767+0000] {processor.py:925} INFO - DAG(s) 'example_skip_dag' retrieved from /home/airflow/.local/lib/python3.12/site-packages/airflow/example_dags/example_skip_dag.py
[2025-03-31T06:57:48.792+0000] {logging_mixin.py:190} INFO - [2025-03-31T06:57:48.792+0000] {dag.py:3239} INFO - Sync 1 DAGs
[2025-03-31T06:57:48.822+0000] {logging_mixin.py:190} INFO - [2025-03-31T06:57:48.822+0000] {dag.py:4180} INFO - Setting next_dagrun for example_skip_dag to 2025-03-30 00:00:00+00:00, run_after=2025-03-31 00:00:00+00:00
[2025-03-31T06:57:48.847+0000] {processor.py:208} INFO - Processing /home/airflow/.local/lib/python3.12/site-packages/airflow/example_dags/example_skip_dag.py took 0.103 seconds
[2025-03-31T06:58:19.285+0000] {processor.py:186} INFO - Started process (PID=5190) to work on /home/airflow/.local/lib/python3.12/site-packages/airflow/example_dags/example_skip_dag.py
[2025-03-31T06:58:19.286+0000] {processor.py:914} INFO - Processing file /home/airflow/.local/lib/python3.12/site-packages/airflow/example_dags/example_skip_dag.py for tasks to queue
[2025-03-31T06:58:19.289+0000] {logging_mixin.py:190} INFO - [2025-03-31T06:58:19.288+0000] {dagbag.py:588} INFO - Filling up the DagBag from /home/airflow/.local/lib/python3.12/site-packages/airflow/example_dags/example_skip_dag.py
[2025-03-31T06:58:19.300+0000] {processor.py:925} INFO - DAG(s) 'example_skip_dag' retrieved from /home/airflow/.local/lib/python3.12/site-packages/airflow/example_dags/example_skip_dag.py
[2025-03-31T06:58:19.330+0000] {logging_mixin.py:190} INFO - [2025-03-31T06:58:19.330+0000] {dag.py:3239} INFO - Sync 1 DAGs
[2025-03-31T06:58:19.364+0000] {logging_mixin.py:190} INFO - [2025-03-31T06:58:19.364+0000] {dag.py:4180} INFO - Setting next_dagrun for example_skip_dag to 2025-03-30 00:00:00+00:00, run_after=2025-03-31 00:00:00+00:00
[2025-03-31T06:58:19.391+0000] {processor.py:208} INFO - Processing /home/airflow/.local/lib/python3.12/site-packages/airflow/example_dags/example_skip_dag.py took 0.115 seconds
[2025-03-31T06:58:49.840+0000] {processor.py:186} INFO - Started process (PID=5481) to work on /home/airflow/.local/lib/python3.12/site-packages/airflow/example_dags/example_skip_dag.py
[2025-03-31T06:58:49.842+0000] {processor.py:914} INFO - Processing file /home/airflow/.local/lib/python3.12/site-packages/airflow/example_dags/example_skip_dag.py for tasks to queue
[2025-03-31T06:58:49.844+0000] {logging_mixin.py:190} INFO - [2025-03-31T06:58:49.844+0000] {dagbag.py:588} INFO - Filling up the DagBag from /home/airflow/.local/lib/python3.12/site-packages/airflow/example_dags/example_skip_dag.py
[2025-03-31T06:58:49.855+0000] {processor.py:925} INFO - DAG(s) 'example_skip_dag' retrieved from /home/airflow/.local/lib/python3.12/site-packages/airflow/example_dags/example_skip_dag.py
[2025-03-31T06:58:49.884+0000] {logging_mixin.py:190} INFO - [2025-03-31T06:58:49.884+0000] {dag.py:3239} INFO - Sync 1 DAGs
[2025-03-31T06:58:49.912+0000] {logging_mixin.py:190} INFO - [2025-03-31T06:58:49.912+0000] {dag.py:4180} INFO - Setting next_dagrun for example_skip_dag to 2025-03-30 00:00:00+00:00, run_after=2025-03-31 00:00:00+00:00
[2025-03-31T06:58:49.932+0000] {processor.py:208} INFO - Processing /home/airflow/.local/lib/python3.12/site-packages/airflow/example_dags/example_skip_dag.py took 0.100 seconds
[2025-03-31T06:59:20.066+0000] {processor.py:186} INFO - Started process (PID=5772) to work on /home/airflow/.local/lib/python3.12/site-packages/airflow/example_dags/example_skip_dag.py
[2025-03-31T06:59:20.067+0000] {processor.py:914} INFO - Processing file /home/airflow/.local/lib/python3.12/site-packages/airflow/example_dags/example_skip_dag.py for tasks to queue
[2025-03-31T06:59:20.069+0000] {logging_mixin.py:190} INFO - [2025-03-31T06:59:20.069+0000] {dagbag.py:588} INFO - Filling up the DagBag from /home/airflow/.local/lib/python3.12/site-packages/airflow/example_dags/example_skip_dag.py
[2025-03-31T06:59:20.078+0000] {processor.py:925} INFO - DAG(s) 'example_skip_dag' retrieved from /home/airflow/.local/lib/python3.12/site-packages/airflow/example_dags/example_skip_dag.py
[2025-03-31T06:59:20.102+0000] {logging_mixin.py:190} INFO - [2025-03-31T06:59:20.102+0000] {dag.py:3239} INFO - Sync 1 DAGs
[2025-03-31T06:59:20.127+0000] {logging_mixin.py:190} INFO - [2025-03-31T06:59:20.127+0000] {dag.py:4180} INFO - Setting next_dagrun for example_skip_dag to 2025-03-30 00:00:00+00:00, run_after=2025-03-31 00:00:00+00:00
[2025-03-31T06:59:20.146+0000] {processor.py:208} INFO - Processing /home/airflow/.local/lib/python3.12/site-packages/airflow/example_dags/example_skip_dag.py took 0.087 seconds
[2025-03-31T06:59:50.771+0000] {processor.py:186} INFO - Started process (PID=6063) to work on /home/airflow/.local/lib/python3.12/site-packages/airflow/example_dags/example_skip_dag.py
[2025-03-31T06:59:50.773+0000] {processor.py:914} INFO - Processing file /home/airflow/.local/lib/python3.12/site-packages/airflow/example_dags/example_skip_dag.py for tasks to queue
[2025-03-31T06:59:50.775+0000] {logging_mixin.py:190} INFO - [2025-03-31T06:59:50.775+0000] {dagbag.py:588} INFO - Filling up the DagBag from /home/airflow/.local/lib/python3.12/site-packages/airflow/example_dags/example_skip_dag.py
[2025-03-31T06:59:50.785+0000] {processor.py:925} INFO - DAG(s) 'example_skip_dag' retrieved from /home/airflow/.local/lib/python3.12/site-packages/airflow/example_dags/example_skip_dag.py
[2025-03-31T06:59:50.809+0000] {logging_mixin.py:190} INFO - [2025-03-31T06:59:50.809+0000] {dag.py:3239} INFO - Sync 1 DAGs
[2025-03-31T06:59:50.833+0000] {logging_mixin.py:190} INFO - [2025-03-31T06:59:50.833+0000] {dag.py:4180} INFO - Setting next_dagrun for example_skip_dag to 2025-03-30 00:00:00+00:00, run_after=2025-03-31 00:00:00+00:00
[2025-03-31T06:59:50.855+0000] {processor.py:208} INFO - Processing /home/airflow/.local/lib/python3.12/site-packages/airflow/example_dags/example_skip_dag.py took 0.090 seconds
[2025-03-31T07:00:21.803+0000] {processor.py:186} INFO - Started process (PID=6354) to work on /home/airflow/.local/lib/python3.12/site-packages/airflow/example_dags/example_skip_dag.py
[2025-03-31T07:00:21.804+0000] {processor.py:914} INFO - Processing file /home/airflow/.local/lib/python3.12/site-packages/airflow/example_dags/example_skip_dag.py for tasks to queue
[2025-03-31T07:00:21.807+0000] {logging_mixin.py:190} INFO - [2025-03-31T07:00:21.806+0000] {dagbag.py:588} INFO - Filling up the DagBag from /home/airflow/.local/lib/python3.12/site-packages/airflow/example_dags/example_skip_dag.py
[2025-03-31T07:00:21.816+0000] {processor.py:925} INFO - DAG(s) 'example_skip_dag' retrieved from /home/airflow/.local/lib/python3.12/site-packages/airflow/example_dags/example_skip_dag.py
[2025-03-31T07:00:21.838+0000] {logging_mixin.py:190} INFO - [2025-03-31T07:00:21.838+0000] {dag.py:3239} INFO - Sync 1 DAGs
[2025-03-31T07:00:21.863+0000] {logging_mixin.py:190} INFO - [2025-03-31T07:00:21.863+0000] {dag.py:4180} INFO - Setting next_dagrun for example_skip_dag to 2025-03-30 00:00:00+00:00, run_after=2025-03-31 00:00:00+00:00
[2025-03-31T07:00:21.888+0000] {processor.py:208} INFO - Processing /home/airflow/.local/lib/python3.12/site-packages/airflow/example_dags/example_skip_dag.py took 0.091 seconds
[2025-03-31T07:00:52.469+0000] {processor.py:186} INFO - Started process (PID=6645) to work on /home/airflow/.local/lib/python3.12/site-packages/airflow/example_dags/example_skip_dag.py
[2025-03-31T07:00:52.470+0000] {processor.py:914} INFO - Processing file /home/airflow/.local/lib/python3.12/site-packages/airflow/example_dags/example_skip_dag.py for tasks to queue
[2025-03-31T07:00:52.472+0000] {logging_mixin.py:190} INFO - [2025-03-31T07:00:52.472+0000] {dagbag.py:588} INFO - Filling up the DagBag from /home/airflow/.local/lib/python3.12/site-packages/airflow/example_dags/example_skip_dag.py
[2025-03-31T07:00:52.481+0000] {processor.py:925} INFO - DAG(s) 'example_skip_dag' retrieved from /home/airflow/.local/lib/python3.12/site-packages/airflow/example_dags/example_skip_dag.py
[2025-03-31T07:00:52.506+0000] {logging_mixin.py:190} INFO - [2025-03-31T07:00:52.505+0000] {dag.py:3239} INFO - Sync 1 DAGs
[2025-03-31T07:00:52.530+0000] {logging_mixin.py:190} INFO - [2025-03-31T07:00:52.530+0000] {dag.py:4180} INFO - Setting next_dagrun for example_skip_dag to 2025-03-30 00:00:00+00:00, run_after=2025-03-31 00:00:00+00:00
[2025-03-31T07:00:52.551+0000] {processor.py:208} INFO - Processing /home/airflow/.local/lib/python3.12/site-packages/airflow/example_dags/example_skip_dag.py took 0.089 seconds
[2025-03-31T07:01:23.277+0000] {processor.py:186} INFO - Started process (PID=6936) to work on /home/airflow/.local/lib/python3.12/site-packages/airflow/example_dags/example_skip_dag.py
[2025-03-31T07:01:23.278+0000] {processor.py:914} INFO - Processing file /home/airflow/.local/lib/python3.12/site-packages/airflow/example_dags/example_skip_dag.py for tasks to queue
[2025-03-31T07:01:23.280+0000] {logging_mixin.py:190} INFO - [2025-03-31T07:01:23.280+0000] {dagbag.py:588} INFO - Filling up the DagBag from /home/airflow/.local/lib/python3.12/site-packages/airflow/example_dags/example_skip_dag.py
[2025-03-31T07:01:23.288+0000] {processor.py:925} INFO - DAG(s) 'example_skip_dag' retrieved from /home/airflow/.local/lib/python3.12/site-packages/airflow/example_dags/example_skip_dag.py
[2025-03-31T07:01:23.310+0000] {logging_mixin.py:190} INFO - [2025-03-31T07:01:23.309+0000] {dag.py:3239} INFO - Sync 1 DAGs
[2025-03-31T07:01:23.334+0000] {logging_mixin.py:190} INFO - [2025-03-31T07:01:23.334+0000] {dag.py:4180} INFO - Setting next_dagrun for example_skip_dag to 2025-03-30 00:00:00+00:00, run_after=2025-03-31 00:00:00+00:00
[2025-03-31T07:01:23.351+0000] {processor.py:208} INFO - Processing /home/airflow/.local/lib/python3.12/site-packages/airflow/example_dags/example_skip_dag.py took 0.080 seconds
[2025-03-31T07:01:53.645+0000] {processor.py:186} INFO - Started process (PID=7227) to work on /home/airflow/.local/lib/python3.12/site-packages/airflow/example_dags/example_skip_dag.py
[2025-03-31T07:01:53.646+0000] {processor.py:914} INFO - Processing file /home/airflow/.local/lib/python3.12/site-packages/airflow/example_dags/example_skip_dag.py for tasks to queue
[2025-03-31T07:01:53.648+0000] {logging_mixin.py:190} INFO - [2025-03-31T07:01:53.648+0000] {dagbag.py:588} INFO - Filling up the DagBag from /home/airflow/.local/lib/python3.12/site-packages/airflow/example_dags/example_skip_dag.py
[2025-03-31T07:01:53.656+0000] {processor.py:925} INFO - DAG(s) 'example_skip_dag' retrieved from /home/airflow/.local/lib/python3.12/site-packages/airflow/example_dags/example_skip_dag.py
[2025-03-31T07:01:53.679+0000] {logging_mixin.py:190} INFO - [2025-03-31T07:01:53.679+0000] {dag.py:3239} INFO - Sync 1 DAGs
[2025-03-31T07:01:53.702+0000] {logging_mixin.py:190} INFO - [2025-03-31T07:01:53.702+0000] {dag.py:4180} INFO - Setting next_dagrun for example_skip_dag to 2025-03-30 00:00:00+00:00, run_after=2025-03-31 00:00:00+00:00
[2025-03-31T07:01:53.720+0000] {processor.py:208} INFO - Processing /home/airflow/.local/lib/python3.12/site-packages/airflow/example_dags/example_skip_dag.py took 0.082 seconds
[2025-03-31T07:02:24.555+0000] {processor.py:186} INFO - Started process (PID=7518) to work on /home/airflow/.local/lib/python3.12/site-packages/airflow/example_dags/example_skip_dag.py
[2025-03-31T07:02:24.556+0000] {processor.py:914} INFO - Processing file /home/airflow/.local/lib/python3.12/site-packages/airflow/example_dags/example_skip_dag.py for tasks to queue
[2025-03-31T07:02:24.558+0000] {logging_mixin.py:190} INFO - [2025-03-31T07:02:24.558+0000] {dagbag.py:588} INFO - Filling up the DagBag from /home/airflow/.local/lib/python3.12/site-packages/airflow/example_dags/example_skip_dag.py
[2025-03-31T07:02:24.567+0000] {processor.py:925} INFO - DAG(s) 'example_skip_dag' retrieved from /home/airflow/.local/lib/python3.12/site-packages/airflow/example_dags/example_skip_dag.py
[2025-03-31T07:02:24.591+0000] {logging_mixin.py:190} INFO - [2025-03-31T07:02:24.590+0000] {dag.py:3239} INFO - Sync 1 DAGs
[2025-03-31T07:02:24.616+0000] {logging_mixin.py:190} INFO - [2025-03-31T07:02:24.616+0000] {dag.py:4180} INFO - Setting next_dagrun for example_skip_dag to 2025-03-30 00:00:00+00:00, run_after=2025-03-31 00:00:00+00:00
[2025-03-31T07:02:24.633+0000] {processor.py:208} INFO - Processing /home/airflow/.local/lib/python3.12/site-packages/airflow/example_dags/example_skip_dag.py took 0.083 seconds
[2025-03-31T07:02:54.857+0000] {processor.py:186} INFO - Started process (PID=7809) to work on /home/airflow/.local/lib/python3.12/site-packages/airflow/example_dags/example_skip_dag.py
[2025-03-31T07:02:54.858+0000] {processor.py:914} INFO - Processing file /home/airflow/.local/lib/python3.12/site-packages/airflow/example_dags/example_skip_dag.py for tasks to queue
[2025-03-31T07:02:54.860+0000] {logging_mixin.py:190} INFO - [2025-03-31T07:02:54.860+0000] {dagbag.py:588} INFO - Filling up the DagBag from /home/airflow/.local/lib/python3.12/site-packages/airflow/example_dags/example_skip_dag.py
[2025-03-31T07:02:54.868+0000] {processor.py:925} INFO - DAG(s) 'example_skip_dag' retrieved from /home/airflow/.local/lib/python3.12/site-packages/airflow/example_dags/example_skip_dag.py
[2025-03-31T07:02:54.890+0000] {logging_mixin.py:190} INFO - [2025-03-31T07:02:54.890+0000] {dag.py:3239} INFO - Sync 1 DAGs
[2025-03-31T07:02:54.913+0000] {logging_mixin.py:190} INFO - [2025-03-31T07:02:54.913+0000] {dag.py:4180} INFO - Setting next_dagrun for example_skip_dag to 2025-03-30 00:00:00+00:00, run_after=2025-03-31 00:00:00+00:00
[2025-03-31T07:02:54.931+0000] {processor.py:208} INFO - Processing /home/airflow/.local/lib/python3.12/site-packages/airflow/example_dags/example_skip_dag.py took 0.081 seconds
[2025-03-31T07:03:25.131+0000] {processor.py:186} INFO - Started process (PID=8100) to work on /home/airflow/.local/lib/python3.12/site-packages/airflow/example_dags/example_skip_dag.py
[2025-03-31T07:03:25.132+0000] {processor.py:914} INFO - Processing file /home/airflow/.local/lib/python3.12/site-packages/airflow/example_dags/example_skip_dag.py for tasks to queue
[2025-03-31T07:03:25.135+0000] {logging_mixin.py:190} INFO - [2025-03-31T07:03:25.135+0000] {dagbag.py:588} INFO - Filling up the DagBag from /home/airflow/.local/lib/python3.12/site-packages/airflow/example_dags/example_skip_dag.py
[2025-03-31T07:03:25.144+0000] {processor.py:925} INFO - DAG(s) 'example_skip_dag' retrieved from /home/airflow/.local/lib/python3.12/site-packages/airflow/example_dags/example_skip_dag.py
[2025-03-31T07:03:25.168+0000] {logging_mixin.py:190} INFO - [2025-03-31T07:03:25.168+0000] {dag.py:3239} INFO - Sync 1 DAGs
[2025-03-31T07:03:25.194+0000] {logging_mixin.py:190} INFO - [2025-03-31T07:03:25.194+0000] {dag.py:4180} INFO - Setting next_dagrun for example_skip_dag to 2025-03-30 00:00:00+00:00, run_after=2025-03-31 00:00:00+00:00
[2025-03-31T07:03:25.218+0000] {processor.py:208} INFO - Processing /home/airflow/.local/lib/python3.12/site-packages/airflow/example_dags/example_skip_dag.py took 0.095 seconds
[2025-03-31T07:03:55.300+0000] {processor.py:186} INFO - Started process (PID=8391) to work on /home/airflow/.local/lib/python3.12/site-packages/airflow/example_dags/example_skip_dag.py
[2025-03-31T07:03:55.301+0000] {processor.py:914} INFO - Processing file /home/airflow/.local/lib/python3.12/site-packages/airflow/example_dags/example_skip_dag.py for tasks to queue
[2025-03-31T07:03:55.303+0000] {logging_mixin.py:190} INFO - [2025-03-31T07:03:55.303+0000] {dagbag.py:588} INFO - Filling up the DagBag from /home/airflow/.local/lib/python3.12/site-packages/airflow/example_dags/example_skip_dag.py
[2025-03-31T07:03:55.312+0000] {processor.py:925} INFO - DAG(s) 'example_skip_dag' retrieved from /home/airflow/.local/lib/python3.12/site-packages/airflow/example_dags/example_skip_dag.py
[2025-03-31T07:03:55.335+0000] {logging_mixin.py:190} INFO - [2025-03-31T07:03:55.335+0000] {dag.py:3239} INFO - Sync 1 DAGs
[2025-03-31T07:03:55.360+0000] {logging_mixin.py:190} INFO - [2025-03-31T07:03:55.359+0000] {dag.py:4180} INFO - Setting next_dagrun for example_skip_dag to 2025-03-30 00:00:00+00:00, run_after=2025-03-31 00:00:00+00:00
[2025-03-31T07:03:55.380+0000] {processor.py:208} INFO - Processing /home/airflow/.local/lib/python3.12/site-packages/airflow/example_dags/example_skip_dag.py took 0.087 seconds
[2025-03-31T07:04:25.834+0000] {processor.py:186} INFO - Started process (PID=8682) to work on /home/airflow/.local/lib/python3.12/site-packages/airflow/example_dags/example_skip_dag.py
[2025-03-31T07:04:25.835+0000] {processor.py:914} INFO - Processing file /home/airflow/.local/lib/python3.12/site-packages/airflow/example_dags/example_skip_dag.py for tasks to queue
[2025-03-31T07:04:25.837+0000] {logging_mixin.py:190} INFO - [2025-03-31T07:04:25.837+0000] {dagbag.py:588} INFO - Filling up the DagBag from /home/airflow/.local/lib/python3.12/site-packages/airflow/example_dags/example_skip_dag.py
[2025-03-31T07:04:25.846+0000] {processor.py:925} INFO - DAG(s) 'example_skip_dag' retrieved from /home/airflow/.local/lib/python3.12/site-packages/airflow/example_dags/example_skip_dag.py
[2025-03-31T07:04:25.869+0000] {logging_mixin.py:190} INFO - [2025-03-31T07:04:25.869+0000] {dag.py:3239} INFO - Sync 1 DAGs
[2025-03-31T07:04:25.896+0000] {logging_mixin.py:190} INFO - [2025-03-31T07:04:25.896+0000] {dag.py:4180} INFO - Setting next_dagrun for example_skip_dag to 2025-03-30 00:00:00+00:00, run_after=2025-03-31 00:00:00+00:00
[2025-03-31T07:04:25.915+0000] {processor.py:208} INFO - Processing /home/airflow/.local/lib/python3.12/site-packages/airflow/example_dags/example_skip_dag.py took 0.089 seconds
[2025-03-31T07:04:56.092+0000] {processor.py:186} INFO - Started process (PID=8973) to work on /home/airflow/.local/lib/python3.12/site-packages/airflow/example_dags/example_skip_dag.py
[2025-03-31T07:04:56.093+0000] {processor.py:914} INFO - Processing file /home/airflow/.local/lib/python3.12/site-packages/airflow/example_dags/example_skip_dag.py for tasks to queue
[2025-03-31T07:04:56.095+0000] {logging_mixin.py:190} INFO - [2025-03-31T07:04:56.095+0000] {dagbag.py:588} INFO - Filling up the DagBag from /home/airflow/.local/lib/python3.12/site-packages/airflow/example_dags/example_skip_dag.py
[2025-03-31T07:04:56.104+0000] {processor.py:925} INFO - DAG(s) 'example_skip_dag' retrieved from /home/airflow/.local/lib/python3.12/site-packages/airflow/example_dags/example_skip_dag.py
[2025-03-31T07:04:56.127+0000] {logging_mixin.py:190} INFO - [2025-03-31T07:04:56.127+0000] {dag.py:3239} INFO - Sync 1 DAGs
[2025-03-31T07:04:56.153+0000] {logging_mixin.py:190} INFO - [2025-03-31T07:04:56.152+0000] {dag.py:4180} INFO - Setting next_dagrun for example_skip_dag to 2025-03-30 00:00:00+00:00, run_after=2025-03-31 00:00:00+00:00
[2025-03-31T07:04:56.172+0000] {processor.py:208} INFO - Processing /home/airflow/.local/lib/python3.12/site-packages/airflow/example_dags/example_skip_dag.py took 0.086 seconds
[2025-03-31T07:05:26.248+0000] {processor.py:186} INFO - Started process (PID=9264) to work on /home/airflow/.local/lib/python3.12/site-packages/airflow/example_dags/example_skip_dag.py
[2025-03-31T07:05:26.250+0000] {processor.py:914} INFO - Processing file /home/airflow/.local/lib/python3.12/site-packages/airflow/example_dags/example_skip_dag.py for tasks to queue
[2025-03-31T07:05:26.252+0000] {logging_mixin.py:190} INFO - [2025-03-31T07:05:26.252+0000] {dagbag.py:588} INFO - Filling up the DagBag from /home/airflow/.local/lib/python3.12/site-packages/airflow/example_dags/example_skip_dag.py
[2025-03-31T07:05:26.261+0000] {processor.py:925} INFO - DAG(s) 'example_skip_dag' retrieved from /home/airflow/.local/lib/python3.12/site-packages/airflow/example_dags/example_skip_dag.py
[2025-03-31T07:05:26.287+0000] {logging_mixin.py:190} INFO - [2025-03-31T07:05:26.287+0000] {dag.py:3239} INFO - Sync 1 DAGs
[2025-03-31T07:05:26.317+0000] {logging_mixin.py:190} INFO - [2025-03-31T07:05:26.317+0000] {dag.py:4180} INFO - Setting next_dagrun for example_skip_dag to 2025-03-30 00:00:00+00:00, run_after=2025-03-31 00:00:00+00:00
[2025-03-31T07:05:26.337+0000] {processor.py:208} INFO - Processing /home/airflow/.local/lib/python3.12/site-packages/airflow/example_dags/example_skip_dag.py took 0.096 seconds
[2025-03-31T07:05:56.415+0000] {processor.py:186} INFO - Started process (PID=9555) to work on /home/airflow/.local/lib/python3.12/site-packages/airflow/example_dags/example_skip_dag.py
[2025-03-31T07:05:56.416+0000] {processor.py:914} INFO - Processing file /home/airflow/.local/lib/python3.12/site-packages/airflow/example_dags/example_skip_dag.py for tasks to queue
[2025-03-31T07:05:56.418+0000] {logging_mixin.py:190} INFO - [2025-03-31T07:05:56.418+0000] {dagbag.py:588} INFO - Filling up the DagBag from /home/airflow/.local/lib/python3.12/site-packages/airflow/example_dags/example_skip_dag.py
[2025-03-31T07:05:56.427+0000] {processor.py:925} INFO - DAG(s) 'example_skip_dag' retrieved from /home/airflow/.local/lib/python3.12/site-packages/airflow/example_dags/example_skip_dag.py
[2025-03-31T07:05:56.451+0000] {logging_mixin.py:190} INFO - [2025-03-31T07:05:56.450+0000] {dag.py:3239} INFO - Sync 1 DAGs
[2025-03-31T07:05:56.476+0000] {logging_mixin.py:190} INFO - [2025-03-31T07:05:56.476+0000] {dag.py:4180} INFO - Setting next_dagrun for example_skip_dag to 2025-03-30 00:00:00+00:00, run_after=2025-03-31 00:00:00+00:00
[2025-03-31T07:05:56.495+0000] {processor.py:208} INFO - Processing /home/airflow/.local/lib/python3.12/site-packages/airflow/example_dags/example_skip_dag.py took 0.087 seconds
[2025-03-31T07:06:26.639+0000] {processor.py:186} INFO - Started process (PID=9846) to work on /home/airflow/.local/lib/python3.12/site-packages/airflow/example_dags/example_skip_dag.py
[2025-03-31T07:06:26.640+0000] {processor.py:914} INFO - Processing file /home/airflow/.local/lib/python3.12/site-packages/airflow/example_dags/example_skip_dag.py for tasks to queue
[2025-03-31T07:06:26.642+0000] {logging_mixin.py:190} INFO - [2025-03-31T07:06:26.642+0000] {dagbag.py:588} INFO - Filling up the DagBag from /home/airflow/.local/lib/python3.12/site-packages/airflow/example_dags/example_skip_dag.py
[2025-03-31T07:06:26.652+0000] {processor.py:925} INFO - DAG(s) 'example_skip_dag' retrieved from /home/airflow/.local/lib/python3.12/site-packages/airflow/example_dags/example_skip_dag.py
[2025-03-31T07:06:26.674+0000] {logging_mixin.py:190} INFO - [2025-03-31T07:06:26.674+0000] {dag.py:3239} INFO - Sync 1 DAGs
[2025-03-31T07:06:26.698+0000] {logging_mixin.py:190} INFO - [2025-03-31T07:06:26.698+0000] {dag.py:4180} INFO - Setting next_dagrun for example_skip_dag to 2025-03-30 00:00:00+00:00, run_after=2025-03-31 00:00:00+00:00
[2025-03-31T07:06:26.716+0000] {processor.py:208} INFO - Processing /home/airflow/.local/lib/python3.12/site-packages/airflow/example_dags/example_skip_dag.py took 0.083 seconds
[2025-03-31T07:06:57.123+0000] {processor.py:186} INFO - Started process (PID=10137) to work on /home/airflow/.local/lib/python3.12/site-packages/airflow/example_dags/example_skip_dag.py
[2025-03-31T07:06:57.124+0000] {processor.py:914} INFO - Processing file /home/airflow/.local/lib/python3.12/site-packages/airflow/example_dags/example_skip_dag.py for tasks to queue
[2025-03-31T07:06:57.126+0000] {logging_mixin.py:190} INFO - [2025-03-31T07:06:57.126+0000] {dagbag.py:588} INFO - Filling up the DagBag from /home/airflow/.local/lib/python3.12/site-packages/airflow/example_dags/example_skip_dag.py
[2025-03-31T07:06:57.134+0000] {processor.py:925} INFO - DAG(s) 'example_skip_dag' retrieved from /home/airflow/.local/lib/python3.12/site-packages/airflow/example_dags/example_skip_dag.py
[2025-03-31T07:06:57.156+0000] {logging_mixin.py:190} INFO - [2025-03-31T07:06:57.156+0000] {dag.py:3239} INFO - Sync 1 DAGs
[2025-03-31T07:06:57.179+0000] {logging_mixin.py:190} INFO - [2025-03-31T07:06:57.179+0000] {dag.py:4180} INFO - Setting next_dagrun for example_skip_dag to 2025-03-30 00:00:00+00:00, run_after=2025-03-31 00:00:00+00:00
[2025-03-31T07:06:57.195+0000] {processor.py:208} INFO - Processing /home/airflow/.local/lib/python3.12/site-packages/airflow/example_dags/example_skip_dag.py took 0.078 seconds
[2025-03-31T07:07:28.726+0000] {processor.py:186} INFO - Started process (PID=10423) to work on /home/airflow/.local/lib/python3.12/site-packages/airflow/example_dags/example_skip_dag.py
[2025-03-31T07:07:28.727+0000] {processor.py:914} INFO - Processing file /home/airflow/.local/lib/python3.12/site-packages/airflow/example_dags/example_skip_dag.py for tasks to queue
[2025-03-31T07:07:28.729+0000] {logging_mixin.py:190} INFO - [2025-03-31T07:07:28.729+0000] {dagbag.py:588} INFO - Filling up the DagBag from /home/airflow/.local/lib/python3.12/site-packages/airflow/example_dags/example_skip_dag.py
[2025-03-31T07:07:28.738+0000] {processor.py:925} INFO - DAG(s) 'example_skip_dag' retrieved from /home/airflow/.local/lib/python3.12/site-packages/airflow/example_dags/example_skip_dag.py
[2025-03-31T07:07:28.760+0000] {logging_mixin.py:190} INFO - [2025-03-31T07:07:28.759+0000] {dag.py:3239} INFO - Sync 1 DAGs
[2025-03-31T07:07:28.783+0000] {logging_mixin.py:190} INFO - [2025-03-31T07:07:28.783+0000] {dag.py:4180} INFO - Setting next_dagrun for example_skip_dag to 2025-03-30 00:00:00+00:00, run_after=2025-03-31 00:00:00+00:00
[2025-03-31T07:07:28.803+0000] {processor.py:208} INFO - Processing /home/airflow/.local/lib/python3.12/site-packages/airflow/example_dags/example_skip_dag.py took 0.083 seconds
[2025-03-31T07:07:59.318+0000] {processor.py:186} INFO - Started process (PID=10704) to work on /home/airflow/.local/lib/python3.12/site-packages/airflow/example_dags/example_skip_dag.py
[2025-03-31T07:07:59.319+0000] {processor.py:914} INFO - Processing file /home/airflow/.local/lib/python3.12/site-packages/airflow/example_dags/example_skip_dag.py for tasks to queue
[2025-03-31T07:07:59.322+0000] {logging_mixin.py:190} INFO - [2025-03-31T07:07:59.322+0000] {dagbag.py:588} INFO - Filling up the DagBag from /home/airflow/.local/lib/python3.12/site-packages/airflow/example_dags/example_skip_dag.py
[2025-03-31T07:07:59.331+0000] {processor.py:925} INFO - DAG(s) 'example_skip_dag' retrieved from /home/airflow/.local/lib/python3.12/site-packages/airflow/example_dags/example_skip_dag.py
[2025-03-31T07:07:59.354+0000] {logging_mixin.py:190} INFO - [2025-03-31T07:07:59.354+0000] {dag.py:3239} INFO - Sync 1 DAGs
[2025-03-31T07:07:59.378+0000] {logging_mixin.py:190} INFO - [2025-03-31T07:07:59.378+0000] {dag.py:4180} INFO - Setting next_dagrun for example_skip_dag to 2025-03-30 00:00:00+00:00, run_after=2025-03-31 00:00:00+00:00
[2025-03-31T07:07:59.396+0000] {processor.py:208} INFO - Processing /home/airflow/.local/lib/python3.12/site-packages/airflow/example_dags/example_skip_dag.py took 0.084 seconds
[2025-03-31T07:08:29.852+0000] {processor.py:186} INFO - Started process (PID=10915) to work on /home/airflow/.local/lib/python3.12/site-packages/airflow/example_dags/example_skip_dag.py
[2025-03-31T07:08:29.853+0000] {processor.py:914} INFO - Processing file /home/airflow/.local/lib/python3.12/site-packages/airflow/example_dags/example_skip_dag.py for tasks to queue
[2025-03-31T07:08:29.855+0000] {logging_mixin.py:190} INFO - [2025-03-31T07:08:29.855+0000] {dagbag.py:588} INFO - Filling up the DagBag from /home/airflow/.local/lib/python3.12/site-packages/airflow/example_dags/example_skip_dag.py
[2025-03-31T07:08:29.864+0000] {processor.py:925} INFO - DAG(s) 'example_skip_dag' retrieved from /home/airflow/.local/lib/python3.12/site-packages/airflow/example_dags/example_skip_dag.py
[2025-03-31T07:08:29.887+0000] {logging_mixin.py:190} INFO - [2025-03-31T07:08:29.886+0000] {dag.py:3239} INFO - Sync 1 DAGs
[2025-03-31T07:08:29.911+0000] {logging_mixin.py:190} INFO - [2025-03-31T07:08:29.910+0000] {dag.py:4180} INFO - Setting next_dagrun for example_skip_dag to 2025-03-30 00:00:00+00:00, run_after=2025-03-31 00:00:00+00:00
[2025-03-31T07:08:29.928+0000] {processor.py:208} INFO - Processing /home/airflow/.local/lib/python3.12/site-packages/airflow/example_dags/example_skip_dag.py took 0.082 seconds
[2025-03-31T07:09:01.217+0000] {processor.py:186} INFO - Started process (PID=11206) to work on /home/airflow/.local/lib/python3.12/site-packages/airflow/example_dags/example_skip_dag.py
[2025-03-31T07:09:01.218+0000] {processor.py:914} INFO - Processing file /home/airflow/.local/lib/python3.12/site-packages/airflow/example_dags/example_skip_dag.py for tasks to queue
[2025-03-31T07:09:01.221+0000] {logging_mixin.py:190} INFO - [2025-03-31T07:09:01.220+0000] {dagbag.py:588} INFO - Filling up the DagBag from /home/airflow/.local/lib/python3.12/site-packages/airflow/example_dags/example_skip_dag.py
[2025-03-31T07:09:01.229+0000] {processor.py:925} INFO - DAG(s) 'example_skip_dag' retrieved from /home/airflow/.local/lib/python3.12/site-packages/airflow/example_dags/example_skip_dag.py
[2025-03-31T07:09:01.252+0000] {logging_mixin.py:190} INFO - [2025-03-31T07:09:01.252+0000] {dag.py:3239} INFO - Sync 1 DAGs
[2025-03-31T07:09:01.275+0000] {logging_mixin.py:190} INFO - [2025-03-31T07:09:01.275+0000] {dag.py:4180} INFO - Setting next_dagrun for example_skip_dag to 2025-03-30 00:00:00+00:00, run_after=2025-03-31 00:00:00+00:00
[2025-03-31T07:09:01.293+0000] {processor.py:208} INFO - Processing /home/airflow/.local/lib/python3.12/site-packages/airflow/example_dags/example_skip_dag.py took 0.081 seconds
[2025-03-31T07:09:31.701+0000] {processor.py:186} INFO - Started process (PID=11477) to work on /home/airflow/.local/lib/python3.12/site-packages/airflow/example_dags/example_skip_dag.py
[2025-03-31T07:09:31.702+0000] {processor.py:914} INFO - Processing file /home/airflow/.local/lib/python3.12/site-packages/airflow/example_dags/example_skip_dag.py for tasks to queue
[2025-03-31T07:09:31.705+0000] {logging_mixin.py:190} INFO - [2025-03-31T07:09:31.705+0000] {dagbag.py:588} INFO - Filling up the DagBag from /home/airflow/.local/lib/python3.12/site-packages/airflow/example_dags/example_skip_dag.py
[2025-03-31T07:09:31.715+0000] {processor.py:925} INFO - DAG(s) 'example_skip_dag' retrieved from /home/airflow/.local/lib/python3.12/site-packages/airflow/example_dags/example_skip_dag.py
[2025-03-31T07:09:31.742+0000] {logging_mixin.py:190} INFO - [2025-03-31T07:09:31.742+0000] {dag.py:3239} INFO - Sync 1 DAGs
[2025-03-31T07:09:31.766+0000] {logging_mixin.py:190} INFO - [2025-03-31T07:09:31.765+0000] {dag.py:4180} INFO - Setting next_dagrun for example_skip_dag to 2025-03-30 00:00:00+00:00, run_after=2025-03-31 00:00:00+00:00
[2025-03-31T07:09:31.783+0000] {processor.py:208} INFO - Processing /home/airflow/.local/lib/python3.12/site-packages/airflow/example_dags/example_skip_dag.py took 0.090 seconds
[2025-03-31T07:10:02.146+0000] {processor.py:186} INFO - Started process (PID=11758) to work on /home/airflow/.local/lib/python3.12/site-packages/airflow/example_dags/example_skip_dag.py
[2025-03-31T07:10:02.147+0000] {processor.py:914} INFO - Processing file /home/airflow/.local/lib/python3.12/site-packages/airflow/example_dags/example_skip_dag.py for tasks to queue
[2025-03-31T07:10:02.149+0000] {logging_mixin.py:190} INFO - [2025-03-31T07:10:02.149+0000] {dagbag.py:588} INFO - Filling up the DagBag from /home/airflow/.local/lib/python3.12/site-packages/airflow/example_dags/example_skip_dag.py
[2025-03-31T07:10:02.158+0000] {processor.py:925} INFO - DAG(s) 'example_skip_dag' retrieved from /home/airflow/.local/lib/python3.12/site-packages/airflow/example_dags/example_skip_dag.py
[2025-03-31T07:10:02.180+0000] {logging_mixin.py:190} INFO - [2025-03-31T07:10:02.180+0000] {dag.py:3239} INFO - Sync 1 DAGs
[2025-03-31T07:10:02.204+0000] {logging_mixin.py:190} INFO - [2025-03-31T07:10:02.204+0000] {dag.py:4180} INFO - Setting next_dagrun for example_skip_dag to 2025-03-30 00:00:00+00:00, run_after=2025-03-31 00:00:00+00:00
[2025-03-31T07:10:02.222+0000] {processor.py:208} INFO - Processing /home/airflow/.local/lib/python3.12/site-packages/airflow/example_dags/example_skip_dag.py took 0.082 seconds
[2025-03-31T07:10:32.540+0000] {processor.py:186} INFO - Started process (PID=12049) to work on /home/airflow/.local/lib/python3.12/site-packages/airflow/example_dags/example_skip_dag.py
[2025-03-31T07:10:32.541+0000] {processor.py:914} INFO - Processing file /home/airflow/.local/lib/python3.12/site-packages/airflow/example_dags/example_skip_dag.py for tasks to queue
[2025-03-31T07:10:32.543+0000] {logging_mixin.py:190} INFO - [2025-03-31T07:10:32.543+0000] {dagbag.py:588} INFO - Filling up the DagBag from /home/airflow/.local/lib/python3.12/site-packages/airflow/example_dags/example_skip_dag.py
[2025-03-31T07:10:32.552+0000] {processor.py:925} INFO - DAG(s) 'example_skip_dag' retrieved from /home/airflow/.local/lib/python3.12/site-packages/airflow/example_dags/example_skip_dag.py
[2025-03-31T07:10:32.573+0000] {logging_mixin.py:190} INFO - [2025-03-31T07:10:32.573+0000] {dag.py:3239} INFO - Sync 1 DAGs
[2025-03-31T07:10:32.596+0000] {logging_mixin.py:190} INFO - [2025-03-31T07:10:32.596+0000] {dag.py:4180} INFO - Setting next_dagrun for example_skip_dag to 2025-03-30 00:00:00+00:00, run_after=2025-03-31 00:00:00+00:00
[2025-03-31T07:10:32.612+0000] {processor.py:208} INFO - Processing /home/airflow/.local/lib/python3.12/site-packages/airflow/example_dags/example_skip_dag.py took 0.078 seconds
[2025-03-31T07:11:03.054+0000] {processor.py:186} INFO - Started process (PID=12335) to work on /home/airflow/.local/lib/python3.12/site-packages/airflow/example_dags/example_skip_dag.py
[2025-03-31T07:11:03.055+0000] {processor.py:914} INFO - Processing file /home/airflow/.local/lib/python3.12/site-packages/airflow/example_dags/example_skip_dag.py for tasks to queue
[2025-03-31T07:11:03.057+0000] {logging_mixin.py:190} INFO - [2025-03-31T07:11:03.057+0000] {dagbag.py:588} INFO - Filling up the DagBag from /home/airflow/.local/lib/python3.12/site-packages/airflow/example_dags/example_skip_dag.py
[2025-03-31T07:11:03.066+0000] {processor.py:925} INFO - DAG(s) 'example_skip_dag' retrieved from /home/airflow/.local/lib/python3.12/site-packages/airflow/example_dags/example_skip_dag.py
[2025-03-31T07:11:03.087+0000] {logging_mixin.py:190} INFO - [2025-03-31T07:11:03.087+0000] {dag.py:3239} INFO - Sync 1 DAGs
[2025-03-31T07:11:03.111+0000] {logging_mixin.py:190} INFO - [2025-03-31T07:11:03.111+0000] {dag.py:4180} INFO - Setting next_dagrun for example_skip_dag to 2025-03-30 00:00:00+00:00, run_after=2025-03-31 00:00:00+00:00
[2025-03-31T07:11:03.129+0000] {processor.py:208} INFO - Processing /home/airflow/.local/lib/python3.12/site-packages/airflow/example_dags/example_skip_dag.py took 0.081 seconds
[2025-03-31T07:11:33.444+0000] {processor.py:186} INFO - Started process (PID=12616) to work on /home/airflow/.local/lib/python3.12/site-packages/airflow/example_dags/example_skip_dag.py
[2025-03-31T07:11:33.445+0000] {processor.py:914} INFO - Processing file /home/airflow/.local/lib/python3.12/site-packages/airflow/example_dags/example_skip_dag.py for tasks to queue
[2025-03-31T07:11:33.448+0000] {logging_mixin.py:190} INFO - [2025-03-31T07:11:33.448+0000] {dagbag.py:588} INFO - Filling up the DagBag from /home/airflow/.local/lib/python3.12/site-packages/airflow/example_dags/example_skip_dag.py
[2025-03-31T07:11:33.458+0000] {processor.py:925} INFO - DAG(s) 'example_skip_dag' retrieved from /home/airflow/.local/lib/python3.12/site-packages/airflow/example_dags/example_skip_dag.py
[2025-03-31T07:11:33.486+0000] {logging_mixin.py:190} INFO - [2025-03-31T07:11:33.485+0000] {dag.py:3239} INFO - Sync 1 DAGs
[2025-03-31T07:11:33.515+0000] {logging_mixin.py:190} INFO - [2025-03-31T07:11:33.515+0000] {dag.py:4180} INFO - Setting next_dagrun for example_skip_dag to 2025-03-30 00:00:00+00:00, run_after=2025-03-31 00:00:00+00:00
[2025-03-31T07:11:33.533+0000] {processor.py:208} INFO - Processing /home/airflow/.local/lib/python3.12/site-packages/airflow/example_dags/example_skip_dag.py took 0.095 seconds
[2025-03-31T07:12:03.867+0000] {processor.py:186} INFO - Started process (PID=12897) to work on /home/airflow/.local/lib/python3.12/site-packages/airflow/example_dags/example_skip_dag.py
[2025-03-31T07:12:03.868+0000] {processor.py:914} INFO - Processing file /home/airflow/.local/lib/python3.12/site-packages/airflow/example_dags/example_skip_dag.py for tasks to queue
[2025-03-31T07:12:03.871+0000] {logging_mixin.py:190} INFO - [2025-03-31T07:12:03.870+0000] {dagbag.py:588} INFO - Filling up the DagBag from /home/airflow/.local/lib/python3.12/site-packages/airflow/example_dags/example_skip_dag.py
[2025-03-31T07:12:03.879+0000] {processor.py:925} INFO - DAG(s) 'example_skip_dag' retrieved from /home/airflow/.local/lib/python3.12/site-packages/airflow/example_dags/example_skip_dag.py
[2025-03-31T07:12:03.901+0000] {logging_mixin.py:190} INFO - [2025-03-31T07:12:03.900+0000] {dag.py:3239} INFO - Sync 1 DAGs
[2025-03-31T07:12:03.926+0000] {logging_mixin.py:190} INFO - [2025-03-31T07:12:03.926+0000] {dag.py:4180} INFO - Setting next_dagrun for example_skip_dag to 2025-03-30 00:00:00+00:00, run_after=2025-03-31 00:00:00+00:00
[2025-03-31T07:12:03.945+0000] {processor.py:208} INFO - Processing /home/airflow/.local/lib/python3.12/site-packages/airflow/example_dags/example_skip_dag.py took 0.083 seconds
[2025-03-31T07:12:34.171+0000] {processor.py:186} INFO - Started process (PID=13188) to work on /home/airflow/.local/lib/python3.12/site-packages/airflow/example_dags/example_skip_dag.py
[2025-03-31T07:12:34.172+0000] {processor.py:914} INFO - Processing file /home/airflow/.local/lib/python3.12/site-packages/airflow/example_dags/example_skip_dag.py for tasks to queue
[2025-03-31T07:12:34.175+0000] {logging_mixin.py:190} INFO - [2025-03-31T07:12:34.175+0000] {dagbag.py:588} INFO - Filling up the DagBag from /home/airflow/.local/lib/python3.12/site-packages/airflow/example_dags/example_skip_dag.py
[2025-03-31T07:12:34.189+0000] {processor.py:925} INFO - DAG(s) 'example_skip_dag' retrieved from /home/airflow/.local/lib/python3.12/site-packages/airflow/example_dags/example_skip_dag.py
[2025-03-31T07:12:34.219+0000] {logging_mixin.py:190} INFO - [2025-03-31T07:12:34.219+0000] {dag.py:3239} INFO - Sync 1 DAGs
[2025-03-31T07:12:34.247+0000] {logging_mixin.py:190} INFO - [2025-03-31T07:12:34.247+0000] {dag.py:4180} INFO - Setting next_dagrun for example_skip_dag to 2025-03-30 00:00:00+00:00, run_after=2025-03-31 00:00:00+00:00
[2025-03-31T07:12:34.268+0000] {processor.py:208} INFO - Processing /home/airflow/.local/lib/python3.12/site-packages/airflow/example_dags/example_skip_dag.py took 0.105 seconds
[2025-03-31T07:13:04.496+0000] {processor.py:186} INFO - Started process (PID=13479) to work on /home/airflow/.local/lib/python3.12/site-packages/airflow/example_dags/example_skip_dag.py
[2025-03-31T07:13:04.497+0000] {processor.py:914} INFO - Processing file /home/airflow/.local/lib/python3.12/site-packages/airflow/example_dags/example_skip_dag.py for tasks to queue
[2025-03-31T07:13:04.500+0000] {logging_mixin.py:190} INFO - [2025-03-31T07:13:04.499+0000] {dagbag.py:588} INFO - Filling up the DagBag from /home/airflow/.local/lib/python3.12/site-packages/airflow/example_dags/example_skip_dag.py
[2025-03-31T07:13:04.508+0000] {processor.py:925} INFO - DAG(s) 'example_skip_dag' retrieved from /home/airflow/.local/lib/python3.12/site-packages/airflow/example_dags/example_skip_dag.py
[2025-03-31T07:13:04.530+0000] {logging_mixin.py:190} INFO - [2025-03-31T07:13:04.530+0000] {dag.py:3239} INFO - Sync 1 DAGs
[2025-03-31T07:13:04.554+0000] {logging_mixin.py:190} INFO - [2025-03-31T07:13:04.554+0000] {dag.py:4180} INFO - Setting next_dagrun for example_skip_dag to 2025-03-30 00:00:00+00:00, run_after=2025-03-31 00:00:00+00:00
[2025-03-31T07:13:04.572+0000] {processor.py:208} INFO - Processing /home/airflow/.local/lib/python3.12/site-packages/airflow/example_dags/example_skip_dag.py took 0.083 seconds
[2025-03-31T07:13:35.327+0000] {processor.py:186} INFO - Started process (PID=13770) to work on /home/airflow/.local/lib/python3.12/site-packages/airflow/example_dags/example_skip_dag.py
[2025-03-31T07:13:35.328+0000] {processor.py:914} INFO - Processing file /home/airflow/.local/lib/python3.12/site-packages/airflow/example_dags/example_skip_dag.py for tasks to queue
[2025-03-31T07:13:35.330+0000] {logging_mixin.py:190} INFO - [2025-03-31T07:13:35.330+0000] {dagbag.py:588} INFO - Filling up the DagBag from /home/airflow/.local/lib/python3.12/site-packages/airflow/example_dags/example_skip_dag.py
[2025-03-31T07:13:35.339+0000] {processor.py:925} INFO - DAG(s) 'example_skip_dag' retrieved from /home/airflow/.local/lib/python3.12/site-packages/airflow/example_dags/example_skip_dag.py
[2025-03-31T07:13:35.361+0000] {logging_mixin.py:190} INFO - [2025-03-31T07:13:35.361+0000] {dag.py:3239} INFO - Sync 1 DAGs
[2025-03-31T07:13:35.385+0000] {logging_mixin.py:190} INFO - [2025-03-31T07:13:35.385+0000] {dag.py:4180} INFO - Setting next_dagrun for example_skip_dag to 2025-03-30 00:00:00+00:00, run_after=2025-03-31 00:00:00+00:00
[2025-03-31T07:13:35.404+0000] {processor.py:208} INFO - Processing /home/airflow/.local/lib/python3.12/site-packages/airflow/example_dags/example_skip_dag.py took 0.084 seconds
[2025-03-31T07:14:05.748+0000] {processor.py:186} INFO - Started process (PID=14063) to work on /home/airflow/.local/lib/python3.12/site-packages/airflow/example_dags/example_skip_dag.py
[2025-03-31T07:14:05.749+0000] {processor.py:914} INFO - Processing file /home/airflow/.local/lib/python3.12/site-packages/airflow/example_dags/example_skip_dag.py for tasks to queue
[2025-03-31T07:14:05.751+0000] {logging_mixin.py:190} INFO - [2025-03-31T07:14:05.751+0000] {dagbag.py:588} INFO - Filling up the DagBag from /home/airflow/.local/lib/python3.12/site-packages/airflow/example_dags/example_skip_dag.py
[2025-03-31T07:14:05.760+0000] {processor.py:925} INFO - DAG(s) 'example_skip_dag' retrieved from /home/airflow/.local/lib/python3.12/site-packages/airflow/example_dags/example_skip_dag.py
[2025-03-31T07:14:05.785+0000] {logging_mixin.py:190} INFO - [2025-03-31T07:14:05.785+0000] {dag.py:3239} INFO - Sync 1 DAGs
[2025-03-31T07:14:05.812+0000] {logging_mixin.py:190} INFO - [2025-03-31T07:14:05.812+0000] {dag.py:4180} INFO - Setting next_dagrun for example_skip_dag to 2025-03-30 00:00:00+00:00, run_after=2025-03-31 00:00:00+00:00
[2025-03-31T07:14:05.833+0000] {processor.py:208} INFO - Processing /home/airflow/.local/lib/python3.12/site-packages/airflow/example_dags/example_skip_dag.py took 0.091 seconds
[2025-03-31T07:14:36.018+0000] {processor.py:186} INFO - Started process (PID=14354) to work on /home/airflow/.local/lib/python3.12/site-packages/airflow/example_dags/example_skip_dag.py
[2025-03-31T07:14:36.019+0000] {processor.py:914} INFO - Processing file /home/airflow/.local/lib/python3.12/site-packages/airflow/example_dags/example_skip_dag.py for tasks to queue
[2025-03-31T07:14:36.022+0000] {logging_mixin.py:190} INFO - [2025-03-31T07:14:36.021+0000] {dagbag.py:588} INFO - Filling up the DagBag from /home/airflow/.local/lib/python3.12/site-packages/airflow/example_dags/example_skip_dag.py
[2025-03-31T07:14:36.033+0000] {processor.py:925} INFO - DAG(s) 'example_skip_dag' retrieved from /home/airflow/.local/lib/python3.12/site-packages/airflow/example_dags/example_skip_dag.py
[2025-03-31T07:14:36.062+0000] {logging_mixin.py:190} INFO - [2025-03-31T07:14:36.061+0000] {dag.py:3239} INFO - Sync 1 DAGs
[2025-03-31T07:14:36.093+0000] {logging_mixin.py:190} INFO - [2025-03-31T07:14:36.093+0000] {dag.py:4180} INFO - Setting next_dagrun for example_skip_dag to 2025-03-30 00:00:00+00:00, run_after=2025-03-31 00:00:00+00:00
[2025-03-31T07:14:36.117+0000] {processor.py:208} INFO - Processing /home/airflow/.local/lib/python3.12/site-packages/airflow/example_dags/example_skip_dag.py took 0.107 seconds
[2025-03-31T07:15:07.031+0000] {processor.py:186} INFO - Started process (PID=14645) to work on /home/airflow/.local/lib/python3.12/site-packages/airflow/example_dags/example_skip_dag.py
[2025-03-31T07:15:07.032+0000] {processor.py:914} INFO - Processing file /home/airflow/.local/lib/python3.12/site-packages/airflow/example_dags/example_skip_dag.py for tasks to queue
[2025-03-31T07:15:07.035+0000] {logging_mixin.py:190} INFO - [2025-03-31T07:15:07.034+0000] {dagbag.py:588} INFO - Filling up the DagBag from /home/airflow/.local/lib/python3.12/site-packages/airflow/example_dags/example_skip_dag.py
[2025-03-31T07:15:07.044+0000] {processor.py:925} INFO - DAG(s) 'example_skip_dag' retrieved from /home/airflow/.local/lib/python3.12/site-packages/airflow/example_dags/example_skip_dag.py
[2025-03-31T07:15:07.076+0000] {logging_mixin.py:190} INFO - [2025-03-31T07:15:07.076+0000] {dag.py:3239} INFO - Sync 1 DAGs
[2025-03-31T07:15:07.107+0000] {logging_mixin.py:190} INFO - [2025-03-31T07:15:07.106+0000] {dag.py:4180} INFO - Setting next_dagrun for example_skip_dag to 2025-03-30 00:00:00+00:00, run_after=2025-03-31 00:00:00+00:00
[2025-03-31T07:15:07.130+0000] {processor.py:208} INFO - Processing /home/airflow/.local/lib/python3.12/site-packages/airflow/example_dags/example_skip_dag.py took 0.108 seconds
[2025-03-31T07:15:37.204+0000] {processor.py:186} INFO - Started process (PID=14936) to work on /home/airflow/.local/lib/python3.12/site-packages/airflow/example_dags/example_skip_dag.py
[2025-03-31T07:15:37.205+0000] {processor.py:914} INFO - Processing file /home/airflow/.local/lib/python3.12/site-packages/airflow/example_dags/example_skip_dag.py for tasks to queue
[2025-03-31T07:15:37.208+0000] {logging_mixin.py:190} INFO - [2025-03-31T07:15:37.207+0000] {dagbag.py:588} INFO - Filling up the DagBag from /home/airflow/.local/lib/python3.12/site-packages/airflow/example_dags/example_skip_dag.py
[2025-03-31T07:15:37.221+0000] {processor.py:925} INFO - DAG(s) 'example_skip_dag' retrieved from /home/airflow/.local/lib/python3.12/site-packages/airflow/example_dags/example_skip_dag.py
[2025-03-31T07:15:37.250+0000] {logging_mixin.py:190} INFO - [2025-03-31T07:15:37.250+0000] {dag.py:3239} INFO - Sync 1 DAGs
[2025-03-31T07:15:37.277+0000] {logging_mixin.py:190} INFO - [2025-03-31T07:15:37.277+0000] {dag.py:4180} INFO - Setting next_dagrun for example_skip_dag to 2025-03-30 00:00:00+00:00, run_after=2025-03-31 00:00:00+00:00
[2025-03-31T07:15:37.298+0000] {processor.py:208} INFO - Processing /home/airflow/.local/lib/python3.12/site-packages/airflow/example_dags/example_skip_dag.py took 0.102 seconds
[2025-03-31T07:16:07.384+0000] {processor.py:186} INFO - Started process (PID=15227) to work on /home/airflow/.local/lib/python3.12/site-packages/airflow/example_dags/example_skip_dag.py
[2025-03-31T07:16:07.385+0000] {processor.py:914} INFO - Processing file /home/airflow/.local/lib/python3.12/site-packages/airflow/example_dags/example_skip_dag.py for tasks to queue
[2025-03-31T07:16:07.387+0000] {logging_mixin.py:190} INFO - [2025-03-31T07:16:07.387+0000] {dagbag.py:588} INFO - Filling up the DagBag from /home/airflow/.local/lib/python3.12/site-packages/airflow/example_dags/example_skip_dag.py
[2025-03-31T07:16:07.396+0000] {processor.py:925} INFO - DAG(s) 'example_skip_dag' retrieved from /home/airflow/.local/lib/python3.12/site-packages/airflow/example_dags/example_skip_dag.py
[2025-03-31T07:16:07.421+0000] {logging_mixin.py:190} INFO - [2025-03-31T07:16:07.421+0000] {dag.py:3239} INFO - Sync 1 DAGs
[2025-03-31T07:16:07.452+0000] {logging_mixin.py:190} INFO - [2025-03-31T07:16:07.452+0000] {dag.py:4180} INFO - Setting next_dagrun for example_skip_dag to 2025-03-30 00:00:00+00:00, run_after=2025-03-31 00:00:00+00:00
[2025-03-31T07:16:07.478+0000] {processor.py:208} INFO - Processing /home/airflow/.local/lib/python3.12/site-packages/airflow/example_dags/example_skip_dag.py took 0.101 seconds
[2025-03-31T07:16:37.767+0000] {processor.py:186} INFO - Started process (PID=15518) to work on /home/airflow/.local/lib/python3.12/site-packages/airflow/example_dags/example_skip_dag.py
[2025-03-31T07:16:37.768+0000] {processor.py:914} INFO - Processing file /home/airflow/.local/lib/python3.12/site-packages/airflow/example_dags/example_skip_dag.py for tasks to queue
[2025-03-31T07:16:37.770+0000] {logging_mixin.py:190} INFO - [2025-03-31T07:16:37.770+0000] {dagbag.py:588} INFO - Filling up the DagBag from /home/airflow/.local/lib/python3.12/site-packages/airflow/example_dags/example_skip_dag.py
[2025-03-31T07:16:37.778+0000] {processor.py:925} INFO - DAG(s) 'example_skip_dag' retrieved from /home/airflow/.local/lib/python3.12/site-packages/airflow/example_dags/example_skip_dag.py
[2025-03-31T07:16:37.802+0000] {logging_mixin.py:190} INFO - [2025-03-31T07:16:37.801+0000] {dag.py:3239} INFO - Sync 1 DAGs
[2025-03-31T07:16:37.825+0000] {logging_mixin.py:190} INFO - [2025-03-31T07:16:37.825+0000] {dag.py:4180} INFO - Setting next_dagrun for example_skip_dag to 2025-03-30 00:00:00+00:00, run_after=2025-03-31 00:00:00+00:00
[2025-03-31T07:16:37.843+0000] {processor.py:208} INFO - Processing /home/airflow/.local/lib/python3.12/site-packages/airflow/example_dags/example_skip_dag.py took 0.082 seconds
[2025-03-31T07:17:07.965+0000] {processor.py:186} INFO - Started process (PID=15809) to work on /home/airflow/.local/lib/python3.12/site-packages/airflow/example_dags/example_skip_dag.py
[2025-03-31T07:17:07.966+0000] {processor.py:914} INFO - Processing file /home/airflow/.local/lib/python3.12/site-packages/airflow/example_dags/example_skip_dag.py for tasks to queue
[2025-03-31T07:17:07.969+0000] {logging_mixin.py:190} INFO - [2025-03-31T07:17:07.969+0000] {dagbag.py:588} INFO - Filling up the DagBag from /home/airflow/.local/lib/python3.12/site-packages/airflow/example_dags/example_skip_dag.py
[2025-03-31T07:17:07.979+0000] {processor.py:925} INFO - DAG(s) 'example_skip_dag' retrieved from /home/airflow/.local/lib/python3.12/site-packages/airflow/example_dags/example_skip_dag.py
[2025-03-31T07:17:08.005+0000] {logging_mixin.py:190} INFO - [2025-03-31T07:17:08.004+0000] {dag.py:3239} INFO - Sync 1 DAGs
[2025-03-31T07:17:08.029+0000] {logging_mixin.py:190} INFO - [2025-03-31T07:17:08.029+0000] {dag.py:4180} INFO - Setting next_dagrun for example_skip_dag to 2025-03-30 00:00:00+00:00, run_after=2025-03-31 00:00:00+00:00
[2025-03-31T07:17:08.056+0000] {processor.py:208} INFO - Processing /home/airflow/.local/lib/python3.12/site-packages/airflow/example_dags/example_skip_dag.py took 0.099 seconds
[2025-03-31T07:17:38.201+0000] {processor.py:186} INFO - Started process (PID=16100) to work on /home/airflow/.local/lib/python3.12/site-packages/airflow/example_dags/example_skip_dag.py
[2025-03-31T07:17:38.202+0000] {processor.py:914} INFO - Processing file /home/airflow/.local/lib/python3.12/site-packages/airflow/example_dags/example_skip_dag.py for tasks to queue
[2025-03-31T07:17:38.205+0000] {logging_mixin.py:190} INFO - [2025-03-31T07:17:38.205+0000] {dagbag.py:588} INFO - Filling up the DagBag from /home/airflow/.local/lib/python3.12/site-packages/airflow/example_dags/example_skip_dag.py
[2025-03-31T07:17:38.217+0000] {processor.py:925} INFO - DAG(s) 'example_skip_dag' retrieved from /home/airflow/.local/lib/python3.12/site-packages/airflow/example_dags/example_skip_dag.py
[2025-03-31T07:17:38.246+0000] {logging_mixin.py:190} INFO - [2025-03-31T07:17:38.246+0000] {dag.py:3239} INFO - Sync 1 DAGs
[2025-03-31T07:17:38.280+0000] {logging_mixin.py:190} INFO - [2025-03-31T07:17:38.279+0000] {dag.py:4180} INFO - Setting next_dagrun for example_skip_dag to 2025-03-30 00:00:00+00:00, run_after=2025-03-31 00:00:00+00:00
[2025-03-31T07:17:38.304+0000] {processor.py:208} INFO - Processing /home/airflow/.local/lib/python3.12/site-packages/airflow/example_dags/example_skip_dag.py took 0.112 seconds
[2025-03-31T07:18:09.058+0000] {processor.py:186} INFO - Started process (PID=16391) to work on /home/airflow/.local/lib/python3.12/site-packages/airflow/example_dags/example_skip_dag.py
[2025-03-31T07:18:09.060+0000] {processor.py:914} INFO - Processing file /home/airflow/.local/lib/python3.12/site-packages/airflow/example_dags/example_skip_dag.py for tasks to queue
[2025-03-31T07:18:09.063+0000] {logging_mixin.py:190} INFO - [2025-03-31T07:18:09.062+0000] {dagbag.py:588} INFO - Filling up the DagBag from /home/airflow/.local/lib/python3.12/site-packages/airflow/example_dags/example_skip_dag.py
[2025-03-31T07:18:09.074+0000] {processor.py:925} INFO - DAG(s) 'example_skip_dag' retrieved from /home/airflow/.local/lib/python3.12/site-packages/airflow/example_dags/example_skip_dag.py
[2025-03-31T07:18:09.099+0000] {logging_mixin.py:190} INFO - [2025-03-31T07:18:09.099+0000] {dag.py:3239} INFO - Sync 1 DAGs
[2025-03-31T07:18:09.124+0000] {logging_mixin.py:190} INFO - [2025-03-31T07:18:09.124+0000] {dag.py:4180} INFO - Setting next_dagrun for example_skip_dag to 2025-03-30 00:00:00+00:00, run_after=2025-03-31 00:00:00+00:00
[2025-03-31T07:18:09.146+0000] {processor.py:208} INFO - Processing /home/airflow/.local/lib/python3.12/site-packages/airflow/example_dags/example_skip_dag.py took 0.094 seconds
[2025-03-31T07:18:39.694+0000] {processor.py:186} INFO - Started process (PID=16682) to work on /home/airflow/.local/lib/python3.12/site-packages/airflow/example_dags/example_skip_dag.py
[2025-03-31T07:18:39.696+0000] {processor.py:914} INFO - Processing file /home/airflow/.local/lib/python3.12/site-packages/airflow/example_dags/example_skip_dag.py for tasks to queue
[2025-03-31T07:18:39.699+0000] {logging_mixin.py:190} INFO - [2025-03-31T07:18:39.698+0000] {dagbag.py:588} INFO - Filling up the DagBag from /home/airflow/.local/lib/python3.12/site-packages/airflow/example_dags/example_skip_dag.py
[2025-03-31T07:18:39.710+0000] {processor.py:925} INFO - DAG(s) 'example_skip_dag' retrieved from /home/airflow/.local/lib/python3.12/site-packages/airflow/example_dags/example_skip_dag.py
[2025-03-31T07:18:39.737+0000] {logging_mixin.py:190} INFO - [2025-03-31T07:18:39.737+0000] {dag.py:3239} INFO - Sync 1 DAGs
[2025-03-31T07:18:39.763+0000] {logging_mixin.py:190} INFO - [2025-03-31T07:18:39.763+0000] {dag.py:4180} INFO - Setting next_dagrun for example_skip_dag to 2025-03-30 00:00:00+00:00, run_after=2025-03-31 00:00:00+00:00
[2025-03-31T07:18:39.783+0000] {processor.py:208} INFO - Processing /home/airflow/.local/lib/python3.12/site-packages/airflow/example_dags/example_skip_dag.py took 0.096 seconds
[2025-03-31T07:19:10.319+0000] {processor.py:186} INFO - Started process (PID=16973) to work on /home/airflow/.local/lib/python3.12/site-packages/airflow/example_dags/example_skip_dag.py
[2025-03-31T07:19:10.321+0000] {processor.py:914} INFO - Processing file /home/airflow/.local/lib/python3.12/site-packages/airflow/example_dags/example_skip_dag.py for tasks to queue
[2025-03-31T07:19:10.326+0000] {logging_mixin.py:190} INFO - [2025-03-31T07:19:10.325+0000] {dagbag.py:588} INFO - Filling up the DagBag from /home/airflow/.local/lib/python3.12/site-packages/airflow/example_dags/example_skip_dag.py
[2025-03-31T07:19:10.337+0000] {processor.py:925} INFO - DAG(s) 'example_skip_dag' retrieved from /home/airflow/.local/lib/python3.12/site-packages/airflow/example_dags/example_skip_dag.py
[2025-03-31T07:19:10.374+0000] {logging_mixin.py:190} INFO - [2025-03-31T07:19:10.374+0000] {dag.py:3239} INFO - Sync 1 DAGs
[2025-03-31T07:19:10.418+0000] {logging_mixin.py:190} INFO - [2025-03-31T07:19:10.418+0000] {dag.py:4180} INFO - Setting next_dagrun for example_skip_dag to 2025-03-30 00:00:00+00:00, run_after=2025-03-31 00:00:00+00:00
[2025-03-31T07:19:10.454+0000] {processor.py:208} INFO - Processing /home/airflow/.local/lib/python3.12/site-packages/airflow/example_dags/example_skip_dag.py took 0.143 seconds
[2025-03-31T07:19:41.103+0000] {processor.py:186} INFO - Started process (PID=17264) to work on /home/airflow/.local/lib/python3.12/site-packages/airflow/example_dags/example_skip_dag.py
[2025-03-31T07:19:41.104+0000] {processor.py:914} INFO - Processing file /home/airflow/.local/lib/python3.12/site-packages/airflow/example_dags/example_skip_dag.py for tasks to queue
[2025-03-31T07:19:41.107+0000] {logging_mixin.py:190} INFO - [2025-03-31T07:19:41.107+0000] {dagbag.py:588} INFO - Filling up the DagBag from /home/airflow/.local/lib/python3.12/site-packages/airflow/example_dags/example_skip_dag.py
[2025-03-31T07:19:41.119+0000] {processor.py:925} INFO - DAG(s) 'example_skip_dag' retrieved from /home/airflow/.local/lib/python3.12/site-packages/airflow/example_dags/example_skip_dag.py
[2025-03-31T07:19:41.153+0000] {logging_mixin.py:190} INFO - [2025-03-31T07:19:41.153+0000] {dag.py:3239} INFO - Sync 1 DAGs
[2025-03-31T07:19:41.188+0000] {logging_mixin.py:190} INFO - [2025-03-31T07:19:41.188+0000] {dag.py:4180} INFO - Setting next_dagrun for example_skip_dag to 2025-03-30 00:00:00+00:00, run_after=2025-03-31 00:00:00+00:00
[2025-03-31T07:19:41.217+0000] {processor.py:208} INFO - Processing /home/airflow/.local/lib/python3.12/site-packages/airflow/example_dags/example_skip_dag.py took 0.123 seconds
[2025-03-31T07:20:11.725+0000] {processor.py:186} INFO - Started process (PID=17555) to work on /home/airflow/.local/lib/python3.12/site-packages/airflow/example_dags/example_skip_dag.py
[2025-03-31T07:20:11.727+0000] {processor.py:914} INFO - Processing file /home/airflow/.local/lib/python3.12/site-packages/airflow/example_dags/example_skip_dag.py for tasks to queue
[2025-03-31T07:20:11.731+0000] {logging_mixin.py:190} INFO - [2025-03-31T07:20:11.730+0000] {dagbag.py:588} INFO - Filling up the DagBag from /home/airflow/.local/lib/python3.12/site-packages/airflow/example_dags/example_skip_dag.py
[2025-03-31T07:20:11.742+0000] {processor.py:925} INFO - DAG(s) 'example_skip_dag' retrieved from /home/airflow/.local/lib/python3.12/site-packages/airflow/example_dags/example_skip_dag.py
[2025-03-31T07:20:11.774+0000] {logging_mixin.py:190} INFO - [2025-03-31T07:20:11.774+0000] {dag.py:3239} INFO - Sync 1 DAGs
[2025-03-31T07:20:11.812+0000] {logging_mixin.py:190} INFO - [2025-03-31T07:20:11.812+0000] {dag.py:4180} INFO - Setting next_dagrun for example_skip_dag to 2025-03-30 00:00:00+00:00, run_after=2025-03-31 00:00:00+00:00
[2025-03-31T07:20:11.839+0000] {processor.py:208} INFO - Processing /home/airflow/.local/lib/python3.12/site-packages/airflow/example_dags/example_skip_dag.py took 0.121 seconds
[2025-03-31T07:20:42.253+0000] {processor.py:186} INFO - Started process (PID=17845) to work on /home/airflow/.local/lib/python3.12/site-packages/airflow/example_dags/example_skip_dag.py
[2025-03-31T07:20:42.255+0000] {processor.py:914} INFO - Processing file /home/airflow/.local/lib/python3.12/site-packages/airflow/example_dags/example_skip_dag.py for tasks to queue
[2025-03-31T07:20:42.261+0000] {logging_mixin.py:190} INFO - [2025-03-31T07:20:42.259+0000] {dagbag.py:588} INFO - Filling up the DagBag from /home/airflow/.local/lib/python3.12/site-packages/airflow/example_dags/example_skip_dag.py
[2025-03-31T07:20:42.274+0000] {processor.py:925} INFO - DAG(s) 'example_skip_dag' retrieved from /home/airflow/.local/lib/python3.12/site-packages/airflow/example_dags/example_skip_dag.py
[2025-03-31T07:20:42.306+0000] {logging_mixin.py:190} INFO - [2025-03-31T07:20:42.306+0000] {dag.py:3239} INFO - Sync 1 DAGs
[2025-03-31T07:20:42.340+0000] {logging_mixin.py:190} INFO - [2025-03-31T07:20:42.340+0000] {dag.py:4180} INFO - Setting next_dagrun for example_skip_dag to 2025-03-30 00:00:00+00:00, run_after=2025-03-31 00:00:00+00:00
[2025-03-31T07:20:42.371+0000] {processor.py:208} INFO - Processing /home/airflow/.local/lib/python3.12/site-packages/airflow/example_dags/example_skip_dag.py took 0.130 seconds
[2025-03-31T07:21:12.424+0000] {processor.py:186} INFO - Started process (PID=18136) to work on /home/airflow/.local/lib/python3.12/site-packages/airflow/example_dags/example_skip_dag.py
[2025-03-31T07:21:12.426+0000] {processor.py:914} INFO - Processing file /home/airflow/.local/lib/python3.12/site-packages/airflow/example_dags/example_skip_dag.py for tasks to queue
[2025-03-31T07:21:12.431+0000] {logging_mixin.py:190} INFO - [2025-03-31T07:21:12.431+0000] {dagbag.py:588} INFO - Filling up the DagBag from /home/airflow/.local/lib/python3.12/site-packages/airflow/example_dags/example_skip_dag.py
[2025-03-31T07:21:12.447+0000] {processor.py:925} INFO - DAG(s) 'example_skip_dag' retrieved from /home/airflow/.local/lib/python3.12/site-packages/airflow/example_dags/example_skip_dag.py
[2025-03-31T07:21:12.482+0000] {logging_mixin.py:190} INFO - [2025-03-31T07:21:12.482+0000] {dag.py:3239} INFO - Sync 1 DAGs
[2025-03-31T07:21:12.521+0000] {logging_mixin.py:190} INFO - [2025-03-31T07:21:12.521+0000] {dag.py:4180} INFO - Setting next_dagrun for example_skip_dag to 2025-03-30 00:00:00+00:00, run_after=2025-03-31 00:00:00+00:00
[2025-03-31T07:21:12.553+0000] {processor.py:208} INFO - Processing /home/airflow/.local/lib/python3.12/site-packages/airflow/example_dags/example_skip_dag.py took 0.137 seconds
[2025-03-31T07:21:42.687+0000] {processor.py:186} INFO - Started process (PID=18427) to work on /home/airflow/.local/lib/python3.12/site-packages/airflow/example_dags/example_skip_dag.py
[2025-03-31T07:21:42.688+0000] {processor.py:914} INFO - Processing file /home/airflow/.local/lib/python3.12/site-packages/airflow/example_dags/example_skip_dag.py for tasks to queue
[2025-03-31T07:21:42.691+0000] {logging_mixin.py:190} INFO - [2025-03-31T07:21:42.690+0000] {dagbag.py:588} INFO - Filling up the DagBag from /home/airflow/.local/lib/python3.12/site-packages/airflow/example_dags/example_skip_dag.py
[2025-03-31T07:21:42.704+0000] {processor.py:925} INFO - DAG(s) 'example_skip_dag' retrieved from /home/airflow/.local/lib/python3.12/site-packages/airflow/example_dags/example_skip_dag.py
[2025-03-31T07:21:42.737+0000] {logging_mixin.py:190} INFO - [2025-03-31T07:21:42.737+0000] {dag.py:3239} INFO - Sync 1 DAGs
[2025-03-31T07:21:42.771+0000] {logging_mixin.py:190} INFO - [2025-03-31T07:21:42.771+0000] {dag.py:4180} INFO - Setting next_dagrun for example_skip_dag to 2025-03-30 00:00:00+00:00, run_after=2025-03-31 00:00:00+00:00
[2025-03-31T07:21:42.799+0000] {processor.py:208} INFO - Processing /home/airflow/.local/lib/python3.12/site-packages/airflow/example_dags/example_skip_dag.py took 0.123 seconds
[2025-03-31T07:22:13.642+0000] {processor.py:186} INFO - Started process (PID=18718) to work on /home/airflow/.local/lib/python3.12/site-packages/airflow/example_dags/example_skip_dag.py
[2025-03-31T07:22:13.644+0000] {processor.py:914} INFO - Processing file /home/airflow/.local/lib/python3.12/site-packages/airflow/example_dags/example_skip_dag.py for tasks to queue
[2025-03-31T07:22:13.649+0000] {logging_mixin.py:190} INFO - [2025-03-31T07:22:13.648+0000] {dagbag.py:588} INFO - Filling up the DagBag from /home/airflow/.local/lib/python3.12/site-packages/airflow/example_dags/example_skip_dag.py
[2025-03-31T07:22:13.660+0000] {processor.py:925} INFO - DAG(s) 'example_skip_dag' retrieved from /home/airflow/.local/lib/python3.12/site-packages/airflow/example_dags/example_skip_dag.py
[2025-03-31T07:22:13.697+0000] {logging_mixin.py:190} INFO - [2025-03-31T07:22:13.697+0000] {dag.py:3239} INFO - Sync 1 DAGs
[2025-03-31T07:22:13.732+0000] {logging_mixin.py:190} INFO - [2025-03-31T07:22:13.732+0000] {dag.py:4180} INFO - Setting next_dagrun for example_skip_dag to 2025-03-30 00:00:00+00:00, run_after=2025-03-31 00:00:00+00:00
[2025-03-31T07:22:13.760+0000] {processor.py:208} INFO - Processing /home/airflow/.local/lib/python3.12/site-packages/airflow/example_dags/example_skip_dag.py took 0.126 seconds
[2025-03-31T07:22:43.966+0000] {processor.py:186} INFO - Started process (PID=19009) to work on /home/airflow/.local/lib/python3.12/site-packages/airflow/example_dags/example_skip_dag.py
[2025-03-31T07:22:43.967+0000] {processor.py:914} INFO - Processing file /home/airflow/.local/lib/python3.12/site-packages/airflow/example_dags/example_skip_dag.py for tasks to queue
[2025-03-31T07:22:43.970+0000] {logging_mixin.py:190} INFO - [2025-03-31T07:22:43.969+0000] {dagbag.py:588} INFO - Filling up the DagBag from /home/airflow/.local/lib/python3.12/site-packages/airflow/example_dags/example_skip_dag.py
[2025-03-31T07:22:43.985+0000] {processor.py:925} INFO - DAG(s) 'example_skip_dag' retrieved from /home/airflow/.local/lib/python3.12/site-packages/airflow/example_dags/example_skip_dag.py
[2025-03-31T07:22:44.020+0000] {logging_mixin.py:190} INFO - [2025-03-31T07:22:44.019+0000] {dag.py:3239} INFO - Sync 1 DAGs
[2025-03-31T07:22:44.054+0000] {logging_mixin.py:190} INFO - [2025-03-31T07:22:44.054+0000] {dag.py:4180} INFO - Setting next_dagrun for example_skip_dag to 2025-03-30 00:00:00+00:00, run_after=2025-03-31 00:00:00+00:00
[2025-03-31T07:22:44.082+0000] {processor.py:208} INFO - Processing /home/airflow/.local/lib/python3.12/site-packages/airflow/example_dags/example_skip_dag.py took 0.126 seconds
[2025-03-31T07:23:14.293+0000] {processor.py:186} INFO - Started process (PID=19299) to work on /home/airflow/.local/lib/python3.12/site-packages/airflow/example_dags/example_skip_dag.py
[2025-03-31T07:23:14.294+0000] {processor.py:914} INFO - Processing file /home/airflow/.local/lib/python3.12/site-packages/airflow/example_dags/example_skip_dag.py for tasks to queue
[2025-03-31T07:23:14.297+0000] {logging_mixin.py:190} INFO - [2025-03-31T07:23:14.297+0000] {dagbag.py:588} INFO - Filling up the DagBag from /home/airflow/.local/lib/python3.12/site-packages/airflow/example_dags/example_skip_dag.py
[2025-03-31T07:23:14.308+0000] {processor.py:925} INFO - DAG(s) 'example_skip_dag' retrieved from /home/airflow/.local/lib/python3.12/site-packages/airflow/example_dags/example_skip_dag.py
[2025-03-31T07:23:14.333+0000] {logging_mixin.py:190} INFO - [2025-03-31T07:23:14.332+0000] {dag.py:3239} INFO - Sync 1 DAGs
[2025-03-31T07:23:14.359+0000] {logging_mixin.py:190} INFO - [2025-03-31T07:23:14.358+0000] {dag.py:4180} INFO - Setting next_dagrun for example_skip_dag to 2025-03-30 00:00:00+00:00, run_after=2025-03-31 00:00:00+00:00
[2025-03-31T07:23:14.381+0000] {processor.py:208} INFO - Processing /home/airflow/.local/lib/python3.12/site-packages/airflow/example_dags/example_skip_dag.py took 0.095 seconds
[2025-03-31T07:23:44.857+0000] {processor.py:186} INFO - Started process (PID=19596) to work on /home/airflow/.local/lib/python3.12/site-packages/airflow/example_dags/example_skip_dag.py
[2025-03-31T07:23:44.858+0000] {processor.py:914} INFO - Processing file /home/airflow/.local/lib/python3.12/site-packages/airflow/example_dags/example_skip_dag.py for tasks to queue
[2025-03-31T07:23:44.861+0000] {logging_mixin.py:190} INFO - [2025-03-31T07:23:44.861+0000] {dagbag.py:588} INFO - Filling up the DagBag from /home/airflow/.local/lib/python3.12/site-packages/airflow/example_dags/example_skip_dag.py
[2025-03-31T07:23:44.871+0000] {processor.py:925} INFO - DAG(s) 'example_skip_dag' retrieved from /home/airflow/.local/lib/python3.12/site-packages/airflow/example_dags/example_skip_dag.py
[2025-03-31T07:23:44.899+0000] {logging_mixin.py:190} INFO - [2025-03-31T07:23:44.899+0000] {dag.py:3239} INFO - Sync 1 DAGs
[2025-03-31T07:23:44.938+0000] {logging_mixin.py:190} INFO - [2025-03-31T07:23:44.937+0000] {dag.py:4180} INFO - Setting next_dagrun for example_skip_dag to 2025-03-30 00:00:00+00:00, run_after=2025-03-31 00:00:00+00:00
[2025-03-31T07:23:44.964+0000] {processor.py:208} INFO - Processing /home/airflow/.local/lib/python3.12/site-packages/airflow/example_dags/example_skip_dag.py took 0.113 seconds
[2025-03-31T07:24:15.229+0000] {processor.py:186} INFO - Started process (PID=19887) to work on /home/airflow/.local/lib/python3.12/site-packages/airflow/example_dags/example_skip_dag.py
[2025-03-31T07:24:15.230+0000] {processor.py:914} INFO - Processing file /home/airflow/.local/lib/python3.12/site-packages/airflow/example_dags/example_skip_dag.py for tasks to queue
[2025-03-31T07:24:15.233+0000] {logging_mixin.py:190} INFO - [2025-03-31T07:24:15.232+0000] {dagbag.py:588} INFO - Filling up the DagBag from /home/airflow/.local/lib/python3.12/site-packages/airflow/example_dags/example_skip_dag.py
[2025-03-31T07:24:15.243+0000] {processor.py:925} INFO - DAG(s) 'example_skip_dag' retrieved from /home/airflow/.local/lib/python3.12/site-packages/airflow/example_dags/example_skip_dag.py
[2025-03-31T07:24:15.268+0000] {logging_mixin.py:190} INFO - [2025-03-31T07:24:15.268+0000] {dag.py:3239} INFO - Sync 1 DAGs
[2025-03-31T07:24:15.292+0000] {logging_mixin.py:190} INFO - [2025-03-31T07:24:15.292+0000] {dag.py:4180} INFO - Setting next_dagrun for example_skip_dag to 2025-03-30 00:00:00+00:00, run_after=2025-03-31 00:00:00+00:00
[2025-03-31T07:24:15.314+0000] {processor.py:208} INFO - Processing /home/airflow/.local/lib/python3.12/site-packages/airflow/example_dags/example_skip_dag.py took 0.092 seconds
[2025-03-31T07:24:45.688+0000] {processor.py:186} INFO - Started process (PID=20178) to work on /home/airflow/.local/lib/python3.12/site-packages/airflow/example_dags/example_skip_dag.py
[2025-03-31T07:24:45.689+0000] {processor.py:914} INFO - Processing file /home/airflow/.local/lib/python3.12/site-packages/airflow/example_dags/example_skip_dag.py for tasks to queue
[2025-03-31T07:24:45.692+0000] {logging_mixin.py:190} INFO - [2025-03-31T07:24:45.691+0000] {dagbag.py:588} INFO - Filling up the DagBag from /home/airflow/.local/lib/python3.12/site-packages/airflow/example_dags/example_skip_dag.py
[2025-03-31T07:24:45.702+0000] {processor.py:925} INFO - DAG(s) 'example_skip_dag' retrieved from /home/airflow/.local/lib/python3.12/site-packages/airflow/example_dags/example_skip_dag.py
[2025-03-31T07:24:45.729+0000] {logging_mixin.py:190} INFO - [2025-03-31T07:24:45.729+0000] {dag.py:3239} INFO - Sync 1 DAGs
[2025-03-31T07:24:45.755+0000] {logging_mixin.py:190} INFO - [2025-03-31T07:24:45.755+0000] {dag.py:4180} INFO - Setting next_dagrun for example_skip_dag to 2025-03-30 00:00:00+00:00, run_after=2025-03-31 00:00:00+00:00
[2025-03-31T07:24:45.776+0000] {processor.py:208} INFO - Processing /home/airflow/.local/lib/python3.12/site-packages/airflow/example_dags/example_skip_dag.py took 0.096 seconds
[2025-03-31T07:25:16.578+0000] {processor.py:186} INFO - Started process (PID=20469) to work on /home/airflow/.local/lib/python3.12/site-packages/airflow/example_dags/example_skip_dag.py
[2025-03-31T07:25:16.579+0000] {processor.py:914} INFO - Processing file /home/airflow/.local/lib/python3.12/site-packages/airflow/example_dags/example_skip_dag.py for tasks to queue
[2025-03-31T07:25:16.582+0000] {logging_mixin.py:190} INFO - [2025-03-31T07:25:16.581+0000] {dagbag.py:588} INFO - Filling up the DagBag from /home/airflow/.local/lib/python3.12/site-packages/airflow/example_dags/example_skip_dag.py
[2025-03-31T07:25:16.592+0000] {processor.py:925} INFO - DAG(s) 'example_skip_dag' retrieved from /home/airflow/.local/lib/python3.12/site-packages/airflow/example_dags/example_skip_dag.py
[2025-03-31T07:25:16.619+0000] {logging_mixin.py:190} INFO - [2025-03-31T07:25:16.619+0000] {dag.py:3239} INFO - Sync 1 DAGs
[2025-03-31T07:25:16.645+0000] {logging_mixin.py:190} INFO - [2025-03-31T07:25:16.644+0000] {dag.py:4180} INFO - Setting next_dagrun for example_skip_dag to 2025-03-30 00:00:00+00:00, run_after=2025-03-31 00:00:00+00:00
[2025-03-31T07:25:16.666+0000] {processor.py:208} INFO - Processing /home/airflow/.local/lib/python3.12/site-packages/airflow/example_dags/example_skip_dag.py took 0.096 seconds
