[2025-03-31T06:47:37.591+0000] {processor.py:186} INFO - Started process (PID=339) to work on /home/airflow/.local/lib/python3.12/site-packages/airflow/example_dags/example_sensors.py
[2025-03-31T06:47:37.592+0000] {processor.py:914} INFO - Processing file /home/airflow/.local/lib/python3.12/site-packages/airflow/example_dags/example_sensors.py for tasks to queue
[2025-03-31T06:47:37.595+0000] {logging_mixin.py:190} INFO - [2025-03-31T06:47:37.595+0000] {dagbag.py:588} INFO - Filling up the DagBag from /home/airflow/.local/lib/python3.12/site-packages/airflow/example_dags/example_sensors.py
[2025-03-31T06:47:37.612+0000] {processor.py:925} INFO - DAG(s) 'example_sensors' retrieved from /home/airflow/.local/lib/python3.12/site-packages/airflow/example_dags/example_sensors.py
[2025-03-31T06:47:37.806+0000] {logging_mixin.py:190} INFO - [2025-03-31T06:47:37.805+0000] {override.py:1912} INFO - Created Permission View: can read on DAG:example_sensors
[2025-03-31T06:47:37.825+0000] {logging_mixin.py:190} INFO - [2025-03-31T06:47:37.824+0000] {override.py:1912} INFO - Created Permission View: can delete on DAG:example_sensors
[2025-03-31T06:47:37.874+0000] {logging_mixin.py:190} INFO - [2025-03-31T06:47:37.874+0000] {override.py:1912} INFO - Created Permission View: can edit on DAG:example_sensors
[2025-03-31T06:47:37.891+0000] {logging_mixin.py:190} INFO - [2025-03-31T06:47:37.890+0000] {override.py:1912} INFO - Created Permission View: can read on DAG Run:example_sensors
[2025-03-31T06:47:37.904+0000] {logging_mixin.py:190} INFO - [2025-03-31T06:47:37.904+0000] {override.py:1912} INFO - Created Permission View: can delete on DAG Run:example_sensors
[2025-03-31T06:47:37.914+0000] {logging_mixin.py:190} INFO - [2025-03-31T06:47:37.913+0000] {override.py:1912} INFO - Created Permission View: menu access on DAG Run:example_sensors
[2025-03-31T06:47:37.922+0000] {logging_mixin.py:190} INFO - [2025-03-31T06:47:37.922+0000] {override.py:1912} INFO - Created Permission View: can create on DAG Run:example_sensors
[2025-03-31T06:47:37.923+0000] {logging_mixin.py:190} INFO - [2025-03-31T06:47:37.922+0000] {dag.py:3239} INFO - Sync 1 DAGs
[2025-03-31T06:47:37.944+0000] {logging_mixin.py:190} INFO - [2025-03-31T06:47:37.944+0000] {dag.py:3262} INFO - Creating ORM DAG for example_sensors
[2025-03-31T06:47:37.946+0000] {logging_mixin.py:190} INFO - [2025-03-31T06:47:37.945+0000] {dag.py:4180} INFO - Setting next_dagrun for example_sensors to None, run_after=None
[2025-03-31T06:47:37.973+0000] {processor.py:208} INFO - Processing /home/airflow/.local/lib/python3.12/site-packages/airflow/example_dags/example_sensors.py took 0.390 seconds
[2025-03-31T06:48:08.109+0000] {processor.py:186} INFO - Started process (PID=627) to work on /home/airflow/.local/lib/python3.12/site-packages/airflow/example_dags/example_sensors.py
[2025-03-31T06:48:08.110+0000] {processor.py:914} INFO - Processing file /home/airflow/.local/lib/python3.12/site-packages/airflow/example_dags/example_sensors.py for tasks to queue
[2025-03-31T06:48:08.113+0000] {logging_mixin.py:190} INFO - [2025-03-31T06:48:08.113+0000] {dagbag.py:588} INFO - Filling up the DagBag from /home/airflow/.local/lib/python3.12/site-packages/airflow/example_dags/example_sensors.py
[2025-03-31T06:48:08.126+0000] {processor.py:925} INFO - DAG(s) 'example_sensors' retrieved from /home/airflow/.local/lib/python3.12/site-packages/airflow/example_dags/example_sensors.py
[2025-03-31T06:48:08.159+0000] {logging_mixin.py:190} INFO - [2025-03-31T06:48:08.159+0000] {dag.py:3239} INFO - Sync 1 DAGs
[2025-03-31T06:48:08.178+0000] {logging_mixin.py:190} INFO - [2025-03-31T06:48:08.178+0000] {dag.py:4180} INFO - Setting next_dagrun for example_sensors to None, run_after=None
[2025-03-31T06:48:08.203+0000] {processor.py:208} INFO - Processing /home/airflow/.local/lib/python3.12/site-packages/airflow/example_dags/example_sensors.py took 0.101 seconds
[2025-03-31T06:48:38.698+0000] {processor.py:186} INFO - Started process (PID=916) to work on /home/airflow/.local/lib/python3.12/site-packages/airflow/example_dags/example_sensors.py
[2025-03-31T06:48:38.699+0000] {processor.py:914} INFO - Processing file /home/airflow/.local/lib/python3.12/site-packages/airflow/example_dags/example_sensors.py for tasks to queue
[2025-03-31T06:48:38.701+0000] {logging_mixin.py:190} INFO - [2025-03-31T06:48:38.701+0000] {dagbag.py:588} INFO - Filling up the DagBag from /home/airflow/.local/lib/python3.12/site-packages/airflow/example_dags/example_sensors.py
[2025-03-31T06:48:38.713+0000] {processor.py:925} INFO - DAG(s) 'example_sensors' retrieved from /home/airflow/.local/lib/python3.12/site-packages/airflow/example_dags/example_sensors.py
[2025-03-31T06:48:38.741+0000] {logging_mixin.py:190} INFO - [2025-03-31T06:48:38.741+0000] {dag.py:3239} INFO - Sync 1 DAGs
[2025-03-31T06:48:38.755+0000] {logging_mixin.py:190} INFO - [2025-03-31T06:48:38.755+0000] {dag.py:4180} INFO - Setting next_dagrun for example_sensors to None, run_after=None
[2025-03-31T06:48:38.778+0000] {processor.py:208} INFO - Processing /home/airflow/.local/lib/python3.12/site-packages/airflow/example_dags/example_sensors.py took 0.086 seconds
[2025-03-31T06:49:41.638+0000] {processor.py:186} INFO - Started process (PID=342) to work on /home/airflow/.local/lib/python3.12/site-packages/airflow/example_dags/example_sensors.py
[2025-03-31T06:49:41.639+0000] {processor.py:914} INFO - Processing file /home/airflow/.local/lib/python3.12/site-packages/airflow/example_dags/example_sensors.py for tasks to queue
[2025-03-31T06:49:41.642+0000] {logging_mixin.py:190} INFO - [2025-03-31T06:49:41.642+0000] {dagbag.py:588} INFO - Filling up the DagBag from /home/airflow/.local/lib/python3.12/site-packages/airflow/example_dags/example_sensors.py
[2025-03-31T06:49:41.656+0000] {processor.py:925} INFO - DAG(s) 'example_sensors' retrieved from /home/airflow/.local/lib/python3.12/site-packages/airflow/example_dags/example_sensors.py
[2025-03-31T06:49:41.688+0000] {logging_mixin.py:190} INFO - [2025-03-31T06:49:41.687+0000] {dag.py:3239} INFO - Sync 1 DAGs
[2025-03-31T06:49:41.705+0000] {logging_mixin.py:190} INFO - [2025-03-31T06:49:41.705+0000] {dag.py:4180} INFO - Setting next_dagrun for example_sensors to None, run_after=None
[2025-03-31T06:49:41.727+0000] {processor.py:208} INFO - Processing /home/airflow/.local/lib/python3.12/site-packages/airflow/example_dags/example_sensors.py took 0.095 seconds
[2025-03-31T06:50:12.713+0000] {processor.py:186} INFO - Started process (PID=631) to work on /home/airflow/.local/lib/python3.12/site-packages/airflow/example_dags/example_sensors.py
[2025-03-31T06:50:12.714+0000] {processor.py:914} INFO - Processing file /home/airflow/.local/lib/python3.12/site-packages/airflow/example_dags/example_sensors.py for tasks to queue
[2025-03-31T06:50:12.716+0000] {logging_mixin.py:190} INFO - [2025-03-31T06:50:12.716+0000] {dagbag.py:588} INFO - Filling up the DagBag from /home/airflow/.local/lib/python3.12/site-packages/airflow/example_dags/example_sensors.py
[2025-03-31T06:50:12.726+0000] {processor.py:925} INFO - DAG(s) 'example_sensors' retrieved from /home/airflow/.local/lib/python3.12/site-packages/airflow/example_dags/example_sensors.py
[2025-03-31T06:50:12.760+0000] {logging_mixin.py:190} INFO - [2025-03-31T06:50:12.759+0000] {dag.py:3239} INFO - Sync 1 DAGs
[2025-03-31T06:50:12.775+0000] {logging_mixin.py:190} INFO - [2025-03-31T06:50:12.775+0000] {dag.py:4180} INFO - Setting next_dagrun for example_sensors to None, run_after=None
[2025-03-31T06:50:12.793+0000] {processor.py:208} INFO - Processing /home/airflow/.local/lib/python3.12/site-packages/airflow/example_dags/example_sensors.py took 0.086 seconds
[2025-03-31T06:50:43.736+0000] {processor.py:186} INFO - Started process (PID=922) to work on /home/airflow/.local/lib/python3.12/site-packages/airflow/example_dags/example_sensors.py
[2025-03-31T06:50:43.737+0000] {processor.py:914} INFO - Processing file /home/airflow/.local/lib/python3.12/site-packages/airflow/example_dags/example_sensors.py for tasks to queue
[2025-03-31T06:50:43.739+0000] {logging_mixin.py:190} INFO - [2025-03-31T06:50:43.739+0000] {dagbag.py:588} INFO - Filling up the DagBag from /home/airflow/.local/lib/python3.12/site-packages/airflow/example_dags/example_sensors.py
[2025-03-31T06:50:43.750+0000] {processor.py:925} INFO - DAG(s) 'example_sensors' retrieved from /home/airflow/.local/lib/python3.12/site-packages/airflow/example_dags/example_sensors.py
[2025-03-31T06:50:43.779+0000] {logging_mixin.py:190} INFO - [2025-03-31T06:50:43.779+0000] {dag.py:3239} INFO - Sync 1 DAGs
[2025-03-31T06:50:43.793+0000] {logging_mixin.py:190} INFO - [2025-03-31T06:50:43.793+0000] {dag.py:4180} INFO - Setting next_dagrun for example_sensors to None, run_after=None
[2025-03-31T06:50:43.812+0000] {processor.py:208} INFO - Processing /home/airflow/.local/lib/python3.12/site-packages/airflow/example_dags/example_sensors.py took 0.083 seconds
[2025-03-31T06:51:15.318+0000] {processor.py:186} INFO - Started process (PID=1213) to work on /home/airflow/.local/lib/python3.12/site-packages/airflow/example_dags/example_sensors.py
[2025-03-31T06:51:15.320+0000] {processor.py:914} INFO - Processing file /home/airflow/.local/lib/python3.12/site-packages/airflow/example_dags/example_sensors.py for tasks to queue
[2025-03-31T06:51:15.324+0000] {logging_mixin.py:190} INFO - [2025-03-31T06:51:15.323+0000] {dagbag.py:588} INFO - Filling up the DagBag from /home/airflow/.local/lib/python3.12/site-packages/airflow/example_dags/example_sensors.py
[2025-03-31T06:51:15.341+0000] {processor.py:925} INFO - DAG(s) 'example_sensors' retrieved from /home/airflow/.local/lib/python3.12/site-packages/airflow/example_dags/example_sensors.py
[2025-03-31T06:51:15.379+0000] {logging_mixin.py:190} INFO - [2025-03-31T06:51:15.379+0000] {dag.py:3239} INFO - Sync 1 DAGs
[2025-03-31T06:51:15.403+0000] {logging_mixin.py:190} INFO - [2025-03-31T06:51:15.402+0000] {dag.py:4180} INFO - Setting next_dagrun for example_sensors to None, run_after=None
[2025-03-31T06:51:15.433+0000] {processor.py:208} INFO - Processing /home/airflow/.local/lib/python3.12/site-packages/airflow/example_dags/example_sensors.py took 0.125 seconds
[2025-03-31T06:51:46.783+0000] {processor.py:186} INFO - Started process (PID=1504) to work on /home/airflow/.local/lib/python3.12/site-packages/airflow/example_dags/example_sensors.py
[2025-03-31T06:51:46.786+0000] {processor.py:914} INFO - Processing file /home/airflow/.local/lib/python3.12/site-packages/airflow/example_dags/example_sensors.py for tasks to queue
[2025-03-31T06:51:46.791+0000] {logging_mixin.py:190} INFO - [2025-03-31T06:51:46.790+0000] {dagbag.py:588} INFO - Filling up the DagBag from /home/airflow/.local/lib/python3.12/site-packages/airflow/example_dags/example_sensors.py
[2025-03-31T06:51:46.808+0000] {processor.py:925} INFO - DAG(s) 'example_sensors' retrieved from /home/airflow/.local/lib/python3.12/site-packages/airflow/example_dags/example_sensors.py
[2025-03-31T06:51:46.853+0000] {logging_mixin.py:190} INFO - [2025-03-31T06:51:46.852+0000] {dag.py:3239} INFO - Sync 1 DAGs
[2025-03-31T06:51:46.868+0000] {logging_mixin.py:190} INFO - [2025-03-31T06:51:46.868+0000] {dag.py:4180} INFO - Setting next_dagrun for example_sensors to None, run_after=None
[2025-03-31T06:51:46.887+0000] {processor.py:208} INFO - Processing /home/airflow/.local/lib/python3.12/site-packages/airflow/example_dags/example_sensors.py took 0.113 seconds
[2025-03-31T06:52:17.579+0000] {processor.py:186} INFO - Started process (PID=1795) to work on /home/airflow/.local/lib/python3.12/site-packages/airflow/example_dags/example_sensors.py
[2025-03-31T06:52:17.582+0000] {processor.py:914} INFO - Processing file /home/airflow/.local/lib/python3.12/site-packages/airflow/example_dags/example_sensors.py for tasks to queue
[2025-03-31T06:52:17.585+0000] {logging_mixin.py:190} INFO - [2025-03-31T06:52:17.585+0000] {dagbag.py:588} INFO - Filling up the DagBag from /home/airflow/.local/lib/python3.12/site-packages/airflow/example_dags/example_sensors.py
[2025-03-31T06:52:17.602+0000] {processor.py:925} INFO - DAG(s) 'example_sensors' retrieved from /home/airflow/.local/lib/python3.12/site-packages/airflow/example_dags/example_sensors.py
[2025-03-31T06:52:17.639+0000] {logging_mixin.py:190} INFO - [2025-03-31T06:52:17.639+0000] {dag.py:3239} INFO - Sync 1 DAGs
[2025-03-31T06:52:17.657+0000] {logging_mixin.py:190} INFO - [2025-03-31T06:52:17.657+0000] {dag.py:4180} INFO - Setting next_dagrun for example_sensors to None, run_after=None
[2025-03-31T06:52:17.678+0000] {processor.py:208} INFO - Processing /home/airflow/.local/lib/python3.12/site-packages/airflow/example_dags/example_sensors.py took 0.107 seconds
[2025-03-31T06:52:48.844+0000] {processor.py:186} INFO - Started process (PID=2086) to work on /home/airflow/.local/lib/python3.12/site-packages/airflow/example_dags/example_sensors.py
[2025-03-31T06:52:48.845+0000] {processor.py:914} INFO - Processing file /home/airflow/.local/lib/python3.12/site-packages/airflow/example_dags/example_sensors.py for tasks to queue
[2025-03-31T06:52:48.849+0000] {logging_mixin.py:190} INFO - [2025-03-31T06:52:48.848+0000] {dagbag.py:588} INFO - Filling up the DagBag from /home/airflow/.local/lib/python3.12/site-packages/airflow/example_dags/example_sensors.py
[2025-03-31T06:52:48.860+0000] {processor.py:925} INFO - DAG(s) 'example_sensors' retrieved from /home/airflow/.local/lib/python3.12/site-packages/airflow/example_dags/example_sensors.py
[2025-03-31T06:52:48.889+0000] {logging_mixin.py:190} INFO - [2025-03-31T06:52:48.889+0000] {dag.py:3239} INFO - Sync 1 DAGs
[2025-03-31T06:52:48.904+0000] {logging_mixin.py:190} INFO - [2025-03-31T06:52:48.904+0000] {dag.py:4180} INFO - Setting next_dagrun for example_sensors to None, run_after=None
[2025-03-31T06:52:48.920+0000] {processor.py:208} INFO - Processing /home/airflow/.local/lib/python3.12/site-packages/airflow/example_dags/example_sensors.py took 0.082 seconds
[2025-03-31T06:53:20.525+0000] {processor.py:186} INFO - Started process (PID=2377) to work on /home/airflow/.local/lib/python3.12/site-packages/airflow/example_dags/example_sensors.py
[2025-03-31T06:53:20.526+0000] {processor.py:914} INFO - Processing file /home/airflow/.local/lib/python3.12/site-packages/airflow/example_dags/example_sensors.py for tasks to queue
[2025-03-31T06:53:20.528+0000] {logging_mixin.py:190} INFO - [2025-03-31T06:53:20.527+0000] {dagbag.py:588} INFO - Filling up the DagBag from /home/airflow/.local/lib/python3.12/site-packages/airflow/example_dags/example_sensors.py
[2025-03-31T06:53:20.538+0000] {processor.py:925} INFO - DAG(s) 'example_sensors' retrieved from /home/airflow/.local/lib/python3.12/site-packages/airflow/example_dags/example_sensors.py
[2025-03-31T06:53:20.562+0000] {logging_mixin.py:190} INFO - [2025-03-31T06:53:20.562+0000] {dag.py:3239} INFO - Sync 1 DAGs
[2025-03-31T06:53:20.577+0000] {logging_mixin.py:190} INFO - [2025-03-31T06:53:20.577+0000] {dag.py:4180} INFO - Setting next_dagrun for example_sensors to None, run_after=None
[2025-03-31T06:53:20.594+0000] {processor.py:208} INFO - Processing /home/airflow/.local/lib/python3.12/site-packages/airflow/example_dags/example_sensors.py took 0.075 seconds
[2025-03-31T06:53:51.631+0000] {processor.py:186} INFO - Started process (PID=2668) to work on /home/airflow/.local/lib/python3.12/site-packages/airflow/example_dags/example_sensors.py
[2025-03-31T06:53:51.631+0000] {processor.py:914} INFO - Processing file /home/airflow/.local/lib/python3.12/site-packages/airflow/example_dags/example_sensors.py for tasks to queue
[2025-03-31T06:53:51.634+0000] {logging_mixin.py:190} INFO - [2025-03-31T06:53:51.633+0000] {dagbag.py:588} INFO - Filling up the DagBag from /home/airflow/.local/lib/python3.12/site-packages/airflow/example_dags/example_sensors.py
[2025-03-31T06:53:51.647+0000] {processor.py:925} INFO - DAG(s) 'example_sensors' retrieved from /home/airflow/.local/lib/python3.12/site-packages/airflow/example_dags/example_sensors.py
[2025-03-31T06:53:51.674+0000] {logging_mixin.py:190} INFO - [2025-03-31T06:53:51.674+0000] {dag.py:3239} INFO - Sync 1 DAGs
[2025-03-31T06:53:51.689+0000] {logging_mixin.py:190} INFO - [2025-03-31T06:53:51.689+0000] {dag.py:4180} INFO - Setting next_dagrun for example_sensors to None, run_after=None
[2025-03-31T06:53:51.707+0000] {processor.py:208} INFO - Processing /home/airflow/.local/lib/python3.12/site-packages/airflow/example_dags/example_sensors.py took 0.082 seconds
[2025-03-31T06:54:23.197+0000] {processor.py:186} INFO - Started process (PID=2959) to work on /home/airflow/.local/lib/python3.12/site-packages/airflow/example_dags/example_sensors.py
[2025-03-31T06:54:23.201+0000] {processor.py:914} INFO - Processing file /home/airflow/.local/lib/python3.12/site-packages/airflow/example_dags/example_sensors.py for tasks to queue
[2025-03-31T06:54:23.205+0000] {logging_mixin.py:190} INFO - [2025-03-31T06:54:23.204+0000] {dagbag.py:588} INFO - Filling up the DagBag from /home/airflow/.local/lib/python3.12/site-packages/airflow/example_dags/example_sensors.py
[2025-03-31T06:54:23.221+0000] {processor.py:925} INFO - DAG(s) 'example_sensors' retrieved from /home/airflow/.local/lib/python3.12/site-packages/airflow/example_dags/example_sensors.py
[2025-03-31T06:54:23.260+0000] {logging_mixin.py:190} INFO - [2025-03-31T06:54:23.258+0000] {dag.py:3239} INFO - Sync 1 DAGs
[2025-03-31T06:54:23.284+0000] {logging_mixin.py:190} INFO - [2025-03-31T06:54:23.283+0000] {dag.py:4180} INFO - Setting next_dagrun for example_sensors to None, run_after=None
[2025-03-31T06:54:23.307+0000] {processor.py:208} INFO - Processing /home/airflow/.local/lib/python3.12/site-packages/airflow/example_dags/example_sensors.py took 0.117 seconds
[2025-03-31T06:54:54.113+0000] {processor.py:186} INFO - Started process (PID=3250) to work on /home/airflow/.local/lib/python3.12/site-packages/airflow/example_dags/example_sensors.py
[2025-03-31T06:54:54.114+0000] {processor.py:914} INFO - Processing file /home/airflow/.local/lib/python3.12/site-packages/airflow/example_dags/example_sensors.py for tasks to queue
[2025-03-31T06:54:54.116+0000] {logging_mixin.py:190} INFO - [2025-03-31T06:54:54.116+0000] {dagbag.py:588} INFO - Filling up the DagBag from /home/airflow/.local/lib/python3.12/site-packages/airflow/example_dags/example_sensors.py
[2025-03-31T06:54:54.127+0000] {processor.py:925} INFO - DAG(s) 'example_sensors' retrieved from /home/airflow/.local/lib/python3.12/site-packages/airflow/example_dags/example_sensors.py
[2025-03-31T06:54:54.152+0000] {logging_mixin.py:190} INFO - [2025-03-31T06:54:54.152+0000] {dag.py:3239} INFO - Sync 1 DAGs
[2025-03-31T06:54:54.166+0000] {logging_mixin.py:190} INFO - [2025-03-31T06:54:54.166+0000] {dag.py:4180} INFO - Setting next_dagrun for example_sensors to None, run_after=None
[2025-03-31T06:54:54.183+0000] {processor.py:208} INFO - Processing /home/airflow/.local/lib/python3.12/site-packages/airflow/example_dags/example_sensors.py took 0.076 seconds
[2025-03-31T06:55:25.439+0000] {processor.py:186} INFO - Started process (PID=3545) to work on /home/airflow/.local/lib/python3.12/site-packages/airflow/example_dags/example_sensors.py
[2025-03-31T06:55:25.440+0000] {processor.py:914} INFO - Processing file /home/airflow/.local/lib/python3.12/site-packages/airflow/example_dags/example_sensors.py for tasks to queue
[2025-03-31T06:55:25.442+0000] {logging_mixin.py:190} INFO - [2025-03-31T06:55:25.442+0000] {dagbag.py:588} INFO - Filling up the DagBag from /home/airflow/.local/lib/python3.12/site-packages/airflow/example_dags/example_sensors.py
[2025-03-31T06:55:25.454+0000] {processor.py:925} INFO - DAG(s) 'example_sensors' retrieved from /home/airflow/.local/lib/python3.12/site-packages/airflow/example_dags/example_sensors.py
[2025-03-31T06:55:25.479+0000] {logging_mixin.py:190} INFO - [2025-03-31T06:55:25.479+0000] {dag.py:3239} INFO - Sync 1 DAGs
[2025-03-31T06:55:25.495+0000] {logging_mixin.py:190} INFO - [2025-03-31T06:55:25.495+0000] {dag.py:4180} INFO - Setting next_dagrun for example_sensors to None, run_after=None
[2025-03-31T06:55:25.512+0000] {processor.py:208} INFO - Processing /home/airflow/.local/lib/python3.12/site-packages/airflow/example_dags/example_sensors.py took 0.079 seconds
[2025-03-31T06:55:57.123+0000] {processor.py:186} INFO - Started process (PID=3840) to work on /home/airflow/.local/lib/python3.12/site-packages/airflow/example_dags/example_sensors.py
[2025-03-31T06:55:57.124+0000] {processor.py:914} INFO - Processing file /home/airflow/.local/lib/python3.12/site-packages/airflow/example_dags/example_sensors.py for tasks to queue
[2025-03-31T06:55:57.127+0000] {logging_mixin.py:190} INFO - [2025-03-31T06:55:57.126+0000] {dagbag.py:588} INFO - Filling up the DagBag from /home/airflow/.local/lib/python3.12/site-packages/airflow/example_dags/example_sensors.py
[2025-03-31T06:55:57.137+0000] {processor.py:925} INFO - DAG(s) 'example_sensors' retrieved from /home/airflow/.local/lib/python3.12/site-packages/airflow/example_dags/example_sensors.py
[2025-03-31T06:55:57.161+0000] {logging_mixin.py:190} INFO - [2025-03-31T06:55:57.161+0000] {dag.py:3239} INFO - Sync 1 DAGs
[2025-03-31T06:55:57.175+0000] {logging_mixin.py:190} INFO - [2025-03-31T06:55:57.175+0000] {dag.py:4180} INFO - Setting next_dagrun for example_sensors to None, run_after=None
[2025-03-31T06:55:57.194+0000] {processor.py:208} INFO - Processing /home/airflow/.local/lib/python3.12/site-packages/airflow/example_dags/example_sensors.py took 0.076 seconds
[2025-03-31T06:56:28.867+0000] {processor.py:186} INFO - Started process (PID=4131) to work on /home/airflow/.local/lib/python3.12/site-packages/airflow/example_dags/example_sensors.py
[2025-03-31T06:56:28.868+0000] {processor.py:914} INFO - Processing file /home/airflow/.local/lib/python3.12/site-packages/airflow/example_dags/example_sensors.py for tasks to queue
[2025-03-31T06:56:28.871+0000] {logging_mixin.py:190} INFO - [2025-03-31T06:56:28.871+0000] {dagbag.py:588} INFO - Filling up the DagBag from /home/airflow/.local/lib/python3.12/site-packages/airflow/example_dags/example_sensors.py
[2025-03-31T06:56:28.888+0000] {processor.py:925} INFO - DAG(s) 'example_sensors' retrieved from /home/airflow/.local/lib/python3.12/site-packages/airflow/example_dags/example_sensors.py
[2025-03-31T06:56:28.926+0000] {logging_mixin.py:190} INFO - [2025-03-31T06:56:28.926+0000] {dag.py:3239} INFO - Sync 1 DAGs
[2025-03-31T06:56:28.950+0000] {logging_mixin.py:190} INFO - [2025-03-31T06:56:28.949+0000] {dag.py:4180} INFO - Setting next_dagrun for example_sensors to None, run_after=None
[2025-03-31T06:56:28.997+0000] {processor.py:208} INFO - Processing /home/airflow/.local/lib/python3.12/site-packages/airflow/example_dags/example_sensors.py took 0.139 seconds
[2025-03-31T06:57:00.682+0000] {processor.py:186} INFO - Started process (PID=4422) to work on /home/airflow/.local/lib/python3.12/site-packages/airflow/example_dags/example_sensors.py
[2025-03-31T06:57:00.685+0000] {processor.py:914} INFO - Processing file /home/airflow/.local/lib/python3.12/site-packages/airflow/example_dags/example_sensors.py for tasks to queue
[2025-03-31T06:57:00.688+0000] {logging_mixin.py:190} INFO - [2025-03-31T06:57:00.687+0000] {dagbag.py:588} INFO - Filling up the DagBag from /home/airflow/.local/lib/python3.12/site-packages/airflow/example_dags/example_sensors.py
[2025-03-31T06:57:00.705+0000] {processor.py:925} INFO - DAG(s) 'example_sensors' retrieved from /home/airflow/.local/lib/python3.12/site-packages/airflow/example_dags/example_sensors.py
[2025-03-31T06:57:00.746+0000] {logging_mixin.py:190} INFO - [2025-03-31T06:57:00.745+0000] {dag.py:3239} INFO - Sync 1 DAGs
[2025-03-31T06:57:00.770+0000] {logging_mixin.py:190} INFO - [2025-03-31T06:57:00.769+0000] {dag.py:4180} INFO - Setting next_dagrun for example_sensors to None, run_after=None
[2025-03-31T06:57:00.796+0000] {processor.py:208} INFO - Processing /home/airflow/.local/lib/python3.12/site-packages/airflow/example_dags/example_sensors.py took 0.123 seconds
[2025-03-31T06:57:31.752+0000] {processor.py:186} INFO - Started process (PID=4713) to work on /home/airflow/.local/lib/python3.12/site-packages/airflow/example_dags/example_sensors.py
[2025-03-31T06:57:31.753+0000] {processor.py:914} INFO - Processing file /home/airflow/.local/lib/python3.12/site-packages/airflow/example_dags/example_sensors.py for tasks to queue
[2025-03-31T06:57:31.757+0000] {logging_mixin.py:190} INFO - [2025-03-31T06:57:31.757+0000] {dagbag.py:588} INFO - Filling up the DagBag from /home/airflow/.local/lib/python3.12/site-packages/airflow/example_dags/example_sensors.py
[2025-03-31T06:57:31.777+0000] {processor.py:925} INFO - DAG(s) 'example_sensors' retrieved from /home/airflow/.local/lib/python3.12/site-packages/airflow/example_dags/example_sensors.py
[2025-03-31T06:57:31.836+0000] {logging_mixin.py:190} INFO - [2025-03-31T06:57:31.835+0000] {dag.py:3239} INFO - Sync 1 DAGs
[2025-03-31T06:57:31.880+0000] {logging_mixin.py:190} INFO - [2025-03-31T06:57:31.879+0000] {dag.py:4180} INFO - Setting next_dagrun for example_sensors to None, run_after=None
[2025-03-31T06:57:31.921+0000] {processor.py:208} INFO - Processing /home/airflow/.local/lib/python3.12/site-packages/airflow/example_dags/example_sensors.py took 0.180 seconds
[2025-03-31T06:58:03.078+0000] {processor.py:186} INFO - Started process (PID=5004) to work on /home/airflow/.local/lib/python3.12/site-packages/airflow/example_dags/example_sensors.py
[2025-03-31T06:58:03.079+0000] {processor.py:914} INFO - Processing file /home/airflow/.local/lib/python3.12/site-packages/airflow/example_dags/example_sensors.py for tasks to queue
[2025-03-31T06:58:03.081+0000] {logging_mixin.py:190} INFO - [2025-03-31T06:58:03.081+0000] {dagbag.py:588} INFO - Filling up the DagBag from /home/airflow/.local/lib/python3.12/site-packages/airflow/example_dags/example_sensors.py
[2025-03-31T06:58:03.096+0000] {processor.py:925} INFO - DAG(s) 'example_sensors' retrieved from /home/airflow/.local/lib/python3.12/site-packages/airflow/example_dags/example_sensors.py
[2025-03-31T06:58:03.135+0000] {logging_mixin.py:190} INFO - [2025-03-31T06:58:03.134+0000] {dag.py:3239} INFO - Sync 1 DAGs
[2025-03-31T06:58:03.156+0000] {logging_mixin.py:190} INFO - [2025-03-31T06:58:03.156+0000] {dag.py:4180} INFO - Setting next_dagrun for example_sensors to None, run_after=None
[2025-03-31T06:58:03.179+0000] {processor.py:208} INFO - Processing /home/airflow/.local/lib/python3.12/site-packages/airflow/example_dags/example_sensors.py took 0.109 seconds
[2025-03-31T06:58:34.678+0000] {processor.py:186} INFO - Started process (PID=5295) to work on /home/airflow/.local/lib/python3.12/site-packages/airflow/example_dags/example_sensors.py
[2025-03-31T06:58:34.679+0000] {processor.py:914} INFO - Processing file /home/airflow/.local/lib/python3.12/site-packages/airflow/example_dags/example_sensors.py for tasks to queue
[2025-03-31T06:58:34.682+0000] {logging_mixin.py:190} INFO - [2025-03-31T06:58:34.681+0000] {dagbag.py:588} INFO - Filling up the DagBag from /home/airflow/.local/lib/python3.12/site-packages/airflow/example_dags/example_sensors.py
[2025-03-31T06:58:34.698+0000] {processor.py:925} INFO - DAG(s) 'example_sensors' retrieved from /home/airflow/.local/lib/python3.12/site-packages/airflow/example_dags/example_sensors.py
[2025-03-31T06:58:34.735+0000] {logging_mixin.py:190} INFO - [2025-03-31T06:58:34.734+0000] {dag.py:3239} INFO - Sync 1 DAGs
[2025-03-31T06:58:34.752+0000] {logging_mixin.py:190} INFO - [2025-03-31T06:58:34.752+0000] {dag.py:4180} INFO - Setting next_dagrun for example_sensors to None, run_after=None
[2025-03-31T06:58:34.773+0000] {processor.py:208} INFO - Processing /home/airflow/.local/lib/python3.12/site-packages/airflow/example_dags/example_sensors.py took 0.104 seconds
[2025-03-31T06:59:05.861+0000] {processor.py:186} INFO - Started process (PID=5586) to work on /home/airflow/.local/lib/python3.12/site-packages/airflow/example_dags/example_sensors.py
[2025-03-31T06:59:05.861+0000] {processor.py:914} INFO - Processing file /home/airflow/.local/lib/python3.12/site-packages/airflow/example_dags/example_sensors.py for tasks to queue
[2025-03-31T06:59:05.864+0000] {logging_mixin.py:190} INFO - [2025-03-31T06:59:05.864+0000] {dagbag.py:588} INFO - Filling up the DagBag from /home/airflow/.local/lib/python3.12/site-packages/airflow/example_dags/example_sensors.py
[2025-03-31T06:59:05.876+0000] {processor.py:925} INFO - DAG(s) 'example_sensors' retrieved from /home/airflow/.local/lib/python3.12/site-packages/airflow/example_dags/example_sensors.py
[2025-03-31T06:59:05.905+0000] {logging_mixin.py:190} INFO - [2025-03-31T06:59:05.905+0000] {dag.py:3239} INFO - Sync 1 DAGs
[2025-03-31T06:59:05.921+0000] {logging_mixin.py:190} INFO - [2025-03-31T06:59:05.921+0000] {dag.py:4180} INFO - Setting next_dagrun for example_sensors to None, run_after=None
[2025-03-31T06:59:05.942+0000] {processor.py:208} INFO - Processing /home/airflow/.local/lib/python3.12/site-packages/airflow/example_dags/example_sensors.py took 0.087 seconds
[2025-03-31T06:59:37.114+0000] {processor.py:186} INFO - Started process (PID=5877) to work on /home/airflow/.local/lib/python3.12/site-packages/airflow/example_dags/example_sensors.py
[2025-03-31T06:59:37.115+0000] {processor.py:914} INFO - Processing file /home/airflow/.local/lib/python3.12/site-packages/airflow/example_dags/example_sensors.py for tasks to queue
[2025-03-31T06:59:37.118+0000] {logging_mixin.py:190} INFO - [2025-03-31T06:59:37.118+0000] {dagbag.py:588} INFO - Filling up the DagBag from /home/airflow/.local/lib/python3.12/site-packages/airflow/example_dags/example_sensors.py
[2025-03-31T06:59:37.131+0000] {processor.py:925} INFO - DAG(s) 'example_sensors' retrieved from /home/airflow/.local/lib/python3.12/site-packages/airflow/example_dags/example_sensors.py
[2025-03-31T06:59:37.165+0000] {logging_mixin.py:190} INFO - [2025-03-31T06:59:37.164+0000] {dag.py:3239} INFO - Sync 1 DAGs
[2025-03-31T06:59:37.181+0000] {logging_mixin.py:190} INFO - [2025-03-31T06:59:37.181+0000] {dag.py:4180} INFO - Setting next_dagrun for example_sensors to None, run_after=None
[2025-03-31T06:59:37.204+0000] {processor.py:208} INFO - Processing /home/airflow/.local/lib/python3.12/site-packages/airflow/example_dags/example_sensors.py took 0.096 seconds
[2025-03-31T07:00:08.730+0000] {processor.py:186} INFO - Started process (PID=6168) to work on /home/airflow/.local/lib/python3.12/site-packages/airflow/example_dags/example_sensors.py
[2025-03-31T07:00:08.731+0000] {processor.py:914} INFO - Processing file /home/airflow/.local/lib/python3.12/site-packages/airflow/example_dags/example_sensors.py for tasks to queue
[2025-03-31T07:00:08.735+0000] {logging_mixin.py:190} INFO - [2025-03-31T07:00:08.734+0000] {dagbag.py:588} INFO - Filling up the DagBag from /home/airflow/.local/lib/python3.12/site-packages/airflow/example_dags/example_sensors.py
[2025-03-31T07:00:08.748+0000] {processor.py:925} INFO - DAG(s) 'example_sensors' retrieved from /home/airflow/.local/lib/python3.12/site-packages/airflow/example_dags/example_sensors.py
[2025-03-31T07:00:08.777+0000] {logging_mixin.py:190} INFO - [2025-03-31T07:00:08.777+0000] {dag.py:3239} INFO - Sync 1 DAGs
[2025-03-31T07:00:08.795+0000] {logging_mixin.py:190} INFO - [2025-03-31T07:00:08.795+0000] {dag.py:4180} INFO - Setting next_dagrun for example_sensors to None, run_after=None
[2025-03-31T07:00:08.823+0000] {processor.py:208} INFO - Processing /home/airflow/.local/lib/python3.12/site-packages/airflow/example_dags/example_sensors.py took 0.099 seconds
[2025-03-31T07:00:40.317+0000] {processor.py:186} INFO - Started process (PID=6459) to work on /home/airflow/.local/lib/python3.12/site-packages/airflow/example_dags/example_sensors.py
[2025-03-31T07:00:40.318+0000] {processor.py:914} INFO - Processing file /home/airflow/.local/lib/python3.12/site-packages/airflow/example_dags/example_sensors.py for tasks to queue
[2025-03-31T07:00:40.320+0000] {logging_mixin.py:190} INFO - [2025-03-31T07:00:40.319+0000] {dagbag.py:588} INFO - Filling up the DagBag from /home/airflow/.local/lib/python3.12/site-packages/airflow/example_dags/example_sensors.py
[2025-03-31T07:00:40.333+0000] {processor.py:925} INFO - DAG(s) 'example_sensors' retrieved from /home/airflow/.local/lib/python3.12/site-packages/airflow/example_dags/example_sensors.py
[2025-03-31T07:00:40.360+0000] {logging_mixin.py:190} INFO - [2025-03-31T07:00:40.360+0000] {dag.py:3239} INFO - Sync 1 DAGs
[2025-03-31T07:00:40.375+0000] {logging_mixin.py:190} INFO - [2025-03-31T07:00:40.375+0000] {dag.py:4180} INFO - Setting next_dagrun for example_sensors to None, run_after=None
[2025-03-31T07:00:40.397+0000] {processor.py:208} INFO - Processing /home/airflow/.local/lib/python3.12/site-packages/airflow/example_dags/example_sensors.py took 0.087 seconds
[2025-03-31T07:01:11.443+0000] {processor.py:186} INFO - Started process (PID=6750) to work on /home/airflow/.local/lib/python3.12/site-packages/airflow/example_dags/example_sensors.py
[2025-03-31T07:01:11.443+0000] {processor.py:914} INFO - Processing file /home/airflow/.local/lib/python3.12/site-packages/airflow/example_dags/example_sensors.py for tasks to queue
[2025-03-31T07:01:11.446+0000] {logging_mixin.py:190} INFO - [2025-03-31T07:01:11.445+0000] {dagbag.py:588} INFO - Filling up the DagBag from /home/airflow/.local/lib/python3.12/site-packages/airflow/example_dags/example_sensors.py
[2025-03-31T07:01:11.457+0000] {processor.py:925} INFO - DAG(s) 'example_sensors' retrieved from /home/airflow/.local/lib/python3.12/site-packages/airflow/example_dags/example_sensors.py
[2025-03-31T07:01:11.486+0000] {logging_mixin.py:190} INFO - [2025-03-31T07:01:11.486+0000] {dag.py:3239} INFO - Sync 1 DAGs
[2025-03-31T07:01:11.501+0000] {logging_mixin.py:190} INFO - [2025-03-31T07:01:11.501+0000] {dag.py:4180} INFO - Setting next_dagrun for example_sensors to None, run_after=None
[2025-03-31T07:01:11.520+0000] {processor.py:208} INFO - Processing /home/airflow/.local/lib/python3.12/site-packages/airflow/example_dags/example_sensors.py took 0.084 seconds
[2025-03-31T07:01:42.266+0000] {processor.py:186} INFO - Started process (PID=7047) to work on /home/airflow/.local/lib/python3.12/site-packages/airflow/example_dags/example_sensors.py
[2025-03-31T07:01:42.267+0000] {processor.py:914} INFO - Processing file /home/airflow/.local/lib/python3.12/site-packages/airflow/example_dags/example_sensors.py for tasks to queue
[2025-03-31T07:01:42.269+0000] {logging_mixin.py:190} INFO - [2025-03-31T07:01:42.269+0000] {dagbag.py:588} INFO - Filling up the DagBag from /home/airflow/.local/lib/python3.12/site-packages/airflow/example_dags/example_sensors.py
[2025-03-31T07:01:42.280+0000] {processor.py:925} INFO - DAG(s) 'example_sensors' retrieved from /home/airflow/.local/lib/python3.12/site-packages/airflow/example_dags/example_sensors.py
[2025-03-31T07:01:42.308+0000] {logging_mixin.py:190} INFO - [2025-03-31T07:01:42.307+0000] {dag.py:3239} INFO - Sync 1 DAGs
[2025-03-31T07:01:42.322+0000] {logging_mixin.py:190} INFO - [2025-03-31T07:01:42.322+0000] {dag.py:4180} INFO - Setting next_dagrun for example_sensors to None, run_after=None
[2025-03-31T07:01:42.340+0000] {processor.py:208} INFO - Processing /home/airflow/.local/lib/python3.12/site-packages/airflow/example_dags/example_sensors.py took 0.080 seconds
[2025-03-31T07:02:13.715+0000] {processor.py:186} INFO - Started process (PID=7338) to work on /home/airflow/.local/lib/python3.12/site-packages/airflow/example_dags/example_sensors.py
[2025-03-31T07:02:13.716+0000] {processor.py:914} INFO - Processing file /home/airflow/.local/lib/python3.12/site-packages/airflow/example_dags/example_sensors.py for tasks to queue
[2025-03-31T07:02:13.718+0000] {logging_mixin.py:190} INFO - [2025-03-31T07:02:13.718+0000] {dagbag.py:588} INFO - Filling up the DagBag from /home/airflow/.local/lib/python3.12/site-packages/airflow/example_dags/example_sensors.py
[2025-03-31T07:02:13.730+0000] {processor.py:925} INFO - DAG(s) 'example_sensors' retrieved from /home/airflow/.local/lib/python3.12/site-packages/airflow/example_dags/example_sensors.py
[2025-03-31T07:02:13.758+0000] {logging_mixin.py:190} INFO - [2025-03-31T07:02:13.758+0000] {dag.py:3239} INFO - Sync 1 DAGs
[2025-03-31T07:02:13.773+0000] {logging_mixin.py:190} INFO - [2025-03-31T07:02:13.773+0000] {dag.py:4180} INFO - Setting next_dagrun for example_sensors to None, run_after=None
[2025-03-31T07:02:13.792+0000] {processor.py:208} INFO - Processing /home/airflow/.local/lib/python3.12/site-packages/airflow/example_dags/example_sensors.py took 0.083 seconds
[2025-03-31T07:02:44.589+0000] {processor.py:186} INFO - Started process (PID=7629) to work on /home/airflow/.local/lib/python3.12/site-packages/airflow/example_dags/example_sensors.py
[2025-03-31T07:02:44.590+0000] {processor.py:914} INFO - Processing file /home/airflow/.local/lib/python3.12/site-packages/airflow/example_dags/example_sensors.py for tasks to queue
[2025-03-31T07:02:44.593+0000] {logging_mixin.py:190} INFO - [2025-03-31T07:02:44.592+0000] {dagbag.py:588} INFO - Filling up the DagBag from /home/airflow/.local/lib/python3.12/site-packages/airflow/example_dags/example_sensors.py
[2025-03-31T07:02:44.610+0000] {processor.py:925} INFO - DAG(s) 'example_sensors' retrieved from /home/airflow/.local/lib/python3.12/site-packages/airflow/example_dags/example_sensors.py
[2025-03-31T07:02:44.639+0000] {logging_mixin.py:190} INFO - [2025-03-31T07:02:44.639+0000] {dag.py:3239} INFO - Sync 1 DAGs
[2025-03-31T07:02:44.655+0000] {logging_mixin.py:190} INFO - [2025-03-31T07:02:44.655+0000] {dag.py:4180} INFO - Setting next_dagrun for example_sensors to None, run_after=None
[2025-03-31T07:02:44.672+0000] {processor.py:208} INFO - Processing /home/airflow/.local/lib/python3.12/site-packages/airflow/example_dags/example_sensors.py took 0.101 seconds
[2025-03-31T07:03:15.772+0000] {processor.py:186} INFO - Started process (PID=7920) to work on /home/airflow/.local/lib/python3.12/site-packages/airflow/example_dags/example_sensors.py
[2025-03-31T07:03:15.773+0000] {processor.py:914} INFO - Processing file /home/airflow/.local/lib/python3.12/site-packages/airflow/example_dags/example_sensors.py for tasks to queue
[2025-03-31T07:03:15.779+0000] {logging_mixin.py:190} INFO - [2025-03-31T07:03:15.778+0000] {dagbag.py:588} INFO - Filling up the DagBag from /home/airflow/.local/lib/python3.12/site-packages/airflow/example_dags/example_sensors.py
[2025-03-31T07:03:15.790+0000] {processor.py:925} INFO - DAG(s) 'example_sensors' retrieved from /home/airflow/.local/lib/python3.12/site-packages/airflow/example_dags/example_sensors.py
[2025-03-31T07:03:15.820+0000] {logging_mixin.py:190} INFO - [2025-03-31T07:03:15.819+0000] {dag.py:3239} INFO - Sync 1 DAGs
[2025-03-31T07:03:15.835+0000] {logging_mixin.py:190} INFO - [2025-03-31T07:03:15.835+0000] {dag.py:4180} INFO - Setting next_dagrun for example_sensors to None, run_after=None
[2025-03-31T07:03:15.853+0000] {processor.py:208} INFO - Processing /home/airflow/.local/lib/python3.12/site-packages/airflow/example_dags/example_sensors.py took 0.088 seconds
[2025-03-31T07:03:47.401+0000] {processor.py:186} INFO - Started process (PID=8211) to work on /home/airflow/.local/lib/python3.12/site-packages/airflow/example_dags/example_sensors.py
[2025-03-31T07:03:47.402+0000] {processor.py:914} INFO - Processing file /home/airflow/.local/lib/python3.12/site-packages/airflow/example_dags/example_sensors.py for tasks to queue
[2025-03-31T07:03:47.408+0000] {logging_mixin.py:190} INFO - [2025-03-31T07:03:47.407+0000] {dagbag.py:588} INFO - Filling up the DagBag from /home/airflow/.local/lib/python3.12/site-packages/airflow/example_dags/example_sensors.py
[2025-03-31T07:03:47.420+0000] {processor.py:925} INFO - DAG(s) 'example_sensors' retrieved from /home/airflow/.local/lib/python3.12/site-packages/airflow/example_dags/example_sensors.py
[2025-03-31T07:03:47.452+0000] {logging_mixin.py:190} INFO - [2025-03-31T07:03:47.452+0000] {dag.py:3239} INFO - Sync 1 DAGs
[2025-03-31T07:03:47.468+0000] {logging_mixin.py:190} INFO - [2025-03-31T07:03:47.468+0000] {dag.py:4180} INFO - Setting next_dagrun for example_sensors to None, run_after=None
[2025-03-31T07:03:47.487+0000] {processor.py:208} INFO - Processing /home/airflow/.local/lib/python3.12/site-packages/airflow/example_dags/example_sensors.py took 0.092 seconds
[2025-03-31T07:04:18.403+0000] {processor.py:186} INFO - Started process (PID=8502) to work on /home/airflow/.local/lib/python3.12/site-packages/airflow/example_dags/example_sensors.py
[2025-03-31T07:04:18.404+0000] {processor.py:914} INFO - Processing file /home/airflow/.local/lib/python3.12/site-packages/airflow/example_dags/example_sensors.py for tasks to queue
[2025-03-31T07:04:18.406+0000] {logging_mixin.py:190} INFO - [2025-03-31T07:04:18.406+0000] {dagbag.py:588} INFO - Filling up the DagBag from /home/airflow/.local/lib/python3.12/site-packages/airflow/example_dags/example_sensors.py
[2025-03-31T07:04:18.418+0000] {processor.py:925} INFO - DAG(s) 'example_sensors' retrieved from /home/airflow/.local/lib/python3.12/site-packages/airflow/example_dags/example_sensors.py
[2025-03-31T07:04:18.450+0000] {logging_mixin.py:190} INFO - [2025-03-31T07:04:18.449+0000] {dag.py:3239} INFO - Sync 1 DAGs
[2025-03-31T07:04:18.466+0000] {logging_mixin.py:190} INFO - [2025-03-31T07:04:18.466+0000] {dag.py:4180} INFO - Setting next_dagrun for example_sensors to None, run_after=None
[2025-03-31T07:04:18.486+0000] {processor.py:208} INFO - Processing /home/airflow/.local/lib/python3.12/site-packages/airflow/example_dags/example_sensors.py took 0.090 seconds
[2025-03-31T07:04:49.910+0000] {processor.py:186} INFO - Started process (PID=8793) to work on /home/airflow/.local/lib/python3.12/site-packages/airflow/example_dags/example_sensors.py
[2025-03-31T07:04:49.911+0000] {processor.py:914} INFO - Processing file /home/airflow/.local/lib/python3.12/site-packages/airflow/example_dags/example_sensors.py for tasks to queue
[2025-03-31T07:04:49.914+0000] {logging_mixin.py:190} INFO - [2025-03-31T07:04:49.913+0000] {dagbag.py:588} INFO - Filling up the DagBag from /home/airflow/.local/lib/python3.12/site-packages/airflow/example_dags/example_sensors.py
[2025-03-31T07:04:49.926+0000] {processor.py:925} INFO - DAG(s) 'example_sensors' retrieved from /home/airflow/.local/lib/python3.12/site-packages/airflow/example_dags/example_sensors.py
[2025-03-31T07:04:49.956+0000] {logging_mixin.py:190} INFO - [2025-03-31T07:04:49.956+0000] {dag.py:3239} INFO - Sync 1 DAGs
[2025-03-31T07:04:49.973+0000] {logging_mixin.py:190} INFO - [2025-03-31T07:04:49.972+0000] {dag.py:4180} INFO - Setting next_dagrun for example_sensors to None, run_after=None
[2025-03-31T07:04:49.991+0000] {processor.py:208} INFO - Processing /home/airflow/.local/lib/python3.12/site-packages/airflow/example_dags/example_sensors.py took 0.088 seconds
[2025-03-31T07:05:21.154+0000] {processor.py:186} INFO - Started process (PID=9084) to work on /home/airflow/.local/lib/python3.12/site-packages/airflow/example_dags/example_sensors.py
[2025-03-31T07:05:21.155+0000] {processor.py:914} INFO - Processing file /home/airflow/.local/lib/python3.12/site-packages/airflow/example_dags/example_sensors.py for tasks to queue
[2025-03-31T07:05:21.157+0000] {logging_mixin.py:190} INFO - [2025-03-31T07:05:21.157+0000] {dagbag.py:588} INFO - Filling up the DagBag from /home/airflow/.local/lib/python3.12/site-packages/airflow/example_dags/example_sensors.py
[2025-03-31T07:05:21.169+0000] {processor.py:925} INFO - DAG(s) 'example_sensors' retrieved from /home/airflow/.local/lib/python3.12/site-packages/airflow/example_dags/example_sensors.py
[2025-03-31T07:05:21.200+0000] {logging_mixin.py:190} INFO - [2025-03-31T07:05:21.200+0000] {dag.py:3239} INFO - Sync 1 DAGs
[2025-03-31T07:05:21.216+0000] {logging_mixin.py:190} INFO - [2025-03-31T07:05:21.216+0000] {dag.py:4180} INFO - Setting next_dagrun for example_sensors to None, run_after=None
[2025-03-31T07:05:21.236+0000] {processor.py:208} INFO - Processing /home/airflow/.local/lib/python3.12/site-packages/airflow/example_dags/example_sensors.py took 0.088 seconds
[2025-03-31T07:05:52.426+0000] {processor.py:186} INFO - Started process (PID=9375) to work on /home/airflow/.local/lib/python3.12/site-packages/airflow/example_dags/example_sensors.py
[2025-03-31T07:05:52.427+0000] {processor.py:914} INFO - Processing file /home/airflow/.local/lib/python3.12/site-packages/airflow/example_dags/example_sensors.py for tasks to queue
[2025-03-31T07:05:52.429+0000] {logging_mixin.py:190} INFO - [2025-03-31T07:05:52.429+0000] {dagbag.py:588} INFO - Filling up the DagBag from /home/airflow/.local/lib/python3.12/site-packages/airflow/example_dags/example_sensors.py
[2025-03-31T07:05:52.443+0000] {processor.py:925} INFO - DAG(s) 'example_sensors' retrieved from /home/airflow/.local/lib/python3.12/site-packages/airflow/example_dags/example_sensors.py
[2025-03-31T07:05:52.472+0000] {logging_mixin.py:190} INFO - [2025-03-31T07:05:52.472+0000] {dag.py:3239} INFO - Sync 1 DAGs
[2025-03-31T07:05:52.491+0000] {logging_mixin.py:190} INFO - [2025-03-31T07:05:52.490+0000] {dag.py:4180} INFO - Setting next_dagrun for example_sensors to None, run_after=None
[2025-03-31T07:05:52.511+0000] {processor.py:208} INFO - Processing /home/airflow/.local/lib/python3.12/site-packages/airflow/example_dags/example_sensors.py took 0.092 seconds
[2025-03-31T07:06:23.601+0000] {processor.py:186} INFO - Started process (PID=9666) to work on /home/airflow/.local/lib/python3.12/site-packages/airflow/example_dags/example_sensors.py
[2025-03-31T07:06:23.602+0000] {processor.py:914} INFO - Processing file /home/airflow/.local/lib/python3.12/site-packages/airflow/example_dags/example_sensors.py for tasks to queue
[2025-03-31T07:06:23.604+0000] {logging_mixin.py:190} INFO - [2025-03-31T07:06:23.604+0000] {dagbag.py:588} INFO - Filling up the DagBag from /home/airflow/.local/lib/python3.12/site-packages/airflow/example_dags/example_sensors.py
[2025-03-31T07:06:23.616+0000] {processor.py:925} INFO - DAG(s) 'example_sensors' retrieved from /home/airflow/.local/lib/python3.12/site-packages/airflow/example_dags/example_sensors.py
[2025-03-31T07:06:23.645+0000] {logging_mixin.py:190} INFO - [2025-03-31T07:06:23.644+0000] {dag.py:3239} INFO - Sync 1 DAGs
[2025-03-31T07:06:23.659+0000] {logging_mixin.py:190} INFO - [2025-03-31T07:06:23.659+0000] {dag.py:4180} INFO - Setting next_dagrun for example_sensors to None, run_after=None
[2025-03-31T07:06:23.678+0000] {processor.py:208} INFO - Processing /home/airflow/.local/lib/python3.12/site-packages/airflow/example_dags/example_sensors.py took 0.083 seconds
[2025-03-31T07:06:54.647+0000] {processor.py:186} INFO - Started process (PID=9957) to work on /home/airflow/.local/lib/python3.12/site-packages/airflow/example_dags/example_sensors.py
[2025-03-31T07:06:54.648+0000] {processor.py:914} INFO - Processing file /home/airflow/.local/lib/python3.12/site-packages/airflow/example_dags/example_sensors.py for tasks to queue
[2025-03-31T07:06:54.651+0000] {logging_mixin.py:190} INFO - [2025-03-31T07:06:54.651+0000] {dagbag.py:588} INFO - Filling up the DagBag from /home/airflow/.local/lib/python3.12/site-packages/airflow/example_dags/example_sensors.py
[2025-03-31T07:06:54.665+0000] {processor.py:925} INFO - DAG(s) 'example_sensors' retrieved from /home/airflow/.local/lib/python3.12/site-packages/airflow/example_dags/example_sensors.py
[2025-03-31T07:06:54.692+0000] {logging_mixin.py:190} INFO - [2025-03-31T07:06:54.692+0000] {dag.py:3239} INFO - Sync 1 DAGs
[2025-03-31T07:06:54.707+0000] {logging_mixin.py:190} INFO - [2025-03-31T07:06:54.707+0000] {dag.py:4180} INFO - Setting next_dagrun for example_sensors to None, run_after=None
[2025-03-31T07:06:54.725+0000] {processor.py:208} INFO - Processing /home/airflow/.local/lib/python3.12/site-packages/airflow/example_dags/example_sensors.py took 0.084 seconds
[2025-03-31T07:07:26.205+0000] {processor.py:186} INFO - Started process (PID=10248) to work on /home/airflow/.local/lib/python3.12/site-packages/airflow/example_dags/example_sensors.py
[2025-03-31T07:07:26.205+0000] {processor.py:914} INFO - Processing file /home/airflow/.local/lib/python3.12/site-packages/airflow/example_dags/example_sensors.py for tasks to queue
[2025-03-31T07:07:26.208+0000] {logging_mixin.py:190} INFO - [2025-03-31T07:07:26.207+0000] {dagbag.py:588} INFO - Filling up the DagBag from /home/airflow/.local/lib/python3.12/site-packages/airflow/example_dags/example_sensors.py
[2025-03-31T07:07:26.219+0000] {processor.py:925} INFO - DAG(s) 'example_sensors' retrieved from /home/airflow/.local/lib/python3.12/site-packages/airflow/example_dags/example_sensors.py
[2025-03-31T07:07:26.249+0000] {logging_mixin.py:190} INFO - [2025-03-31T07:07:26.249+0000] {dag.py:3239} INFO - Sync 1 DAGs
[2025-03-31T07:07:26.264+0000] {logging_mixin.py:190} INFO - [2025-03-31T07:07:26.264+0000] {dag.py:4180} INFO - Setting next_dagrun for example_sensors to None, run_after=None
[2025-03-31T07:07:26.283+0000] {processor.py:208} INFO - Processing /home/airflow/.local/lib/python3.12/site-packages/airflow/example_dags/example_sensors.py took 0.084 seconds
[2025-03-31T07:07:57.021+0000] {processor.py:186} INFO - Started process (PID=10539) to work on /home/airflow/.local/lib/python3.12/site-packages/airflow/example_dags/example_sensors.py
[2025-03-31T07:07:57.022+0000] {processor.py:914} INFO - Processing file /home/airflow/.local/lib/python3.12/site-packages/airflow/example_dags/example_sensors.py for tasks to queue
[2025-03-31T07:07:57.025+0000] {logging_mixin.py:190} INFO - [2025-03-31T07:07:57.024+0000] {dagbag.py:588} INFO - Filling up the DagBag from /home/airflow/.local/lib/python3.12/site-packages/airflow/example_dags/example_sensors.py
[2025-03-31T07:07:57.036+0000] {processor.py:925} INFO - DAG(s) 'example_sensors' retrieved from /home/airflow/.local/lib/python3.12/site-packages/airflow/example_dags/example_sensors.py
[2025-03-31T07:07:57.070+0000] {logging_mixin.py:190} INFO - [2025-03-31T07:07:57.069+0000] {dag.py:3239} INFO - Sync 1 DAGs
[2025-03-31T07:07:57.085+0000] {logging_mixin.py:190} INFO - [2025-03-31T07:07:57.084+0000] {dag.py:4180} INFO - Setting next_dagrun for example_sensors to None, run_after=None
[2025-03-31T07:07:57.108+0000] {processor.py:208} INFO - Processing /home/airflow/.local/lib/python3.12/site-packages/airflow/example_dags/example_sensors.py took 0.093 seconds
[2025-03-31T07:08:28.675+0000] {processor.py:186} INFO - Started process (PID=10840) to work on /home/airflow/.local/lib/python3.12/site-packages/airflow/example_dags/example_sensors.py
[2025-03-31T07:08:28.676+0000] {processor.py:914} INFO - Processing file /home/airflow/.local/lib/python3.12/site-packages/airflow/example_dags/example_sensors.py for tasks to queue
[2025-03-31T07:08:28.679+0000] {logging_mixin.py:190} INFO - [2025-03-31T07:08:28.678+0000] {dagbag.py:588} INFO - Filling up the DagBag from /home/airflow/.local/lib/python3.12/site-packages/airflow/example_dags/example_sensors.py
[2025-03-31T07:08:28.690+0000] {processor.py:925} INFO - DAG(s) 'example_sensors' retrieved from /home/airflow/.local/lib/python3.12/site-packages/airflow/example_dags/example_sensors.py
[2025-03-31T07:08:28.715+0000] {logging_mixin.py:190} INFO - [2025-03-31T07:08:28.715+0000] {dag.py:3239} INFO - Sync 1 DAGs
[2025-03-31T07:08:28.727+0000] {logging_mixin.py:190} INFO - [2025-03-31T07:08:28.727+0000] {dag.py:4180} INFO - Setting next_dagrun for example_sensors to None, run_after=None
[2025-03-31T07:08:28.742+0000] {processor.py:208} INFO - Processing /home/airflow/.local/lib/python3.12/site-packages/airflow/example_dags/example_sensors.py took 0.073 seconds
[2025-03-31T07:08:59.614+0000] {processor.py:186} INFO - Started process (PID=11126) to work on /home/airflow/.local/lib/python3.12/site-packages/airflow/example_dags/example_sensors.py
[2025-03-31T07:08:59.615+0000] {processor.py:914} INFO - Processing file /home/airflow/.local/lib/python3.12/site-packages/airflow/example_dags/example_sensors.py for tasks to queue
[2025-03-31T07:08:59.619+0000] {logging_mixin.py:190} INFO - [2025-03-31T07:08:59.619+0000] {dagbag.py:588} INFO - Filling up the DagBag from /home/airflow/.local/lib/python3.12/site-packages/airflow/example_dags/example_sensors.py
[2025-03-31T07:08:59.630+0000] {processor.py:925} INFO - DAG(s) 'example_sensors' retrieved from /home/airflow/.local/lib/python3.12/site-packages/airflow/example_dags/example_sensors.py
[2025-03-31T07:08:59.657+0000] {logging_mixin.py:190} INFO - [2025-03-31T07:08:59.657+0000] {dag.py:3239} INFO - Sync 1 DAGs
[2025-03-31T07:08:59.673+0000] {logging_mixin.py:190} INFO - [2025-03-31T07:08:59.673+0000] {dag.py:4180} INFO - Setting next_dagrun for example_sensors to None, run_after=None
[2025-03-31T07:08:59.690+0000] {processor.py:208} INFO - Processing /home/airflow/.local/lib/python3.12/site-packages/airflow/example_dags/example_sensors.py took 0.082 seconds
[2025-03-31T07:09:30.116+0000] {processor.py:186} INFO - Started process (PID=11417) to work on /home/airflow/.local/lib/python3.12/site-packages/airflow/example_dags/example_sensors.py
[2025-03-31T07:09:30.117+0000] {processor.py:914} INFO - Processing file /home/airflow/.local/lib/python3.12/site-packages/airflow/example_dags/example_sensors.py for tasks to queue
[2025-03-31T07:09:30.119+0000] {logging_mixin.py:190} INFO - [2025-03-31T07:09:30.119+0000] {dagbag.py:588} INFO - Filling up the DagBag from /home/airflow/.local/lib/python3.12/site-packages/airflow/example_dags/example_sensors.py
[2025-03-31T07:09:30.131+0000] {processor.py:925} INFO - DAG(s) 'example_sensors' retrieved from /home/airflow/.local/lib/python3.12/site-packages/airflow/example_dags/example_sensors.py
[2025-03-31T07:09:30.157+0000] {logging_mixin.py:190} INFO - [2025-03-31T07:09:30.157+0000] {dag.py:3239} INFO - Sync 1 DAGs
[2025-03-31T07:09:30.172+0000] {logging_mixin.py:190} INFO - [2025-03-31T07:09:30.172+0000] {dag.py:4180} INFO - Setting next_dagrun for example_sensors to None, run_after=None
[2025-03-31T07:09:30.190+0000] {processor.py:208} INFO - Processing /home/airflow/.local/lib/python3.12/site-packages/airflow/example_dags/example_sensors.py took 0.080 seconds
[2025-03-31T07:10:00.280+0000] {processor.py:186} INFO - Started process (PID=11703) to work on /home/airflow/.local/lib/python3.12/site-packages/airflow/example_dags/example_sensors.py
[2025-03-31T07:10:00.281+0000] {processor.py:914} INFO - Processing file /home/airflow/.local/lib/python3.12/site-packages/airflow/example_dags/example_sensors.py for tasks to queue
[2025-03-31T07:10:00.283+0000] {logging_mixin.py:190} INFO - [2025-03-31T07:10:00.283+0000] {dagbag.py:588} INFO - Filling up the DagBag from /home/airflow/.local/lib/python3.12/site-packages/airflow/example_dags/example_sensors.py
[2025-03-31T07:10:00.295+0000] {processor.py:925} INFO - DAG(s) 'example_sensors' retrieved from /home/airflow/.local/lib/python3.12/site-packages/airflow/example_dags/example_sensors.py
[2025-03-31T07:10:00.321+0000] {logging_mixin.py:190} INFO - [2025-03-31T07:10:00.321+0000] {dag.py:3239} INFO - Sync 1 DAGs
[2025-03-31T07:10:00.335+0000] {logging_mixin.py:190} INFO - [2025-03-31T07:10:00.335+0000] {dag.py:4180} INFO - Setting next_dagrun for example_sensors to None, run_after=None
[2025-03-31T07:10:00.353+0000] {processor.py:208} INFO - Processing /home/airflow/.local/lib/python3.12/site-packages/airflow/example_dags/example_sensors.py took 0.080 seconds
[2025-03-31T07:10:30.746+0000] {processor.py:186} INFO - Started process (PID=11994) to work on /home/airflow/.local/lib/python3.12/site-packages/airflow/example_dags/example_sensors.py
[2025-03-31T07:10:30.747+0000] {processor.py:914} INFO - Processing file /home/airflow/.local/lib/python3.12/site-packages/airflow/example_dags/example_sensors.py for tasks to queue
[2025-03-31T07:10:30.750+0000] {logging_mixin.py:190} INFO - [2025-03-31T07:10:30.750+0000] {dagbag.py:588} INFO - Filling up the DagBag from /home/airflow/.local/lib/python3.12/site-packages/airflow/example_dags/example_sensors.py
[2025-03-31T07:10:30.763+0000] {processor.py:925} INFO - DAG(s) 'example_sensors' retrieved from /home/airflow/.local/lib/python3.12/site-packages/airflow/example_dags/example_sensors.py
[2025-03-31T07:10:30.788+0000] {logging_mixin.py:190} INFO - [2025-03-31T07:10:30.788+0000] {dag.py:3239} INFO - Sync 1 DAGs
[2025-03-31T07:10:30.802+0000] {logging_mixin.py:190} INFO - [2025-03-31T07:10:30.802+0000] {dag.py:4180} INFO - Setting next_dagrun for example_sensors to None, run_after=None
[2025-03-31T07:10:30.819+0000] {processor.py:208} INFO - Processing /home/airflow/.local/lib/python3.12/site-packages/airflow/example_dags/example_sensors.py took 0.080 seconds
[2025-03-31T07:11:01.465+0000] {processor.py:186} INFO - Started process (PID=12285) to work on /home/airflow/.local/lib/python3.12/site-packages/airflow/example_dags/example_sensors.py
[2025-03-31T07:11:01.467+0000] {processor.py:914} INFO - Processing file /home/airflow/.local/lib/python3.12/site-packages/airflow/example_dags/example_sensors.py for tasks to queue
[2025-03-31T07:11:01.470+0000] {logging_mixin.py:190} INFO - [2025-03-31T07:11:01.470+0000] {dagbag.py:588} INFO - Filling up the DagBag from /home/airflow/.local/lib/python3.12/site-packages/airflow/example_dags/example_sensors.py
[2025-03-31T07:11:01.482+0000] {processor.py:925} INFO - DAG(s) 'example_sensors' retrieved from /home/airflow/.local/lib/python3.12/site-packages/airflow/example_dags/example_sensors.py
[2025-03-31T07:11:01.509+0000] {logging_mixin.py:190} INFO - [2025-03-31T07:11:01.509+0000] {dag.py:3239} INFO - Sync 1 DAGs
[2025-03-31T07:11:01.528+0000] {logging_mixin.py:190} INFO - [2025-03-31T07:11:01.527+0000] {dag.py:4180} INFO - Setting next_dagrun for example_sensors to None, run_after=None
[2025-03-31T07:11:01.550+0000] {processor.py:208} INFO - Processing /home/airflow/.local/lib/python3.12/site-packages/airflow/example_dags/example_sensors.py took 0.094 seconds
[2025-03-31T07:11:31.954+0000] {processor.py:186} INFO - Started process (PID=12576) to work on /home/airflow/.local/lib/python3.12/site-packages/airflow/example_dags/example_sensors.py
[2025-03-31T07:11:31.955+0000] {processor.py:914} INFO - Processing file /home/airflow/.local/lib/python3.12/site-packages/airflow/example_dags/example_sensors.py for tasks to queue
[2025-03-31T07:11:31.958+0000] {logging_mixin.py:190} INFO - [2025-03-31T07:11:31.957+0000] {dagbag.py:588} INFO - Filling up the DagBag from /home/airflow/.local/lib/python3.12/site-packages/airflow/example_dags/example_sensors.py
[2025-03-31T07:11:31.970+0000] {processor.py:925} INFO - DAG(s) 'example_sensors' retrieved from /home/airflow/.local/lib/python3.12/site-packages/airflow/example_dags/example_sensors.py
[2025-03-31T07:11:31.996+0000] {logging_mixin.py:190} INFO - [2025-03-31T07:11:31.996+0000] {dag.py:3239} INFO - Sync 1 DAGs
[2025-03-31T07:11:32.011+0000] {logging_mixin.py:190} INFO - [2025-03-31T07:11:32.011+0000] {dag.py:4180} INFO - Setting next_dagrun for example_sensors to None, run_after=None
[2025-03-31T07:11:32.030+0000] {processor.py:208} INFO - Processing /home/airflow/.local/lib/python3.12/site-packages/airflow/example_dags/example_sensors.py took 0.083 seconds
[2025-03-31T07:12:02.615+0000] {processor.py:186} INFO - Started process (PID=12867) to work on /home/airflow/.local/lib/python3.12/site-packages/airflow/example_dags/example_sensors.py
[2025-03-31T07:12:02.616+0000] {processor.py:914} INFO - Processing file /home/airflow/.local/lib/python3.12/site-packages/airflow/example_dags/example_sensors.py for tasks to queue
[2025-03-31T07:12:02.619+0000] {logging_mixin.py:190} INFO - [2025-03-31T07:12:02.618+0000] {dagbag.py:588} INFO - Filling up the DagBag from /home/airflow/.local/lib/python3.12/site-packages/airflow/example_dags/example_sensors.py
[2025-03-31T07:12:02.634+0000] {processor.py:925} INFO - DAG(s) 'example_sensors' retrieved from /home/airflow/.local/lib/python3.12/site-packages/airflow/example_dags/example_sensors.py
[2025-03-31T07:12:02.662+0000] {logging_mixin.py:190} INFO - [2025-03-31T07:12:02.662+0000] {dag.py:3239} INFO - Sync 1 DAGs
[2025-03-31T07:12:02.676+0000] {logging_mixin.py:190} INFO - [2025-03-31T07:12:02.676+0000] {dag.py:4180} INFO - Setting next_dagrun for example_sensors to None, run_after=None
[2025-03-31T07:12:02.695+0000] {processor.py:208} INFO - Processing /home/airflow/.local/lib/python3.12/site-packages/airflow/example_dags/example_sensors.py took 0.087 seconds
[2025-03-31T07:12:32.852+0000] {processor.py:186} INFO - Started process (PID=13158) to work on /home/airflow/.local/lib/python3.12/site-packages/airflow/example_dags/example_sensors.py
[2025-03-31T07:12:32.853+0000] {processor.py:914} INFO - Processing file /home/airflow/.local/lib/python3.12/site-packages/airflow/example_dags/example_sensors.py for tasks to queue
[2025-03-31T07:12:32.856+0000] {logging_mixin.py:190} INFO - [2025-03-31T07:12:32.856+0000] {dagbag.py:588} INFO - Filling up the DagBag from /home/airflow/.local/lib/python3.12/site-packages/airflow/example_dags/example_sensors.py
[2025-03-31T07:12:32.870+0000] {processor.py:925} INFO - DAG(s) 'example_sensors' retrieved from /home/airflow/.local/lib/python3.12/site-packages/airflow/example_dags/example_sensors.py
[2025-03-31T07:12:32.899+0000] {logging_mixin.py:190} INFO - [2025-03-31T07:12:32.899+0000] {dag.py:3239} INFO - Sync 1 DAGs
[2025-03-31T07:12:32.916+0000] {logging_mixin.py:190} INFO - [2025-03-31T07:12:32.916+0000] {dag.py:4180} INFO - Setting next_dagrun for example_sensors to None, run_after=None
[2025-03-31T07:12:32.938+0000] {processor.py:208} INFO - Processing /home/airflow/.local/lib/python3.12/site-packages/airflow/example_dags/example_sensors.py took 0.092 seconds
[2025-03-31T07:13:03.237+0000] {processor.py:186} INFO - Started process (PID=13449) to work on /home/airflow/.local/lib/python3.12/site-packages/airflow/example_dags/example_sensors.py
[2025-03-31T07:13:03.239+0000] {processor.py:914} INFO - Processing file /home/airflow/.local/lib/python3.12/site-packages/airflow/example_dags/example_sensors.py for tasks to queue
[2025-03-31T07:13:03.241+0000] {logging_mixin.py:190} INFO - [2025-03-31T07:13:03.241+0000] {dagbag.py:588} INFO - Filling up the DagBag from /home/airflow/.local/lib/python3.12/site-packages/airflow/example_dags/example_sensors.py
[2025-03-31T07:13:03.254+0000] {processor.py:925} INFO - DAG(s) 'example_sensors' retrieved from /home/airflow/.local/lib/python3.12/site-packages/airflow/example_dags/example_sensors.py
[2025-03-31T07:13:03.280+0000] {logging_mixin.py:190} INFO - [2025-03-31T07:13:03.280+0000] {dag.py:3239} INFO - Sync 1 DAGs
[2025-03-31T07:13:03.294+0000] {logging_mixin.py:190} INFO - [2025-03-31T07:13:03.294+0000] {dag.py:4180} INFO - Setting next_dagrun for example_sensors to None, run_after=None
[2025-03-31T07:13:03.312+0000] {processor.py:208} INFO - Processing /home/airflow/.local/lib/python3.12/site-packages/airflow/example_dags/example_sensors.py took 0.081 seconds
[2025-03-31T07:13:34.071+0000] {processor.py:186} INFO - Started process (PID=13740) to work on /home/airflow/.local/lib/python3.12/site-packages/airflow/example_dags/example_sensors.py
[2025-03-31T07:13:34.072+0000] {processor.py:914} INFO - Processing file /home/airflow/.local/lib/python3.12/site-packages/airflow/example_dags/example_sensors.py for tasks to queue
[2025-03-31T07:13:34.075+0000] {logging_mixin.py:190} INFO - [2025-03-31T07:13:34.074+0000] {dagbag.py:588} INFO - Filling up the DagBag from /home/airflow/.local/lib/python3.12/site-packages/airflow/example_dags/example_sensors.py
[2025-03-31T07:13:34.086+0000] {processor.py:925} INFO - DAG(s) 'example_sensors' retrieved from /home/airflow/.local/lib/python3.12/site-packages/airflow/example_dags/example_sensors.py
[2025-03-31T07:13:34.113+0000] {logging_mixin.py:190} INFO - [2025-03-31T07:13:34.113+0000] {dag.py:3239} INFO - Sync 1 DAGs
[2025-03-31T07:13:34.131+0000] {logging_mixin.py:190} INFO - [2025-03-31T07:13:34.131+0000] {dag.py:4180} INFO - Setting next_dagrun for example_sensors to None, run_after=None
[2025-03-31T07:13:34.173+0000] {processor.py:208} INFO - Processing /home/airflow/.local/lib/python3.12/site-packages/airflow/example_dags/example_sensors.py took 0.108 seconds
[2025-03-31T07:14:05.189+0000] {processor.py:186} INFO - Started process (PID=14031) to work on /home/airflow/.local/lib/python3.12/site-packages/airflow/example_dags/example_sensors.py
[2025-03-31T07:14:05.190+0000] {processor.py:914} INFO - Processing file /home/airflow/.local/lib/python3.12/site-packages/airflow/example_dags/example_sensors.py for tasks to queue
[2025-03-31T07:14:05.192+0000] {logging_mixin.py:190} INFO - [2025-03-31T07:14:05.192+0000] {dagbag.py:588} INFO - Filling up the DagBag from /home/airflow/.local/lib/python3.12/site-packages/airflow/example_dags/example_sensors.py
[2025-03-31T07:14:05.204+0000] {processor.py:925} INFO - DAG(s) 'example_sensors' retrieved from /home/airflow/.local/lib/python3.12/site-packages/airflow/example_dags/example_sensors.py
[2025-03-31T07:14:05.241+0000] {logging_mixin.py:190} INFO - [2025-03-31T07:14:05.241+0000] {dag.py:3239} INFO - Sync 1 DAGs
[2025-03-31T07:14:05.260+0000] {logging_mixin.py:190} INFO - [2025-03-31T07:14:05.260+0000] {dag.py:4180} INFO - Setting next_dagrun for example_sensors to None, run_after=None
[2025-03-31T07:14:05.278+0000] {processor.py:208} INFO - Processing /home/airflow/.local/lib/python3.12/site-packages/airflow/example_dags/example_sensors.py took 0.096 seconds
[2025-03-31T07:14:35.365+0000] {processor.py:186} INFO - Started process (PID=14322) to work on /home/airflow/.local/lib/python3.12/site-packages/airflow/example_dags/example_sensors.py
[2025-03-31T07:14:35.367+0000] {processor.py:914} INFO - Processing file /home/airflow/.local/lib/python3.12/site-packages/airflow/example_dags/example_sensors.py for tasks to queue
[2025-03-31T07:14:35.371+0000] {logging_mixin.py:190} INFO - [2025-03-31T07:14:35.370+0000] {dagbag.py:588} INFO - Filling up the DagBag from /home/airflow/.local/lib/python3.12/site-packages/airflow/example_dags/example_sensors.py
[2025-03-31T07:14:35.393+0000] {processor.py:925} INFO - DAG(s) 'example_sensors' retrieved from /home/airflow/.local/lib/python3.12/site-packages/airflow/example_dags/example_sensors.py
[2025-03-31T07:14:35.437+0000] {logging_mixin.py:190} INFO - [2025-03-31T07:14:35.437+0000] {dag.py:3239} INFO - Sync 1 DAGs
[2025-03-31T07:14:35.457+0000] {logging_mixin.py:190} INFO - [2025-03-31T07:14:35.457+0000] {dag.py:4180} INFO - Setting next_dagrun for example_sensors to None, run_after=None
[2025-03-31T07:14:35.479+0000] {processor.py:208} INFO - Processing /home/airflow/.local/lib/python3.12/site-packages/airflow/example_dags/example_sensors.py took 0.128 seconds
[2025-03-31T07:15:05.583+0000] {processor.py:186} INFO - Started process (PID=14613) to work on /home/airflow/.local/lib/python3.12/site-packages/airflow/example_dags/example_sensors.py
[2025-03-31T07:15:05.584+0000] {processor.py:914} INFO - Processing file /home/airflow/.local/lib/python3.12/site-packages/airflow/example_dags/example_sensors.py for tasks to queue
[2025-03-31T07:15:05.586+0000] {logging_mixin.py:190} INFO - [2025-03-31T07:15:05.586+0000] {dagbag.py:588} INFO - Filling up the DagBag from /home/airflow/.local/lib/python3.12/site-packages/airflow/example_dags/example_sensors.py
[2025-03-31T07:15:05.598+0000] {processor.py:925} INFO - DAG(s) 'example_sensors' retrieved from /home/airflow/.local/lib/python3.12/site-packages/airflow/example_dags/example_sensors.py
[2025-03-31T07:15:05.624+0000] {logging_mixin.py:190} INFO - [2025-03-31T07:15:05.624+0000] {dag.py:3239} INFO - Sync 1 DAGs
[2025-03-31T07:15:05.638+0000] {logging_mixin.py:190} INFO - [2025-03-31T07:15:05.638+0000] {dag.py:4180} INFO - Setting next_dagrun for example_sensors to None, run_after=None
[2025-03-31T07:15:05.658+0000] {processor.py:208} INFO - Processing /home/airflow/.local/lib/python3.12/site-packages/airflow/example_dags/example_sensors.py took 0.081 seconds
[2025-03-31T07:15:35.771+0000] {processor.py:186} INFO - Started process (PID=14904) to work on /home/airflow/.local/lib/python3.12/site-packages/airflow/example_dags/example_sensors.py
[2025-03-31T07:15:35.772+0000] {processor.py:914} INFO - Processing file /home/airflow/.local/lib/python3.12/site-packages/airflow/example_dags/example_sensors.py for tasks to queue
[2025-03-31T07:15:35.776+0000] {logging_mixin.py:190} INFO - [2025-03-31T07:15:35.775+0000] {dagbag.py:588} INFO - Filling up the DagBag from /home/airflow/.local/lib/python3.12/site-packages/airflow/example_dags/example_sensors.py
[2025-03-31T07:15:35.787+0000] {processor.py:925} INFO - DAG(s) 'example_sensors' retrieved from /home/airflow/.local/lib/python3.12/site-packages/airflow/example_dags/example_sensors.py
[2025-03-31T07:15:35.815+0000] {logging_mixin.py:190} INFO - [2025-03-31T07:15:35.815+0000] {dag.py:3239} INFO - Sync 1 DAGs
[2025-03-31T07:15:35.830+0000] {logging_mixin.py:190} INFO - [2025-03-31T07:15:35.830+0000] {dag.py:4180} INFO - Setting next_dagrun for example_sensors to None, run_after=None
[2025-03-31T07:15:35.849+0000] {processor.py:208} INFO - Processing /home/airflow/.local/lib/python3.12/site-packages/airflow/example_dags/example_sensors.py took 0.084 seconds
[2025-03-31T07:16:06.112+0000] {processor.py:186} INFO - Started process (PID=15201) to work on /home/airflow/.local/lib/python3.12/site-packages/airflow/example_dags/example_sensors.py
[2025-03-31T07:16:06.113+0000] {processor.py:914} INFO - Processing file /home/airflow/.local/lib/python3.12/site-packages/airflow/example_dags/example_sensors.py for tasks to queue
[2025-03-31T07:16:06.115+0000] {logging_mixin.py:190} INFO - [2025-03-31T07:16:06.115+0000] {dagbag.py:588} INFO - Filling up the DagBag from /home/airflow/.local/lib/python3.12/site-packages/airflow/example_dags/example_sensors.py
[2025-03-31T07:16:06.126+0000] {processor.py:925} INFO - DAG(s) 'example_sensors' retrieved from /home/airflow/.local/lib/python3.12/site-packages/airflow/example_dags/example_sensors.py
[2025-03-31T07:16:06.155+0000] {logging_mixin.py:190} INFO - [2025-03-31T07:16:06.155+0000] {dag.py:3239} INFO - Sync 1 DAGs
[2025-03-31T07:16:06.171+0000] {logging_mixin.py:190} INFO - [2025-03-31T07:16:06.171+0000] {dag.py:4180} INFO - Setting next_dagrun for example_sensors to None, run_after=None
[2025-03-31T07:16:06.191+0000] {processor.py:208} INFO - Processing /home/airflow/.local/lib/python3.12/site-packages/airflow/example_dags/example_sensors.py took 0.085 seconds
[2025-03-31T07:16:36.637+0000] {processor.py:186} INFO - Started process (PID=15506) to work on /home/airflow/.local/lib/python3.12/site-packages/airflow/example_dags/example_sensors.py
[2025-03-31T07:16:36.638+0000] {processor.py:914} INFO - Processing file /home/airflow/.local/lib/python3.12/site-packages/airflow/example_dags/example_sensors.py for tasks to queue
[2025-03-31T07:16:36.640+0000] {logging_mixin.py:190} INFO - [2025-03-31T07:16:36.640+0000] {dagbag.py:588} INFO - Filling up the DagBag from /home/airflow/.local/lib/python3.12/site-packages/airflow/example_dags/example_sensors.py
[2025-03-31T07:16:36.655+0000] {processor.py:925} INFO - DAG(s) 'example_sensors' retrieved from /home/airflow/.local/lib/python3.12/site-packages/airflow/example_dags/example_sensors.py
[2025-03-31T07:16:36.684+0000] {logging_mixin.py:190} INFO - [2025-03-31T07:16:36.684+0000] {dag.py:3239} INFO - Sync 1 DAGs
[2025-03-31T07:16:36.703+0000] {logging_mixin.py:190} INFO - [2025-03-31T07:16:36.702+0000] {dag.py:4180} INFO - Setting next_dagrun for example_sensors to None, run_after=None
[2025-03-31T07:16:36.726+0000] {processor.py:208} INFO - Processing /home/airflow/.local/lib/python3.12/site-packages/airflow/example_dags/example_sensors.py took 0.096 seconds
[2025-03-31T07:17:06.839+0000] {processor.py:186} INFO - Started process (PID=15797) to work on /home/airflow/.local/lib/python3.12/site-packages/airflow/example_dags/example_sensors.py
[2025-03-31T07:17:06.840+0000] {processor.py:914} INFO - Processing file /home/airflow/.local/lib/python3.12/site-packages/airflow/example_dags/example_sensors.py for tasks to queue
[2025-03-31T07:17:06.843+0000] {logging_mixin.py:190} INFO - [2025-03-31T07:17:06.842+0000] {dagbag.py:588} INFO - Filling up the DagBag from /home/airflow/.local/lib/python3.12/site-packages/airflow/example_dags/example_sensors.py
[2025-03-31T07:17:06.855+0000] {processor.py:925} INFO - DAG(s) 'example_sensors' retrieved from /home/airflow/.local/lib/python3.12/site-packages/airflow/example_dags/example_sensors.py
[2025-03-31T07:17:06.887+0000] {logging_mixin.py:190} INFO - [2025-03-31T07:17:06.887+0000] {dag.py:3239} INFO - Sync 1 DAGs
[2025-03-31T07:17:06.902+0000] {logging_mixin.py:190} INFO - [2025-03-31T07:17:06.902+0000] {dag.py:4180} INFO - Setting next_dagrun for example_sensors to None, run_after=None
[2025-03-31T07:17:06.921+0000] {processor.py:208} INFO - Processing /home/airflow/.local/lib/python3.12/site-packages/airflow/example_dags/example_sensors.py took 0.087 seconds
[2025-03-31T07:17:37.052+0000] {processor.py:186} INFO - Started process (PID=16088) to work on /home/airflow/.local/lib/python3.12/site-packages/airflow/example_dags/example_sensors.py
[2025-03-31T07:17:37.053+0000] {processor.py:914} INFO - Processing file /home/airflow/.local/lib/python3.12/site-packages/airflow/example_dags/example_sensors.py for tasks to queue
[2025-03-31T07:17:37.056+0000] {logging_mixin.py:190} INFO - [2025-03-31T07:17:37.056+0000] {dagbag.py:588} INFO - Filling up the DagBag from /home/airflow/.local/lib/python3.12/site-packages/airflow/example_dags/example_sensors.py
[2025-03-31T07:17:37.070+0000] {processor.py:925} INFO - DAG(s) 'example_sensors' retrieved from /home/airflow/.local/lib/python3.12/site-packages/airflow/example_dags/example_sensors.py
[2025-03-31T07:17:37.110+0000] {logging_mixin.py:190} INFO - [2025-03-31T07:17:37.110+0000] {dag.py:3239} INFO - Sync 1 DAGs
[2025-03-31T07:17:37.127+0000] {logging_mixin.py:190} INFO - [2025-03-31T07:17:37.127+0000] {dag.py:4180} INFO - Setting next_dagrun for example_sensors to None, run_after=None
[2025-03-31T07:17:37.150+0000] {processor.py:208} INFO - Processing /home/airflow/.local/lib/python3.12/site-packages/airflow/example_dags/example_sensors.py took 0.105 seconds
[2025-03-31T07:18:08.014+0000] {processor.py:186} INFO - Started process (PID=16384) to work on /home/airflow/.local/lib/python3.12/site-packages/airflow/example_dags/example_sensors.py
[2025-03-31T07:18:08.015+0000] {processor.py:914} INFO - Processing file /home/airflow/.local/lib/python3.12/site-packages/airflow/example_dags/example_sensors.py for tasks to queue
[2025-03-31T07:18:08.018+0000] {logging_mixin.py:190} INFO - [2025-03-31T07:18:08.018+0000] {dagbag.py:588} INFO - Filling up the DagBag from /home/airflow/.local/lib/python3.12/site-packages/airflow/example_dags/example_sensors.py
[2025-03-31T07:18:08.034+0000] {processor.py:925} INFO - DAG(s) 'example_sensors' retrieved from /home/airflow/.local/lib/python3.12/site-packages/airflow/example_dags/example_sensors.py
[2025-03-31T07:18:08.066+0000] {logging_mixin.py:190} INFO - [2025-03-31T07:18:08.066+0000] {dag.py:3239} INFO - Sync 1 DAGs
[2025-03-31T07:18:08.083+0000] {logging_mixin.py:190} INFO - [2025-03-31T07:18:08.082+0000] {dag.py:4180} INFO - Setting next_dagrun for example_sensors to None, run_after=None
[2025-03-31T07:18:08.102+0000] {processor.py:208} INFO - Processing /home/airflow/.local/lib/python3.12/site-packages/airflow/example_dags/example_sensors.py took 0.096 seconds
[2025-03-31T07:18:38.652+0000] {processor.py:186} INFO - Started process (PID=16675) to work on /home/airflow/.local/lib/python3.12/site-packages/airflow/example_dags/example_sensors.py
[2025-03-31T07:18:38.653+0000] {processor.py:914} INFO - Processing file /home/airflow/.local/lib/python3.12/site-packages/airflow/example_dags/example_sensors.py for tasks to queue
[2025-03-31T07:18:38.656+0000] {logging_mixin.py:190} INFO - [2025-03-31T07:18:38.655+0000] {dagbag.py:588} INFO - Filling up the DagBag from /home/airflow/.local/lib/python3.12/site-packages/airflow/example_dags/example_sensors.py
[2025-03-31T07:18:38.668+0000] {processor.py:925} INFO - DAG(s) 'example_sensors' retrieved from /home/airflow/.local/lib/python3.12/site-packages/airflow/example_dags/example_sensors.py
[2025-03-31T07:18:38.694+0000] {logging_mixin.py:190} INFO - [2025-03-31T07:18:38.694+0000] {dag.py:3239} INFO - Sync 1 DAGs
[2025-03-31T07:18:38.708+0000] {logging_mixin.py:190} INFO - [2025-03-31T07:18:38.708+0000] {dag.py:4180} INFO - Setting next_dagrun for example_sensors to None, run_after=None
[2025-03-31T07:18:38.726+0000] {processor.py:208} INFO - Processing /home/airflow/.local/lib/python3.12/site-packages/airflow/example_dags/example_sensors.py took 0.080 seconds
[2025-03-31T07:19:09.266+0000] {processor.py:186} INFO - Started process (PID=16966) to work on /home/airflow/.local/lib/python3.12/site-packages/airflow/example_dags/example_sensors.py
[2025-03-31T07:19:09.267+0000] {processor.py:914} INFO - Processing file /home/airflow/.local/lib/python3.12/site-packages/airflow/example_dags/example_sensors.py for tasks to queue
[2025-03-31T07:19:09.271+0000] {logging_mixin.py:190} INFO - [2025-03-31T07:19:09.270+0000] {dagbag.py:588} INFO - Filling up the DagBag from /home/airflow/.local/lib/python3.12/site-packages/airflow/example_dags/example_sensors.py
[2025-03-31T07:19:09.287+0000] {processor.py:925} INFO - DAG(s) 'example_sensors' retrieved from /home/airflow/.local/lib/python3.12/site-packages/airflow/example_dags/example_sensors.py
[2025-03-31T07:19:09.329+0000] {logging_mixin.py:190} INFO - [2025-03-31T07:19:09.329+0000] {dag.py:3239} INFO - Sync 1 DAGs
[2025-03-31T07:19:09.350+0000] {logging_mixin.py:190} INFO - [2025-03-31T07:19:09.349+0000] {dag.py:4180} INFO - Setting next_dagrun for example_sensors to None, run_after=None
[2025-03-31T07:19:09.378+0000] {processor.py:208} INFO - Processing /home/airflow/.local/lib/python3.12/site-packages/airflow/example_dags/example_sensors.py took 0.123 seconds
[2025-03-31T07:19:40.051+0000] {processor.py:186} INFO - Started process (PID=17257) to work on /home/airflow/.local/lib/python3.12/site-packages/airflow/example_dags/example_sensors.py
[2025-03-31T07:19:40.052+0000] {processor.py:914} INFO - Processing file /home/airflow/.local/lib/python3.12/site-packages/airflow/example_dags/example_sensors.py for tasks to queue
[2025-03-31T07:19:40.055+0000] {logging_mixin.py:190} INFO - [2025-03-31T07:19:40.054+0000] {dagbag.py:588} INFO - Filling up the DagBag from /home/airflow/.local/lib/python3.12/site-packages/airflow/example_dags/example_sensors.py
[2025-03-31T07:19:40.073+0000] {processor.py:925} INFO - DAG(s) 'example_sensors' retrieved from /home/airflow/.local/lib/python3.12/site-packages/airflow/example_dags/example_sensors.py
[2025-03-31T07:19:40.112+0000] {logging_mixin.py:190} INFO - [2025-03-31T07:19:40.112+0000] {dag.py:3239} INFO - Sync 1 DAGs
[2025-03-31T07:19:40.131+0000] {logging_mixin.py:190} INFO - [2025-03-31T07:19:40.131+0000] {dag.py:4180} INFO - Setting next_dagrun for example_sensors to None, run_after=None
[2025-03-31T07:19:40.158+0000] {processor.py:208} INFO - Processing /home/airflow/.local/lib/python3.12/site-packages/airflow/example_dags/example_sensors.py took 0.117 seconds
[2025-03-31T07:20:10.678+0000] {processor.py:186} INFO - Started process (PID=17548) to work on /home/airflow/.local/lib/python3.12/site-packages/airflow/example_dags/example_sensors.py
[2025-03-31T07:20:10.680+0000] {processor.py:914} INFO - Processing file /home/airflow/.local/lib/python3.12/site-packages/airflow/example_dags/example_sensors.py for tasks to queue
[2025-03-31T07:20:10.683+0000] {logging_mixin.py:190} INFO - [2025-03-31T07:20:10.683+0000] {dagbag.py:588} INFO - Filling up the DagBag from /home/airflow/.local/lib/python3.12/site-packages/airflow/example_dags/example_sensors.py
[2025-03-31T07:20:10.702+0000] {processor.py:925} INFO - DAG(s) 'example_sensors' retrieved from /home/airflow/.local/lib/python3.12/site-packages/airflow/example_dags/example_sensors.py
[2025-03-31T07:20:10.735+0000] {logging_mixin.py:190} INFO - [2025-03-31T07:20:10.735+0000] {dag.py:3239} INFO - Sync 1 DAGs
[2025-03-31T07:20:10.755+0000] {logging_mixin.py:190} INFO - [2025-03-31T07:20:10.755+0000] {dag.py:4180} INFO - Setting next_dagrun for example_sensors to None, run_after=None
[2025-03-31T07:20:10.779+0000] {processor.py:208} INFO - Processing /home/airflow/.local/lib/python3.12/site-packages/airflow/example_dags/example_sensors.py took 0.110 seconds
[2025-03-31T07:20:41.236+0000] {processor.py:186} INFO - Started process (PID=17840) to work on /home/airflow/.local/lib/python3.12/site-packages/airflow/example_dags/example_sensors.py
[2025-03-31T07:20:41.237+0000] {processor.py:914} INFO - Processing file /home/airflow/.local/lib/python3.12/site-packages/airflow/example_dags/example_sensors.py for tasks to queue
[2025-03-31T07:20:41.240+0000] {logging_mixin.py:190} INFO - [2025-03-31T07:20:41.240+0000] {dagbag.py:588} INFO - Filling up the DagBag from /home/airflow/.local/lib/python3.12/site-packages/airflow/example_dags/example_sensors.py
[2025-03-31T07:20:41.257+0000] {processor.py:925} INFO - DAG(s) 'example_sensors' retrieved from /home/airflow/.local/lib/python3.12/site-packages/airflow/example_dags/example_sensors.py
[2025-03-31T07:20:41.298+0000] {logging_mixin.py:190} INFO - [2025-03-31T07:20:41.298+0000] {dag.py:3239} INFO - Sync 1 DAGs
[2025-03-31T07:20:41.319+0000] {logging_mixin.py:190} INFO - [2025-03-31T07:20:41.319+0000] {dag.py:4180} INFO - Setting next_dagrun for example_sensors to None, run_after=None
[2025-03-31T07:20:41.349+0000] {processor.py:208} INFO - Processing /home/airflow/.local/lib/python3.12/site-packages/airflow/example_dags/example_sensors.py took 0.122 seconds
[2025-03-31T07:21:11.409+0000] {processor.py:186} INFO - Started process (PID=18131) to work on /home/airflow/.local/lib/python3.12/site-packages/airflow/example_dags/example_sensors.py
[2025-03-31T07:21:11.411+0000] {processor.py:914} INFO - Processing file /home/airflow/.local/lib/python3.12/site-packages/airflow/example_dags/example_sensors.py for tasks to queue
[2025-03-31T07:21:11.415+0000] {logging_mixin.py:190} INFO - [2025-03-31T07:21:11.414+0000] {dagbag.py:588} INFO - Filling up the DagBag from /home/airflow/.local/lib/python3.12/site-packages/airflow/example_dags/example_sensors.py
[2025-03-31T07:21:11.432+0000] {processor.py:925} INFO - DAG(s) 'example_sensors' retrieved from /home/airflow/.local/lib/python3.12/site-packages/airflow/example_dags/example_sensors.py
[2025-03-31T07:21:11.469+0000] {logging_mixin.py:190} INFO - [2025-03-31T07:21:11.469+0000] {dag.py:3239} INFO - Sync 1 DAGs
[2025-03-31T07:21:11.490+0000] {logging_mixin.py:190} INFO - [2025-03-31T07:21:11.489+0000] {dag.py:4180} INFO - Setting next_dagrun for example_sensors to None, run_after=None
[2025-03-31T07:21:11.518+0000] {processor.py:208} INFO - Processing /home/airflow/.local/lib/python3.12/site-packages/airflow/example_dags/example_sensors.py took 0.116 seconds
[2025-03-31T07:21:41.674+0000] {processor.py:186} INFO - Started process (PID=18422) to work on /home/airflow/.local/lib/python3.12/site-packages/airflow/example_dags/example_sensors.py
[2025-03-31T07:21:41.676+0000] {processor.py:914} INFO - Processing file /home/airflow/.local/lib/python3.12/site-packages/airflow/example_dags/example_sensors.py for tasks to queue
[2025-03-31T07:21:41.680+0000] {logging_mixin.py:190} INFO - [2025-03-31T07:21:41.680+0000] {dagbag.py:588} INFO - Filling up the DagBag from /home/airflow/.local/lib/python3.12/site-packages/airflow/example_dags/example_sensors.py
[2025-03-31T07:21:41.697+0000] {processor.py:925} INFO - DAG(s) 'example_sensors' retrieved from /home/airflow/.local/lib/python3.12/site-packages/airflow/example_dags/example_sensors.py
[2025-03-31T07:21:41.735+0000] {logging_mixin.py:190} INFO - [2025-03-31T07:21:41.735+0000] {dag.py:3239} INFO - Sync 1 DAGs
[2025-03-31T07:21:41.754+0000] {logging_mixin.py:190} INFO - [2025-03-31T07:21:41.753+0000] {dag.py:4180} INFO - Setting next_dagrun for example_sensors to None, run_after=None
[2025-03-31T07:21:41.783+0000] {processor.py:208} INFO - Processing /home/airflow/.local/lib/python3.12/site-packages/airflow/example_dags/example_sensors.py took 0.117 seconds
[2025-03-31T07:22:12.586+0000] {processor.py:186} INFO - Started process (PID=18711) to work on /home/airflow/.local/lib/python3.12/site-packages/airflow/example_dags/example_sensors.py
[2025-03-31T07:22:12.587+0000] {processor.py:914} INFO - Processing file /home/airflow/.local/lib/python3.12/site-packages/airflow/example_dags/example_sensors.py for tasks to queue
[2025-03-31T07:22:12.590+0000] {logging_mixin.py:190} INFO - [2025-03-31T07:22:12.590+0000] {dagbag.py:588} INFO - Filling up the DagBag from /home/airflow/.local/lib/python3.12/site-packages/airflow/example_dags/example_sensors.py
[2025-03-31T07:22:12.607+0000] {processor.py:925} INFO - DAG(s) 'example_sensors' retrieved from /home/airflow/.local/lib/python3.12/site-packages/airflow/example_dags/example_sensors.py
[2025-03-31T07:22:12.647+0000] {logging_mixin.py:190} INFO - [2025-03-31T07:22:12.647+0000] {dag.py:3239} INFO - Sync 1 DAGs
[2025-03-31T07:22:12.668+0000] {logging_mixin.py:190} INFO - [2025-03-31T07:22:12.668+0000] {dag.py:4180} INFO - Setting next_dagrun for example_sensors to None, run_after=None
[2025-03-31T07:22:12.698+0000] {processor.py:208} INFO - Processing /home/airflow/.local/lib/python3.12/site-packages/airflow/example_dags/example_sensors.py took 0.123 seconds
[2025-03-31T07:22:42.951+0000] {processor.py:186} INFO - Started process (PID=19004) to work on /home/airflow/.local/lib/python3.12/site-packages/airflow/example_dags/example_sensors.py
[2025-03-31T07:22:42.952+0000] {processor.py:914} INFO - Processing file /home/airflow/.local/lib/python3.12/site-packages/airflow/example_dags/example_sensors.py for tasks to queue
[2025-03-31T07:22:42.955+0000] {logging_mixin.py:190} INFO - [2025-03-31T07:22:42.954+0000] {dagbag.py:588} INFO - Filling up the DagBag from /home/airflow/.local/lib/python3.12/site-packages/airflow/example_dags/example_sensors.py
[2025-03-31T07:22:42.972+0000] {processor.py:925} INFO - DAG(s) 'example_sensors' retrieved from /home/airflow/.local/lib/python3.12/site-packages/airflow/example_dags/example_sensors.py
[2025-03-31T07:22:43.010+0000] {logging_mixin.py:190} INFO - [2025-03-31T07:22:43.009+0000] {dag.py:3239} INFO - Sync 1 DAGs
[2025-03-31T07:22:43.031+0000] {logging_mixin.py:190} INFO - [2025-03-31T07:22:43.031+0000] {dag.py:4180} INFO - Setting next_dagrun for example_sensors to None, run_after=None
[2025-03-31T07:22:43.057+0000] {processor.py:208} INFO - Processing /home/airflow/.local/lib/python3.12/site-packages/airflow/example_dags/example_sensors.py took 0.116 seconds
[2025-03-31T07:23:13.251+0000] {processor.py:186} INFO - Started process (PID=19292) to work on /home/airflow/.local/lib/python3.12/site-packages/airflow/example_dags/example_sensors.py
[2025-03-31T07:23:13.252+0000] {processor.py:914} INFO - Processing file /home/airflow/.local/lib/python3.12/site-packages/airflow/example_dags/example_sensors.py for tasks to queue
[2025-03-31T07:23:13.255+0000] {logging_mixin.py:190} INFO - [2025-03-31T07:23:13.254+0000] {dagbag.py:588} INFO - Filling up the DagBag from /home/airflow/.local/lib/python3.12/site-packages/airflow/example_dags/example_sensors.py
[2025-03-31T07:23:13.267+0000] {processor.py:925} INFO - DAG(s) 'example_sensors' retrieved from /home/airflow/.local/lib/python3.12/site-packages/airflow/example_dags/example_sensors.py
[2025-03-31T07:23:13.295+0000] {logging_mixin.py:190} INFO - [2025-03-31T07:23:13.294+0000] {dag.py:3239} INFO - Sync 1 DAGs
[2025-03-31T07:23:13.340+0000] {logging_mixin.py:190} INFO - [2025-03-31T07:23:13.340+0000] {dag.py:4180} INFO - Setting next_dagrun for example_sensors to None, run_after=None
[2025-03-31T07:23:13.376+0000] {processor.py:208} INFO - Processing /home/airflow/.local/lib/python3.12/site-packages/airflow/example_dags/example_sensors.py took 0.132 seconds
[2025-03-31T07:23:43.811+0000] {processor.py:186} INFO - Started process (PID=19583) to work on /home/airflow/.local/lib/python3.12/site-packages/airflow/example_dags/example_sensors.py
[2025-03-31T07:23:43.812+0000] {processor.py:914} INFO - Processing file /home/airflow/.local/lib/python3.12/site-packages/airflow/example_dags/example_sensors.py for tasks to queue
[2025-03-31T07:23:43.815+0000] {logging_mixin.py:190} INFO - [2025-03-31T07:23:43.815+0000] {dagbag.py:588} INFO - Filling up the DagBag from /home/airflow/.local/lib/python3.12/site-packages/airflow/example_dags/example_sensors.py
[2025-03-31T07:23:43.834+0000] {processor.py:925} INFO - DAG(s) 'example_sensors' retrieved from /home/airflow/.local/lib/python3.12/site-packages/airflow/example_dags/example_sensors.py
[2025-03-31T07:23:43.865+0000] {logging_mixin.py:190} INFO - [2025-03-31T07:23:43.865+0000] {dag.py:3239} INFO - Sync 1 DAGs
[2025-03-31T07:23:43.880+0000] {logging_mixin.py:190} INFO - [2025-03-31T07:23:43.880+0000] {dag.py:4180} INFO - Setting next_dagrun for example_sensors to None, run_after=None
[2025-03-31T07:23:43.914+0000] {processor.py:208} INFO - Processing /home/airflow/.local/lib/python3.12/site-packages/airflow/example_dags/example_sensors.py took 0.111 seconds
[2025-03-31T07:24:14.188+0000] {processor.py:186} INFO - Started process (PID=19874) to work on /home/airflow/.local/lib/python3.12/site-packages/airflow/example_dags/example_sensors.py
[2025-03-31T07:24:14.189+0000] {processor.py:914} INFO - Processing file /home/airflow/.local/lib/python3.12/site-packages/airflow/example_dags/example_sensors.py for tasks to queue
[2025-03-31T07:24:14.192+0000] {logging_mixin.py:190} INFO - [2025-03-31T07:24:14.191+0000] {dagbag.py:588} INFO - Filling up the DagBag from /home/airflow/.local/lib/python3.12/site-packages/airflow/example_dags/example_sensors.py
[2025-03-31T07:24:14.204+0000] {processor.py:925} INFO - DAG(s) 'example_sensors' retrieved from /home/airflow/.local/lib/python3.12/site-packages/airflow/example_dags/example_sensors.py
[2025-03-31T07:24:14.233+0000] {logging_mixin.py:190} INFO - [2025-03-31T07:24:14.233+0000] {dag.py:3239} INFO - Sync 1 DAGs
[2025-03-31T07:24:14.248+0000] {logging_mixin.py:190} INFO - [2025-03-31T07:24:14.248+0000] {dag.py:4180} INFO - Setting next_dagrun for example_sensors to None, run_after=None
[2025-03-31T07:24:14.267+0000] {processor.py:208} INFO - Processing /home/airflow/.local/lib/python3.12/site-packages/airflow/example_dags/example_sensors.py took 0.085 seconds
[2025-03-31T07:24:44.643+0000] {processor.py:186} INFO - Started process (PID=20165) to work on /home/airflow/.local/lib/python3.12/site-packages/airflow/example_dags/example_sensors.py
[2025-03-31T07:24:44.644+0000] {processor.py:914} INFO - Processing file /home/airflow/.local/lib/python3.12/site-packages/airflow/example_dags/example_sensors.py for tasks to queue
[2025-03-31T07:24:44.646+0000] {logging_mixin.py:190} INFO - [2025-03-31T07:24:44.646+0000] {dagbag.py:588} INFO - Filling up the DagBag from /home/airflow/.local/lib/python3.12/site-packages/airflow/example_dags/example_sensors.py
[2025-03-31T07:24:44.658+0000] {processor.py:925} INFO - DAG(s) 'example_sensors' retrieved from /home/airflow/.local/lib/python3.12/site-packages/airflow/example_dags/example_sensors.py
[2025-03-31T07:24:44.683+0000] {logging_mixin.py:190} INFO - [2025-03-31T07:24:44.683+0000] {dag.py:3239} INFO - Sync 1 DAGs
[2025-03-31T07:24:44.697+0000] {logging_mixin.py:190} INFO - [2025-03-31T07:24:44.697+0000] {dag.py:4180} INFO - Setting next_dagrun for example_sensors to None, run_after=None
[2025-03-31T07:24:44.717+0000] {processor.py:208} INFO - Processing /home/airflow/.local/lib/python3.12/site-packages/airflow/example_dags/example_sensors.py took 0.080 seconds
[2025-03-31T07:25:15.528+0000] {processor.py:186} INFO - Started process (PID=20462) to work on /home/airflow/.local/lib/python3.12/site-packages/airflow/example_dags/example_sensors.py
[2025-03-31T07:25:15.529+0000] {processor.py:914} INFO - Processing file /home/airflow/.local/lib/python3.12/site-packages/airflow/example_dags/example_sensors.py for tasks to queue
[2025-03-31T07:25:15.535+0000] {logging_mixin.py:190} INFO - [2025-03-31T07:25:15.535+0000] {dagbag.py:588} INFO - Filling up the DagBag from /home/airflow/.local/lib/python3.12/site-packages/airflow/example_dags/example_sensors.py
[2025-03-31T07:25:15.551+0000] {processor.py:925} INFO - DAG(s) 'example_sensors' retrieved from /home/airflow/.local/lib/python3.12/site-packages/airflow/example_dags/example_sensors.py
[2025-03-31T07:25:15.588+0000] {logging_mixin.py:190} INFO - [2025-03-31T07:25:15.588+0000] {dag.py:3239} INFO - Sync 1 DAGs
[2025-03-31T07:25:15.609+0000] {logging_mixin.py:190} INFO - [2025-03-31T07:25:15.608+0000] {dag.py:4180} INFO - Setting next_dagrun for example_sensors to None, run_after=None
[2025-03-31T07:25:15.636+0000] {processor.py:208} INFO - Processing /home/airflow/.local/lib/python3.12/site-packages/airflow/example_dags/example_sensors.py took 0.116 seconds
