[2025-03-31T06:47:39.535+0000] {processor.py:186} INFO - Started process (PID=379) to work on /home/airflow/.local/lib/python3.12/site-packages/airflow/example_dags/example_display_name.py
[2025-03-31T06:47:39.536+0000] {processor.py:914} INFO - Processing file /home/airflow/.local/lib/python3.12/site-packages/airflow/example_dags/example_display_name.py for tasks to queue
[2025-03-31T06:47:39.539+0000] {logging_mixin.py:190} INFO - [2025-03-31T06:47:39.539+0000] {dagbag.py:588} INFO - Filling up the DagBag from /home/airflow/.local/lib/python3.12/site-packages/airflow/example_dags/example_display_name.py
[2025-03-31T06:47:39.549+0000] {processor.py:925} INFO - DAG(s) 'example_display_name' retrieved from /home/airflow/.local/lib/python3.12/site-packages/airflow/example_dags/example_display_name.py
[2025-03-31T06:47:39.676+0000] {logging_mixin.py:190} INFO - [2025-03-31T06:47:39.676+0000] {override.py:1912} INFO - Created Permission View: can read on DAG:example_display_name
[2025-03-31T06:47:39.688+0000] {logging_mixin.py:190} INFO - [2025-03-31T06:47:39.688+0000] {override.py:1912} INFO - Created Permission View: can delete on DAG:example_display_name
[2025-03-31T06:47:39.697+0000] {logging_mixin.py:190} INFO - [2025-03-31T06:47:39.697+0000] {override.py:1912} INFO - Created Permission View: can edit on DAG:example_display_name
[2025-03-31T06:47:39.705+0000] {logging_mixin.py:190} INFO - [2025-03-31T06:47:39.705+0000] {override.py:1912} INFO - Created Permission View: can read on DAG Run:example_display_name
[2025-03-31T06:47:39.714+0000] {logging_mixin.py:190} INFO - [2025-03-31T06:47:39.714+0000] {override.py:1912} INFO - Created Permission View: can delete on DAG Run:example_display_name
[2025-03-31T06:47:39.721+0000] {logging_mixin.py:190} INFO - [2025-03-31T06:47:39.721+0000] {override.py:1912} INFO - Created Permission View: menu access on DAG Run:example_display_name
[2025-03-31T06:47:39.728+0000] {logging_mixin.py:190} INFO - [2025-03-31T06:47:39.728+0000] {override.py:1912} INFO - Created Permission View: can create on DAG Run:example_display_name
[2025-03-31T06:47:39.729+0000] {logging_mixin.py:190} INFO - [2025-03-31T06:47:39.729+0000] {dag.py:3239} INFO - Sync 1 DAGs
[2025-03-31T06:47:39.744+0000] {logging_mixin.py:190} INFO - [2025-03-31T06:47:39.744+0000] {dag.py:3262} INFO - Creating ORM DAG for example_display_name
[2025-03-31T06:47:39.745+0000] {logging_mixin.py:190} INFO - [2025-03-31T06:47:39.745+0000] {dag.py:4180} INFO - Setting next_dagrun for example_display_name to None, run_after=None
[2025-03-31T06:47:39.765+0000] {processor.py:208} INFO - Processing /home/airflow/.local/lib/python3.12/site-packages/airflow/example_dags/example_display_name.py took 0.237 seconds
[2025-03-31T06:48:10.196+0000] {processor.py:186} INFO - Started process (PID=670) to work on /home/airflow/.local/lib/python3.12/site-packages/airflow/example_dags/example_display_name.py
[2025-03-31T06:48:10.198+0000] {processor.py:914} INFO - Processing file /home/airflow/.local/lib/python3.12/site-packages/airflow/example_dags/example_display_name.py for tasks to queue
[2025-03-31T06:48:10.200+0000] {logging_mixin.py:190} INFO - [2025-03-31T06:48:10.200+0000] {dagbag.py:588} INFO - Filling up the DagBag from /home/airflow/.local/lib/python3.12/site-packages/airflow/example_dags/example_display_name.py
[2025-03-31T06:48:10.209+0000] {processor.py:925} INFO - DAG(s) 'example_display_name' retrieved from /home/airflow/.local/lib/python3.12/site-packages/airflow/example_dags/example_display_name.py
[2025-03-31T06:48:10.230+0000] {logging_mixin.py:190} INFO - [2025-03-31T06:48:10.230+0000] {dag.py:3239} INFO - Sync 1 DAGs
[2025-03-31T06:48:10.246+0000] {logging_mixin.py:190} INFO - [2025-03-31T06:48:10.246+0000] {dag.py:4180} INFO - Setting next_dagrun for example_display_name to None, run_after=None
[2025-03-31T06:48:10.266+0000] {processor.py:208} INFO - Processing /home/airflow/.local/lib/python3.12/site-packages/airflow/example_dags/example_display_name.py took 0.076 seconds
[2025-03-31T06:48:40.930+0000] {processor.py:186} INFO - Started process (PID=963) to work on /home/airflow/.local/lib/python3.12/site-packages/airflow/example_dags/example_display_name.py
[2025-03-31T06:48:40.931+0000] {processor.py:914} INFO - Processing file /home/airflow/.local/lib/python3.12/site-packages/airflow/example_dags/example_display_name.py for tasks to queue
[2025-03-31T06:48:40.934+0000] {logging_mixin.py:190} INFO - [2025-03-31T06:48:40.933+0000] {dagbag.py:588} INFO - Filling up the DagBag from /home/airflow/.local/lib/python3.12/site-packages/airflow/example_dags/example_display_name.py
[2025-03-31T06:48:40.942+0000] {processor.py:925} INFO - DAG(s) 'example_display_name' retrieved from /home/airflow/.local/lib/python3.12/site-packages/airflow/example_dags/example_display_name.py
[2025-03-31T06:48:40.960+0000] {logging_mixin.py:190} INFO - [2025-03-31T06:48:40.960+0000] {dag.py:3239} INFO - Sync 1 DAGs
[2025-03-31T06:48:40.974+0000] {logging_mixin.py:190} INFO - [2025-03-31T06:48:40.974+0000] {dag.py:4180} INFO - Setting next_dagrun for example_display_name to None, run_after=None
[2025-03-31T06:48:40.996+0000] {processor.py:208} INFO - Processing /home/airflow/.local/lib/python3.12/site-packages/airflow/example_dags/example_display_name.py took 0.072 seconds
[2025-03-31T06:49:42.433+0000] {processor.py:186} INFO - Started process (PID=380) to work on /home/airflow/.local/lib/python3.12/site-packages/airflow/example_dags/example_display_name.py
[2025-03-31T06:49:42.434+0000] {processor.py:914} INFO - Processing file /home/airflow/.local/lib/python3.12/site-packages/airflow/example_dags/example_display_name.py for tasks to queue
[2025-03-31T06:49:42.436+0000] {logging_mixin.py:190} INFO - [2025-03-31T06:49:42.436+0000] {dagbag.py:588} INFO - Filling up the DagBag from /home/airflow/.local/lib/python3.12/site-packages/airflow/example_dags/example_display_name.py
[2025-03-31T06:49:42.445+0000] {processor.py:925} INFO - DAG(s) 'example_display_name' retrieved from /home/airflow/.local/lib/python3.12/site-packages/airflow/example_dags/example_display_name.py
[2025-03-31T06:49:42.468+0000] {logging_mixin.py:190} INFO - [2025-03-31T06:49:42.468+0000] {dag.py:3239} INFO - Sync 1 DAGs
[2025-03-31T06:49:42.485+0000] {logging_mixin.py:190} INFO - [2025-03-31T06:49:42.484+0000] {dag.py:4180} INFO - Setting next_dagrun for example_display_name to None, run_after=None
[2025-03-31T06:49:42.506+0000] {processor.py:208} INFO - Processing /home/airflow/.local/lib/python3.12/site-packages/airflow/example_dags/example_display_name.py took 0.079 seconds
[2025-03-31T06:50:13.471+0000] {processor.py:186} INFO - Started process (PID=673) to work on /home/airflow/.local/lib/python3.12/site-packages/airflow/example_dags/example_display_name.py
[2025-03-31T06:50:13.472+0000] {processor.py:914} INFO - Processing file /home/airflow/.local/lib/python3.12/site-packages/airflow/example_dags/example_display_name.py for tasks to queue
[2025-03-31T06:50:13.474+0000] {logging_mixin.py:190} INFO - [2025-03-31T06:50:13.474+0000] {dagbag.py:588} INFO - Filling up the DagBag from /home/airflow/.local/lib/python3.12/site-packages/airflow/example_dags/example_display_name.py
[2025-03-31T06:50:13.482+0000] {processor.py:925} INFO - DAG(s) 'example_display_name' retrieved from /home/airflow/.local/lib/python3.12/site-packages/airflow/example_dags/example_display_name.py
[2025-03-31T06:50:13.506+0000] {logging_mixin.py:190} INFO - [2025-03-31T06:50:13.505+0000] {dag.py:3239} INFO - Sync 1 DAGs
[2025-03-31T06:50:13.520+0000] {logging_mixin.py:190} INFO - [2025-03-31T06:50:13.520+0000] {dag.py:4180} INFO - Setting next_dagrun for example_display_name to None, run_after=None
[2025-03-31T06:50:13.538+0000] {processor.py:208} INFO - Processing /home/airflow/.local/lib/python3.12/site-packages/airflow/example_dags/example_display_name.py took 0.073 seconds
[2025-03-31T06:50:44.413+0000] {processor.py:186} INFO - Started process (PID=962) to work on /home/airflow/.local/lib/python3.12/site-packages/airflow/example_dags/example_display_name.py
[2025-03-31T06:50:44.414+0000] {processor.py:914} INFO - Processing file /home/airflow/.local/lib/python3.12/site-packages/airflow/example_dags/example_display_name.py for tasks to queue
[2025-03-31T06:50:44.416+0000] {logging_mixin.py:190} INFO - [2025-03-31T06:50:44.416+0000] {dagbag.py:588} INFO - Filling up the DagBag from /home/airflow/.local/lib/python3.12/site-packages/airflow/example_dags/example_display_name.py
[2025-03-31T06:50:44.426+0000] {processor.py:925} INFO - DAG(s) 'example_display_name' retrieved from /home/airflow/.local/lib/python3.12/site-packages/airflow/example_dags/example_display_name.py
[2025-03-31T06:50:44.445+0000] {logging_mixin.py:190} INFO - [2025-03-31T06:50:44.445+0000] {dag.py:3239} INFO - Sync 1 DAGs
[2025-03-31T06:50:44.460+0000] {logging_mixin.py:190} INFO - [2025-03-31T06:50:44.460+0000] {dag.py:4180} INFO - Setting next_dagrun for example_display_name to None, run_after=None
[2025-03-31T06:50:44.478+0000] {processor.py:208} INFO - Processing /home/airflow/.local/lib/python3.12/site-packages/airflow/example_dags/example_display_name.py took 0.073 seconds
[2025-03-31T06:51:15.923+0000] {processor.py:186} INFO - Started process (PID=1248) to work on /home/airflow/.local/lib/python3.12/site-packages/airflow/example_dags/example_display_name.py
[2025-03-31T06:51:15.924+0000] {processor.py:914} INFO - Processing file /home/airflow/.local/lib/python3.12/site-packages/airflow/example_dags/example_display_name.py for tasks to queue
[2025-03-31T06:51:15.927+0000] {logging_mixin.py:190} INFO - [2025-03-31T06:51:15.927+0000] {dagbag.py:588} INFO - Filling up the DagBag from /home/airflow/.local/lib/python3.12/site-packages/airflow/example_dags/example_display_name.py
[2025-03-31T06:51:15.937+0000] {processor.py:925} INFO - DAG(s) 'example_display_name' retrieved from /home/airflow/.local/lib/python3.12/site-packages/airflow/example_dags/example_display_name.py
[2025-03-31T06:51:15.960+0000] {logging_mixin.py:190} INFO - [2025-03-31T06:51:15.960+0000] {dag.py:3239} INFO - Sync 1 DAGs
[2025-03-31T06:51:15.977+0000] {logging_mixin.py:190} INFO - [2025-03-31T06:51:15.977+0000] {dag.py:4180} INFO - Setting next_dagrun for example_display_name to None, run_after=None
[2025-03-31T06:51:16.001+0000] {processor.py:208} INFO - Processing /home/airflow/.local/lib/python3.12/site-packages/airflow/example_dags/example_display_name.py took 0.085 seconds
[2025-03-31T06:51:47.605+0000] {processor.py:186} INFO - Started process (PID=1546) to work on /home/airflow/.local/lib/python3.12/site-packages/airflow/example_dags/example_display_name.py
[2025-03-31T06:51:47.606+0000] {processor.py:914} INFO - Processing file /home/airflow/.local/lib/python3.12/site-packages/airflow/example_dags/example_display_name.py for tasks to queue
[2025-03-31T06:51:47.608+0000] {logging_mixin.py:190} INFO - [2025-03-31T06:51:47.608+0000] {dagbag.py:588} INFO - Filling up the DagBag from /home/airflow/.local/lib/python3.12/site-packages/airflow/example_dags/example_display_name.py
[2025-03-31T06:51:47.616+0000] {processor.py:925} INFO - DAG(s) 'example_display_name' retrieved from /home/airflow/.local/lib/python3.12/site-packages/airflow/example_dags/example_display_name.py
[2025-03-31T06:51:47.637+0000] {logging_mixin.py:190} INFO - [2025-03-31T06:51:47.637+0000] {dag.py:3239} INFO - Sync 1 DAGs
[2025-03-31T06:51:47.653+0000] {logging_mixin.py:190} INFO - [2025-03-31T06:51:47.652+0000] {dag.py:4180} INFO - Setting next_dagrun for example_display_name to None, run_after=None
[2025-03-31T06:51:47.671+0000] {processor.py:208} INFO - Processing /home/airflow/.local/lib/python3.12/site-packages/airflow/example_dags/example_display_name.py took 0.072 seconds
[2025-03-31T06:52:18.251+0000] {processor.py:186} INFO - Started process (PID=1835) to work on /home/airflow/.local/lib/python3.12/site-packages/airflow/example_dags/example_display_name.py
[2025-03-31T06:52:18.252+0000] {processor.py:914} INFO - Processing file /home/airflow/.local/lib/python3.12/site-packages/airflow/example_dags/example_display_name.py for tasks to queue
[2025-03-31T06:52:18.255+0000] {logging_mixin.py:190} INFO - [2025-03-31T06:52:18.254+0000] {dagbag.py:588} INFO - Filling up the DagBag from /home/airflow/.local/lib/python3.12/site-packages/airflow/example_dags/example_display_name.py
[2025-03-31T06:52:18.263+0000] {processor.py:925} INFO - DAG(s) 'example_display_name' retrieved from /home/airflow/.local/lib/python3.12/site-packages/airflow/example_dags/example_display_name.py
[2025-03-31T06:52:18.287+0000] {logging_mixin.py:190} INFO - [2025-03-31T06:52:18.287+0000] {dag.py:3239} INFO - Sync 1 DAGs
[2025-03-31T06:52:18.303+0000] {logging_mixin.py:190} INFO - [2025-03-31T06:52:18.303+0000] {dag.py:4180} INFO - Setting next_dagrun for example_display_name to None, run_after=None
[2025-03-31T06:52:18.326+0000] {processor.py:208} INFO - Processing /home/airflow/.local/lib/python3.12/site-packages/airflow/example_dags/example_display_name.py took 0.081 seconds
[2025-03-31T06:52:49.371+0000] {processor.py:186} INFO - Started process (PID=2126) to work on /home/airflow/.local/lib/python3.12/site-packages/airflow/example_dags/example_display_name.py
[2025-03-31T06:52:49.372+0000] {processor.py:914} INFO - Processing file /home/airflow/.local/lib/python3.12/site-packages/airflow/example_dags/example_display_name.py for tasks to queue
[2025-03-31T06:52:49.375+0000] {logging_mixin.py:190} INFO - [2025-03-31T06:52:49.375+0000] {dagbag.py:588} INFO - Filling up the DagBag from /home/airflow/.local/lib/python3.12/site-packages/airflow/example_dags/example_display_name.py
[2025-03-31T06:52:49.385+0000] {processor.py:925} INFO - DAG(s) 'example_display_name' retrieved from /home/airflow/.local/lib/python3.12/site-packages/airflow/example_dags/example_display_name.py
[2025-03-31T06:52:49.406+0000] {logging_mixin.py:190} INFO - [2025-03-31T06:52:49.406+0000] {dag.py:3239} INFO - Sync 1 DAGs
[2025-03-31T06:52:49.420+0000] {logging_mixin.py:190} INFO - [2025-03-31T06:52:49.420+0000] {dag.py:4180} INFO - Setting next_dagrun for example_display_name to None, run_after=None
[2025-03-31T06:52:49.438+0000] {processor.py:208} INFO - Processing /home/airflow/.local/lib/python3.12/site-packages/airflow/example_dags/example_display_name.py took 0.074 seconds
[2025-03-31T06:53:20.906+0000] {processor.py:186} INFO - Started process (PID=2412) to work on /home/airflow/.local/lib/python3.12/site-packages/airflow/example_dags/example_display_name.py
[2025-03-31T06:53:20.907+0000] {processor.py:914} INFO - Processing file /home/airflow/.local/lib/python3.12/site-packages/airflow/example_dags/example_display_name.py for tasks to queue
[2025-03-31T06:53:20.909+0000] {logging_mixin.py:190} INFO - [2025-03-31T06:53:20.909+0000] {dagbag.py:588} INFO - Filling up the DagBag from /home/airflow/.local/lib/python3.12/site-packages/airflow/example_dags/example_display_name.py
[2025-03-31T06:53:20.916+0000] {processor.py:925} INFO - DAG(s) 'example_display_name' retrieved from /home/airflow/.local/lib/python3.12/site-packages/airflow/example_dags/example_display_name.py
[2025-03-31T06:53:20.933+0000] {logging_mixin.py:190} INFO - [2025-03-31T06:53:20.933+0000] {dag.py:3239} INFO - Sync 1 DAGs
[2025-03-31T06:53:20.947+0000] {logging_mixin.py:190} INFO - [2025-03-31T06:53:20.947+0000] {dag.py:4180} INFO - Setting next_dagrun for example_display_name to None, run_after=None
[2025-03-31T06:53:20.963+0000] {processor.py:208} INFO - Processing /home/airflow/.local/lib/python3.12/site-packages/airflow/example_dags/example_display_name.py took 0.062 seconds
[2025-03-31T06:53:52.031+0000] {processor.py:186} INFO - Started process (PID=2703) to work on /home/airflow/.local/lib/python3.12/site-packages/airflow/example_dags/example_display_name.py
[2025-03-31T06:53:52.032+0000] {processor.py:914} INFO - Processing file /home/airflow/.local/lib/python3.12/site-packages/airflow/example_dags/example_display_name.py for tasks to queue
[2025-03-31T06:53:52.034+0000] {logging_mixin.py:190} INFO - [2025-03-31T06:53:52.034+0000] {dagbag.py:588} INFO - Filling up the DagBag from /home/airflow/.local/lib/python3.12/site-packages/airflow/example_dags/example_display_name.py
[2025-03-31T06:53:52.041+0000] {processor.py:925} INFO - DAG(s) 'example_display_name' retrieved from /home/airflow/.local/lib/python3.12/site-packages/airflow/example_dags/example_display_name.py
[2025-03-31T06:53:52.059+0000] {logging_mixin.py:190} INFO - [2025-03-31T06:53:52.058+0000] {dag.py:3239} INFO - Sync 1 DAGs
[2025-03-31T06:53:52.073+0000] {logging_mixin.py:190} INFO - [2025-03-31T06:53:52.073+0000] {dag.py:4180} INFO - Setting next_dagrun for example_display_name to None, run_after=None
[2025-03-31T06:53:52.091+0000] {processor.py:208} INFO - Processing /home/airflow/.local/lib/python3.12/site-packages/airflow/example_dags/example_display_name.py took 0.065 seconds
[2025-03-31T06:54:23.713+0000] {processor.py:186} INFO - Started process (PID=2994) to work on /home/airflow/.local/lib/python3.12/site-packages/airflow/example_dags/example_display_name.py
[2025-03-31T06:54:23.714+0000] {processor.py:914} INFO - Processing file /home/airflow/.local/lib/python3.12/site-packages/airflow/example_dags/example_display_name.py for tasks to queue
[2025-03-31T06:54:23.719+0000] {logging_mixin.py:190} INFO - [2025-03-31T06:54:23.718+0000] {dagbag.py:588} INFO - Filling up the DagBag from /home/airflow/.local/lib/python3.12/site-packages/airflow/example_dags/example_display_name.py
[2025-03-31T06:54:23.731+0000] {processor.py:925} INFO - DAG(s) 'example_display_name' retrieved from /home/airflow/.local/lib/python3.12/site-packages/airflow/example_dags/example_display_name.py
[2025-03-31T06:54:23.758+0000] {logging_mixin.py:190} INFO - [2025-03-31T06:54:23.758+0000] {dag.py:3239} INFO - Sync 1 DAGs
[2025-03-31T06:54:23.775+0000] {logging_mixin.py:190} INFO - [2025-03-31T06:54:23.774+0000] {dag.py:4180} INFO - Setting next_dagrun for example_display_name to None, run_after=None
[2025-03-31T06:54:23.798+0000] {processor.py:208} INFO - Processing /home/airflow/.local/lib/python3.12/site-packages/airflow/example_dags/example_display_name.py took 0.091 seconds
[2025-03-31T06:54:54.517+0000] {processor.py:186} INFO - Started process (PID=3285) to work on /home/airflow/.local/lib/python3.12/site-packages/airflow/example_dags/example_display_name.py
[2025-03-31T06:54:54.518+0000] {processor.py:914} INFO - Processing file /home/airflow/.local/lib/python3.12/site-packages/airflow/example_dags/example_display_name.py for tasks to queue
[2025-03-31T06:54:54.520+0000] {logging_mixin.py:190} INFO - [2025-03-31T06:54:54.520+0000] {dagbag.py:588} INFO - Filling up the DagBag from /home/airflow/.local/lib/python3.12/site-packages/airflow/example_dags/example_display_name.py
[2025-03-31T06:54:54.528+0000] {processor.py:925} INFO - DAG(s) 'example_display_name' retrieved from /home/airflow/.local/lib/python3.12/site-packages/airflow/example_dags/example_display_name.py
[2025-03-31T06:54:54.547+0000] {logging_mixin.py:190} INFO - [2025-03-31T06:54:54.547+0000] {dag.py:3239} INFO - Sync 1 DAGs
[2025-03-31T06:54:54.561+0000] {logging_mixin.py:190} INFO - [2025-03-31T06:54:54.561+0000] {dag.py:4180} INFO - Setting next_dagrun for example_display_name to None, run_after=None
[2025-03-31T06:54:54.580+0000] {processor.py:208} INFO - Processing /home/airflow/.local/lib/python3.12/site-packages/airflow/example_dags/example_display_name.py took 0.069 seconds
[2025-03-31T06:55:25.846+0000] {processor.py:186} INFO - Started process (PID=3580) to work on /home/airflow/.local/lib/python3.12/site-packages/airflow/example_dags/example_display_name.py
[2025-03-31T06:55:25.846+0000] {processor.py:914} INFO - Processing file /home/airflow/.local/lib/python3.12/site-packages/airflow/example_dags/example_display_name.py for tasks to queue
[2025-03-31T06:55:25.849+0000] {logging_mixin.py:190} INFO - [2025-03-31T06:55:25.848+0000] {dagbag.py:588} INFO - Filling up the DagBag from /home/airflow/.local/lib/python3.12/site-packages/airflow/example_dags/example_display_name.py
[2025-03-31T06:55:25.857+0000] {processor.py:925} INFO - DAG(s) 'example_display_name' retrieved from /home/airflow/.local/lib/python3.12/site-packages/airflow/example_dags/example_display_name.py
[2025-03-31T06:55:25.876+0000] {logging_mixin.py:190} INFO - [2025-03-31T06:55:25.876+0000] {dag.py:3239} INFO - Sync 1 DAGs
[2025-03-31T06:55:25.891+0000] {logging_mixin.py:190} INFO - [2025-03-31T06:55:25.891+0000] {dag.py:4180} INFO - Setting next_dagrun for example_display_name to None, run_after=None
[2025-03-31T06:55:25.908+0000] {processor.py:208} INFO - Processing /home/airflow/.local/lib/python3.12/site-packages/airflow/example_dags/example_display_name.py took 0.069 seconds
[2025-03-31T06:55:57.520+0000] {processor.py:186} INFO - Started process (PID=3875) to work on /home/airflow/.local/lib/python3.12/site-packages/airflow/example_dags/example_display_name.py
[2025-03-31T06:55:57.521+0000] {processor.py:914} INFO - Processing file /home/airflow/.local/lib/python3.12/site-packages/airflow/example_dags/example_display_name.py for tasks to queue
[2025-03-31T06:55:57.523+0000] {logging_mixin.py:190} INFO - [2025-03-31T06:55:57.523+0000] {dagbag.py:588} INFO - Filling up the DagBag from /home/airflow/.local/lib/python3.12/site-packages/airflow/example_dags/example_display_name.py
[2025-03-31T06:55:57.531+0000] {processor.py:925} INFO - DAG(s) 'example_display_name' retrieved from /home/airflow/.local/lib/python3.12/site-packages/airflow/example_dags/example_display_name.py
[2025-03-31T06:55:57.550+0000] {logging_mixin.py:190} INFO - [2025-03-31T06:55:57.549+0000] {dag.py:3239} INFO - Sync 1 DAGs
[2025-03-31T06:55:57.564+0000] {logging_mixin.py:190} INFO - [2025-03-31T06:55:57.564+0000] {dag.py:4180} INFO - Setting next_dagrun for example_display_name to None, run_after=None
[2025-03-31T06:55:57.582+0000] {processor.py:208} INFO - Processing /home/airflow/.local/lib/python3.12/site-packages/airflow/example_dags/example_display_name.py took 0.067 seconds
[2025-03-31T06:56:29.937+0000] {processor.py:186} INFO - Started process (PID=4166) to work on /home/airflow/.local/lib/python3.12/site-packages/airflow/example_dags/example_display_name.py
[2025-03-31T06:56:29.938+0000] {processor.py:914} INFO - Processing file /home/airflow/.local/lib/python3.12/site-packages/airflow/example_dags/example_display_name.py for tasks to queue
[2025-03-31T06:56:29.942+0000] {logging_mixin.py:190} INFO - [2025-03-31T06:56:29.942+0000] {dagbag.py:588} INFO - Filling up the DagBag from /home/airflow/.local/lib/python3.12/site-packages/airflow/example_dags/example_display_name.py
[2025-03-31T06:56:29.960+0000] {processor.py:925} INFO - DAG(s) 'example_display_name' retrieved from /home/airflow/.local/lib/python3.12/site-packages/airflow/example_dags/example_display_name.py
[2025-03-31T06:56:29.993+0000] {logging_mixin.py:190} INFO - [2025-03-31T06:56:29.992+0000] {dag.py:3239} INFO - Sync 1 DAGs
[2025-03-31T06:56:30.020+0000] {logging_mixin.py:190} INFO - [2025-03-31T06:56:30.019+0000] {dag.py:4180} INFO - Setting next_dagrun for example_display_name to None, run_after=None
[2025-03-31T06:56:30.054+0000] {processor.py:208} INFO - Processing /home/airflow/.local/lib/python3.12/site-packages/airflow/example_dags/example_display_name.py took 0.129 seconds
[2025-03-31T06:57:01.301+0000] {processor.py:186} INFO - Started process (PID=4457) to work on /home/airflow/.local/lib/python3.12/site-packages/airflow/example_dags/example_display_name.py
[2025-03-31T06:57:01.302+0000] {processor.py:914} INFO - Processing file /home/airflow/.local/lib/python3.12/site-packages/airflow/example_dags/example_display_name.py for tasks to queue
[2025-03-31T06:57:01.306+0000] {logging_mixin.py:190} INFO - [2025-03-31T06:57:01.305+0000] {dagbag.py:588} INFO - Filling up the DagBag from /home/airflow/.local/lib/python3.12/site-packages/airflow/example_dags/example_display_name.py
[2025-03-31T06:57:01.319+0000] {processor.py:925} INFO - DAG(s) 'example_display_name' retrieved from /home/airflow/.local/lib/python3.12/site-packages/airflow/example_dags/example_display_name.py
[2025-03-31T06:57:01.354+0000] {logging_mixin.py:190} INFO - [2025-03-31T06:57:01.354+0000] {dag.py:3239} INFO - Sync 1 DAGs
[2025-03-31T06:57:01.387+0000] {logging_mixin.py:190} INFO - [2025-03-31T06:57:01.386+0000] {dag.py:4180} INFO - Setting next_dagrun for example_display_name to None, run_after=None
[2025-03-31T06:57:01.424+0000] {processor.py:208} INFO - Processing /home/airflow/.local/lib/python3.12/site-packages/airflow/example_dags/example_display_name.py took 0.133 seconds
[2025-03-31T06:57:32.369+0000] {processor.py:186} INFO - Started process (PID=4748) to work on /home/airflow/.local/lib/python3.12/site-packages/airflow/example_dags/example_display_name.py
[2025-03-31T06:57:32.370+0000] {processor.py:914} INFO - Processing file /home/airflow/.local/lib/python3.12/site-packages/airflow/example_dags/example_display_name.py for tasks to queue
[2025-03-31T06:57:32.373+0000] {logging_mixin.py:190} INFO - [2025-03-31T06:57:32.373+0000] {dagbag.py:588} INFO - Filling up the DagBag from /home/airflow/.local/lib/python3.12/site-packages/airflow/example_dags/example_display_name.py
[2025-03-31T06:57:32.384+0000] {processor.py:925} INFO - DAG(s) 'example_display_name' retrieved from /home/airflow/.local/lib/python3.12/site-packages/airflow/example_dags/example_display_name.py
[2025-03-31T06:57:32.409+0000] {logging_mixin.py:190} INFO - [2025-03-31T06:57:32.408+0000] {dag.py:3239} INFO - Sync 1 DAGs
[2025-03-31T06:57:32.430+0000] {logging_mixin.py:190} INFO - [2025-03-31T06:57:32.430+0000] {dag.py:4180} INFO - Setting next_dagrun for example_display_name to None, run_after=None
[2025-03-31T06:57:32.459+0000] {processor.py:208} INFO - Processing /home/airflow/.local/lib/python3.12/site-packages/airflow/example_dags/example_display_name.py took 0.096 seconds
[2025-03-31T06:58:03.605+0000] {processor.py:186} INFO - Started process (PID=5039) to work on /home/airflow/.local/lib/python3.12/site-packages/airflow/example_dags/example_display_name.py
[2025-03-31T06:58:03.606+0000] {processor.py:914} INFO - Processing file /home/airflow/.local/lib/python3.12/site-packages/airflow/example_dags/example_display_name.py for tasks to queue
[2025-03-31T06:58:03.609+0000] {logging_mixin.py:190} INFO - [2025-03-31T06:58:03.609+0000] {dagbag.py:588} INFO - Filling up the DagBag from /home/airflow/.local/lib/python3.12/site-packages/airflow/example_dags/example_display_name.py
[2025-03-31T06:58:03.620+0000] {processor.py:925} INFO - DAG(s) 'example_display_name' retrieved from /home/airflow/.local/lib/python3.12/site-packages/airflow/example_dags/example_display_name.py
[2025-03-31T06:58:03.644+0000] {logging_mixin.py:190} INFO - [2025-03-31T06:58:03.643+0000] {dag.py:3239} INFO - Sync 1 DAGs
[2025-03-31T06:58:03.660+0000] {logging_mixin.py:190} INFO - [2025-03-31T06:58:03.660+0000] {dag.py:4180} INFO - Setting next_dagrun for example_display_name to None, run_after=None
[2025-03-31T06:58:03.684+0000] {processor.py:208} INFO - Processing /home/airflow/.local/lib/python3.12/site-packages/airflow/example_dags/example_display_name.py took 0.088 seconds
[2025-03-31T06:58:35.205+0000] {processor.py:186} INFO - Started process (PID=5330) to work on /home/airflow/.local/lib/python3.12/site-packages/airflow/example_dags/example_display_name.py
[2025-03-31T06:58:35.206+0000] {processor.py:914} INFO - Processing file /home/airflow/.local/lib/python3.12/site-packages/airflow/example_dags/example_display_name.py for tasks to queue
[2025-03-31T06:58:35.208+0000] {logging_mixin.py:190} INFO - [2025-03-31T06:58:35.208+0000] {dagbag.py:588} INFO - Filling up the DagBag from /home/airflow/.local/lib/python3.12/site-packages/airflow/example_dags/example_display_name.py
[2025-03-31T06:58:35.219+0000] {processor.py:925} INFO - DAG(s) 'example_display_name' retrieved from /home/airflow/.local/lib/python3.12/site-packages/airflow/example_dags/example_display_name.py
[2025-03-31T06:58:35.243+0000] {logging_mixin.py:190} INFO - [2025-03-31T06:58:35.242+0000] {dag.py:3239} INFO - Sync 1 DAGs
[2025-03-31T06:58:35.261+0000] {logging_mixin.py:190} INFO - [2025-03-31T06:58:35.260+0000] {dag.py:4180} INFO - Setting next_dagrun for example_display_name to None, run_after=None
[2025-03-31T06:58:35.284+0000] {processor.py:208} INFO - Processing /home/airflow/.local/lib/python3.12/site-packages/airflow/example_dags/example_display_name.py took 0.087 seconds
[2025-03-31T06:59:06.555+0000] {processor.py:186} INFO - Started process (PID=5626) to work on /home/airflow/.local/lib/python3.12/site-packages/airflow/example_dags/example_display_name.py
[2025-03-31T06:59:06.556+0000] {processor.py:914} INFO - Processing file /home/airflow/.local/lib/python3.12/site-packages/airflow/example_dags/example_display_name.py for tasks to queue
[2025-03-31T06:59:06.559+0000] {logging_mixin.py:190} INFO - [2025-03-31T06:59:06.558+0000] {dagbag.py:588} INFO - Filling up the DagBag from /home/airflow/.local/lib/python3.12/site-packages/airflow/example_dags/example_display_name.py
[2025-03-31T06:59:06.568+0000] {processor.py:925} INFO - DAG(s) 'example_display_name' retrieved from /home/airflow/.local/lib/python3.12/site-packages/airflow/example_dags/example_display_name.py
[2025-03-31T06:59:06.590+0000] {logging_mixin.py:190} INFO - [2025-03-31T06:59:06.590+0000] {dag.py:3239} INFO - Sync 1 DAGs
[2025-03-31T06:59:06.606+0000] {logging_mixin.py:190} INFO - [2025-03-31T06:59:06.606+0000] {dag.py:4180} INFO - Setting next_dagrun for example_display_name to None, run_after=None
[2025-03-31T06:59:06.626+0000] {processor.py:208} INFO - Processing /home/airflow/.local/lib/python3.12/site-packages/airflow/example_dags/example_display_name.py took 0.078 seconds
[2025-03-31T06:59:37.810+0000] {processor.py:186} INFO - Started process (PID=5917) to work on /home/airflow/.local/lib/python3.12/site-packages/airflow/example_dags/example_display_name.py
[2025-03-31T06:59:37.811+0000] {processor.py:914} INFO - Processing file /home/airflow/.local/lib/python3.12/site-packages/airflow/example_dags/example_display_name.py for tasks to queue
[2025-03-31T06:59:37.813+0000] {logging_mixin.py:190} INFO - [2025-03-31T06:59:37.813+0000] {dagbag.py:588} INFO - Filling up the DagBag from /home/airflow/.local/lib/python3.12/site-packages/airflow/example_dags/example_display_name.py
[2025-03-31T06:59:37.822+0000] {processor.py:925} INFO - DAG(s) 'example_display_name' retrieved from /home/airflow/.local/lib/python3.12/site-packages/airflow/example_dags/example_display_name.py
[2025-03-31T06:59:37.843+0000] {logging_mixin.py:190} INFO - [2025-03-31T06:59:37.843+0000] {dag.py:3239} INFO - Sync 1 DAGs
[2025-03-31T06:59:37.861+0000] {logging_mixin.py:190} INFO - [2025-03-31T06:59:37.860+0000] {dag.py:4180} INFO - Setting next_dagrun for example_display_name to None, run_after=None
[2025-03-31T06:59:37.881+0000] {processor.py:208} INFO - Processing /home/airflow/.local/lib/python3.12/site-packages/airflow/example_dags/example_display_name.py took 0.078 seconds
[2025-03-31T07:00:09.213+0000] {processor.py:186} INFO - Started process (PID=6203) to work on /home/airflow/.local/lib/python3.12/site-packages/airflow/example_dags/example_display_name.py
[2025-03-31T07:00:09.214+0000] {processor.py:914} INFO - Processing file /home/airflow/.local/lib/python3.12/site-packages/airflow/example_dags/example_display_name.py for tasks to queue
[2025-03-31T07:00:09.217+0000] {logging_mixin.py:190} INFO - [2025-03-31T07:00:09.217+0000] {dagbag.py:588} INFO - Filling up the DagBag from /home/airflow/.local/lib/python3.12/site-packages/airflow/example_dags/example_display_name.py
[2025-03-31T07:00:09.225+0000] {processor.py:925} INFO - DAG(s) 'example_display_name' retrieved from /home/airflow/.local/lib/python3.12/site-packages/airflow/example_dags/example_display_name.py
[2025-03-31T07:00:09.247+0000] {logging_mixin.py:190} INFO - [2025-03-31T07:00:09.247+0000] {dag.py:3239} INFO - Sync 1 DAGs
[2025-03-31T07:00:09.264+0000] {logging_mixin.py:190} INFO - [2025-03-31T07:00:09.264+0000] {dag.py:4180} INFO - Setting next_dagrun for example_display_name to None, run_after=None
[2025-03-31T07:00:09.285+0000] {processor.py:208} INFO - Processing /home/airflow/.local/lib/python3.12/site-packages/airflow/example_dags/example_display_name.py took 0.078 seconds
[2025-03-31T07:00:40.760+0000] {processor.py:186} INFO - Started process (PID=6494) to work on /home/airflow/.local/lib/python3.12/site-packages/airflow/example_dags/example_display_name.py
[2025-03-31T07:00:40.761+0000] {processor.py:914} INFO - Processing file /home/airflow/.local/lib/python3.12/site-packages/airflow/example_dags/example_display_name.py for tasks to queue
[2025-03-31T07:00:40.764+0000] {logging_mixin.py:190} INFO - [2025-03-31T07:00:40.763+0000] {dagbag.py:588} INFO - Filling up the DagBag from /home/airflow/.local/lib/python3.12/site-packages/airflow/example_dags/example_display_name.py
[2025-03-31T07:00:40.772+0000] {processor.py:925} INFO - DAG(s) 'example_display_name' retrieved from /home/airflow/.local/lib/python3.12/site-packages/airflow/example_dags/example_display_name.py
[2025-03-31T07:00:40.796+0000] {logging_mixin.py:190} INFO - [2025-03-31T07:00:40.796+0000] {dag.py:3239} INFO - Sync 1 DAGs
[2025-03-31T07:00:40.813+0000] {logging_mixin.py:190} INFO - [2025-03-31T07:00:40.813+0000] {dag.py:4180} INFO - Setting next_dagrun for example_display_name to None, run_after=None
[2025-03-31T07:00:40.834+0000] {processor.py:208} INFO - Processing /home/airflow/.local/lib/python3.12/site-packages/airflow/example_dags/example_display_name.py took 0.080 seconds
[2025-03-31T07:01:12.007+0000] {processor.py:186} INFO - Started process (PID=6796) to work on /home/airflow/.local/lib/python3.12/site-packages/airflow/example_dags/example_display_name.py
[2025-03-31T07:01:12.008+0000] {processor.py:914} INFO - Processing file /home/airflow/.local/lib/python3.12/site-packages/airflow/example_dags/example_display_name.py for tasks to queue
[2025-03-31T07:01:12.011+0000] {logging_mixin.py:190} INFO - [2025-03-31T07:01:12.010+0000] {dagbag.py:588} INFO - Filling up the DagBag from /home/airflow/.local/lib/python3.12/site-packages/airflow/example_dags/example_display_name.py
[2025-03-31T07:01:12.018+0000] {processor.py:925} INFO - DAG(s) 'example_display_name' retrieved from /home/airflow/.local/lib/python3.12/site-packages/airflow/example_dags/example_display_name.py
[2025-03-31T07:01:12.038+0000] {logging_mixin.py:190} INFO - [2025-03-31T07:01:12.037+0000] {dag.py:3239} INFO - Sync 1 DAGs
[2025-03-31T07:01:12.052+0000] {logging_mixin.py:190} INFO - [2025-03-31T07:01:12.052+0000] {dag.py:4180} INFO - Setting next_dagrun for example_display_name to None, run_after=None
[2025-03-31T07:01:12.070+0000] {processor.py:208} INFO - Processing /home/airflow/.local/lib/python3.12/site-packages/airflow/example_dags/example_display_name.py took 0.068 seconds
[2025-03-31T07:01:42.677+0000] {processor.py:186} INFO - Started process (PID=7082) to work on /home/airflow/.local/lib/python3.12/site-packages/airflow/example_dags/example_display_name.py
[2025-03-31T07:01:42.678+0000] {processor.py:914} INFO - Processing file /home/airflow/.local/lib/python3.12/site-packages/airflow/example_dags/example_display_name.py for tasks to queue
[2025-03-31T07:01:42.680+0000] {logging_mixin.py:190} INFO - [2025-03-31T07:01:42.680+0000] {dagbag.py:588} INFO - Filling up the DagBag from /home/airflow/.local/lib/python3.12/site-packages/airflow/example_dags/example_display_name.py
[2025-03-31T07:01:42.688+0000] {processor.py:925} INFO - DAG(s) 'example_display_name' retrieved from /home/airflow/.local/lib/python3.12/site-packages/airflow/example_dags/example_display_name.py
[2025-03-31T07:01:42.707+0000] {logging_mixin.py:190} INFO - [2025-03-31T07:01:42.707+0000] {dag.py:3239} INFO - Sync 1 DAGs
[2025-03-31T07:01:42.724+0000] {logging_mixin.py:190} INFO - [2025-03-31T07:01:42.723+0000] {dag.py:4180} INFO - Setting next_dagrun for example_display_name to None, run_after=None
[2025-03-31T07:01:42.741+0000] {processor.py:208} INFO - Processing /home/airflow/.local/lib/python3.12/site-packages/airflow/example_dags/example_display_name.py took 0.070 seconds
[2025-03-31T07:02:14.112+0000] {processor.py:186} INFO - Started process (PID=7373) to work on /home/airflow/.local/lib/python3.12/site-packages/airflow/example_dags/example_display_name.py
[2025-03-31T07:02:14.113+0000] {processor.py:914} INFO - Processing file /home/airflow/.local/lib/python3.12/site-packages/airflow/example_dags/example_display_name.py for tasks to queue
[2025-03-31T07:02:14.115+0000] {logging_mixin.py:190} INFO - [2025-03-31T07:02:14.115+0000] {dagbag.py:588} INFO - Filling up the DagBag from /home/airflow/.local/lib/python3.12/site-packages/airflow/example_dags/example_display_name.py
[2025-03-31T07:02:14.124+0000] {processor.py:925} INFO - DAG(s) 'example_display_name' retrieved from /home/airflow/.local/lib/python3.12/site-packages/airflow/example_dags/example_display_name.py
[2025-03-31T07:02:14.143+0000] {logging_mixin.py:190} INFO - [2025-03-31T07:02:14.142+0000] {dag.py:3239} INFO - Sync 1 DAGs
[2025-03-31T07:02:14.157+0000] {logging_mixin.py:190} INFO - [2025-03-31T07:02:14.157+0000] {dag.py:4180} INFO - Setting next_dagrun for example_display_name to None, run_after=None
[2025-03-31T07:02:14.175+0000] {processor.py:208} INFO - Processing /home/airflow/.local/lib/python3.12/site-packages/airflow/example_dags/example_display_name.py took 0.069 seconds
[2025-03-31T07:02:44.994+0000] {processor.py:186} INFO - Started process (PID=7664) to work on /home/airflow/.local/lib/python3.12/site-packages/airflow/example_dags/example_display_name.py
[2025-03-31T07:02:44.995+0000] {processor.py:914} INFO - Processing file /home/airflow/.local/lib/python3.12/site-packages/airflow/example_dags/example_display_name.py for tasks to queue
[2025-03-31T07:02:44.997+0000] {logging_mixin.py:190} INFO - [2025-03-31T07:02:44.997+0000] {dagbag.py:588} INFO - Filling up the DagBag from /home/airflow/.local/lib/python3.12/site-packages/airflow/example_dags/example_display_name.py
[2025-03-31T07:02:45.006+0000] {processor.py:925} INFO - DAG(s) 'example_display_name' retrieved from /home/airflow/.local/lib/python3.12/site-packages/airflow/example_dags/example_display_name.py
[2025-03-31T07:02:45.025+0000] {logging_mixin.py:190} INFO - [2025-03-31T07:02:45.025+0000] {dag.py:3239} INFO - Sync 1 DAGs
[2025-03-31T07:02:45.040+0000] {logging_mixin.py:190} INFO - [2025-03-31T07:02:45.040+0000] {dag.py:4180} INFO - Setting next_dagrun for example_display_name to None, run_after=None
[2025-03-31T07:02:45.059+0000] {processor.py:208} INFO - Processing /home/airflow/.local/lib/python3.12/site-packages/airflow/example_dags/example_display_name.py took 0.071 seconds
[2025-03-31T07:03:16.286+0000] {processor.py:186} INFO - Started process (PID=7960) to work on /home/airflow/.local/lib/python3.12/site-packages/airflow/example_dags/example_display_name.py
[2025-03-31T07:03:16.287+0000] {processor.py:914} INFO - Processing file /home/airflow/.local/lib/python3.12/site-packages/airflow/example_dags/example_display_name.py for tasks to queue
[2025-03-31T07:03:16.292+0000] {logging_mixin.py:190} INFO - [2025-03-31T07:03:16.291+0000] {dagbag.py:588} INFO - Filling up the DagBag from /home/airflow/.local/lib/python3.12/site-packages/airflow/example_dags/example_display_name.py
[2025-03-31T07:03:16.303+0000] {processor.py:925} INFO - DAG(s) 'example_display_name' retrieved from /home/airflow/.local/lib/python3.12/site-packages/airflow/example_dags/example_display_name.py
[2025-03-31T07:03:16.328+0000] {logging_mixin.py:190} INFO - [2025-03-31T07:03:16.327+0000] {dag.py:3239} INFO - Sync 1 DAGs
[2025-03-31T07:03:16.342+0000] {logging_mixin.py:190} INFO - [2025-03-31T07:03:16.342+0000] {dag.py:4180} INFO - Setting next_dagrun for example_display_name to None, run_after=None
[2025-03-31T07:03:16.360+0000] {processor.py:208} INFO - Processing /home/airflow/.local/lib/python3.12/site-packages/airflow/example_dags/example_display_name.py took 0.081 seconds
[2025-03-31T07:03:47.829+0000] {processor.py:186} INFO - Started process (PID=8246) to work on /home/airflow/.local/lib/python3.12/site-packages/airflow/example_dags/example_display_name.py
[2025-03-31T07:03:47.830+0000] {processor.py:914} INFO - Processing file /home/airflow/.local/lib/python3.12/site-packages/airflow/example_dags/example_display_name.py for tasks to queue
[2025-03-31T07:03:47.833+0000] {logging_mixin.py:190} INFO - [2025-03-31T07:03:47.833+0000] {dagbag.py:588} INFO - Filling up the DagBag from /home/airflow/.local/lib/python3.12/site-packages/airflow/example_dags/example_display_name.py
[2025-03-31T07:03:47.844+0000] {processor.py:925} INFO - DAG(s) 'example_display_name' retrieved from /home/airflow/.local/lib/python3.12/site-packages/airflow/example_dags/example_display_name.py
[2025-03-31T07:03:47.865+0000] {logging_mixin.py:190} INFO - [2025-03-31T07:03:47.864+0000] {dag.py:3239} INFO - Sync 1 DAGs
[2025-03-31T07:03:47.881+0000] {logging_mixin.py:190} INFO - [2025-03-31T07:03:47.880+0000] {dag.py:4180} INFO - Setting next_dagrun for example_display_name to None, run_after=None
[2025-03-31T07:03:47.899+0000] {processor.py:208} INFO - Processing /home/airflow/.local/lib/python3.12/site-packages/airflow/example_dags/example_display_name.py took 0.075 seconds
[2025-03-31T07:04:18.865+0000] {processor.py:186} INFO - Started process (PID=8537) to work on /home/airflow/.local/lib/python3.12/site-packages/airflow/example_dags/example_display_name.py
[2025-03-31T07:04:18.866+0000] {processor.py:914} INFO - Processing file /home/airflow/.local/lib/python3.12/site-packages/airflow/example_dags/example_display_name.py for tasks to queue
[2025-03-31T07:04:18.869+0000] {logging_mixin.py:190} INFO - [2025-03-31T07:04:18.868+0000] {dagbag.py:588} INFO - Filling up the DagBag from /home/airflow/.local/lib/python3.12/site-packages/airflow/example_dags/example_display_name.py
[2025-03-31T07:04:18.877+0000] {processor.py:925} INFO - DAG(s) 'example_display_name' retrieved from /home/airflow/.local/lib/python3.12/site-packages/airflow/example_dags/example_display_name.py
[2025-03-31T07:04:18.898+0000] {logging_mixin.py:190} INFO - [2025-03-31T07:04:18.898+0000] {dag.py:3239} INFO - Sync 1 DAGs
[2025-03-31T07:04:18.913+0000] {logging_mixin.py:190} INFO - [2025-03-31T07:04:18.913+0000] {dag.py:4180} INFO - Setting next_dagrun for example_display_name to None, run_after=None
[2025-03-31T07:04:18.935+0000] {processor.py:208} INFO - Processing /home/airflow/.local/lib/python3.12/site-packages/airflow/example_dags/example_display_name.py took 0.077 seconds
[2025-03-31T07:04:50.337+0000] {processor.py:186} INFO - Started process (PID=8828) to work on /home/airflow/.local/lib/python3.12/site-packages/airflow/example_dags/example_display_name.py
[2025-03-31T07:04:50.338+0000] {processor.py:914} INFO - Processing file /home/airflow/.local/lib/python3.12/site-packages/airflow/example_dags/example_display_name.py for tasks to queue
[2025-03-31T07:04:50.340+0000] {logging_mixin.py:190} INFO - [2025-03-31T07:04:50.340+0000] {dagbag.py:588} INFO - Filling up the DagBag from /home/airflow/.local/lib/python3.12/site-packages/airflow/example_dags/example_display_name.py
[2025-03-31T07:04:50.349+0000] {processor.py:925} INFO - DAG(s) 'example_display_name' retrieved from /home/airflow/.local/lib/python3.12/site-packages/airflow/example_dags/example_display_name.py
[2025-03-31T07:04:50.370+0000] {logging_mixin.py:190} INFO - [2025-03-31T07:04:50.370+0000] {dag.py:3239} INFO - Sync 1 DAGs
[2025-03-31T07:04:50.386+0000] {logging_mixin.py:190} INFO - [2025-03-31T07:04:50.386+0000] {dag.py:4180} INFO - Setting next_dagrun for example_display_name to None, run_after=None
[2025-03-31T07:04:50.405+0000] {processor.py:208} INFO - Processing /home/airflow/.local/lib/python3.12/site-packages/airflow/example_dags/example_display_name.py took 0.075 seconds
[2025-03-31T07:05:21.844+0000] {processor.py:186} INFO - Started process (PID=9124) to work on /home/airflow/.local/lib/python3.12/site-packages/airflow/example_dags/example_display_name.py
[2025-03-31T07:05:21.845+0000] {processor.py:914} INFO - Processing file /home/airflow/.local/lib/python3.12/site-packages/airflow/example_dags/example_display_name.py for tasks to queue
[2025-03-31T07:05:21.847+0000] {logging_mixin.py:190} INFO - [2025-03-31T07:05:21.847+0000] {dagbag.py:588} INFO - Filling up the DagBag from /home/airflow/.local/lib/python3.12/site-packages/airflow/example_dags/example_display_name.py
[2025-03-31T07:05:21.856+0000] {processor.py:925} INFO - DAG(s) 'example_display_name' retrieved from /home/airflow/.local/lib/python3.12/site-packages/airflow/example_dags/example_display_name.py
[2025-03-31T07:05:21.877+0000] {logging_mixin.py:190} INFO - [2025-03-31T07:05:21.876+0000] {dag.py:3239} INFO - Sync 1 DAGs
[2025-03-31T07:05:21.892+0000] {logging_mixin.py:190} INFO - [2025-03-31T07:05:21.892+0000] {dag.py:4180} INFO - Setting next_dagrun for example_display_name to None, run_after=None
[2025-03-31T07:05:21.910+0000] {processor.py:208} INFO - Processing /home/airflow/.local/lib/python3.12/site-packages/airflow/example_dags/example_display_name.py took 0.072 seconds
[2025-03-31T07:05:53.057+0000] {processor.py:186} INFO - Started process (PID=9415) to work on /home/airflow/.local/lib/python3.12/site-packages/airflow/example_dags/example_display_name.py
[2025-03-31T07:05:53.058+0000] {processor.py:914} INFO - Processing file /home/airflow/.local/lib/python3.12/site-packages/airflow/example_dags/example_display_name.py for tasks to queue
[2025-03-31T07:05:53.060+0000] {logging_mixin.py:190} INFO - [2025-03-31T07:05:53.060+0000] {dagbag.py:588} INFO - Filling up the DagBag from /home/airflow/.local/lib/python3.12/site-packages/airflow/example_dags/example_display_name.py
[2025-03-31T07:05:53.069+0000] {processor.py:925} INFO - DAG(s) 'example_display_name' retrieved from /home/airflow/.local/lib/python3.12/site-packages/airflow/example_dags/example_display_name.py
[2025-03-31T07:05:53.092+0000] {logging_mixin.py:190} INFO - [2025-03-31T07:05:53.092+0000] {dag.py:3239} INFO - Sync 1 DAGs
[2025-03-31T07:05:53.108+0000] {logging_mixin.py:190} INFO - [2025-03-31T07:05:53.107+0000] {dag.py:4180} INFO - Setting next_dagrun for example_display_name to None, run_after=None
[2025-03-31T07:05:53.129+0000] {processor.py:208} INFO - Processing /home/airflow/.local/lib/python3.12/site-packages/airflow/example_dags/example_display_name.py took 0.078 seconds
[2025-03-31T07:06:24.138+0000] {processor.py:186} INFO - Started process (PID=9706) to work on /home/airflow/.local/lib/python3.12/site-packages/airflow/example_dags/example_display_name.py
[2025-03-31T07:06:24.139+0000] {processor.py:914} INFO - Processing file /home/airflow/.local/lib/python3.12/site-packages/airflow/example_dags/example_display_name.py for tasks to queue
[2025-03-31T07:06:24.141+0000] {logging_mixin.py:190} INFO - [2025-03-31T07:06:24.141+0000] {dagbag.py:588} INFO - Filling up the DagBag from /home/airflow/.local/lib/python3.12/site-packages/airflow/example_dags/example_display_name.py
[2025-03-31T07:06:24.150+0000] {processor.py:925} INFO - DAG(s) 'example_display_name' retrieved from /home/airflow/.local/lib/python3.12/site-packages/airflow/example_dags/example_display_name.py
[2025-03-31T07:06:24.170+0000] {logging_mixin.py:190} INFO - [2025-03-31T07:06:24.170+0000] {dag.py:3239} INFO - Sync 1 DAGs
[2025-03-31T07:06:24.187+0000] {logging_mixin.py:190} INFO - [2025-03-31T07:06:24.186+0000] {dag.py:4180} INFO - Setting next_dagrun for example_display_name to None, run_after=None
[2025-03-31T07:06:24.206+0000] {processor.py:208} INFO - Processing /home/airflow/.local/lib/python3.12/site-packages/airflow/example_dags/example_display_name.py took 0.075 seconds
[2025-03-31T07:06:55.202+0000] {processor.py:186} INFO - Started process (PID=9997) to work on /home/airflow/.local/lib/python3.12/site-packages/airflow/example_dags/example_display_name.py
[2025-03-31T07:06:55.203+0000] {processor.py:914} INFO - Processing file /home/airflow/.local/lib/python3.12/site-packages/airflow/example_dags/example_display_name.py for tasks to queue
[2025-03-31T07:06:55.205+0000] {logging_mixin.py:190} INFO - [2025-03-31T07:06:55.205+0000] {dagbag.py:588} INFO - Filling up the DagBag from /home/airflow/.local/lib/python3.12/site-packages/airflow/example_dags/example_display_name.py
[2025-03-31T07:06:55.214+0000] {processor.py:925} INFO - DAG(s) 'example_display_name' retrieved from /home/airflow/.local/lib/python3.12/site-packages/airflow/example_dags/example_display_name.py
[2025-03-31T07:06:55.235+0000] {logging_mixin.py:190} INFO - [2025-03-31T07:06:55.235+0000] {dag.py:3239} INFO - Sync 1 DAGs
[2025-03-31T07:06:55.254+0000] {logging_mixin.py:190} INFO - [2025-03-31T07:06:55.254+0000] {dag.py:4180} INFO - Setting next_dagrun for example_display_name to None, run_after=None
[2025-03-31T07:06:55.277+0000] {processor.py:208} INFO - Processing /home/airflow/.local/lib/python3.12/site-packages/airflow/example_dags/example_display_name.py took 0.081 seconds
[2025-03-31T07:07:26.624+0000] {processor.py:186} INFO - Started process (PID=10283) to work on /home/airflow/.local/lib/python3.12/site-packages/airflow/example_dags/example_display_name.py
[2025-03-31T07:07:26.625+0000] {processor.py:914} INFO - Processing file /home/airflow/.local/lib/python3.12/site-packages/airflow/example_dags/example_display_name.py for tasks to queue
[2025-03-31T07:07:26.628+0000] {logging_mixin.py:190} INFO - [2025-03-31T07:07:26.627+0000] {dagbag.py:588} INFO - Filling up the DagBag from /home/airflow/.local/lib/python3.12/site-packages/airflow/example_dags/example_display_name.py
[2025-03-31T07:07:26.636+0000] {processor.py:925} INFO - DAG(s) 'example_display_name' retrieved from /home/airflow/.local/lib/python3.12/site-packages/airflow/example_dags/example_display_name.py
[2025-03-31T07:07:26.658+0000] {logging_mixin.py:190} INFO - [2025-03-31T07:07:26.658+0000] {dag.py:3239} INFO - Sync 1 DAGs
[2025-03-31T07:07:26.673+0000] {logging_mixin.py:190} INFO - [2025-03-31T07:07:26.673+0000] {dag.py:4180} INFO - Setting next_dagrun for example_display_name to None, run_after=None
[2025-03-31T07:07:26.692+0000] {processor.py:208} INFO - Processing /home/airflow/.local/lib/python3.12/site-packages/airflow/example_dags/example_display_name.py took 0.073 seconds
[2025-03-31T07:07:57.533+0000] {processor.py:186} INFO - Started process (PID=10584) to work on /home/airflow/.local/lib/python3.12/site-packages/airflow/example_dags/example_display_name.py
[2025-03-31T07:07:57.534+0000] {processor.py:914} INFO - Processing file /home/airflow/.local/lib/python3.12/site-packages/airflow/example_dags/example_display_name.py for tasks to queue
[2025-03-31T07:07:57.536+0000] {logging_mixin.py:190} INFO - [2025-03-31T07:07:57.536+0000] {dagbag.py:588} INFO - Filling up the DagBag from /home/airflow/.local/lib/python3.12/site-packages/airflow/example_dags/example_display_name.py
[2025-03-31T07:07:57.544+0000] {processor.py:925} INFO - DAG(s) 'example_display_name' retrieved from /home/airflow/.local/lib/python3.12/site-packages/airflow/example_dags/example_display_name.py
[2025-03-31T07:07:57.563+0000] {logging_mixin.py:190} INFO - [2025-03-31T07:07:57.563+0000] {dag.py:3239} INFO - Sync 1 DAGs
[2025-03-31T07:07:57.579+0000] {logging_mixin.py:190} INFO - [2025-03-31T07:07:57.578+0000] {dag.py:4180} INFO - Setting next_dagrun for example_display_name to None, run_after=None
[2025-03-31T07:07:57.596+0000] {processor.py:208} INFO - Processing /home/airflow/.local/lib/python3.12/site-packages/airflow/example_dags/example_display_name.py took 0.069 seconds
[2025-03-31T07:08:29.299+0000] {processor.py:186} INFO - Started process (PID=10875) to work on /home/airflow/.local/lib/python3.12/site-packages/airflow/example_dags/example_display_name.py
[2025-03-31T07:08:29.300+0000] {processor.py:914} INFO - Processing file /home/airflow/.local/lib/python3.12/site-packages/airflow/example_dags/example_display_name.py for tasks to queue
[2025-03-31T07:08:29.302+0000] {logging_mixin.py:190} INFO - [2025-03-31T07:08:29.302+0000] {dagbag.py:588} INFO - Filling up the DagBag from /home/airflow/.local/lib/python3.12/site-packages/airflow/example_dags/example_display_name.py
[2025-03-31T07:08:29.310+0000] {processor.py:925} INFO - DAG(s) 'example_display_name' retrieved from /home/airflow/.local/lib/python3.12/site-packages/airflow/example_dags/example_display_name.py
[2025-03-31T07:08:29.331+0000] {logging_mixin.py:190} INFO - [2025-03-31T07:08:29.331+0000] {dag.py:3239} INFO - Sync 1 DAGs
[2025-03-31T07:08:29.347+0000] {logging_mixin.py:190} INFO - [2025-03-31T07:08:29.347+0000] {dag.py:4180} INFO - Setting next_dagrun for example_display_name to None, run_after=None
[2025-03-31T07:08:29.368+0000] {processor.py:208} INFO - Processing /home/airflow/.local/lib/python3.12/site-packages/airflow/example_dags/example_display_name.py took 0.075 seconds
[2025-03-31T07:09:00.773+0000] {processor.py:186} INFO - Started process (PID=11168) to work on /home/airflow/.local/lib/python3.12/site-packages/airflow/example_dags/example_display_name.py
[2025-03-31T07:09:00.774+0000] {processor.py:914} INFO - Processing file /home/airflow/.local/lib/python3.12/site-packages/airflow/example_dags/example_display_name.py for tasks to queue
[2025-03-31T07:09:00.776+0000] {logging_mixin.py:190} INFO - [2025-03-31T07:09:00.776+0000] {dagbag.py:588} INFO - Filling up the DagBag from /home/airflow/.local/lib/python3.12/site-packages/airflow/example_dags/example_display_name.py
[2025-03-31T07:09:00.784+0000] {processor.py:925} INFO - DAG(s) 'example_display_name' retrieved from /home/airflow/.local/lib/python3.12/site-packages/airflow/example_dags/example_display_name.py
[2025-03-31T07:09:00.806+0000] {logging_mixin.py:190} INFO - [2025-03-31T07:09:00.806+0000] {dag.py:3239} INFO - Sync 1 DAGs
[2025-03-31T07:09:00.821+0000] {logging_mixin.py:190} INFO - [2025-03-31T07:09:00.820+0000] {dag.py:4180} INFO - Setting next_dagrun for example_display_name to None, run_after=None
[2025-03-31T07:09:00.837+0000] {processor.py:208} INFO - Processing /home/airflow/.local/lib/python3.12/site-packages/airflow/example_dags/example_display_name.py took 0.070 seconds
[2025-03-31T07:09:31.813+0000] {processor.py:186} INFO - Started process (PID=11487) to work on /home/airflow/.local/lib/python3.12/site-packages/airflow/example_dags/example_display_name.py
[2025-03-31T07:09:31.814+0000] {processor.py:914} INFO - Processing file /home/airflow/.local/lib/python3.12/site-packages/airflow/example_dags/example_display_name.py for tasks to queue
[2025-03-31T07:09:31.816+0000] {logging_mixin.py:190} INFO - [2025-03-31T07:09:31.816+0000] {dagbag.py:588} INFO - Filling up the DagBag from /home/airflow/.local/lib/python3.12/site-packages/airflow/example_dags/example_display_name.py
[2025-03-31T07:09:31.825+0000] {processor.py:925} INFO - DAG(s) 'example_display_name' retrieved from /home/airflow/.local/lib/python3.12/site-packages/airflow/example_dags/example_display_name.py
[2025-03-31T07:09:31.846+0000] {logging_mixin.py:190} INFO - [2025-03-31T07:09:31.845+0000] {dag.py:3239} INFO - Sync 1 DAGs
[2025-03-31T07:09:31.861+0000] {logging_mixin.py:190} INFO - [2025-03-31T07:09:31.860+0000] {dag.py:4180} INFO - Setting next_dagrun for example_display_name to None, run_after=None
[2025-03-31T07:09:31.879+0000] {processor.py:208} INFO - Processing /home/airflow/.local/lib/python3.12/site-packages/airflow/example_dags/example_display_name.py took 0.071 seconds
[2025-03-31T07:10:02.921+0000] {processor.py:186} INFO - Started process (PID=11793) to work on /home/airflow/.local/lib/python3.12/site-packages/airflow/example_dags/example_display_name.py
[2025-03-31T07:10:02.922+0000] {processor.py:914} INFO - Processing file /home/airflow/.local/lib/python3.12/site-packages/airflow/example_dags/example_display_name.py for tasks to queue
[2025-03-31T07:10:02.925+0000] {logging_mixin.py:190} INFO - [2025-03-31T07:10:02.925+0000] {dagbag.py:588} INFO - Filling up the DagBag from /home/airflow/.local/lib/python3.12/site-packages/airflow/example_dags/example_display_name.py
[2025-03-31T07:10:02.934+0000] {processor.py:925} INFO - DAG(s) 'example_display_name' retrieved from /home/airflow/.local/lib/python3.12/site-packages/airflow/example_dags/example_display_name.py
[2025-03-31T07:10:02.956+0000] {logging_mixin.py:190} INFO - [2025-03-31T07:10:02.956+0000] {dag.py:3239} INFO - Sync 1 DAGs
[2025-03-31T07:10:02.976+0000] {logging_mixin.py:190} INFO - [2025-03-31T07:10:02.976+0000] {dag.py:4180} INFO - Setting next_dagrun for example_display_name to None, run_after=None
[2025-03-31T07:10:02.998+0000] {processor.py:208} INFO - Processing /home/airflow/.local/lib/python3.12/site-packages/airflow/example_dags/example_display_name.py took 0.084 seconds
[2025-03-31T07:10:33.083+0000] {processor.py:186} INFO - Started process (PID=12084) to work on /home/airflow/.local/lib/python3.12/site-packages/airflow/example_dags/example_display_name.py
[2025-03-31T07:10:33.084+0000] {processor.py:914} INFO - Processing file /home/airflow/.local/lib/python3.12/site-packages/airflow/example_dags/example_display_name.py for tasks to queue
[2025-03-31T07:10:33.086+0000] {logging_mixin.py:190} INFO - [2025-03-31T07:10:33.086+0000] {dagbag.py:588} INFO - Filling up the DagBag from /home/airflow/.local/lib/python3.12/site-packages/airflow/example_dags/example_display_name.py
[2025-03-31T07:10:33.094+0000] {processor.py:925} INFO - DAG(s) 'example_display_name' retrieved from /home/airflow/.local/lib/python3.12/site-packages/airflow/example_dags/example_display_name.py
[2025-03-31T07:10:33.114+0000] {logging_mixin.py:190} INFO - [2025-03-31T07:10:33.114+0000] {dag.py:3239} INFO - Sync 1 DAGs
[2025-03-31T07:10:33.129+0000] {logging_mixin.py:190} INFO - [2025-03-31T07:10:33.128+0000] {dag.py:4180} INFO - Setting next_dagrun for example_display_name to None, run_after=None
[2025-03-31T07:10:33.147+0000] {processor.py:208} INFO - Processing /home/airflow/.local/lib/python3.12/site-packages/airflow/example_dags/example_display_name.py took 0.070 seconds
[2025-03-31T07:11:03.580+0000] {processor.py:186} INFO - Started process (PID=12370) to work on /home/airflow/.local/lib/python3.12/site-packages/airflow/example_dags/example_display_name.py
[2025-03-31T07:11:03.581+0000] {processor.py:914} INFO - Processing file /home/airflow/.local/lib/python3.12/site-packages/airflow/example_dags/example_display_name.py for tasks to queue
[2025-03-31T07:11:03.584+0000] {logging_mixin.py:190} INFO - [2025-03-31T07:11:03.583+0000] {dagbag.py:588} INFO - Filling up the DagBag from /home/airflow/.local/lib/python3.12/site-packages/airflow/example_dags/example_display_name.py
[2025-03-31T07:11:03.593+0000] {processor.py:925} INFO - DAG(s) 'example_display_name' retrieved from /home/airflow/.local/lib/python3.12/site-packages/airflow/example_dags/example_display_name.py
[2025-03-31T07:11:03.617+0000] {logging_mixin.py:190} INFO - [2025-03-31T07:11:03.616+0000] {dag.py:3239} INFO - Sync 1 DAGs
[2025-03-31T07:11:03.632+0000] {logging_mixin.py:190} INFO - [2025-03-31T07:11:03.632+0000] {dag.py:4180} INFO - Setting next_dagrun for example_display_name to None, run_after=None
[2025-03-31T07:11:03.650+0000] {processor.py:208} INFO - Processing /home/airflow/.local/lib/python3.12/site-packages/airflow/example_dags/example_display_name.py took 0.077 seconds
[2025-03-31T07:11:33.913+0000] {processor.py:186} INFO - Started process (PID=12656) to work on /home/airflow/.local/lib/python3.12/site-packages/airflow/example_dags/example_display_name.py
[2025-03-31T07:11:33.914+0000] {processor.py:914} INFO - Processing file /home/airflow/.local/lib/python3.12/site-packages/airflow/example_dags/example_display_name.py for tasks to queue
[2025-03-31T07:11:33.916+0000] {logging_mixin.py:190} INFO - [2025-03-31T07:11:33.916+0000] {dagbag.py:588} INFO - Filling up the DagBag from /home/airflow/.local/lib/python3.12/site-packages/airflow/example_dags/example_display_name.py
[2025-03-31T07:11:33.925+0000] {processor.py:925} INFO - DAG(s) 'example_display_name' retrieved from /home/airflow/.local/lib/python3.12/site-packages/airflow/example_dags/example_display_name.py
[2025-03-31T07:11:33.949+0000] {logging_mixin.py:190} INFO - [2025-03-31T07:11:33.948+0000] {dag.py:3239} INFO - Sync 1 DAGs
[2025-03-31T07:11:33.964+0000] {logging_mixin.py:190} INFO - [2025-03-31T07:11:33.964+0000] {dag.py:4180} INFO - Setting next_dagrun for example_display_name to None, run_after=None
[2025-03-31T07:11:33.982+0000] {processor.py:208} INFO - Processing /home/airflow/.local/lib/python3.12/site-packages/airflow/example_dags/example_display_name.py took 0.075 seconds
[2025-03-31T07:12:04.468+0000] {processor.py:186} INFO - Started process (PID=12947) to work on /home/airflow/.local/lib/python3.12/site-packages/airflow/example_dags/example_display_name.py
[2025-03-31T07:12:04.469+0000] {processor.py:914} INFO - Processing file /home/airflow/.local/lib/python3.12/site-packages/airflow/example_dags/example_display_name.py for tasks to queue
[2025-03-31T07:12:04.471+0000] {logging_mixin.py:190} INFO - [2025-03-31T07:12:04.471+0000] {dagbag.py:588} INFO - Filling up the DagBag from /home/airflow/.local/lib/python3.12/site-packages/airflow/example_dags/example_display_name.py
[2025-03-31T07:12:04.479+0000] {processor.py:925} INFO - DAG(s) 'example_display_name' retrieved from /home/airflow/.local/lib/python3.12/site-packages/airflow/example_dags/example_display_name.py
[2025-03-31T07:12:04.499+0000] {logging_mixin.py:190} INFO - [2025-03-31T07:12:04.499+0000] {dag.py:3239} INFO - Sync 1 DAGs
[2025-03-31T07:12:04.514+0000] {logging_mixin.py:190} INFO - [2025-03-31T07:12:04.514+0000] {dag.py:4180} INFO - Setting next_dagrun for example_display_name to None, run_after=None
[2025-03-31T07:12:04.531+0000] {processor.py:208} INFO - Processing /home/airflow/.local/lib/python3.12/site-packages/airflow/example_dags/example_display_name.py took 0.069 seconds
[2025-03-31T07:12:34.817+0000] {processor.py:186} INFO - Started process (PID=13238) to work on /home/airflow/.local/lib/python3.12/site-packages/airflow/example_dags/example_display_name.py
[2025-03-31T07:12:34.818+0000] {processor.py:914} INFO - Processing file /home/airflow/.local/lib/python3.12/site-packages/airflow/example_dags/example_display_name.py for tasks to queue
[2025-03-31T07:12:34.822+0000] {logging_mixin.py:190} INFO - [2025-03-31T07:12:34.821+0000] {dagbag.py:588} INFO - Filling up the DagBag from /home/airflow/.local/lib/python3.12/site-packages/airflow/example_dags/example_display_name.py
[2025-03-31T07:12:34.833+0000] {processor.py:925} INFO - DAG(s) 'example_display_name' retrieved from /home/airflow/.local/lib/python3.12/site-packages/airflow/example_dags/example_display_name.py
[2025-03-31T07:12:34.866+0000] {logging_mixin.py:190} INFO - [2025-03-31T07:12:34.866+0000] {dag.py:3239} INFO - Sync 1 DAGs
[2025-03-31T07:12:34.884+0000] {logging_mixin.py:190} INFO - [2025-03-31T07:12:34.883+0000] {dag.py:4180} INFO - Setting next_dagrun for example_display_name to None, run_after=None
[2025-03-31T07:12:34.907+0000] {processor.py:208} INFO - Processing /home/airflow/.local/lib/python3.12/site-packages/airflow/example_dags/example_display_name.py took 0.117 seconds
[2025-03-31T07:13:05.069+0000] {processor.py:186} INFO - Started process (PID=13529) to work on /home/airflow/.local/lib/python3.12/site-packages/airflow/example_dags/example_display_name.py
[2025-03-31T07:13:05.070+0000] {processor.py:914} INFO - Processing file /home/airflow/.local/lib/python3.12/site-packages/airflow/example_dags/example_display_name.py for tasks to queue
[2025-03-31T07:13:05.072+0000] {logging_mixin.py:190} INFO - [2025-03-31T07:13:05.072+0000] {dagbag.py:588} INFO - Filling up the DagBag from /home/airflow/.local/lib/python3.12/site-packages/airflow/example_dags/example_display_name.py
[2025-03-31T07:13:05.080+0000] {processor.py:925} INFO - DAG(s) 'example_display_name' retrieved from /home/airflow/.local/lib/python3.12/site-packages/airflow/example_dags/example_display_name.py
[2025-03-31T07:13:05.100+0000] {logging_mixin.py:190} INFO - [2025-03-31T07:13:05.100+0000] {dag.py:3239} INFO - Sync 1 DAGs
[2025-03-31T07:13:05.115+0000] {logging_mixin.py:190} INFO - [2025-03-31T07:13:05.115+0000] {dag.py:4180} INFO - Setting next_dagrun for example_display_name to None, run_after=None
[2025-03-31T07:13:05.133+0000] {processor.py:208} INFO - Processing /home/airflow/.local/lib/python3.12/site-packages/airflow/example_dags/example_display_name.py took 0.070 seconds
[2025-03-31T07:13:36.117+0000] {processor.py:186} INFO - Started process (PID=13840) to work on /home/airflow/.local/lib/python3.12/site-packages/airflow/example_dags/example_display_name.py
[2025-03-31T07:13:36.118+0000] {processor.py:914} INFO - Processing file /home/airflow/.local/lib/python3.12/site-packages/airflow/example_dags/example_display_name.py for tasks to queue
[2025-03-31T07:13:36.121+0000] {logging_mixin.py:190} INFO - [2025-03-31T07:13:36.120+0000] {dagbag.py:588} INFO - Filling up the DagBag from /home/airflow/.local/lib/python3.12/site-packages/airflow/example_dags/example_display_name.py
[2025-03-31T07:13:36.129+0000] {processor.py:925} INFO - DAG(s) 'example_display_name' retrieved from /home/airflow/.local/lib/python3.12/site-packages/airflow/example_dags/example_display_name.py
[2025-03-31T07:13:36.149+0000] {logging_mixin.py:190} INFO - [2025-03-31T07:13:36.149+0000] {dag.py:3239} INFO - Sync 1 DAGs
[2025-03-31T07:13:36.164+0000] {logging_mixin.py:190} INFO - [2025-03-31T07:13:36.164+0000] {dag.py:4180} INFO - Setting next_dagrun for example_display_name to None, run_after=None
[2025-03-31T07:13:36.183+0000] {processor.py:208} INFO - Processing /home/airflow/.local/lib/python3.12/site-packages/airflow/example_dags/example_display_name.py took 0.071 seconds
[2025-03-31T07:14:06.608+0000] {processor.py:186} INFO - Started process (PID=14131) to work on /home/airflow/.local/lib/python3.12/site-packages/airflow/example_dags/example_display_name.py
[2025-03-31T07:14:06.609+0000] {processor.py:914} INFO - Processing file /home/airflow/.local/lib/python3.12/site-packages/airflow/example_dags/example_display_name.py for tasks to queue
[2025-03-31T07:14:06.611+0000] {logging_mixin.py:190} INFO - [2025-03-31T07:14:06.611+0000] {dagbag.py:588} INFO - Filling up the DagBag from /home/airflow/.local/lib/python3.12/site-packages/airflow/example_dags/example_display_name.py
[2025-03-31T07:14:06.619+0000] {processor.py:925} INFO - DAG(s) 'example_display_name' retrieved from /home/airflow/.local/lib/python3.12/site-packages/airflow/example_dags/example_display_name.py
[2025-03-31T07:14:06.639+0000] {logging_mixin.py:190} INFO - [2025-03-31T07:14:06.639+0000] {dag.py:3239} INFO - Sync 1 DAGs
[2025-03-31T07:14:06.653+0000] {logging_mixin.py:190} INFO - [2025-03-31T07:14:06.653+0000] {dag.py:4180} INFO - Setting next_dagrun for example_display_name to None, run_after=None
[2025-03-31T07:14:06.671+0000] {processor.py:208} INFO - Processing /home/airflow/.local/lib/python3.12/site-packages/airflow/example_dags/example_display_name.py took 0.069 seconds
[2025-03-31T07:14:37.112+0000] {processor.py:186} INFO - Started process (PID=14424) to work on /home/airflow/.local/lib/python3.12/site-packages/airflow/example_dags/example_display_name.py
[2025-03-31T07:14:37.113+0000] {processor.py:914} INFO - Processing file /home/airflow/.local/lib/python3.12/site-packages/airflow/example_dags/example_display_name.py for tasks to queue
[2025-03-31T07:14:37.116+0000] {logging_mixin.py:190} INFO - [2025-03-31T07:14:37.116+0000] {dagbag.py:588} INFO - Filling up the DagBag from /home/airflow/.local/lib/python3.12/site-packages/airflow/example_dags/example_display_name.py
[2025-03-31T07:14:37.125+0000] {processor.py:925} INFO - DAG(s) 'example_display_name' retrieved from /home/airflow/.local/lib/python3.12/site-packages/airflow/example_dags/example_display_name.py
[2025-03-31T07:14:37.147+0000] {logging_mixin.py:190} INFO - [2025-03-31T07:14:37.147+0000] {dag.py:3239} INFO - Sync 1 DAGs
[2025-03-31T07:14:37.164+0000] {logging_mixin.py:190} INFO - [2025-03-31T07:14:37.164+0000] {dag.py:4180} INFO - Setting next_dagrun for example_display_name to None, run_after=None
[2025-03-31T07:14:37.183+0000] {processor.py:208} INFO - Processing /home/airflow/.local/lib/python3.12/site-packages/airflow/example_dags/example_display_name.py took 0.079 seconds
[2025-03-31T07:15:08.095+0000] {processor.py:186} INFO - Started process (PID=14713) to work on /home/airflow/.local/lib/python3.12/site-packages/airflow/example_dags/example_display_name.py
[2025-03-31T07:15:08.096+0000] {processor.py:914} INFO - Processing file /home/airflow/.local/lib/python3.12/site-packages/airflow/example_dags/example_display_name.py for tasks to queue
[2025-03-31T07:15:08.098+0000] {logging_mixin.py:190} INFO - [2025-03-31T07:15:08.098+0000] {dagbag.py:588} INFO - Filling up the DagBag from /home/airflow/.local/lib/python3.12/site-packages/airflow/example_dags/example_display_name.py
[2025-03-31T07:15:08.107+0000] {processor.py:925} INFO - DAG(s) 'example_display_name' retrieved from /home/airflow/.local/lib/python3.12/site-packages/airflow/example_dags/example_display_name.py
[2025-03-31T07:15:08.126+0000] {logging_mixin.py:190} INFO - [2025-03-31T07:15:08.126+0000] {dag.py:3239} INFO - Sync 1 DAGs
[2025-03-31T07:15:08.141+0000] {logging_mixin.py:190} INFO - [2025-03-31T07:15:08.141+0000] {dag.py:4180} INFO - Setting next_dagrun for example_display_name to None, run_after=None
[2025-03-31T07:15:08.158+0000] {processor.py:208} INFO - Processing /home/airflow/.local/lib/python3.12/site-packages/airflow/example_dags/example_display_name.py took 0.069 seconds
[2025-03-31T07:15:38.275+0000] {processor.py:186} INFO - Started process (PID=15004) to work on /home/airflow/.local/lib/python3.12/site-packages/airflow/example_dags/example_display_name.py
[2025-03-31T07:15:38.276+0000] {processor.py:914} INFO - Processing file /home/airflow/.local/lib/python3.12/site-packages/airflow/example_dags/example_display_name.py for tasks to queue
[2025-03-31T07:15:38.278+0000] {logging_mixin.py:190} INFO - [2025-03-31T07:15:38.278+0000] {dagbag.py:588} INFO - Filling up the DagBag from /home/airflow/.local/lib/python3.12/site-packages/airflow/example_dags/example_display_name.py
[2025-03-31T07:15:38.287+0000] {processor.py:925} INFO - DAG(s) 'example_display_name' retrieved from /home/airflow/.local/lib/python3.12/site-packages/airflow/example_dags/example_display_name.py
[2025-03-31T07:15:38.314+0000] {logging_mixin.py:190} INFO - [2025-03-31T07:15:38.313+0000] {dag.py:3239} INFO - Sync 1 DAGs
[2025-03-31T07:15:38.330+0000] {logging_mixin.py:190} INFO - [2025-03-31T07:15:38.330+0000] {dag.py:4180} INFO - Setting next_dagrun for example_display_name to None, run_after=None
[2025-03-31T07:15:38.348+0000] {processor.py:208} INFO - Processing /home/airflow/.local/lib/python3.12/site-packages/airflow/example_dags/example_display_name.py took 0.081 seconds
[2025-03-31T07:16:08.554+0000] {processor.py:186} INFO - Started process (PID=15295) to work on /home/airflow/.local/lib/python3.12/site-packages/airflow/example_dags/example_display_name.py
[2025-03-31T07:16:08.554+0000] {processor.py:914} INFO - Processing file /home/airflow/.local/lib/python3.12/site-packages/airflow/example_dags/example_display_name.py for tasks to queue
[2025-03-31T07:16:08.557+0000] {logging_mixin.py:190} INFO - [2025-03-31T07:16:08.556+0000] {dagbag.py:588} INFO - Filling up the DagBag from /home/airflow/.local/lib/python3.12/site-packages/airflow/example_dags/example_display_name.py
[2025-03-31T07:16:08.565+0000] {processor.py:925} INFO - DAG(s) 'example_display_name' retrieved from /home/airflow/.local/lib/python3.12/site-packages/airflow/example_dags/example_display_name.py
[2025-03-31T07:16:08.586+0000] {logging_mixin.py:190} INFO - [2025-03-31T07:16:08.585+0000] {dag.py:3239} INFO - Sync 1 DAGs
[2025-03-31T07:16:08.601+0000] {logging_mixin.py:190} INFO - [2025-03-31T07:16:08.601+0000] {dag.py:4180} INFO - Setting next_dagrun for example_display_name to None, run_after=None
[2025-03-31T07:16:08.622+0000] {processor.py:208} INFO - Processing /home/airflow/.local/lib/python3.12/site-packages/airflow/example_dags/example_display_name.py took 0.075 seconds
[2025-03-31T07:16:38.877+0000] {processor.py:186} INFO - Started process (PID=15588) to work on /home/airflow/.local/lib/python3.12/site-packages/airflow/example_dags/example_display_name.py
[2025-03-31T07:16:38.878+0000] {processor.py:914} INFO - Processing file /home/airflow/.local/lib/python3.12/site-packages/airflow/example_dags/example_display_name.py for tasks to queue
[2025-03-31T07:16:38.881+0000] {logging_mixin.py:190} INFO - [2025-03-31T07:16:38.881+0000] {dagbag.py:588} INFO - Filling up the DagBag from /home/airflow/.local/lib/python3.12/site-packages/airflow/example_dags/example_display_name.py
[2025-03-31T07:16:38.890+0000] {processor.py:925} INFO - DAG(s) 'example_display_name' retrieved from /home/airflow/.local/lib/python3.12/site-packages/airflow/example_dags/example_display_name.py
[2025-03-31T07:16:38.912+0000] {logging_mixin.py:190} INFO - [2025-03-31T07:16:38.912+0000] {dag.py:3239} INFO - Sync 1 DAGs
[2025-03-31T07:16:38.929+0000] {logging_mixin.py:190} INFO - [2025-03-31T07:16:38.929+0000] {dag.py:4180} INFO - Setting next_dagrun for example_display_name to None, run_after=None
[2025-03-31T07:16:38.948+0000] {processor.py:208} INFO - Processing /home/airflow/.local/lib/python3.12/site-packages/airflow/example_dags/example_display_name.py took 0.078 seconds
[2025-03-31T07:17:09.094+0000] {processor.py:186} INFO - Started process (PID=15879) to work on /home/airflow/.local/lib/python3.12/site-packages/airflow/example_dags/example_display_name.py
[2025-03-31T07:17:09.096+0000] {processor.py:914} INFO - Processing file /home/airflow/.local/lib/python3.12/site-packages/airflow/example_dags/example_display_name.py for tasks to queue
[2025-03-31T07:17:09.099+0000] {logging_mixin.py:190} INFO - [2025-03-31T07:17:09.099+0000] {dagbag.py:588} INFO - Filling up the DagBag from /home/airflow/.local/lib/python3.12/site-packages/airflow/example_dags/example_display_name.py
[2025-03-31T07:17:09.109+0000] {processor.py:925} INFO - DAG(s) 'example_display_name' retrieved from /home/airflow/.local/lib/python3.12/site-packages/airflow/example_dags/example_display_name.py
[2025-03-31T07:17:09.133+0000] {logging_mixin.py:190} INFO - [2025-03-31T07:17:09.133+0000] {dag.py:3239} INFO - Sync 1 DAGs
[2025-03-31T07:17:09.151+0000] {logging_mixin.py:190} INFO - [2025-03-31T07:17:09.151+0000] {dag.py:4180} INFO - Setting next_dagrun for example_display_name to None, run_after=None
[2025-03-31T07:17:09.172+0000] {processor.py:208} INFO - Processing /home/airflow/.local/lib/python3.12/site-packages/airflow/example_dags/example_display_name.py took 0.085 seconds
[2025-03-31T07:17:39.244+0000] {processor.py:186} INFO - Started process (PID=16168) to work on /home/airflow/.local/lib/python3.12/site-packages/airflow/example_dags/example_display_name.py
[2025-03-31T07:17:39.245+0000] {processor.py:914} INFO - Processing file /home/airflow/.local/lib/python3.12/site-packages/airflow/example_dags/example_display_name.py for tasks to queue
[2025-03-31T07:17:39.247+0000] {logging_mixin.py:190} INFO - [2025-03-31T07:17:39.247+0000] {dagbag.py:588} INFO - Filling up the DagBag from /home/airflow/.local/lib/python3.12/site-packages/airflow/example_dags/example_display_name.py
[2025-03-31T07:17:39.256+0000] {processor.py:925} INFO - DAG(s) 'example_display_name' retrieved from /home/airflow/.local/lib/python3.12/site-packages/airflow/example_dags/example_display_name.py
[2025-03-31T07:17:39.278+0000] {logging_mixin.py:190} INFO - [2025-03-31T07:17:39.278+0000] {dag.py:3239} INFO - Sync 1 DAGs
[2025-03-31T07:17:39.293+0000] {logging_mixin.py:190} INFO - [2025-03-31T07:17:39.293+0000] {dag.py:4180} INFO - Setting next_dagrun for example_display_name to None, run_after=None
[2025-03-31T07:17:39.312+0000] {processor.py:208} INFO - Processing /home/airflow/.local/lib/python3.12/site-packages/airflow/example_dags/example_display_name.py took 0.074 seconds
[2025-03-31T07:18:10.173+0000] {processor.py:186} INFO - Started process (PID=16461) to work on /home/airflow/.local/lib/python3.12/site-packages/airflow/example_dags/example_display_name.py
[2025-03-31T07:18:10.174+0000] {processor.py:914} INFO - Processing file /home/airflow/.local/lib/python3.12/site-packages/airflow/example_dags/example_display_name.py for tasks to queue
[2025-03-31T07:18:10.176+0000] {logging_mixin.py:190} INFO - [2025-03-31T07:18:10.176+0000] {dagbag.py:588} INFO - Filling up the DagBag from /home/airflow/.local/lib/python3.12/site-packages/airflow/example_dags/example_display_name.py
[2025-03-31T07:18:10.184+0000] {processor.py:925} INFO - DAG(s) 'example_display_name' retrieved from /home/airflow/.local/lib/python3.12/site-packages/airflow/example_dags/example_display_name.py
[2025-03-31T07:18:10.208+0000] {logging_mixin.py:190} INFO - [2025-03-31T07:18:10.208+0000] {dag.py:3239} INFO - Sync 1 DAGs
[2025-03-31T07:18:10.224+0000] {logging_mixin.py:190} INFO - [2025-03-31T07:18:10.223+0000] {dag.py:4180} INFO - Setting next_dagrun for example_display_name to None, run_after=None
[2025-03-31T07:18:10.241+0000] {processor.py:208} INFO - Processing /home/airflow/.local/lib/python3.12/site-packages/airflow/example_dags/example_display_name.py took 0.074 seconds
[2025-03-31T07:18:40.683+0000] {processor.py:186} INFO - Started process (PID=16750) to work on /home/airflow/.local/lib/python3.12/site-packages/airflow/example_dags/example_display_name.py
[2025-03-31T07:18:40.684+0000] {processor.py:914} INFO - Processing file /home/airflow/.local/lib/python3.12/site-packages/airflow/example_dags/example_display_name.py for tasks to queue
[2025-03-31T07:18:40.686+0000] {logging_mixin.py:190} INFO - [2025-03-31T07:18:40.686+0000] {dagbag.py:588} INFO - Filling up the DagBag from /home/airflow/.local/lib/python3.12/site-packages/airflow/example_dags/example_display_name.py
[2025-03-31T07:18:40.695+0000] {processor.py:925} INFO - DAG(s) 'example_display_name' retrieved from /home/airflow/.local/lib/python3.12/site-packages/airflow/example_dags/example_display_name.py
[2025-03-31T07:18:40.716+0000] {logging_mixin.py:190} INFO - [2025-03-31T07:18:40.715+0000] {dag.py:3239} INFO - Sync 1 DAGs
[2025-03-31T07:18:40.731+0000] {logging_mixin.py:190} INFO - [2025-03-31T07:18:40.731+0000] {dag.py:4180} INFO - Setting next_dagrun for example_display_name to None, run_after=None
[2025-03-31T07:18:40.750+0000] {processor.py:208} INFO - Processing /home/airflow/.local/lib/python3.12/site-packages/airflow/example_dags/example_display_name.py took 0.073 seconds
[2025-03-31T07:19:11.650+0000] {processor.py:186} INFO - Started process (PID=17041) to work on /home/airflow/.local/lib/python3.12/site-packages/airflow/example_dags/example_display_name.py
[2025-03-31T07:19:11.651+0000] {processor.py:914} INFO - Processing file /home/airflow/.local/lib/python3.12/site-packages/airflow/example_dags/example_display_name.py for tasks to queue
[2025-03-31T07:19:11.654+0000] {logging_mixin.py:190} INFO - [2025-03-31T07:19:11.654+0000] {dagbag.py:588} INFO - Filling up the DagBag from /home/airflow/.local/lib/python3.12/site-packages/airflow/example_dags/example_display_name.py
[2025-03-31T07:19:11.667+0000] {processor.py:925} INFO - DAG(s) 'example_display_name' retrieved from /home/airflow/.local/lib/python3.12/site-packages/airflow/example_dags/example_display_name.py
[2025-03-31T07:19:11.699+0000] {logging_mixin.py:190} INFO - [2025-03-31T07:19:11.699+0000] {dag.py:3239} INFO - Sync 1 DAGs
[2025-03-31T07:19:11.722+0000] {logging_mixin.py:190} INFO - [2025-03-31T07:19:11.722+0000] {dag.py:4180} INFO - Setting next_dagrun for example_display_name to None, run_after=None
[2025-03-31T07:19:11.752+0000] {processor.py:208} INFO - Processing /home/airflow/.local/lib/python3.12/site-packages/airflow/example_dags/example_display_name.py took 0.112 seconds
[2025-03-31T07:19:42.383+0000] {processor.py:186} INFO - Started process (PID=17332) to work on /home/airflow/.local/lib/python3.12/site-packages/airflow/example_dags/example_display_name.py
[2025-03-31T07:19:42.384+0000] {processor.py:914} INFO - Processing file /home/airflow/.local/lib/python3.12/site-packages/airflow/example_dags/example_display_name.py for tasks to queue
[2025-03-31T07:19:42.387+0000] {logging_mixin.py:190} INFO - [2025-03-31T07:19:42.386+0000] {dagbag.py:588} INFO - Filling up the DagBag from /home/airflow/.local/lib/python3.12/site-packages/airflow/example_dags/example_display_name.py
[2025-03-31T07:19:42.400+0000] {processor.py:925} INFO - DAG(s) 'example_display_name' retrieved from /home/airflow/.local/lib/python3.12/site-packages/airflow/example_dags/example_display_name.py
[2025-03-31T07:19:42.430+0000] {logging_mixin.py:190} INFO - [2025-03-31T07:19:42.429+0000] {dag.py:3239} INFO - Sync 1 DAGs
[2025-03-31T07:19:42.454+0000] {logging_mixin.py:190} INFO - [2025-03-31T07:19:42.453+0000] {dag.py:4180} INFO - Setting next_dagrun for example_display_name to None, run_after=None
[2025-03-31T07:19:42.484+0000] {processor.py:208} INFO - Processing /home/airflow/.local/lib/python3.12/site-packages/airflow/example_dags/example_display_name.py took 0.110 seconds
[2025-03-31T07:20:13.133+0000] {processor.py:186} INFO - Started process (PID=17623) to work on /home/airflow/.local/lib/python3.12/site-packages/airflow/example_dags/example_display_name.py
[2025-03-31T07:20:13.134+0000] {processor.py:914} INFO - Processing file /home/airflow/.local/lib/python3.12/site-packages/airflow/example_dags/example_display_name.py for tasks to queue
[2025-03-31T07:20:13.137+0000] {logging_mixin.py:190} INFO - [2025-03-31T07:20:13.137+0000] {dagbag.py:588} INFO - Filling up the DagBag from /home/airflow/.local/lib/python3.12/site-packages/airflow/example_dags/example_display_name.py
[2025-03-31T07:20:13.152+0000] {processor.py:925} INFO - DAG(s) 'example_display_name' retrieved from /home/airflow/.local/lib/python3.12/site-packages/airflow/example_dags/example_display_name.py
[2025-03-31T07:20:13.184+0000] {logging_mixin.py:190} INFO - [2025-03-31T07:20:13.183+0000] {dag.py:3239} INFO - Sync 1 DAGs
[2025-03-31T07:20:13.205+0000] {logging_mixin.py:190} INFO - [2025-03-31T07:20:13.205+0000] {dag.py:4180} INFO - Setting next_dagrun for example_display_name to None, run_after=None
[2025-03-31T07:20:13.232+0000] {processor.py:208} INFO - Processing /home/airflow/.local/lib/python3.12/site-packages/airflow/example_dags/example_display_name.py took 0.108 seconds
[2025-03-31T07:20:43.402+0000] {processor.py:186} INFO - Started process (PID=17913) to work on /home/airflow/.local/lib/python3.12/site-packages/airflow/example_dags/example_display_name.py
[2025-03-31T07:20:43.403+0000] {processor.py:914} INFO - Processing file /home/airflow/.local/lib/python3.12/site-packages/airflow/example_dags/example_display_name.py for tasks to queue
[2025-03-31T07:20:43.406+0000] {logging_mixin.py:190} INFO - [2025-03-31T07:20:43.406+0000] {dagbag.py:588} INFO - Filling up the DagBag from /home/airflow/.local/lib/python3.12/site-packages/airflow/example_dags/example_display_name.py
[2025-03-31T07:20:43.418+0000] {processor.py:925} INFO - DAG(s) 'example_display_name' retrieved from /home/airflow/.local/lib/python3.12/site-packages/airflow/example_dags/example_display_name.py
[2025-03-31T07:20:43.449+0000] {logging_mixin.py:190} INFO - [2025-03-31T07:20:43.449+0000] {dag.py:3239} INFO - Sync 1 DAGs
[2025-03-31T07:20:43.474+0000] {logging_mixin.py:190} INFO - [2025-03-31T07:20:43.473+0000] {dag.py:4180} INFO - Setting next_dagrun for example_display_name to None, run_after=None
[2025-03-31T07:20:43.506+0000] {processor.py:208} INFO - Processing /home/airflow/.local/lib/python3.12/site-packages/airflow/example_dags/example_display_name.py took 0.111 seconds
[2025-03-31T07:21:13.731+0000] {processor.py:186} INFO - Started process (PID=18204) to work on /home/airflow/.local/lib/python3.12/site-packages/airflow/example_dags/example_display_name.py
[2025-03-31T07:21:13.732+0000] {processor.py:914} INFO - Processing file /home/airflow/.local/lib/python3.12/site-packages/airflow/example_dags/example_display_name.py for tasks to queue
[2025-03-31T07:21:13.736+0000] {logging_mixin.py:190} INFO - [2025-03-31T07:21:13.735+0000] {dagbag.py:588} INFO - Filling up the DagBag from /home/airflow/.local/lib/python3.12/site-packages/airflow/example_dags/example_display_name.py
[2025-03-31T07:21:13.749+0000] {processor.py:925} INFO - DAG(s) 'example_display_name' retrieved from /home/airflow/.local/lib/python3.12/site-packages/airflow/example_dags/example_display_name.py
[2025-03-31T07:21:13.776+0000] {logging_mixin.py:190} INFO - [2025-03-31T07:21:13.776+0000] {dag.py:3239} INFO - Sync 1 DAGs
[2025-03-31T07:21:13.800+0000] {logging_mixin.py:190} INFO - [2025-03-31T07:21:13.799+0000] {dag.py:4180} INFO - Setting next_dagrun for example_display_name to None, run_after=None
[2025-03-31T07:21:13.829+0000] {processor.py:208} INFO - Processing /home/airflow/.local/lib/python3.12/site-packages/airflow/example_dags/example_display_name.py took 0.107 seconds
[2025-03-31T07:21:44.011+0000] {processor.py:186} INFO - Started process (PID=18495) to work on /home/airflow/.local/lib/python3.12/site-packages/airflow/example_dags/example_display_name.py
[2025-03-31T07:21:44.014+0000] {processor.py:914} INFO - Processing file /home/airflow/.local/lib/python3.12/site-packages/airflow/example_dags/example_display_name.py for tasks to queue
[2025-03-31T07:21:44.017+0000] {logging_mixin.py:190} INFO - [2025-03-31T07:21:44.017+0000] {dagbag.py:588} INFO - Filling up the DagBag from /home/airflow/.local/lib/python3.12/site-packages/airflow/example_dags/example_display_name.py
[2025-03-31T07:21:44.030+0000] {processor.py:925} INFO - DAG(s) 'example_display_name' retrieved from /home/airflow/.local/lib/python3.12/site-packages/airflow/example_dags/example_display_name.py
[2025-03-31T07:21:44.059+0000] {logging_mixin.py:190} INFO - [2025-03-31T07:21:44.059+0000] {dag.py:3239} INFO - Sync 1 DAGs
[2025-03-31T07:21:44.083+0000] {logging_mixin.py:190} INFO - [2025-03-31T07:21:44.083+0000] {dag.py:4180} INFO - Setting next_dagrun for example_display_name to None, run_after=None
[2025-03-31T07:21:44.110+0000] {processor.py:208} INFO - Processing /home/airflow/.local/lib/python3.12/site-packages/airflow/example_dags/example_display_name.py took 0.107 seconds
[2025-03-31T07:22:15.148+0000] {processor.py:186} INFO - Started process (PID=18792) to work on /home/airflow/.local/lib/python3.12/site-packages/airflow/example_dags/example_display_name.py
[2025-03-31T07:22:15.150+0000] {processor.py:914} INFO - Processing file /home/airflow/.local/lib/python3.12/site-packages/airflow/example_dags/example_display_name.py for tasks to queue
[2025-03-31T07:22:15.154+0000] {logging_mixin.py:190} INFO - [2025-03-31T07:22:15.153+0000] {dagbag.py:588} INFO - Filling up the DagBag from /home/airflow/.local/lib/python3.12/site-packages/airflow/example_dags/example_display_name.py
[2025-03-31T07:22:15.167+0000] {processor.py:925} INFO - DAG(s) 'example_display_name' retrieved from /home/airflow/.local/lib/python3.12/site-packages/airflow/example_dags/example_display_name.py
[2025-03-31T07:22:15.199+0000] {logging_mixin.py:190} INFO - [2025-03-31T07:22:15.198+0000] {dag.py:3239} INFO - Sync 1 DAGs
[2025-03-31T07:22:15.221+0000] {logging_mixin.py:190} INFO - [2025-03-31T07:22:15.221+0000] {dag.py:4180} INFO - Setting next_dagrun for example_display_name to None, run_after=None
[2025-03-31T07:22:15.251+0000] {processor.py:208} INFO - Processing /home/airflow/.local/lib/python3.12/site-packages/airflow/example_dags/example_display_name.py took 0.112 seconds
[2025-03-31T07:22:45.424+0000] {processor.py:186} INFO - Started process (PID=19082) to work on /home/airflow/.local/lib/python3.12/site-packages/airflow/example_dags/example_display_name.py
[2025-03-31T07:22:45.425+0000] {processor.py:914} INFO - Processing file /home/airflow/.local/lib/python3.12/site-packages/airflow/example_dags/example_display_name.py for tasks to queue
[2025-03-31T07:22:45.428+0000] {logging_mixin.py:190} INFO - [2025-03-31T07:22:45.427+0000] {dagbag.py:588} INFO - Filling up the DagBag from /home/airflow/.local/lib/python3.12/site-packages/airflow/example_dags/example_display_name.py
[2025-03-31T07:22:45.441+0000] {processor.py:925} INFO - DAG(s) 'example_display_name' retrieved from /home/airflow/.local/lib/python3.12/site-packages/airflow/example_dags/example_display_name.py
[2025-03-31T07:22:45.473+0000] {logging_mixin.py:190} INFO - [2025-03-31T07:22:45.472+0000] {dag.py:3239} INFO - Sync 1 DAGs
[2025-03-31T07:22:45.494+0000] {logging_mixin.py:190} INFO - [2025-03-31T07:22:45.493+0000] {dag.py:4180} INFO - Setting next_dagrun for example_display_name to None, run_after=None
[2025-03-31T07:22:45.521+0000] {processor.py:208} INFO - Processing /home/airflow/.local/lib/python3.12/site-packages/airflow/example_dags/example_display_name.py took 0.105 seconds
[2025-03-31T07:23:16.318+0000] {processor.py:186} INFO - Started process (PID=19373) to work on /home/airflow/.local/lib/python3.12/site-packages/airflow/example_dags/example_display_name.py
[2025-03-31T07:23:16.319+0000] {processor.py:914} INFO - Processing file /home/airflow/.local/lib/python3.12/site-packages/airflow/example_dags/example_display_name.py for tasks to queue
[2025-03-31T07:23:16.322+0000] {logging_mixin.py:190} INFO - [2025-03-31T07:23:16.322+0000] {dagbag.py:588} INFO - Filling up the DagBag from /home/airflow/.local/lib/python3.12/site-packages/airflow/example_dags/example_display_name.py
[2025-03-31T07:23:16.331+0000] {processor.py:925} INFO - DAG(s) 'example_display_name' retrieved from /home/airflow/.local/lib/python3.12/site-packages/airflow/example_dags/example_display_name.py
[2025-03-31T07:23:16.354+0000] {logging_mixin.py:190} INFO - [2025-03-31T07:23:16.354+0000] {dag.py:3239} INFO - Sync 1 DAGs
[2025-03-31T07:23:16.369+0000] {logging_mixin.py:190} INFO - [2025-03-31T07:23:16.369+0000] {dag.py:4180} INFO - Setting next_dagrun for example_display_name to None, run_after=None
[2025-03-31T07:23:16.387+0000] {processor.py:208} INFO - Processing /home/airflow/.local/lib/python3.12/site-packages/airflow/example_dags/example_display_name.py took 0.076 seconds
[2025-03-31T07:23:46.863+0000] {processor.py:186} INFO - Started process (PID=19664) to work on /home/airflow/.local/lib/python3.12/site-packages/airflow/example_dags/example_display_name.py
[2025-03-31T07:23:46.864+0000] {processor.py:914} INFO - Processing file /home/airflow/.local/lib/python3.12/site-packages/airflow/example_dags/example_display_name.py for tasks to queue
[2025-03-31T07:23:46.869+0000] {logging_mixin.py:190} INFO - [2025-03-31T07:23:46.869+0000] {dagbag.py:588} INFO - Filling up the DagBag from /home/airflow/.local/lib/python3.12/site-packages/airflow/example_dags/example_display_name.py
[2025-03-31T07:23:46.877+0000] {processor.py:925} INFO - DAG(s) 'example_display_name' retrieved from /home/airflow/.local/lib/python3.12/site-packages/airflow/example_dags/example_display_name.py
[2025-03-31T07:23:46.898+0000] {logging_mixin.py:190} INFO - [2025-03-31T07:23:46.898+0000] {dag.py:3239} INFO - Sync 1 DAGs
[2025-03-31T07:23:46.914+0000] {logging_mixin.py:190} INFO - [2025-03-31T07:23:46.914+0000] {dag.py:4180} INFO - Setting next_dagrun for example_display_name to None, run_after=None
[2025-03-31T07:23:46.932+0000] {processor.py:208} INFO - Processing /home/airflow/.local/lib/python3.12/site-packages/airflow/example_dags/example_display_name.py took 0.075 seconds
[2025-03-31T07:24:17.140+0000] {processor.py:186} INFO - Started process (PID=19955) to work on /home/airflow/.local/lib/python3.12/site-packages/airflow/example_dags/example_display_name.py
[2025-03-31T07:24:17.141+0000] {processor.py:914} INFO - Processing file /home/airflow/.local/lib/python3.12/site-packages/airflow/example_dags/example_display_name.py for tasks to queue
[2025-03-31T07:24:17.144+0000] {logging_mixin.py:190} INFO - [2025-03-31T07:24:17.143+0000] {dagbag.py:588} INFO - Filling up the DagBag from /home/airflow/.local/lib/python3.12/site-packages/airflow/example_dags/example_display_name.py
[2025-03-31T07:24:17.154+0000] {processor.py:925} INFO - DAG(s) 'example_display_name' retrieved from /home/airflow/.local/lib/python3.12/site-packages/airflow/example_dags/example_display_name.py
[2025-03-31T07:24:17.177+0000] {logging_mixin.py:190} INFO - [2025-03-31T07:24:17.176+0000] {dag.py:3239} INFO - Sync 1 DAGs
[2025-03-31T07:24:17.192+0000] {logging_mixin.py:190} INFO - [2025-03-31T07:24:17.191+0000] {dag.py:4180} INFO - Setting next_dagrun for example_display_name to None, run_after=None
[2025-03-31T07:24:17.209+0000] {processor.py:208} INFO - Processing /home/airflow/.local/lib/python3.12/site-packages/airflow/example_dags/example_display_name.py took 0.075 seconds
[2025-03-31T07:24:47.577+0000] {processor.py:186} INFO - Started process (PID=20246) to work on /home/airflow/.local/lib/python3.12/site-packages/airflow/example_dags/example_display_name.py
[2025-03-31T07:24:47.577+0000] {processor.py:914} INFO - Processing file /home/airflow/.local/lib/python3.12/site-packages/airflow/example_dags/example_display_name.py for tasks to queue
[2025-03-31T07:24:47.580+0000] {logging_mixin.py:190} INFO - [2025-03-31T07:24:47.579+0000] {dagbag.py:588} INFO - Filling up the DagBag from /home/airflow/.local/lib/python3.12/site-packages/airflow/example_dags/example_display_name.py
[2025-03-31T07:24:47.588+0000] {processor.py:925} INFO - DAG(s) 'example_display_name' retrieved from /home/airflow/.local/lib/python3.12/site-packages/airflow/example_dags/example_display_name.py
[2025-03-31T07:24:47.610+0000] {logging_mixin.py:190} INFO - [2025-03-31T07:24:47.609+0000] {dag.py:3239} INFO - Sync 1 DAGs
[2025-03-31T07:24:47.631+0000] {logging_mixin.py:190} INFO - [2025-03-31T07:24:47.631+0000] {dag.py:4180} INFO - Setting next_dagrun for example_display_name to None, run_after=None
[2025-03-31T07:24:47.649+0000] {processor.py:208} INFO - Processing /home/airflow/.local/lib/python3.12/site-packages/airflow/example_dags/example_display_name.py took 0.078 seconds
[2025-03-31T07:25:19.416+0000] {processor.py:186} INFO - Started process (PID=20539) to work on /home/airflow/.local/lib/python3.12/site-packages/airflow/example_dags/example_display_name.py
[2025-03-31T07:25:19.417+0000] {processor.py:914} INFO - Processing file /home/airflow/.local/lib/python3.12/site-packages/airflow/example_dags/example_display_name.py for tasks to queue
[2025-03-31T07:25:19.419+0000] {logging_mixin.py:190} INFO - [2025-03-31T07:25:19.419+0000] {dagbag.py:588} INFO - Filling up the DagBag from /home/airflow/.local/lib/python3.12/site-packages/airflow/example_dags/example_display_name.py
[2025-03-31T07:25:19.427+0000] {processor.py:925} INFO - DAG(s) 'example_display_name' retrieved from /home/airflow/.local/lib/python3.12/site-packages/airflow/example_dags/example_display_name.py
[2025-03-31T07:25:19.448+0000] {logging_mixin.py:190} INFO - [2025-03-31T07:25:19.448+0000] {dag.py:3239} INFO - Sync 1 DAGs
[2025-03-31T07:25:19.463+0000] {logging_mixin.py:190} INFO - [2025-03-31T07:25:19.463+0000] {dag.py:4180} INFO - Setting next_dagrun for example_display_name to None, run_after=None
[2025-03-31T07:25:19.481+0000] {processor.py:208} INFO - Processing /home/airflow/.local/lib/python3.12/site-packages/airflow/example_dags/example_display_name.py took 0.071 seconds
