[2025-03-31T06:47:39.727+0000] {processor.py:186} INFO - Started process (PID=384) to work on /home/airflow/.local/lib/python3.12/site-packages/airflow/example_dags/example_params_ui_tutorial.py
[2025-03-31T06:47:39.728+0000] {processor.py:914} INFO - Processing file /home/airflow/.local/lib/python3.12/site-packages/airflow/example_dags/example_params_ui_tutorial.py for tasks to queue
[2025-03-31T06:47:39.732+0000] {logging_mixin.py:190} INFO - [2025-03-31T06:47:39.731+0000] {dagbag.py:588} INFO - Filling up the DagBag from /home/airflow/.local/lib/python3.12/site-packages/airflow/example_dags/example_params_ui_tutorial.py
[2025-03-31T06:47:39.745+0000] {processor.py:925} INFO - DAG(s) 'example_params_ui_tutorial' retrieved from /home/airflow/.local/lib/python3.12/site-packages/airflow/example_dags/example_params_ui_tutorial.py
[2025-03-31T06:47:39.906+0000] {logging_mixin.py:190} INFO - [2025-03-31T06:47:39.905+0000] {override.py:1912} INFO - Created Permission View: can read on DAG:example_params_ui_tutorial
[2025-03-31T06:47:39.922+0000] {logging_mixin.py:190} INFO - [2025-03-31T06:47:39.922+0000] {override.py:1912} INFO - Created Permission View: can delete on DAG:example_params_ui_tutorial
[2025-03-31T06:47:39.929+0000] {logging_mixin.py:190} INFO - [2025-03-31T06:47:39.929+0000] {override.py:1912} INFO - Created Permission View: can edit on DAG:example_params_ui_tutorial
[2025-03-31T06:47:39.937+0000] {logging_mixin.py:190} INFO - [2025-03-31T06:47:39.937+0000] {override.py:1912} INFO - Created Permission View: can read on DAG Run:example_params_ui_tutorial
[2025-03-31T06:47:39.944+0000] {logging_mixin.py:190} INFO - [2025-03-31T06:47:39.944+0000] {override.py:1912} INFO - Created Permission View: can delete on DAG Run:example_params_ui_tutorial
[2025-03-31T06:47:39.954+0000] {logging_mixin.py:190} INFO - [2025-03-31T06:47:39.953+0000] {override.py:1912} INFO - Created Permission View: menu access on DAG Run:example_params_ui_tutorial
[2025-03-31T06:47:39.961+0000] {logging_mixin.py:190} INFO - [2025-03-31T06:47:39.961+0000] {override.py:1912} INFO - Created Permission View: can create on DAG Run:example_params_ui_tutorial
[2025-03-31T06:47:39.962+0000] {logging_mixin.py:190} INFO - [2025-03-31T06:47:39.962+0000] {dag.py:3239} INFO - Sync 1 DAGs
[2025-03-31T06:47:39.979+0000] {logging_mixin.py:190} INFO - [2025-03-31T06:47:39.979+0000] {dag.py:3262} INFO - Creating ORM DAG for example_params_ui_tutorial
[2025-03-31T06:47:39.980+0000] {logging_mixin.py:190} INFO - [2025-03-31T06:47:39.980+0000] {dag.py:4180} INFO - Setting next_dagrun for example_params_ui_tutorial to None, run_after=None
[2025-03-31T06:47:40.000+0000] {processor.py:208} INFO - Processing /home/airflow/.local/lib/python3.12/site-packages/airflow/example_dags/example_params_ui_tutorial.py took 0.280 seconds
[2025-03-31T06:48:10.231+0000] {processor.py:186} INFO - Started process (PID=675) to work on /home/airflow/.local/lib/python3.12/site-packages/airflow/example_dags/example_params_ui_tutorial.py
[2025-03-31T06:48:10.232+0000] {processor.py:914} INFO - Processing file /home/airflow/.local/lib/python3.12/site-packages/airflow/example_dags/example_params_ui_tutorial.py for tasks to queue
[2025-03-31T06:48:10.235+0000] {logging_mixin.py:190} INFO - [2025-03-31T06:48:10.235+0000] {dagbag.py:588} INFO - Filling up the DagBag from /home/airflow/.local/lib/python3.12/site-packages/airflow/example_dags/example_params_ui_tutorial.py
[2025-03-31T06:48:10.245+0000] {processor.py:925} INFO - DAG(s) 'example_params_ui_tutorial' retrieved from /home/airflow/.local/lib/python3.12/site-packages/airflow/example_dags/example_params_ui_tutorial.py
[2025-03-31T06:48:10.292+0000] {logging_mixin.py:190} INFO - [2025-03-31T06:48:10.292+0000] {dag.py:3239} INFO - Sync 1 DAGs
[2025-03-31T06:48:10.308+0000] {logging_mixin.py:190} INFO - [2025-03-31T06:48:10.308+0000] {dag.py:4180} INFO - Setting next_dagrun for example_params_ui_tutorial to None, run_after=None
[2025-03-31T06:48:10.328+0000] {processor.py:208} INFO - Processing /home/airflow/.local/lib/python3.12/site-packages/airflow/example_dags/example_params_ui_tutorial.py took 0.103 seconds
[2025-03-31T06:48:40.952+0000] {processor.py:186} INFO - Started process (PID=966) to work on /home/airflow/.local/lib/python3.12/site-packages/airflow/example_dags/example_params_ui_tutorial.py
[2025-03-31T06:48:40.953+0000] {processor.py:914} INFO - Processing file /home/airflow/.local/lib/python3.12/site-packages/airflow/example_dags/example_params_ui_tutorial.py for tasks to queue
[2025-03-31T06:48:40.955+0000] {logging_mixin.py:190} INFO - [2025-03-31T06:48:40.955+0000] {dagbag.py:588} INFO - Filling up the DagBag from /home/airflow/.local/lib/python3.12/site-packages/airflow/example_dags/example_params_ui_tutorial.py
[2025-03-31T06:48:40.965+0000] {processor.py:925} INFO - DAG(s) 'example_params_ui_tutorial' retrieved from /home/airflow/.local/lib/python3.12/site-packages/airflow/example_dags/example_params_ui_tutorial.py
[2025-03-31T06:48:41.011+0000] {logging_mixin.py:190} INFO - [2025-03-31T06:48:41.011+0000] {dag.py:3239} INFO - Sync 1 DAGs
[2025-03-31T06:48:41.027+0000] {logging_mixin.py:190} INFO - [2025-03-31T06:48:41.026+0000] {dag.py:4180} INFO - Setting next_dagrun for example_params_ui_tutorial to None, run_after=None
[2025-03-31T06:48:41.044+0000] {processor.py:208} INFO - Processing /home/airflow/.local/lib/python3.12/site-packages/airflow/example_dags/example_params_ui_tutorial.py took 0.098 seconds
[2025-03-31T06:49:42.539+0000] {processor.py:186} INFO - Started process (PID=387) to work on /home/airflow/.local/lib/python3.12/site-packages/airflow/example_dags/example_params_ui_tutorial.py
[2025-03-31T06:49:42.540+0000] {processor.py:914} INFO - Processing file /home/airflow/.local/lib/python3.12/site-packages/airflow/example_dags/example_params_ui_tutorial.py for tasks to queue
[2025-03-31T06:49:42.543+0000] {logging_mixin.py:190} INFO - [2025-03-31T06:49:42.542+0000] {dagbag.py:588} INFO - Filling up the DagBag from /home/airflow/.local/lib/python3.12/site-packages/airflow/example_dags/example_params_ui_tutorial.py
[2025-03-31T06:49:42.554+0000] {processor.py:925} INFO - DAG(s) 'example_params_ui_tutorial' retrieved from /home/airflow/.local/lib/python3.12/site-packages/airflow/example_dags/example_params_ui_tutorial.py
[2025-03-31T06:49:42.605+0000] {logging_mixin.py:190} INFO - [2025-03-31T06:49:42.605+0000] {dag.py:3239} INFO - Sync 1 DAGs
[2025-03-31T06:49:42.622+0000] {logging_mixin.py:190} INFO - [2025-03-31T06:49:42.622+0000] {dag.py:4180} INFO - Setting next_dagrun for example_params_ui_tutorial to None, run_after=None
[2025-03-31T06:49:42.641+0000] {processor.py:208} INFO - Processing /home/airflow/.local/lib/python3.12/site-packages/airflow/example_dags/example_params_ui_tutorial.py took 0.109 seconds
[2025-03-31T06:50:13.479+0000] {processor.py:186} INFO - Started process (PID=676) to work on /home/airflow/.local/lib/python3.12/site-packages/airflow/example_dags/example_params_ui_tutorial.py
[2025-03-31T06:50:13.480+0000] {processor.py:914} INFO - Processing file /home/airflow/.local/lib/python3.12/site-packages/airflow/example_dags/example_params_ui_tutorial.py for tasks to queue
[2025-03-31T06:50:13.482+0000] {logging_mixin.py:190} INFO - [2025-03-31T06:50:13.482+0000] {dagbag.py:588} INFO - Filling up the DagBag from /home/airflow/.local/lib/python3.12/site-packages/airflow/example_dags/example_params_ui_tutorial.py
[2025-03-31T06:50:13.491+0000] {processor.py:925} INFO - DAG(s) 'example_params_ui_tutorial' retrieved from /home/airflow/.local/lib/python3.12/site-packages/airflow/example_dags/example_params_ui_tutorial.py
[2025-03-31T06:50:13.534+0000] {logging_mixin.py:190} INFO - [2025-03-31T06:50:13.533+0000] {dag.py:3239} INFO - Sync 1 DAGs
[2025-03-31T06:50:13.553+0000] {logging_mixin.py:190} INFO - [2025-03-31T06:50:13.553+0000] {dag.py:4180} INFO - Setting next_dagrun for example_params_ui_tutorial to None, run_after=None
[2025-03-31T06:50:13.574+0000] {processor.py:208} INFO - Processing /home/airflow/.local/lib/python3.12/site-packages/airflow/example_dags/example_params_ui_tutorial.py took 0.102 seconds
[2025-03-31T06:50:44.509+0000] {processor.py:186} INFO - Started process (PID=967) to work on /home/airflow/.local/lib/python3.12/site-packages/airflow/example_dags/example_params_ui_tutorial.py
[2025-03-31T06:50:44.510+0000] {processor.py:914} INFO - Processing file /home/airflow/.local/lib/python3.12/site-packages/airflow/example_dags/example_params_ui_tutorial.py for tasks to queue
[2025-03-31T06:50:44.515+0000] {logging_mixin.py:190} INFO - [2025-03-31T06:50:44.514+0000] {dagbag.py:588} INFO - Filling up the DagBag from /home/airflow/.local/lib/python3.12/site-packages/airflow/example_dags/example_params_ui_tutorial.py
[2025-03-31T06:50:44.524+0000] {processor.py:925} INFO - DAG(s) 'example_params_ui_tutorial' retrieved from /home/airflow/.local/lib/python3.12/site-packages/airflow/example_dags/example_params_ui_tutorial.py
[2025-03-31T06:50:44.568+0000] {logging_mixin.py:190} INFO - [2025-03-31T06:50:44.568+0000] {dag.py:3239} INFO - Sync 1 DAGs
[2025-03-31T06:50:44.584+0000] {logging_mixin.py:190} INFO - [2025-03-31T06:50:44.584+0000] {dag.py:4180} INFO - Setting next_dagrun for example_params_ui_tutorial to None, run_after=None
[2025-03-31T06:50:44.601+0000] {processor.py:208} INFO - Processing /home/airflow/.local/lib/python3.12/site-packages/airflow/example_dags/example_params_ui_tutorial.py took 0.098 seconds
[2025-03-31T06:51:16.042+0000] {processor.py:186} INFO - Started process (PID=1258) to work on /home/airflow/.local/lib/python3.12/site-packages/airflow/example_dags/example_params_ui_tutorial.py
[2025-03-31T06:51:16.043+0000] {processor.py:914} INFO - Processing file /home/airflow/.local/lib/python3.12/site-packages/airflow/example_dags/example_params_ui_tutorial.py for tasks to queue
[2025-03-31T06:51:16.046+0000] {logging_mixin.py:190} INFO - [2025-03-31T06:51:16.045+0000] {dagbag.py:588} INFO - Filling up the DagBag from /home/airflow/.local/lib/python3.12/site-packages/airflow/example_dags/example_params_ui_tutorial.py
[2025-03-31T06:51:16.056+0000] {processor.py:925} INFO - DAG(s) 'example_params_ui_tutorial' retrieved from /home/airflow/.local/lib/python3.12/site-packages/airflow/example_dags/example_params_ui_tutorial.py
[2025-03-31T06:51:16.108+0000] {logging_mixin.py:190} INFO - [2025-03-31T06:51:16.107+0000] {dag.py:3239} INFO - Sync 1 DAGs
[2025-03-31T06:51:16.124+0000] {logging_mixin.py:190} INFO - [2025-03-31T06:51:16.123+0000] {dag.py:4180} INFO - Setting next_dagrun for example_params_ui_tutorial to None, run_after=None
[2025-03-31T06:51:16.147+0000] {processor.py:208} INFO - Processing /home/airflow/.local/lib/python3.12/site-packages/airflow/example_dags/example_params_ui_tutorial.py took 0.112 seconds
[2025-03-31T06:51:47.704+0000] {processor.py:186} INFO - Started process (PID=1551) to work on /home/airflow/.local/lib/python3.12/site-packages/airflow/example_dags/example_params_ui_tutorial.py
[2025-03-31T06:51:47.704+0000] {processor.py:914} INFO - Processing file /home/airflow/.local/lib/python3.12/site-packages/airflow/example_dags/example_params_ui_tutorial.py for tasks to queue
[2025-03-31T06:51:47.707+0000] {logging_mixin.py:190} INFO - [2025-03-31T06:51:47.706+0000] {dagbag.py:588} INFO - Filling up the DagBag from /home/airflow/.local/lib/python3.12/site-packages/airflow/example_dags/example_params_ui_tutorial.py
[2025-03-31T06:51:47.717+0000] {processor.py:925} INFO - DAG(s) 'example_params_ui_tutorial' retrieved from /home/airflow/.local/lib/python3.12/site-packages/airflow/example_dags/example_params_ui_tutorial.py
[2025-03-31T06:51:47.765+0000] {logging_mixin.py:190} INFO - [2025-03-31T06:51:47.765+0000] {dag.py:3239} INFO - Sync 1 DAGs
[2025-03-31T06:51:47.783+0000] {logging_mixin.py:190} INFO - [2025-03-31T06:51:47.783+0000] {dag.py:4180} INFO - Setting next_dagrun for example_params_ui_tutorial to None, run_after=None
[2025-03-31T06:51:47.801+0000] {processor.py:208} INFO - Processing /home/airflow/.local/lib/python3.12/site-packages/airflow/example_dags/example_params_ui_tutorial.py took 0.104 seconds
[2025-03-31T06:52:18.362+0000] {processor.py:186} INFO - Started process (PID=1840) to work on /home/airflow/.local/lib/python3.12/site-packages/airflow/example_dags/example_params_ui_tutorial.py
[2025-03-31T06:52:18.363+0000] {processor.py:914} INFO - Processing file /home/airflow/.local/lib/python3.12/site-packages/airflow/example_dags/example_params_ui_tutorial.py for tasks to queue
[2025-03-31T06:52:18.366+0000] {logging_mixin.py:190} INFO - [2025-03-31T06:52:18.365+0000] {dagbag.py:588} INFO - Filling up the DagBag from /home/airflow/.local/lib/python3.12/site-packages/airflow/example_dags/example_params_ui_tutorial.py
[2025-03-31T06:52:18.377+0000] {processor.py:925} INFO - DAG(s) 'example_params_ui_tutorial' retrieved from /home/airflow/.local/lib/python3.12/site-packages/airflow/example_dags/example_params_ui_tutorial.py
[2025-03-31T06:52:18.444+0000] {logging_mixin.py:190} INFO - [2025-03-31T06:52:18.443+0000] {dag.py:3239} INFO - Sync 1 DAGs
[2025-03-31T06:52:18.465+0000] {logging_mixin.py:190} INFO - [2025-03-31T06:52:18.465+0000] {dag.py:4180} INFO - Setting next_dagrun for example_params_ui_tutorial to None, run_after=None
[2025-03-31T06:52:18.494+0000] {processor.py:208} INFO - Processing /home/airflow/.local/lib/python3.12/site-packages/airflow/example_dags/example_params_ui_tutorial.py took 0.138 seconds
[2025-03-31T06:52:49.468+0000] {processor.py:186} INFO - Started process (PID=2131) to work on /home/airflow/.local/lib/python3.12/site-packages/airflow/example_dags/example_params_ui_tutorial.py
[2025-03-31T06:52:49.469+0000] {processor.py:914} INFO - Processing file /home/airflow/.local/lib/python3.12/site-packages/airflow/example_dags/example_params_ui_tutorial.py for tasks to queue
[2025-03-31T06:52:49.471+0000] {logging_mixin.py:190} INFO - [2025-03-31T06:52:49.471+0000] {dagbag.py:588} INFO - Filling up the DagBag from /home/airflow/.local/lib/python3.12/site-packages/airflow/example_dags/example_params_ui_tutorial.py
[2025-03-31T06:52:49.479+0000] {processor.py:925} INFO - DAG(s) 'example_params_ui_tutorial' retrieved from /home/airflow/.local/lib/python3.12/site-packages/airflow/example_dags/example_params_ui_tutorial.py
[2025-03-31T06:52:49.520+0000] {logging_mixin.py:190} INFO - [2025-03-31T06:52:49.519+0000] {dag.py:3239} INFO - Sync 1 DAGs
[2025-03-31T06:52:49.533+0000] {logging_mixin.py:190} INFO - [2025-03-31T06:52:49.533+0000] {dag.py:4180} INFO - Setting next_dagrun for example_params_ui_tutorial to None, run_after=None
[2025-03-31T06:52:49.551+0000] {processor.py:208} INFO - Processing /home/airflow/.local/lib/python3.12/site-packages/airflow/example_dags/example_params_ui_tutorial.py took 0.089 seconds
[2025-03-31T06:53:20.984+0000] {processor.py:186} INFO - Started process (PID=2419) to work on /home/airflow/.local/lib/python3.12/site-packages/airflow/example_dags/example_params_ui_tutorial.py
[2025-03-31T06:53:20.985+0000] {processor.py:914} INFO - Processing file /home/airflow/.local/lib/python3.12/site-packages/airflow/example_dags/example_params_ui_tutorial.py for tasks to queue
[2025-03-31T06:53:20.987+0000] {logging_mixin.py:190} INFO - [2025-03-31T06:53:20.987+0000] {dagbag.py:588} INFO - Filling up the DagBag from /home/airflow/.local/lib/python3.12/site-packages/airflow/example_dags/example_params_ui_tutorial.py
[2025-03-31T06:53:20.995+0000] {processor.py:925} INFO - DAG(s) 'example_params_ui_tutorial' retrieved from /home/airflow/.local/lib/python3.12/site-packages/airflow/example_dags/example_params_ui_tutorial.py
[2025-03-31T06:53:21.035+0000] {logging_mixin.py:190} INFO - [2025-03-31T06:53:21.035+0000] {dag.py:3239} INFO - Sync 1 DAGs
[2025-03-31T06:53:21.048+0000] {logging_mixin.py:190} INFO - [2025-03-31T06:53:21.048+0000] {dag.py:4180} INFO - Setting next_dagrun for example_params_ui_tutorial to None, run_after=None
[2025-03-31T06:53:21.063+0000] {processor.py:208} INFO - Processing /home/airflow/.local/lib/python3.12/site-packages/airflow/example_dags/example_params_ui_tutorial.py took 0.085 seconds
[2025-03-31T06:53:52.106+0000] {processor.py:186} INFO - Started process (PID=2709) to work on /home/airflow/.local/lib/python3.12/site-packages/airflow/example_dags/example_params_ui_tutorial.py
[2025-03-31T06:53:52.107+0000] {processor.py:914} INFO - Processing file /home/airflow/.local/lib/python3.12/site-packages/airflow/example_dags/example_params_ui_tutorial.py for tasks to queue
[2025-03-31T06:53:52.109+0000] {logging_mixin.py:190} INFO - [2025-03-31T06:53:52.109+0000] {dagbag.py:588} INFO - Filling up the DagBag from /home/airflow/.local/lib/python3.12/site-packages/airflow/example_dags/example_params_ui_tutorial.py
[2025-03-31T06:53:52.119+0000] {processor.py:925} INFO - DAG(s) 'example_params_ui_tutorial' retrieved from /home/airflow/.local/lib/python3.12/site-packages/airflow/example_dags/example_params_ui_tutorial.py
[2025-03-31T06:53:52.160+0000] {logging_mixin.py:190} INFO - [2025-03-31T06:53:52.159+0000] {dag.py:3239} INFO - Sync 1 DAGs
[2025-03-31T06:53:52.173+0000] {logging_mixin.py:190} INFO - [2025-03-31T06:53:52.173+0000] {dag.py:4180} INFO - Setting next_dagrun for example_params_ui_tutorial to None, run_after=None
[2025-03-31T06:53:52.189+0000] {processor.py:208} INFO - Processing /home/airflow/.local/lib/python3.12/site-packages/airflow/example_dags/example_params_ui_tutorial.py took 0.089 seconds
[2025-03-31T06:54:23.847+0000] {processor.py:186} INFO - Started process (PID=3004) to work on /home/airflow/.local/lib/python3.12/site-packages/airflow/example_dags/example_params_ui_tutorial.py
[2025-03-31T06:54:23.850+0000] {processor.py:914} INFO - Processing file /home/airflow/.local/lib/python3.12/site-packages/airflow/example_dags/example_params_ui_tutorial.py for tasks to queue
[2025-03-31T06:54:23.853+0000] {logging_mixin.py:190} INFO - [2025-03-31T06:54:23.853+0000] {dagbag.py:588} INFO - Filling up the DagBag from /home/airflow/.local/lib/python3.12/site-packages/airflow/example_dags/example_params_ui_tutorial.py
[2025-03-31T06:54:23.863+0000] {processor.py:925} INFO - DAG(s) 'example_params_ui_tutorial' retrieved from /home/airflow/.local/lib/python3.12/site-packages/airflow/example_dags/example_params_ui_tutorial.py
[2025-03-31T06:54:23.919+0000] {logging_mixin.py:190} INFO - [2025-03-31T06:54:23.919+0000] {dag.py:3239} INFO - Sync 1 DAGs
[2025-03-31T06:54:23.937+0000] {logging_mixin.py:190} INFO - [2025-03-31T06:54:23.936+0000] {dag.py:4180} INFO - Setting next_dagrun for example_params_ui_tutorial to None, run_after=None
[2025-03-31T06:54:23.964+0000] {processor.py:208} INFO - Processing /home/airflow/.local/lib/python3.12/site-packages/airflow/example_dags/example_params_ui_tutorial.py took 0.123 seconds
[2025-03-31T06:54:54.589+0000] {processor.py:186} INFO - Started process (PID=3290) to work on /home/airflow/.local/lib/python3.12/site-packages/airflow/example_dags/example_params_ui_tutorial.py
[2025-03-31T06:54:54.590+0000] {processor.py:914} INFO - Processing file /home/airflow/.local/lib/python3.12/site-packages/airflow/example_dags/example_params_ui_tutorial.py for tasks to queue
[2025-03-31T06:54:54.592+0000] {logging_mixin.py:190} INFO - [2025-03-31T06:54:54.592+0000] {dagbag.py:588} INFO - Filling up the DagBag from /home/airflow/.local/lib/python3.12/site-packages/airflow/example_dags/example_params_ui_tutorial.py
[2025-03-31T06:54:54.602+0000] {processor.py:925} INFO - DAG(s) 'example_params_ui_tutorial' retrieved from /home/airflow/.local/lib/python3.12/site-packages/airflow/example_dags/example_params_ui_tutorial.py
[2025-03-31T06:54:54.646+0000] {logging_mixin.py:190} INFO - [2025-03-31T06:54:54.646+0000] {dag.py:3239} INFO - Sync 1 DAGs
[2025-03-31T06:54:54.662+0000] {logging_mixin.py:190} INFO - [2025-03-31T06:54:54.662+0000] {dag.py:4180} INFO - Setting next_dagrun for example_params_ui_tutorial to None, run_after=None
[2025-03-31T06:54:54.680+0000] {processor.py:208} INFO - Processing /home/airflow/.local/lib/python3.12/site-packages/airflow/example_dags/example_params_ui_tutorial.py took 0.096 seconds
[2025-03-31T06:55:25.921+0000] {processor.py:186} INFO - Started process (PID=3585) to work on /home/airflow/.local/lib/python3.12/site-packages/airflow/example_dags/example_params_ui_tutorial.py
[2025-03-31T06:55:25.922+0000] {processor.py:914} INFO - Processing file /home/airflow/.local/lib/python3.12/site-packages/airflow/example_dags/example_params_ui_tutorial.py for tasks to queue
[2025-03-31T06:55:25.926+0000] {logging_mixin.py:190} INFO - [2025-03-31T06:55:25.925+0000] {dagbag.py:588} INFO - Filling up the DagBag from /home/airflow/.local/lib/python3.12/site-packages/airflow/example_dags/example_params_ui_tutorial.py
[2025-03-31T06:55:25.935+0000] {processor.py:925} INFO - DAG(s) 'example_params_ui_tutorial' retrieved from /home/airflow/.local/lib/python3.12/site-packages/airflow/example_dags/example_params_ui_tutorial.py
[2025-03-31T06:55:25.977+0000] {logging_mixin.py:190} INFO - [2025-03-31T06:55:25.977+0000] {dag.py:3239} INFO - Sync 1 DAGs
[2025-03-31T06:55:25.993+0000] {logging_mixin.py:190} INFO - [2025-03-31T06:55:25.993+0000] {dag.py:4180} INFO - Setting next_dagrun for example_params_ui_tutorial to None, run_after=None
[2025-03-31T06:55:26.011+0000] {processor.py:208} INFO - Processing /home/airflow/.local/lib/python3.12/site-packages/airflow/example_dags/example_params_ui_tutorial.py took 0.096 seconds
[2025-03-31T06:55:57.582+0000] {processor.py:186} INFO - Started process (PID=3880) to work on /home/airflow/.local/lib/python3.12/site-packages/airflow/example_dags/example_params_ui_tutorial.py
[2025-03-31T06:55:57.583+0000] {processor.py:914} INFO - Processing file /home/airflow/.local/lib/python3.12/site-packages/airflow/example_dags/example_params_ui_tutorial.py for tasks to queue
[2025-03-31T06:55:57.586+0000] {logging_mixin.py:190} INFO - [2025-03-31T06:55:57.585+0000] {dagbag.py:588} INFO - Filling up the DagBag from /home/airflow/.local/lib/python3.12/site-packages/airflow/example_dags/example_params_ui_tutorial.py
[2025-03-31T06:55:57.597+0000] {processor.py:925} INFO - DAG(s) 'example_params_ui_tutorial' retrieved from /home/airflow/.local/lib/python3.12/site-packages/airflow/example_dags/example_params_ui_tutorial.py
[2025-03-31T06:55:57.641+0000] {logging_mixin.py:190} INFO - [2025-03-31T06:55:57.641+0000] {dag.py:3239} INFO - Sync 1 DAGs
[2025-03-31T06:55:57.656+0000] {logging_mixin.py:190} INFO - [2025-03-31T06:55:57.656+0000] {dag.py:4180} INFO - Setting next_dagrun for example_params_ui_tutorial to None, run_after=None
[2025-03-31T06:55:57.672+0000] {processor.py:208} INFO - Processing /home/airflow/.local/lib/python3.12/site-packages/airflow/example_dags/example_params_ui_tutorial.py took 0.095 seconds
[2025-03-31T06:56:30.067+0000] {processor.py:186} INFO - Started process (PID=4171) to work on /home/airflow/.local/lib/python3.12/site-packages/airflow/example_dags/example_params_ui_tutorial.py
[2025-03-31T06:56:30.069+0000] {processor.py:914} INFO - Processing file /home/airflow/.local/lib/python3.12/site-packages/airflow/example_dags/example_params_ui_tutorial.py for tasks to queue
[2025-03-31T06:56:30.073+0000] {logging_mixin.py:190} INFO - [2025-03-31T06:56:30.072+0000] {dagbag.py:588} INFO - Filling up the DagBag from /home/airflow/.local/lib/python3.12/site-packages/airflow/example_dags/example_params_ui_tutorial.py
[2025-03-31T06:56:30.090+0000] {processor.py:925} INFO - DAG(s) 'example_params_ui_tutorial' retrieved from /home/airflow/.local/lib/python3.12/site-packages/airflow/example_dags/example_params_ui_tutorial.py
[2025-03-31T06:56:30.161+0000] {logging_mixin.py:190} INFO - [2025-03-31T06:56:30.161+0000] {dag.py:3239} INFO - Sync 1 DAGs
[2025-03-31T06:56:30.180+0000] {logging_mixin.py:190} INFO - [2025-03-31T06:56:30.180+0000] {dag.py:4180} INFO - Setting next_dagrun for example_params_ui_tutorial to None, run_after=None
[2025-03-31T06:56:30.205+0000] {processor.py:208} INFO - Processing /home/airflow/.local/lib/python3.12/site-packages/airflow/example_dags/example_params_ui_tutorial.py took 0.149 seconds
[2025-03-31T06:57:01.432+0000] {processor.py:186} INFO - Started process (PID=4462) to work on /home/airflow/.local/lib/python3.12/site-packages/airflow/example_dags/example_params_ui_tutorial.py
[2025-03-31T06:57:01.434+0000] {processor.py:914} INFO - Processing file /home/airflow/.local/lib/python3.12/site-packages/airflow/example_dags/example_params_ui_tutorial.py for tasks to queue
[2025-03-31T06:57:01.439+0000] {logging_mixin.py:190} INFO - [2025-03-31T06:57:01.439+0000] {dagbag.py:588} INFO - Filling up the DagBag from /home/airflow/.local/lib/python3.12/site-packages/airflow/example_dags/example_params_ui_tutorial.py
[2025-03-31T06:57:01.457+0000] {processor.py:925} INFO - DAG(s) 'example_params_ui_tutorial' retrieved from /home/airflow/.local/lib/python3.12/site-packages/airflow/example_dags/example_params_ui_tutorial.py
[2025-03-31T06:57:01.535+0000] {logging_mixin.py:190} INFO - [2025-03-31T06:57:01.535+0000] {dag.py:3239} INFO - Sync 1 DAGs
[2025-03-31T06:57:01.562+0000] {logging_mixin.py:190} INFO - [2025-03-31T06:57:01.562+0000] {dag.py:4180} INFO - Setting next_dagrun for example_params_ui_tutorial to None, run_after=None
[2025-03-31T06:57:01.597+0000] {processor.py:208} INFO - Processing /home/airflow/.local/lib/python3.12/site-packages/airflow/example_dags/example_params_ui_tutorial.py took 0.175 seconds
[2025-03-31T06:57:32.468+0000] {processor.py:186} INFO - Started process (PID=4753) to work on /home/airflow/.local/lib/python3.12/site-packages/airflow/example_dags/example_params_ui_tutorial.py
[2025-03-31T06:57:32.469+0000] {processor.py:914} INFO - Processing file /home/airflow/.local/lib/python3.12/site-packages/airflow/example_dags/example_params_ui_tutorial.py for tasks to queue
[2025-03-31T06:57:32.473+0000] {logging_mixin.py:190} INFO - [2025-03-31T06:57:32.472+0000] {dagbag.py:588} INFO - Filling up the DagBag from /home/airflow/.local/lib/python3.12/site-packages/airflow/example_dags/example_params_ui_tutorial.py
[2025-03-31T06:57:32.488+0000] {processor.py:925} INFO - DAG(s) 'example_params_ui_tutorial' retrieved from /home/airflow/.local/lib/python3.12/site-packages/airflow/example_dags/example_params_ui_tutorial.py
[2025-03-31T06:57:32.554+0000] {logging_mixin.py:190} INFO - [2025-03-31T06:57:32.553+0000] {dag.py:3239} INFO - Sync 1 DAGs
[2025-03-31T06:57:32.572+0000] {logging_mixin.py:190} INFO - [2025-03-31T06:57:32.571+0000] {dag.py:4180} INFO - Setting next_dagrun for example_params_ui_tutorial to None, run_after=None
[2025-03-31T06:57:32.596+0000] {processor.py:208} INFO - Processing /home/airflow/.local/lib/python3.12/site-packages/airflow/example_dags/example_params_ui_tutorial.py took 0.137 seconds
[2025-03-31T06:58:03.696+0000] {processor.py:186} INFO - Started process (PID=5044) to work on /home/airflow/.local/lib/python3.12/site-packages/airflow/example_dags/example_params_ui_tutorial.py
[2025-03-31T06:58:03.697+0000] {processor.py:914} INFO - Processing file /home/airflow/.local/lib/python3.12/site-packages/airflow/example_dags/example_params_ui_tutorial.py for tasks to queue
[2025-03-31T06:58:03.701+0000] {logging_mixin.py:190} INFO - [2025-03-31T06:58:03.701+0000] {dagbag.py:588} INFO - Filling up the DagBag from /home/airflow/.local/lib/python3.12/site-packages/airflow/example_dags/example_params_ui_tutorial.py
[2025-03-31T06:58:03.712+0000] {processor.py:925} INFO - DAG(s) 'example_params_ui_tutorial' retrieved from /home/airflow/.local/lib/python3.12/site-packages/airflow/example_dags/example_params_ui_tutorial.py
[2025-03-31T06:58:03.768+0000] {logging_mixin.py:190} INFO - [2025-03-31T06:58:03.768+0000] {dag.py:3239} INFO - Sync 1 DAGs
[2025-03-31T06:58:03.786+0000] {logging_mixin.py:190} INFO - [2025-03-31T06:58:03.785+0000] {dag.py:4180} INFO - Setting next_dagrun for example_params_ui_tutorial to None, run_after=None
[2025-03-31T06:58:03.807+0000] {processor.py:208} INFO - Processing /home/airflow/.local/lib/python3.12/site-packages/airflow/example_dags/example_params_ui_tutorial.py took 0.118 seconds
[2025-03-31T06:58:35.329+0000] {processor.py:186} INFO - Started process (PID=5340) to work on /home/airflow/.local/lib/python3.12/site-packages/airflow/example_dags/example_params_ui_tutorial.py
[2025-03-31T06:58:35.330+0000] {processor.py:914} INFO - Processing file /home/airflow/.local/lib/python3.12/site-packages/airflow/example_dags/example_params_ui_tutorial.py for tasks to queue
[2025-03-31T06:58:35.334+0000] {logging_mixin.py:190} INFO - [2025-03-31T06:58:35.334+0000] {dagbag.py:588} INFO - Filling up the DagBag from /home/airflow/.local/lib/python3.12/site-packages/airflow/example_dags/example_params_ui_tutorial.py
[2025-03-31T06:58:35.345+0000] {processor.py:925} INFO - DAG(s) 'example_params_ui_tutorial' retrieved from /home/airflow/.local/lib/python3.12/site-packages/airflow/example_dags/example_params_ui_tutorial.py
[2025-03-31T06:58:35.402+0000] {logging_mixin.py:190} INFO - [2025-03-31T06:58:35.402+0000] {dag.py:3239} INFO - Sync 1 DAGs
[2025-03-31T06:58:35.419+0000] {logging_mixin.py:190} INFO - [2025-03-31T06:58:35.419+0000] {dag.py:4180} INFO - Setting next_dagrun for example_params_ui_tutorial to None, run_after=None
[2025-03-31T06:58:35.442+0000] {processor.py:208} INFO - Processing /home/airflow/.local/lib/python3.12/site-packages/airflow/example_dags/example_params_ui_tutorial.py took 0.120 seconds
[2025-03-31T06:59:06.661+0000] {processor.py:186} INFO - Started process (PID=5631) to work on /home/airflow/.local/lib/python3.12/site-packages/airflow/example_dags/example_params_ui_tutorial.py
[2025-03-31T06:59:06.662+0000] {processor.py:914} INFO - Processing file /home/airflow/.local/lib/python3.12/site-packages/airflow/example_dags/example_params_ui_tutorial.py for tasks to queue
[2025-03-31T06:59:06.664+0000] {logging_mixin.py:190} INFO - [2025-03-31T06:59:06.664+0000] {dagbag.py:588} INFO - Filling up the DagBag from /home/airflow/.local/lib/python3.12/site-packages/airflow/example_dags/example_params_ui_tutorial.py
[2025-03-31T06:59:06.675+0000] {processor.py:925} INFO - DAG(s) 'example_params_ui_tutorial' retrieved from /home/airflow/.local/lib/python3.12/site-packages/airflow/example_dags/example_params_ui_tutorial.py
[2025-03-31T06:59:06.736+0000] {logging_mixin.py:190} INFO - [2025-03-31T06:59:06.735+0000] {dag.py:3239} INFO - Sync 1 DAGs
[2025-03-31T06:59:06.755+0000] {logging_mixin.py:190} INFO - [2025-03-31T06:59:06.754+0000] {dag.py:4180} INFO - Setting next_dagrun for example_params_ui_tutorial to None, run_after=None
[2025-03-31T06:59:06.778+0000] {processor.py:208} INFO - Processing /home/airflow/.local/lib/python3.12/site-packages/airflow/example_dags/example_params_ui_tutorial.py took 0.124 seconds
[2025-03-31T06:59:37.915+0000] {processor.py:186} INFO - Started process (PID=5922) to work on /home/airflow/.local/lib/python3.12/site-packages/airflow/example_dags/example_params_ui_tutorial.py
[2025-03-31T06:59:37.916+0000] {processor.py:914} INFO - Processing file /home/airflow/.local/lib/python3.12/site-packages/airflow/example_dags/example_params_ui_tutorial.py for tasks to queue
[2025-03-31T06:59:37.919+0000] {logging_mixin.py:190} INFO - [2025-03-31T06:59:37.919+0000] {dagbag.py:588} INFO - Filling up the DagBag from /home/airflow/.local/lib/python3.12/site-packages/airflow/example_dags/example_params_ui_tutorial.py
[2025-03-31T06:59:37.930+0000] {processor.py:925} INFO - DAG(s) 'example_params_ui_tutorial' retrieved from /home/airflow/.local/lib/python3.12/site-packages/airflow/example_dags/example_params_ui_tutorial.py
[2025-03-31T06:59:37.984+0000] {logging_mixin.py:190} INFO - [2025-03-31T06:59:37.983+0000] {dag.py:3239} INFO - Sync 1 DAGs
[2025-03-31T06:59:38.003+0000] {logging_mixin.py:190} INFO - [2025-03-31T06:59:38.003+0000] {dag.py:4180} INFO - Setting next_dagrun for example_params_ui_tutorial to None, run_after=None
[2025-03-31T06:59:38.028+0000] {processor.py:208} INFO - Processing /home/airflow/.local/lib/python3.12/site-packages/airflow/example_dags/example_params_ui_tutorial.py took 0.120 seconds
[2025-03-31T07:00:09.321+0000] {processor.py:186} INFO - Started process (PID=6213) to work on /home/airflow/.local/lib/python3.12/site-packages/airflow/example_dags/example_params_ui_tutorial.py
[2025-03-31T07:00:09.322+0000] {processor.py:914} INFO - Processing file /home/airflow/.local/lib/python3.12/site-packages/airflow/example_dags/example_params_ui_tutorial.py for tasks to queue
[2025-03-31T07:00:09.325+0000] {logging_mixin.py:190} INFO - [2025-03-31T07:00:09.324+0000] {dagbag.py:588} INFO - Filling up the DagBag from /home/airflow/.local/lib/python3.12/site-packages/airflow/example_dags/example_params_ui_tutorial.py
[2025-03-31T07:00:09.336+0000] {processor.py:925} INFO - DAG(s) 'example_params_ui_tutorial' retrieved from /home/airflow/.local/lib/python3.12/site-packages/airflow/example_dags/example_params_ui_tutorial.py
[2025-03-31T07:00:09.388+0000] {logging_mixin.py:190} INFO - [2025-03-31T07:00:09.388+0000] {dag.py:3239} INFO - Sync 1 DAGs
[2025-03-31T07:00:09.403+0000] {logging_mixin.py:190} INFO - [2025-03-31T07:00:09.403+0000] {dag.py:4180} INFO - Setting next_dagrun for example_params_ui_tutorial to None, run_after=None
[2025-03-31T07:00:09.424+0000] {processor.py:208} INFO - Processing /home/airflow/.local/lib/python3.12/site-packages/airflow/example_dags/example_params_ui_tutorial.py took 0.109 seconds
[2025-03-31T07:00:40.839+0000] {processor.py:186} INFO - Started process (PID=6499) to work on /home/airflow/.local/lib/python3.12/site-packages/airflow/example_dags/example_params_ui_tutorial.py
[2025-03-31T07:00:40.840+0000] {processor.py:914} INFO - Processing file /home/airflow/.local/lib/python3.12/site-packages/airflow/example_dags/example_params_ui_tutorial.py for tasks to queue
[2025-03-31T07:00:40.842+0000] {logging_mixin.py:190} INFO - [2025-03-31T07:00:40.842+0000] {dagbag.py:588} INFO - Filling up the DagBag from /home/airflow/.local/lib/python3.12/site-packages/airflow/example_dags/example_params_ui_tutorial.py
[2025-03-31T07:00:40.856+0000] {processor.py:925} INFO - DAG(s) 'example_params_ui_tutorial' retrieved from /home/airflow/.local/lib/python3.12/site-packages/airflow/example_dags/example_params_ui_tutorial.py
[2025-03-31T07:00:40.903+0000] {logging_mixin.py:190} INFO - [2025-03-31T07:00:40.903+0000] {dag.py:3239} INFO - Sync 1 DAGs
[2025-03-31T07:00:40.920+0000] {logging_mixin.py:190} INFO - [2025-03-31T07:00:40.920+0000] {dag.py:4180} INFO - Setting next_dagrun for example_params_ui_tutorial to None, run_after=None
[2025-03-31T07:00:40.943+0000] {processor.py:208} INFO - Processing /home/airflow/.local/lib/python3.12/site-packages/airflow/example_dags/example_params_ui_tutorial.py took 0.111 seconds
[2025-03-31T07:01:12.100+0000] {processor.py:186} INFO - Started process (PID=6801) to work on /home/airflow/.local/lib/python3.12/site-packages/airflow/example_dags/example_params_ui_tutorial.py
[2025-03-31T07:01:12.101+0000] {processor.py:914} INFO - Processing file /home/airflow/.local/lib/python3.12/site-packages/airflow/example_dags/example_params_ui_tutorial.py for tasks to queue
[2025-03-31T07:01:12.104+0000] {logging_mixin.py:190} INFO - [2025-03-31T07:01:12.103+0000] {dagbag.py:588} INFO - Filling up the DagBag from /home/airflow/.local/lib/python3.12/site-packages/airflow/example_dags/example_params_ui_tutorial.py
[2025-03-31T07:01:12.113+0000] {processor.py:925} INFO - DAG(s) 'example_params_ui_tutorial' retrieved from /home/airflow/.local/lib/python3.12/site-packages/airflow/example_dags/example_params_ui_tutorial.py
[2025-03-31T07:01:12.169+0000] {logging_mixin.py:190} INFO - [2025-03-31T07:01:12.168+0000] {dag.py:3239} INFO - Sync 1 DAGs
[2025-03-31T07:01:12.189+0000] {logging_mixin.py:190} INFO - [2025-03-31T07:01:12.188+0000] {dag.py:4180} INFO - Setting next_dagrun for example_params_ui_tutorial to None, run_after=None
[2025-03-31T07:01:12.211+0000] {processor.py:208} INFO - Processing /home/airflow/.local/lib/python3.12/site-packages/airflow/example_dags/example_params_ui_tutorial.py took 0.117 seconds
[2025-03-31T07:01:42.772+0000] {processor.py:186} INFO - Started process (PID=7087) to work on /home/airflow/.local/lib/python3.12/site-packages/airflow/example_dags/example_params_ui_tutorial.py
[2025-03-31T07:01:42.773+0000] {processor.py:914} INFO - Processing file /home/airflow/.local/lib/python3.12/site-packages/airflow/example_dags/example_params_ui_tutorial.py for tasks to queue
[2025-03-31T07:01:42.775+0000] {logging_mixin.py:190} INFO - [2025-03-31T07:01:42.775+0000] {dagbag.py:588} INFO - Filling up the DagBag from /home/airflow/.local/lib/python3.12/site-packages/airflow/example_dags/example_params_ui_tutorial.py
[2025-03-31T07:01:42.785+0000] {processor.py:925} INFO - DAG(s) 'example_params_ui_tutorial' retrieved from /home/airflow/.local/lib/python3.12/site-packages/airflow/example_dags/example_params_ui_tutorial.py
[2025-03-31T07:01:42.829+0000] {logging_mixin.py:190} INFO - [2025-03-31T07:01:42.828+0000] {dag.py:3239} INFO - Sync 1 DAGs
[2025-03-31T07:01:42.843+0000] {logging_mixin.py:190} INFO - [2025-03-31T07:01:42.843+0000] {dag.py:4180} INFO - Setting next_dagrun for example_params_ui_tutorial to None, run_after=None
[2025-03-31T07:01:42.864+0000] {processor.py:208} INFO - Processing /home/airflow/.local/lib/python3.12/site-packages/airflow/example_dags/example_params_ui_tutorial.py took 0.098 seconds
[2025-03-31T07:02:14.195+0000] {processor.py:186} INFO - Started process (PID=7380) to work on /home/airflow/.local/lib/python3.12/site-packages/airflow/example_dags/example_params_ui_tutorial.py
[2025-03-31T07:02:14.196+0000] {processor.py:914} INFO - Processing file /home/airflow/.local/lib/python3.12/site-packages/airflow/example_dags/example_params_ui_tutorial.py for tasks to queue
[2025-03-31T07:02:14.198+0000] {logging_mixin.py:190} INFO - [2025-03-31T07:02:14.198+0000] {dagbag.py:588} INFO - Filling up the DagBag from /home/airflow/.local/lib/python3.12/site-packages/airflow/example_dags/example_params_ui_tutorial.py
[2025-03-31T07:02:14.208+0000] {processor.py:925} INFO - DAG(s) 'example_params_ui_tutorial' retrieved from /home/airflow/.local/lib/python3.12/site-packages/airflow/example_dags/example_params_ui_tutorial.py
[2025-03-31T07:02:14.252+0000] {logging_mixin.py:190} INFO - [2025-03-31T07:02:14.252+0000] {dag.py:3239} INFO - Sync 1 DAGs
[2025-03-31T07:02:14.267+0000] {logging_mixin.py:190} INFO - [2025-03-31T07:02:14.267+0000] {dag.py:4180} INFO - Setting next_dagrun for example_params_ui_tutorial to None, run_after=None
[2025-03-31T07:02:14.290+0000] {processor.py:208} INFO - Processing /home/airflow/.local/lib/python3.12/site-packages/airflow/example_dags/example_params_ui_tutorial.py took 0.101 seconds
[2025-03-31T07:02:45.068+0000] {processor.py:186} INFO - Started process (PID=7669) to work on /home/airflow/.local/lib/python3.12/site-packages/airflow/example_dags/example_params_ui_tutorial.py
[2025-03-31T07:02:45.069+0000] {processor.py:914} INFO - Processing file /home/airflow/.local/lib/python3.12/site-packages/airflow/example_dags/example_params_ui_tutorial.py for tasks to queue
[2025-03-31T07:02:45.071+0000] {logging_mixin.py:190} INFO - [2025-03-31T07:02:45.071+0000] {dagbag.py:588} INFO - Filling up the DagBag from /home/airflow/.local/lib/python3.12/site-packages/airflow/example_dags/example_params_ui_tutorial.py
[2025-03-31T07:02:45.080+0000] {processor.py:925} INFO - DAG(s) 'example_params_ui_tutorial' retrieved from /home/airflow/.local/lib/python3.12/site-packages/airflow/example_dags/example_params_ui_tutorial.py
[2025-03-31T07:02:45.124+0000] {logging_mixin.py:190} INFO - [2025-03-31T07:02:45.124+0000] {dag.py:3239} INFO - Sync 1 DAGs
[2025-03-31T07:02:45.139+0000] {logging_mixin.py:190} INFO - [2025-03-31T07:02:45.139+0000] {dag.py:4180} INFO - Setting next_dagrun for example_params_ui_tutorial to None, run_after=None
[2025-03-31T07:02:45.158+0000] {processor.py:208} INFO - Processing /home/airflow/.local/lib/python3.12/site-packages/airflow/example_dags/example_params_ui_tutorial.py took 0.097 seconds
[2025-03-31T07:03:16.390+0000] {processor.py:186} INFO - Started process (PID=7965) to work on /home/airflow/.local/lib/python3.12/site-packages/airflow/example_dags/example_params_ui_tutorial.py
[2025-03-31T07:03:16.391+0000] {processor.py:914} INFO - Processing file /home/airflow/.local/lib/python3.12/site-packages/airflow/example_dags/example_params_ui_tutorial.py for tasks to queue
[2025-03-31T07:03:16.393+0000] {logging_mixin.py:190} INFO - [2025-03-31T07:03:16.393+0000] {dagbag.py:588} INFO - Filling up the DagBag from /home/airflow/.local/lib/python3.12/site-packages/airflow/example_dags/example_params_ui_tutorial.py
[2025-03-31T07:03:16.403+0000] {processor.py:925} INFO - DAG(s) 'example_params_ui_tutorial' retrieved from /home/airflow/.local/lib/python3.12/site-packages/airflow/example_dags/example_params_ui_tutorial.py
[2025-03-31T07:03:16.446+0000] {logging_mixin.py:190} INFO - [2025-03-31T07:03:16.446+0000] {dag.py:3239} INFO - Sync 1 DAGs
[2025-03-31T07:03:16.458+0000] {logging_mixin.py:190} INFO - [2025-03-31T07:03:16.458+0000] {dag.py:4180} INFO - Setting next_dagrun for example_params_ui_tutorial to None, run_after=None
[2025-03-31T07:03:16.474+0000] {processor.py:208} INFO - Processing /home/airflow/.local/lib/python3.12/site-packages/airflow/example_dags/example_params_ui_tutorial.py took 0.090 seconds
[2025-03-31T07:03:47.919+0000] {processor.py:186} INFO - Started process (PID=8253) to work on /home/airflow/.local/lib/python3.12/site-packages/airflow/example_dags/example_params_ui_tutorial.py
[2025-03-31T07:03:47.920+0000] {processor.py:914} INFO - Processing file /home/airflow/.local/lib/python3.12/site-packages/airflow/example_dags/example_params_ui_tutorial.py for tasks to queue
[2025-03-31T07:03:47.922+0000] {logging_mixin.py:190} INFO - [2025-03-31T07:03:47.922+0000] {dagbag.py:588} INFO - Filling up the DagBag from /home/airflow/.local/lib/python3.12/site-packages/airflow/example_dags/example_params_ui_tutorial.py
[2025-03-31T07:03:47.933+0000] {processor.py:925} INFO - DAG(s) 'example_params_ui_tutorial' retrieved from /home/airflow/.local/lib/python3.12/site-packages/airflow/example_dags/example_params_ui_tutorial.py
[2025-03-31T07:03:47.980+0000] {logging_mixin.py:190} INFO - [2025-03-31T07:03:47.980+0000] {dag.py:3239} INFO - Sync 1 DAGs
[2025-03-31T07:03:47.995+0000] {logging_mixin.py:190} INFO - [2025-03-31T07:03:47.995+0000] {dag.py:4180} INFO - Setting next_dagrun for example_params_ui_tutorial to None, run_after=None
[2025-03-31T07:03:48.014+0000] {processor.py:208} INFO - Processing /home/airflow/.local/lib/python3.12/site-packages/airflow/example_dags/example_params_ui_tutorial.py took 0.101 seconds
[2025-03-31T07:04:18.957+0000] {processor.py:186} INFO - Started process (PID=8544) to work on /home/airflow/.local/lib/python3.12/site-packages/airflow/example_dags/example_params_ui_tutorial.py
[2025-03-31T07:04:18.958+0000] {processor.py:914} INFO - Processing file /home/airflow/.local/lib/python3.12/site-packages/airflow/example_dags/example_params_ui_tutorial.py for tasks to queue
[2025-03-31T07:04:18.960+0000] {logging_mixin.py:190} INFO - [2025-03-31T07:04:18.960+0000] {dagbag.py:588} INFO - Filling up the DagBag from /home/airflow/.local/lib/python3.12/site-packages/airflow/example_dags/example_params_ui_tutorial.py
[2025-03-31T07:04:18.970+0000] {processor.py:925} INFO - DAG(s) 'example_params_ui_tutorial' retrieved from /home/airflow/.local/lib/python3.12/site-packages/airflow/example_dags/example_params_ui_tutorial.py
[2025-03-31T07:04:19.016+0000] {logging_mixin.py:190} INFO - [2025-03-31T07:04:19.016+0000] {dag.py:3239} INFO - Sync 1 DAGs
[2025-03-31T07:04:19.033+0000] {logging_mixin.py:190} INFO - [2025-03-31T07:04:19.033+0000] {dag.py:4180} INFO - Setting next_dagrun for example_params_ui_tutorial to None, run_after=None
[2025-03-31T07:04:19.053+0000] {processor.py:208} INFO - Processing /home/airflow/.local/lib/python3.12/site-packages/airflow/example_dags/example_params_ui_tutorial.py took 0.102 seconds
[2025-03-31T07:04:50.425+0000] {processor.py:186} INFO - Started process (PID=8835) to work on /home/airflow/.local/lib/python3.12/site-packages/airflow/example_dags/example_params_ui_tutorial.py
[2025-03-31T07:04:50.426+0000] {processor.py:914} INFO - Processing file /home/airflow/.local/lib/python3.12/site-packages/airflow/example_dags/example_params_ui_tutorial.py for tasks to queue
[2025-03-31T07:04:50.429+0000] {logging_mixin.py:190} INFO - [2025-03-31T07:04:50.428+0000] {dagbag.py:588} INFO - Filling up the DagBag from /home/airflow/.local/lib/python3.12/site-packages/airflow/example_dags/example_params_ui_tutorial.py
[2025-03-31T07:04:50.440+0000] {processor.py:925} INFO - DAG(s) 'example_params_ui_tutorial' retrieved from /home/airflow/.local/lib/python3.12/site-packages/airflow/example_dags/example_params_ui_tutorial.py
[2025-03-31T07:04:50.486+0000] {logging_mixin.py:190} INFO - [2025-03-31T07:04:50.486+0000] {dag.py:3239} INFO - Sync 1 DAGs
[2025-03-31T07:04:50.502+0000] {logging_mixin.py:190} INFO - [2025-03-31T07:04:50.502+0000] {dag.py:4180} INFO - Setting next_dagrun for example_params_ui_tutorial to None, run_after=None
[2025-03-31T07:04:50.522+0000] {processor.py:208} INFO - Processing /home/airflow/.local/lib/python3.12/site-packages/airflow/example_dags/example_params_ui_tutorial.py took 0.103 seconds
[2025-03-31T07:05:21.949+0000] {processor.py:186} INFO - Started process (PID=9129) to work on /home/airflow/.local/lib/python3.12/site-packages/airflow/example_dags/example_params_ui_tutorial.py
[2025-03-31T07:05:21.951+0000] {processor.py:914} INFO - Processing file /home/airflow/.local/lib/python3.12/site-packages/airflow/example_dags/example_params_ui_tutorial.py for tasks to queue
[2025-03-31T07:05:21.954+0000] {logging_mixin.py:190} INFO - [2025-03-31T07:05:21.953+0000] {dagbag.py:588} INFO - Filling up the DagBag from /home/airflow/.local/lib/python3.12/site-packages/airflow/example_dags/example_params_ui_tutorial.py
[2025-03-31T07:05:21.964+0000] {processor.py:925} INFO - DAG(s) 'example_params_ui_tutorial' retrieved from /home/airflow/.local/lib/python3.12/site-packages/airflow/example_dags/example_params_ui_tutorial.py
[2025-03-31T07:05:22.013+0000] {logging_mixin.py:190} INFO - [2025-03-31T07:05:22.012+0000] {dag.py:3239} INFO - Sync 1 DAGs
[2025-03-31T07:05:22.030+0000] {logging_mixin.py:190} INFO - [2025-03-31T07:05:22.029+0000] {dag.py:4180} INFO - Setting next_dagrun for example_params_ui_tutorial to None, run_after=None
[2025-03-31T07:05:22.054+0000] {processor.py:208} INFO - Processing /home/airflow/.local/lib/python3.12/site-packages/airflow/example_dags/example_params_ui_tutorial.py took 0.114 seconds
[2025-03-31T07:05:53.168+0000] {processor.py:186} INFO - Started process (PID=9420) to work on /home/airflow/.local/lib/python3.12/site-packages/airflow/example_dags/example_params_ui_tutorial.py
[2025-03-31T07:05:53.170+0000] {processor.py:914} INFO - Processing file /home/airflow/.local/lib/python3.12/site-packages/airflow/example_dags/example_params_ui_tutorial.py for tasks to queue
[2025-03-31T07:05:53.173+0000] {logging_mixin.py:190} INFO - [2025-03-31T07:05:53.172+0000] {dagbag.py:588} INFO - Filling up the DagBag from /home/airflow/.local/lib/python3.12/site-packages/airflow/example_dags/example_params_ui_tutorial.py
[2025-03-31T07:05:53.185+0000] {processor.py:925} INFO - DAG(s) 'example_params_ui_tutorial' retrieved from /home/airflow/.local/lib/python3.12/site-packages/airflow/example_dags/example_params_ui_tutorial.py
[2025-03-31T07:05:53.248+0000] {logging_mixin.py:190} INFO - [2025-03-31T07:05:53.248+0000] {dag.py:3239} INFO - Sync 1 DAGs
[2025-03-31T07:05:53.268+0000] {logging_mixin.py:190} INFO - [2025-03-31T07:05:53.267+0000] {dag.py:4180} INFO - Setting next_dagrun for example_params_ui_tutorial to None, run_after=None
[2025-03-31T07:05:53.290+0000] {processor.py:208} INFO - Processing /home/airflow/.local/lib/python3.12/site-packages/airflow/example_dags/example_params_ui_tutorial.py took 0.130 seconds
[2025-03-31T07:06:24.238+0000] {processor.py:186} INFO - Started process (PID=9711) to work on /home/airflow/.local/lib/python3.12/site-packages/airflow/example_dags/example_params_ui_tutorial.py
[2025-03-31T07:06:24.239+0000] {processor.py:914} INFO - Processing file /home/airflow/.local/lib/python3.12/site-packages/airflow/example_dags/example_params_ui_tutorial.py for tasks to queue
[2025-03-31T07:06:24.242+0000] {logging_mixin.py:190} INFO - [2025-03-31T07:06:24.241+0000] {dagbag.py:588} INFO - Filling up the DagBag from /home/airflow/.local/lib/python3.12/site-packages/airflow/example_dags/example_params_ui_tutorial.py
[2025-03-31T07:06:24.252+0000] {processor.py:925} INFO - DAG(s) 'example_params_ui_tutorial' retrieved from /home/airflow/.local/lib/python3.12/site-packages/airflow/example_dags/example_params_ui_tutorial.py
[2025-03-31T07:06:24.299+0000] {logging_mixin.py:190} INFO - [2025-03-31T07:06:24.298+0000] {dag.py:3239} INFO - Sync 1 DAGs
[2025-03-31T07:06:24.315+0000] {logging_mixin.py:190} INFO - [2025-03-31T07:06:24.315+0000] {dag.py:4180} INFO - Setting next_dagrun for example_params_ui_tutorial to None, run_after=None
[2025-03-31T07:06:24.334+0000] {processor.py:208} INFO - Processing /home/airflow/.local/lib/python3.12/site-packages/airflow/example_dags/example_params_ui_tutorial.py took 0.102 seconds
[2025-03-31T07:06:55.314+0000] {processor.py:186} INFO - Started process (PID=10002) to work on /home/airflow/.local/lib/python3.12/site-packages/airflow/example_dags/example_params_ui_tutorial.py
[2025-03-31T07:06:55.316+0000] {processor.py:914} INFO - Processing file /home/airflow/.local/lib/python3.12/site-packages/airflow/example_dags/example_params_ui_tutorial.py for tasks to queue
[2025-03-31T07:06:55.319+0000] {logging_mixin.py:190} INFO - [2025-03-31T07:06:55.318+0000] {dagbag.py:588} INFO - Filling up the DagBag from /home/airflow/.local/lib/python3.12/site-packages/airflow/example_dags/example_params_ui_tutorial.py
[2025-03-31T07:06:55.330+0000] {processor.py:925} INFO - DAG(s) 'example_params_ui_tutorial' retrieved from /home/airflow/.local/lib/python3.12/site-packages/airflow/example_dags/example_params_ui_tutorial.py
[2025-03-31T07:06:55.375+0000] {logging_mixin.py:190} INFO - [2025-03-31T07:06:55.375+0000] {dag.py:3239} INFO - Sync 1 DAGs
[2025-03-31T07:06:55.389+0000] {logging_mixin.py:190} INFO - [2025-03-31T07:06:55.389+0000] {dag.py:4180} INFO - Setting next_dagrun for example_params_ui_tutorial to None, run_after=None
[2025-03-31T07:06:55.408+0000] {processor.py:208} INFO - Processing /home/airflow/.local/lib/python3.12/site-packages/airflow/example_dags/example_params_ui_tutorial.py took 0.101 seconds
[2025-03-31T07:07:26.694+0000] {processor.py:186} INFO - Started process (PID=10288) to work on /home/airflow/.local/lib/python3.12/site-packages/airflow/example_dags/example_params_ui_tutorial.py
[2025-03-31T07:07:26.695+0000] {processor.py:914} INFO - Processing file /home/airflow/.local/lib/python3.12/site-packages/airflow/example_dags/example_params_ui_tutorial.py for tasks to queue
[2025-03-31T07:07:26.697+0000] {logging_mixin.py:190} INFO - [2025-03-31T07:07:26.697+0000] {dagbag.py:588} INFO - Filling up the DagBag from /home/airflow/.local/lib/python3.12/site-packages/airflow/example_dags/example_params_ui_tutorial.py
[2025-03-31T07:07:26.707+0000] {processor.py:925} INFO - DAG(s) 'example_params_ui_tutorial' retrieved from /home/airflow/.local/lib/python3.12/site-packages/airflow/example_dags/example_params_ui_tutorial.py
[2025-03-31T07:07:26.752+0000] {logging_mixin.py:190} INFO - [2025-03-31T07:07:26.752+0000] {dag.py:3239} INFO - Sync 1 DAGs
[2025-03-31T07:07:26.767+0000] {logging_mixin.py:190} INFO - [2025-03-31T07:07:26.767+0000] {dag.py:4180} INFO - Setting next_dagrun for example_params_ui_tutorial to None, run_after=None
[2025-03-31T07:07:26.785+0000] {processor.py:208} INFO - Processing /home/airflow/.local/lib/python3.12/site-packages/airflow/example_dags/example_params_ui_tutorial.py took 0.097 seconds
[2025-03-31T07:07:57.615+0000] {processor.py:186} INFO - Started process (PID=10591) to work on /home/airflow/.local/lib/python3.12/site-packages/airflow/example_dags/example_params_ui_tutorial.py
[2025-03-31T07:07:57.616+0000] {processor.py:914} INFO - Processing file /home/airflow/.local/lib/python3.12/site-packages/airflow/example_dags/example_params_ui_tutorial.py for tasks to queue
[2025-03-31T07:07:57.618+0000] {logging_mixin.py:190} INFO - [2025-03-31T07:07:57.618+0000] {dagbag.py:588} INFO - Filling up the DagBag from /home/airflow/.local/lib/python3.12/site-packages/airflow/example_dags/example_params_ui_tutorial.py
[2025-03-31T07:07:57.628+0000] {processor.py:925} INFO - DAG(s) 'example_params_ui_tutorial' retrieved from /home/airflow/.local/lib/python3.12/site-packages/airflow/example_dags/example_params_ui_tutorial.py
[2025-03-31T07:07:57.674+0000] {logging_mixin.py:190} INFO - [2025-03-31T07:07:57.674+0000] {dag.py:3239} INFO - Sync 1 DAGs
[2025-03-31T07:07:57.688+0000] {logging_mixin.py:190} INFO - [2025-03-31T07:07:57.688+0000] {dag.py:4180} INFO - Setting next_dagrun for example_params_ui_tutorial to None, run_after=None
[2025-03-31T07:07:57.705+0000] {processor.py:208} INFO - Processing /home/airflow/.local/lib/python3.12/site-packages/airflow/example_dags/example_params_ui_tutorial.py took 0.096 seconds
[2025-03-31T07:08:29.394+0000] {processor.py:186} INFO - Started process (PID=10882) to work on /home/airflow/.local/lib/python3.12/site-packages/airflow/example_dags/example_params_ui_tutorial.py
[2025-03-31T07:08:29.395+0000] {processor.py:914} INFO - Processing file /home/airflow/.local/lib/python3.12/site-packages/airflow/example_dags/example_params_ui_tutorial.py for tasks to queue
[2025-03-31T07:08:29.397+0000] {logging_mixin.py:190} INFO - [2025-03-31T07:08:29.397+0000] {dagbag.py:588} INFO - Filling up the DagBag from /home/airflow/.local/lib/python3.12/site-packages/airflow/example_dags/example_params_ui_tutorial.py
[2025-03-31T07:08:29.406+0000] {processor.py:925} INFO - DAG(s) 'example_params_ui_tutorial' retrieved from /home/airflow/.local/lib/python3.12/site-packages/airflow/example_dags/example_params_ui_tutorial.py
[2025-03-31T07:08:29.448+0000] {logging_mixin.py:190} INFO - [2025-03-31T07:08:29.448+0000] {dag.py:3239} INFO - Sync 1 DAGs
[2025-03-31T07:08:29.461+0000] {logging_mixin.py:190} INFO - [2025-03-31T07:08:29.461+0000] {dag.py:4180} INFO - Setting next_dagrun for example_params_ui_tutorial to None, run_after=None
[2025-03-31T07:08:29.477+0000] {processor.py:208} INFO - Processing /home/airflow/.local/lib/python3.12/site-packages/airflow/example_dags/example_params_ui_tutorial.py took 0.089 seconds
[2025-03-31T07:09:00.780+0000] {processor.py:186} INFO - Started process (PID=11171) to work on /home/airflow/.local/lib/python3.12/site-packages/airflow/example_dags/example_params_ui_tutorial.py
[2025-03-31T07:09:00.781+0000] {processor.py:914} INFO - Processing file /home/airflow/.local/lib/python3.12/site-packages/airflow/example_dags/example_params_ui_tutorial.py for tasks to queue
[2025-03-31T07:09:00.783+0000] {logging_mixin.py:190} INFO - [2025-03-31T07:09:00.783+0000] {dagbag.py:588} INFO - Filling up the DagBag from /home/airflow/.local/lib/python3.12/site-packages/airflow/example_dags/example_params_ui_tutorial.py
[2025-03-31T07:09:00.793+0000] {processor.py:925} INFO - DAG(s) 'example_params_ui_tutorial' retrieved from /home/airflow/.local/lib/python3.12/site-packages/airflow/example_dags/example_params_ui_tutorial.py
[2025-03-31T07:09:00.836+0000] {logging_mixin.py:190} INFO - [2025-03-31T07:09:00.836+0000] {dag.py:3239} INFO - Sync 1 DAGs
[2025-03-31T07:09:00.851+0000] {logging_mixin.py:190} INFO - [2025-03-31T07:09:00.851+0000] {dag.py:4180} INFO - Setting next_dagrun for example_params_ui_tutorial to None, run_after=None
[2025-03-31T07:09:00.870+0000] {processor.py:208} INFO - Processing /home/airflow/.local/lib/python3.12/site-packages/airflow/example_dags/example_params_ui_tutorial.py took 0.096 seconds
[2025-03-31T07:09:31.873+0000] {processor.py:186} INFO - Started process (PID=11492) to work on /home/airflow/.local/lib/python3.12/site-packages/airflow/example_dags/example_params_ui_tutorial.py
[2025-03-31T07:09:31.874+0000] {processor.py:914} INFO - Processing file /home/airflow/.local/lib/python3.12/site-packages/airflow/example_dags/example_params_ui_tutorial.py for tasks to queue
[2025-03-31T07:09:31.877+0000] {logging_mixin.py:190} INFO - [2025-03-31T07:09:31.876+0000] {dagbag.py:588} INFO - Filling up the DagBag from /home/airflow/.local/lib/python3.12/site-packages/airflow/example_dags/example_params_ui_tutorial.py
[2025-03-31T07:09:31.886+0000] {processor.py:925} INFO - DAG(s) 'example_params_ui_tutorial' retrieved from /home/airflow/.local/lib/python3.12/site-packages/airflow/example_dags/example_params_ui_tutorial.py
[2025-03-31T07:09:31.933+0000] {logging_mixin.py:190} INFO - [2025-03-31T07:09:31.933+0000] {dag.py:3239} INFO - Sync 1 DAGs
[2025-03-31T07:09:31.948+0000] {logging_mixin.py:190} INFO - [2025-03-31T07:09:31.948+0000] {dag.py:4180} INFO - Setting next_dagrun for example_params_ui_tutorial to None, run_after=None
[2025-03-31T07:09:31.968+0000] {processor.py:208} INFO - Processing /home/airflow/.local/lib/python3.12/site-packages/airflow/example_dags/example_params_ui_tutorial.py took 0.101 seconds
[2025-03-31T07:10:02.973+0000] {processor.py:186} INFO - Started process (PID=11798) to work on /home/airflow/.local/lib/python3.12/site-packages/airflow/example_dags/example_params_ui_tutorial.py
[2025-03-31T07:10:02.974+0000] {processor.py:914} INFO - Processing file /home/airflow/.local/lib/python3.12/site-packages/airflow/example_dags/example_params_ui_tutorial.py for tasks to queue
[2025-03-31T07:10:02.977+0000] {logging_mixin.py:190} INFO - [2025-03-31T07:10:02.977+0000] {dagbag.py:588} INFO - Filling up the DagBag from /home/airflow/.local/lib/python3.12/site-packages/airflow/example_dags/example_params_ui_tutorial.py
[2025-03-31T07:10:02.990+0000] {processor.py:925} INFO - DAG(s) 'example_params_ui_tutorial' retrieved from /home/airflow/.local/lib/python3.12/site-packages/airflow/example_dags/example_params_ui_tutorial.py
[2025-03-31T07:10:03.038+0000] {logging_mixin.py:190} INFO - [2025-03-31T07:10:03.037+0000] {dag.py:3239} INFO - Sync 1 DAGs
[2025-03-31T07:10:03.052+0000] {logging_mixin.py:190} INFO - [2025-03-31T07:10:03.052+0000] {dag.py:4180} INFO - Setting next_dagrun for example_params_ui_tutorial to None, run_after=None
[2025-03-31T07:10:03.070+0000] {processor.py:208} INFO - Processing /home/airflow/.local/lib/python3.12/site-packages/airflow/example_dags/example_params_ui_tutorial.py took 0.105 seconds
[2025-03-31T07:10:33.181+0000] {processor.py:186} INFO - Started process (PID=12089) to work on /home/airflow/.local/lib/python3.12/site-packages/airflow/example_dags/example_params_ui_tutorial.py
[2025-03-31T07:10:33.182+0000] {processor.py:914} INFO - Processing file /home/airflow/.local/lib/python3.12/site-packages/airflow/example_dags/example_params_ui_tutorial.py for tasks to queue
[2025-03-31T07:10:33.184+0000] {logging_mixin.py:190} INFO - [2025-03-31T07:10:33.184+0000] {dagbag.py:588} INFO - Filling up the DagBag from /home/airflow/.local/lib/python3.12/site-packages/airflow/example_dags/example_params_ui_tutorial.py
[2025-03-31T07:10:33.194+0000] {processor.py:925} INFO - DAG(s) 'example_params_ui_tutorial' retrieved from /home/airflow/.local/lib/python3.12/site-packages/airflow/example_dags/example_params_ui_tutorial.py
[2025-03-31T07:10:33.238+0000] {logging_mixin.py:190} INFO - [2025-03-31T07:10:33.238+0000] {dag.py:3239} INFO - Sync 1 DAGs
[2025-03-31T07:10:33.251+0000] {logging_mixin.py:190} INFO - [2025-03-31T07:10:33.251+0000] {dag.py:4180} INFO - Setting next_dagrun for example_params_ui_tutorial to None, run_after=None
[2025-03-31T07:10:33.268+0000] {processor.py:208} INFO - Processing /home/airflow/.local/lib/python3.12/site-packages/airflow/example_dags/example_params_ui_tutorial.py took 0.094 seconds
[2025-03-31T07:11:03.679+0000] {processor.py:186} INFO - Started process (PID=12375) to work on /home/airflow/.local/lib/python3.12/site-packages/airflow/example_dags/example_params_ui_tutorial.py
[2025-03-31T07:11:03.680+0000] {processor.py:914} INFO - Processing file /home/airflow/.local/lib/python3.12/site-packages/airflow/example_dags/example_params_ui_tutorial.py for tasks to queue
[2025-03-31T07:11:03.682+0000] {logging_mixin.py:190} INFO - [2025-03-31T07:11:03.682+0000] {dagbag.py:588} INFO - Filling up the DagBag from /home/airflow/.local/lib/python3.12/site-packages/airflow/example_dags/example_params_ui_tutorial.py
[2025-03-31T07:11:03.692+0000] {processor.py:925} INFO - DAG(s) 'example_params_ui_tutorial' retrieved from /home/airflow/.local/lib/python3.12/site-packages/airflow/example_dags/example_params_ui_tutorial.py
[2025-03-31T07:11:03.734+0000] {logging_mixin.py:190} INFO - [2025-03-31T07:11:03.733+0000] {dag.py:3239} INFO - Sync 1 DAGs
[2025-03-31T07:11:03.746+0000] {logging_mixin.py:190} INFO - [2025-03-31T07:11:03.746+0000] {dag.py:4180} INFO - Setting next_dagrun for example_params_ui_tutorial to None, run_after=None
[2025-03-31T07:11:03.760+0000] {processor.py:208} INFO - Processing /home/airflow/.local/lib/python3.12/site-packages/airflow/example_dags/example_params_ui_tutorial.py took 0.087 seconds
[2025-03-31T07:11:34.010+0000] {processor.py:186} INFO - Started process (PID=12663) to work on /home/airflow/.local/lib/python3.12/site-packages/airflow/example_dags/example_params_ui_tutorial.py
[2025-03-31T07:11:34.011+0000] {processor.py:914} INFO - Processing file /home/airflow/.local/lib/python3.12/site-packages/airflow/example_dags/example_params_ui_tutorial.py for tasks to queue
[2025-03-31T07:11:34.013+0000] {logging_mixin.py:190} INFO - [2025-03-31T07:11:34.013+0000] {dagbag.py:588} INFO - Filling up the DagBag from /home/airflow/.local/lib/python3.12/site-packages/airflow/example_dags/example_params_ui_tutorial.py
[2025-03-31T07:11:34.023+0000] {processor.py:925} INFO - DAG(s) 'example_params_ui_tutorial' retrieved from /home/airflow/.local/lib/python3.12/site-packages/airflow/example_dags/example_params_ui_tutorial.py
[2025-03-31T07:11:34.071+0000] {logging_mixin.py:190} INFO - [2025-03-31T07:11:34.070+0000] {dag.py:3239} INFO - Sync 1 DAGs
[2025-03-31T07:11:34.087+0000] {logging_mixin.py:190} INFO - [2025-03-31T07:11:34.086+0000] {dag.py:4180} INFO - Setting next_dagrun for example_params_ui_tutorial to None, run_after=None
[2025-03-31T07:11:34.107+0000] {processor.py:208} INFO - Processing /home/airflow/.local/lib/python3.12/site-packages/airflow/example_dags/example_params_ui_tutorial.py took 0.103 seconds
[2025-03-31T07:12:04.788+0000] {processor.py:186} INFO - Started process (PID=12972) to work on /home/airflow/.local/lib/python3.12/site-packages/airflow/example_dags/example_params_ui_tutorial.py
[2025-03-31T07:12:04.789+0000] {processor.py:914} INFO - Processing file /home/airflow/.local/lib/python3.12/site-packages/airflow/example_dags/example_params_ui_tutorial.py for tasks to queue
[2025-03-31T07:12:04.791+0000] {logging_mixin.py:190} INFO - [2025-03-31T07:12:04.791+0000] {dagbag.py:588} INFO - Filling up the DagBag from /home/airflow/.local/lib/python3.12/site-packages/airflow/example_dags/example_params_ui_tutorial.py
[2025-03-31T07:12:04.801+0000] {processor.py:925} INFO - DAG(s) 'example_params_ui_tutorial' retrieved from /home/airflow/.local/lib/python3.12/site-packages/airflow/example_dags/example_params_ui_tutorial.py
[2025-03-31T07:12:04.845+0000] {logging_mixin.py:190} INFO - [2025-03-31T07:12:04.845+0000] {dag.py:3239} INFO - Sync 1 DAGs
[2025-03-31T07:12:04.859+0000] {logging_mixin.py:190} INFO - [2025-03-31T07:12:04.859+0000] {dag.py:4180} INFO - Setting next_dagrun for example_params_ui_tutorial to None, run_after=None
[2025-03-31T07:12:04.877+0000] {processor.py:208} INFO - Processing /home/airflow/.local/lib/python3.12/site-packages/airflow/example_dags/example_params_ui_tutorial.py took 0.095 seconds
[2025-03-31T07:12:35.150+0000] {processor.py:186} INFO - Started process (PID=13263) to work on /home/airflow/.local/lib/python3.12/site-packages/airflow/example_dags/example_params_ui_tutorial.py
[2025-03-31T07:12:35.151+0000] {processor.py:914} INFO - Processing file /home/airflow/.local/lib/python3.12/site-packages/airflow/example_dags/example_params_ui_tutorial.py for tasks to queue
[2025-03-31T07:12:35.153+0000] {logging_mixin.py:190} INFO - [2025-03-31T07:12:35.153+0000] {dagbag.py:588} INFO - Filling up the DagBag from /home/airflow/.local/lib/python3.12/site-packages/airflow/example_dags/example_params_ui_tutorial.py
[2025-03-31T07:12:35.163+0000] {processor.py:925} INFO - DAG(s) 'example_params_ui_tutorial' retrieved from /home/airflow/.local/lib/python3.12/site-packages/airflow/example_dags/example_params_ui_tutorial.py
[2025-03-31T07:12:35.208+0000] {logging_mixin.py:190} INFO - [2025-03-31T07:12:35.208+0000] {dag.py:3239} INFO - Sync 1 DAGs
[2025-03-31T07:12:35.223+0000] {logging_mixin.py:190} INFO - [2025-03-31T07:12:35.223+0000] {dag.py:4180} INFO - Setting next_dagrun for example_params_ui_tutorial to None, run_after=None
[2025-03-31T07:12:35.241+0000] {processor.py:208} INFO - Processing /home/airflow/.local/lib/python3.12/site-packages/airflow/example_dags/example_params_ui_tutorial.py took 0.097 seconds
[2025-03-31T07:13:05.362+0000] {processor.py:186} INFO - Started process (PID=13554) to work on /home/airflow/.local/lib/python3.12/site-packages/airflow/example_dags/example_params_ui_tutorial.py
[2025-03-31T07:13:05.363+0000] {processor.py:914} INFO - Processing file /home/airflow/.local/lib/python3.12/site-packages/airflow/example_dags/example_params_ui_tutorial.py for tasks to queue
[2025-03-31T07:13:05.365+0000] {logging_mixin.py:190} INFO - [2025-03-31T07:13:05.365+0000] {dagbag.py:588} INFO - Filling up the DagBag from /home/airflow/.local/lib/python3.12/site-packages/airflow/example_dags/example_params_ui_tutorial.py
[2025-03-31T07:13:05.375+0000] {processor.py:925} INFO - DAG(s) 'example_params_ui_tutorial' retrieved from /home/airflow/.local/lib/python3.12/site-packages/airflow/example_dags/example_params_ui_tutorial.py
[2025-03-31T07:13:05.419+0000] {logging_mixin.py:190} INFO - [2025-03-31T07:13:05.418+0000] {dag.py:3239} INFO - Sync 1 DAGs
[2025-03-31T07:13:05.433+0000] {logging_mixin.py:190} INFO - [2025-03-31T07:13:05.433+0000] {dag.py:4180} INFO - Setting next_dagrun for example_params_ui_tutorial to None, run_after=None
[2025-03-31T07:13:05.451+0000] {processor.py:208} INFO - Processing /home/airflow/.local/lib/python3.12/site-packages/airflow/example_dags/example_params_ui_tutorial.py took 0.095 seconds
[2025-03-31T07:13:36.202+0000] {processor.py:186} INFO - Started process (PID=13847) to work on /home/airflow/.local/lib/python3.12/site-packages/airflow/example_dags/example_params_ui_tutorial.py
[2025-03-31T07:13:36.203+0000] {processor.py:914} INFO - Processing file /home/airflow/.local/lib/python3.12/site-packages/airflow/example_dags/example_params_ui_tutorial.py for tasks to queue
[2025-03-31T07:13:36.206+0000] {logging_mixin.py:190} INFO - [2025-03-31T07:13:36.206+0000] {dagbag.py:588} INFO - Filling up the DagBag from /home/airflow/.local/lib/python3.12/site-packages/airflow/example_dags/example_params_ui_tutorial.py
[2025-03-31T07:13:36.215+0000] {processor.py:925} INFO - DAG(s) 'example_params_ui_tutorial' retrieved from /home/airflow/.local/lib/python3.12/site-packages/airflow/example_dags/example_params_ui_tutorial.py
[2025-03-31T07:13:36.259+0000] {logging_mixin.py:190} INFO - [2025-03-31T07:13:36.259+0000] {dag.py:3239} INFO - Sync 1 DAGs
[2025-03-31T07:13:36.275+0000] {logging_mixin.py:190} INFO - [2025-03-31T07:13:36.275+0000] {dag.py:4180} INFO - Setting next_dagrun for example_params_ui_tutorial to None, run_after=None
[2025-03-31T07:13:36.293+0000] {processor.py:208} INFO - Processing /home/airflow/.local/lib/python3.12/site-packages/airflow/example_dags/example_params_ui_tutorial.py took 0.097 seconds
[2025-03-31T07:14:06.704+0000] {processor.py:186} INFO - Started process (PID=14136) to work on /home/airflow/.local/lib/python3.12/site-packages/airflow/example_dags/example_params_ui_tutorial.py
[2025-03-31T07:14:06.705+0000] {processor.py:914} INFO - Processing file /home/airflow/.local/lib/python3.12/site-packages/airflow/example_dags/example_params_ui_tutorial.py for tasks to queue
[2025-03-31T07:14:06.707+0000] {logging_mixin.py:190} INFO - [2025-03-31T07:14:06.707+0000] {dagbag.py:588} INFO - Filling up the DagBag from /home/airflow/.local/lib/python3.12/site-packages/airflow/example_dags/example_params_ui_tutorial.py
[2025-03-31T07:14:06.717+0000] {processor.py:925} INFO - DAG(s) 'example_params_ui_tutorial' retrieved from /home/airflow/.local/lib/python3.12/site-packages/airflow/example_dags/example_params_ui_tutorial.py
[2025-03-31T07:14:06.763+0000] {logging_mixin.py:190} INFO - [2025-03-31T07:14:06.762+0000] {dag.py:3239} INFO - Sync 1 DAGs
[2025-03-31T07:14:06.778+0000] {logging_mixin.py:190} INFO - [2025-03-31T07:14:06.777+0000] {dag.py:4180} INFO - Setting next_dagrun for example_params_ui_tutorial to None, run_after=None
[2025-03-31T07:14:06.796+0000] {processor.py:208} INFO - Processing /home/airflow/.local/lib/python3.12/site-packages/airflow/example_dags/example_params_ui_tutorial.py took 0.099 seconds
[2025-03-31T07:14:37.121+0000] {processor.py:186} INFO - Started process (PID=14427) to work on /home/airflow/.local/lib/python3.12/site-packages/airflow/example_dags/example_params_ui_tutorial.py
[2025-03-31T07:14:37.122+0000] {processor.py:914} INFO - Processing file /home/airflow/.local/lib/python3.12/site-packages/airflow/example_dags/example_params_ui_tutorial.py for tasks to queue
[2025-03-31T07:14:37.124+0000] {logging_mixin.py:190} INFO - [2025-03-31T07:14:37.124+0000] {dagbag.py:588} INFO - Filling up the DagBag from /home/airflow/.local/lib/python3.12/site-packages/airflow/example_dags/example_params_ui_tutorial.py
[2025-03-31T07:14:37.135+0000] {processor.py:925} INFO - DAG(s) 'example_params_ui_tutorial' retrieved from /home/airflow/.local/lib/python3.12/site-packages/airflow/example_dags/example_params_ui_tutorial.py
[2025-03-31T07:14:37.184+0000] {logging_mixin.py:190} INFO - [2025-03-31T07:14:37.184+0000] {dag.py:3239} INFO - Sync 1 DAGs
[2025-03-31T07:14:37.201+0000] {logging_mixin.py:190} INFO - [2025-03-31T07:14:37.201+0000] {dag.py:4180} INFO - Setting next_dagrun for example_params_ui_tutorial to None, run_after=None
[2025-03-31T07:14:37.222+0000] {processor.py:208} INFO - Processing /home/airflow/.local/lib/python3.12/site-packages/airflow/example_dags/example_params_ui_tutorial.py took 0.109 seconds
[2025-03-31T07:15:08.191+0000] {processor.py:186} INFO - Started process (PID=14718) to work on /home/airflow/.local/lib/python3.12/site-packages/airflow/example_dags/example_params_ui_tutorial.py
[2025-03-31T07:15:08.192+0000] {processor.py:914} INFO - Processing file /home/airflow/.local/lib/python3.12/site-packages/airflow/example_dags/example_params_ui_tutorial.py for tasks to queue
[2025-03-31T07:15:08.194+0000] {logging_mixin.py:190} INFO - [2025-03-31T07:15:08.194+0000] {dagbag.py:588} INFO - Filling up the DagBag from /home/airflow/.local/lib/python3.12/site-packages/airflow/example_dags/example_params_ui_tutorial.py
[2025-03-31T07:15:08.204+0000] {processor.py:925} INFO - DAG(s) 'example_params_ui_tutorial' retrieved from /home/airflow/.local/lib/python3.12/site-packages/airflow/example_dags/example_params_ui_tutorial.py
[2025-03-31T07:15:08.251+0000] {logging_mixin.py:190} INFO - [2025-03-31T07:15:08.251+0000] {dag.py:3239} INFO - Sync 1 DAGs
[2025-03-31T07:15:08.266+0000] {logging_mixin.py:190} INFO - [2025-03-31T07:15:08.266+0000] {dag.py:4180} INFO - Setting next_dagrun for example_params_ui_tutorial to None, run_after=None
[2025-03-31T07:15:08.283+0000] {processor.py:208} INFO - Processing /home/airflow/.local/lib/python3.12/site-packages/airflow/example_dags/example_params_ui_tutorial.py took 0.099 seconds
[2025-03-31T07:15:38.384+0000] {processor.py:186} INFO - Started process (PID=15009) to work on /home/airflow/.local/lib/python3.12/site-packages/airflow/example_dags/example_params_ui_tutorial.py
[2025-03-31T07:15:38.385+0000] {processor.py:914} INFO - Processing file /home/airflow/.local/lib/python3.12/site-packages/airflow/example_dags/example_params_ui_tutorial.py for tasks to queue
[2025-03-31T07:15:38.387+0000] {logging_mixin.py:190} INFO - [2025-03-31T07:15:38.387+0000] {dagbag.py:588} INFO - Filling up the DagBag from /home/airflow/.local/lib/python3.12/site-packages/airflow/example_dags/example_params_ui_tutorial.py
[2025-03-31T07:15:38.399+0000] {processor.py:925} INFO - DAG(s) 'example_params_ui_tutorial' retrieved from /home/airflow/.local/lib/python3.12/site-packages/airflow/example_dags/example_params_ui_tutorial.py
[2025-03-31T07:15:38.446+0000] {logging_mixin.py:190} INFO - [2025-03-31T07:15:38.445+0000] {dag.py:3239} INFO - Sync 1 DAGs
[2025-03-31T07:15:38.462+0000] {logging_mixin.py:190} INFO - [2025-03-31T07:15:38.462+0000] {dag.py:4180} INFO - Setting next_dagrun for example_params_ui_tutorial to None, run_after=None
[2025-03-31T07:15:38.482+0000] {processor.py:208} INFO - Processing /home/airflow/.local/lib/python3.12/site-packages/airflow/example_dags/example_params_ui_tutorial.py took 0.105 seconds
[2025-03-31T07:16:08.653+0000] {processor.py:186} INFO - Started process (PID=15300) to work on /home/airflow/.local/lib/python3.12/site-packages/airflow/example_dags/example_params_ui_tutorial.py
[2025-03-31T07:16:08.654+0000] {processor.py:914} INFO - Processing file /home/airflow/.local/lib/python3.12/site-packages/airflow/example_dags/example_params_ui_tutorial.py for tasks to queue
[2025-03-31T07:16:08.657+0000] {logging_mixin.py:190} INFO - [2025-03-31T07:16:08.656+0000] {dagbag.py:588} INFO - Filling up the DagBag from /home/airflow/.local/lib/python3.12/site-packages/airflow/example_dags/example_params_ui_tutorial.py
[2025-03-31T07:16:08.666+0000] {processor.py:925} INFO - DAG(s) 'example_params_ui_tutorial' retrieved from /home/airflow/.local/lib/python3.12/site-packages/airflow/example_dags/example_params_ui_tutorial.py
[2025-03-31T07:16:08.712+0000] {logging_mixin.py:190} INFO - [2025-03-31T07:16:08.712+0000] {dag.py:3239} INFO - Sync 1 DAGs
[2025-03-31T07:16:08.728+0000] {logging_mixin.py:190} INFO - [2025-03-31T07:16:08.728+0000] {dag.py:4180} INFO - Setting next_dagrun for example_params_ui_tutorial to None, run_after=None
[2025-03-31T07:16:08.747+0000] {processor.py:208} INFO - Processing /home/airflow/.local/lib/python3.12/site-packages/airflow/example_dags/example_params_ui_tutorial.py took 0.100 seconds
[2025-03-31T07:16:38.982+0000] {processor.py:186} INFO - Started process (PID=15593) to work on /home/airflow/.local/lib/python3.12/site-packages/airflow/example_dags/example_params_ui_tutorial.py
[2025-03-31T07:16:38.983+0000] {processor.py:914} INFO - Processing file /home/airflow/.local/lib/python3.12/site-packages/airflow/example_dags/example_params_ui_tutorial.py for tasks to queue
[2025-03-31T07:16:38.985+0000] {logging_mixin.py:190} INFO - [2025-03-31T07:16:38.985+0000] {dagbag.py:588} INFO - Filling up the DagBag from /home/airflow/.local/lib/python3.12/site-packages/airflow/example_dags/example_params_ui_tutorial.py
[2025-03-31T07:16:38.994+0000] {processor.py:925} INFO - DAG(s) 'example_params_ui_tutorial' retrieved from /home/airflow/.local/lib/python3.12/site-packages/airflow/example_dags/example_params_ui_tutorial.py
[2025-03-31T07:16:39.042+0000] {logging_mixin.py:190} INFO - [2025-03-31T07:16:39.041+0000] {dag.py:3239} INFO - Sync 1 DAGs
[2025-03-31T07:16:39.057+0000] {logging_mixin.py:190} INFO - [2025-03-31T07:16:39.056+0000] {dag.py:4180} INFO - Setting next_dagrun for example_params_ui_tutorial to None, run_after=None
[2025-03-31T07:16:39.078+0000] {processor.py:208} INFO - Processing /home/airflow/.local/lib/python3.12/site-packages/airflow/example_dags/example_params_ui_tutorial.py took 0.103 seconds
[2025-03-31T07:17:09.208+0000] {processor.py:186} INFO - Started process (PID=15884) to work on /home/airflow/.local/lib/python3.12/site-packages/airflow/example_dags/example_params_ui_tutorial.py
[2025-03-31T07:17:09.209+0000] {processor.py:914} INFO - Processing file /home/airflow/.local/lib/python3.12/site-packages/airflow/example_dags/example_params_ui_tutorial.py for tasks to queue
[2025-03-31T07:17:09.212+0000] {logging_mixin.py:190} INFO - [2025-03-31T07:17:09.212+0000] {dagbag.py:588} INFO - Filling up the DagBag from /home/airflow/.local/lib/python3.12/site-packages/airflow/example_dags/example_params_ui_tutorial.py
[2025-03-31T07:17:09.223+0000] {processor.py:925} INFO - DAG(s) 'example_params_ui_tutorial' retrieved from /home/airflow/.local/lib/python3.12/site-packages/airflow/example_dags/example_params_ui_tutorial.py
[2025-03-31T07:17:09.278+0000] {logging_mixin.py:190} INFO - [2025-03-31T07:17:09.278+0000] {dag.py:3239} INFO - Sync 1 DAGs
[2025-03-31T07:17:09.296+0000] {logging_mixin.py:190} INFO - [2025-03-31T07:17:09.296+0000] {dag.py:4180} INFO - Setting next_dagrun for example_params_ui_tutorial to None, run_after=None
[2025-03-31T07:17:09.325+0000] {processor.py:208} INFO - Processing /home/airflow/.local/lib/python3.12/site-packages/airflow/example_dags/example_params_ui_tutorial.py took 0.124 seconds
[2025-03-31T07:17:39.363+0000] {processor.py:186} INFO - Started process (PID=16175) to work on /home/airflow/.local/lib/python3.12/site-packages/airflow/example_dags/example_params_ui_tutorial.py
[2025-03-31T07:17:39.364+0000] {processor.py:914} INFO - Processing file /home/airflow/.local/lib/python3.12/site-packages/airflow/example_dags/example_params_ui_tutorial.py for tasks to queue
[2025-03-31T07:17:39.367+0000] {logging_mixin.py:190} INFO - [2025-03-31T07:17:39.366+0000] {dagbag.py:588} INFO - Filling up the DagBag from /home/airflow/.local/lib/python3.12/site-packages/airflow/example_dags/example_params_ui_tutorial.py
[2025-03-31T07:17:39.377+0000] {processor.py:925} INFO - DAG(s) 'example_params_ui_tutorial' retrieved from /home/airflow/.local/lib/python3.12/site-packages/airflow/example_dags/example_params_ui_tutorial.py
[2025-03-31T07:17:39.426+0000] {logging_mixin.py:190} INFO - [2025-03-31T07:17:39.425+0000] {dag.py:3239} INFO - Sync 1 DAGs
[2025-03-31T07:17:39.441+0000] {logging_mixin.py:190} INFO - [2025-03-31T07:17:39.441+0000] {dag.py:4180} INFO - Setting next_dagrun for example_params_ui_tutorial to None, run_after=None
[2025-03-31T07:17:39.461+0000] {processor.py:208} INFO - Processing /home/airflow/.local/lib/python3.12/site-packages/airflow/example_dags/example_params_ui_tutorial.py took 0.105 seconds
[2025-03-31T07:18:10.181+0000] {processor.py:186} INFO - Started process (PID=16464) to work on /home/airflow/.local/lib/python3.12/site-packages/airflow/example_dags/example_params_ui_tutorial.py
[2025-03-31T07:18:10.181+0000] {processor.py:914} INFO - Processing file /home/airflow/.local/lib/python3.12/site-packages/airflow/example_dags/example_params_ui_tutorial.py for tasks to queue
[2025-03-31T07:18:10.184+0000] {logging_mixin.py:190} INFO - [2025-03-31T07:18:10.183+0000] {dagbag.py:588} INFO - Filling up the DagBag from /home/airflow/.local/lib/python3.12/site-packages/airflow/example_dags/example_params_ui_tutorial.py
[2025-03-31T07:18:10.194+0000] {processor.py:925} INFO - DAG(s) 'example_params_ui_tutorial' retrieved from /home/airflow/.local/lib/python3.12/site-packages/airflow/example_dags/example_params_ui_tutorial.py
[2025-03-31T07:18:10.241+0000] {logging_mixin.py:190} INFO - [2025-03-31T07:18:10.240+0000] {dag.py:3239} INFO - Sync 1 DAGs
[2025-03-31T07:18:10.256+0000] {logging_mixin.py:190} INFO - [2025-03-31T07:18:10.256+0000] {dag.py:4180} INFO - Setting next_dagrun for example_params_ui_tutorial to None, run_after=None
[2025-03-31T07:18:10.274+0000] {processor.py:208} INFO - Processing /home/airflow/.local/lib/python3.12/site-packages/airflow/example_dags/example_params_ui_tutorial.py took 0.100 seconds
[2025-03-31T07:18:40.741+0000] {processor.py:186} INFO - Started process (PID=16755) to work on /home/airflow/.local/lib/python3.12/site-packages/airflow/example_dags/example_params_ui_tutorial.py
[2025-03-31T07:18:40.742+0000] {processor.py:914} INFO - Processing file /home/airflow/.local/lib/python3.12/site-packages/airflow/example_dags/example_params_ui_tutorial.py for tasks to queue
[2025-03-31T07:18:40.744+0000] {logging_mixin.py:190} INFO - [2025-03-31T07:18:40.744+0000] {dagbag.py:588} INFO - Filling up the DagBag from /home/airflow/.local/lib/python3.12/site-packages/airflow/example_dags/example_params_ui_tutorial.py
[2025-03-31T07:18:40.754+0000] {processor.py:925} INFO - DAG(s) 'example_params_ui_tutorial' retrieved from /home/airflow/.local/lib/python3.12/site-packages/airflow/example_dags/example_params_ui_tutorial.py
[2025-03-31T07:18:40.800+0000] {logging_mixin.py:190} INFO - [2025-03-31T07:18:40.799+0000] {dag.py:3239} INFO - Sync 1 DAGs
[2025-03-31T07:18:40.815+0000] {logging_mixin.py:190} INFO - [2025-03-31T07:18:40.815+0000] {dag.py:4180} INFO - Setting next_dagrun for example_params_ui_tutorial to None, run_after=None
[2025-03-31T07:18:40.833+0000] {processor.py:208} INFO - Processing /home/airflow/.local/lib/python3.12/site-packages/airflow/example_dags/example_params_ui_tutorial.py took 0.098 seconds
[2025-03-31T07:19:11.752+0000] {processor.py:186} INFO - Started process (PID=17046) to work on /home/airflow/.local/lib/python3.12/site-packages/airflow/example_dags/example_params_ui_tutorial.py
[2025-03-31T07:19:11.753+0000] {processor.py:914} INFO - Processing file /home/airflow/.local/lib/python3.12/site-packages/airflow/example_dags/example_params_ui_tutorial.py for tasks to queue
[2025-03-31T07:19:11.756+0000] {logging_mixin.py:190} INFO - [2025-03-31T07:19:11.756+0000] {dagbag.py:588} INFO - Filling up the DagBag from /home/airflow/.local/lib/python3.12/site-packages/airflow/example_dags/example_params_ui_tutorial.py
[2025-03-31T07:19:11.771+0000] {processor.py:925} INFO - DAG(s) 'example_params_ui_tutorial' retrieved from /home/airflow/.local/lib/python3.12/site-packages/airflow/example_dags/example_params_ui_tutorial.py
[2025-03-31T07:19:11.838+0000] {logging_mixin.py:190} INFO - [2025-03-31T07:19:11.837+0000] {dag.py:3239} INFO - Sync 1 DAGs
[2025-03-31T07:19:11.862+0000] {logging_mixin.py:190} INFO - [2025-03-31T07:19:11.862+0000] {dag.py:4180} INFO - Setting next_dagrun for example_params_ui_tutorial to None, run_after=None
[2025-03-31T07:19:11.887+0000] {processor.py:208} INFO - Processing /home/airflow/.local/lib/python3.12/site-packages/airflow/example_dags/example_params_ui_tutorial.py took 0.143 seconds
[2025-03-31T07:19:42.570+0000] {processor.py:186} INFO - Started process (PID=17337) to work on /home/airflow/.local/lib/python3.12/site-packages/airflow/example_dags/example_params_ui_tutorial.py
[2025-03-31T07:19:42.571+0000] {processor.py:914} INFO - Processing file /home/airflow/.local/lib/python3.12/site-packages/airflow/example_dags/example_params_ui_tutorial.py for tasks to queue
[2025-03-31T07:19:42.574+0000] {logging_mixin.py:190} INFO - [2025-03-31T07:19:42.574+0000] {dagbag.py:588} INFO - Filling up the DagBag from /home/airflow/.local/lib/python3.12/site-packages/airflow/example_dags/example_params_ui_tutorial.py
[2025-03-31T07:19:42.590+0000] {processor.py:925} INFO - DAG(s) 'example_params_ui_tutorial' retrieved from /home/airflow/.local/lib/python3.12/site-packages/airflow/example_dags/example_params_ui_tutorial.py
[2025-03-31T07:19:42.663+0000] {logging_mixin.py:190} INFO - [2025-03-31T07:19:42.663+0000] {dag.py:3239} INFO - Sync 1 DAGs
[2025-03-31T07:19:42.684+0000] {logging_mixin.py:190} INFO - [2025-03-31T07:19:42.684+0000] {dag.py:4180} INFO - Setting next_dagrun for example_params_ui_tutorial to None, run_after=None
[2025-03-31T07:19:42.706+0000] {processor.py:208} INFO - Processing /home/airflow/.local/lib/python3.12/site-packages/airflow/example_dags/example_params_ui_tutorial.py took 0.145 seconds
[2025-03-31T07:20:13.215+0000] {processor.py:186} INFO - Started process (PID=17628) to work on /home/airflow/.local/lib/python3.12/site-packages/airflow/example_dags/example_params_ui_tutorial.py
[2025-03-31T07:20:13.216+0000] {processor.py:914} INFO - Processing file /home/airflow/.local/lib/python3.12/site-packages/airflow/example_dags/example_params_ui_tutorial.py for tasks to queue
[2025-03-31T07:20:13.219+0000] {logging_mixin.py:190} INFO - [2025-03-31T07:20:13.219+0000] {dagbag.py:588} INFO - Filling up the DagBag from /home/airflow/.local/lib/python3.12/site-packages/airflow/example_dags/example_params_ui_tutorial.py
[2025-03-31T07:20:13.233+0000] {processor.py:925} INFO - DAG(s) 'example_params_ui_tutorial' retrieved from /home/airflow/.local/lib/python3.12/site-packages/airflow/example_dags/example_params_ui_tutorial.py
[2025-03-31T07:20:13.300+0000] {logging_mixin.py:190} INFO - [2025-03-31T07:20:13.299+0000] {dag.py:3239} INFO - Sync 1 DAGs
[2025-03-31T07:20:13.321+0000] {logging_mixin.py:190} INFO - [2025-03-31T07:20:13.320+0000] {dag.py:4180} INFO - Setting next_dagrun for example_params_ui_tutorial to None, run_after=None
[2025-03-31T07:20:13.349+0000] {processor.py:208} INFO - Processing /home/airflow/.local/lib/python3.12/site-packages/airflow/example_dags/example_params_ui_tutorial.py took 0.143 seconds
[2025-03-31T07:20:43.503+0000] {processor.py:186} INFO - Started process (PID=17918) to work on /home/airflow/.local/lib/python3.12/site-packages/airflow/example_dags/example_params_ui_tutorial.py
[2025-03-31T07:20:43.505+0000] {processor.py:914} INFO - Processing file /home/airflow/.local/lib/python3.12/site-packages/airflow/example_dags/example_params_ui_tutorial.py for tasks to queue
[2025-03-31T07:20:43.508+0000] {logging_mixin.py:190} INFO - [2025-03-31T07:20:43.508+0000] {dagbag.py:588} INFO - Filling up the DagBag from /home/airflow/.local/lib/python3.12/site-packages/airflow/example_dags/example_params_ui_tutorial.py
[2025-03-31T07:20:43.523+0000] {processor.py:925} INFO - DAG(s) 'example_params_ui_tutorial' retrieved from /home/airflow/.local/lib/python3.12/site-packages/airflow/example_dags/example_params_ui_tutorial.py
[2025-03-31T07:20:43.585+0000] {logging_mixin.py:190} INFO - [2025-03-31T07:20:43.585+0000] {dag.py:3239} INFO - Sync 1 DAGs
[2025-03-31T07:20:43.606+0000] {logging_mixin.py:190} INFO - [2025-03-31T07:20:43.606+0000] {dag.py:4180} INFO - Setting next_dagrun for example_params_ui_tutorial to None, run_after=None
[2025-03-31T07:20:43.634+0000] {processor.py:208} INFO - Processing /home/airflow/.local/lib/python3.12/site-packages/airflow/example_dags/example_params_ui_tutorial.py took 0.138 seconds
[2025-03-31T07:21:13.872+0000] {processor.py:186} INFO - Started process (PID=18209) to work on /home/airflow/.local/lib/python3.12/site-packages/airflow/example_dags/example_params_ui_tutorial.py
[2025-03-31T07:21:13.874+0000] {processor.py:914} INFO - Processing file /home/airflow/.local/lib/python3.12/site-packages/airflow/example_dags/example_params_ui_tutorial.py for tasks to queue
[2025-03-31T07:21:13.880+0000] {logging_mixin.py:190} INFO - [2025-03-31T07:21:13.879+0000] {dagbag.py:588} INFO - Filling up the DagBag from /home/airflow/.local/lib/python3.12/site-packages/airflow/example_dags/example_params_ui_tutorial.py
[2025-03-31T07:21:13.895+0000] {processor.py:925} INFO - DAG(s) 'example_params_ui_tutorial' retrieved from /home/airflow/.local/lib/python3.12/site-packages/airflow/example_dags/example_params_ui_tutorial.py
[2025-03-31T07:21:13.959+0000] {logging_mixin.py:190} INFO - [2025-03-31T07:21:13.959+0000] {dag.py:3239} INFO - Sync 1 DAGs
[2025-03-31T07:21:13.984+0000] {logging_mixin.py:190} INFO - [2025-03-31T07:21:13.983+0000] {dag.py:4180} INFO - Setting next_dagrun for example_params_ui_tutorial to None, run_after=None
[2025-03-31T07:21:14.009+0000] {processor.py:208} INFO - Processing /home/airflow/.local/lib/python3.12/site-packages/airflow/example_dags/example_params_ui_tutorial.py took 0.144 seconds
[2025-03-31T07:21:44.157+0000] {processor.py:186} INFO - Started process (PID=18500) to work on /home/airflow/.local/lib/python3.12/site-packages/airflow/example_dags/example_params_ui_tutorial.py
[2025-03-31T07:21:44.159+0000] {processor.py:914} INFO - Processing file /home/airflow/.local/lib/python3.12/site-packages/airflow/example_dags/example_params_ui_tutorial.py for tasks to queue
[2025-03-31T07:21:44.165+0000] {logging_mixin.py:190} INFO - [2025-03-31T07:21:44.164+0000] {dagbag.py:588} INFO - Filling up the DagBag from /home/airflow/.local/lib/python3.12/site-packages/airflow/example_dags/example_params_ui_tutorial.py
[2025-03-31T07:21:44.178+0000] {processor.py:925} INFO - DAG(s) 'example_params_ui_tutorial' retrieved from /home/airflow/.local/lib/python3.12/site-packages/airflow/example_dags/example_params_ui_tutorial.py
[2025-03-31T07:21:44.245+0000] {logging_mixin.py:190} INFO - [2025-03-31T07:21:44.244+0000] {dag.py:3239} INFO - Sync 1 DAGs
[2025-03-31T07:21:44.268+0000] {logging_mixin.py:190} INFO - [2025-03-31T07:21:44.268+0000] {dag.py:4180} INFO - Setting next_dagrun for example_params_ui_tutorial to None, run_after=None
[2025-03-31T07:21:44.298+0000] {processor.py:208} INFO - Processing /home/airflow/.local/lib/python3.12/site-packages/airflow/example_dags/example_params_ui_tutorial.py took 0.149 seconds
[2025-03-31T07:22:15.221+0000] {processor.py:186} INFO - Started process (PID=18797) to work on /home/airflow/.local/lib/python3.12/site-packages/airflow/example_dags/example_params_ui_tutorial.py
[2025-03-31T07:22:15.222+0000] {processor.py:914} INFO - Processing file /home/airflow/.local/lib/python3.12/site-packages/airflow/example_dags/example_params_ui_tutorial.py for tasks to queue
[2025-03-31T07:22:15.225+0000] {logging_mixin.py:190} INFO - [2025-03-31T07:22:15.225+0000] {dagbag.py:588} INFO - Filling up the DagBag from /home/airflow/.local/lib/python3.12/site-packages/airflow/example_dags/example_params_ui_tutorial.py
[2025-03-31T07:22:15.240+0000] {processor.py:925} INFO - DAG(s) 'example_params_ui_tutorial' retrieved from /home/airflow/.local/lib/python3.12/site-packages/airflow/example_dags/example_params_ui_tutorial.py
[2025-03-31T07:22:15.314+0000] {logging_mixin.py:190} INFO - [2025-03-31T07:22:15.313+0000] {dag.py:3239} INFO - Sync 1 DAGs
[2025-03-31T07:22:15.335+0000] {logging_mixin.py:190} INFO - [2025-03-31T07:22:15.335+0000] {dag.py:4180} INFO - Setting next_dagrun for example_params_ui_tutorial to None, run_after=None
[2025-03-31T07:22:15.361+0000] {processor.py:208} INFO - Processing /home/airflow/.local/lib/python3.12/site-packages/airflow/example_dags/example_params_ui_tutorial.py took 0.148 seconds
[2025-03-31T07:22:45.503+0000] {processor.py:186} INFO - Started process (PID=19087) to work on /home/airflow/.local/lib/python3.12/site-packages/airflow/example_dags/example_params_ui_tutorial.py
[2025-03-31T07:22:45.504+0000] {processor.py:914} INFO - Processing file /home/airflow/.local/lib/python3.12/site-packages/airflow/example_dags/example_params_ui_tutorial.py for tasks to queue
[2025-03-31T07:22:45.508+0000] {logging_mixin.py:190} INFO - [2025-03-31T07:22:45.507+0000] {dagbag.py:588} INFO - Filling up the DagBag from /home/airflow/.local/lib/python3.12/site-packages/airflow/example_dags/example_params_ui_tutorial.py
[2025-03-31T07:22:45.522+0000] {processor.py:925} INFO - DAG(s) 'example_params_ui_tutorial' retrieved from /home/airflow/.local/lib/python3.12/site-packages/airflow/example_dags/example_params_ui_tutorial.py
[2025-03-31T07:22:45.598+0000] {logging_mixin.py:190} INFO - [2025-03-31T07:22:45.598+0000] {dag.py:3239} INFO - Sync 1 DAGs
[2025-03-31T07:22:45.621+0000] {logging_mixin.py:190} INFO - [2025-03-31T07:22:45.621+0000] {dag.py:4180} INFO - Setting next_dagrun for example_params_ui_tutorial to None, run_after=None
[2025-03-31T07:22:45.653+0000] {processor.py:208} INFO - Processing /home/airflow/.local/lib/python3.12/site-packages/airflow/example_dags/example_params_ui_tutorial.py took 0.160 seconds
[2025-03-31T07:23:16.376+0000] {processor.py:186} INFO - Started process (PID=19378) to work on /home/airflow/.local/lib/python3.12/site-packages/airflow/example_dags/example_params_ui_tutorial.py
[2025-03-31T07:23:16.377+0000] {processor.py:914} INFO - Processing file /home/airflow/.local/lib/python3.12/site-packages/airflow/example_dags/example_params_ui_tutorial.py for tasks to queue
[2025-03-31T07:23:16.379+0000] {logging_mixin.py:190} INFO - [2025-03-31T07:23:16.379+0000] {dagbag.py:588} INFO - Filling up the DagBag from /home/airflow/.local/lib/python3.12/site-packages/airflow/example_dags/example_params_ui_tutorial.py
[2025-03-31T07:23:16.389+0000] {processor.py:925} INFO - DAG(s) 'example_params_ui_tutorial' retrieved from /home/airflow/.local/lib/python3.12/site-packages/airflow/example_dags/example_params_ui_tutorial.py
[2025-03-31T07:23:16.435+0000] {logging_mixin.py:190} INFO - [2025-03-31T07:23:16.434+0000] {dag.py:3239} INFO - Sync 1 DAGs
[2025-03-31T07:23:16.450+0000] {logging_mixin.py:190} INFO - [2025-03-31T07:23:16.449+0000] {dag.py:4180} INFO - Setting next_dagrun for example_params_ui_tutorial to None, run_after=None
[2025-03-31T07:23:16.470+0000] {processor.py:208} INFO - Processing /home/airflow/.local/lib/python3.12/site-packages/airflow/example_dags/example_params_ui_tutorial.py took 0.100 seconds
[2025-03-31T07:23:46.922+0000] {processor.py:186} INFO - Started process (PID=19669) to work on /home/airflow/.local/lib/python3.12/site-packages/airflow/example_dags/example_params_ui_tutorial.py
[2025-03-31T07:23:46.923+0000] {processor.py:914} INFO - Processing file /home/airflow/.local/lib/python3.12/site-packages/airflow/example_dags/example_params_ui_tutorial.py for tasks to queue
[2025-03-31T07:23:46.925+0000] {logging_mixin.py:190} INFO - [2025-03-31T07:23:46.925+0000] {dagbag.py:588} INFO - Filling up the DagBag from /home/airflow/.local/lib/python3.12/site-packages/airflow/example_dags/example_params_ui_tutorial.py
[2025-03-31T07:23:46.935+0000] {processor.py:925} INFO - DAG(s) 'example_params_ui_tutorial' retrieved from /home/airflow/.local/lib/python3.12/site-packages/airflow/example_dags/example_params_ui_tutorial.py
[2025-03-31T07:23:46.989+0000] {logging_mixin.py:190} INFO - [2025-03-31T07:23:46.989+0000] {dag.py:3239} INFO - Sync 1 DAGs
[2025-03-31T07:23:47.007+0000] {logging_mixin.py:190} INFO - [2025-03-31T07:23:47.006+0000] {dag.py:4180} INFO - Setting next_dagrun for example_params_ui_tutorial to None, run_after=None
[2025-03-31T07:23:47.025+0000] {processor.py:208} INFO - Processing /home/airflow/.local/lib/python3.12/site-packages/airflow/example_dags/example_params_ui_tutorial.py took 0.109 seconds
[2025-03-31T07:24:17.197+0000] {processor.py:186} INFO - Started process (PID=19960) to work on /home/airflow/.local/lib/python3.12/site-packages/airflow/example_dags/example_params_ui_tutorial.py
[2025-03-31T07:24:17.198+0000] {processor.py:914} INFO - Processing file /home/airflow/.local/lib/python3.12/site-packages/airflow/example_dags/example_params_ui_tutorial.py for tasks to queue
[2025-03-31T07:24:17.200+0000] {logging_mixin.py:190} INFO - [2025-03-31T07:24:17.200+0000] {dagbag.py:588} INFO - Filling up the DagBag from /home/airflow/.local/lib/python3.12/site-packages/airflow/example_dags/example_params_ui_tutorial.py
[2025-03-31T07:24:17.210+0000] {processor.py:925} INFO - DAG(s) 'example_params_ui_tutorial' retrieved from /home/airflow/.local/lib/python3.12/site-packages/airflow/example_dags/example_params_ui_tutorial.py
[2025-03-31T07:24:17.255+0000] {logging_mixin.py:190} INFO - [2025-03-31T07:24:17.255+0000] {dag.py:3239} INFO - Sync 1 DAGs
[2025-03-31T07:24:17.271+0000] {logging_mixin.py:190} INFO - [2025-03-31T07:24:17.270+0000] {dag.py:4180} INFO - Setting next_dagrun for example_params_ui_tutorial to None, run_after=None
[2025-03-31T07:24:17.288+0000] {processor.py:208} INFO - Processing /home/airflow/.local/lib/python3.12/site-packages/airflow/example_dags/example_params_ui_tutorial.py took 0.097 seconds
[2025-03-31T07:24:47.637+0000] {processor.py:186} INFO - Started process (PID=20251) to work on /home/airflow/.local/lib/python3.12/site-packages/airflow/example_dags/example_params_ui_tutorial.py
[2025-03-31T07:24:47.638+0000] {processor.py:914} INFO - Processing file /home/airflow/.local/lib/python3.12/site-packages/airflow/example_dags/example_params_ui_tutorial.py for tasks to queue
[2025-03-31T07:24:47.640+0000] {logging_mixin.py:190} INFO - [2025-03-31T07:24:47.640+0000] {dagbag.py:588} INFO - Filling up the DagBag from /home/airflow/.local/lib/python3.12/site-packages/airflow/example_dags/example_params_ui_tutorial.py
[2025-03-31T07:24:47.650+0000] {processor.py:925} INFO - DAG(s) 'example_params_ui_tutorial' retrieved from /home/airflow/.local/lib/python3.12/site-packages/airflow/example_dags/example_params_ui_tutorial.py
[2025-03-31T07:24:47.695+0000] {logging_mixin.py:190} INFO - [2025-03-31T07:24:47.694+0000] {dag.py:3239} INFO - Sync 1 DAGs
[2025-03-31T07:24:47.710+0000] {logging_mixin.py:190} INFO - [2025-03-31T07:24:47.709+0000] {dag.py:4180} INFO - Setting next_dagrun for example_params_ui_tutorial to None, run_after=None
[2025-03-31T07:24:47.726+0000] {processor.py:208} INFO - Processing /home/airflow/.local/lib/python3.12/site-packages/airflow/example_dags/example_params_ui_tutorial.py took 0.096 seconds
[2025-03-31T07:25:19.424+0000] {processor.py:186} INFO - Started process (PID=20542) to work on /home/airflow/.local/lib/python3.12/site-packages/airflow/example_dags/example_params_ui_tutorial.py
[2025-03-31T07:25:19.425+0000] {processor.py:914} INFO - Processing file /home/airflow/.local/lib/python3.12/site-packages/airflow/example_dags/example_params_ui_tutorial.py for tasks to queue
[2025-03-31T07:25:19.427+0000] {logging_mixin.py:190} INFO - [2025-03-31T07:25:19.427+0000] {dagbag.py:588} INFO - Filling up the DagBag from /home/airflow/.local/lib/python3.12/site-packages/airflow/example_dags/example_params_ui_tutorial.py
[2025-03-31T07:25:19.437+0000] {processor.py:925} INFO - DAG(s) 'example_params_ui_tutorial' retrieved from /home/airflow/.local/lib/python3.12/site-packages/airflow/example_dags/example_params_ui_tutorial.py
[2025-03-31T07:25:19.484+0000] {logging_mixin.py:190} INFO - [2025-03-31T07:25:19.484+0000] {dag.py:3239} INFO - Sync 1 DAGs
[2025-03-31T07:25:19.506+0000] {logging_mixin.py:190} INFO - [2025-03-31T07:25:19.505+0000] {dag.py:4180} INFO - Setting next_dagrun for example_params_ui_tutorial to None, run_after=None
[2025-03-31T07:25:19.524+0000] {processor.py:208} INFO - Processing /home/airflow/.local/lib/python3.12/site-packages/airflow/example_dags/example_params_ui_tutorial.py took 0.107 seconds
