[2025-03-31T06:47:32.333+0000] {processor.py:186} INFO - Started process (PID=244) to work on /home/airflow/.local/lib/python3.12/site-packages/airflow/example_dags/example_python_decorator.py
[2025-03-31T06:47:32.335+0000] {processor.py:914} INFO - Processing file /home/airflow/.local/lib/python3.12/site-packages/airflow/example_dags/example_python_decorator.py for tasks to queue
[2025-03-31T06:47:32.340+0000] {logging_mixin.py:190} INFO - [2025-03-31T06:47:32.339+0000] {dagbag.py:588} INFO - Filling up the DagBag from /home/airflow/.local/lib/python3.12/site-packages/airflow/example_dags/example_python_decorator.py
[2025-03-31T06:47:32.373+0000] {processor.py:925} INFO - DAG(s) 'example_python_decorator' retrieved from /home/airflow/.local/lib/python3.12/site-packages/airflow/example_dags/example_python_decorator.py
[2025-03-31T06:47:32.591+0000] {logging_mixin.py:190} INFO - [2025-03-31T06:47:32.590+0000] {override.py:1912} INFO - Created Permission View: can read on DAG:example_python_decorator
[2025-03-31T06:47:32.606+0000] {logging_mixin.py:190} INFO - [2025-03-31T06:47:32.605+0000] {override.py:1912} INFO - Created Permission View: can delete on DAG:example_python_decorator
[2025-03-31T06:47:32.614+0000] {logging_mixin.py:190} INFO - [2025-03-31T06:47:32.614+0000] {override.py:1912} INFO - Created Permission View: can edit on DAG:example_python_decorator
[2025-03-31T06:47:32.625+0000] {logging_mixin.py:190} INFO - [2025-03-31T06:47:32.625+0000] {override.py:1912} INFO - Created Permission View: can read on DAG Run:example_python_decorator
[2025-03-31T06:47:32.637+0000] {logging_mixin.py:190} INFO - [2025-03-31T06:47:32.636+0000] {override.py:1912} INFO - Created Permission View: can delete on DAG Run:example_python_decorator
[2025-03-31T06:47:32.646+0000] {logging_mixin.py:190} INFO - [2025-03-31T06:47:32.646+0000] {override.py:1912} INFO - Created Permission View: menu access on DAG Run:example_python_decorator
[2025-03-31T06:47:32.656+0000] {logging_mixin.py:190} INFO - [2025-03-31T06:47:32.656+0000] {override.py:1912} INFO - Created Permission View: can create on DAG Run:example_python_decorator
[2025-03-31T06:47:32.657+0000] {logging_mixin.py:190} INFO - [2025-03-31T06:47:32.657+0000] {dag.py:3239} INFO - Sync 1 DAGs
[2025-03-31T06:47:32.679+0000] {logging_mixin.py:190} INFO - [2025-03-31T06:47:32.678+0000] {dag.py:3262} INFO - Creating ORM DAG for example_python_decorator
[2025-03-31T06:47:32.681+0000] {logging_mixin.py:190} INFO - [2025-03-31T06:47:32.681+0000] {dag.py:4180} INFO - Setting next_dagrun for example_python_decorator to None, run_after=None
[2025-03-31T06:47:32.712+0000] {processor.py:208} INFO - Processing /home/airflow/.local/lib/python3.12/site-packages/airflow/example_dags/example_python_decorator.py took 0.391 seconds
[2025-03-31T06:48:03.529+0000] {processor.py:186} INFO - Started process (PID=537) to work on /home/airflow/.local/lib/python3.12/site-packages/airflow/example_dags/example_python_decorator.py
[2025-03-31T06:48:03.530+0000] {processor.py:914} INFO - Processing file /home/airflow/.local/lib/python3.12/site-packages/airflow/example_dags/example_python_decorator.py for tasks to queue
[2025-03-31T06:48:03.533+0000] {logging_mixin.py:190} INFO - [2025-03-31T06:48:03.532+0000] {dagbag.py:588} INFO - Filling up the DagBag from /home/airflow/.local/lib/python3.12/site-packages/airflow/example_dags/example_python_decorator.py
[2025-03-31T06:48:03.548+0000] {processor.py:925} INFO - DAG(s) 'example_python_decorator' retrieved from /home/airflow/.local/lib/python3.12/site-packages/airflow/example_dags/example_python_decorator.py
[2025-03-31T06:48:03.571+0000] {logging_mixin.py:190} INFO - [2025-03-31T06:48:03.571+0000] {dag.py:3239} INFO - Sync 1 DAGs
[2025-03-31T06:48:03.587+0000] {logging_mixin.py:190} INFO - [2025-03-31T06:48:03.587+0000] {dag.py:4180} INFO - Setting next_dagrun for example_python_decorator to None, run_after=None
[2025-03-31T06:48:03.605+0000] {processor.py:208} INFO - Processing /home/airflow/.local/lib/python3.12/site-packages/airflow/example_dags/example_python_decorator.py took 0.082 seconds
[2025-03-31T06:48:34.545+0000] {processor.py:186} INFO - Started process (PID=828) to work on /home/airflow/.local/lib/python3.12/site-packages/airflow/example_dags/example_python_decorator.py
[2025-03-31T06:48:34.546+0000] {processor.py:914} INFO - Processing file /home/airflow/.local/lib/python3.12/site-packages/airflow/example_dags/example_python_decorator.py for tasks to queue
[2025-03-31T06:48:34.548+0000] {logging_mixin.py:190} INFO - [2025-03-31T06:48:34.548+0000] {dagbag.py:588} INFO - Filling up the DagBag from /home/airflow/.local/lib/python3.12/site-packages/airflow/example_dags/example_python_decorator.py
[2025-03-31T06:48:34.579+0000] {processor.py:925} INFO - DAG(s) 'example_python_decorator' retrieved from /home/airflow/.local/lib/python3.12/site-packages/airflow/example_dags/example_python_decorator.py
[2025-03-31T06:48:34.604+0000] {logging_mixin.py:190} INFO - [2025-03-31T06:48:34.604+0000] {dag.py:3239} INFO - Sync 1 DAGs
[2025-03-31T06:48:34.622+0000] {logging_mixin.py:190} INFO - [2025-03-31T06:48:34.622+0000] {dag.py:4180} INFO - Setting next_dagrun for example_python_decorator to None, run_after=None
[2025-03-31T06:48:34.641+0000] {processor.py:208} INFO - Processing /home/airflow/.local/lib/python3.12/site-packages/airflow/example_dags/example_python_decorator.py took 0.102 seconds
[2025-03-31T06:49:39.079+0000] {processor.py:186} INFO - Started process (PID=239) to work on /home/airflow/.local/lib/python3.12/site-packages/airflow/example_dags/example_python_decorator.py
[2025-03-31T06:49:39.081+0000] {processor.py:914} INFO - Processing file /home/airflow/.local/lib/python3.12/site-packages/airflow/example_dags/example_python_decorator.py for tasks to queue
[2025-03-31T06:49:39.086+0000] {logging_mixin.py:190} INFO - [2025-03-31T06:49:39.085+0000] {dagbag.py:588} INFO - Filling up the DagBag from /home/airflow/.local/lib/python3.12/site-packages/airflow/example_dags/example_python_decorator.py
[2025-03-31T06:49:39.104+0000] {processor.py:925} INFO - DAG(s) 'example_python_decorator' retrieved from /home/airflow/.local/lib/python3.12/site-packages/airflow/example_dags/example_python_decorator.py
[2025-03-31T06:49:39.237+0000] {logging_mixin.py:190} INFO - [2025-03-31T06:49:39.237+0000] {dag.py:3239} INFO - Sync 1 DAGs
[2025-03-31T06:49:39.251+0000] {logging_mixin.py:190} INFO - [2025-03-31T06:49:39.251+0000] {dag.py:4180} INFO - Setting next_dagrun for example_python_decorator to None, run_after=None
[2025-03-31T06:49:39.270+0000] {processor.py:208} INFO - Processing /home/airflow/.local/lib/python3.12/site-packages/airflow/example_dags/example_python_decorator.py took 0.198 seconds
[2025-03-31T06:50:10.130+0000] {processor.py:186} INFO - Started process (PID=536) to work on /home/airflow/.local/lib/python3.12/site-packages/airflow/example_dags/example_python_decorator.py
[2025-03-31T06:50:10.130+0000] {processor.py:914} INFO - Processing file /home/airflow/.local/lib/python3.12/site-packages/airflow/example_dags/example_python_decorator.py for tasks to queue
[2025-03-31T06:50:10.132+0000] {logging_mixin.py:190} INFO - [2025-03-31T06:50:10.132+0000] {dagbag.py:588} INFO - Filling up the DagBag from /home/airflow/.local/lib/python3.12/site-packages/airflow/example_dags/example_python_decorator.py
[2025-03-31T06:50:10.148+0000] {processor.py:925} INFO - DAG(s) 'example_python_decorator' retrieved from /home/airflow/.local/lib/python3.12/site-packages/airflow/example_dags/example_python_decorator.py
[2025-03-31T06:50:10.169+0000] {logging_mixin.py:190} INFO - [2025-03-31T06:50:10.169+0000] {dag.py:3239} INFO - Sync 1 DAGs
[2025-03-31T06:50:10.185+0000] {logging_mixin.py:190} INFO - [2025-03-31T06:50:10.185+0000] {dag.py:4180} INFO - Setting next_dagrun for example_python_decorator to None, run_after=None
[2025-03-31T06:50:10.208+0000] {processor.py:208} INFO - Processing /home/airflow/.local/lib/python3.12/site-packages/airflow/example_dags/example_python_decorator.py took 0.084 seconds
[2025-03-31T06:50:41.154+0000] {processor.py:186} INFO - Started process (PID=827) to work on /home/airflow/.local/lib/python3.12/site-packages/airflow/example_dags/example_python_decorator.py
[2025-03-31T06:50:41.155+0000] {processor.py:914} INFO - Processing file /home/airflow/.local/lib/python3.12/site-packages/airflow/example_dags/example_python_decorator.py for tasks to queue
[2025-03-31T06:50:41.158+0000] {logging_mixin.py:190} INFO - [2025-03-31T06:50:41.157+0000] {dagbag.py:588} INFO - Filling up the DagBag from /home/airflow/.local/lib/python3.12/site-packages/airflow/example_dags/example_python_decorator.py
[2025-03-31T06:50:41.173+0000] {processor.py:925} INFO - DAG(s) 'example_python_decorator' retrieved from /home/airflow/.local/lib/python3.12/site-packages/airflow/example_dags/example_python_decorator.py
[2025-03-31T06:50:41.202+0000] {logging_mixin.py:190} INFO - [2025-03-31T06:50:41.202+0000] {dag.py:3239} INFO - Sync 1 DAGs
[2025-03-31T06:50:41.220+0000] {logging_mixin.py:190} INFO - [2025-03-31T06:50:41.220+0000] {dag.py:4180} INFO - Setting next_dagrun for example_python_decorator to None, run_after=None
[2025-03-31T06:50:41.239+0000] {processor.py:208} INFO - Processing /home/airflow/.local/lib/python3.12/site-packages/airflow/example_dags/example_python_decorator.py took 0.091 seconds
[2025-03-31T06:51:11.738+0000] {processor.py:186} INFO - Started process (PID=1118) to work on /home/airflow/.local/lib/python3.12/site-packages/airflow/example_dags/example_python_decorator.py
[2025-03-31T06:51:11.739+0000] {processor.py:914} INFO - Processing file /home/airflow/.local/lib/python3.12/site-packages/airflow/example_dags/example_python_decorator.py for tasks to queue
[2025-03-31T06:51:11.741+0000] {logging_mixin.py:190} INFO - [2025-03-31T06:51:11.740+0000] {dagbag.py:588} INFO - Filling up the DagBag from /home/airflow/.local/lib/python3.12/site-packages/airflow/example_dags/example_python_decorator.py
[2025-03-31T06:51:11.756+0000] {processor.py:925} INFO - DAG(s) 'example_python_decorator' retrieved from /home/airflow/.local/lib/python3.12/site-packages/airflow/example_dags/example_python_decorator.py
[2025-03-31T06:51:11.778+0000] {logging_mixin.py:190} INFO - [2025-03-31T06:51:11.777+0000] {dag.py:3239} INFO - Sync 1 DAGs
[2025-03-31T06:51:11.793+0000] {logging_mixin.py:190} INFO - [2025-03-31T06:51:11.792+0000] {dag.py:4180} INFO - Setting next_dagrun for example_python_decorator to None, run_after=None
[2025-03-31T06:51:11.813+0000] {processor.py:208} INFO - Processing /home/airflow/.local/lib/python3.12/site-packages/airflow/example_dags/example_python_decorator.py took 0.081 seconds
[2025-03-31T06:51:42.646+0000] {processor.py:186} INFO - Started process (PID=1409) to work on /home/airflow/.local/lib/python3.12/site-packages/airflow/example_dags/example_python_decorator.py
[2025-03-31T06:51:42.647+0000] {processor.py:914} INFO - Processing file /home/airflow/.local/lib/python3.12/site-packages/airflow/example_dags/example_python_decorator.py for tasks to queue
[2025-03-31T06:51:42.649+0000] {logging_mixin.py:190} INFO - [2025-03-31T06:51:42.648+0000] {dagbag.py:588} INFO - Filling up the DagBag from /home/airflow/.local/lib/python3.12/site-packages/airflow/example_dags/example_python_decorator.py
[2025-03-31T06:51:42.663+0000] {processor.py:925} INFO - DAG(s) 'example_python_decorator' retrieved from /home/airflow/.local/lib/python3.12/site-packages/airflow/example_dags/example_python_decorator.py
[2025-03-31T06:51:42.684+0000] {logging_mixin.py:190} INFO - [2025-03-31T06:51:42.684+0000] {dag.py:3239} INFO - Sync 1 DAGs
[2025-03-31T06:51:42.700+0000] {logging_mixin.py:190} INFO - [2025-03-31T06:51:42.699+0000] {dag.py:4180} INFO - Setting next_dagrun for example_python_decorator to None, run_after=None
[2025-03-31T06:51:42.716+0000] {processor.py:208} INFO - Processing /home/airflow/.local/lib/python3.12/site-packages/airflow/example_dags/example_python_decorator.py took 0.075 seconds
[2025-03-31T06:52:13.751+0000] {processor.py:186} INFO - Started process (PID=1700) to work on /home/airflow/.local/lib/python3.12/site-packages/airflow/example_dags/example_python_decorator.py
[2025-03-31T06:52:13.752+0000] {processor.py:914} INFO - Processing file /home/airflow/.local/lib/python3.12/site-packages/airflow/example_dags/example_python_decorator.py for tasks to queue
[2025-03-31T06:52:13.755+0000] {logging_mixin.py:190} INFO - [2025-03-31T06:52:13.754+0000] {dagbag.py:588} INFO - Filling up the DagBag from /home/airflow/.local/lib/python3.12/site-packages/airflow/example_dags/example_python_decorator.py
[2025-03-31T06:52:13.771+0000] {processor.py:925} INFO - DAG(s) 'example_python_decorator' retrieved from /home/airflow/.local/lib/python3.12/site-packages/airflow/example_dags/example_python_decorator.py
[2025-03-31T06:52:13.798+0000] {logging_mixin.py:190} INFO - [2025-03-31T06:52:13.798+0000] {dag.py:3239} INFO - Sync 1 DAGs
[2025-03-31T06:52:13.817+0000] {logging_mixin.py:190} INFO - [2025-03-31T06:52:13.816+0000] {dag.py:4180} INFO - Setting next_dagrun for example_python_decorator to None, run_after=None
[2025-03-31T06:52:13.838+0000] {processor.py:208} INFO - Processing /home/airflow/.local/lib/python3.12/site-packages/airflow/example_dags/example_python_decorator.py took 0.094 seconds
[2025-03-31T06:52:44.280+0000] {processor.py:186} INFO - Started process (PID=1991) to work on /home/airflow/.local/lib/python3.12/site-packages/airflow/example_dags/example_python_decorator.py
[2025-03-31T06:52:44.281+0000] {processor.py:914} INFO - Processing file /home/airflow/.local/lib/python3.12/site-packages/airflow/example_dags/example_python_decorator.py for tasks to queue
[2025-03-31T06:52:44.284+0000] {logging_mixin.py:190} INFO - [2025-03-31T06:52:44.283+0000] {dagbag.py:588} INFO - Filling up the DagBag from /home/airflow/.local/lib/python3.12/site-packages/airflow/example_dags/example_python_decorator.py
[2025-03-31T06:52:44.302+0000] {processor.py:925} INFO - DAG(s) 'example_python_decorator' retrieved from /home/airflow/.local/lib/python3.12/site-packages/airflow/example_dags/example_python_decorator.py
[2025-03-31T06:52:44.325+0000] {logging_mixin.py:190} INFO - [2025-03-31T06:52:44.324+0000] {dag.py:3239} INFO - Sync 1 DAGs
[2025-03-31T06:52:44.340+0000] {logging_mixin.py:190} INFO - [2025-03-31T06:52:44.340+0000] {dag.py:4180} INFO - Setting next_dagrun for example_python_decorator to None, run_after=None
[2025-03-31T06:52:44.358+0000] {processor.py:208} INFO - Processing /home/airflow/.local/lib/python3.12/site-packages/airflow/example_dags/example_python_decorator.py took 0.083 seconds
[2025-03-31T06:53:14.551+0000] {processor.py:186} INFO - Started process (PID=2282) to work on /home/airflow/.local/lib/python3.12/site-packages/airflow/example_dags/example_python_decorator.py
[2025-03-31T06:53:14.552+0000] {processor.py:914} INFO - Processing file /home/airflow/.local/lib/python3.12/site-packages/airflow/example_dags/example_python_decorator.py for tasks to queue
[2025-03-31T06:53:14.554+0000] {logging_mixin.py:190} INFO - [2025-03-31T06:53:14.554+0000] {dagbag.py:588} INFO - Filling up the DagBag from /home/airflow/.local/lib/python3.12/site-packages/airflow/example_dags/example_python_decorator.py
[2025-03-31T06:53:14.572+0000] {processor.py:925} INFO - DAG(s) 'example_python_decorator' retrieved from /home/airflow/.local/lib/python3.12/site-packages/airflow/example_dags/example_python_decorator.py
[2025-03-31T06:53:14.603+0000] {logging_mixin.py:190} INFO - [2025-03-31T06:53:14.602+0000] {dag.py:3239} INFO - Sync 1 DAGs
[2025-03-31T06:53:14.621+0000] {logging_mixin.py:190} INFO - [2025-03-31T06:53:14.621+0000] {dag.py:4180} INFO - Setting next_dagrun for example_python_decorator to None, run_after=None
[2025-03-31T06:53:14.645+0000] {processor.py:208} INFO - Processing /home/airflow/.local/lib/python3.12/site-packages/airflow/example_dags/example_python_decorator.py took 0.100 seconds
[2025-03-31T06:53:44.883+0000] {processor.py:186} INFO - Started process (PID=2573) to work on /home/airflow/.local/lib/python3.12/site-packages/airflow/example_dags/example_python_decorator.py
[2025-03-31T06:53:44.884+0000] {processor.py:914} INFO - Processing file /home/airflow/.local/lib/python3.12/site-packages/airflow/example_dags/example_python_decorator.py for tasks to queue
[2025-03-31T06:53:44.887+0000] {logging_mixin.py:190} INFO - [2025-03-31T06:53:44.886+0000] {dagbag.py:588} INFO - Filling up the DagBag from /home/airflow/.local/lib/python3.12/site-packages/airflow/example_dags/example_python_decorator.py
[2025-03-31T06:53:44.901+0000] {processor.py:925} INFO - DAG(s) 'example_python_decorator' retrieved from /home/airflow/.local/lib/python3.12/site-packages/airflow/example_dags/example_python_decorator.py
[2025-03-31T06:53:44.922+0000] {logging_mixin.py:190} INFO - [2025-03-31T06:53:44.921+0000] {dag.py:3239} INFO - Sync 1 DAGs
[2025-03-31T06:53:44.936+0000] {logging_mixin.py:190} INFO - [2025-03-31T06:53:44.936+0000] {dag.py:4180} INFO - Setting next_dagrun for example_python_decorator to None, run_after=None
[2025-03-31T06:53:44.959+0000] {processor.py:208} INFO - Processing /home/airflow/.local/lib/python3.12/site-packages/airflow/example_dags/example_python_decorator.py took 0.081 seconds
[2025-03-31T06:54:15.997+0000] {processor.py:186} INFO - Started process (PID=2866) to work on /home/airflow/.local/lib/python3.12/site-packages/airflow/example_dags/example_python_decorator.py
[2025-03-31T06:54:15.998+0000] {processor.py:914} INFO - Processing file /home/airflow/.local/lib/python3.12/site-packages/airflow/example_dags/example_python_decorator.py for tasks to queue
[2025-03-31T06:54:16.000+0000] {logging_mixin.py:190} INFO - [2025-03-31T06:54:16.000+0000] {dagbag.py:588} INFO - Filling up the DagBag from /home/airflow/.local/lib/python3.12/site-packages/airflow/example_dags/example_python_decorator.py
[2025-03-31T06:54:16.018+0000] {processor.py:925} INFO - DAG(s) 'example_python_decorator' retrieved from /home/airflow/.local/lib/python3.12/site-packages/airflow/example_dags/example_python_decorator.py
[2025-03-31T06:54:16.051+0000] {logging_mixin.py:190} INFO - [2025-03-31T06:54:16.051+0000] {dag.py:3239} INFO - Sync 1 DAGs
[2025-03-31T06:54:16.068+0000] {logging_mixin.py:190} INFO - [2025-03-31T06:54:16.068+0000] {dag.py:4180} INFO - Setting next_dagrun for example_python_decorator to None, run_after=None
[2025-03-31T06:54:16.083+0000] {processor.py:208} INFO - Processing /home/airflow/.local/lib/python3.12/site-packages/airflow/example_dags/example_python_decorator.py took 0.092 seconds
[2025-03-31T06:54:46.328+0000] {processor.py:186} INFO - Started process (PID=3157) to work on /home/airflow/.local/lib/python3.12/site-packages/airflow/example_dags/example_python_decorator.py
[2025-03-31T06:54:46.329+0000] {processor.py:914} INFO - Processing file /home/airflow/.local/lib/python3.12/site-packages/airflow/example_dags/example_python_decorator.py for tasks to queue
[2025-03-31T06:54:46.331+0000] {logging_mixin.py:190} INFO - [2025-03-31T06:54:46.331+0000] {dagbag.py:588} INFO - Filling up the DagBag from /home/airflow/.local/lib/python3.12/site-packages/airflow/example_dags/example_python_decorator.py
[2025-03-31T06:54:46.346+0000] {processor.py:925} INFO - DAG(s) 'example_python_decorator' retrieved from /home/airflow/.local/lib/python3.12/site-packages/airflow/example_dags/example_python_decorator.py
[2025-03-31T06:54:46.370+0000] {logging_mixin.py:190} INFO - [2025-03-31T06:54:46.370+0000] {dag.py:3239} INFO - Sync 1 DAGs
[2025-03-31T06:54:46.385+0000] {logging_mixin.py:190} INFO - [2025-03-31T06:54:46.385+0000] {dag.py:4180} INFO - Setting next_dagrun for example_python_decorator to None, run_after=None
[2025-03-31T06:54:46.403+0000] {processor.py:208} INFO - Processing /home/airflow/.local/lib/python3.12/site-packages/airflow/example_dags/example_python_decorator.py took 0.081 seconds
[2025-03-31T06:55:16.650+0000] {processor.py:186} INFO - Started process (PID=3450) to work on /home/airflow/.local/lib/python3.12/site-packages/airflow/example_dags/example_python_decorator.py
[2025-03-31T06:55:16.651+0000] {processor.py:914} INFO - Processing file /home/airflow/.local/lib/python3.12/site-packages/airflow/example_dags/example_python_decorator.py for tasks to queue
[2025-03-31T06:55:16.653+0000] {logging_mixin.py:190} INFO - [2025-03-31T06:55:16.653+0000] {dagbag.py:588} INFO - Filling up the DagBag from /home/airflow/.local/lib/python3.12/site-packages/airflow/example_dags/example_python_decorator.py
[2025-03-31T06:55:16.671+0000] {processor.py:925} INFO - DAG(s) 'example_python_decorator' retrieved from /home/airflow/.local/lib/python3.12/site-packages/airflow/example_dags/example_python_decorator.py
[2025-03-31T06:55:16.699+0000] {logging_mixin.py:190} INFO - [2025-03-31T06:55:16.698+0000] {dag.py:3239} INFO - Sync 1 DAGs
[2025-03-31T06:55:16.718+0000] {logging_mixin.py:190} INFO - [2025-03-31T06:55:16.718+0000] {dag.py:4180} INFO - Setting next_dagrun for example_python_decorator to None, run_after=None
[2025-03-31T06:55:16.743+0000] {processor.py:208} INFO - Processing /home/airflow/.local/lib/python3.12/site-packages/airflow/example_dags/example_python_decorator.py took 0.101 seconds
[2025-03-31T06:55:47.284+0000] {processor.py:186} INFO - Started process (PID=3747) to work on /home/airflow/.local/lib/python3.12/site-packages/airflow/example_dags/example_python_decorator.py
[2025-03-31T06:55:47.286+0000] {processor.py:914} INFO - Processing file /home/airflow/.local/lib/python3.12/site-packages/airflow/example_dags/example_python_decorator.py for tasks to queue
[2025-03-31T06:55:47.289+0000] {logging_mixin.py:190} INFO - [2025-03-31T06:55:47.289+0000] {dagbag.py:588} INFO - Filling up the DagBag from /home/airflow/.local/lib/python3.12/site-packages/airflow/example_dags/example_python_decorator.py
[2025-03-31T06:55:47.307+0000] {processor.py:925} INFO - DAG(s) 'example_python_decorator' retrieved from /home/airflow/.local/lib/python3.12/site-packages/airflow/example_dags/example_python_decorator.py
[2025-03-31T06:55:47.331+0000] {logging_mixin.py:190} INFO - [2025-03-31T06:55:47.331+0000] {dag.py:3239} INFO - Sync 1 DAGs
[2025-03-31T06:55:47.347+0000] {logging_mixin.py:190} INFO - [2025-03-31T06:55:47.347+0000] {dag.py:4180} INFO - Setting next_dagrun for example_python_decorator to None, run_after=None
[2025-03-31T06:55:47.366+0000] {processor.py:208} INFO - Processing /home/airflow/.local/lib/python3.12/site-packages/airflow/example_dags/example_python_decorator.py took 0.091 seconds
[2025-03-31T06:56:18.196+0000] {processor.py:186} INFO - Started process (PID=4036) to work on /home/airflow/.local/lib/python3.12/site-packages/airflow/example_dags/example_python_decorator.py
[2025-03-31T06:56:18.197+0000] {processor.py:914} INFO - Processing file /home/airflow/.local/lib/python3.12/site-packages/airflow/example_dags/example_python_decorator.py for tasks to queue
[2025-03-31T06:56:18.199+0000] {logging_mixin.py:190} INFO - [2025-03-31T06:56:18.199+0000] {dagbag.py:588} INFO - Filling up the DagBag from /home/airflow/.local/lib/python3.12/site-packages/airflow/example_dags/example_python_decorator.py
[2025-03-31T06:56:18.212+0000] {processor.py:925} INFO - DAG(s) 'example_python_decorator' retrieved from /home/airflow/.local/lib/python3.12/site-packages/airflow/example_dags/example_python_decorator.py
[2025-03-31T06:56:18.235+0000] {logging_mixin.py:190} INFO - [2025-03-31T06:56:18.235+0000] {dag.py:3239} INFO - Sync 1 DAGs
[2025-03-31T06:56:18.250+0000] {logging_mixin.py:190} INFO - [2025-03-31T06:56:18.250+0000] {dag.py:4180} INFO - Setting next_dagrun for example_python_decorator to None, run_after=None
[2025-03-31T06:56:18.265+0000] {processor.py:208} INFO - Processing /home/airflow/.local/lib/python3.12/site-packages/airflow/example_dags/example_python_decorator.py took 0.075 seconds
[2025-03-31T06:56:48.977+0000] {processor.py:186} INFO - Started process (PID=4327) to work on /home/airflow/.local/lib/python3.12/site-packages/airflow/example_dags/example_python_decorator.py
[2025-03-31T06:56:48.979+0000] {processor.py:914} INFO - Processing file /home/airflow/.local/lib/python3.12/site-packages/airflow/example_dags/example_python_decorator.py for tasks to queue
[2025-03-31T06:56:48.984+0000] {logging_mixin.py:190} INFO - [2025-03-31T06:56:48.981+0000] {dagbag.py:588} INFO - Filling up the DagBag from /home/airflow/.local/lib/python3.12/site-packages/airflow/example_dags/example_python_decorator.py
[2025-03-31T06:56:49.011+0000] {processor.py:925} INFO - DAG(s) 'example_python_decorator' retrieved from /home/airflow/.local/lib/python3.12/site-packages/airflow/example_dags/example_python_decorator.py
[2025-03-31T06:56:49.043+0000] {logging_mixin.py:190} INFO - [2025-03-31T06:56:49.042+0000] {dag.py:3239} INFO - Sync 1 DAGs
[2025-03-31T06:56:49.063+0000] {logging_mixin.py:190} INFO - [2025-03-31T06:56:49.063+0000] {dag.py:4180} INFO - Setting next_dagrun for example_python_decorator to None, run_after=None
[2025-03-31T06:56:49.091+0000] {processor.py:208} INFO - Processing /home/airflow/.local/lib/python3.12/site-packages/airflow/example_dags/example_python_decorator.py took 0.121 seconds
[2025-03-31T06:57:19.283+0000] {processor.py:186} INFO - Started process (PID=4615) to work on /home/airflow/.local/lib/python3.12/site-packages/airflow/example_dags/example_python_decorator.py
[2025-03-31T06:57:19.284+0000] {processor.py:914} INFO - Processing file /home/airflow/.local/lib/python3.12/site-packages/airflow/example_dags/example_python_decorator.py for tasks to queue
[2025-03-31T06:57:19.287+0000] {logging_mixin.py:190} INFO - [2025-03-31T06:57:19.287+0000] {dagbag.py:588} INFO - Filling up the DagBag from /home/airflow/.local/lib/python3.12/site-packages/airflow/example_dags/example_python_decorator.py
[2025-03-31T06:57:19.304+0000] {processor.py:925} INFO - DAG(s) 'example_python_decorator' retrieved from /home/airflow/.local/lib/python3.12/site-packages/airflow/example_dags/example_python_decorator.py
[2025-03-31T06:57:19.329+0000] {logging_mixin.py:190} INFO - [2025-03-31T06:57:19.329+0000] {dag.py:3239} INFO - Sync 1 DAGs
[2025-03-31T06:57:19.347+0000] {logging_mixin.py:190} INFO - [2025-03-31T06:57:19.347+0000] {dag.py:4180} INFO - Setting next_dagrun for example_python_decorator to None, run_after=None
[2025-03-31T06:57:19.369+0000] {processor.py:208} INFO - Processing /home/airflow/.local/lib/python3.12/site-packages/airflow/example_dags/example_python_decorator.py took 0.096 seconds
[2025-03-31T06:57:49.765+0000] {processor.py:186} INFO - Started process (PID=4906) to work on /home/airflow/.local/lib/python3.12/site-packages/airflow/example_dags/example_python_decorator.py
[2025-03-31T06:57:49.768+0000] {processor.py:914} INFO - Processing file /home/airflow/.local/lib/python3.12/site-packages/airflow/example_dags/example_python_decorator.py for tasks to queue
[2025-03-31T06:57:49.771+0000] {logging_mixin.py:190} INFO - [2025-03-31T06:57:49.770+0000] {dagbag.py:588} INFO - Filling up the DagBag from /home/airflow/.local/lib/python3.12/site-packages/airflow/example_dags/example_python_decorator.py
[2025-03-31T06:57:49.788+0000] {processor.py:925} INFO - DAG(s) 'example_python_decorator' retrieved from /home/airflow/.local/lib/python3.12/site-packages/airflow/example_dags/example_python_decorator.py
[2025-03-31T06:57:49.816+0000] {logging_mixin.py:190} INFO - [2025-03-31T06:57:49.815+0000] {dag.py:3239} INFO - Sync 1 DAGs
[2025-03-31T06:57:49.836+0000] {logging_mixin.py:190} INFO - [2025-03-31T06:57:49.836+0000] {dag.py:4180} INFO - Setting next_dagrun for example_python_decorator to None, run_after=None
[2025-03-31T06:57:49.860+0000] {processor.py:208} INFO - Processing /home/airflow/.local/lib/python3.12/site-packages/airflow/example_dags/example_python_decorator.py took 0.102 seconds
[2025-03-31T06:58:20.391+0000] {processor.py:186} INFO - Started process (PID=5200) to work on /home/airflow/.local/lib/python3.12/site-packages/airflow/example_dags/example_python_decorator.py
[2025-03-31T06:58:20.392+0000] {processor.py:914} INFO - Processing file /home/airflow/.local/lib/python3.12/site-packages/airflow/example_dags/example_python_decorator.py for tasks to queue
[2025-03-31T06:58:20.395+0000] {logging_mixin.py:190} INFO - [2025-03-31T06:58:20.394+0000] {dagbag.py:588} INFO - Filling up the DagBag from /home/airflow/.local/lib/python3.12/site-packages/airflow/example_dags/example_python_decorator.py
[2025-03-31T06:58:20.417+0000] {processor.py:925} INFO - DAG(s) 'example_python_decorator' retrieved from /home/airflow/.local/lib/python3.12/site-packages/airflow/example_dags/example_python_decorator.py
[2025-03-31T06:58:20.444+0000] {logging_mixin.py:190} INFO - [2025-03-31T06:58:20.444+0000] {dag.py:3239} INFO - Sync 1 DAGs
[2025-03-31T06:58:20.461+0000] {logging_mixin.py:190} INFO - [2025-03-31T06:58:20.461+0000] {dag.py:4180} INFO - Setting next_dagrun for example_python_decorator to None, run_after=None
[2025-03-31T06:58:20.485+0000] {processor.py:208} INFO - Processing /home/airflow/.local/lib/python3.12/site-packages/airflow/example_dags/example_python_decorator.py took 0.100 seconds
[2025-03-31T06:58:50.933+0000] {processor.py:186} INFO - Started process (PID=5491) to work on /home/airflow/.local/lib/python3.12/site-packages/airflow/example_dags/example_python_decorator.py
[2025-03-31T06:58:50.934+0000] {processor.py:914} INFO - Processing file /home/airflow/.local/lib/python3.12/site-packages/airflow/example_dags/example_python_decorator.py for tasks to queue
[2025-03-31T06:58:50.937+0000] {logging_mixin.py:190} INFO - [2025-03-31T06:58:50.937+0000] {dagbag.py:588} INFO - Filling up the DagBag from /home/airflow/.local/lib/python3.12/site-packages/airflow/example_dags/example_python_decorator.py
[2025-03-31T06:58:50.953+0000] {processor.py:925} INFO - DAG(s) 'example_python_decorator' retrieved from /home/airflow/.local/lib/python3.12/site-packages/airflow/example_dags/example_python_decorator.py
[2025-03-31T06:58:50.976+0000] {logging_mixin.py:190} INFO - [2025-03-31T06:58:50.976+0000] {dag.py:3239} INFO - Sync 1 DAGs
[2025-03-31T06:58:50.991+0000] {logging_mixin.py:190} INFO - [2025-03-31T06:58:50.991+0000] {dag.py:4180} INFO - Setting next_dagrun for example_python_decorator to None, run_after=None
[2025-03-31T06:58:51.009+0000] {processor.py:208} INFO - Processing /home/airflow/.local/lib/python3.12/site-packages/airflow/example_dags/example_python_decorator.py took 0.082 seconds
[2025-03-31T06:59:21.165+0000] {processor.py:186} INFO - Started process (PID=5779) to work on /home/airflow/.local/lib/python3.12/site-packages/airflow/example_dags/example_python_decorator.py
[2025-03-31T06:59:21.166+0000] {processor.py:914} INFO - Processing file /home/airflow/.local/lib/python3.12/site-packages/airflow/example_dags/example_python_decorator.py for tasks to queue
[2025-03-31T06:59:21.168+0000] {logging_mixin.py:190} INFO - [2025-03-31T06:59:21.168+0000] {dagbag.py:588} INFO - Filling up the DagBag from /home/airflow/.local/lib/python3.12/site-packages/airflow/example_dags/example_python_decorator.py
[2025-03-31T06:59:21.185+0000] {processor.py:925} INFO - DAG(s) 'example_python_decorator' retrieved from /home/airflow/.local/lib/python3.12/site-packages/airflow/example_dags/example_python_decorator.py
[2025-03-31T06:59:21.209+0000] {logging_mixin.py:190} INFO - [2025-03-31T06:59:21.209+0000] {dag.py:3239} INFO - Sync 1 DAGs
[2025-03-31T06:59:21.226+0000] {logging_mixin.py:190} INFO - [2025-03-31T06:59:21.226+0000] {dag.py:4180} INFO - Setting next_dagrun for example_python_decorator to None, run_after=None
[2025-03-31T06:59:21.246+0000] {processor.py:208} INFO - Processing /home/airflow/.local/lib/python3.12/site-packages/airflow/example_dags/example_python_decorator.py took 0.088 seconds
[2025-03-31T06:59:51.791+0000] {processor.py:186} INFO - Started process (PID=6073) to work on /home/airflow/.local/lib/python3.12/site-packages/airflow/example_dags/example_python_decorator.py
[2025-03-31T06:59:51.792+0000] {processor.py:914} INFO - Processing file /home/airflow/.local/lib/python3.12/site-packages/airflow/example_dags/example_python_decorator.py for tasks to queue
[2025-03-31T06:59:51.794+0000] {logging_mixin.py:190} INFO - [2025-03-31T06:59:51.794+0000] {dagbag.py:588} INFO - Filling up the DagBag from /home/airflow/.local/lib/python3.12/site-packages/airflow/example_dags/example_python_decorator.py
[2025-03-31T06:59:51.810+0000] {processor.py:925} INFO - DAG(s) 'example_python_decorator' retrieved from /home/airflow/.local/lib/python3.12/site-packages/airflow/example_dags/example_python_decorator.py
[2025-03-31T06:59:51.838+0000] {logging_mixin.py:190} INFO - [2025-03-31T06:59:51.838+0000] {dag.py:3239} INFO - Sync 1 DAGs
[2025-03-31T06:59:51.855+0000] {logging_mixin.py:190} INFO - [2025-03-31T06:59:51.855+0000] {dag.py:4180} INFO - Setting next_dagrun for example_python_decorator to None, run_after=None
[2025-03-31T06:59:51.878+0000] {processor.py:208} INFO - Processing /home/airflow/.local/lib/python3.12/site-packages/airflow/example_dags/example_python_decorator.py took 0.095 seconds
[2025-03-31T07:00:21.921+0000] {processor.py:186} INFO - Started process (PID=6361) to work on /home/airflow/.local/lib/python3.12/site-packages/airflow/example_dags/example_python_decorator.py
[2025-03-31T07:00:21.923+0000] {processor.py:914} INFO - Processing file /home/airflow/.local/lib/python3.12/site-packages/airflow/example_dags/example_python_decorator.py for tasks to queue
[2025-03-31T07:00:21.925+0000] {logging_mixin.py:190} INFO - [2025-03-31T07:00:21.925+0000] {dagbag.py:588} INFO - Filling up the DagBag from /home/airflow/.local/lib/python3.12/site-packages/airflow/example_dags/example_python_decorator.py
[2025-03-31T07:00:21.942+0000] {processor.py:925} INFO - DAG(s) 'example_python_decorator' retrieved from /home/airflow/.local/lib/python3.12/site-packages/airflow/example_dags/example_python_decorator.py
[2025-03-31T07:00:21.966+0000] {logging_mixin.py:190} INFO - [2025-03-31T07:00:21.966+0000] {dag.py:3239} INFO - Sync 1 DAGs
[2025-03-31T07:00:21.981+0000] {logging_mixin.py:190} INFO - [2025-03-31T07:00:21.981+0000] {dag.py:4180} INFO - Setting next_dagrun for example_python_decorator to None, run_after=None
[2025-03-31T07:00:22.000+0000] {processor.py:208} INFO - Processing /home/airflow/.local/lib/python3.12/site-packages/airflow/example_dags/example_python_decorator.py took 0.085 seconds
[2025-03-31T07:00:52.585+0000] {processor.py:186} INFO - Started process (PID=6652) to work on /home/airflow/.local/lib/python3.12/site-packages/airflow/example_dags/example_python_decorator.py
[2025-03-31T07:00:52.586+0000] {processor.py:914} INFO - Processing file /home/airflow/.local/lib/python3.12/site-packages/airflow/example_dags/example_python_decorator.py for tasks to queue
[2025-03-31T07:00:52.589+0000] {logging_mixin.py:190} INFO - [2025-03-31T07:00:52.588+0000] {dagbag.py:588} INFO - Filling up the DagBag from /home/airflow/.local/lib/python3.12/site-packages/airflow/example_dags/example_python_decorator.py
[2025-03-31T07:00:52.602+0000] {processor.py:925} INFO - DAG(s) 'example_python_decorator' retrieved from /home/airflow/.local/lib/python3.12/site-packages/airflow/example_dags/example_python_decorator.py
[2025-03-31T07:00:52.626+0000] {logging_mixin.py:190} INFO - [2025-03-31T07:00:52.626+0000] {dag.py:3239} INFO - Sync 1 DAGs
[2025-03-31T07:00:52.641+0000] {logging_mixin.py:190} INFO - [2025-03-31T07:00:52.640+0000] {dag.py:4180} INFO - Setting next_dagrun for example_python_decorator to None, run_after=None
[2025-03-31T07:00:52.658+0000] {processor.py:208} INFO - Processing /home/airflow/.local/lib/python3.12/site-packages/airflow/example_dags/example_python_decorator.py took 0.080 seconds
[2025-03-31T07:01:23.381+0000] {processor.py:186} INFO - Started process (PID=6943) to work on /home/airflow/.local/lib/python3.12/site-packages/airflow/example_dags/example_python_decorator.py
[2025-03-31T07:01:23.382+0000] {processor.py:914} INFO - Processing file /home/airflow/.local/lib/python3.12/site-packages/airflow/example_dags/example_python_decorator.py for tasks to queue
[2025-03-31T07:01:23.385+0000] {logging_mixin.py:190} INFO - [2025-03-31T07:01:23.384+0000] {dagbag.py:588} INFO - Filling up the DagBag from /home/airflow/.local/lib/python3.12/site-packages/airflow/example_dags/example_python_decorator.py
[2025-03-31T07:01:23.400+0000] {processor.py:925} INFO - DAG(s) 'example_python_decorator' retrieved from /home/airflow/.local/lib/python3.12/site-packages/airflow/example_dags/example_python_decorator.py
[2025-03-31T07:01:23.423+0000] {logging_mixin.py:190} INFO - [2025-03-31T07:01:23.423+0000] {dag.py:3239} INFO - Sync 1 DAGs
[2025-03-31T07:01:23.438+0000] {logging_mixin.py:190} INFO - [2025-03-31T07:01:23.438+0000] {dag.py:4180} INFO - Setting next_dagrun for example_python_decorator to None, run_after=None
[2025-03-31T07:01:23.456+0000] {processor.py:208} INFO - Processing /home/airflow/.local/lib/python3.12/site-packages/airflow/example_dags/example_python_decorator.py took 0.080 seconds
[2025-03-31T07:01:53.750+0000] {processor.py:186} INFO - Started process (PID=7234) to work on /home/airflow/.local/lib/python3.12/site-packages/airflow/example_dags/example_python_decorator.py
[2025-03-31T07:01:53.751+0000] {processor.py:914} INFO - Processing file /home/airflow/.local/lib/python3.12/site-packages/airflow/example_dags/example_python_decorator.py for tasks to queue
[2025-03-31T07:01:53.753+0000] {logging_mixin.py:190} INFO - [2025-03-31T07:01:53.753+0000] {dagbag.py:588} INFO - Filling up the DagBag from /home/airflow/.local/lib/python3.12/site-packages/airflow/example_dags/example_python_decorator.py
[2025-03-31T07:01:53.768+0000] {processor.py:925} INFO - DAG(s) 'example_python_decorator' retrieved from /home/airflow/.local/lib/python3.12/site-packages/airflow/example_dags/example_python_decorator.py
[2025-03-31T07:01:53.791+0000] {logging_mixin.py:190} INFO - [2025-03-31T07:01:53.790+0000] {dag.py:3239} INFO - Sync 1 DAGs
[2025-03-31T07:01:53.805+0000] {logging_mixin.py:190} INFO - [2025-03-31T07:01:53.805+0000] {dag.py:4180} INFO - Setting next_dagrun for example_python_decorator to None, run_after=None
[2025-03-31T07:01:53.821+0000] {processor.py:208} INFO - Processing /home/airflow/.local/lib/python3.12/site-packages/airflow/example_dags/example_python_decorator.py took 0.077 seconds
[2025-03-31T07:02:24.628+0000] {processor.py:186} INFO - Started process (PID=7523) to work on /home/airflow/.local/lib/python3.12/site-packages/airflow/example_dags/example_python_decorator.py
[2025-03-31T07:02:24.629+0000] {processor.py:914} INFO - Processing file /home/airflow/.local/lib/python3.12/site-packages/airflow/example_dags/example_python_decorator.py for tasks to queue
[2025-03-31T07:02:24.631+0000] {logging_mixin.py:190} INFO - [2025-03-31T07:02:24.631+0000] {dagbag.py:588} INFO - Filling up the DagBag from /home/airflow/.local/lib/python3.12/site-packages/airflow/example_dags/example_python_decorator.py
[2025-03-31T07:02:24.646+0000] {processor.py:925} INFO - DAG(s) 'example_python_decorator' retrieved from /home/airflow/.local/lib/python3.12/site-packages/airflow/example_dags/example_python_decorator.py
[2025-03-31T07:02:24.668+0000] {logging_mixin.py:190} INFO - [2025-03-31T07:02:24.668+0000] {dag.py:3239} INFO - Sync 1 DAGs
[2025-03-31T07:02:24.684+0000] {logging_mixin.py:190} INFO - [2025-03-31T07:02:24.684+0000] {dag.py:4180} INFO - Setting next_dagrun for example_python_decorator to None, run_after=None
[2025-03-31T07:02:24.702+0000] {processor.py:208} INFO - Processing /home/airflow/.local/lib/python3.12/site-packages/airflow/example_dags/example_python_decorator.py took 0.080 seconds
[2025-03-31T07:02:54.948+0000] {processor.py:186} INFO - Started process (PID=7816) to work on /home/airflow/.local/lib/python3.12/site-packages/airflow/example_dags/example_python_decorator.py
[2025-03-31T07:02:54.949+0000] {processor.py:914} INFO - Processing file /home/airflow/.local/lib/python3.12/site-packages/airflow/example_dags/example_python_decorator.py for tasks to queue
[2025-03-31T07:02:54.951+0000] {logging_mixin.py:190} INFO - [2025-03-31T07:02:54.951+0000] {dagbag.py:588} INFO - Filling up the DagBag from /home/airflow/.local/lib/python3.12/site-packages/airflow/example_dags/example_python_decorator.py
[2025-03-31T07:02:54.967+0000] {processor.py:925} INFO - DAG(s) 'example_python_decorator' retrieved from /home/airflow/.local/lib/python3.12/site-packages/airflow/example_dags/example_python_decorator.py
[2025-03-31T07:02:54.989+0000] {logging_mixin.py:190} INFO - [2025-03-31T07:02:54.989+0000] {dag.py:3239} INFO - Sync 1 DAGs
[2025-03-31T07:02:55.004+0000] {logging_mixin.py:190} INFO - [2025-03-31T07:02:55.004+0000] {dag.py:4180} INFO - Setting next_dagrun for example_python_decorator to None, run_after=None
[2025-03-31T07:02:55.022+0000] {processor.py:208} INFO - Processing /home/airflow/.local/lib/python3.12/site-packages/airflow/example_dags/example_python_decorator.py took 0.080 seconds
[2025-03-31T07:03:25.238+0000] {processor.py:186} INFO - Started process (PID=8107) to work on /home/airflow/.local/lib/python3.12/site-packages/airflow/example_dags/example_python_decorator.py
[2025-03-31T07:03:25.239+0000] {processor.py:914} INFO - Processing file /home/airflow/.local/lib/python3.12/site-packages/airflow/example_dags/example_python_decorator.py for tasks to queue
[2025-03-31T07:03:25.242+0000] {logging_mixin.py:190} INFO - [2025-03-31T07:03:25.242+0000] {dagbag.py:588} INFO - Filling up the DagBag from /home/airflow/.local/lib/python3.12/site-packages/airflow/example_dags/example_python_decorator.py
[2025-03-31T07:03:25.261+0000] {processor.py:925} INFO - DAG(s) 'example_python_decorator' retrieved from /home/airflow/.local/lib/python3.12/site-packages/airflow/example_dags/example_python_decorator.py
[2025-03-31T07:03:25.285+0000] {logging_mixin.py:190} INFO - [2025-03-31T07:03:25.285+0000] {dag.py:3239} INFO - Sync 1 DAGs
[2025-03-31T07:03:25.303+0000] {logging_mixin.py:190} INFO - [2025-03-31T07:03:25.303+0000] {dag.py:4180} INFO - Setting next_dagrun for example_python_decorator to None, run_after=None
[2025-03-31T07:03:25.322+0000] {processor.py:208} INFO - Processing /home/airflow/.local/lib/python3.12/site-packages/airflow/example_dags/example_python_decorator.py took 0.091 seconds
[2025-03-31T07:03:55.403+0000] {processor.py:186} INFO - Started process (PID=8398) to work on /home/airflow/.local/lib/python3.12/site-packages/airflow/example_dags/example_python_decorator.py
[2025-03-31T07:03:55.404+0000] {processor.py:914} INFO - Processing file /home/airflow/.local/lib/python3.12/site-packages/airflow/example_dags/example_python_decorator.py for tasks to queue
[2025-03-31T07:03:55.408+0000] {logging_mixin.py:190} INFO - [2025-03-31T07:03:55.407+0000] {dagbag.py:588} INFO - Filling up the DagBag from /home/airflow/.local/lib/python3.12/site-packages/airflow/example_dags/example_python_decorator.py
[2025-03-31T07:03:55.425+0000] {processor.py:925} INFO - DAG(s) 'example_python_decorator' retrieved from /home/airflow/.local/lib/python3.12/site-packages/airflow/example_dags/example_python_decorator.py
[2025-03-31T07:03:55.449+0000] {logging_mixin.py:190} INFO - [2025-03-31T07:03:55.449+0000] {dag.py:3239} INFO - Sync 1 DAGs
[2025-03-31T07:03:55.464+0000] {logging_mixin.py:190} INFO - [2025-03-31T07:03:55.464+0000] {dag.py:4180} INFO - Setting next_dagrun for example_python_decorator to None, run_after=None
[2025-03-31T07:03:55.482+0000] {processor.py:208} INFO - Processing /home/airflow/.local/lib/python3.12/site-packages/airflow/example_dags/example_python_decorator.py took 0.086 seconds
[2025-03-31T07:04:25.911+0000] {processor.py:186} INFO - Started process (PID=8687) to work on /home/airflow/.local/lib/python3.12/site-packages/airflow/example_dags/example_python_decorator.py
[2025-03-31T07:04:25.912+0000] {processor.py:914} INFO - Processing file /home/airflow/.local/lib/python3.12/site-packages/airflow/example_dags/example_python_decorator.py for tasks to queue
[2025-03-31T07:04:25.915+0000] {logging_mixin.py:190} INFO - [2025-03-31T07:04:25.914+0000] {dagbag.py:588} INFO - Filling up the DagBag from /home/airflow/.local/lib/python3.12/site-packages/airflow/example_dags/example_python_decorator.py
[2025-03-31T07:04:25.931+0000] {processor.py:925} INFO - DAG(s) 'example_python_decorator' retrieved from /home/airflow/.local/lib/python3.12/site-packages/airflow/example_dags/example_python_decorator.py
[2025-03-31T07:04:25.955+0000] {logging_mixin.py:190} INFO - [2025-03-31T07:04:25.955+0000] {dag.py:3239} INFO - Sync 1 DAGs
[2025-03-31T07:04:25.972+0000] {logging_mixin.py:190} INFO - [2025-03-31T07:04:25.971+0000] {dag.py:4180} INFO - Setting next_dagrun for example_python_decorator to None, run_after=None
[2025-03-31T07:04:25.992+0000] {processor.py:208} INFO - Processing /home/airflow/.local/lib/python3.12/site-packages/airflow/example_dags/example_python_decorator.py took 0.088 seconds
[2025-03-31T07:04:56.165+0000] {processor.py:186} INFO - Started process (PID=8978) to work on /home/airflow/.local/lib/python3.12/site-packages/airflow/example_dags/example_python_decorator.py
[2025-03-31T07:04:56.166+0000] {processor.py:914} INFO - Processing file /home/airflow/.local/lib/python3.12/site-packages/airflow/example_dags/example_python_decorator.py for tasks to queue
[2025-03-31T07:04:56.169+0000] {logging_mixin.py:190} INFO - [2025-03-31T07:04:56.169+0000] {dagbag.py:588} INFO - Filling up the DagBag from /home/airflow/.local/lib/python3.12/site-packages/airflow/example_dags/example_python_decorator.py
[2025-03-31T07:04:56.185+0000] {processor.py:925} INFO - DAG(s) 'example_python_decorator' retrieved from /home/airflow/.local/lib/python3.12/site-packages/airflow/example_dags/example_python_decorator.py
[2025-03-31T07:04:56.212+0000] {logging_mixin.py:190} INFO - [2025-03-31T07:04:56.212+0000] {dag.py:3239} INFO - Sync 1 DAGs
[2025-03-31T07:04:56.228+0000] {logging_mixin.py:190} INFO - [2025-03-31T07:04:56.228+0000] {dag.py:4180} INFO - Setting next_dagrun for example_python_decorator to None, run_after=None
[2025-03-31T07:04:56.248+0000] {processor.py:208} INFO - Processing /home/airflow/.local/lib/python3.12/site-packages/airflow/example_dags/example_python_decorator.py took 0.090 seconds
[2025-03-31T07:05:26.307+0000] {processor.py:186} INFO - Started process (PID=9269) to work on /home/airflow/.local/lib/python3.12/site-packages/airflow/example_dags/example_python_decorator.py
[2025-03-31T07:05:26.308+0000] {processor.py:914} INFO - Processing file /home/airflow/.local/lib/python3.12/site-packages/airflow/example_dags/example_python_decorator.py for tasks to queue
[2025-03-31T07:05:26.311+0000] {logging_mixin.py:190} INFO - [2025-03-31T07:05:26.310+0000] {dagbag.py:588} INFO - Filling up the DagBag from /home/airflow/.local/lib/python3.12/site-packages/airflow/example_dags/example_python_decorator.py
[2025-03-31T07:05:26.329+0000] {processor.py:925} INFO - DAG(s) 'example_python_decorator' retrieved from /home/airflow/.local/lib/python3.12/site-packages/airflow/example_dags/example_python_decorator.py
[2025-03-31T07:05:26.355+0000] {logging_mixin.py:190} INFO - [2025-03-31T07:05:26.354+0000] {dag.py:3239} INFO - Sync 1 DAGs
[2025-03-31T07:05:26.371+0000] {logging_mixin.py:190} INFO - [2025-03-31T07:05:26.371+0000] {dag.py:4180} INFO - Setting next_dagrun for example_python_decorator to None, run_after=None
[2025-03-31T07:05:26.389+0000] {processor.py:208} INFO - Processing /home/airflow/.local/lib/python3.12/site-packages/airflow/example_dags/example_python_decorator.py took 0.089 seconds
[2025-03-31T07:05:56.493+0000] {processor.py:186} INFO - Started process (PID=9560) to work on /home/airflow/.local/lib/python3.12/site-packages/airflow/example_dags/example_python_decorator.py
[2025-03-31T07:05:56.494+0000] {processor.py:914} INFO - Processing file /home/airflow/.local/lib/python3.12/site-packages/airflow/example_dags/example_python_decorator.py for tasks to queue
[2025-03-31T07:05:56.496+0000] {logging_mixin.py:190} INFO - [2025-03-31T07:05:56.496+0000] {dagbag.py:588} INFO - Filling up the DagBag from /home/airflow/.local/lib/python3.12/site-packages/airflow/example_dags/example_python_decorator.py
[2025-03-31T07:05:56.512+0000] {processor.py:925} INFO - DAG(s) 'example_python_decorator' retrieved from /home/airflow/.local/lib/python3.12/site-packages/airflow/example_dags/example_python_decorator.py
[2025-03-31T07:05:56.537+0000] {logging_mixin.py:190} INFO - [2025-03-31T07:05:56.537+0000] {dag.py:3239} INFO - Sync 1 DAGs
[2025-03-31T07:05:56.556+0000] {logging_mixin.py:190} INFO - [2025-03-31T07:05:56.556+0000] {dag.py:4180} INFO - Setting next_dagrun for example_python_decorator to None, run_after=None
[2025-03-31T07:05:56.574+0000] {processor.py:208} INFO - Processing /home/airflow/.local/lib/python3.12/site-packages/airflow/example_dags/example_python_decorator.py took 0.088 seconds
[2025-03-31T07:06:26.723+0000] {processor.py:186} INFO - Started process (PID=9851) to work on /home/airflow/.local/lib/python3.12/site-packages/airflow/example_dags/example_python_decorator.py
[2025-03-31T07:06:26.724+0000] {processor.py:914} INFO - Processing file /home/airflow/.local/lib/python3.12/site-packages/airflow/example_dags/example_python_decorator.py for tasks to queue
[2025-03-31T07:06:26.727+0000] {logging_mixin.py:190} INFO - [2025-03-31T07:06:26.727+0000] {dagbag.py:588} INFO - Filling up the DagBag from /home/airflow/.local/lib/python3.12/site-packages/airflow/example_dags/example_python_decorator.py
[2025-03-31T07:06:26.742+0000] {processor.py:925} INFO - DAG(s) 'example_python_decorator' retrieved from /home/airflow/.local/lib/python3.12/site-packages/airflow/example_dags/example_python_decorator.py
[2025-03-31T07:06:26.765+0000] {logging_mixin.py:190} INFO - [2025-03-31T07:06:26.765+0000] {dag.py:3239} INFO - Sync 1 DAGs
[2025-03-31T07:06:26.780+0000] {logging_mixin.py:190} INFO - [2025-03-31T07:06:26.780+0000] {dag.py:4180} INFO - Setting next_dagrun for example_python_decorator to None, run_after=None
[2025-03-31T07:06:26.801+0000] {processor.py:208} INFO - Processing /home/airflow/.local/lib/python3.12/site-packages/airflow/example_dags/example_python_decorator.py took 0.084 seconds
[2025-03-31T07:06:57.223+0000] {processor.py:186} INFO - Started process (PID=10142) to work on /home/airflow/.local/lib/python3.12/site-packages/airflow/example_dags/example_python_decorator.py
[2025-03-31T07:06:57.224+0000] {processor.py:914} INFO - Processing file /home/airflow/.local/lib/python3.12/site-packages/airflow/example_dags/example_python_decorator.py for tasks to queue
[2025-03-31T07:06:57.227+0000] {logging_mixin.py:190} INFO - [2025-03-31T07:06:57.226+0000] {dagbag.py:588} INFO - Filling up the DagBag from /home/airflow/.local/lib/python3.12/site-packages/airflow/example_dags/example_python_decorator.py
[2025-03-31T07:06:57.242+0000] {processor.py:925} INFO - DAG(s) 'example_python_decorator' retrieved from /home/airflow/.local/lib/python3.12/site-packages/airflow/example_dags/example_python_decorator.py
[2025-03-31T07:06:57.269+0000] {logging_mixin.py:190} INFO - [2025-03-31T07:06:57.269+0000] {dag.py:3239} INFO - Sync 1 DAGs
[2025-03-31T07:06:57.285+0000] {logging_mixin.py:190} INFO - [2025-03-31T07:06:57.284+0000] {dag.py:4180} INFO - Setting next_dagrun for example_python_decorator to None, run_after=None
[2025-03-31T07:06:57.305+0000] {processor.py:208} INFO - Processing /home/airflow/.local/lib/python3.12/site-packages/airflow/example_dags/example_python_decorator.py took 0.088 seconds
[2025-03-31T07:07:28.796+0000] {processor.py:186} INFO - Started process (PID=10428) to work on /home/airflow/.local/lib/python3.12/site-packages/airflow/example_dags/example_python_decorator.py
[2025-03-31T07:07:28.797+0000] {processor.py:914} INFO - Processing file /home/airflow/.local/lib/python3.12/site-packages/airflow/example_dags/example_python_decorator.py for tasks to queue
[2025-03-31T07:07:28.800+0000] {logging_mixin.py:190} INFO - [2025-03-31T07:07:28.799+0000] {dagbag.py:588} INFO - Filling up the DagBag from /home/airflow/.local/lib/python3.12/site-packages/airflow/example_dags/example_python_decorator.py
[2025-03-31T07:07:28.815+0000] {processor.py:925} INFO - DAG(s) 'example_python_decorator' retrieved from /home/airflow/.local/lib/python3.12/site-packages/airflow/example_dags/example_python_decorator.py
[2025-03-31T07:07:28.838+0000] {logging_mixin.py:190} INFO - [2025-03-31T07:07:28.838+0000] {dag.py:3239} INFO - Sync 1 DAGs
[2025-03-31T07:07:28.856+0000] {logging_mixin.py:190} INFO - [2025-03-31T07:07:28.856+0000] {dag.py:4180} INFO - Setting next_dagrun for example_python_decorator to None, run_after=None
[2025-03-31T07:07:28.874+0000] {processor.py:208} INFO - Processing /home/airflow/.local/lib/python3.12/site-packages/airflow/example_dags/example_python_decorator.py took 0.084 seconds
[2025-03-31T07:07:59.385+0000] {processor.py:186} INFO - Started process (PID=10709) to work on /home/airflow/.local/lib/python3.12/site-packages/airflow/example_dags/example_python_decorator.py
[2025-03-31T07:07:59.386+0000] {processor.py:914} INFO - Processing file /home/airflow/.local/lib/python3.12/site-packages/airflow/example_dags/example_python_decorator.py for tasks to queue
[2025-03-31T07:07:59.389+0000] {logging_mixin.py:190} INFO - [2025-03-31T07:07:59.388+0000] {dagbag.py:588} INFO - Filling up the DagBag from /home/airflow/.local/lib/python3.12/site-packages/airflow/example_dags/example_python_decorator.py
[2025-03-31T07:07:59.404+0000] {processor.py:925} INFO - DAG(s) 'example_python_decorator' retrieved from /home/airflow/.local/lib/python3.12/site-packages/airflow/example_dags/example_python_decorator.py
[2025-03-31T07:07:59.427+0000] {logging_mixin.py:190} INFO - [2025-03-31T07:07:59.426+0000] {dag.py:3239} INFO - Sync 1 DAGs
[2025-03-31T07:07:59.442+0000] {logging_mixin.py:190} INFO - [2025-03-31T07:07:59.441+0000] {dag.py:4180} INFO - Setting next_dagrun for example_python_decorator to None, run_after=None
[2025-03-31T07:07:59.460+0000] {processor.py:208} INFO - Processing /home/airflow/.local/lib/python3.12/site-packages/airflow/example_dags/example_python_decorator.py took 0.080 seconds
[2025-03-31T07:08:29.939+0000] {processor.py:186} INFO - Started process (PID=10920) to work on /home/airflow/.local/lib/python3.12/site-packages/airflow/example_dags/example_python_decorator.py
[2025-03-31T07:08:29.940+0000] {processor.py:914} INFO - Processing file /home/airflow/.local/lib/python3.12/site-packages/airflow/example_dags/example_python_decorator.py for tasks to queue
[2025-03-31T07:08:29.942+0000] {logging_mixin.py:190} INFO - [2025-03-31T07:08:29.942+0000] {dagbag.py:588} INFO - Filling up the DagBag from /home/airflow/.local/lib/python3.12/site-packages/airflow/example_dags/example_python_decorator.py
[2025-03-31T07:08:29.958+0000] {processor.py:925} INFO - DAG(s) 'example_python_decorator' retrieved from /home/airflow/.local/lib/python3.12/site-packages/airflow/example_dags/example_python_decorator.py
[2025-03-31T07:08:29.980+0000] {logging_mixin.py:190} INFO - [2025-03-31T07:08:29.980+0000] {dag.py:3239} INFO - Sync 1 DAGs
[2025-03-31T07:08:29.995+0000] {logging_mixin.py:190} INFO - [2025-03-31T07:08:29.994+0000] {dag.py:4180} INFO - Setting next_dagrun for example_python_decorator to None, run_after=None
[2025-03-31T07:08:30.012+0000] {processor.py:208} INFO - Processing /home/airflow/.local/lib/python3.12/site-packages/airflow/example_dags/example_python_decorator.py took 0.079 seconds
[2025-03-31T07:09:01.308+0000] {processor.py:186} INFO - Started process (PID=11213) to work on /home/airflow/.local/lib/python3.12/site-packages/airflow/example_dags/example_python_decorator.py
[2025-03-31T07:09:01.309+0000] {processor.py:914} INFO - Processing file /home/airflow/.local/lib/python3.12/site-packages/airflow/example_dags/example_python_decorator.py for tasks to queue
[2025-03-31T07:09:01.312+0000] {logging_mixin.py:190} INFO - [2025-03-31T07:09:01.311+0000] {dagbag.py:588} INFO - Filling up the DagBag from /home/airflow/.local/lib/python3.12/site-packages/airflow/example_dags/example_python_decorator.py
[2025-03-31T07:09:01.326+0000] {processor.py:925} INFO - DAG(s) 'example_python_decorator' retrieved from /home/airflow/.local/lib/python3.12/site-packages/airflow/example_dags/example_python_decorator.py
[2025-03-31T07:09:01.357+0000] {logging_mixin.py:190} INFO - [2025-03-31T07:09:01.357+0000] {dag.py:3239} INFO - Sync 1 DAGs
[2025-03-31T07:09:01.385+0000] {logging_mixin.py:190} INFO - [2025-03-31T07:09:01.385+0000] {dag.py:4180} INFO - Setting next_dagrun for example_python_decorator to None, run_after=None
[2025-03-31T07:09:01.406+0000] {processor.py:208} INFO - Processing /home/airflow/.local/lib/python3.12/site-packages/airflow/example_dags/example_python_decorator.py took 0.104 seconds
[2025-03-31T07:09:32.002+0000] {processor.py:186} INFO - Started process (PID=11502) to work on /home/airflow/.local/lib/python3.12/site-packages/airflow/example_dags/example_python_decorator.py
[2025-03-31T07:09:32.003+0000] {processor.py:914} INFO - Processing file /home/airflow/.local/lib/python3.12/site-packages/airflow/example_dags/example_python_decorator.py for tasks to queue
[2025-03-31T07:09:32.007+0000] {logging_mixin.py:190} INFO - [2025-03-31T07:09:32.006+0000] {dagbag.py:588} INFO - Filling up the DagBag from /home/airflow/.local/lib/python3.12/site-packages/airflow/example_dags/example_python_decorator.py
[2025-03-31T07:09:32.024+0000] {processor.py:925} INFO - DAG(s) 'example_python_decorator' retrieved from /home/airflow/.local/lib/python3.12/site-packages/airflow/example_dags/example_python_decorator.py
[2025-03-31T07:09:32.046+0000] {logging_mixin.py:190} INFO - [2025-03-31T07:09:32.046+0000] {dag.py:3239} INFO - Sync 1 DAGs
[2025-03-31T07:09:32.061+0000] {logging_mixin.py:190} INFO - [2025-03-31T07:09:32.060+0000] {dag.py:4180} INFO - Setting next_dagrun for example_python_decorator to None, run_after=None
[2025-03-31T07:09:32.080+0000] {processor.py:208} INFO - Processing /home/airflow/.local/lib/python3.12/site-packages/airflow/example_dags/example_python_decorator.py took 0.086 seconds
[2025-03-31T07:10:02.354+0000] {processor.py:186} INFO - Started process (PID=11773) to work on /home/airflow/.local/lib/python3.12/site-packages/airflow/example_dags/example_python_decorator.py
[2025-03-31T07:10:02.355+0000] {processor.py:914} INFO - Processing file /home/airflow/.local/lib/python3.12/site-packages/airflow/example_dags/example_python_decorator.py for tasks to queue
[2025-03-31T07:10:02.358+0000] {logging_mixin.py:190} INFO - [2025-03-31T07:10:02.358+0000] {dagbag.py:588} INFO - Filling up the DagBag from /home/airflow/.local/lib/python3.12/site-packages/airflow/example_dags/example_python_decorator.py
[2025-03-31T07:10:02.375+0000] {processor.py:925} INFO - DAG(s) 'example_python_decorator' retrieved from /home/airflow/.local/lib/python3.12/site-packages/airflow/example_dags/example_python_decorator.py
[2025-03-31T07:10:02.404+0000] {logging_mixin.py:190} INFO - [2025-03-31T07:10:02.404+0000] {dag.py:3239} INFO - Sync 1 DAGs
[2025-03-31T07:10:02.422+0000] {logging_mixin.py:190} INFO - [2025-03-31T07:10:02.421+0000] {dag.py:4180} INFO - Setting next_dagrun for example_python_decorator to None, run_after=None
[2025-03-31T07:10:02.441+0000] {processor.py:208} INFO - Processing /home/airflow/.local/lib/python3.12/site-packages/airflow/example_dags/example_python_decorator.py took 0.094 seconds
[2025-03-31T07:10:32.734+0000] {processor.py:186} INFO - Started process (PID=12059) to work on /home/airflow/.local/lib/python3.12/site-packages/airflow/example_dags/example_python_decorator.py
[2025-03-31T07:10:32.735+0000] {processor.py:914} INFO - Processing file /home/airflow/.local/lib/python3.12/site-packages/airflow/example_dags/example_python_decorator.py for tasks to queue
[2025-03-31T07:10:32.737+0000] {logging_mixin.py:190} INFO - [2025-03-31T07:10:32.737+0000] {dagbag.py:588} INFO - Filling up the DagBag from /home/airflow/.local/lib/python3.12/site-packages/airflow/example_dags/example_python_decorator.py
[2025-03-31T07:10:32.752+0000] {processor.py:925} INFO - DAG(s) 'example_python_decorator' retrieved from /home/airflow/.local/lib/python3.12/site-packages/airflow/example_dags/example_python_decorator.py
[2025-03-31T07:10:32.776+0000] {logging_mixin.py:190} INFO - [2025-03-31T07:10:32.775+0000] {dag.py:3239} INFO - Sync 1 DAGs
[2025-03-31T07:10:32.790+0000] {logging_mixin.py:190} INFO - [2025-03-31T07:10:32.790+0000] {dag.py:4180} INFO - Setting next_dagrun for example_python_decorator to None, run_after=None
[2025-03-31T07:10:32.808+0000] {processor.py:208} INFO - Processing /home/airflow/.local/lib/python3.12/site-packages/airflow/example_dags/example_python_decorator.py took 0.080 seconds
[2025-03-31T07:11:03.112+0000] {processor.py:186} INFO - Started process (PID=12340) to work on /home/airflow/.local/lib/python3.12/site-packages/airflow/example_dags/example_python_decorator.py
[2025-03-31T07:11:03.113+0000] {processor.py:914} INFO - Processing file /home/airflow/.local/lib/python3.12/site-packages/airflow/example_dags/example_python_decorator.py for tasks to queue
[2025-03-31T07:11:03.115+0000] {logging_mixin.py:190} INFO - [2025-03-31T07:11:03.115+0000] {dagbag.py:588} INFO - Filling up the DagBag from /home/airflow/.local/lib/python3.12/site-packages/airflow/example_dags/example_python_decorator.py
[2025-03-31T07:11:03.130+0000] {processor.py:925} INFO - DAG(s) 'example_python_decorator' retrieved from /home/airflow/.local/lib/python3.12/site-packages/airflow/example_dags/example_python_decorator.py
[2025-03-31T07:11:03.153+0000] {logging_mixin.py:190} INFO - [2025-03-31T07:11:03.153+0000] {dag.py:3239} INFO - Sync 1 DAGs
[2025-03-31T07:11:03.169+0000] {logging_mixin.py:190} INFO - [2025-03-31T07:11:03.168+0000] {dag.py:4180} INFO - Setting next_dagrun for example_python_decorator to None, run_after=None
[2025-03-31T07:11:03.186+0000] {processor.py:208} INFO - Processing /home/airflow/.local/lib/python3.12/site-packages/airflow/example_dags/example_python_decorator.py took 0.080 seconds
[2025-03-31T07:11:33.514+0000] {processor.py:186} INFO - Started process (PID=12621) to work on /home/airflow/.local/lib/python3.12/site-packages/airflow/example_dags/example_python_decorator.py
[2025-03-31T07:11:33.515+0000] {processor.py:914} INFO - Processing file /home/airflow/.local/lib/python3.12/site-packages/airflow/example_dags/example_python_decorator.py for tasks to queue
[2025-03-31T07:11:33.519+0000] {logging_mixin.py:190} INFO - [2025-03-31T07:11:33.519+0000] {dagbag.py:588} INFO - Filling up the DagBag from /home/airflow/.local/lib/python3.12/site-packages/airflow/example_dags/example_python_decorator.py
[2025-03-31T07:11:33.536+0000] {processor.py:925} INFO - DAG(s) 'example_python_decorator' retrieved from /home/airflow/.local/lib/python3.12/site-packages/airflow/example_dags/example_python_decorator.py
[2025-03-31T07:11:33.564+0000] {logging_mixin.py:190} INFO - [2025-03-31T07:11:33.564+0000] {dag.py:3239} INFO - Sync 1 DAGs
[2025-03-31T07:11:33.584+0000] {logging_mixin.py:190} INFO - [2025-03-31T07:11:33.583+0000] {dag.py:4180} INFO - Setting next_dagrun for example_python_decorator to None, run_after=None
[2025-03-31T07:11:33.602+0000] {processor.py:208} INFO - Processing /home/airflow/.local/lib/python3.12/site-packages/airflow/example_dags/example_python_decorator.py took 0.094 seconds
[2025-03-31T07:12:03.948+0000] {processor.py:186} INFO - Started process (PID=12902) to work on /home/airflow/.local/lib/python3.12/site-packages/airflow/example_dags/example_python_decorator.py
[2025-03-31T07:12:03.949+0000] {processor.py:914} INFO - Processing file /home/airflow/.local/lib/python3.12/site-packages/airflow/example_dags/example_python_decorator.py for tasks to queue
[2025-03-31T07:12:03.951+0000] {logging_mixin.py:190} INFO - [2025-03-31T07:12:03.951+0000] {dagbag.py:588} INFO - Filling up the DagBag from /home/airflow/.local/lib/python3.12/site-packages/airflow/example_dags/example_python_decorator.py
[2025-03-31T07:12:03.966+0000] {processor.py:925} INFO - DAG(s) 'example_python_decorator' retrieved from /home/airflow/.local/lib/python3.12/site-packages/airflow/example_dags/example_python_decorator.py
[2025-03-31T07:12:03.990+0000] {logging_mixin.py:190} INFO - [2025-03-31T07:12:03.990+0000] {dag.py:3239} INFO - Sync 1 DAGs
[2025-03-31T07:12:04.004+0000] {logging_mixin.py:190} INFO - [2025-03-31T07:12:04.004+0000] {dag.py:4180} INFO - Setting next_dagrun for example_python_decorator to None, run_after=None
[2025-03-31T07:12:04.022+0000] {processor.py:208} INFO - Processing /home/airflow/.local/lib/python3.12/site-packages/airflow/example_dags/example_python_decorator.py took 0.081 seconds
[2025-03-31T07:12:34.272+0000] {processor.py:186} INFO - Started process (PID=13193) to work on /home/airflow/.local/lib/python3.12/site-packages/airflow/example_dags/example_python_decorator.py
[2025-03-31T07:12:34.273+0000] {processor.py:914} INFO - Processing file /home/airflow/.local/lib/python3.12/site-packages/airflow/example_dags/example_python_decorator.py for tasks to queue
[2025-03-31T07:12:34.276+0000] {logging_mixin.py:190} INFO - [2025-03-31T07:12:34.275+0000] {dagbag.py:588} INFO - Filling up the DagBag from /home/airflow/.local/lib/python3.12/site-packages/airflow/example_dags/example_python_decorator.py
[2025-03-31T07:12:34.294+0000] {processor.py:925} INFO - DAG(s) 'example_python_decorator' retrieved from /home/airflow/.local/lib/python3.12/site-packages/airflow/example_dags/example_python_decorator.py
[2025-03-31T07:12:34.317+0000] {logging_mixin.py:190} INFO - [2025-03-31T07:12:34.317+0000] {dag.py:3239} INFO - Sync 1 DAGs
[2025-03-31T07:12:34.333+0000] {logging_mixin.py:190} INFO - [2025-03-31T07:12:34.333+0000] {dag.py:4180} INFO - Setting next_dagrun for example_python_decorator to None, run_after=None
[2025-03-31T07:12:34.353+0000] {processor.py:208} INFO - Processing /home/airflow/.local/lib/python3.12/site-packages/airflow/example_dags/example_python_decorator.py took 0.088 seconds
[2025-03-31T07:13:04.576+0000] {processor.py:186} INFO - Started process (PID=13484) to work on /home/airflow/.local/lib/python3.12/site-packages/airflow/example_dags/example_python_decorator.py
[2025-03-31T07:13:04.577+0000] {processor.py:914} INFO - Processing file /home/airflow/.local/lib/python3.12/site-packages/airflow/example_dags/example_python_decorator.py for tasks to queue
[2025-03-31T07:13:04.579+0000] {logging_mixin.py:190} INFO - [2025-03-31T07:13:04.579+0000] {dagbag.py:588} INFO - Filling up the DagBag from /home/airflow/.local/lib/python3.12/site-packages/airflow/example_dags/example_python_decorator.py
[2025-03-31T07:13:04.595+0000] {processor.py:925} INFO - DAG(s) 'example_python_decorator' retrieved from /home/airflow/.local/lib/python3.12/site-packages/airflow/example_dags/example_python_decorator.py
[2025-03-31T07:13:04.618+0000] {logging_mixin.py:190} INFO - [2025-03-31T07:13:04.617+0000] {dag.py:3239} INFO - Sync 1 DAGs
[2025-03-31T07:13:04.634+0000] {logging_mixin.py:190} INFO - [2025-03-31T07:13:04.634+0000] {dag.py:4180} INFO - Setting next_dagrun for example_python_decorator to None, run_after=None
[2025-03-31T07:13:04.652+0000] {processor.py:208} INFO - Processing /home/airflow/.local/lib/python3.12/site-packages/airflow/example_dags/example_python_decorator.py took 0.082 seconds
[2025-03-31T07:13:35.404+0000] {processor.py:186} INFO - Started process (PID=13775) to work on /home/airflow/.local/lib/python3.12/site-packages/airflow/example_dags/example_python_decorator.py
[2025-03-31T07:13:35.405+0000] {processor.py:914} INFO - Processing file /home/airflow/.local/lib/python3.12/site-packages/airflow/example_dags/example_python_decorator.py for tasks to queue
[2025-03-31T07:13:35.407+0000] {logging_mixin.py:190} INFO - [2025-03-31T07:13:35.407+0000] {dagbag.py:588} INFO - Filling up the DagBag from /home/airflow/.local/lib/python3.12/site-packages/airflow/example_dags/example_python_decorator.py
[2025-03-31T07:13:35.423+0000] {processor.py:925} INFO - DAG(s) 'example_python_decorator' retrieved from /home/airflow/.local/lib/python3.12/site-packages/airflow/example_dags/example_python_decorator.py
[2025-03-31T07:13:35.446+0000] {logging_mixin.py:190} INFO - [2025-03-31T07:13:35.446+0000] {dag.py:3239} INFO - Sync 1 DAGs
[2025-03-31T07:13:35.461+0000] {logging_mixin.py:190} INFO - [2025-03-31T07:13:35.461+0000] {dag.py:4180} INFO - Setting next_dagrun for example_python_decorator to None, run_after=None
[2025-03-31T07:13:35.480+0000] {processor.py:208} INFO - Processing /home/airflow/.local/lib/python3.12/site-packages/airflow/example_dags/example_python_decorator.py took 0.082 seconds
[2025-03-31T07:14:05.755+0000] {processor.py:186} INFO - Started process (PID=14066) to work on /home/airflow/.local/lib/python3.12/site-packages/airflow/example_dags/example_python_decorator.py
[2025-03-31T07:14:05.755+0000] {processor.py:914} INFO - Processing file /home/airflow/.local/lib/python3.12/site-packages/airflow/example_dags/example_python_decorator.py for tasks to queue
[2025-03-31T07:14:05.758+0000] {logging_mixin.py:190} INFO - [2025-03-31T07:14:05.758+0000] {dagbag.py:588} INFO - Filling up the DagBag from /home/airflow/.local/lib/python3.12/site-packages/airflow/example_dags/example_python_decorator.py
[2025-03-31T07:14:05.776+0000] {processor.py:925} INFO - DAG(s) 'example_python_decorator' retrieved from /home/airflow/.local/lib/python3.12/site-packages/airflow/example_dags/example_python_decorator.py
[2025-03-31T07:14:05.802+0000] {logging_mixin.py:190} INFO - [2025-03-31T07:14:05.802+0000] {dag.py:3239} INFO - Sync 1 DAGs
[2025-03-31T07:14:05.819+0000] {logging_mixin.py:190} INFO - [2025-03-31T07:14:05.818+0000] {dag.py:4180} INFO - Setting next_dagrun for example_python_decorator to None, run_after=None
[2025-03-31T07:14:05.839+0000] {processor.py:208} INFO - Processing /home/airflow/.local/lib/python3.12/site-packages/airflow/example_dags/example_python_decorator.py took 0.091 seconds
[2025-03-31T07:14:36.026+0000] {processor.py:186} INFO - Started process (PID=14357) to work on /home/airflow/.local/lib/python3.12/site-packages/airflow/example_dags/example_python_decorator.py
[2025-03-31T07:14:36.027+0000] {processor.py:914} INFO - Processing file /home/airflow/.local/lib/python3.12/site-packages/airflow/example_dags/example_python_decorator.py for tasks to queue
[2025-03-31T07:14:36.030+0000] {logging_mixin.py:190} INFO - [2025-03-31T07:14:36.030+0000] {dagbag.py:588} INFO - Filling up the DagBag from /home/airflow/.local/lib/python3.12/site-packages/airflow/example_dags/example_python_decorator.py
[2025-03-31T07:14:36.050+0000] {processor.py:925} INFO - DAG(s) 'example_python_decorator' retrieved from /home/airflow/.local/lib/python3.12/site-packages/airflow/example_dags/example_python_decorator.py
[2025-03-31T07:14:36.079+0000] {logging_mixin.py:190} INFO - [2025-03-31T07:14:36.079+0000] {dag.py:3239} INFO - Sync 1 DAGs
[2025-03-31T07:14:36.099+0000] {logging_mixin.py:190} INFO - [2025-03-31T07:14:36.099+0000] {dag.py:4180} INFO - Setting next_dagrun for example_python_decorator to None, run_after=None
[2025-03-31T07:14:36.124+0000] {processor.py:208} INFO - Processing /home/airflow/.local/lib/python3.12/site-packages/airflow/example_dags/example_python_decorator.py took 0.106 seconds
[2025-03-31T07:15:07.038+0000] {processor.py:186} INFO - Started process (PID=14648) to work on /home/airflow/.local/lib/python3.12/site-packages/airflow/example_dags/example_python_decorator.py
[2025-03-31T07:15:07.039+0000] {processor.py:914} INFO - Processing file /home/airflow/.local/lib/python3.12/site-packages/airflow/example_dags/example_python_decorator.py for tasks to queue
[2025-03-31T07:15:07.042+0000] {logging_mixin.py:190} INFO - [2025-03-31T07:15:07.042+0000] {dagbag.py:588} INFO - Filling up the DagBag from /home/airflow/.local/lib/python3.12/site-packages/airflow/example_dags/example_python_decorator.py
[2025-03-31T07:15:07.062+0000] {processor.py:925} INFO - DAG(s) 'example_python_decorator' retrieved from /home/airflow/.local/lib/python3.12/site-packages/airflow/example_dags/example_python_decorator.py
[2025-03-31T07:15:07.092+0000] {logging_mixin.py:190} INFO - [2025-03-31T07:15:07.092+0000] {dag.py:3239} INFO - Sync 1 DAGs
[2025-03-31T07:15:07.109+0000] {logging_mixin.py:190} INFO - [2025-03-31T07:15:07.109+0000] {dag.py:4180} INFO - Setting next_dagrun for example_python_decorator to None, run_after=None
[2025-03-31T07:15:07.131+0000] {processor.py:208} INFO - Processing /home/airflow/.local/lib/python3.12/site-packages/airflow/example_dags/example_python_decorator.py took 0.101 seconds
[2025-03-31T07:15:37.212+0000] {processor.py:186} INFO - Started process (PID=14939) to work on /home/airflow/.local/lib/python3.12/site-packages/airflow/example_dags/example_python_decorator.py
[2025-03-31T07:15:37.213+0000] {processor.py:914} INFO - Processing file /home/airflow/.local/lib/python3.12/site-packages/airflow/example_dags/example_python_decorator.py for tasks to queue
[2025-03-31T07:15:37.215+0000] {logging_mixin.py:190} INFO - [2025-03-31T07:15:37.214+0000] {dagbag.py:588} INFO - Filling up the DagBag from /home/airflow/.local/lib/python3.12/site-packages/airflow/example_dags/example_python_decorator.py
[2025-03-31T07:15:37.237+0000] {processor.py:925} INFO - DAG(s) 'example_python_decorator' retrieved from /home/airflow/.local/lib/python3.12/site-packages/airflow/example_dags/example_python_decorator.py
[2025-03-31T07:15:37.260+0000] {logging_mixin.py:190} INFO - [2025-03-31T07:15:37.260+0000] {dag.py:3239} INFO - Sync 1 DAGs
[2025-03-31T07:15:37.278+0000] {logging_mixin.py:190} INFO - [2025-03-31T07:15:37.277+0000] {dag.py:4180} INFO - Setting next_dagrun for example_python_decorator to None, run_after=None
[2025-03-31T07:15:37.302+0000] {processor.py:208} INFO - Processing /home/airflow/.local/lib/python3.12/site-packages/airflow/example_dags/example_python_decorator.py took 0.099 seconds
[2025-03-31T07:16:07.391+0000] {processor.py:186} INFO - Started process (PID=15230) to work on /home/airflow/.local/lib/python3.12/site-packages/airflow/example_dags/example_python_decorator.py
[2025-03-31T07:16:07.391+0000] {processor.py:914} INFO - Processing file /home/airflow/.local/lib/python3.12/site-packages/airflow/example_dags/example_python_decorator.py for tasks to queue
[2025-03-31T07:16:07.395+0000] {logging_mixin.py:190} INFO - [2025-03-31T07:16:07.395+0000] {dagbag.py:588} INFO - Filling up the DagBag from /home/airflow/.local/lib/python3.12/site-packages/airflow/example_dags/example_python_decorator.py
[2025-03-31T07:16:07.411+0000] {processor.py:925} INFO - DAG(s) 'example_python_decorator' retrieved from /home/airflow/.local/lib/python3.12/site-packages/airflow/example_dags/example_python_decorator.py
[2025-03-31T07:16:07.439+0000] {logging_mixin.py:190} INFO - [2025-03-31T07:16:07.439+0000] {dag.py:3239} INFO - Sync 1 DAGs
[2025-03-31T07:16:07.461+0000] {logging_mixin.py:190} INFO - [2025-03-31T07:16:07.461+0000] {dag.py:4180} INFO - Setting next_dagrun for example_python_decorator to None, run_after=None
[2025-03-31T07:16:07.484+0000] {processor.py:208} INFO - Processing /home/airflow/.local/lib/python3.12/site-packages/airflow/example_dags/example_python_decorator.py took 0.099 seconds
[2025-03-31T07:16:37.773+0000] {processor.py:186} INFO - Started process (PID=15521) to work on /home/airflow/.local/lib/python3.12/site-packages/airflow/example_dags/example_python_decorator.py
[2025-03-31T07:16:37.774+0000] {processor.py:914} INFO - Processing file /home/airflow/.local/lib/python3.12/site-packages/airflow/example_dags/example_python_decorator.py for tasks to queue
[2025-03-31T07:16:37.776+0000] {logging_mixin.py:190} INFO - [2025-03-31T07:16:37.775+0000] {dagbag.py:588} INFO - Filling up the DagBag from /home/airflow/.local/lib/python3.12/site-packages/airflow/example_dags/example_python_decorator.py
[2025-03-31T07:16:37.791+0000] {processor.py:925} INFO - DAG(s) 'example_python_decorator' retrieved from /home/airflow/.local/lib/python3.12/site-packages/airflow/example_dags/example_python_decorator.py
[2025-03-31T07:16:37.813+0000] {logging_mixin.py:190} INFO - [2025-03-31T07:16:37.813+0000] {dag.py:3239} INFO - Sync 1 DAGs
[2025-03-31T07:16:37.828+0000] {logging_mixin.py:190} INFO - [2025-03-31T07:16:37.828+0000] {dag.py:4180} INFO - Setting next_dagrun for example_python_decorator to None, run_after=None
[2025-03-31T07:16:37.846+0000] {processor.py:208} INFO - Processing /home/airflow/.local/lib/python3.12/site-packages/airflow/example_dags/example_python_decorator.py took 0.079 seconds
[2025-03-31T07:17:07.973+0000] {processor.py:186} INFO - Started process (PID=15812) to work on /home/airflow/.local/lib/python3.12/site-packages/airflow/example_dags/example_python_decorator.py
[2025-03-31T07:17:07.974+0000] {processor.py:914} INFO - Processing file /home/airflow/.local/lib/python3.12/site-packages/airflow/example_dags/example_python_decorator.py for tasks to queue
[2025-03-31T07:17:07.977+0000] {logging_mixin.py:190} INFO - [2025-03-31T07:17:07.976+0000] {dagbag.py:588} INFO - Filling up the DagBag from /home/airflow/.local/lib/python3.12/site-packages/airflow/example_dags/example_python_decorator.py
[2025-03-31T07:17:07.995+0000] {processor.py:925} INFO - DAG(s) 'example_python_decorator' retrieved from /home/airflow/.local/lib/python3.12/site-packages/airflow/example_dags/example_python_decorator.py
[2025-03-31T07:17:08.020+0000] {logging_mixin.py:190} INFO - [2025-03-31T07:17:08.020+0000] {dag.py:3239} INFO - Sync 1 DAGs
[2025-03-31T07:17:08.035+0000] {logging_mixin.py:190} INFO - [2025-03-31T07:17:08.035+0000] {dag.py:4180} INFO - Setting next_dagrun for example_python_decorator to None, run_after=None
[2025-03-31T07:17:08.060+0000] {processor.py:208} INFO - Processing /home/airflow/.local/lib/python3.12/site-packages/airflow/example_dags/example_python_decorator.py took 0.095 seconds
[2025-03-31T07:17:38.209+0000] {processor.py:186} INFO - Started process (PID=16103) to work on /home/airflow/.local/lib/python3.12/site-packages/airflow/example_dags/example_python_decorator.py
[2025-03-31T07:17:38.210+0000] {processor.py:914} INFO - Processing file /home/airflow/.local/lib/python3.12/site-packages/airflow/example_dags/example_python_decorator.py for tasks to queue
[2025-03-31T07:17:38.214+0000] {logging_mixin.py:190} INFO - [2025-03-31T07:17:38.214+0000] {dagbag.py:588} INFO - Filling up the DagBag from /home/airflow/.local/lib/python3.12/site-packages/airflow/example_dags/example_python_decorator.py
[2025-03-31T07:17:38.235+0000] {processor.py:925} INFO - DAG(s) 'example_python_decorator' retrieved from /home/airflow/.local/lib/python3.12/site-packages/airflow/example_dags/example_python_decorator.py
[2025-03-31T07:17:38.265+0000] {logging_mixin.py:190} INFO - [2025-03-31T07:17:38.264+0000] {dag.py:3239} INFO - Sync 1 DAGs
[2025-03-31T07:17:38.286+0000] {logging_mixin.py:190} INFO - [2025-03-31T07:17:38.285+0000] {dag.py:4180} INFO - Setting next_dagrun for example_python_decorator to None, run_after=None
[2025-03-31T07:17:38.310+0000] {processor.py:208} INFO - Processing /home/airflow/.local/lib/python3.12/site-packages/airflow/example_dags/example_python_decorator.py took 0.110 seconds
[2025-03-31T07:18:09.066+0000] {processor.py:186} INFO - Started process (PID=16394) to work on /home/airflow/.local/lib/python3.12/site-packages/airflow/example_dags/example_python_decorator.py
[2025-03-31T07:18:09.067+0000] {processor.py:914} INFO - Processing file /home/airflow/.local/lib/python3.12/site-packages/airflow/example_dags/example_python_decorator.py for tasks to queue
[2025-03-31T07:18:09.072+0000] {logging_mixin.py:190} INFO - [2025-03-31T07:18:09.071+0000] {dagbag.py:588} INFO - Filling up the DagBag from /home/airflow/.local/lib/python3.12/site-packages/airflow/example_dags/example_python_decorator.py
[2025-03-31T07:18:09.088+0000] {processor.py:925} INFO - DAG(s) 'example_python_decorator' retrieved from /home/airflow/.local/lib/python3.12/site-packages/airflow/example_dags/example_python_decorator.py
[2025-03-31T07:18:09.112+0000] {logging_mixin.py:190} INFO - [2025-03-31T07:18:09.112+0000] {dag.py:3239} INFO - Sync 1 DAGs
[2025-03-31T07:18:09.128+0000] {logging_mixin.py:190} INFO - [2025-03-31T07:18:09.128+0000] {dag.py:4180} INFO - Setting next_dagrun for example_python_decorator to None, run_after=None
[2025-03-31T07:18:09.150+0000] {processor.py:208} INFO - Processing /home/airflow/.local/lib/python3.12/site-packages/airflow/example_dags/example_python_decorator.py took 0.092 seconds
[2025-03-31T07:18:39.701+0000] {processor.py:186} INFO - Started process (PID=16685) to work on /home/airflow/.local/lib/python3.12/site-packages/airflow/example_dags/example_python_decorator.py
[2025-03-31T07:18:39.702+0000] {processor.py:914} INFO - Processing file /home/airflow/.local/lib/python3.12/site-packages/airflow/example_dags/example_python_decorator.py for tasks to queue
[2025-03-31T07:18:39.707+0000] {logging_mixin.py:190} INFO - [2025-03-31T07:18:39.706+0000] {dagbag.py:588} INFO - Filling up the DagBag from /home/airflow/.local/lib/python3.12/site-packages/airflow/example_dags/example_python_decorator.py
[2025-03-31T07:18:39.726+0000] {processor.py:925} INFO - DAG(s) 'example_python_decorator' retrieved from /home/airflow/.local/lib/python3.12/site-packages/airflow/example_dags/example_python_decorator.py
[2025-03-31T07:18:39.752+0000] {logging_mixin.py:190} INFO - [2025-03-31T07:18:39.751+0000] {dag.py:3239} INFO - Sync 1 DAGs
[2025-03-31T07:18:39.769+0000] {logging_mixin.py:190} INFO - [2025-03-31T07:18:39.768+0000] {dag.py:4180} INFO - Setting next_dagrun for example_python_decorator to None, run_after=None
[2025-03-31T07:18:39.788+0000] {processor.py:208} INFO - Processing /home/airflow/.local/lib/python3.12/site-packages/airflow/example_dags/example_python_decorator.py took 0.094 seconds
[2025-03-31T07:19:10.330+0000] {processor.py:186} INFO - Started process (PID=16976) to work on /home/airflow/.local/lib/python3.12/site-packages/airflow/example_dags/example_python_decorator.py
[2025-03-31T07:19:10.332+0000] {processor.py:914} INFO - Processing file /home/airflow/.local/lib/python3.12/site-packages/airflow/example_dags/example_python_decorator.py for tasks to queue
[2025-03-31T07:19:10.335+0000] {logging_mixin.py:190} INFO - [2025-03-31T07:19:10.334+0000] {dagbag.py:588} INFO - Filling up the DagBag from /home/airflow/.local/lib/python3.12/site-packages/airflow/example_dags/example_python_decorator.py
[2025-03-31T07:19:10.360+0000] {processor.py:925} INFO - DAG(s) 'example_python_decorator' retrieved from /home/airflow/.local/lib/python3.12/site-packages/airflow/example_dags/example_python_decorator.py
[2025-03-31T07:19:10.400+0000] {logging_mixin.py:190} INFO - [2025-03-31T07:19:10.400+0000] {dag.py:3239} INFO - Sync 1 DAGs
[2025-03-31T07:19:10.425+0000] {logging_mixin.py:190} INFO - [2025-03-31T07:19:10.424+0000] {dag.py:4180} INFO - Setting next_dagrun for example_python_decorator to None, run_after=None
[2025-03-31T07:19:10.461+0000] {processor.py:208} INFO - Processing /home/airflow/.local/lib/python3.12/site-packages/airflow/example_dags/example_python_decorator.py took 0.140 seconds
[2025-03-31T07:19:41.112+0000] {processor.py:186} INFO - Started process (PID=17267) to work on /home/airflow/.local/lib/python3.12/site-packages/airflow/example_dags/example_python_decorator.py
[2025-03-31T07:19:41.114+0000] {processor.py:914} INFO - Processing file /home/airflow/.local/lib/python3.12/site-packages/airflow/example_dags/example_python_decorator.py for tasks to queue
[2025-03-31T07:19:41.116+0000] {logging_mixin.py:190} INFO - [2025-03-31T07:19:41.116+0000] {dagbag.py:588} INFO - Filling up the DagBag from /home/airflow/.local/lib/python3.12/site-packages/airflow/example_dags/example_python_decorator.py
[2025-03-31T07:19:41.138+0000] {processor.py:925} INFO - DAG(s) 'example_python_decorator' retrieved from /home/airflow/.local/lib/python3.12/site-packages/airflow/example_dags/example_python_decorator.py
[2025-03-31T07:19:41.172+0000] {logging_mixin.py:190} INFO - [2025-03-31T07:19:41.172+0000] {dag.py:3239} INFO - Sync 1 DAGs
[2025-03-31T07:19:41.195+0000] {logging_mixin.py:190} INFO - [2025-03-31T07:19:41.193+0000] {dag.py:4180} INFO - Setting next_dagrun for example_python_decorator to None, run_after=None
[2025-03-31T07:19:41.221+0000] {processor.py:208} INFO - Processing /home/airflow/.local/lib/python3.12/site-packages/airflow/example_dags/example_python_decorator.py took 0.118 seconds
[2025-03-31T07:20:11.734+0000] {processor.py:186} INFO - Started process (PID=17558) to work on /home/airflow/.local/lib/python3.12/site-packages/airflow/example_dags/example_python_decorator.py
[2025-03-31T07:20:11.735+0000] {processor.py:914} INFO - Processing file /home/airflow/.local/lib/python3.12/site-packages/airflow/example_dags/example_python_decorator.py for tasks to queue
[2025-03-31T07:20:11.738+0000] {logging_mixin.py:190} INFO - [2025-03-31T07:20:11.738+0000] {dagbag.py:588} INFO - Filling up the DagBag from /home/airflow/.local/lib/python3.12/site-packages/airflow/example_dags/example_python_decorator.py
[2025-03-31T07:20:11.763+0000] {processor.py:925} INFO - DAG(s) 'example_python_decorator' retrieved from /home/airflow/.local/lib/python3.12/site-packages/airflow/example_dags/example_python_decorator.py
[2025-03-31T07:20:11.796+0000] {logging_mixin.py:190} INFO - [2025-03-31T07:20:11.795+0000] {dag.py:3239} INFO - Sync 1 DAGs
[2025-03-31T07:20:11.819+0000] {logging_mixin.py:190} INFO - [2025-03-31T07:20:11.819+0000] {dag.py:4180} INFO - Setting next_dagrun for example_python_decorator to None, run_after=None
[2025-03-31T07:20:11.848+0000] {processor.py:208} INFO - Processing /home/airflow/.local/lib/python3.12/site-packages/airflow/example_dags/example_python_decorator.py took 0.123 seconds
[2025-03-31T07:20:42.268+0000] {processor.py:186} INFO - Started process (PID=17848) to work on /home/airflow/.local/lib/python3.12/site-packages/airflow/example_dags/example_python_decorator.py
[2025-03-31T07:20:42.269+0000] {processor.py:914} INFO - Processing file /home/airflow/.local/lib/python3.12/site-packages/airflow/example_dags/example_python_decorator.py for tasks to queue
[2025-03-31T07:20:42.272+0000] {logging_mixin.py:190} INFO - [2025-03-31T07:20:42.271+0000] {dagbag.py:588} INFO - Filling up the DagBag from /home/airflow/.local/lib/python3.12/site-packages/airflow/example_dags/example_python_decorator.py
[2025-03-31T07:20:42.295+0000] {processor.py:925} INFO - DAG(s) 'example_python_decorator' retrieved from /home/airflow/.local/lib/python3.12/site-packages/airflow/example_dags/example_python_decorator.py
[2025-03-31T07:20:42.325+0000] {logging_mixin.py:190} INFO - [2025-03-31T07:20:42.325+0000] {dag.py:3239} INFO - Sync 1 DAGs
[2025-03-31T07:20:42.350+0000] {logging_mixin.py:190} INFO - [2025-03-31T07:20:42.349+0000] {dag.py:4180} INFO - Setting next_dagrun for example_python_decorator to None, run_after=None
[2025-03-31T07:20:42.382+0000] {processor.py:208} INFO - Processing /home/airflow/.local/lib/python3.12/site-packages/airflow/example_dags/example_python_decorator.py took 0.129 seconds
[2025-03-31T07:21:12.436+0000] {processor.py:186} INFO - Started process (PID=18139) to work on /home/airflow/.local/lib/python3.12/site-packages/airflow/example_dags/example_python_decorator.py
[2025-03-31T07:21:12.438+0000] {processor.py:914} INFO - Processing file /home/airflow/.local/lib/python3.12/site-packages/airflow/example_dags/example_python_decorator.py for tasks to queue
[2025-03-31T07:21:12.441+0000] {logging_mixin.py:190} INFO - [2025-03-31T07:21:12.441+0000] {dagbag.py:588} INFO - Filling up the DagBag from /home/airflow/.local/lib/python3.12/site-packages/airflow/example_dags/example_python_decorator.py
[2025-03-31T07:21:12.472+0000] {processor.py:925} INFO - DAG(s) 'example_python_decorator' retrieved from /home/airflow/.local/lib/python3.12/site-packages/airflow/example_dags/example_python_decorator.py
[2025-03-31T07:21:12.506+0000] {logging_mixin.py:190} INFO - [2025-03-31T07:21:12.505+0000] {dag.py:3239} INFO - Sync 1 DAGs
[2025-03-31T07:21:12.530+0000] {logging_mixin.py:190} INFO - [2025-03-31T07:21:12.530+0000] {dag.py:4180} INFO - Setting next_dagrun for example_python_decorator to None, run_after=None
[2025-03-31T07:21:12.560+0000] {processor.py:208} INFO - Processing /home/airflow/.local/lib/python3.12/site-packages/airflow/example_dags/example_python_decorator.py took 0.135 seconds
[2025-03-31T07:21:42.697+0000] {processor.py:186} INFO - Started process (PID=18430) to work on /home/airflow/.local/lib/python3.12/site-packages/airflow/example_dags/example_python_decorator.py
[2025-03-31T07:21:42.698+0000] {processor.py:914} INFO - Processing file /home/airflow/.local/lib/python3.12/site-packages/airflow/example_dags/example_python_decorator.py for tasks to queue
[2025-03-31T07:21:42.701+0000] {logging_mixin.py:190} INFO - [2025-03-31T07:21:42.700+0000] {dagbag.py:588} INFO - Filling up the DagBag from /home/airflow/.local/lib/python3.12/site-packages/airflow/example_dags/example_python_decorator.py
[2025-03-31T07:21:42.724+0000] {processor.py:925} INFO - DAG(s) 'example_python_decorator' retrieved from /home/airflow/.local/lib/python3.12/site-packages/airflow/example_dags/example_python_decorator.py
[2025-03-31T07:21:42.755+0000] {logging_mixin.py:190} INFO - [2025-03-31T07:21:42.754+0000] {dag.py:3239} INFO - Sync 1 DAGs
[2025-03-31T07:21:42.776+0000] {logging_mixin.py:190} INFO - [2025-03-31T07:21:42.776+0000] {dag.py:4180} INFO - Setting next_dagrun for example_python_decorator to None, run_after=None
[2025-03-31T07:21:42.805+0000] {processor.py:208} INFO - Processing /home/airflow/.local/lib/python3.12/site-packages/airflow/example_dags/example_python_decorator.py took 0.118 seconds
[2025-03-31T07:22:13.652+0000] {processor.py:186} INFO - Started process (PID=18721) to work on /home/airflow/.local/lib/python3.12/site-packages/airflow/example_dags/example_python_decorator.py
[2025-03-31T07:22:13.653+0000] {processor.py:914} INFO - Processing file /home/airflow/.local/lib/python3.12/site-packages/airflow/example_dags/example_python_decorator.py for tasks to queue
[2025-03-31T07:22:13.656+0000] {logging_mixin.py:190} INFO - [2025-03-31T07:22:13.655+0000] {dagbag.py:588} INFO - Filling up the DagBag from /home/airflow/.local/lib/python3.12/site-packages/airflow/example_dags/example_python_decorator.py
[2025-03-31T07:22:13.676+0000] {processor.py:925} INFO - DAG(s) 'example_python_decorator' retrieved from /home/airflow/.local/lib/python3.12/site-packages/airflow/example_dags/example_python_decorator.py
[2025-03-31T07:22:13.709+0000] {logging_mixin.py:190} INFO - [2025-03-31T07:22:13.709+0000] {dag.py:3239} INFO - Sync 1 DAGs
[2025-03-31T07:22:13.733+0000] {logging_mixin.py:190} INFO - [2025-03-31T07:22:13.733+0000] {dag.py:4180} INFO - Setting next_dagrun for example_python_decorator to None, run_after=None
[2025-03-31T07:22:13.764+0000] {processor.py:208} INFO - Processing /home/airflow/.local/lib/python3.12/site-packages/airflow/example_dags/example_python_decorator.py took 0.122 seconds
[2025-03-31T07:22:43.975+0000] {processor.py:186} INFO - Started process (PID=19012) to work on /home/airflow/.local/lib/python3.12/site-packages/airflow/example_dags/example_python_decorator.py
[2025-03-31T07:22:43.976+0000] {processor.py:914} INFO - Processing file /home/airflow/.local/lib/python3.12/site-packages/airflow/example_dags/example_python_decorator.py for tasks to queue
[2025-03-31T07:22:43.982+0000] {logging_mixin.py:190} INFO - [2025-03-31T07:22:43.982+0000] {dagbag.py:588} INFO - Filling up the DagBag from /home/airflow/.local/lib/python3.12/site-packages/airflow/example_dags/example_python_decorator.py
[2025-03-31T07:22:44.005+0000] {processor.py:925} INFO - DAG(s) 'example_python_decorator' retrieved from /home/airflow/.local/lib/python3.12/site-packages/airflow/example_dags/example_python_decorator.py
[2025-03-31T07:22:44.040+0000] {logging_mixin.py:190} INFO - [2025-03-31T07:22:44.040+0000] {dag.py:3239} INFO - Sync 1 DAGs
[2025-03-31T07:22:44.063+0000] {logging_mixin.py:190} INFO - [2025-03-31T07:22:44.063+0000] {dag.py:4180} INFO - Setting next_dagrun for example_python_decorator to None, run_after=None
[2025-03-31T07:22:44.094+0000] {processor.py:208} INFO - Processing /home/airflow/.local/lib/python3.12/site-packages/airflow/example_dags/example_python_decorator.py took 0.129 seconds
[2025-03-31T07:23:14.300+0000] {processor.py:186} INFO - Started process (PID=19302) to work on /home/airflow/.local/lib/python3.12/site-packages/airflow/example_dags/example_python_decorator.py
[2025-03-31T07:23:14.302+0000] {processor.py:914} INFO - Processing file /home/airflow/.local/lib/python3.12/site-packages/airflow/example_dags/example_python_decorator.py for tasks to queue
[2025-03-31T07:23:14.305+0000] {logging_mixin.py:190} INFO - [2025-03-31T07:23:14.304+0000] {dagbag.py:588} INFO - Filling up the DagBag from /home/airflow/.local/lib/python3.12/site-packages/airflow/example_dags/example_python_decorator.py
[2025-03-31T07:23:14.322+0000] {processor.py:925} INFO - DAG(s) 'example_python_decorator' retrieved from /home/airflow/.local/lib/python3.12/site-packages/airflow/example_dags/example_python_decorator.py
[2025-03-31T07:23:14.347+0000] {logging_mixin.py:190} INFO - [2025-03-31T07:23:14.347+0000] {dag.py:3239} INFO - Sync 1 DAGs
[2025-03-31T07:23:14.367+0000] {logging_mixin.py:190} INFO - [2025-03-31T07:23:14.366+0000] {dag.py:4180} INFO - Setting next_dagrun for example_python_decorator to None, run_after=None
[2025-03-31T07:23:14.389+0000] {processor.py:208} INFO - Processing /home/airflow/.local/lib/python3.12/site-packages/airflow/example_dags/example_python_decorator.py took 0.096 seconds
[2025-03-31T07:23:44.865+0000] {processor.py:186} INFO - Started process (PID=19599) to work on /home/airflow/.local/lib/python3.12/site-packages/airflow/example_dags/example_python_decorator.py
[2025-03-31T07:23:44.866+0000] {processor.py:914} INFO - Processing file /home/airflow/.local/lib/python3.12/site-packages/airflow/example_dags/example_python_decorator.py for tasks to queue
[2025-03-31T07:23:44.869+0000] {logging_mixin.py:190} INFO - [2025-03-31T07:23:44.869+0000] {dagbag.py:588} INFO - Filling up the DagBag from /home/airflow/.local/lib/python3.12/site-packages/airflow/example_dags/example_python_decorator.py
[2025-03-31T07:23:44.886+0000] {processor.py:925} INFO - DAG(s) 'example_python_decorator' retrieved from /home/airflow/.local/lib/python3.12/site-packages/airflow/example_dags/example_python_decorator.py
[2025-03-31T07:23:44.912+0000] {logging_mixin.py:190} INFO - [2025-03-31T07:23:44.911+0000] {dag.py:3239} INFO - Sync 1 DAGs
[2025-03-31T07:23:44.940+0000] {logging_mixin.py:190} INFO - [2025-03-31T07:23:44.940+0000] {dag.py:4180} INFO - Setting next_dagrun for example_python_decorator to None, run_after=None
[2025-03-31T07:23:44.965+0000] {processor.py:208} INFO - Processing /home/airflow/.local/lib/python3.12/site-packages/airflow/example_dags/example_python_decorator.py took 0.108 seconds
[2025-03-31T07:24:15.235+0000] {processor.py:186} INFO - Started process (PID=19890) to work on /home/airflow/.local/lib/python3.12/site-packages/airflow/example_dags/example_python_decorator.py
[2025-03-31T07:24:15.236+0000] {processor.py:914} INFO - Processing file /home/airflow/.local/lib/python3.12/site-packages/airflow/example_dags/example_python_decorator.py for tasks to queue
[2025-03-31T07:24:15.239+0000] {logging_mixin.py:190} INFO - [2025-03-31T07:24:15.239+0000] {dagbag.py:588} INFO - Filling up the DagBag from /home/airflow/.local/lib/python3.12/site-packages/airflow/example_dags/example_python_decorator.py
[2025-03-31T07:24:15.258+0000] {processor.py:925} INFO - DAG(s) 'example_python_decorator' retrieved from /home/airflow/.local/lib/python3.12/site-packages/airflow/example_dags/example_python_decorator.py
[2025-03-31T07:24:15.284+0000] {logging_mixin.py:190} INFO - [2025-03-31T07:24:15.284+0000] {dag.py:3239} INFO - Sync 1 DAGs
[2025-03-31T07:24:15.299+0000] {logging_mixin.py:190} INFO - [2025-03-31T07:24:15.298+0000] {dag.py:4180} INFO - Setting next_dagrun for example_python_decorator to None, run_after=None
[2025-03-31T07:24:15.319+0000] {processor.py:208} INFO - Processing /home/airflow/.local/lib/python3.12/site-packages/airflow/example_dags/example_python_decorator.py took 0.091 seconds
[2025-03-31T07:24:45.695+0000] {processor.py:186} INFO - Started process (PID=20181) to work on /home/airflow/.local/lib/python3.12/site-packages/airflow/example_dags/example_python_decorator.py
[2025-03-31T07:24:45.696+0000] {processor.py:914} INFO - Processing file /home/airflow/.local/lib/python3.12/site-packages/airflow/example_dags/example_python_decorator.py for tasks to queue
[2025-03-31T07:24:45.700+0000] {logging_mixin.py:190} INFO - [2025-03-31T07:24:45.699+0000] {dagbag.py:588} INFO - Filling up the DagBag from /home/airflow/.local/lib/python3.12/site-packages/airflow/example_dags/example_python_decorator.py
[2025-03-31T07:24:45.719+0000] {processor.py:925} INFO - DAG(s) 'example_python_decorator' retrieved from /home/airflow/.local/lib/python3.12/site-packages/airflow/example_dags/example_python_decorator.py
[2025-03-31T07:24:45.745+0000] {logging_mixin.py:190} INFO - [2025-03-31T07:24:45.745+0000] {dag.py:3239} INFO - Sync 1 DAGs
[2025-03-31T07:24:45.761+0000] {logging_mixin.py:190} INFO - [2025-03-31T07:24:45.761+0000] {dag.py:4180} INFO - Setting next_dagrun for example_python_decorator to None, run_after=None
[2025-03-31T07:24:45.779+0000] {processor.py:208} INFO - Processing /home/airflow/.local/lib/python3.12/site-packages/airflow/example_dags/example_python_decorator.py took 0.092 seconds
[2025-03-31T07:25:16.585+0000] {processor.py:186} INFO - Started process (PID=20472) to work on /home/airflow/.local/lib/python3.12/site-packages/airflow/example_dags/example_python_decorator.py
[2025-03-31T07:25:16.587+0000] {processor.py:914} INFO - Processing file /home/airflow/.local/lib/python3.12/site-packages/airflow/example_dags/example_python_decorator.py for tasks to queue
[2025-03-31T07:25:16.590+0000] {logging_mixin.py:190} INFO - [2025-03-31T07:25:16.589+0000] {dagbag.py:588} INFO - Filling up the DagBag from /home/airflow/.local/lib/python3.12/site-packages/airflow/example_dags/example_python_decorator.py
[2025-03-31T07:25:16.612+0000] {processor.py:925} INFO - DAG(s) 'example_python_decorator' retrieved from /home/airflow/.local/lib/python3.12/site-packages/airflow/example_dags/example_python_decorator.py
[2025-03-31T07:25:16.636+0000] {logging_mixin.py:190} INFO - [2025-03-31T07:25:16.636+0000] {dag.py:3239} INFO - Sync 1 DAGs
[2025-03-31T07:25:16.652+0000] {logging_mixin.py:190} INFO - [2025-03-31T07:25:16.652+0000] {dag.py:4180} INFO - Setting next_dagrun for example_python_decorator to None, run_after=None
[2025-03-31T07:25:16.674+0000] {processor.py:208} INFO - Processing /home/airflow/.local/lib/python3.12/site-packages/airflow/example_dags/example_python_decorator.py took 0.096 seconds
