[2025-03-31T06:47:36.843+0000] {processor.py:186} INFO - Started process (PID=326) to work on /home/airflow/.local/lib/python3.12/site-packages/airflow/example_dags/example_task_group.py
[2025-03-31T06:47:36.844+0000] {processor.py:914} INFO - Processing file /home/airflow/.local/lib/python3.12/site-packages/airflow/example_dags/example_task_group.py for tasks to queue
[2025-03-31T06:47:36.847+0000] {logging_mixin.py:190} INFO - [2025-03-31T06:47:36.847+0000] {dagbag.py:588} INFO - Filling up the DagBag from /home/airflow/.local/lib/python3.12/site-packages/airflow/example_dags/example_task_group.py
[2025-03-31T06:47:36.861+0000] {processor.py:925} INFO - DAG(s) 'example_task_group' retrieved from /home/airflow/.local/lib/python3.12/site-packages/airflow/example_dags/example_task_group.py
[2025-03-31T06:47:37.092+0000] {logging_mixin.py:190} INFO - [2025-03-31T06:47:37.090+0000] {override.py:1912} INFO - Created Permission View: can read on DAG:example_task_group
[2025-03-31T06:47:37.108+0000] {logging_mixin.py:190} INFO - [2025-03-31T06:47:37.108+0000] {override.py:1912} INFO - Created Permission View: can delete on DAG:example_task_group
[2025-03-31T06:47:37.122+0000] {logging_mixin.py:190} INFO - [2025-03-31T06:47:37.122+0000] {override.py:1912} INFO - Created Permission View: can edit on DAG:example_task_group
[2025-03-31T06:47:37.132+0000] {logging_mixin.py:190} INFO - [2025-03-31T06:47:37.131+0000] {override.py:1912} INFO - Created Permission View: can read on DAG Run:example_task_group
[2025-03-31T06:47:37.143+0000] {logging_mixin.py:190} INFO - [2025-03-31T06:47:37.142+0000] {override.py:1912} INFO - Created Permission View: can delete on DAG Run:example_task_group
[2025-03-31T06:47:37.151+0000] {logging_mixin.py:190} INFO - [2025-03-31T06:47:37.151+0000] {override.py:1912} INFO - Created Permission View: menu access on DAG Run:example_task_group
[2025-03-31T06:47:37.160+0000] {logging_mixin.py:190} INFO - [2025-03-31T06:47:37.160+0000] {override.py:1912} INFO - Created Permission View: can create on DAG Run:example_task_group
[2025-03-31T06:47:37.161+0000] {logging_mixin.py:190} INFO - [2025-03-31T06:47:37.160+0000] {dag.py:3239} INFO - Sync 1 DAGs
[2025-03-31T06:47:37.179+0000] {logging_mixin.py:190} INFO - [2025-03-31T06:47:37.179+0000] {dag.py:3262} INFO - Creating ORM DAG for example_task_group
[2025-03-31T06:47:37.180+0000] {logging_mixin.py:190} INFO - [2025-03-31T06:47:37.180+0000] {dag.py:4180} INFO - Setting next_dagrun for example_task_group to None, run_after=None
[2025-03-31T06:47:37.207+0000] {processor.py:208} INFO - Processing /home/airflow/.local/lib/python3.12/site-packages/airflow/example_dags/example_task_group.py took 0.372 seconds
[2025-03-31T06:48:07.511+0000] {processor.py:186} INFO - Started process (PID=615) to work on /home/airflow/.local/lib/python3.12/site-packages/airflow/example_dags/example_task_group.py
[2025-03-31T06:48:07.512+0000] {processor.py:914} INFO - Processing file /home/airflow/.local/lib/python3.12/site-packages/airflow/example_dags/example_task_group.py for tasks to queue
[2025-03-31T06:48:07.514+0000] {logging_mixin.py:190} INFO - [2025-03-31T06:48:07.514+0000] {dagbag.py:588} INFO - Filling up the DagBag from /home/airflow/.local/lib/python3.12/site-packages/airflow/example_dags/example_task_group.py
[2025-03-31T06:48:07.524+0000] {processor.py:925} INFO - DAG(s) 'example_task_group' retrieved from /home/airflow/.local/lib/python3.12/site-packages/airflow/example_dags/example_task_group.py
[2025-03-31T06:48:07.548+0000] {logging_mixin.py:190} INFO - [2025-03-31T06:48:07.548+0000] {dag.py:3239} INFO - Sync 1 DAGs
[2025-03-31T06:48:07.564+0000] {logging_mixin.py:190} INFO - [2025-03-31T06:48:07.564+0000] {dag.py:4180} INFO - Setting next_dagrun for example_task_group to None, run_after=None
[2025-03-31T06:48:07.584+0000] {processor.py:208} INFO - Processing /home/airflow/.local/lib/python3.12/site-packages/airflow/example_dags/example_task_group.py took 0.080 seconds
[2025-03-31T06:48:38.494+0000] {processor.py:186} INFO - Started process (PID=906) to work on /home/airflow/.local/lib/python3.12/site-packages/airflow/example_dags/example_task_group.py
[2025-03-31T06:48:38.495+0000] {processor.py:914} INFO - Processing file /home/airflow/.local/lib/python3.12/site-packages/airflow/example_dags/example_task_group.py for tasks to queue
[2025-03-31T06:48:38.497+0000] {logging_mixin.py:190} INFO - [2025-03-31T06:48:38.497+0000] {dagbag.py:588} INFO - Filling up the DagBag from /home/airflow/.local/lib/python3.12/site-packages/airflow/example_dags/example_task_group.py
[2025-03-31T06:48:38.506+0000] {processor.py:925} INFO - DAG(s) 'example_task_group' retrieved from /home/airflow/.local/lib/python3.12/site-packages/airflow/example_dags/example_task_group.py
[2025-03-31T06:48:38.528+0000] {logging_mixin.py:190} INFO - [2025-03-31T06:48:38.527+0000] {dag.py:3239} INFO - Sync 1 DAGs
[2025-03-31T06:48:38.543+0000] {logging_mixin.py:190} INFO - [2025-03-31T06:48:38.543+0000] {dag.py:4180} INFO - Setting next_dagrun for example_task_group to None, run_after=None
[2025-03-31T06:48:38.560+0000] {processor.py:208} INFO - Processing /home/airflow/.local/lib/python3.12/site-packages/airflow/example_dags/example_task_group.py took 0.072 seconds
[2025-03-31T06:49:40.870+0000] {processor.py:186} INFO - Started process (PID=325) to work on /home/airflow/.local/lib/python3.12/site-packages/airflow/example_dags/example_task_group.py
[2025-03-31T06:49:40.871+0000] {processor.py:914} INFO - Processing file /home/airflow/.local/lib/python3.12/site-packages/airflow/example_dags/example_task_group.py for tasks to queue
[2025-03-31T06:49:40.874+0000] {logging_mixin.py:190} INFO - [2025-03-31T06:49:40.873+0000] {dagbag.py:588} INFO - Filling up the DagBag from /home/airflow/.local/lib/python3.12/site-packages/airflow/example_dags/example_task_group.py
[2025-03-31T06:49:40.887+0000] {processor.py:925} INFO - DAG(s) 'example_task_group' retrieved from /home/airflow/.local/lib/python3.12/site-packages/airflow/example_dags/example_task_group.py
[2025-03-31T06:49:40.920+0000] {logging_mixin.py:190} INFO - [2025-03-31T06:49:40.920+0000] {dag.py:3239} INFO - Sync 1 DAGs
[2025-03-31T06:49:40.941+0000] {logging_mixin.py:190} INFO - [2025-03-31T06:49:40.940+0000] {dag.py:4180} INFO - Setting next_dagrun for example_task_group to None, run_after=None
[2025-03-31T06:49:40.964+0000] {processor.py:208} INFO - Processing /home/airflow/.local/lib/python3.12/site-packages/airflow/example_dags/example_task_group.py took 0.101 seconds
[2025-03-31T06:50:11.007+0000] {processor.py:186} INFO - Started process (PID=613) to work on /home/airflow/.local/lib/python3.12/site-packages/airflow/example_dags/example_task_group.py
[2025-03-31T06:50:11.008+0000] {processor.py:914} INFO - Processing file /home/airflow/.local/lib/python3.12/site-packages/airflow/example_dags/example_task_group.py for tasks to queue
[2025-03-31T06:50:11.012+0000] {logging_mixin.py:190} INFO - [2025-03-31T06:50:11.011+0000] {dagbag.py:588} INFO - Filling up the DagBag from /home/airflow/.local/lib/python3.12/site-packages/airflow/example_dags/example_task_group.py
[2025-03-31T06:50:11.022+0000] {processor.py:925} INFO - DAG(s) 'example_task_group' retrieved from /home/airflow/.local/lib/python3.12/site-packages/airflow/example_dags/example_task_group.py
[2025-03-31T06:50:11.044+0000] {logging_mixin.py:190} INFO - [2025-03-31T06:50:11.043+0000] {dag.py:3239} INFO - Sync 1 DAGs
[2025-03-31T06:50:11.058+0000] {logging_mixin.py:190} INFO - [2025-03-31T06:50:11.058+0000] {dag.py:4180} INFO - Setting next_dagrun for example_task_group to None, run_after=None
[2025-03-31T06:50:11.078+0000] {processor.py:208} INFO - Processing /home/airflow/.local/lib/python3.12/site-packages/airflow/example_dags/example_task_group.py took 0.076 seconds
[2025-03-31T06:50:41.975+0000] {processor.py:186} INFO - Started process (PID=902) to work on /home/airflow/.local/lib/python3.12/site-packages/airflow/example_dags/example_task_group.py
[2025-03-31T06:50:41.976+0000] {processor.py:914} INFO - Processing file /home/airflow/.local/lib/python3.12/site-packages/airflow/example_dags/example_task_group.py for tasks to queue
[2025-03-31T06:50:41.979+0000] {logging_mixin.py:190} INFO - [2025-03-31T06:50:41.978+0000] {dagbag.py:588} INFO - Filling up the DagBag from /home/airflow/.local/lib/python3.12/site-packages/airflow/example_dags/example_task_group.py
[2025-03-31T06:50:41.988+0000] {processor.py:925} INFO - DAG(s) 'example_task_group' retrieved from /home/airflow/.local/lib/python3.12/site-packages/airflow/example_dags/example_task_group.py
[2025-03-31T06:50:42.009+0000] {logging_mixin.py:190} INFO - [2025-03-31T06:50:42.009+0000] {dag.py:3239} INFO - Sync 1 DAGs
[2025-03-31T06:50:42.024+0000] {logging_mixin.py:190} INFO - [2025-03-31T06:50:42.024+0000] {dag.py:4180} INFO - Setting next_dagrun for example_task_group to None, run_after=None
[2025-03-31T06:50:42.041+0000] {processor.py:208} INFO - Processing /home/airflow/.local/lib/python3.12/site-packages/airflow/example_dags/example_task_group.py took 0.072 seconds
[2025-03-31T06:51:12.485+0000] {processor.py:186} INFO - Started process (PID=1193) to work on /home/airflow/.local/lib/python3.12/site-packages/airflow/example_dags/example_task_group.py
[2025-03-31T06:51:12.487+0000] {processor.py:914} INFO - Processing file /home/airflow/.local/lib/python3.12/site-packages/airflow/example_dags/example_task_group.py for tasks to queue
[2025-03-31T06:51:12.490+0000] {logging_mixin.py:190} INFO - [2025-03-31T06:51:12.490+0000] {dagbag.py:588} INFO - Filling up the DagBag from /home/airflow/.local/lib/python3.12/site-packages/airflow/example_dags/example_task_group.py
[2025-03-31T06:51:12.499+0000] {processor.py:925} INFO - DAG(s) 'example_task_group' retrieved from /home/airflow/.local/lib/python3.12/site-packages/airflow/example_dags/example_task_group.py
[2025-03-31T06:51:12.521+0000] {logging_mixin.py:190} INFO - [2025-03-31T06:51:12.521+0000] {dag.py:3239} INFO - Sync 1 DAGs
[2025-03-31T06:51:12.536+0000] {logging_mixin.py:190} INFO - [2025-03-31T06:51:12.536+0000] {dag.py:4180} INFO - Setting next_dagrun for example_task_group to None, run_after=None
[2025-03-31T06:51:12.551+0000] {processor.py:208} INFO - Processing /home/airflow/.local/lib/python3.12/site-packages/airflow/example_dags/example_task_group.py took 0.073 seconds
[2025-03-31T06:51:43.484+0000] {processor.py:186} INFO - Started process (PID=1484) to work on /home/airflow/.local/lib/python3.12/site-packages/airflow/example_dags/example_task_group.py
[2025-03-31T06:51:43.486+0000] {processor.py:914} INFO - Processing file /home/airflow/.local/lib/python3.12/site-packages/airflow/example_dags/example_task_group.py for tasks to queue
[2025-03-31T06:51:43.489+0000] {logging_mixin.py:190} INFO - [2025-03-31T06:51:43.488+0000] {dagbag.py:588} INFO - Filling up the DagBag from /home/airflow/.local/lib/python3.12/site-packages/airflow/example_dags/example_task_group.py
[2025-03-31T06:51:43.499+0000] {processor.py:925} INFO - DAG(s) 'example_task_group' retrieved from /home/airflow/.local/lib/python3.12/site-packages/airflow/example_dags/example_task_group.py
[2025-03-31T06:51:43.520+0000] {logging_mixin.py:190} INFO - [2025-03-31T06:51:43.520+0000] {dag.py:3239} INFO - Sync 1 DAGs
[2025-03-31T06:51:43.542+0000] {logging_mixin.py:190} INFO - [2025-03-31T06:51:43.541+0000] {dag.py:4180} INFO - Setting next_dagrun for example_task_group to None, run_after=None
[2025-03-31T06:51:43.567+0000] {processor.py:208} INFO - Processing /home/airflow/.local/lib/python3.12/site-packages/airflow/example_dags/example_task_group.py took 0.089 seconds
[2025-03-31T06:52:14.687+0000] {processor.py:186} INFO - Started process (PID=1775) to work on /home/airflow/.local/lib/python3.12/site-packages/airflow/example_dags/example_task_group.py
[2025-03-31T06:52:14.688+0000] {processor.py:914} INFO - Processing file /home/airflow/.local/lib/python3.12/site-packages/airflow/example_dags/example_task_group.py for tasks to queue
[2025-03-31T06:52:14.691+0000] {logging_mixin.py:190} INFO - [2025-03-31T06:52:14.691+0000] {dagbag.py:588} INFO - Filling up the DagBag from /home/airflow/.local/lib/python3.12/site-packages/airflow/example_dags/example_task_group.py
[2025-03-31T06:52:14.701+0000] {processor.py:925} INFO - DAG(s) 'example_task_group' retrieved from /home/airflow/.local/lib/python3.12/site-packages/airflow/example_dags/example_task_group.py
[2025-03-31T06:52:14.725+0000] {logging_mixin.py:190} INFO - [2025-03-31T06:52:14.725+0000] {dag.py:3239} INFO - Sync 1 DAGs
[2025-03-31T06:52:14.741+0000] {logging_mixin.py:190} INFO - [2025-03-31T06:52:14.741+0000] {dag.py:4180} INFO - Setting next_dagrun for example_task_group to None, run_after=None
[2025-03-31T06:52:14.760+0000] {processor.py:208} INFO - Processing /home/airflow/.local/lib/python3.12/site-packages/airflow/example_dags/example_task_group.py took 0.079 seconds
[2025-03-31T06:52:45.038+0000] {processor.py:186} INFO - Started process (PID=2066) to work on /home/airflow/.local/lib/python3.12/site-packages/airflow/example_dags/example_task_group.py
[2025-03-31T06:52:45.039+0000] {processor.py:914} INFO - Processing file /home/airflow/.local/lib/python3.12/site-packages/airflow/example_dags/example_task_group.py for tasks to queue
[2025-03-31T06:52:45.041+0000] {logging_mixin.py:190} INFO - [2025-03-31T06:52:45.041+0000] {dagbag.py:588} INFO - Filling up the DagBag from /home/airflow/.local/lib/python3.12/site-packages/airflow/example_dags/example_task_group.py
[2025-03-31T06:52:45.050+0000] {processor.py:925} INFO - DAG(s) 'example_task_group' retrieved from /home/airflow/.local/lib/python3.12/site-packages/airflow/example_dags/example_task_group.py
[2025-03-31T06:52:45.072+0000] {logging_mixin.py:190} INFO - [2025-03-31T06:52:45.072+0000] {dag.py:3239} INFO - Sync 1 DAGs
[2025-03-31T06:52:45.085+0000] {logging_mixin.py:190} INFO - [2025-03-31T06:52:45.085+0000] {dag.py:4180} INFO - Setting next_dagrun for example_task_group to None, run_after=None
[2025-03-31T06:52:45.100+0000] {processor.py:208} INFO - Processing /home/airflow/.local/lib/python3.12/site-packages/airflow/example_dags/example_task_group.py took 0.068 seconds
[2025-03-31T06:53:15.572+0000] {processor.py:186} INFO - Started process (PID=2357) to work on /home/airflow/.local/lib/python3.12/site-packages/airflow/example_dags/example_task_group.py
[2025-03-31T06:53:15.573+0000] {processor.py:914} INFO - Processing file /home/airflow/.local/lib/python3.12/site-packages/airflow/example_dags/example_task_group.py for tasks to queue
[2025-03-31T06:53:15.575+0000] {logging_mixin.py:190} INFO - [2025-03-31T06:53:15.575+0000] {dagbag.py:588} INFO - Filling up the DagBag from /home/airflow/.local/lib/python3.12/site-packages/airflow/example_dags/example_task_group.py
[2025-03-31T06:53:15.583+0000] {processor.py:925} INFO - DAG(s) 'example_task_group' retrieved from /home/airflow/.local/lib/python3.12/site-packages/airflow/example_dags/example_task_group.py
[2025-03-31T06:53:15.608+0000] {logging_mixin.py:190} INFO - [2025-03-31T06:53:15.608+0000] {dag.py:3239} INFO - Sync 1 DAGs
[2025-03-31T06:53:15.622+0000] {logging_mixin.py:190} INFO - [2025-03-31T06:53:15.621+0000] {dag.py:4180} INFO - Setting next_dagrun for example_task_group to None, run_after=None
[2025-03-31T06:53:15.637+0000] {processor.py:208} INFO - Processing /home/airflow/.local/lib/python3.12/site-packages/airflow/example_dags/example_task_group.py took 0.071 seconds
[2025-03-31T06:53:45.833+0000] {processor.py:186} INFO - Started process (PID=2648) to work on /home/airflow/.local/lib/python3.12/site-packages/airflow/example_dags/example_task_group.py
[2025-03-31T06:53:45.834+0000] {processor.py:914} INFO - Processing file /home/airflow/.local/lib/python3.12/site-packages/airflow/example_dags/example_task_group.py for tasks to queue
[2025-03-31T06:53:45.836+0000] {logging_mixin.py:190} INFO - [2025-03-31T06:53:45.836+0000] {dagbag.py:588} INFO - Filling up the DagBag from /home/airflow/.local/lib/python3.12/site-packages/airflow/example_dags/example_task_group.py
[2025-03-31T06:53:45.844+0000] {processor.py:925} INFO - DAG(s) 'example_task_group' retrieved from /home/airflow/.local/lib/python3.12/site-packages/airflow/example_dags/example_task_group.py
[2025-03-31T06:53:45.866+0000] {logging_mixin.py:190} INFO - [2025-03-31T06:53:45.865+0000] {dag.py:3239} INFO - Sync 1 DAGs
[2025-03-31T06:53:45.880+0000] {logging_mixin.py:190} INFO - [2025-03-31T06:53:45.880+0000] {dag.py:4180} INFO - Setting next_dagrun for example_task_group to None, run_after=None
[2025-03-31T06:53:45.897+0000] {processor.py:208} INFO - Processing /home/airflow/.local/lib/python3.12/site-packages/airflow/example_dags/example_task_group.py took 0.069 seconds
[2025-03-31T06:54:17.110+0000] {processor.py:186} INFO - Started process (PID=2939) to work on /home/airflow/.local/lib/python3.12/site-packages/airflow/example_dags/example_task_group.py
[2025-03-31T06:54:17.111+0000] {processor.py:914} INFO - Processing file /home/airflow/.local/lib/python3.12/site-packages/airflow/example_dags/example_task_group.py for tasks to queue
[2025-03-31T06:54:17.115+0000] {logging_mixin.py:190} INFO - [2025-03-31T06:54:17.114+0000] {dagbag.py:588} INFO - Filling up the DagBag from /home/airflow/.local/lib/python3.12/site-packages/airflow/example_dags/example_task_group.py
[2025-03-31T06:54:17.148+0000] {processor.py:925} INFO - DAG(s) 'example_task_group' retrieved from /home/airflow/.local/lib/python3.12/site-packages/airflow/example_dags/example_task_group.py
[2025-03-31T06:54:17.178+0000] {logging_mixin.py:190} INFO - [2025-03-31T06:54:17.178+0000] {dag.py:3239} INFO - Sync 1 DAGs
[2025-03-31T06:54:17.198+0000] {logging_mixin.py:190} INFO - [2025-03-31T06:54:17.198+0000] {dag.py:4180} INFO - Setting next_dagrun for example_task_group to None, run_after=None
[2025-03-31T06:54:17.225+0000] {processor.py:208} INFO - Processing /home/airflow/.local/lib/python3.12/site-packages/airflow/example_dags/example_task_group.py took 0.125 seconds
[2025-03-31T06:54:47.302+0000] {processor.py:186} INFO - Started process (PID=3230) to work on /home/airflow/.local/lib/python3.12/site-packages/airflow/example_dags/example_task_group.py
[2025-03-31T06:54:47.303+0000] {processor.py:914} INFO - Processing file /home/airflow/.local/lib/python3.12/site-packages/airflow/example_dags/example_task_group.py for tasks to queue
[2025-03-31T06:54:47.305+0000] {logging_mixin.py:190} INFO - [2025-03-31T06:54:47.305+0000] {dagbag.py:588} INFO - Filling up the DagBag from /home/airflow/.local/lib/python3.12/site-packages/airflow/example_dags/example_task_group.py
[2025-03-31T06:54:47.314+0000] {processor.py:925} INFO - DAG(s) 'example_task_group' retrieved from /home/airflow/.local/lib/python3.12/site-packages/airflow/example_dags/example_task_group.py
[2025-03-31T06:54:47.336+0000] {logging_mixin.py:190} INFO - [2025-03-31T06:54:47.335+0000] {dag.py:3239} INFO - Sync 1 DAGs
[2025-03-31T06:54:47.352+0000] {logging_mixin.py:190} INFO - [2025-03-31T06:54:47.352+0000] {dag.py:4180} INFO - Setting next_dagrun for example_task_group to None, run_after=None
[2025-03-31T06:54:47.370+0000] {processor.py:208} INFO - Processing /home/airflow/.local/lib/python3.12/site-packages/airflow/example_dags/example_task_group.py took 0.074 seconds
[2025-03-31T06:55:17.650+0000] {processor.py:186} INFO - Started process (PID=3525) to work on /home/airflow/.local/lib/python3.12/site-packages/airflow/example_dags/example_task_group.py
[2025-03-31T06:55:17.651+0000] {processor.py:914} INFO - Processing file /home/airflow/.local/lib/python3.12/site-packages/airflow/example_dags/example_task_group.py for tasks to queue
[2025-03-31T06:55:17.653+0000] {logging_mixin.py:190} INFO - [2025-03-31T06:55:17.653+0000] {dagbag.py:588} INFO - Filling up the DagBag from /home/airflow/.local/lib/python3.12/site-packages/airflow/example_dags/example_task_group.py
[2025-03-31T06:55:17.663+0000] {processor.py:925} INFO - DAG(s) 'example_task_group' retrieved from /home/airflow/.local/lib/python3.12/site-packages/airflow/example_dags/example_task_group.py
[2025-03-31T06:55:17.690+0000] {logging_mixin.py:190} INFO - [2025-03-31T06:55:17.689+0000] {dag.py:3239} INFO - Sync 1 DAGs
[2025-03-31T06:55:17.706+0000] {logging_mixin.py:190} INFO - [2025-03-31T06:55:17.706+0000] {dag.py:4180} INFO - Setting next_dagrun for example_task_group to None, run_after=None
[2025-03-31T06:55:17.725+0000] {processor.py:208} INFO - Processing /home/airflow/.local/lib/python3.12/site-packages/airflow/example_dags/example_task_group.py took 0.082 seconds
[2025-03-31T06:55:48.188+0000] {processor.py:186} INFO - Started process (PID=3822) to work on /home/airflow/.local/lib/python3.12/site-packages/airflow/example_dags/example_task_group.py
[2025-03-31T06:55:48.189+0000] {processor.py:914} INFO - Processing file /home/airflow/.local/lib/python3.12/site-packages/airflow/example_dags/example_task_group.py for tasks to queue
[2025-03-31T06:55:48.191+0000] {logging_mixin.py:190} INFO - [2025-03-31T06:55:48.191+0000] {dagbag.py:588} INFO - Filling up the DagBag from /home/airflow/.local/lib/python3.12/site-packages/airflow/example_dags/example_task_group.py
[2025-03-31T06:55:48.200+0000] {processor.py:925} INFO - DAG(s) 'example_task_group' retrieved from /home/airflow/.local/lib/python3.12/site-packages/airflow/example_dags/example_task_group.py
[2025-03-31T06:55:48.220+0000] {logging_mixin.py:190} INFO - [2025-03-31T06:55:48.220+0000] {dag.py:3239} INFO - Sync 1 DAGs
[2025-03-31T06:55:48.234+0000] {logging_mixin.py:190} INFO - [2025-03-31T06:55:48.233+0000] {dag.py:4180} INFO - Setting next_dagrun for example_task_group to None, run_after=None
[2025-03-31T06:55:48.251+0000] {processor.py:208} INFO - Processing /home/airflow/.local/lib/python3.12/site-packages/airflow/example_dags/example_task_group.py took 0.069 seconds
[2025-03-31T06:56:19.561+0000] {processor.py:186} INFO - Started process (PID=4111) to work on /home/airflow/.local/lib/python3.12/site-packages/airflow/example_dags/example_task_group.py
[2025-03-31T06:56:19.562+0000] {processor.py:914} INFO - Processing file /home/airflow/.local/lib/python3.12/site-packages/airflow/example_dags/example_task_group.py for tasks to queue
[2025-03-31T06:56:19.566+0000] {logging_mixin.py:190} INFO - [2025-03-31T06:56:19.565+0000] {dagbag.py:588} INFO - Filling up the DagBag from /home/airflow/.local/lib/python3.12/site-packages/airflow/example_dags/example_task_group.py
[2025-03-31T06:56:19.578+0000] {processor.py:925} INFO - DAG(s) 'example_task_group' retrieved from /home/airflow/.local/lib/python3.12/site-packages/airflow/example_dags/example_task_group.py
[2025-03-31T06:56:19.610+0000] {logging_mixin.py:190} INFO - [2025-03-31T06:56:19.610+0000] {dag.py:3239} INFO - Sync 1 DAGs
[2025-03-31T06:56:19.635+0000] {logging_mixin.py:190} INFO - [2025-03-31T06:56:19.635+0000] {dag.py:4180} INFO - Setting next_dagrun for example_task_group to None, run_after=None
[2025-03-31T06:56:19.666+0000] {processor.py:208} INFO - Processing /home/airflow/.local/lib/python3.12/site-packages/airflow/example_dags/example_task_group.py took 0.115 seconds
[2025-03-31T06:56:50.471+0000] {processor.py:186} INFO - Started process (PID=4402) to work on /home/airflow/.local/lib/python3.12/site-packages/airflow/example_dags/example_task_group.py
[2025-03-31T06:56:50.472+0000] {processor.py:914} INFO - Processing file /home/airflow/.local/lib/python3.12/site-packages/airflow/example_dags/example_task_group.py for tasks to queue
[2025-03-31T06:56:50.475+0000] {logging_mixin.py:190} INFO - [2025-03-31T06:56:50.474+0000] {dagbag.py:588} INFO - Filling up the DagBag from /home/airflow/.local/lib/python3.12/site-packages/airflow/example_dags/example_task_group.py
[2025-03-31T06:56:50.489+0000] {processor.py:925} INFO - DAG(s) 'example_task_group' retrieved from /home/airflow/.local/lib/python3.12/site-packages/airflow/example_dags/example_task_group.py
[2025-03-31T06:56:50.521+0000] {logging_mixin.py:190} INFO - [2025-03-31T06:56:50.520+0000] {dag.py:3239} INFO - Sync 1 DAGs
[2025-03-31T06:56:50.542+0000] {logging_mixin.py:190} INFO - [2025-03-31T06:56:50.542+0000] {dag.py:4180} INFO - Setting next_dagrun for example_task_group to None, run_after=None
[2025-03-31T06:56:50.571+0000] {processor.py:208} INFO - Processing /home/airflow/.local/lib/python3.12/site-packages/airflow/example_dags/example_task_group.py took 0.110 seconds
[2025-03-31T06:57:20.663+0000] {processor.py:186} INFO - Started process (PID=4693) to work on /home/airflow/.local/lib/python3.12/site-packages/airflow/example_dags/example_task_group.py
[2025-03-31T06:57:20.664+0000] {processor.py:914} INFO - Processing file /home/airflow/.local/lib/python3.12/site-packages/airflow/example_dags/example_task_group.py for tasks to queue
[2025-03-31T06:57:20.668+0000] {logging_mixin.py:190} INFO - [2025-03-31T06:57:20.667+0000] {dagbag.py:588} INFO - Filling up the DagBag from /home/airflow/.local/lib/python3.12/site-packages/airflow/example_dags/example_task_group.py
[2025-03-31T06:57:20.678+0000] {processor.py:925} INFO - DAG(s) 'example_task_group' retrieved from /home/airflow/.local/lib/python3.12/site-packages/airflow/example_dags/example_task_group.py
[2025-03-31T06:57:20.707+0000] {logging_mixin.py:190} INFO - [2025-03-31T06:57:20.707+0000] {dag.py:3239} INFO - Sync 1 DAGs
[2025-03-31T06:57:20.726+0000] {logging_mixin.py:190} INFO - [2025-03-31T06:57:20.726+0000] {dag.py:4180} INFO - Setting next_dagrun for example_task_group to None, run_after=None
[2025-03-31T06:57:20.748+0000] {processor.py:208} INFO - Processing /home/airflow/.local/lib/python3.12/site-packages/airflow/example_dags/example_task_group.py took 0.092 seconds
[2025-03-31T06:57:50.938+0000] {processor.py:186} INFO - Started process (PID=4979) to work on /home/airflow/.local/lib/python3.12/site-packages/airflow/example_dags/example_task_group.py
[2025-03-31T06:57:50.939+0000] {processor.py:914} INFO - Processing file /home/airflow/.local/lib/python3.12/site-packages/airflow/example_dags/example_task_group.py for tasks to queue
[2025-03-31T06:57:50.943+0000] {logging_mixin.py:190} INFO - [2025-03-31T06:57:50.943+0000] {dagbag.py:588} INFO - Filling up the DagBag from /home/airflow/.local/lib/python3.12/site-packages/airflow/example_dags/example_task_group.py
[2025-03-31T06:57:50.956+0000] {processor.py:925} INFO - DAG(s) 'example_task_group' retrieved from /home/airflow/.local/lib/python3.12/site-packages/airflow/example_dags/example_task_group.py
[2025-03-31T06:57:50.990+0000] {logging_mixin.py:190} INFO - [2025-03-31T06:57:50.989+0000] {dag.py:3239} INFO - Sync 1 DAGs
[2025-03-31T06:57:51.012+0000] {logging_mixin.py:190} INFO - [2025-03-31T06:57:51.011+0000] {dag.py:4180} INFO - Setting next_dagrun for example_task_group to None, run_after=None
[2025-03-31T06:57:51.039+0000] {processor.py:208} INFO - Processing /home/airflow/.local/lib/python3.12/site-packages/airflow/example_dags/example_task_group.py took 0.109 seconds
[2025-03-31T06:58:21.588+0000] {processor.py:186} INFO - Started process (PID=5275) to work on /home/airflow/.local/lib/python3.12/site-packages/airflow/example_dags/example_task_group.py
[2025-03-31T06:58:21.589+0000] {processor.py:914} INFO - Processing file /home/airflow/.local/lib/python3.12/site-packages/airflow/example_dags/example_task_group.py for tasks to queue
[2025-03-31T06:58:21.592+0000] {logging_mixin.py:190} INFO - [2025-03-31T06:58:21.592+0000] {dagbag.py:588} INFO - Filling up the DagBag from /home/airflow/.local/lib/python3.12/site-packages/airflow/example_dags/example_task_group.py
[2025-03-31T06:58:21.604+0000] {processor.py:925} INFO - DAG(s) 'example_task_group' retrieved from /home/airflow/.local/lib/python3.12/site-packages/airflow/example_dags/example_task_group.py
[2025-03-31T06:58:21.631+0000] {logging_mixin.py:190} INFO - [2025-03-31T06:58:21.630+0000] {dag.py:3239} INFO - Sync 1 DAGs
[2025-03-31T06:58:21.651+0000] {logging_mixin.py:190} INFO - [2025-03-31T06:58:21.651+0000] {dag.py:4180} INFO - Setting next_dagrun for example_task_group to None, run_after=None
[2025-03-31T06:58:21.674+0000] {processor.py:208} INFO - Processing /home/airflow/.local/lib/python3.12/site-packages/airflow/example_dags/example_task_group.py took 0.093 seconds
[2025-03-31T06:58:51.961+0000] {processor.py:186} INFO - Started process (PID=5566) to work on /home/airflow/.local/lib/python3.12/site-packages/airflow/example_dags/example_task_group.py
[2025-03-31T06:58:51.962+0000] {processor.py:914} INFO - Processing file /home/airflow/.local/lib/python3.12/site-packages/airflow/example_dags/example_task_group.py for tasks to queue
[2025-03-31T06:58:51.965+0000] {logging_mixin.py:190} INFO - [2025-03-31T06:58:51.964+0000] {dagbag.py:588} INFO - Filling up the DagBag from /home/airflow/.local/lib/python3.12/site-packages/airflow/example_dags/example_task_group.py
[2025-03-31T06:58:51.976+0000] {processor.py:925} INFO - DAG(s) 'example_task_group' retrieved from /home/airflow/.local/lib/python3.12/site-packages/airflow/example_dags/example_task_group.py
[2025-03-31T06:58:52.002+0000] {logging_mixin.py:190} INFO - [2025-03-31T06:58:52.002+0000] {dag.py:3239} INFO - Sync 1 DAGs
[2025-03-31T06:58:52.018+0000] {logging_mixin.py:190} INFO - [2025-03-31T06:58:52.018+0000] {dag.py:4180} INFO - Setting next_dagrun for example_task_group to None, run_after=None
[2025-03-31T06:58:52.039+0000] {processor.py:208} INFO - Processing /home/airflow/.local/lib/python3.12/site-packages/airflow/example_dags/example_task_group.py took 0.086 seconds
[2025-03-31T06:59:22.205+0000] {processor.py:186} INFO - Started process (PID=5857) to work on /home/airflow/.local/lib/python3.12/site-packages/airflow/example_dags/example_task_group.py
[2025-03-31T06:59:22.206+0000] {processor.py:914} INFO - Processing file /home/airflow/.local/lib/python3.12/site-packages/airflow/example_dags/example_task_group.py for tasks to queue
[2025-03-31T06:59:22.209+0000] {logging_mixin.py:190} INFO - [2025-03-31T06:59:22.208+0000] {dagbag.py:588} INFO - Filling up the DagBag from /home/airflow/.local/lib/python3.12/site-packages/airflow/example_dags/example_task_group.py
[2025-03-31T06:59:22.219+0000] {processor.py:925} INFO - DAG(s) 'example_task_group' retrieved from /home/airflow/.local/lib/python3.12/site-packages/airflow/example_dags/example_task_group.py
[2025-03-31T06:59:22.242+0000] {logging_mixin.py:190} INFO - [2025-03-31T06:59:22.242+0000] {dag.py:3239} INFO - Sync 1 DAGs
[2025-03-31T06:59:22.259+0000] {logging_mixin.py:190} INFO - [2025-03-31T06:59:22.259+0000] {dag.py:4180} INFO - Setting next_dagrun for example_task_group to None, run_after=None
[2025-03-31T06:59:22.283+0000] {processor.py:208} INFO - Processing /home/airflow/.local/lib/python3.12/site-packages/airflow/example_dags/example_task_group.py took 0.084 seconds
[2025-03-31T06:59:52.782+0000] {processor.py:186} INFO - Started process (PID=6148) to work on /home/airflow/.local/lib/python3.12/site-packages/airflow/example_dags/example_task_group.py
[2025-03-31T06:59:52.784+0000] {processor.py:914} INFO - Processing file /home/airflow/.local/lib/python3.12/site-packages/airflow/example_dags/example_task_group.py for tasks to queue
[2025-03-31T06:59:52.786+0000] {logging_mixin.py:190} INFO - [2025-03-31T06:59:52.786+0000] {dagbag.py:588} INFO - Filling up the DagBag from /home/airflow/.local/lib/python3.12/site-packages/airflow/example_dags/example_task_group.py
[2025-03-31T06:59:52.796+0000] {processor.py:925} INFO - DAG(s) 'example_task_group' retrieved from /home/airflow/.local/lib/python3.12/site-packages/airflow/example_dags/example_task_group.py
[2025-03-31T06:59:52.821+0000] {logging_mixin.py:190} INFO - [2025-03-31T06:59:52.820+0000] {dag.py:3239} INFO - Sync 1 DAGs
[2025-03-31T06:59:52.836+0000] {logging_mixin.py:190} INFO - [2025-03-31T06:59:52.836+0000] {dag.py:4180} INFO - Setting next_dagrun for example_task_group to None, run_after=None
[2025-03-31T06:59:52.855+0000] {processor.py:208} INFO - Processing /home/airflow/.local/lib/python3.12/site-packages/airflow/example_dags/example_task_group.py took 0.080 seconds
[2025-03-31T07:00:23.366+0000] {processor.py:186} INFO - Started process (PID=6439) to work on /home/airflow/.local/lib/python3.12/site-packages/airflow/example_dags/example_task_group.py
[2025-03-31T07:00:23.367+0000] {processor.py:914} INFO - Processing file /home/airflow/.local/lib/python3.12/site-packages/airflow/example_dags/example_task_group.py for tasks to queue
[2025-03-31T07:00:23.370+0000] {logging_mixin.py:190} INFO - [2025-03-31T07:00:23.370+0000] {dagbag.py:588} INFO - Filling up the DagBag from /home/airflow/.local/lib/python3.12/site-packages/airflow/example_dags/example_task_group.py
[2025-03-31T07:00:23.380+0000] {processor.py:925} INFO - DAG(s) 'example_task_group' retrieved from /home/airflow/.local/lib/python3.12/site-packages/airflow/example_dags/example_task_group.py
[2025-03-31T07:00:23.404+0000] {logging_mixin.py:190} INFO - [2025-03-31T07:00:23.403+0000] {dag.py:3239} INFO - Sync 1 DAGs
[2025-03-31T07:00:23.420+0000] {logging_mixin.py:190} INFO - [2025-03-31T07:00:23.420+0000] {dag.py:4180} INFO - Setting next_dagrun for example_task_group to None, run_after=None
[2025-03-31T07:00:23.438+0000] {processor.py:208} INFO - Processing /home/airflow/.local/lib/python3.12/site-packages/airflow/example_dags/example_task_group.py took 0.078 seconds
[2025-03-31T07:00:53.527+0000] {processor.py:186} INFO - Started process (PID=6725) to work on /home/airflow/.local/lib/python3.12/site-packages/airflow/example_dags/example_task_group.py
[2025-03-31T07:00:53.528+0000] {processor.py:914} INFO - Processing file /home/airflow/.local/lib/python3.12/site-packages/airflow/example_dags/example_task_group.py for tasks to queue
[2025-03-31T07:00:53.530+0000] {logging_mixin.py:190} INFO - [2025-03-31T07:00:53.530+0000] {dagbag.py:588} INFO - Filling up the DagBag from /home/airflow/.local/lib/python3.12/site-packages/airflow/example_dags/example_task_group.py
[2025-03-31T07:00:53.541+0000] {processor.py:925} INFO - DAG(s) 'example_task_group' retrieved from /home/airflow/.local/lib/python3.12/site-packages/airflow/example_dags/example_task_group.py
[2025-03-31T07:00:53.567+0000] {logging_mixin.py:190} INFO - [2025-03-31T07:00:53.567+0000] {dag.py:3239} INFO - Sync 1 DAGs
[2025-03-31T07:00:53.581+0000] {logging_mixin.py:190} INFO - [2025-03-31T07:00:53.581+0000] {dag.py:4180} INFO - Setting next_dagrun for example_task_group to None, run_after=None
[2025-03-31T07:00:53.604+0000] {processor.py:208} INFO - Processing /home/airflow/.local/lib/python3.12/site-packages/airflow/example_dags/example_task_group.py took 0.083 seconds
[2025-03-31T07:01:24.409+0000] {processor.py:186} INFO - Started process (PID=7021) to work on /home/airflow/.local/lib/python3.12/site-packages/airflow/example_dags/example_task_group.py
[2025-03-31T07:01:24.410+0000] {processor.py:914} INFO - Processing file /home/airflow/.local/lib/python3.12/site-packages/airflow/example_dags/example_task_group.py for tasks to queue
[2025-03-31T07:01:24.413+0000] {logging_mixin.py:190} INFO - [2025-03-31T07:01:24.412+0000] {dagbag.py:588} INFO - Filling up the DagBag from /home/airflow/.local/lib/python3.12/site-packages/airflow/example_dags/example_task_group.py
[2025-03-31T07:01:24.423+0000] {processor.py:925} INFO - DAG(s) 'example_task_group' retrieved from /home/airflow/.local/lib/python3.12/site-packages/airflow/example_dags/example_task_group.py
[2025-03-31T07:01:24.446+0000] {logging_mixin.py:190} INFO - [2025-03-31T07:01:24.445+0000] {dag.py:3239} INFO - Sync 1 DAGs
[2025-03-31T07:01:24.460+0000] {logging_mixin.py:190} INFO - [2025-03-31T07:01:24.460+0000] {dag.py:4180} INFO - Setting next_dagrun for example_task_group to None, run_after=None
[2025-03-31T07:01:24.489+0000] {processor.py:208} INFO - Processing /home/airflow/.local/lib/python3.12/site-packages/airflow/example_dags/example_task_group.py took 0.086 seconds
[2025-03-31T07:01:54.846+0000] {processor.py:186} INFO - Started process (PID=7312) to work on /home/airflow/.local/lib/python3.12/site-packages/airflow/example_dags/example_task_group.py
[2025-03-31T07:01:54.847+0000] {processor.py:914} INFO - Processing file /home/airflow/.local/lib/python3.12/site-packages/airflow/example_dags/example_task_group.py for tasks to queue
[2025-03-31T07:01:54.849+0000] {logging_mixin.py:190} INFO - [2025-03-31T07:01:54.849+0000] {dagbag.py:588} INFO - Filling up the DagBag from /home/airflow/.local/lib/python3.12/site-packages/airflow/example_dags/example_task_group.py
[2025-03-31T07:01:54.859+0000] {processor.py:925} INFO - DAG(s) 'example_task_group' retrieved from /home/airflow/.local/lib/python3.12/site-packages/airflow/example_dags/example_task_group.py
[2025-03-31T07:01:54.880+0000] {logging_mixin.py:190} INFO - [2025-03-31T07:01:54.880+0000] {dag.py:3239} INFO - Sync 1 DAGs
[2025-03-31T07:01:54.894+0000] {logging_mixin.py:190} INFO - [2025-03-31T07:01:54.894+0000] {dag.py:4180} INFO - Setting next_dagrun for example_task_group to None, run_after=None
[2025-03-31T07:01:54.912+0000] {processor.py:208} INFO - Processing /home/airflow/.local/lib/python3.12/site-packages/airflow/example_dags/example_task_group.py took 0.072 seconds
[2025-03-31T07:02:25.581+0000] {processor.py:186} INFO - Started process (PID=7603) to work on /home/airflow/.local/lib/python3.12/site-packages/airflow/example_dags/example_task_group.py
[2025-03-31T07:02:25.582+0000] {processor.py:914} INFO - Processing file /home/airflow/.local/lib/python3.12/site-packages/airflow/example_dags/example_task_group.py for tasks to queue
[2025-03-31T07:02:25.584+0000] {logging_mixin.py:190} INFO - [2025-03-31T07:02:25.584+0000] {dagbag.py:588} INFO - Filling up the DagBag from /home/airflow/.local/lib/python3.12/site-packages/airflow/example_dags/example_task_group.py
[2025-03-31T07:02:25.594+0000] {processor.py:925} INFO - DAG(s) 'example_task_group' retrieved from /home/airflow/.local/lib/python3.12/site-packages/airflow/example_dags/example_task_group.py
[2025-03-31T07:02:25.619+0000] {logging_mixin.py:190} INFO - [2025-03-31T07:02:25.618+0000] {dag.py:3239} INFO - Sync 1 DAGs
[2025-03-31T07:02:25.633+0000] {logging_mixin.py:190} INFO - [2025-03-31T07:02:25.633+0000] {dag.py:4180} INFO - Setting next_dagrun for example_task_group to None, run_after=None
[2025-03-31T07:02:25.651+0000] {processor.py:208} INFO - Processing /home/airflow/.local/lib/python3.12/site-packages/airflow/example_dags/example_task_group.py took 0.076 seconds
[2025-03-31T07:02:55.888+0000] {processor.py:186} INFO - Started process (PID=7894) to work on /home/airflow/.local/lib/python3.12/site-packages/airflow/example_dags/example_task_group.py
[2025-03-31T07:02:55.889+0000] {processor.py:914} INFO - Processing file /home/airflow/.local/lib/python3.12/site-packages/airflow/example_dags/example_task_group.py for tasks to queue
[2025-03-31T07:02:55.893+0000] {logging_mixin.py:190} INFO - [2025-03-31T07:02:55.893+0000] {dagbag.py:588} INFO - Filling up the DagBag from /home/airflow/.local/lib/python3.12/site-packages/airflow/example_dags/example_task_group.py
[2025-03-31T07:02:55.902+0000] {processor.py:925} INFO - DAG(s) 'example_task_group' retrieved from /home/airflow/.local/lib/python3.12/site-packages/airflow/example_dags/example_task_group.py
[2025-03-31T07:02:55.924+0000] {logging_mixin.py:190} INFO - [2025-03-31T07:02:55.924+0000] {dag.py:3239} INFO - Sync 1 DAGs
[2025-03-31T07:02:55.938+0000] {logging_mixin.py:190} INFO - [2025-03-31T07:02:55.938+0000] {dag.py:4180} INFO - Setting next_dagrun for example_task_group to None, run_after=None
[2025-03-31T07:02:55.957+0000] {processor.py:208} INFO - Processing /home/airflow/.local/lib/python3.12/site-packages/airflow/example_dags/example_task_group.py took 0.075 seconds
[2025-03-31T07:03:26.429+0000] {processor.py:186} INFO - Started process (PID=8185) to work on /home/airflow/.local/lib/python3.12/site-packages/airflow/example_dags/example_task_group.py
[2025-03-31T07:03:26.430+0000] {processor.py:914} INFO - Processing file /home/airflow/.local/lib/python3.12/site-packages/airflow/example_dags/example_task_group.py for tasks to queue
[2025-03-31T07:03:26.433+0000] {logging_mixin.py:190} INFO - [2025-03-31T07:03:26.433+0000] {dagbag.py:588} INFO - Filling up the DagBag from /home/airflow/.local/lib/python3.12/site-packages/airflow/example_dags/example_task_group.py
[2025-03-31T07:03:26.443+0000] {processor.py:925} INFO - DAG(s) 'example_task_group' retrieved from /home/airflow/.local/lib/python3.12/site-packages/airflow/example_dags/example_task_group.py
[2025-03-31T07:03:26.469+0000] {logging_mixin.py:190} INFO - [2025-03-31T07:03:26.469+0000] {dag.py:3239} INFO - Sync 1 DAGs
[2025-03-31T07:03:26.485+0000] {logging_mixin.py:190} INFO - [2025-03-31T07:03:26.485+0000] {dag.py:4180} INFO - Setting next_dagrun for example_task_group to None, run_after=None
[2025-03-31T07:03:26.504+0000] {processor.py:208} INFO - Processing /home/airflow/.local/lib/python3.12/site-packages/airflow/example_dags/example_task_group.py took 0.081 seconds
[2025-03-31T07:03:57.449+0000] {processor.py:186} INFO - Started process (PID=8476) to work on /home/airflow/.local/lib/python3.12/site-packages/airflow/example_dags/example_task_group.py
[2025-03-31T07:03:57.450+0000] {processor.py:914} INFO - Processing file /home/airflow/.local/lib/python3.12/site-packages/airflow/example_dags/example_task_group.py for tasks to queue
[2025-03-31T07:03:57.453+0000] {logging_mixin.py:190} INFO - [2025-03-31T07:03:57.453+0000] {dagbag.py:588} INFO - Filling up the DagBag from /home/airflow/.local/lib/python3.12/site-packages/airflow/example_dags/example_task_group.py
[2025-03-31T07:03:57.464+0000] {processor.py:925} INFO - DAG(s) 'example_task_group' retrieved from /home/airflow/.local/lib/python3.12/site-packages/airflow/example_dags/example_task_group.py
[2025-03-31T07:03:57.490+0000] {logging_mixin.py:190} INFO - [2025-03-31T07:03:57.490+0000] {dag.py:3239} INFO - Sync 1 DAGs
[2025-03-31T07:03:57.506+0000] {logging_mixin.py:190} INFO - [2025-03-31T07:03:57.506+0000] {dag.py:4180} INFO - Setting next_dagrun for example_task_group to None, run_after=None
[2025-03-31T07:03:57.529+0000] {processor.py:208} INFO - Processing /home/airflow/.local/lib/python3.12/site-packages/airflow/example_dags/example_task_group.py took 0.087 seconds
[2025-03-31T07:04:27.907+0000] {processor.py:186} INFO - Started process (PID=8767) to work on /home/airflow/.local/lib/python3.12/site-packages/airflow/example_dags/example_task_group.py
[2025-03-31T07:04:27.908+0000] {processor.py:914} INFO - Processing file /home/airflow/.local/lib/python3.12/site-packages/airflow/example_dags/example_task_group.py for tasks to queue
[2025-03-31T07:04:27.911+0000] {logging_mixin.py:190} INFO - [2025-03-31T07:04:27.910+0000] {dagbag.py:588} INFO - Filling up the DagBag from /home/airflow/.local/lib/python3.12/site-packages/airflow/example_dags/example_task_group.py
[2025-03-31T07:04:27.922+0000] {processor.py:925} INFO - DAG(s) 'example_task_group' retrieved from /home/airflow/.local/lib/python3.12/site-packages/airflow/example_dags/example_task_group.py
[2025-03-31T07:04:27.945+0000] {logging_mixin.py:190} INFO - [2025-03-31T07:04:27.944+0000] {dag.py:3239} INFO - Sync 1 DAGs
[2025-03-31T07:04:27.960+0000] {logging_mixin.py:190} INFO - [2025-03-31T07:04:27.959+0000] {dag.py:4180} INFO - Setting next_dagrun for example_task_group to None, run_after=None
[2025-03-31T07:04:27.978+0000] {processor.py:208} INFO - Processing /home/airflow/.local/lib/python3.12/site-packages/airflow/example_dags/example_task_group.py took 0.077 seconds
[2025-03-31T07:04:58.173+0000] {processor.py:186} INFO - Started process (PID=9058) to work on /home/airflow/.local/lib/python3.12/site-packages/airflow/example_dags/example_task_group.py
[2025-03-31T07:04:58.174+0000] {processor.py:914} INFO - Processing file /home/airflow/.local/lib/python3.12/site-packages/airflow/example_dags/example_task_group.py for tasks to queue
[2025-03-31T07:04:58.177+0000] {logging_mixin.py:190} INFO - [2025-03-31T07:04:58.177+0000] {dagbag.py:588} INFO - Filling up the DagBag from /home/airflow/.local/lib/python3.12/site-packages/airflow/example_dags/example_task_group.py
[2025-03-31T07:04:58.186+0000] {processor.py:925} INFO - DAG(s) 'example_task_group' retrieved from /home/airflow/.local/lib/python3.12/site-packages/airflow/example_dags/example_task_group.py
[2025-03-31T07:04:58.209+0000] {logging_mixin.py:190} INFO - [2025-03-31T07:04:58.209+0000] {dag.py:3239} INFO - Sync 1 DAGs
[2025-03-31T07:04:58.224+0000] {logging_mixin.py:190} INFO - [2025-03-31T07:04:58.224+0000] {dag.py:4180} INFO - Setting next_dagrun for example_task_group to None, run_after=None
[2025-03-31T07:04:58.244+0000] {processor.py:208} INFO - Processing /home/airflow/.local/lib/python3.12/site-packages/airflow/example_dags/example_task_group.py took 0.077 seconds
[2025-03-31T07:05:28.437+0000] {processor.py:186} INFO - Started process (PID=9349) to work on /home/airflow/.local/lib/python3.12/site-packages/airflow/example_dags/example_task_group.py
[2025-03-31T07:05:28.438+0000] {processor.py:914} INFO - Processing file /home/airflow/.local/lib/python3.12/site-packages/airflow/example_dags/example_task_group.py for tasks to queue
[2025-03-31T07:05:28.441+0000] {logging_mixin.py:190} INFO - [2025-03-31T07:05:28.440+0000] {dagbag.py:588} INFO - Filling up the DagBag from /home/airflow/.local/lib/python3.12/site-packages/airflow/example_dags/example_task_group.py
[2025-03-31T07:05:28.450+0000] {processor.py:925} INFO - DAG(s) 'example_task_group' retrieved from /home/airflow/.local/lib/python3.12/site-packages/airflow/example_dags/example_task_group.py
[2025-03-31T07:05:28.473+0000] {logging_mixin.py:190} INFO - [2025-03-31T07:05:28.473+0000] {dag.py:3239} INFO - Sync 1 DAGs
[2025-03-31T07:05:28.491+0000] {logging_mixin.py:190} INFO - [2025-03-31T07:05:28.491+0000] {dag.py:4180} INFO - Setting next_dagrun for example_task_group to None, run_after=None
[2025-03-31T07:05:28.509+0000] {processor.py:208} INFO - Processing /home/airflow/.local/lib/python3.12/site-packages/airflow/example_dags/example_task_group.py took 0.078 seconds
[2025-03-31T07:05:58.654+0000] {processor.py:186} INFO - Started process (PID=9640) to work on /home/airflow/.local/lib/python3.12/site-packages/airflow/example_dags/example_task_group.py
[2025-03-31T07:05:58.657+0000] {processor.py:914} INFO - Processing file /home/airflow/.local/lib/python3.12/site-packages/airflow/example_dags/example_task_group.py for tasks to queue
[2025-03-31T07:05:58.662+0000] {logging_mixin.py:190} INFO - [2025-03-31T07:05:58.661+0000] {dagbag.py:588} INFO - Filling up the DagBag from /home/airflow/.local/lib/python3.12/site-packages/airflow/example_dags/example_task_group.py
[2025-03-31T07:05:58.672+0000] {processor.py:925} INFO - DAG(s) 'example_task_group' retrieved from /home/airflow/.local/lib/python3.12/site-packages/airflow/example_dags/example_task_group.py
[2025-03-31T07:05:58.695+0000] {logging_mixin.py:190} INFO - [2025-03-31T07:05:58.695+0000] {dag.py:3239} INFO - Sync 1 DAGs
[2025-03-31T07:05:58.712+0000] {logging_mixin.py:190} INFO - [2025-03-31T07:05:58.712+0000] {dag.py:4180} INFO - Setting next_dagrun for example_task_group to None, run_after=None
[2025-03-31T07:05:58.732+0000] {processor.py:208} INFO - Processing /home/airflow/.local/lib/python3.12/site-packages/airflow/example_dags/example_task_group.py took 0.086 seconds
[2025-03-31T07:06:29.714+0000] {processor.py:186} INFO - Started process (PID=9931) to work on /home/airflow/.local/lib/python3.12/site-packages/airflow/example_dags/example_task_group.py
[2025-03-31T07:06:29.715+0000] {processor.py:914} INFO - Processing file /home/airflow/.local/lib/python3.12/site-packages/airflow/example_dags/example_task_group.py for tasks to queue
[2025-03-31T07:06:29.717+0000] {logging_mixin.py:190} INFO - [2025-03-31T07:06:29.717+0000] {dagbag.py:588} INFO - Filling up the DagBag from /home/airflow/.local/lib/python3.12/site-packages/airflow/example_dags/example_task_group.py
[2025-03-31T07:06:29.726+0000] {processor.py:925} INFO - DAG(s) 'example_task_group' retrieved from /home/airflow/.local/lib/python3.12/site-packages/airflow/example_dags/example_task_group.py
[2025-03-31T07:06:29.748+0000] {logging_mixin.py:190} INFO - [2025-03-31T07:06:29.748+0000] {dag.py:3239} INFO - Sync 1 DAGs
[2025-03-31T07:06:29.762+0000] {logging_mixin.py:190} INFO - [2025-03-31T07:06:29.762+0000] {dag.py:4180} INFO - Setting next_dagrun for example_task_group to None, run_after=None
[2025-03-31T07:06:29.780+0000] {processor.py:208} INFO - Processing /home/airflow/.local/lib/python3.12/site-packages/airflow/example_dags/example_task_group.py took 0.072 seconds
[2025-03-31T07:07:00.322+0000] {processor.py:186} INFO - Started process (PID=10222) to work on /home/airflow/.local/lib/python3.12/site-packages/airflow/example_dags/example_task_group.py
[2025-03-31T07:07:00.323+0000] {processor.py:914} INFO - Processing file /home/airflow/.local/lib/python3.12/site-packages/airflow/example_dags/example_task_group.py for tasks to queue
[2025-03-31T07:07:00.326+0000] {logging_mixin.py:190} INFO - [2025-03-31T07:07:00.325+0000] {dagbag.py:588} INFO - Filling up the DagBag from /home/airflow/.local/lib/python3.12/site-packages/airflow/example_dags/example_task_group.py
[2025-03-31T07:07:00.335+0000] {processor.py:925} INFO - DAG(s) 'example_task_group' retrieved from /home/airflow/.local/lib/python3.12/site-packages/airflow/example_dags/example_task_group.py
[2025-03-31T07:07:00.357+0000] {logging_mixin.py:190} INFO - [2025-03-31T07:07:00.356+0000] {dag.py:3239} INFO - Sync 1 DAGs
[2025-03-31T07:07:00.371+0000] {logging_mixin.py:190} INFO - [2025-03-31T07:07:00.371+0000] {dag.py:4180} INFO - Setting next_dagrun for example_task_group to None, run_after=None
[2025-03-31T07:07:00.388+0000] {processor.py:208} INFO - Processing /home/airflow/.local/lib/python3.12/site-packages/airflow/example_dags/example_task_group.py took 0.072 seconds
[2025-03-31T07:07:31.089+0000] {processor.py:186} INFO - Started process (PID=10513) to work on /home/airflow/.local/lib/python3.12/site-packages/airflow/example_dags/example_task_group.py
[2025-03-31T07:07:31.090+0000] {processor.py:914} INFO - Processing file /home/airflow/.local/lib/python3.12/site-packages/airflow/example_dags/example_task_group.py for tasks to queue
[2025-03-31T07:07:31.092+0000] {logging_mixin.py:190} INFO - [2025-03-31T07:07:31.092+0000] {dagbag.py:588} INFO - Filling up the DagBag from /home/airflow/.local/lib/python3.12/site-packages/airflow/example_dags/example_task_group.py
[2025-03-31T07:07:31.102+0000] {processor.py:925} INFO - DAG(s) 'example_task_group' retrieved from /home/airflow/.local/lib/python3.12/site-packages/airflow/example_dags/example_task_group.py
[2025-03-31T07:07:31.123+0000] {logging_mixin.py:190} INFO - [2025-03-31T07:07:31.123+0000] {dag.py:3239} INFO - Sync 1 DAGs
[2025-03-31T07:07:31.137+0000] {logging_mixin.py:190} INFO - [2025-03-31T07:07:31.137+0000] {dag.py:4180} INFO - Setting next_dagrun for example_task_group to None, run_after=None
[2025-03-31T07:07:31.157+0000] {processor.py:208} INFO - Processing /home/airflow/.local/lib/python3.12/site-packages/airflow/example_dags/example_task_group.py took 0.074 seconds
[2025-03-31T07:08:01.524+0000] {processor.py:186} INFO - Started process (PID=10804) to work on /home/airflow/.local/lib/python3.12/site-packages/airflow/example_dags/example_task_group.py
[2025-03-31T07:08:01.525+0000] {processor.py:914} INFO - Processing file /home/airflow/.local/lib/python3.12/site-packages/airflow/example_dags/example_task_group.py for tasks to queue
[2025-03-31T07:08:01.527+0000] {logging_mixin.py:190} INFO - [2025-03-31T07:08:01.527+0000] {dagbag.py:588} INFO - Filling up the DagBag from /home/airflow/.local/lib/python3.12/site-packages/airflow/example_dags/example_task_group.py
[2025-03-31T07:08:01.537+0000] {processor.py:925} INFO - DAG(s) 'example_task_group' retrieved from /home/airflow/.local/lib/python3.12/site-packages/airflow/example_dags/example_task_group.py
[2025-03-31T07:08:01.558+0000] {logging_mixin.py:190} INFO - [2025-03-31T07:08:01.558+0000] {dag.py:3239} INFO - Sync 1 DAGs
[2025-03-31T07:08:01.572+0000] {logging_mixin.py:190} INFO - [2025-03-31T07:08:01.572+0000] {dag.py:4180} INFO - Setting next_dagrun for example_task_group to None, run_after=None
[2025-03-31T07:08:01.589+0000] {processor.py:208} INFO - Processing /home/airflow/.local/lib/python3.12/site-packages/airflow/example_dags/example_task_group.py took 0.072 seconds
[2025-03-31T07:08:32.585+0000] {processor.py:186} INFO - Started process (PID=11095) to work on /home/airflow/.local/lib/python3.12/site-packages/airflow/example_dags/example_task_group.py
[2025-03-31T07:08:32.586+0000] {processor.py:914} INFO - Processing file /home/airflow/.local/lib/python3.12/site-packages/airflow/example_dags/example_task_group.py for tasks to queue
[2025-03-31T07:08:32.588+0000] {logging_mixin.py:190} INFO - [2025-03-31T07:08:32.588+0000] {dagbag.py:588} INFO - Filling up the DagBag from /home/airflow/.local/lib/python3.12/site-packages/airflow/example_dags/example_task_group.py
[2025-03-31T07:08:32.598+0000] {processor.py:925} INFO - DAG(s) 'example_task_group' retrieved from /home/airflow/.local/lib/python3.12/site-packages/airflow/example_dags/example_task_group.py
[2025-03-31T07:08:32.620+0000] {logging_mixin.py:190} INFO - [2025-03-31T07:08:32.620+0000] {dag.py:3239} INFO - Sync 1 DAGs
[2025-03-31T07:08:32.635+0000] {logging_mixin.py:190} INFO - [2025-03-31T07:08:32.635+0000] {dag.py:4180} INFO - Setting next_dagrun for example_task_group to None, run_after=None
[2025-03-31T07:08:32.652+0000] {processor.py:208} INFO - Processing /home/airflow/.local/lib/python3.12/site-packages/airflow/example_dags/example_task_group.py took 0.073 seconds
[2025-03-31T07:09:03.644+0000] {processor.py:186} INFO - Started process (PID=11381) to work on /home/airflow/.local/lib/python3.12/site-packages/airflow/example_dags/example_task_group.py
[2025-03-31T07:09:03.645+0000] {processor.py:914} INFO - Processing file /home/airflow/.local/lib/python3.12/site-packages/airflow/example_dags/example_task_group.py for tasks to queue
[2025-03-31T07:09:03.648+0000] {logging_mixin.py:190} INFO - [2025-03-31T07:09:03.648+0000] {dagbag.py:588} INFO - Filling up the DagBag from /home/airflow/.local/lib/python3.12/site-packages/airflow/example_dags/example_task_group.py
[2025-03-31T07:09:03.658+0000] {processor.py:925} INFO - DAG(s) 'example_task_group' retrieved from /home/airflow/.local/lib/python3.12/site-packages/airflow/example_dags/example_task_group.py
[2025-03-31T07:09:03.682+0000] {logging_mixin.py:190} INFO - [2025-03-31T07:09:03.682+0000] {dag.py:3239} INFO - Sync 1 DAGs
[2025-03-31T07:09:03.699+0000] {logging_mixin.py:190} INFO - [2025-03-31T07:09:03.699+0000] {dag.py:4180} INFO - Setting next_dagrun for example_task_group to None, run_after=None
[2025-03-31T07:09:03.718+0000] {processor.py:208} INFO - Processing /home/airflow/.local/lib/python3.12/site-packages/airflow/example_dags/example_task_group.py took 0.082 seconds
[2025-03-31T07:09:34.179+0000] {processor.py:186} INFO - Started process (PID=11657) to work on /home/airflow/.local/lib/python3.12/site-packages/airflow/example_dags/example_task_group.py
[2025-03-31T07:09:34.180+0000] {processor.py:914} INFO - Processing file /home/airflow/.local/lib/python3.12/site-packages/airflow/example_dags/example_task_group.py for tasks to queue
[2025-03-31T07:09:34.182+0000] {logging_mixin.py:190} INFO - [2025-03-31T07:09:34.182+0000] {dagbag.py:588} INFO - Filling up the DagBag from /home/airflow/.local/lib/python3.12/site-packages/airflow/example_dags/example_task_group.py
[2025-03-31T07:09:34.192+0000] {processor.py:925} INFO - DAG(s) 'example_task_group' retrieved from /home/airflow/.local/lib/python3.12/site-packages/airflow/example_dags/example_task_group.py
[2025-03-31T07:09:34.214+0000] {logging_mixin.py:190} INFO - [2025-03-31T07:09:34.214+0000] {dag.py:3239} INFO - Sync 1 DAGs
[2025-03-31T07:09:34.229+0000] {logging_mixin.py:190} INFO - [2025-03-31T07:09:34.229+0000] {dag.py:4180} INFO - Setting next_dagrun for example_task_group to None, run_after=None
[2025-03-31T07:09:34.247+0000] {processor.py:208} INFO - Processing /home/airflow/.local/lib/python3.12/site-packages/airflow/example_dags/example_task_group.py took 0.074 seconds
[2025-03-31T07:10:05.096+0000] {processor.py:186} INFO - Started process (PID=11928) to work on /home/airflow/.local/lib/python3.12/site-packages/airflow/example_dags/example_task_group.py
[2025-03-31T07:10:05.097+0000] {processor.py:914} INFO - Processing file /home/airflow/.local/lib/python3.12/site-packages/airflow/example_dags/example_task_group.py for tasks to queue
[2025-03-31T07:10:05.099+0000] {logging_mixin.py:190} INFO - [2025-03-31T07:10:05.099+0000] {dagbag.py:588} INFO - Filling up the DagBag from /home/airflow/.local/lib/python3.12/site-packages/airflow/example_dags/example_task_group.py
[2025-03-31T07:10:05.109+0000] {processor.py:925} INFO - DAG(s) 'example_task_group' retrieved from /home/airflow/.local/lib/python3.12/site-packages/airflow/example_dags/example_task_group.py
[2025-03-31T07:10:05.130+0000] {logging_mixin.py:190} INFO - [2025-03-31T07:10:05.130+0000] {dag.py:3239} INFO - Sync 1 DAGs
[2025-03-31T07:10:05.145+0000] {logging_mixin.py:190} INFO - [2025-03-31T07:10:05.144+0000] {dag.py:4180} INFO - Setting next_dagrun for example_task_group to None, run_after=None
[2025-03-31T07:10:05.163+0000] {processor.py:208} INFO - Processing /home/airflow/.local/lib/python3.12/site-packages/airflow/example_dags/example_task_group.py took 0.073 seconds
[2025-03-31T07:10:36.239+0000] {processor.py:186} INFO - Started process (PID=12199) to work on /home/airflow/.local/lib/python3.12/site-packages/airflow/example_dags/example_task_group.py
[2025-03-31T07:10:36.240+0000] {processor.py:914} INFO - Processing file /home/airflow/.local/lib/python3.12/site-packages/airflow/example_dags/example_task_group.py for tasks to queue
[2025-03-31T07:10:36.242+0000] {logging_mixin.py:190} INFO - [2025-03-31T07:10:36.242+0000] {dagbag.py:588} INFO - Filling up the DagBag from /home/airflow/.local/lib/python3.12/site-packages/airflow/example_dags/example_task_group.py
[2025-03-31T07:10:36.252+0000] {processor.py:925} INFO - DAG(s) 'example_task_group' retrieved from /home/airflow/.local/lib/python3.12/site-packages/airflow/example_dags/example_task_group.py
[2025-03-31T07:10:36.274+0000] {logging_mixin.py:190} INFO - [2025-03-31T07:10:36.274+0000] {dag.py:3239} INFO - Sync 1 DAGs
[2025-03-31T07:10:36.289+0000] {logging_mixin.py:190} INFO - [2025-03-31T07:10:36.289+0000] {dag.py:4180} INFO - Setting next_dagrun for example_task_group to None, run_after=None
[2025-03-31T07:10:36.307+0000] {processor.py:208} INFO - Processing /home/airflow/.local/lib/python3.12/site-packages/airflow/example_dags/example_task_group.py took 0.074 seconds
[2025-03-31T07:11:06.626+0000] {processor.py:186} INFO - Started process (PID=12465) to work on /home/airflow/.local/lib/python3.12/site-packages/airflow/example_dags/example_task_group.py
[2025-03-31T07:11:06.627+0000] {processor.py:914} INFO - Processing file /home/airflow/.local/lib/python3.12/site-packages/airflow/example_dags/example_task_group.py for tasks to queue
[2025-03-31T07:11:06.630+0000] {logging_mixin.py:190} INFO - [2025-03-31T07:11:06.629+0000] {dagbag.py:588} INFO - Filling up the DagBag from /home/airflow/.local/lib/python3.12/site-packages/airflow/example_dags/example_task_group.py
[2025-03-31T07:11:06.638+0000] {processor.py:925} INFO - DAG(s) 'example_task_group' retrieved from /home/airflow/.local/lib/python3.12/site-packages/airflow/example_dags/example_task_group.py
[2025-03-31T07:11:06.660+0000] {logging_mixin.py:190} INFO - [2025-03-31T07:11:06.660+0000] {dag.py:3239} INFO - Sync 1 DAGs
[2025-03-31T07:11:06.675+0000] {logging_mixin.py:190} INFO - [2025-03-31T07:11:06.675+0000] {dag.py:4180} INFO - Setting next_dagrun for example_task_group to None, run_after=None
[2025-03-31T07:11:06.692+0000] {processor.py:208} INFO - Processing /home/airflow/.local/lib/python3.12/site-packages/airflow/example_dags/example_task_group.py took 0.072 seconds
[2025-03-31T07:11:37.055+0000] {processor.py:186} INFO - Started process (PID=12746) to work on /home/airflow/.local/lib/python3.12/site-packages/airflow/example_dags/example_task_group.py
[2025-03-31T07:11:37.056+0000] {processor.py:914} INFO - Processing file /home/airflow/.local/lib/python3.12/site-packages/airflow/example_dags/example_task_group.py for tasks to queue
[2025-03-31T07:11:37.059+0000] {logging_mixin.py:190} INFO - [2025-03-31T07:11:37.058+0000] {dagbag.py:588} INFO - Filling up the DagBag from /home/airflow/.local/lib/python3.12/site-packages/airflow/example_dags/example_task_group.py
[2025-03-31T07:11:37.068+0000] {processor.py:925} INFO - DAG(s) 'example_task_group' retrieved from /home/airflow/.local/lib/python3.12/site-packages/airflow/example_dags/example_task_group.py
[2025-03-31T07:11:37.092+0000] {logging_mixin.py:190} INFO - [2025-03-31T07:11:37.091+0000] {dag.py:3239} INFO - Sync 1 DAGs
[2025-03-31T07:11:37.107+0000] {logging_mixin.py:190} INFO - [2025-03-31T07:11:37.107+0000] {dag.py:4180} INFO - Setting next_dagrun for example_task_group to None, run_after=None
[2025-03-31T07:11:37.125+0000] {processor.py:208} INFO - Processing /home/airflow/.local/lib/python3.12/site-packages/airflow/example_dags/example_task_group.py took 0.076 seconds
[2025-03-31T07:12:07.872+0000] {processor.py:186} INFO - Started process (PID=13037) to work on /home/airflow/.local/lib/python3.12/site-packages/airflow/example_dags/example_task_group.py
[2025-03-31T07:12:07.873+0000] {processor.py:914} INFO - Processing file /home/airflow/.local/lib/python3.12/site-packages/airflow/example_dags/example_task_group.py for tasks to queue
[2025-03-31T07:12:07.875+0000] {logging_mixin.py:190} INFO - [2025-03-31T07:12:07.875+0000] {dagbag.py:588} INFO - Filling up the DagBag from /home/airflow/.local/lib/python3.12/site-packages/airflow/example_dags/example_task_group.py
[2025-03-31T07:12:07.884+0000] {processor.py:925} INFO - DAG(s) 'example_task_group' retrieved from /home/airflow/.local/lib/python3.12/site-packages/airflow/example_dags/example_task_group.py
[2025-03-31T07:12:07.905+0000] {logging_mixin.py:190} INFO - [2025-03-31T07:12:07.905+0000] {dag.py:3239} INFO - Sync 1 DAGs
[2025-03-31T07:12:07.919+0000] {logging_mixin.py:190} INFO - [2025-03-31T07:12:07.919+0000] {dag.py:4180} INFO - Setting next_dagrun for example_task_group to None, run_after=None
[2025-03-31T07:12:07.937+0000] {processor.py:208} INFO - Processing /home/airflow/.local/lib/python3.12/site-packages/airflow/example_dags/example_task_group.py took 0.071 seconds
[2025-03-31T07:12:38.509+0000] {processor.py:186} INFO - Started process (PID=13328) to work on /home/airflow/.local/lib/python3.12/site-packages/airflow/example_dags/example_task_group.py
[2025-03-31T07:12:38.510+0000] {processor.py:914} INFO - Processing file /home/airflow/.local/lib/python3.12/site-packages/airflow/example_dags/example_task_group.py for tasks to queue
[2025-03-31T07:12:38.514+0000] {logging_mixin.py:190} INFO - [2025-03-31T07:12:38.513+0000] {dagbag.py:588} INFO - Filling up the DagBag from /home/airflow/.local/lib/python3.12/site-packages/airflow/example_dags/example_task_group.py
[2025-03-31T07:12:38.525+0000] {processor.py:925} INFO - DAG(s) 'example_task_group' retrieved from /home/airflow/.local/lib/python3.12/site-packages/airflow/example_dags/example_task_group.py
[2025-03-31T07:12:38.551+0000] {logging_mixin.py:190} INFO - [2025-03-31T07:12:38.551+0000] {dag.py:3239} INFO - Sync 1 DAGs
[2025-03-31T07:12:38.568+0000] {logging_mixin.py:190} INFO - [2025-03-31T07:12:38.568+0000] {dag.py:4180} INFO - Setting next_dagrun for example_task_group to None, run_after=None
[2025-03-31T07:12:38.592+0000] {processor.py:208} INFO - Processing /home/airflow/.local/lib/python3.12/site-packages/airflow/example_dags/example_task_group.py took 0.092 seconds
[2025-03-31T07:13:08.911+0000] {processor.py:186} INFO - Started process (PID=13619) to work on /home/airflow/.local/lib/python3.12/site-packages/airflow/example_dags/example_task_group.py
[2025-03-31T07:13:08.912+0000] {processor.py:914} INFO - Processing file /home/airflow/.local/lib/python3.12/site-packages/airflow/example_dags/example_task_group.py for tasks to queue
[2025-03-31T07:13:08.914+0000] {logging_mixin.py:190} INFO - [2025-03-31T07:13:08.914+0000] {dagbag.py:588} INFO - Filling up the DagBag from /home/airflow/.local/lib/python3.12/site-packages/airflow/example_dags/example_task_group.py
[2025-03-31T07:13:08.923+0000] {processor.py:925} INFO - DAG(s) 'example_task_group' retrieved from /home/airflow/.local/lib/python3.12/site-packages/airflow/example_dags/example_task_group.py
[2025-03-31T07:13:08.945+0000] {logging_mixin.py:190} INFO - [2025-03-31T07:13:08.945+0000] {dag.py:3239} INFO - Sync 1 DAGs
[2025-03-31T07:13:08.960+0000] {logging_mixin.py:190} INFO - [2025-03-31T07:13:08.959+0000] {dag.py:4180} INFO - Setting next_dagrun for example_task_group to None, run_after=None
[2025-03-31T07:13:08.977+0000] {processor.py:208} INFO - Processing /home/airflow/.local/lib/python3.12/site-packages/airflow/example_dags/example_task_group.py took 0.072 seconds
[2025-03-31T07:13:39.436+0000] {processor.py:186} INFO - Started process (PID=13910) to work on /home/airflow/.local/lib/python3.12/site-packages/airflow/example_dags/example_task_group.py
[2025-03-31T07:13:39.438+0000] {processor.py:914} INFO - Processing file /home/airflow/.local/lib/python3.12/site-packages/airflow/example_dags/example_task_group.py for tasks to queue
[2025-03-31T07:13:39.440+0000] {logging_mixin.py:190} INFO - [2025-03-31T07:13:39.440+0000] {dagbag.py:588} INFO - Filling up the DagBag from /home/airflow/.local/lib/python3.12/site-packages/airflow/example_dags/example_task_group.py
[2025-03-31T07:13:39.451+0000] {processor.py:925} INFO - DAG(s) 'example_task_group' retrieved from /home/airflow/.local/lib/python3.12/site-packages/airflow/example_dags/example_task_group.py
[2025-03-31T07:13:39.476+0000] {logging_mixin.py:190} INFO - [2025-03-31T07:13:39.475+0000] {dag.py:3239} INFO - Sync 1 DAGs
[2025-03-31T07:13:39.490+0000] {logging_mixin.py:190} INFO - [2025-03-31T07:13:39.490+0000] {dag.py:4180} INFO - Setting next_dagrun for example_task_group to None, run_after=None
[2025-03-31T07:13:39.508+0000] {processor.py:208} INFO - Processing /home/airflow/.local/lib/python3.12/site-packages/airflow/example_dags/example_task_group.py took 0.079 seconds
[2025-03-31T07:14:10.428+0000] {processor.py:186} INFO - Started process (PID=14198) to work on /home/airflow/.local/lib/python3.12/site-packages/airflow/example_dags/example_task_group.py
[2025-03-31T07:14:10.429+0000] {processor.py:914} INFO - Processing file /home/airflow/.local/lib/python3.12/site-packages/airflow/example_dags/example_task_group.py for tasks to queue
[2025-03-31T07:14:10.432+0000] {logging_mixin.py:190} INFO - [2025-03-31T07:14:10.431+0000] {dagbag.py:588} INFO - Filling up the DagBag from /home/airflow/.local/lib/python3.12/site-packages/airflow/example_dags/example_task_group.py
[2025-03-31T07:14:10.442+0000] {processor.py:925} INFO - DAG(s) 'example_task_group' retrieved from /home/airflow/.local/lib/python3.12/site-packages/airflow/example_dags/example_task_group.py
[2025-03-31T07:14:10.466+0000] {logging_mixin.py:190} INFO - [2025-03-31T07:14:10.466+0000] {dag.py:3239} INFO - Sync 1 DAGs
[2025-03-31T07:14:10.482+0000] {logging_mixin.py:190} INFO - [2025-03-31T07:14:10.481+0000] {dag.py:4180} INFO - Setting next_dagrun for example_task_group to None, run_after=None
[2025-03-31T07:14:10.501+0000] {processor.py:208} INFO - Processing /home/airflow/.local/lib/python3.12/site-packages/airflow/example_dags/example_task_group.py took 0.081 seconds
[2025-03-31T07:14:41.126+0000] {processor.py:186} INFO - Started process (PID=14487) to work on /home/airflow/.local/lib/python3.12/site-packages/airflow/example_dags/example_task_group.py
[2025-03-31T07:14:41.127+0000] {processor.py:914} INFO - Processing file /home/airflow/.local/lib/python3.12/site-packages/airflow/example_dags/example_task_group.py for tasks to queue
[2025-03-31T07:14:41.129+0000] {logging_mixin.py:190} INFO - [2025-03-31T07:14:41.129+0000] {dagbag.py:588} INFO - Filling up the DagBag from /home/airflow/.local/lib/python3.12/site-packages/airflow/example_dags/example_task_group.py
[2025-03-31T07:14:41.139+0000] {processor.py:925} INFO - DAG(s) 'example_task_group' retrieved from /home/airflow/.local/lib/python3.12/site-packages/airflow/example_dags/example_task_group.py
[2025-03-31T07:14:41.162+0000] {logging_mixin.py:190} INFO - [2025-03-31T07:14:41.161+0000] {dag.py:3239} INFO - Sync 1 DAGs
[2025-03-31T07:14:41.177+0000] {logging_mixin.py:190} INFO - [2025-03-31T07:14:41.177+0000] {dag.py:4180} INFO - Setting next_dagrun for example_task_group to None, run_after=None
[2025-03-31T07:14:41.194+0000] {processor.py:208} INFO - Processing /home/airflow/.local/lib/python3.12/site-packages/airflow/example_dags/example_task_group.py took 0.074 seconds
[2025-03-31T07:15:12.320+0000] {processor.py:186} INFO - Started process (PID=14778) to work on /home/airflow/.local/lib/python3.12/site-packages/airflow/example_dags/example_task_group.py
[2025-03-31T07:15:12.321+0000] {processor.py:914} INFO - Processing file /home/airflow/.local/lib/python3.12/site-packages/airflow/example_dags/example_task_group.py for tasks to queue
[2025-03-31T07:15:12.324+0000] {logging_mixin.py:190} INFO - [2025-03-31T07:15:12.323+0000] {dagbag.py:588} INFO - Filling up the DagBag from /home/airflow/.local/lib/python3.12/site-packages/airflow/example_dags/example_task_group.py
[2025-03-31T07:15:12.334+0000] {processor.py:925} INFO - DAG(s) 'example_task_group' retrieved from /home/airflow/.local/lib/python3.12/site-packages/airflow/example_dags/example_task_group.py
[2025-03-31T07:15:12.360+0000] {logging_mixin.py:190} INFO - [2025-03-31T07:15:12.360+0000] {dag.py:3239} INFO - Sync 1 DAGs
[2025-03-31T07:15:12.379+0000] {logging_mixin.py:190} INFO - [2025-03-31T07:15:12.379+0000] {dag.py:4180} INFO - Setting next_dagrun for example_task_group to None, run_after=None
[2025-03-31T07:15:12.397+0000] {processor.py:208} INFO - Processing /home/airflow/.local/lib/python3.12/site-packages/airflow/example_dags/example_task_group.py took 0.084 seconds
[2025-03-31T07:15:43.556+0000] {processor.py:186} INFO - Started process (PID=15075) to work on /home/airflow/.local/lib/python3.12/site-packages/airflow/example_dags/example_task_group.py
[2025-03-31T07:15:43.557+0000] {processor.py:914} INFO - Processing file /home/airflow/.local/lib/python3.12/site-packages/airflow/example_dags/example_task_group.py for tasks to queue
[2025-03-31T07:15:43.559+0000] {logging_mixin.py:190} INFO - [2025-03-31T07:15:43.559+0000] {dagbag.py:588} INFO - Filling up the DagBag from /home/airflow/.local/lib/python3.12/site-packages/airflow/example_dags/example_task_group.py
[2025-03-31T07:15:43.569+0000] {processor.py:925} INFO - DAG(s) 'example_task_group' retrieved from /home/airflow/.local/lib/python3.12/site-packages/airflow/example_dags/example_task_group.py
[2025-03-31T07:15:43.591+0000] {logging_mixin.py:190} INFO - [2025-03-31T07:15:43.591+0000] {dag.py:3239} INFO - Sync 1 DAGs
[2025-03-31T07:15:43.610+0000] {logging_mixin.py:190} INFO - [2025-03-31T07:15:43.610+0000] {dag.py:4180} INFO - Setting next_dagrun for example_task_group to None, run_after=None
[2025-03-31T07:15:43.627+0000] {processor.py:208} INFO - Processing /home/airflow/.local/lib/python3.12/site-packages/airflow/example_dags/example_task_group.py took 0.078 seconds
[2025-03-31T07:16:14.647+0000] {processor.py:186} INFO - Started process (PID=15366) to work on /home/airflow/.local/lib/python3.12/site-packages/airflow/example_dags/example_task_group.py
[2025-03-31T07:16:14.648+0000] {processor.py:914} INFO - Processing file /home/airflow/.local/lib/python3.12/site-packages/airflow/example_dags/example_task_group.py for tasks to queue
[2025-03-31T07:16:14.651+0000] {logging_mixin.py:190} INFO - [2025-03-31T07:16:14.650+0000] {dagbag.py:588} INFO - Filling up the DagBag from /home/airflow/.local/lib/python3.12/site-packages/airflow/example_dags/example_task_group.py
[2025-03-31T07:16:14.660+0000] {processor.py:925} INFO - DAG(s) 'example_task_group' retrieved from /home/airflow/.local/lib/python3.12/site-packages/airflow/example_dags/example_task_group.py
[2025-03-31T07:16:14.684+0000] {logging_mixin.py:190} INFO - [2025-03-31T07:16:14.684+0000] {dag.py:3239} INFO - Sync 1 DAGs
[2025-03-31T07:16:14.700+0000] {logging_mixin.py:190} INFO - [2025-03-31T07:16:14.700+0000] {dag.py:4180} INFO - Setting next_dagrun for example_task_group to None, run_after=None
[2025-03-31T07:16:14.730+0000] {processor.py:208} INFO - Processing /home/airflow/.local/lib/python3.12/site-packages/airflow/example_dags/example_task_group.py took 0.089 seconds
[2025-03-31T07:16:44.804+0000] {processor.py:186} INFO - Started process (PID=15654) to work on /home/airflow/.local/lib/python3.12/site-packages/airflow/example_dags/example_task_group.py
[2025-03-31T07:16:44.805+0000] {processor.py:914} INFO - Processing file /home/airflow/.local/lib/python3.12/site-packages/airflow/example_dags/example_task_group.py for tasks to queue
[2025-03-31T07:16:44.808+0000] {logging_mixin.py:190} INFO - [2025-03-31T07:16:44.808+0000] {dagbag.py:588} INFO - Filling up the DagBag from /home/airflow/.local/lib/python3.12/site-packages/airflow/example_dags/example_task_group.py
[2025-03-31T07:16:44.830+0000] {processor.py:925} INFO - DAG(s) 'example_task_group' retrieved from /home/airflow/.local/lib/python3.12/site-packages/airflow/example_dags/example_task_group.py
[2025-03-31T07:16:44.853+0000] {logging_mixin.py:190} INFO - [2025-03-31T07:16:44.853+0000] {dag.py:3239} INFO - Sync 1 DAGs
[2025-03-31T07:16:44.868+0000] {logging_mixin.py:190} INFO - [2025-03-31T07:16:44.868+0000] {dag.py:4180} INFO - Setting next_dagrun for example_task_group to None, run_after=None
[2025-03-31T07:16:44.888+0000] {processor.py:208} INFO - Processing /home/airflow/.local/lib/python3.12/site-packages/airflow/example_dags/example_task_group.py took 0.090 seconds
[2025-03-31T07:17:15.350+0000] {processor.py:186} INFO - Started process (PID=15945) to work on /home/airflow/.local/lib/python3.12/site-packages/airflow/example_dags/example_task_group.py
[2025-03-31T07:17:15.351+0000] {processor.py:914} INFO - Processing file /home/airflow/.local/lib/python3.12/site-packages/airflow/example_dags/example_task_group.py for tasks to queue
[2025-03-31T07:17:15.354+0000] {logging_mixin.py:190} INFO - [2025-03-31T07:17:15.353+0000] {dagbag.py:588} INFO - Filling up the DagBag from /home/airflow/.local/lib/python3.12/site-packages/airflow/example_dags/example_task_group.py
[2025-03-31T07:17:15.364+0000] {processor.py:925} INFO - DAG(s) 'example_task_group' retrieved from /home/airflow/.local/lib/python3.12/site-packages/airflow/example_dags/example_task_group.py
[2025-03-31T07:17:15.388+0000] {logging_mixin.py:190} INFO - [2025-03-31T07:17:15.388+0000] {dag.py:3239} INFO - Sync 1 DAGs
[2025-03-31T07:17:15.405+0000] {logging_mixin.py:190} INFO - [2025-03-31T07:17:15.404+0000] {dag.py:4180} INFO - Setting next_dagrun for example_task_group to None, run_after=None
[2025-03-31T07:17:15.424+0000] {processor.py:208} INFO - Processing /home/airflow/.local/lib/python3.12/site-packages/airflow/example_dags/example_task_group.py took 0.081 seconds
[2025-03-31T07:17:46.234+0000] {processor.py:186} INFO - Started process (PID=16234) to work on /home/airflow/.local/lib/python3.12/site-packages/airflow/example_dags/example_task_group.py
[2025-03-31T07:17:46.235+0000] {processor.py:914} INFO - Processing file /home/airflow/.local/lib/python3.12/site-packages/airflow/example_dags/example_task_group.py for tasks to queue
[2025-03-31T07:17:46.238+0000] {logging_mixin.py:190} INFO - [2025-03-31T07:17:46.238+0000] {dagbag.py:588} INFO - Filling up the DagBag from /home/airflow/.local/lib/python3.12/site-packages/airflow/example_dags/example_task_group.py
[2025-03-31T07:17:46.249+0000] {processor.py:925} INFO - DAG(s) 'example_task_group' retrieved from /home/airflow/.local/lib/python3.12/site-packages/airflow/example_dags/example_task_group.py
[2025-03-31T07:17:46.276+0000] {logging_mixin.py:190} INFO - [2025-03-31T07:17:46.276+0000] {dag.py:3239} INFO - Sync 1 DAGs
[2025-03-31T07:17:46.296+0000] {logging_mixin.py:190} INFO - [2025-03-31T07:17:46.296+0000] {dag.py:4180} INFO - Setting next_dagrun for example_task_group to None, run_after=None
[2025-03-31T07:17:46.317+0000] {processor.py:208} INFO - Processing /home/airflow/.local/lib/python3.12/site-packages/airflow/example_dags/example_task_group.py took 0.090 seconds
[2025-03-31T07:18:17.005+0000] {processor.py:186} INFO - Started process (PID=16525) to work on /home/airflow/.local/lib/python3.12/site-packages/airflow/example_dags/example_task_group.py
[2025-03-31T07:18:17.006+0000] {processor.py:914} INFO - Processing file /home/airflow/.local/lib/python3.12/site-packages/airflow/example_dags/example_task_group.py for tasks to queue
[2025-03-31T07:18:17.008+0000] {logging_mixin.py:190} INFO - [2025-03-31T07:18:17.008+0000] {dagbag.py:588} INFO - Filling up the DagBag from /home/airflow/.local/lib/python3.12/site-packages/airflow/example_dags/example_task_group.py
[2025-03-31T07:18:17.018+0000] {processor.py:925} INFO - DAG(s) 'example_task_group' retrieved from /home/airflow/.local/lib/python3.12/site-packages/airflow/example_dags/example_task_group.py
[2025-03-31T07:18:17.042+0000] {logging_mixin.py:190} INFO - [2025-03-31T07:18:17.041+0000] {dag.py:3239} INFO - Sync 1 DAGs
[2025-03-31T07:18:17.057+0000] {logging_mixin.py:190} INFO - [2025-03-31T07:18:17.057+0000] {dag.py:4180} INFO - Setting next_dagrun for example_task_group to None, run_after=None
[2025-03-31T07:18:17.079+0000] {processor.py:208} INFO - Processing /home/airflow/.local/lib/python3.12/site-packages/airflow/example_dags/example_task_group.py took 0.080 seconds
[2025-03-31T07:18:47.532+0000] {processor.py:186} INFO - Started process (PID=16816) to work on /home/airflow/.local/lib/python3.12/site-packages/airflow/example_dags/example_task_group.py
[2025-03-31T07:18:47.533+0000] {processor.py:914} INFO - Processing file /home/airflow/.local/lib/python3.12/site-packages/airflow/example_dags/example_task_group.py for tasks to queue
[2025-03-31T07:18:47.535+0000] {logging_mixin.py:190} INFO - [2025-03-31T07:18:47.535+0000] {dagbag.py:588} INFO - Filling up the DagBag from /home/airflow/.local/lib/python3.12/site-packages/airflow/example_dags/example_task_group.py
[2025-03-31T07:18:47.546+0000] {processor.py:925} INFO - DAG(s) 'example_task_group' retrieved from /home/airflow/.local/lib/python3.12/site-packages/airflow/example_dags/example_task_group.py
[2025-03-31T07:18:47.569+0000] {logging_mixin.py:190} INFO - [2025-03-31T07:18:47.569+0000] {dag.py:3239} INFO - Sync 1 DAGs
[2025-03-31T07:18:47.586+0000] {logging_mixin.py:190} INFO - [2025-03-31T07:18:47.586+0000] {dag.py:4180} INFO - Setting next_dagrun for example_task_group to None, run_after=None
[2025-03-31T07:18:47.607+0000] {processor.py:208} INFO - Processing /home/airflow/.local/lib/python3.12/site-packages/airflow/example_dags/example_task_group.py took 0.082 seconds
[2025-03-31T07:19:17.826+0000] {processor.py:186} INFO - Started process (PID=17107) to work on /home/airflow/.local/lib/python3.12/site-packages/airflow/example_dags/example_task_group.py
[2025-03-31T07:19:17.828+0000] {processor.py:914} INFO - Processing file /home/airflow/.local/lib/python3.12/site-packages/airflow/example_dags/example_task_group.py for tasks to queue
[2025-03-31T07:19:17.831+0000] {logging_mixin.py:190} INFO - [2025-03-31T07:19:17.831+0000] {dagbag.py:588} INFO - Filling up the DagBag from /home/airflow/.local/lib/python3.12/site-packages/airflow/example_dags/example_task_group.py
[2025-03-31T07:19:17.848+0000] {processor.py:925} INFO - DAG(s) 'example_task_group' retrieved from /home/airflow/.local/lib/python3.12/site-packages/airflow/example_dags/example_task_group.py
[2025-03-31T07:19:17.884+0000] {logging_mixin.py:190} INFO - [2025-03-31T07:19:17.883+0000] {dag.py:3239} INFO - Sync 1 DAGs
[2025-03-31T07:19:17.909+0000] {logging_mixin.py:190} INFO - [2025-03-31T07:19:17.908+0000] {dag.py:4180} INFO - Setting next_dagrun for example_task_group to None, run_after=None
[2025-03-31T07:19:17.942+0000] {processor.py:208} INFO - Processing /home/airflow/.local/lib/python3.12/site-packages/airflow/example_dags/example_task_group.py took 0.126 seconds
[2025-03-31T07:19:48.433+0000] {processor.py:186} INFO - Started process (PID=17395) to work on /home/airflow/.local/lib/python3.12/site-packages/airflow/example_dags/example_task_group.py
[2025-03-31T07:19:48.435+0000] {processor.py:914} INFO - Processing file /home/airflow/.local/lib/python3.12/site-packages/airflow/example_dags/example_task_group.py for tasks to queue
[2025-03-31T07:19:48.438+0000] {logging_mixin.py:190} INFO - [2025-03-31T07:19:48.438+0000] {dagbag.py:588} INFO - Filling up the DagBag from /home/airflow/.local/lib/python3.12/site-packages/airflow/example_dags/example_task_group.py
[2025-03-31T07:19:48.453+0000] {processor.py:925} INFO - DAG(s) 'example_task_group' retrieved from /home/airflow/.local/lib/python3.12/site-packages/airflow/example_dags/example_task_group.py
[2025-03-31T07:19:48.484+0000] {logging_mixin.py:190} INFO - [2025-03-31T07:19:48.484+0000] {dag.py:3239} INFO - Sync 1 DAGs
[2025-03-31T07:19:48.505+0000] {logging_mixin.py:190} INFO - [2025-03-31T07:19:48.504+0000] {dag.py:4180} INFO - Setting next_dagrun for example_task_group to None, run_after=None
[2025-03-31T07:19:48.531+0000] {processor.py:208} INFO - Processing /home/airflow/.local/lib/python3.12/site-packages/airflow/example_dags/example_task_group.py took 0.107 seconds
[2025-03-31T07:20:18.948+0000] {processor.py:186} INFO - Started process (PID=17685) to work on /home/airflow/.local/lib/python3.12/site-packages/airflow/example_dags/example_task_group.py
[2025-03-31T07:20:18.949+0000] {processor.py:914} INFO - Processing file /home/airflow/.local/lib/python3.12/site-packages/airflow/example_dags/example_task_group.py for tasks to queue
[2025-03-31T07:20:18.952+0000] {logging_mixin.py:190} INFO - [2025-03-31T07:20:18.952+0000] {dagbag.py:588} INFO - Filling up the DagBag from /home/airflow/.local/lib/python3.12/site-packages/airflow/example_dags/example_task_group.py
[2025-03-31T07:20:18.966+0000] {processor.py:925} INFO - DAG(s) 'example_task_group' retrieved from /home/airflow/.local/lib/python3.12/site-packages/airflow/example_dags/example_task_group.py
[2025-03-31T07:20:18.998+0000] {logging_mixin.py:190} INFO - [2025-03-31T07:20:18.997+0000] {dag.py:3239} INFO - Sync 1 DAGs
[2025-03-31T07:20:19.019+0000] {logging_mixin.py:190} INFO - [2025-03-31T07:20:19.018+0000] {dag.py:4180} INFO - Setting next_dagrun for example_task_group to None, run_after=None
[2025-03-31T07:20:19.046+0000] {processor.py:208} INFO - Processing /home/airflow/.local/lib/python3.12/site-packages/airflow/example_dags/example_task_group.py took 0.107 seconds
[2025-03-31T07:20:49.337+0000] {processor.py:186} INFO - Started process (PID=17976) to work on /home/airflow/.local/lib/python3.12/site-packages/airflow/example_dags/example_task_group.py
[2025-03-31T07:20:49.338+0000] {processor.py:914} INFO - Processing file /home/airflow/.local/lib/python3.12/site-packages/airflow/example_dags/example_task_group.py for tasks to queue
[2025-03-31T07:20:49.340+0000] {logging_mixin.py:190} INFO - [2025-03-31T07:20:49.340+0000] {dagbag.py:588} INFO - Filling up the DagBag from /home/airflow/.local/lib/python3.12/site-packages/airflow/example_dags/example_task_group.py
[2025-03-31T07:20:49.353+0000] {processor.py:925} INFO - DAG(s) 'example_task_group' retrieved from /home/airflow/.local/lib/python3.12/site-packages/airflow/example_dags/example_task_group.py
[2025-03-31T07:20:49.382+0000] {logging_mixin.py:190} INFO - [2025-03-31T07:20:49.382+0000] {dag.py:3239} INFO - Sync 1 DAGs
[2025-03-31T07:20:49.403+0000] {logging_mixin.py:190} INFO - [2025-03-31T07:20:49.403+0000] {dag.py:4180} INFO - Setting next_dagrun for example_task_group to None, run_after=None
[2025-03-31T07:20:49.430+0000] {processor.py:208} INFO - Processing /home/airflow/.local/lib/python3.12/site-packages/airflow/example_dags/example_task_group.py took 0.100 seconds
[2025-03-31T07:21:19.540+0000] {processor.py:186} INFO - Started process (PID=18266) to work on /home/airflow/.local/lib/python3.12/site-packages/airflow/example_dags/example_task_group.py
[2025-03-31T07:21:19.541+0000] {processor.py:914} INFO - Processing file /home/airflow/.local/lib/python3.12/site-packages/airflow/example_dags/example_task_group.py for tasks to queue
[2025-03-31T07:21:19.545+0000] {logging_mixin.py:190} INFO - [2025-03-31T07:21:19.545+0000] {dagbag.py:588} INFO - Filling up the DagBag from /home/airflow/.local/lib/python3.12/site-packages/airflow/example_dags/example_task_group.py
[2025-03-31T07:21:19.557+0000] {processor.py:925} INFO - DAG(s) 'example_task_group' retrieved from /home/airflow/.local/lib/python3.12/site-packages/airflow/example_dags/example_task_group.py
[2025-03-31T07:21:19.591+0000] {logging_mixin.py:190} INFO - [2025-03-31T07:21:19.590+0000] {dag.py:3239} INFO - Sync 1 DAGs
[2025-03-31T07:21:19.614+0000] {logging_mixin.py:190} INFO - [2025-03-31T07:21:19.614+0000] {dag.py:4180} INFO - Setting next_dagrun for example_task_group to None, run_after=None
[2025-03-31T07:21:19.642+0000] {processor.py:208} INFO - Processing /home/airflow/.local/lib/python3.12/site-packages/airflow/example_dags/example_task_group.py took 0.109 seconds
[2025-03-31T07:21:50.021+0000] {processor.py:186} INFO - Started process (PID=18556) to work on /home/airflow/.local/lib/python3.12/site-packages/airflow/example_dags/example_task_group.py
[2025-03-31T07:21:50.023+0000] {processor.py:914} INFO - Processing file /home/airflow/.local/lib/python3.12/site-packages/airflow/example_dags/example_task_group.py for tasks to queue
[2025-03-31T07:21:50.026+0000] {logging_mixin.py:190} INFO - [2025-03-31T07:21:50.025+0000] {dagbag.py:588} INFO - Filling up the DagBag from /home/airflow/.local/lib/python3.12/site-packages/airflow/example_dags/example_task_group.py
[2025-03-31T07:21:50.039+0000] {processor.py:925} INFO - DAG(s) 'example_task_group' retrieved from /home/airflow/.local/lib/python3.12/site-packages/airflow/example_dags/example_task_group.py
[2025-03-31T07:21:50.068+0000] {logging_mixin.py:190} INFO - [2025-03-31T07:21:50.068+0000] {dag.py:3239} INFO - Sync 1 DAGs
[2025-03-31T07:21:50.090+0000] {logging_mixin.py:190} INFO - [2025-03-31T07:21:50.089+0000] {dag.py:4180} INFO - Setting next_dagrun for example_task_group to None, run_after=None
[2025-03-31T07:21:50.119+0000] {processor.py:208} INFO - Processing /home/airflow/.local/lib/python3.12/site-packages/airflow/example_dags/example_task_group.py took 0.105 seconds
[2025-03-31T07:22:20.279+0000] {processor.py:186} INFO - Started process (PID=18849) to work on /home/airflow/.local/lib/python3.12/site-packages/airflow/example_dags/example_task_group.py
[2025-03-31T07:22:20.281+0000] {processor.py:914} INFO - Processing file /home/airflow/.local/lib/python3.12/site-packages/airflow/example_dags/example_task_group.py for tasks to queue
[2025-03-31T07:22:20.284+0000] {logging_mixin.py:190} INFO - [2025-03-31T07:22:20.284+0000] {dagbag.py:588} INFO - Filling up the DagBag from /home/airflow/.local/lib/python3.12/site-packages/airflow/example_dags/example_task_group.py
[2025-03-31T07:22:20.300+0000] {processor.py:925} INFO - DAG(s) 'example_task_group' retrieved from /home/airflow/.local/lib/python3.12/site-packages/airflow/example_dags/example_task_group.py
[2025-03-31T07:22:20.329+0000] {logging_mixin.py:190} INFO - [2025-03-31T07:22:20.329+0000] {dag.py:3239} INFO - Sync 1 DAGs
[2025-03-31T07:22:20.350+0000] {logging_mixin.py:190} INFO - [2025-03-31T07:22:20.350+0000] {dag.py:4180} INFO - Setting next_dagrun for example_task_group to None, run_after=None
[2025-03-31T07:22:20.376+0000] {processor.py:208} INFO - Processing /home/airflow/.local/lib/python3.12/site-packages/airflow/example_dags/example_task_group.py took 0.140 seconds
[2025-03-31T07:22:50.473+0000] {processor.py:186} INFO - Started process (PID=19139) to work on /home/airflow/.local/lib/python3.12/site-packages/airflow/example_dags/example_task_group.py
[2025-03-31T07:22:50.474+0000] {processor.py:914} INFO - Processing file /home/airflow/.local/lib/python3.12/site-packages/airflow/example_dags/example_task_group.py for tasks to queue
[2025-03-31T07:22:50.477+0000] {logging_mixin.py:190} INFO - [2025-03-31T07:22:50.476+0000] {dagbag.py:588} INFO - Filling up the DagBag from /home/airflow/.local/lib/python3.12/site-packages/airflow/example_dags/example_task_group.py
[2025-03-31T07:22:50.490+0000] {processor.py:925} INFO - DAG(s) 'example_task_group' retrieved from /home/airflow/.local/lib/python3.12/site-packages/airflow/example_dags/example_task_group.py
[2025-03-31T07:22:50.521+0000] {logging_mixin.py:190} INFO - [2025-03-31T07:22:50.521+0000] {dag.py:3239} INFO - Sync 1 DAGs
[2025-03-31T07:22:50.542+0000] {logging_mixin.py:190} INFO - [2025-03-31T07:22:50.541+0000] {dag.py:4180} INFO - Setting next_dagrun for example_task_group to None, run_after=None
[2025-03-31T07:22:50.570+0000] {processor.py:208} INFO - Processing /home/airflow/.local/lib/python3.12/site-packages/airflow/example_dags/example_task_group.py took 0.105 seconds
[2025-03-31T07:23:21.005+0000] {processor.py:186} INFO - Started process (PID=19430) to work on /home/airflow/.local/lib/python3.12/site-packages/airflow/example_dags/example_task_group.py
[2025-03-31T07:23:21.006+0000] {processor.py:914} INFO - Processing file /home/airflow/.local/lib/python3.12/site-packages/airflow/example_dags/example_task_group.py for tasks to queue
[2025-03-31T07:23:21.009+0000] {logging_mixin.py:190} INFO - [2025-03-31T07:23:21.009+0000] {dagbag.py:588} INFO - Filling up the DagBag from /home/airflow/.local/lib/python3.12/site-packages/airflow/example_dags/example_task_group.py
[2025-03-31T07:23:21.018+0000] {processor.py:925} INFO - DAG(s) 'example_task_group' retrieved from /home/airflow/.local/lib/python3.12/site-packages/airflow/example_dags/example_task_group.py
[2025-03-31T07:23:21.041+0000] {logging_mixin.py:190} INFO - [2025-03-31T07:23:21.041+0000] {dag.py:3239} INFO - Sync 1 DAGs
[2025-03-31T07:23:21.057+0000] {logging_mixin.py:190} INFO - [2025-03-31T07:23:21.056+0000] {dag.py:4180} INFO - Setting next_dagrun for example_task_group to None, run_after=None
[2025-03-31T07:23:21.075+0000] {processor.py:208} INFO - Processing /home/airflow/.local/lib/python3.12/site-packages/airflow/example_dags/example_task_group.py took 0.076 seconds
[2025-03-31T07:23:51.573+0000] {processor.py:186} INFO - Started process (PID=19721) to work on /home/airflow/.local/lib/python3.12/site-packages/airflow/example_dags/example_task_group.py
[2025-03-31T07:23:51.574+0000] {processor.py:914} INFO - Processing file /home/airflow/.local/lib/python3.12/site-packages/airflow/example_dags/example_task_group.py for tasks to queue
[2025-03-31T07:23:51.577+0000] {logging_mixin.py:190} INFO - [2025-03-31T07:23:51.576+0000] {dagbag.py:588} INFO - Filling up the DagBag from /home/airflow/.local/lib/python3.12/site-packages/airflow/example_dags/example_task_group.py
[2025-03-31T07:23:51.586+0000] {processor.py:925} INFO - DAG(s) 'example_task_group' retrieved from /home/airflow/.local/lib/python3.12/site-packages/airflow/example_dags/example_task_group.py
[2025-03-31T07:23:51.608+0000] {logging_mixin.py:190} INFO - [2025-03-31T07:23:51.607+0000] {dag.py:3239} INFO - Sync 1 DAGs
[2025-03-31T07:23:51.622+0000] {logging_mixin.py:190} INFO - [2025-03-31T07:23:51.622+0000] {dag.py:4180} INFO - Setting next_dagrun for example_task_group to None, run_after=None
[2025-03-31T07:23:51.641+0000] {processor.py:208} INFO - Processing /home/airflow/.local/lib/python3.12/site-packages/airflow/example_dags/example_task_group.py took 0.074 seconds
[2025-03-31T07:24:21.829+0000] {processor.py:186} INFO - Started process (PID=20012) to work on /home/airflow/.local/lib/python3.12/site-packages/airflow/example_dags/example_task_group.py
[2025-03-31T07:24:21.829+0000] {processor.py:914} INFO - Processing file /home/airflow/.local/lib/python3.12/site-packages/airflow/example_dags/example_task_group.py for tasks to queue
[2025-03-31T07:24:21.832+0000] {logging_mixin.py:190} INFO - [2025-03-31T07:24:21.832+0000] {dagbag.py:588} INFO - Filling up the DagBag from /home/airflow/.local/lib/python3.12/site-packages/airflow/example_dags/example_task_group.py
[2025-03-31T07:24:21.841+0000] {processor.py:925} INFO - DAG(s) 'example_task_group' retrieved from /home/airflow/.local/lib/python3.12/site-packages/airflow/example_dags/example_task_group.py
[2025-03-31T07:24:21.863+0000] {logging_mixin.py:190} INFO - [2025-03-31T07:24:21.862+0000] {dag.py:3239} INFO - Sync 1 DAGs
[2025-03-31T07:24:21.878+0000] {logging_mixin.py:190} INFO - [2025-03-31T07:24:21.877+0000] {dag.py:4180} INFO - Setting next_dagrun for example_task_group to None, run_after=None
[2025-03-31T07:24:21.897+0000] {processor.py:208} INFO - Processing /home/airflow/.local/lib/python3.12/site-packages/airflow/example_dags/example_task_group.py took 0.074 seconds
[2025-03-31T07:24:52.264+0000] {processor.py:186} INFO - Started process (PID=20303) to work on /home/airflow/.local/lib/python3.12/site-packages/airflow/example_dags/example_task_group.py
[2025-03-31T07:24:52.265+0000] {processor.py:914} INFO - Processing file /home/airflow/.local/lib/python3.12/site-packages/airflow/example_dags/example_task_group.py for tasks to queue
[2025-03-31T07:24:52.268+0000] {logging_mixin.py:190} INFO - [2025-03-31T07:24:52.267+0000] {dagbag.py:588} INFO - Filling up the DagBag from /home/airflow/.local/lib/python3.12/site-packages/airflow/example_dags/example_task_group.py
[2025-03-31T07:24:52.278+0000] {processor.py:925} INFO - DAG(s) 'example_task_group' retrieved from /home/airflow/.local/lib/python3.12/site-packages/airflow/example_dags/example_task_group.py
[2025-03-31T07:24:52.301+0000] {logging_mixin.py:190} INFO - [2025-03-31T07:24:52.301+0000] {dag.py:3239} INFO - Sync 1 DAGs
[2025-03-31T07:24:52.318+0000] {logging_mixin.py:190} INFO - [2025-03-31T07:24:52.318+0000] {dag.py:4180} INFO - Setting next_dagrun for example_task_group to None, run_after=None
[2025-03-31T07:24:52.352+0000] {processor.py:208} INFO - Processing /home/airflow/.local/lib/python3.12/site-packages/airflow/example_dags/example_task_group.py took 0.095 seconds
[2025-03-31T07:25:22.950+0000] {processor.py:186} INFO - Started process (PID=20594) to work on /home/airflow/.local/lib/python3.12/site-packages/airflow/example_dags/example_task_group.py
[2025-03-31T07:25:22.951+0000] {processor.py:914} INFO - Processing file /home/airflow/.local/lib/python3.12/site-packages/airflow/example_dags/example_task_group.py for tasks to queue
[2025-03-31T07:25:22.953+0000] {logging_mixin.py:190} INFO - [2025-03-31T07:25:22.953+0000] {dagbag.py:588} INFO - Filling up the DagBag from /home/airflow/.local/lib/python3.12/site-packages/airflow/example_dags/example_task_group.py
[2025-03-31T07:25:22.962+0000] {processor.py:925} INFO - DAG(s) 'example_task_group' retrieved from /home/airflow/.local/lib/python3.12/site-packages/airflow/example_dags/example_task_group.py
[2025-03-31T07:25:22.983+0000] {logging_mixin.py:190} INFO - [2025-03-31T07:25:22.983+0000] {dag.py:3239} INFO - Sync 1 DAGs
[2025-03-31T07:25:22.997+0000] {logging_mixin.py:190} INFO - [2025-03-31T07:25:22.997+0000] {dag.py:4180} INFO - Setting next_dagrun for example_task_group to None, run_after=None
[2025-03-31T07:25:23.015+0000] {processor.py:208} INFO - Processing /home/airflow/.local/lib/python3.12/site-packages/airflow/example_dags/example_task_group.py took 0.071 seconds
