[2025-03-31T06:47:41.455+0000] {processor.py:186} INFO - Started process (PID=419) to work on /home/airflow/.local/lib/python3.12/site-packages/airflow/example_dags/example_python_operator.py
[2025-03-31T06:47:41.456+0000] {processor.py:914} INFO - Processing file /home/airflow/.local/lib/python3.12/site-packages/airflow/example_dags/example_python_operator.py for tasks to queue
[2025-03-31T06:47:41.459+0000] {logging_mixin.py:190} INFO - [2025-03-31T06:47:41.459+0000] {dagbag.py:588} INFO - Filling up the DagBag from /home/airflow/.local/lib/python3.12/site-packages/airflow/example_dags/example_python_operator.py
[2025-03-31T06:47:41.476+0000] {processor.py:925} INFO - DAG(s) 'example_python_operator' retrieved from /home/airflow/.local/lib/python3.12/site-packages/airflow/example_dags/example_python_operator.py
[2025-03-31T06:47:41.599+0000] {logging_mixin.py:190} INFO - [2025-03-31T06:47:41.599+0000] {override.py:1912} INFO - Created Permission View: can read on DAG:example_python_operator
[2025-03-31T06:47:41.609+0000] {logging_mixin.py:190} INFO - [2025-03-31T06:47:41.608+0000] {override.py:1912} INFO - Created Permission View: can delete on DAG:example_python_operator
[2025-03-31T06:47:41.615+0000] {logging_mixin.py:190} INFO - [2025-03-31T06:47:41.614+0000] {override.py:1912} INFO - Created Permission View: can edit on DAG:example_python_operator
[2025-03-31T06:47:41.621+0000] {logging_mixin.py:190} INFO - [2025-03-31T06:47:41.621+0000] {override.py:1912} INFO - Created Permission View: can read on DAG Run:example_python_operator
[2025-03-31T06:47:41.627+0000] {logging_mixin.py:190} INFO - [2025-03-31T06:47:41.627+0000] {override.py:1912} INFO - Created Permission View: can delete on DAG Run:example_python_operator
[2025-03-31T06:47:41.633+0000] {logging_mixin.py:190} INFO - [2025-03-31T06:47:41.633+0000] {override.py:1912} INFO - Created Permission View: menu access on DAG Run:example_python_operator
[2025-03-31T06:47:41.640+0000] {logging_mixin.py:190} INFO - [2025-03-31T06:47:41.640+0000] {override.py:1912} INFO - Created Permission View: can create on DAG Run:example_python_operator
[2025-03-31T06:47:41.640+0000] {logging_mixin.py:190} INFO - [2025-03-31T06:47:41.640+0000] {dag.py:3239} INFO - Sync 1 DAGs
[2025-03-31T06:47:41.654+0000] {logging_mixin.py:190} INFO - [2025-03-31T06:47:41.654+0000] {dag.py:3262} INFO - Creating ORM DAG for example_python_operator
[2025-03-31T06:47:41.655+0000] {logging_mixin.py:190} INFO - [2025-03-31T06:47:41.655+0000] {dag.py:4180} INFO - Setting next_dagrun for example_python_operator to None, run_after=None
[2025-03-31T06:47:41.670+0000] {processor.py:208} INFO - Processing /home/airflow/.local/lib/python3.12/site-packages/airflow/example_dags/example_python_operator.py took 0.222 seconds
[2025-03-31T06:48:12.216+0000] {processor.py:186} INFO - Started process (PID=710) to work on /home/airflow/.local/lib/python3.12/site-packages/airflow/example_dags/example_python_operator.py
[2025-03-31T06:48:12.217+0000] {processor.py:914} INFO - Processing file /home/airflow/.local/lib/python3.12/site-packages/airflow/example_dags/example_python_operator.py for tasks to queue
[2025-03-31T06:48:12.219+0000] {logging_mixin.py:190} INFO - [2025-03-31T06:48:12.219+0000] {dagbag.py:588} INFO - Filling up the DagBag from /home/airflow/.local/lib/python3.12/site-packages/airflow/example_dags/example_python_operator.py
[2025-03-31T06:48:12.234+0000] {processor.py:925} INFO - DAG(s) 'example_python_operator' retrieved from /home/airflow/.local/lib/python3.12/site-packages/airflow/example_dags/example_python_operator.py
[2025-03-31T06:48:12.257+0000] {logging_mixin.py:190} INFO - [2025-03-31T06:48:12.257+0000] {dag.py:3239} INFO - Sync 1 DAGs
[2025-03-31T06:48:12.272+0000] {logging_mixin.py:190} INFO - [2025-03-31T06:48:12.272+0000] {dag.py:4180} INFO - Setting next_dagrun for example_python_operator to None, run_after=None
[2025-03-31T06:48:12.290+0000] {processor.py:208} INFO - Processing /home/airflow/.local/lib/python3.12/site-packages/airflow/example_dags/example_python_operator.py took 0.081 seconds
[2025-03-31T06:48:42.912+0000] {processor.py:186} INFO - Started process (PID=1003) to work on /home/airflow/.local/lib/python3.12/site-packages/airflow/example_dags/example_python_operator.py
[2025-03-31T06:48:42.912+0000] {processor.py:914} INFO - Processing file /home/airflow/.local/lib/python3.12/site-packages/airflow/example_dags/example_python_operator.py for tasks to queue
[2025-03-31T06:48:42.915+0000] {logging_mixin.py:190} INFO - [2025-03-31T06:48:42.914+0000] {dagbag.py:588} INFO - Filling up the DagBag from /home/airflow/.local/lib/python3.12/site-packages/airflow/example_dags/example_python_operator.py
[2025-03-31T06:48:42.927+0000] {processor.py:925} INFO - DAG(s) 'example_python_operator' retrieved from /home/airflow/.local/lib/python3.12/site-packages/airflow/example_dags/example_python_operator.py
[2025-03-31T06:48:42.949+0000] {logging_mixin.py:190} INFO - [2025-03-31T06:48:42.949+0000] {dag.py:3239} INFO - Sync 1 DAGs
[2025-03-31T06:48:42.963+0000] {logging_mixin.py:190} INFO - [2025-03-31T06:48:42.963+0000] {dag.py:4180} INFO - Setting next_dagrun for example_python_operator to None, run_after=None
[2025-03-31T06:48:42.981+0000] {processor.py:208} INFO - Processing /home/airflow/.local/lib/python3.12/site-packages/airflow/example_dags/example_python_operator.py took 0.075 seconds
[2025-03-31T06:49:43.632+0000] {processor.py:186} INFO - Started process (PID=420) to work on /home/airflow/.local/lib/python3.12/site-packages/airflow/example_dags/example_python_operator.py
[2025-03-31T06:49:43.633+0000] {processor.py:914} INFO - Processing file /home/airflow/.local/lib/python3.12/site-packages/airflow/example_dags/example_python_operator.py for tasks to queue
[2025-03-31T06:49:43.635+0000] {logging_mixin.py:190} INFO - [2025-03-31T06:49:43.635+0000] {dagbag.py:588} INFO - Filling up the DagBag from /home/airflow/.local/lib/python3.12/site-packages/airflow/example_dags/example_python_operator.py
[2025-03-31T06:49:43.651+0000] {processor.py:925} INFO - DAG(s) 'example_python_operator' retrieved from /home/airflow/.local/lib/python3.12/site-packages/airflow/example_dags/example_python_operator.py
[2025-03-31T06:49:43.776+0000] {logging_mixin.py:190} INFO - [2025-03-31T06:49:43.776+0000] {dag.py:3239} INFO - Sync 1 DAGs
[2025-03-31T06:49:43.790+0000] {logging_mixin.py:190} INFO - [2025-03-31T06:49:43.790+0000] {dag.py:4180} INFO - Setting next_dagrun for example_python_operator to None, run_after=None
[2025-03-31T06:49:43.812+0000] {processor.py:208} INFO - Processing /home/airflow/.local/lib/python3.12/site-packages/airflow/example_dags/example_python_operator.py took 0.187 seconds
[2025-03-31T06:50:14.308+0000] {processor.py:186} INFO - Started process (PID=711) to work on /home/airflow/.local/lib/python3.12/site-packages/airflow/example_dags/example_python_operator.py
[2025-03-31T06:50:14.309+0000] {processor.py:914} INFO - Processing file /home/airflow/.local/lib/python3.12/site-packages/airflow/example_dags/example_python_operator.py for tasks to queue
[2025-03-31T06:50:14.312+0000] {logging_mixin.py:190} INFO - [2025-03-31T06:50:14.311+0000] {dagbag.py:588} INFO - Filling up the DagBag from /home/airflow/.local/lib/python3.12/site-packages/airflow/example_dags/example_python_operator.py
[2025-03-31T06:50:14.325+0000] {processor.py:925} INFO - DAG(s) 'example_python_operator' retrieved from /home/airflow/.local/lib/python3.12/site-packages/airflow/example_dags/example_python_operator.py
[2025-03-31T06:50:14.361+0000] {logging_mixin.py:190} INFO - [2025-03-31T06:50:14.360+0000] {dag.py:3239} INFO - Sync 1 DAGs
[2025-03-31T06:50:14.398+0000] {logging_mixin.py:190} INFO - [2025-03-31T06:50:14.397+0000] {dag.py:4180} INFO - Setting next_dagrun for example_python_operator to None, run_after=None
[2025-03-31T06:50:14.425+0000] {processor.py:208} INFO - Processing /home/airflow/.local/lib/python3.12/site-packages/airflow/example_dags/example_python_operator.py took 0.124 seconds
[2025-03-31T06:50:45.467+0000] {processor.py:186} INFO - Started process (PID=1002) to work on /home/airflow/.local/lib/python3.12/site-packages/airflow/example_dags/example_python_operator.py
[2025-03-31T06:50:45.468+0000] {processor.py:914} INFO - Processing file /home/airflow/.local/lib/python3.12/site-packages/airflow/example_dags/example_python_operator.py for tasks to queue
[2025-03-31T06:50:45.470+0000] {logging_mixin.py:190} INFO - [2025-03-31T06:50:45.470+0000] {dagbag.py:588} INFO - Filling up the DagBag from /home/airflow/.local/lib/python3.12/site-packages/airflow/example_dags/example_python_operator.py
[2025-03-31T06:50:45.486+0000] {processor.py:925} INFO - DAG(s) 'example_python_operator' retrieved from /home/airflow/.local/lib/python3.12/site-packages/airflow/example_dags/example_python_operator.py
[2025-03-31T06:50:45.510+0000] {logging_mixin.py:190} INFO - [2025-03-31T06:50:45.510+0000] {dag.py:3239} INFO - Sync 1 DAGs
[2025-03-31T06:50:45.524+0000] {logging_mixin.py:190} INFO - [2025-03-31T06:50:45.524+0000] {dag.py:4180} INFO - Setting next_dagrun for example_python_operator to None, run_after=None
[2025-03-31T06:50:45.545+0000] {processor.py:208} INFO - Processing /home/airflow/.local/lib/python3.12/site-packages/airflow/example_dags/example_python_operator.py took 0.084 seconds
[2025-03-31T06:51:17.157+0000] {processor.py:186} INFO - Started process (PID=1293) to work on /home/airflow/.local/lib/python3.12/site-packages/airflow/example_dags/example_python_operator.py
[2025-03-31T06:51:17.158+0000] {processor.py:914} INFO - Processing file /home/airflow/.local/lib/python3.12/site-packages/airflow/example_dags/example_python_operator.py for tasks to queue
[2025-03-31T06:51:17.160+0000] {logging_mixin.py:190} INFO - [2025-03-31T06:51:17.160+0000] {dagbag.py:588} INFO - Filling up the DagBag from /home/airflow/.local/lib/python3.12/site-packages/airflow/example_dags/example_python_operator.py
[2025-03-31T06:51:17.172+0000] {processor.py:925} INFO - DAG(s) 'example_python_operator' retrieved from /home/airflow/.local/lib/python3.12/site-packages/airflow/example_dags/example_python_operator.py
[2025-03-31T06:51:17.193+0000] {logging_mixin.py:190} INFO - [2025-03-31T06:51:17.193+0000] {dag.py:3239} INFO - Sync 1 DAGs
[2025-03-31T06:51:17.208+0000] {logging_mixin.py:190} INFO - [2025-03-31T06:51:17.208+0000] {dag.py:4180} INFO - Setting next_dagrun for example_python_operator to None, run_after=None
[2025-03-31T06:51:17.226+0000] {processor.py:208} INFO - Processing /home/airflow/.local/lib/python3.12/site-packages/airflow/example_dags/example_python_operator.py took 0.075 seconds
[2025-03-31T06:51:48.808+0000] {processor.py:186} INFO - Started process (PID=1586) to work on /home/airflow/.local/lib/python3.12/site-packages/airflow/example_dags/example_python_operator.py
[2025-03-31T06:51:48.810+0000] {processor.py:914} INFO - Processing file /home/airflow/.local/lib/python3.12/site-packages/airflow/example_dags/example_python_operator.py for tasks to queue
[2025-03-31T06:51:48.813+0000] {logging_mixin.py:190} INFO - [2025-03-31T06:51:48.812+0000] {dagbag.py:588} INFO - Filling up the DagBag from /home/airflow/.local/lib/python3.12/site-packages/airflow/example_dags/example_python_operator.py
[2025-03-31T06:51:48.833+0000] {processor.py:925} INFO - DAG(s) 'example_python_operator' retrieved from /home/airflow/.local/lib/python3.12/site-packages/airflow/example_dags/example_python_operator.py
[2025-03-31T06:51:48.865+0000] {logging_mixin.py:190} INFO - [2025-03-31T06:51:48.864+0000] {dag.py:3239} INFO - Sync 1 DAGs
[2025-03-31T06:51:48.889+0000] {logging_mixin.py:190} INFO - [2025-03-31T06:51:48.888+0000] {dag.py:4180} INFO - Setting next_dagrun for example_python_operator to None, run_after=None
[2025-03-31T06:51:48.920+0000] {processor.py:208} INFO - Processing /home/airflow/.local/lib/python3.12/site-packages/airflow/example_dags/example_python_operator.py took 0.119 seconds
[2025-03-31T06:52:19.987+0000] {processor.py:186} INFO - Started process (PID=1875) to work on /home/airflow/.local/lib/python3.12/site-packages/airflow/example_dags/example_python_operator.py
[2025-03-31T06:52:19.989+0000] {processor.py:914} INFO - Processing file /home/airflow/.local/lib/python3.12/site-packages/airflow/example_dags/example_python_operator.py for tasks to queue
[2025-03-31T06:52:19.993+0000] {logging_mixin.py:190} INFO - [2025-03-31T06:52:19.992+0000] {dagbag.py:588} INFO - Filling up the DagBag from /home/airflow/.local/lib/python3.12/site-packages/airflow/example_dags/example_python_operator.py
[2025-03-31T06:52:20.009+0000] {processor.py:925} INFO - DAG(s) 'example_python_operator' retrieved from /home/airflow/.local/lib/python3.12/site-packages/airflow/example_dags/example_python_operator.py
[2025-03-31T06:52:20.037+0000] {logging_mixin.py:190} INFO - [2025-03-31T06:52:20.036+0000] {dag.py:3239} INFO - Sync 1 DAGs
[2025-03-31T06:52:20.055+0000] {logging_mixin.py:190} INFO - [2025-03-31T06:52:20.055+0000] {dag.py:4180} INFO - Setting next_dagrun for example_python_operator to None, run_after=None
[2025-03-31T06:52:20.077+0000] {processor.py:208} INFO - Processing /home/airflow/.local/lib/python3.12/site-packages/airflow/example_dags/example_python_operator.py took 0.101 seconds
[2025-03-31T06:52:50.408+0000] {processor.py:186} INFO - Started process (PID=2161) to work on /home/airflow/.local/lib/python3.12/site-packages/airflow/example_dags/example_python_operator.py
[2025-03-31T06:52:50.409+0000] {processor.py:914} INFO - Processing file /home/airflow/.local/lib/python3.12/site-packages/airflow/example_dags/example_python_operator.py for tasks to queue
[2025-03-31T06:52:50.411+0000] {logging_mixin.py:190} INFO - [2025-03-31T06:52:50.411+0000] {dagbag.py:588} INFO - Filling up the DagBag from /home/airflow/.local/lib/python3.12/site-packages/airflow/example_dags/example_python_operator.py
[2025-03-31T06:52:50.424+0000] {processor.py:925} INFO - DAG(s) 'example_python_operator' retrieved from /home/airflow/.local/lib/python3.12/site-packages/airflow/example_dags/example_python_operator.py
[2025-03-31T06:52:50.446+0000] {logging_mixin.py:190} INFO - [2025-03-31T06:52:50.446+0000] {dag.py:3239} INFO - Sync 1 DAGs
[2025-03-31T06:52:50.463+0000] {logging_mixin.py:190} INFO - [2025-03-31T06:52:50.462+0000] {dag.py:4180} INFO - Setting next_dagrun for example_python_operator to None, run_after=None
[2025-03-31T06:52:50.481+0000] {processor.py:208} INFO - Processing /home/airflow/.local/lib/python3.12/site-packages/airflow/example_dags/example_python_operator.py took 0.082 seconds
[2025-03-31T06:53:22.421+0000] {processor.py:186} INFO - Started process (PID=2452) to work on /home/airflow/.local/lib/python3.12/site-packages/airflow/example_dags/example_python_operator.py
[2025-03-31T06:53:22.423+0000] {processor.py:914} INFO - Processing file /home/airflow/.local/lib/python3.12/site-packages/airflow/example_dags/example_python_operator.py for tasks to queue
[2025-03-31T06:53:22.426+0000] {logging_mixin.py:190} INFO - [2025-03-31T06:53:22.425+0000] {dagbag.py:588} INFO - Filling up the DagBag from /home/airflow/.local/lib/python3.12/site-packages/airflow/example_dags/example_python_operator.py
[2025-03-31T06:53:22.445+0000] {processor.py:925} INFO - DAG(s) 'example_python_operator' retrieved from /home/airflow/.local/lib/python3.12/site-packages/airflow/example_dags/example_python_operator.py
[2025-03-31T06:53:22.480+0000] {logging_mixin.py:190} INFO - [2025-03-31T06:53:22.479+0000] {dag.py:3239} INFO - Sync 1 DAGs
[2025-03-31T06:53:22.504+0000] {logging_mixin.py:190} INFO - [2025-03-31T06:53:22.504+0000] {dag.py:4180} INFO - Setting next_dagrun for example_python_operator to None, run_after=None
[2025-03-31T06:53:22.529+0000] {processor.py:208} INFO - Processing /home/airflow/.local/lib/python3.12/site-packages/airflow/example_dags/example_python_operator.py took 0.119 seconds
[2025-03-31T06:53:53.382+0000] {processor.py:186} INFO - Started process (PID=2743) to work on /home/airflow/.local/lib/python3.12/site-packages/airflow/example_dags/example_python_operator.py
[2025-03-31T06:53:53.383+0000] {processor.py:914} INFO - Processing file /home/airflow/.local/lib/python3.12/site-packages/airflow/example_dags/example_python_operator.py for tasks to queue
[2025-03-31T06:53:53.386+0000] {logging_mixin.py:190} INFO - [2025-03-31T06:53:53.385+0000] {dagbag.py:588} INFO - Filling up the DagBag from /home/airflow/.local/lib/python3.12/site-packages/airflow/example_dags/example_python_operator.py
[2025-03-31T06:53:53.401+0000] {processor.py:925} INFO - DAG(s) 'example_python_operator' retrieved from /home/airflow/.local/lib/python3.12/site-packages/airflow/example_dags/example_python_operator.py
[2025-03-31T06:53:53.432+0000] {logging_mixin.py:190} INFO - [2025-03-31T06:53:53.432+0000] {dag.py:3239} INFO - Sync 1 DAGs
[2025-03-31T06:53:53.453+0000] {logging_mixin.py:190} INFO - [2025-03-31T06:53:53.452+0000] {dag.py:4180} INFO - Setting next_dagrun for example_python_operator to None, run_after=None
[2025-03-31T06:53:53.482+0000] {processor.py:208} INFO - Processing /home/airflow/.local/lib/python3.12/site-packages/airflow/example_dags/example_python_operator.py took 0.109 seconds
[2025-03-31T06:54:24.953+0000] {processor.py:186} INFO - Started process (PID=3034) to work on /home/airflow/.local/lib/python3.12/site-packages/airflow/example_dags/example_python_operator.py
[2025-03-31T06:54:24.954+0000] {processor.py:914} INFO - Processing file /home/airflow/.local/lib/python3.12/site-packages/airflow/example_dags/example_python_operator.py for tasks to queue
[2025-03-31T06:54:24.960+0000] {logging_mixin.py:190} INFO - [2025-03-31T06:54:24.960+0000] {dagbag.py:588} INFO - Filling up the DagBag from /home/airflow/.local/lib/python3.12/site-packages/airflow/example_dags/example_python_operator.py
[2025-03-31T06:54:24.973+0000] {processor.py:925} INFO - DAG(s) 'example_python_operator' retrieved from /home/airflow/.local/lib/python3.12/site-packages/airflow/example_dags/example_python_operator.py
[2025-03-31T06:54:25.005+0000] {logging_mixin.py:190} INFO - [2025-03-31T06:54:25.005+0000] {dag.py:3239} INFO - Sync 1 DAGs
[2025-03-31T06:54:25.023+0000] {logging_mixin.py:190} INFO - [2025-03-31T06:54:25.023+0000] {dag.py:4180} INFO - Setting next_dagrun for example_python_operator to None, run_after=None
[2025-03-31T06:54:25.044+0000] {processor.py:208} INFO - Processing /home/airflow/.local/lib/python3.12/site-packages/airflow/example_dags/example_python_operator.py took 0.099 seconds
[2025-03-31T06:54:55.629+0000] {processor.py:186} INFO - Started process (PID=3325) to work on /home/airflow/.local/lib/python3.12/site-packages/airflow/example_dags/example_python_operator.py
[2025-03-31T06:54:55.630+0000] {processor.py:914} INFO - Processing file /home/airflow/.local/lib/python3.12/site-packages/airflow/example_dags/example_python_operator.py for tasks to queue
[2025-03-31T06:54:55.632+0000] {logging_mixin.py:190} INFO - [2025-03-31T06:54:55.632+0000] {dagbag.py:588} INFO - Filling up the DagBag from /home/airflow/.local/lib/python3.12/site-packages/airflow/example_dags/example_python_operator.py
[2025-03-31T06:54:55.645+0000] {processor.py:925} INFO - DAG(s) 'example_python_operator' retrieved from /home/airflow/.local/lib/python3.12/site-packages/airflow/example_dags/example_python_operator.py
[2025-03-31T06:54:55.667+0000] {logging_mixin.py:190} INFO - [2025-03-31T06:54:55.667+0000] {dag.py:3239} INFO - Sync 1 DAGs
[2025-03-31T06:54:55.683+0000] {logging_mixin.py:190} INFO - [2025-03-31T06:54:55.683+0000] {dag.py:4180} INFO - Setting next_dagrun for example_python_operator to None, run_after=None
[2025-03-31T06:54:55.703+0000] {processor.py:208} INFO - Processing /home/airflow/.local/lib/python3.12/site-packages/airflow/example_dags/example_python_operator.py took 0.081 seconds
[2025-03-31T06:55:27.124+0000] {processor.py:186} INFO - Started process (PID=3620) to work on /home/airflow/.local/lib/python3.12/site-packages/airflow/example_dags/example_python_operator.py
[2025-03-31T06:55:27.125+0000] {processor.py:914} INFO - Processing file /home/airflow/.local/lib/python3.12/site-packages/airflow/example_dags/example_python_operator.py for tasks to queue
[2025-03-31T06:55:27.129+0000] {logging_mixin.py:190} INFO - [2025-03-31T06:55:27.129+0000] {dagbag.py:588} INFO - Filling up the DagBag from /home/airflow/.local/lib/python3.12/site-packages/airflow/example_dags/example_python_operator.py
[2025-03-31T06:55:27.143+0000] {processor.py:925} INFO - DAG(s) 'example_python_operator' retrieved from /home/airflow/.local/lib/python3.12/site-packages/airflow/example_dags/example_python_operator.py
[2025-03-31T06:55:27.166+0000] {logging_mixin.py:190} INFO - [2025-03-31T06:55:27.166+0000] {dag.py:3239} INFO - Sync 1 DAGs
[2025-03-31T06:55:27.181+0000] {logging_mixin.py:190} INFO - [2025-03-31T06:55:27.181+0000] {dag.py:4180} INFO - Setting next_dagrun for example_python_operator to None, run_after=None
[2025-03-31T06:55:27.199+0000] {processor.py:208} INFO - Processing /home/airflow/.local/lib/python3.12/site-packages/airflow/example_dags/example_python_operator.py took 0.087 seconds
[2025-03-31T06:55:58.457+0000] {processor.py:186} INFO - Started process (PID=3915) to work on /home/airflow/.local/lib/python3.12/site-packages/airflow/example_dags/example_python_operator.py
[2025-03-31T06:55:58.458+0000] {processor.py:914} INFO - Processing file /home/airflow/.local/lib/python3.12/site-packages/airflow/example_dags/example_python_operator.py for tasks to queue
[2025-03-31T06:55:58.460+0000] {logging_mixin.py:190} INFO - [2025-03-31T06:55:58.460+0000] {dagbag.py:588} INFO - Filling up the DagBag from /home/airflow/.local/lib/python3.12/site-packages/airflow/example_dags/example_python_operator.py
[2025-03-31T06:55:58.471+0000] {processor.py:925} INFO - DAG(s) 'example_python_operator' retrieved from /home/airflow/.local/lib/python3.12/site-packages/airflow/example_dags/example_python_operator.py
[2025-03-31T06:55:58.494+0000] {logging_mixin.py:190} INFO - [2025-03-31T06:55:58.493+0000] {dag.py:3239} INFO - Sync 1 DAGs
[2025-03-31T06:55:58.508+0000] {logging_mixin.py:190} INFO - [2025-03-31T06:55:58.508+0000] {dag.py:4180} INFO - Setting next_dagrun for example_python_operator to None, run_after=None
[2025-03-31T06:55:58.525+0000] {processor.py:208} INFO - Processing /home/airflow/.local/lib/python3.12/site-packages/airflow/example_dags/example_python_operator.py took 0.073 seconds
[2025-03-31T06:56:31.720+0000] {processor.py:186} INFO - Started process (PID=4211) to work on /home/airflow/.local/lib/python3.12/site-packages/airflow/example_dags/example_python_operator.py
[2025-03-31T06:56:31.721+0000] {processor.py:914} INFO - Processing file /home/airflow/.local/lib/python3.12/site-packages/airflow/example_dags/example_python_operator.py for tasks to queue
[2025-03-31T06:56:31.724+0000] {logging_mixin.py:190} INFO - [2025-03-31T06:56:31.723+0000] {dagbag.py:588} INFO - Filling up the DagBag from /home/airflow/.local/lib/python3.12/site-packages/airflow/example_dags/example_python_operator.py
[2025-03-31T06:56:31.743+0000] {processor.py:925} INFO - DAG(s) 'example_python_operator' retrieved from /home/airflow/.local/lib/python3.12/site-packages/airflow/example_dags/example_python_operator.py
[2025-03-31T06:56:31.778+0000] {logging_mixin.py:190} INFO - [2025-03-31T06:56:31.777+0000] {dag.py:3239} INFO - Sync 1 DAGs
[2025-03-31T06:56:31.804+0000] {logging_mixin.py:190} INFO - [2025-03-31T06:56:31.803+0000] {dag.py:4180} INFO - Setting next_dagrun for example_python_operator to None, run_after=None
[2025-03-31T06:56:31.838+0000] {processor.py:208} INFO - Processing /home/airflow/.local/lib/python3.12/site-packages/airflow/example_dags/example_python_operator.py took 0.128 seconds
[2025-03-31T06:57:03.119+0000] {processor.py:186} INFO - Started process (PID=4502) to work on /home/airflow/.local/lib/python3.12/site-packages/airflow/example_dags/example_python_operator.py
[2025-03-31T06:57:03.121+0000] {processor.py:914} INFO - Processing file /home/airflow/.local/lib/python3.12/site-packages/airflow/example_dags/example_python_operator.py for tasks to queue
[2025-03-31T06:57:03.124+0000] {logging_mixin.py:190} INFO - [2025-03-31T06:57:03.123+0000] {dagbag.py:588} INFO - Filling up the DagBag from /home/airflow/.local/lib/python3.12/site-packages/airflow/example_dags/example_python_operator.py
[2025-03-31T06:57:03.145+0000] {processor.py:925} INFO - DAG(s) 'example_python_operator' retrieved from /home/airflow/.local/lib/python3.12/site-packages/airflow/example_dags/example_python_operator.py
[2025-03-31T06:57:03.180+0000] {logging_mixin.py:190} INFO - [2025-03-31T06:57:03.180+0000] {dag.py:3239} INFO - Sync 1 DAGs
[2025-03-31T06:57:03.205+0000] {logging_mixin.py:190} INFO - [2025-03-31T06:57:03.205+0000] {dag.py:4180} INFO - Setting next_dagrun for example_python_operator to None, run_after=None
[2025-03-31T06:57:03.236+0000] {processor.py:208} INFO - Processing /home/airflow/.local/lib/python3.12/site-packages/airflow/example_dags/example_python_operator.py took 0.127 seconds
[2025-03-31T06:57:33.736+0000] {processor.py:186} INFO - Started process (PID=4788) to work on /home/airflow/.local/lib/python3.12/site-packages/airflow/example_dags/example_python_operator.py
[2025-03-31T06:57:33.738+0000] {processor.py:914} INFO - Processing file /home/airflow/.local/lib/python3.12/site-packages/airflow/example_dags/example_python_operator.py for tasks to queue
[2025-03-31T06:57:33.741+0000] {logging_mixin.py:190} INFO - [2025-03-31T06:57:33.740+0000] {dagbag.py:588} INFO - Filling up the DagBag from /home/airflow/.local/lib/python3.12/site-packages/airflow/example_dags/example_python_operator.py
[2025-03-31T06:57:33.758+0000] {processor.py:925} INFO - DAG(s) 'example_python_operator' retrieved from /home/airflow/.local/lib/python3.12/site-packages/airflow/example_dags/example_python_operator.py
[2025-03-31T06:57:33.787+0000] {logging_mixin.py:190} INFO - [2025-03-31T06:57:33.786+0000] {dag.py:3239} INFO - Sync 1 DAGs
[2025-03-31T06:57:33.805+0000] {logging_mixin.py:190} INFO - [2025-03-31T06:57:33.805+0000] {dag.py:4180} INFO - Setting next_dagrun for example_python_operator to None, run_after=None
[2025-03-31T06:57:33.832+0000] {processor.py:208} INFO - Processing /home/airflow/.local/lib/python3.12/site-packages/airflow/example_dags/example_python_operator.py took 0.104 seconds
[2025-03-31T06:58:05.039+0000] {processor.py:186} INFO - Started process (PID=5079) to work on /home/airflow/.local/lib/python3.12/site-packages/airflow/example_dags/example_python_operator.py
[2025-03-31T06:58:05.040+0000] {processor.py:914} INFO - Processing file /home/airflow/.local/lib/python3.12/site-packages/airflow/example_dags/example_python_operator.py for tasks to queue
[2025-03-31T06:58:05.043+0000] {logging_mixin.py:190} INFO - [2025-03-31T06:58:05.043+0000] {dagbag.py:588} INFO - Filling up the DagBag from /home/airflow/.local/lib/python3.12/site-packages/airflow/example_dags/example_python_operator.py
[2025-03-31T06:58:05.062+0000] {processor.py:925} INFO - DAG(s) 'example_python_operator' retrieved from /home/airflow/.local/lib/python3.12/site-packages/airflow/example_dags/example_python_operator.py
[2025-03-31T06:58:05.092+0000] {logging_mixin.py:190} INFO - [2025-03-31T06:58:05.092+0000] {dag.py:3239} INFO - Sync 1 DAGs
[2025-03-31T06:58:05.110+0000] {logging_mixin.py:190} INFO - [2025-03-31T06:58:05.110+0000] {dag.py:4180} INFO - Setting next_dagrun for example_python_operator to None, run_after=None
[2025-03-31T06:58:05.131+0000] {processor.py:208} INFO - Processing /home/airflow/.local/lib/python3.12/site-packages/airflow/example_dags/example_python_operator.py took 0.102 seconds
[2025-03-31T06:58:36.458+0000] {processor.py:186} INFO - Started process (PID=5370) to work on /home/airflow/.local/lib/python3.12/site-packages/airflow/example_dags/example_python_operator.py
[2025-03-31T06:58:36.460+0000] {processor.py:914} INFO - Processing file /home/airflow/.local/lib/python3.12/site-packages/airflow/example_dags/example_python_operator.py for tasks to queue
[2025-03-31T06:58:36.462+0000] {logging_mixin.py:190} INFO - [2025-03-31T06:58:36.462+0000] {dagbag.py:588} INFO - Filling up the DagBag from /home/airflow/.local/lib/python3.12/site-packages/airflow/example_dags/example_python_operator.py
[2025-03-31T06:58:36.480+0000] {processor.py:925} INFO - DAG(s) 'example_python_operator' retrieved from /home/airflow/.local/lib/python3.12/site-packages/airflow/example_dags/example_python_operator.py
[2025-03-31T06:58:36.512+0000] {logging_mixin.py:190} INFO - [2025-03-31T06:58:36.512+0000] {dag.py:3239} INFO - Sync 1 DAGs
[2025-03-31T06:58:36.535+0000] {logging_mixin.py:190} INFO - [2025-03-31T06:58:36.535+0000] {dag.py:4180} INFO - Setting next_dagrun for example_python_operator to None, run_after=None
[2025-03-31T06:58:36.561+0000] {processor.py:208} INFO - Processing /home/airflow/.local/lib/python3.12/site-packages/airflow/example_dags/example_python_operator.py took 0.110 seconds
[2025-03-31T06:59:07.857+0000] {processor.py:186} INFO - Started process (PID=5663) to work on /home/airflow/.local/lib/python3.12/site-packages/airflow/example_dags/example_python_operator.py
[2025-03-31T06:59:07.858+0000] {processor.py:914} INFO - Processing file /home/airflow/.local/lib/python3.12/site-packages/airflow/example_dags/example_python_operator.py for tasks to queue
[2025-03-31T06:59:07.860+0000] {logging_mixin.py:190} INFO - [2025-03-31T06:59:07.860+0000] {dagbag.py:588} INFO - Filling up the DagBag from /home/airflow/.local/lib/python3.12/site-packages/airflow/example_dags/example_python_operator.py
[2025-03-31T06:59:07.874+0000] {processor.py:925} INFO - DAG(s) 'example_python_operator' retrieved from /home/airflow/.local/lib/python3.12/site-packages/airflow/example_dags/example_python_operator.py
[2025-03-31T06:59:07.901+0000] {logging_mixin.py:190} INFO - [2025-03-31T06:59:07.901+0000] {dag.py:3239} INFO - Sync 1 DAGs
[2025-03-31T06:59:07.918+0000] {logging_mixin.py:190} INFO - [2025-03-31T06:59:07.917+0000] {dag.py:4180} INFO - Setting next_dagrun for example_python_operator to None, run_after=None
[2025-03-31T06:59:07.939+0000] {processor.py:208} INFO - Processing /home/airflow/.local/lib/python3.12/site-packages/airflow/example_dags/example_python_operator.py took 0.088 seconds
[2025-03-31T06:59:39.156+0000] {processor.py:186} INFO - Started process (PID=5954) to work on /home/airflow/.local/lib/python3.12/site-packages/airflow/example_dags/example_python_operator.py
[2025-03-31T06:59:39.157+0000] {processor.py:914} INFO - Processing file /home/airflow/.local/lib/python3.12/site-packages/airflow/example_dags/example_python_operator.py for tasks to queue
[2025-03-31T06:59:39.159+0000] {logging_mixin.py:190} INFO - [2025-03-31T06:59:39.159+0000] {dagbag.py:588} INFO - Filling up the DagBag from /home/airflow/.local/lib/python3.12/site-packages/airflow/example_dags/example_python_operator.py
[2025-03-31T06:59:39.175+0000] {processor.py:925} INFO - DAG(s) 'example_python_operator' retrieved from /home/airflow/.local/lib/python3.12/site-packages/airflow/example_dags/example_python_operator.py
[2025-03-31T06:59:39.199+0000] {logging_mixin.py:190} INFO - [2025-03-31T06:59:39.198+0000] {dag.py:3239} INFO - Sync 1 DAGs
[2025-03-31T06:59:39.214+0000] {logging_mixin.py:190} INFO - [2025-03-31T06:59:39.214+0000] {dag.py:4180} INFO - Setting next_dagrun for example_python_operator to None, run_after=None
[2025-03-31T06:59:39.236+0000] {processor.py:208} INFO - Processing /home/airflow/.local/lib/python3.12/site-packages/airflow/example_dags/example_python_operator.py took 0.086 seconds
[2025-03-31T07:00:10.291+0000] {processor.py:186} INFO - Started process (PID=6243) to work on /home/airflow/.local/lib/python3.12/site-packages/airflow/example_dags/example_python_operator.py
[2025-03-31T07:00:10.292+0000] {processor.py:914} INFO - Processing file /home/airflow/.local/lib/python3.12/site-packages/airflow/example_dags/example_python_operator.py for tasks to queue
[2025-03-31T07:00:10.295+0000] {logging_mixin.py:190} INFO - [2025-03-31T07:00:10.294+0000] {dagbag.py:588} INFO - Filling up the DagBag from /home/airflow/.local/lib/python3.12/site-packages/airflow/example_dags/example_python_operator.py
[2025-03-31T07:00:10.309+0000] {processor.py:925} INFO - DAG(s) 'example_python_operator' retrieved from /home/airflow/.local/lib/python3.12/site-packages/airflow/example_dags/example_python_operator.py
[2025-03-31T07:00:10.336+0000] {logging_mixin.py:190} INFO - [2025-03-31T07:00:10.335+0000] {dag.py:3239} INFO - Sync 1 DAGs
[2025-03-31T07:00:10.354+0000] {logging_mixin.py:190} INFO - [2025-03-31T07:00:10.353+0000] {dag.py:4180} INFO - Setting next_dagrun for example_python_operator to None, run_after=None
[2025-03-31T07:00:10.372+0000] {processor.py:208} INFO - Processing /home/airflow/.local/lib/python3.12/site-packages/airflow/example_dags/example_python_operator.py took 0.088 seconds
[2025-03-31T07:00:41.860+0000] {processor.py:186} INFO - Started process (PID=6540) to work on /home/airflow/.local/lib/python3.12/site-packages/airflow/example_dags/example_python_operator.py
[2025-03-31T07:00:41.861+0000] {processor.py:914} INFO - Processing file /home/airflow/.local/lib/python3.12/site-packages/airflow/example_dags/example_python_operator.py for tasks to queue
[2025-03-31T07:00:41.864+0000] {logging_mixin.py:190} INFO - [2025-03-31T07:00:41.864+0000] {dagbag.py:588} INFO - Filling up the DagBag from /home/airflow/.local/lib/python3.12/site-packages/airflow/example_dags/example_python_operator.py
[2025-03-31T07:00:41.882+0000] {processor.py:925} INFO - DAG(s) 'example_python_operator' retrieved from /home/airflow/.local/lib/python3.12/site-packages/airflow/example_dags/example_python_operator.py
[2025-03-31T07:00:41.917+0000] {logging_mixin.py:190} INFO - [2025-03-31T07:00:41.917+0000] {dag.py:3239} INFO - Sync 1 DAGs
[2025-03-31T07:00:41.935+0000] {logging_mixin.py:190} INFO - [2025-03-31T07:00:41.935+0000] {dag.py:4180} INFO - Setting next_dagrun for example_python_operator to None, run_after=None
[2025-03-31T07:00:41.956+0000] {processor.py:208} INFO - Processing /home/airflow/.local/lib/python3.12/site-packages/airflow/example_dags/example_python_operator.py took 0.104 seconds
[2025-03-31T07:01:12.693+0000] {processor.py:186} INFO - Started process (PID=6831) to work on /home/airflow/.local/lib/python3.12/site-packages/airflow/example_dags/example_python_operator.py
[2025-03-31T07:01:12.694+0000] {processor.py:914} INFO - Processing file /home/airflow/.local/lib/python3.12/site-packages/airflow/example_dags/example_python_operator.py for tasks to queue
[2025-03-31T07:01:12.696+0000] {logging_mixin.py:190} INFO - [2025-03-31T07:01:12.696+0000] {dagbag.py:588} INFO - Filling up the DagBag from /home/airflow/.local/lib/python3.12/site-packages/airflow/example_dags/example_python_operator.py
[2025-03-31T07:01:12.710+0000] {processor.py:925} INFO - DAG(s) 'example_python_operator' retrieved from /home/airflow/.local/lib/python3.12/site-packages/airflow/example_dags/example_python_operator.py
[2025-03-31T07:01:12.734+0000] {logging_mixin.py:190} INFO - [2025-03-31T07:01:12.734+0000] {dag.py:3239} INFO - Sync 1 DAGs
[2025-03-31T07:01:12.752+0000] {logging_mixin.py:190} INFO - [2025-03-31T07:01:12.752+0000] {dag.py:4180} INFO - Setting next_dagrun for example_python_operator to None, run_after=None
[2025-03-31T07:01:12.775+0000] {processor.py:208} INFO - Processing /home/airflow/.local/lib/python3.12/site-packages/airflow/example_dags/example_python_operator.py took 0.087 seconds
[2025-03-31T07:01:43.350+0000] {processor.py:186} INFO - Started process (PID=7117) to work on /home/airflow/.local/lib/python3.12/site-packages/airflow/example_dags/example_python_operator.py
[2025-03-31T07:01:43.351+0000] {processor.py:914} INFO - Processing file /home/airflow/.local/lib/python3.12/site-packages/airflow/example_dags/example_python_operator.py for tasks to queue
[2025-03-31T07:01:43.353+0000] {logging_mixin.py:190} INFO - [2025-03-31T07:01:43.353+0000] {dagbag.py:588} INFO - Filling up the DagBag from /home/airflow/.local/lib/python3.12/site-packages/airflow/example_dags/example_python_operator.py
[2025-03-31T07:01:43.366+0000] {processor.py:925} INFO - DAG(s) 'example_python_operator' retrieved from /home/airflow/.local/lib/python3.12/site-packages/airflow/example_dags/example_python_operator.py
[2025-03-31T07:01:43.388+0000] {logging_mixin.py:190} INFO - [2025-03-31T07:01:43.388+0000] {dag.py:3239} INFO - Sync 1 DAGs
[2025-03-31T07:01:43.406+0000] {logging_mixin.py:190} INFO - [2025-03-31T07:01:43.405+0000] {dag.py:4180} INFO - Setting next_dagrun for example_python_operator to None, run_after=None
[2025-03-31T07:01:43.427+0000] {processor.py:208} INFO - Processing /home/airflow/.local/lib/python3.12/site-packages/airflow/example_dags/example_python_operator.py took 0.083 seconds
[2025-03-31T07:02:15.178+0000] {processor.py:186} INFO - Started process (PID=7413) to work on /home/airflow/.local/lib/python3.12/site-packages/airflow/example_dags/example_python_operator.py
[2025-03-31T07:02:15.179+0000] {processor.py:914} INFO - Processing file /home/airflow/.local/lib/python3.12/site-packages/airflow/example_dags/example_python_operator.py for tasks to queue
[2025-03-31T07:02:15.182+0000] {logging_mixin.py:190} INFO - [2025-03-31T07:02:15.181+0000] {dagbag.py:588} INFO - Filling up the DagBag from /home/airflow/.local/lib/python3.12/site-packages/airflow/example_dags/example_python_operator.py
[2025-03-31T07:02:15.194+0000] {processor.py:925} INFO - DAG(s) 'example_python_operator' retrieved from /home/airflow/.local/lib/python3.12/site-packages/airflow/example_dags/example_python_operator.py
[2025-03-31T07:02:15.216+0000] {logging_mixin.py:190} INFO - [2025-03-31T07:02:15.216+0000] {dag.py:3239} INFO - Sync 1 DAGs
[2025-03-31T07:02:15.231+0000] {logging_mixin.py:190} INFO - [2025-03-31T07:02:15.231+0000] {dag.py:4180} INFO - Setting next_dagrun for example_python_operator to None, run_after=None
[2025-03-31T07:02:15.250+0000] {processor.py:208} INFO - Processing /home/airflow/.local/lib/python3.12/site-packages/airflow/example_dags/example_python_operator.py took 0.078 seconds
[2025-03-31T07:02:46.017+0000] {processor.py:186} INFO - Started process (PID=7704) to work on /home/airflow/.local/lib/python3.12/site-packages/airflow/example_dags/example_python_operator.py
[2025-03-31T07:02:46.018+0000] {processor.py:914} INFO - Processing file /home/airflow/.local/lib/python3.12/site-packages/airflow/example_dags/example_python_operator.py for tasks to queue
[2025-03-31T07:02:46.020+0000] {logging_mixin.py:190} INFO - [2025-03-31T07:02:46.020+0000] {dagbag.py:588} INFO - Filling up the DagBag from /home/airflow/.local/lib/python3.12/site-packages/airflow/example_dags/example_python_operator.py
[2025-03-31T07:02:46.033+0000] {processor.py:925} INFO - DAG(s) 'example_python_operator' retrieved from /home/airflow/.local/lib/python3.12/site-packages/airflow/example_dags/example_python_operator.py
[2025-03-31T07:02:46.055+0000] {logging_mixin.py:190} INFO - [2025-03-31T07:02:46.054+0000] {dag.py:3239} INFO - Sync 1 DAGs
[2025-03-31T07:02:46.069+0000] {logging_mixin.py:190} INFO - [2025-03-31T07:02:46.068+0000] {dag.py:4180} INFO - Setting next_dagrun for example_python_operator to None, run_after=None
[2025-03-31T07:02:46.087+0000] {processor.py:208} INFO - Processing /home/airflow/.local/lib/python3.12/site-packages/airflow/example_dags/example_python_operator.py took 0.076 seconds
[2025-03-31T07:03:17.172+0000] {processor.py:186} INFO - Started process (PID=7995) to work on /home/airflow/.local/lib/python3.12/site-packages/airflow/example_dags/example_python_operator.py
[2025-03-31T07:03:17.173+0000] {processor.py:914} INFO - Processing file /home/airflow/.local/lib/python3.12/site-packages/airflow/example_dags/example_python_operator.py for tasks to queue
[2025-03-31T07:03:17.175+0000] {logging_mixin.py:190} INFO - [2025-03-31T07:03:17.175+0000] {dagbag.py:588} INFO - Filling up the DagBag from /home/airflow/.local/lib/python3.12/site-packages/airflow/example_dags/example_python_operator.py
[2025-03-31T07:03:17.189+0000] {processor.py:925} INFO - DAG(s) 'example_python_operator' retrieved from /home/airflow/.local/lib/python3.12/site-packages/airflow/example_dags/example_python_operator.py
[2025-03-31T07:03:17.215+0000] {logging_mixin.py:190} INFO - [2025-03-31T07:03:17.215+0000] {dag.py:3239} INFO - Sync 1 DAGs
[2025-03-31T07:03:17.230+0000] {logging_mixin.py:190} INFO - [2025-03-31T07:03:17.230+0000] {dag.py:4180} INFO - Setting next_dagrun for example_python_operator to None, run_after=None
[2025-03-31T07:03:17.249+0000] {processor.py:208} INFO - Processing /home/airflow/.local/lib/python3.12/site-packages/airflow/example_dags/example_python_operator.py took 0.084 seconds
[2025-03-31T07:03:48.904+0000] {processor.py:186} INFO - Started process (PID=8286) to work on /home/airflow/.local/lib/python3.12/site-packages/airflow/example_dags/example_python_operator.py
[2025-03-31T07:03:48.905+0000] {processor.py:914} INFO - Processing file /home/airflow/.local/lib/python3.12/site-packages/airflow/example_dags/example_python_operator.py for tasks to queue
[2025-03-31T07:03:48.908+0000] {logging_mixin.py:190} INFO - [2025-03-31T07:03:48.908+0000] {dagbag.py:588} INFO - Filling up the DagBag from /home/airflow/.local/lib/python3.12/site-packages/airflow/example_dags/example_python_operator.py
[2025-03-31T07:03:48.921+0000] {processor.py:925} INFO - DAG(s) 'example_python_operator' retrieved from /home/airflow/.local/lib/python3.12/site-packages/airflow/example_dags/example_python_operator.py
[2025-03-31T07:03:48.945+0000] {logging_mixin.py:190} INFO - [2025-03-31T07:03:48.945+0000] {dag.py:3239} INFO - Sync 1 DAGs
[2025-03-31T07:03:48.961+0000] {logging_mixin.py:190} INFO - [2025-03-31T07:03:48.961+0000] {dag.py:4180} INFO - Setting next_dagrun for example_python_operator to None, run_after=None
[2025-03-31T07:03:48.980+0000] {processor.py:208} INFO - Processing /home/airflow/.local/lib/python3.12/site-packages/airflow/example_dags/example_python_operator.py took 0.082 seconds
[2025-03-31T07:04:20.003+0000] {processor.py:186} INFO - Started process (PID=8577) to work on /home/airflow/.local/lib/python3.12/site-packages/airflow/example_dags/example_python_operator.py
[2025-03-31T07:04:20.004+0000] {processor.py:914} INFO - Processing file /home/airflow/.local/lib/python3.12/site-packages/airflow/example_dags/example_python_operator.py for tasks to queue
[2025-03-31T07:04:20.007+0000] {logging_mixin.py:190} INFO - [2025-03-31T07:04:20.006+0000] {dagbag.py:588} INFO - Filling up the DagBag from /home/airflow/.local/lib/python3.12/site-packages/airflow/example_dags/example_python_operator.py
[2025-03-31T07:04:20.021+0000] {processor.py:925} INFO - DAG(s) 'example_python_operator' retrieved from /home/airflow/.local/lib/python3.12/site-packages/airflow/example_dags/example_python_operator.py
[2025-03-31T07:04:20.045+0000] {logging_mixin.py:190} INFO - [2025-03-31T07:04:20.045+0000] {dag.py:3239} INFO - Sync 1 DAGs
[2025-03-31T07:04:20.064+0000] {logging_mixin.py:190} INFO - [2025-03-31T07:04:20.063+0000] {dag.py:4180} INFO - Setting next_dagrun for example_python_operator to None, run_after=None
[2025-03-31T07:04:20.085+0000] {processor.py:208} INFO - Processing /home/airflow/.local/lib/python3.12/site-packages/airflow/example_dags/example_python_operator.py took 0.089 seconds
[2025-03-31T07:04:51.456+0000] {processor.py:186} INFO - Started process (PID=8868) to work on /home/airflow/.local/lib/python3.12/site-packages/airflow/example_dags/example_python_operator.py
[2025-03-31T07:04:51.456+0000] {processor.py:914} INFO - Processing file /home/airflow/.local/lib/python3.12/site-packages/airflow/example_dags/example_python_operator.py for tasks to queue
[2025-03-31T07:04:51.459+0000] {logging_mixin.py:190} INFO - [2025-03-31T07:04:51.459+0000] {dagbag.py:588} INFO - Filling up the DagBag from /home/airflow/.local/lib/python3.12/site-packages/airflow/example_dags/example_python_operator.py
[2025-03-31T07:04:51.474+0000] {processor.py:925} INFO - DAG(s) 'example_python_operator' retrieved from /home/airflow/.local/lib/python3.12/site-packages/airflow/example_dags/example_python_operator.py
[2025-03-31T07:04:51.499+0000] {logging_mixin.py:190} INFO - [2025-03-31T07:04:51.499+0000] {dag.py:3239} INFO - Sync 1 DAGs
[2025-03-31T07:04:51.516+0000] {logging_mixin.py:190} INFO - [2025-03-31T07:04:51.516+0000] {dag.py:4180} INFO - Setting next_dagrun for example_python_operator to None, run_after=None
[2025-03-31T07:04:51.539+0000] {processor.py:208} INFO - Processing /home/airflow/.local/lib/python3.12/site-packages/airflow/example_dags/example_python_operator.py took 0.089 seconds
[2025-03-31T07:05:22.776+0000] {processor.py:186} INFO - Started process (PID=9159) to work on /home/airflow/.local/lib/python3.12/site-packages/airflow/example_dags/example_python_operator.py
[2025-03-31T07:05:22.778+0000] {processor.py:914} INFO - Processing file /home/airflow/.local/lib/python3.12/site-packages/airflow/example_dags/example_python_operator.py for tasks to queue
[2025-03-31T07:05:22.780+0000] {logging_mixin.py:190} INFO - [2025-03-31T07:05:22.780+0000] {dagbag.py:588} INFO - Filling up the DagBag from /home/airflow/.local/lib/python3.12/site-packages/airflow/example_dags/example_python_operator.py
[2025-03-31T07:05:22.794+0000] {processor.py:925} INFO - DAG(s) 'example_python_operator' retrieved from /home/airflow/.local/lib/python3.12/site-packages/airflow/example_dags/example_python_operator.py
[2025-03-31T07:05:22.818+0000] {logging_mixin.py:190} INFO - [2025-03-31T07:05:22.817+0000] {dag.py:3239} INFO - Sync 1 DAGs
[2025-03-31T07:05:22.834+0000] {logging_mixin.py:190} INFO - [2025-03-31T07:05:22.833+0000] {dag.py:4180} INFO - Setting next_dagrun for example_python_operator to None, run_after=None
[2025-03-31T07:05:22.853+0000] {processor.py:208} INFO - Processing /home/airflow/.local/lib/python3.12/site-packages/airflow/example_dags/example_python_operator.py took 0.082 seconds
[2025-03-31T07:05:53.688+0000] {processor.py:186} INFO - Started process (PID=9450) to work on /home/airflow/.local/lib/python3.12/site-packages/airflow/example_dags/example_python_operator.py
[2025-03-31T07:05:53.689+0000] {processor.py:914} INFO - Processing file /home/airflow/.local/lib/python3.12/site-packages/airflow/example_dags/example_python_operator.py for tasks to queue
[2025-03-31T07:05:53.691+0000] {logging_mixin.py:190} INFO - [2025-03-31T07:05:53.691+0000] {dagbag.py:588} INFO - Filling up the DagBag from /home/airflow/.local/lib/python3.12/site-packages/airflow/example_dags/example_python_operator.py
[2025-03-31T07:05:53.705+0000] {processor.py:925} INFO - DAG(s) 'example_python_operator' retrieved from /home/airflow/.local/lib/python3.12/site-packages/airflow/example_dags/example_python_operator.py
[2025-03-31T07:05:53.729+0000] {logging_mixin.py:190} INFO - [2025-03-31T07:05:53.729+0000] {dag.py:3239} INFO - Sync 1 DAGs
[2025-03-31T07:05:53.744+0000] {logging_mixin.py:190} INFO - [2025-03-31T07:05:53.744+0000] {dag.py:4180} INFO - Setting next_dagrun for example_python_operator to None, run_after=None
[2025-03-31T07:05:53.763+0000] {processor.py:208} INFO - Processing /home/airflow/.local/lib/python3.12/site-packages/airflow/example_dags/example_python_operator.py took 0.082 seconds
[2025-03-31T07:06:24.752+0000] {processor.py:186} INFO - Started process (PID=9736) to work on /home/airflow/.local/lib/python3.12/site-packages/airflow/example_dags/example_python_operator.py
[2025-03-31T07:06:24.753+0000] {processor.py:914} INFO - Processing file /home/airflow/.local/lib/python3.12/site-packages/airflow/example_dags/example_python_operator.py for tasks to queue
[2025-03-31T07:06:24.756+0000] {logging_mixin.py:190} INFO - [2025-03-31T07:06:24.755+0000] {dagbag.py:588} INFO - Filling up the DagBag from /home/airflow/.local/lib/python3.12/site-packages/airflow/example_dags/example_python_operator.py
[2025-03-31T07:06:24.772+0000] {processor.py:925} INFO - DAG(s) 'example_python_operator' retrieved from /home/airflow/.local/lib/python3.12/site-packages/airflow/example_dags/example_python_operator.py
[2025-03-31T07:06:24.801+0000] {logging_mixin.py:190} INFO - [2025-03-31T07:06:24.801+0000] {dag.py:3239} INFO - Sync 1 DAGs
[2025-03-31T07:06:24.816+0000] {logging_mixin.py:190} INFO - [2025-03-31T07:06:24.816+0000] {dag.py:4180} INFO - Setting next_dagrun for example_python_operator to None, run_after=None
[2025-03-31T07:06:24.834+0000] {processor.py:208} INFO - Processing /home/airflow/.local/lib/python3.12/site-packages/airflow/example_dags/example_python_operator.py took 0.089 seconds
[2025-03-31T07:06:55.676+0000] {processor.py:186} INFO - Started process (PID=10027) to work on /home/airflow/.local/lib/python3.12/site-packages/airflow/example_dags/example_python_operator.py
[2025-03-31T07:06:55.677+0000] {processor.py:914} INFO - Processing file /home/airflow/.local/lib/python3.12/site-packages/airflow/example_dags/example_python_operator.py for tasks to queue
[2025-03-31T07:06:55.680+0000] {logging_mixin.py:190} INFO - [2025-03-31T07:06:55.679+0000] {dagbag.py:588} INFO - Filling up the DagBag from /home/airflow/.local/lib/python3.12/site-packages/airflow/example_dags/example_python_operator.py
[2025-03-31T07:06:55.692+0000] {processor.py:925} INFO - DAG(s) 'example_python_operator' retrieved from /home/airflow/.local/lib/python3.12/site-packages/airflow/example_dags/example_python_operator.py
[2025-03-31T07:06:55.725+0000] {logging_mixin.py:190} INFO - [2025-03-31T07:06:55.725+0000] {dag.py:3239} INFO - Sync 1 DAGs
[2025-03-31T07:06:55.741+0000] {logging_mixin.py:190} INFO - [2025-03-31T07:06:55.741+0000] {dag.py:4180} INFO - Setting next_dagrun for example_python_operator to None, run_after=None
[2025-03-31T07:06:55.763+0000] {processor.py:208} INFO - Processing /home/airflow/.local/lib/python3.12/site-packages/airflow/example_dags/example_python_operator.py took 0.092 seconds
[2025-03-31T07:07:27.763+0000] {processor.py:186} INFO - Started process (PID=10333) to work on /home/airflow/.local/lib/python3.12/site-packages/airflow/example_dags/example_python_operator.py
[2025-03-31T07:07:27.764+0000] {processor.py:914} INFO - Processing file /home/airflow/.local/lib/python3.12/site-packages/airflow/example_dags/example_python_operator.py for tasks to queue
[2025-03-31T07:07:27.766+0000] {logging_mixin.py:190} INFO - [2025-03-31T07:07:27.766+0000] {dagbag.py:588} INFO - Filling up the DagBag from /home/airflow/.local/lib/python3.12/site-packages/airflow/example_dags/example_python_operator.py
[2025-03-31T07:07:27.780+0000] {processor.py:925} INFO - DAG(s) 'example_python_operator' retrieved from /home/airflow/.local/lib/python3.12/site-packages/airflow/example_dags/example_python_operator.py
[2025-03-31T07:07:27.805+0000] {logging_mixin.py:190} INFO - [2025-03-31T07:07:27.805+0000] {dag.py:3239} INFO - Sync 1 DAGs
[2025-03-31T07:07:27.820+0000] {logging_mixin.py:190} INFO - [2025-03-31T07:07:27.820+0000] {dag.py:4180} INFO - Setting next_dagrun for example_python_operator to None, run_after=None
[2025-03-31T07:07:27.842+0000] {processor.py:208} INFO - Processing /home/airflow/.local/lib/python3.12/site-packages/airflow/example_dags/example_python_operator.py took 0.086 seconds
[2025-03-31T07:07:58.555+0000] {processor.py:186} INFO - Started process (PID=10624) to work on /home/airflow/.local/lib/python3.12/site-packages/airflow/example_dags/example_python_operator.py
[2025-03-31T07:07:58.556+0000] {processor.py:914} INFO - Processing file /home/airflow/.local/lib/python3.12/site-packages/airflow/example_dags/example_python_operator.py for tasks to queue
[2025-03-31T07:07:58.558+0000] {logging_mixin.py:190} INFO - [2025-03-31T07:07:58.558+0000] {dagbag.py:588} INFO - Filling up the DagBag from /home/airflow/.local/lib/python3.12/site-packages/airflow/example_dags/example_python_operator.py
[2025-03-31T07:07:58.571+0000] {processor.py:925} INFO - DAG(s) 'example_python_operator' retrieved from /home/airflow/.local/lib/python3.12/site-packages/airflow/example_dags/example_python_operator.py
[2025-03-31T07:07:58.594+0000] {logging_mixin.py:190} INFO - [2025-03-31T07:07:58.594+0000] {dag.py:3239} INFO - Sync 1 DAGs
[2025-03-31T07:07:58.609+0000] {logging_mixin.py:190} INFO - [2025-03-31T07:07:58.608+0000] {dag.py:4180} INFO - Setting next_dagrun for example_python_operator to None, run_after=None
[2025-03-31T07:07:58.630+0000] {processor.py:208} INFO - Processing /home/airflow/.local/lib/python3.12/site-packages/airflow/example_dags/example_python_operator.py took 0.081 seconds
[2025-03-31T07:08:30.858+0000] {processor.py:186} INFO - Started process (PID=10960) to work on /home/airflow/.local/lib/python3.12/site-packages/airflow/example_dags/example_python_operator.py
[2025-03-31T07:08:30.859+0000] {processor.py:914} INFO - Processing file /home/airflow/.local/lib/python3.12/site-packages/airflow/example_dags/example_python_operator.py for tasks to queue
[2025-03-31T07:08:30.862+0000] {logging_mixin.py:190} INFO - [2025-03-31T07:08:30.862+0000] {dagbag.py:588} INFO - Filling up the DagBag from /home/airflow/.local/lib/python3.12/site-packages/airflow/example_dags/example_python_operator.py
[2025-03-31T07:08:30.877+0000] {processor.py:925} INFO - DAG(s) 'example_python_operator' retrieved from /home/airflow/.local/lib/python3.12/site-packages/airflow/example_dags/example_python_operator.py
[2025-03-31T07:08:30.903+0000] {logging_mixin.py:190} INFO - [2025-03-31T07:08:30.903+0000] {dag.py:3239} INFO - Sync 1 DAGs
[2025-03-31T07:08:30.918+0000] {logging_mixin.py:190} INFO - [2025-03-31T07:08:30.918+0000] {dag.py:4180} INFO - Setting next_dagrun for example_python_operator to None, run_after=None
[2025-03-31T07:08:30.936+0000] {processor.py:208} INFO - Processing /home/airflow/.local/lib/python3.12/site-packages/airflow/example_dags/example_python_operator.py took 0.084 seconds
[2025-03-31T07:09:02.885+0000] {processor.py:186} INFO - Started process (PID=11306) to work on /home/airflow/.local/lib/python3.12/site-packages/airflow/example_dags/example_python_operator.py
[2025-03-31T07:09:02.886+0000] {processor.py:914} INFO - Processing file /home/airflow/.local/lib/python3.12/site-packages/airflow/example_dags/example_python_operator.py for tasks to queue
[2025-03-31T07:09:02.888+0000] {logging_mixin.py:190} INFO - [2025-03-31T07:09:02.888+0000] {dagbag.py:588} INFO - Filling up the DagBag from /home/airflow/.local/lib/python3.12/site-packages/airflow/example_dags/example_python_operator.py
[2025-03-31T07:09:02.902+0000] {processor.py:925} INFO - DAG(s) 'example_python_operator' retrieved from /home/airflow/.local/lib/python3.12/site-packages/airflow/example_dags/example_python_operator.py
[2025-03-31T07:09:02.925+0000] {logging_mixin.py:190} INFO - [2025-03-31T07:09:02.924+0000] {dag.py:3239} INFO - Sync 1 DAGs
[2025-03-31T07:09:02.940+0000] {logging_mixin.py:190} INFO - [2025-03-31T07:09:02.940+0000] {dag.py:4180} INFO - Setting next_dagrun for example_python_operator to None, run_after=None
[2025-03-31T07:09:02.958+0000] {processor.py:208} INFO - Processing /home/airflow/.local/lib/python3.12/site-packages/airflow/example_dags/example_python_operator.py took 0.079 seconds
[2025-03-31T07:09:33.533+0000] {processor.py:186} INFO - Started process (PID=11597) to work on /home/airflow/.local/lib/python3.12/site-packages/airflow/example_dags/example_python_operator.py
[2025-03-31T07:09:33.534+0000] {processor.py:914} INFO - Processing file /home/airflow/.local/lib/python3.12/site-packages/airflow/example_dags/example_python_operator.py for tasks to queue
[2025-03-31T07:09:33.536+0000] {logging_mixin.py:190} INFO - [2025-03-31T07:09:33.536+0000] {dagbag.py:588} INFO - Filling up the DagBag from /home/airflow/.local/lib/python3.12/site-packages/airflow/example_dags/example_python_operator.py
[2025-03-31T07:09:33.550+0000] {processor.py:925} INFO - DAG(s) 'example_python_operator' retrieved from /home/airflow/.local/lib/python3.12/site-packages/airflow/example_dags/example_python_operator.py
[2025-03-31T07:09:33.572+0000] {logging_mixin.py:190} INFO - [2025-03-31T07:09:33.571+0000] {dag.py:3239} INFO - Sync 1 DAGs
[2025-03-31T07:09:33.586+0000] {logging_mixin.py:190} INFO - [2025-03-31T07:09:33.586+0000] {dag.py:4180} INFO - Setting next_dagrun for example_python_operator to None, run_after=None
[2025-03-31T07:09:33.604+0000] {processor.py:208} INFO - Processing /home/airflow/.local/lib/python3.12/site-packages/airflow/example_dags/example_python_operator.py took 0.077 seconds
[2025-03-31T07:10:04.493+0000] {processor.py:186} INFO - Started process (PID=11888) to work on /home/airflow/.local/lib/python3.12/site-packages/airflow/example_dags/example_python_operator.py
[2025-03-31T07:10:04.494+0000] {processor.py:914} INFO - Processing file /home/airflow/.local/lib/python3.12/site-packages/airflow/example_dags/example_python_operator.py for tasks to queue
[2025-03-31T07:10:04.496+0000] {logging_mixin.py:190} INFO - [2025-03-31T07:10:04.496+0000] {dagbag.py:588} INFO - Filling up the DagBag from /home/airflow/.local/lib/python3.12/site-packages/airflow/example_dags/example_python_operator.py
[2025-03-31T07:10:04.509+0000] {processor.py:925} INFO - DAG(s) 'example_python_operator' retrieved from /home/airflow/.local/lib/python3.12/site-packages/airflow/example_dags/example_python_operator.py
[2025-03-31T07:10:04.532+0000] {logging_mixin.py:190} INFO - [2025-03-31T07:10:04.532+0000] {dag.py:3239} INFO - Sync 1 DAGs
[2025-03-31T07:10:04.550+0000] {logging_mixin.py:190} INFO - [2025-03-31T07:10:04.550+0000] {dag.py:4180} INFO - Setting next_dagrun for example_python_operator to None, run_after=None
[2025-03-31T07:10:04.570+0000] {processor.py:208} INFO - Processing /home/airflow/.local/lib/python3.12/site-packages/airflow/example_dags/example_python_operator.py took 0.083 seconds
[2025-03-31T07:10:35.901+0000] {processor.py:186} INFO - Started process (PID=12179) to work on /home/airflow/.local/lib/python3.12/site-packages/airflow/example_dags/example_python_operator.py
[2025-03-31T07:10:35.902+0000] {processor.py:914} INFO - Processing file /home/airflow/.local/lib/python3.12/site-packages/airflow/example_dags/example_python_operator.py for tasks to queue
[2025-03-31T07:10:35.904+0000] {logging_mixin.py:190} INFO - [2025-03-31T07:10:35.904+0000] {dagbag.py:588} INFO - Filling up the DagBag from /home/airflow/.local/lib/python3.12/site-packages/airflow/example_dags/example_python_operator.py
[2025-03-31T07:10:35.917+0000] {processor.py:925} INFO - DAG(s) 'example_python_operator' retrieved from /home/airflow/.local/lib/python3.12/site-packages/airflow/example_dags/example_python_operator.py
[2025-03-31T07:10:35.940+0000] {logging_mixin.py:190} INFO - [2025-03-31T07:10:35.939+0000] {dag.py:3239} INFO - Sync 1 DAGs
[2025-03-31T07:10:35.955+0000] {logging_mixin.py:190} INFO - [2025-03-31T07:10:35.955+0000] {dag.py:4180} INFO - Setting next_dagrun for example_python_operator to None, run_after=None
[2025-03-31T07:10:35.973+0000] {processor.py:208} INFO - Processing /home/airflow/.local/lib/python3.12/site-packages/airflow/example_dags/example_python_operator.py took 0.078 seconds
[2025-03-31T07:11:06.862+0000] {processor.py:186} INFO - Started process (PID=12485) to work on /home/airflow/.local/lib/python3.12/site-packages/airflow/example_dags/example_python_operator.py
[2025-03-31T07:11:06.863+0000] {processor.py:914} INFO - Processing file /home/airflow/.local/lib/python3.12/site-packages/airflow/example_dags/example_python_operator.py for tasks to queue
[2025-03-31T07:11:06.865+0000] {logging_mixin.py:190} INFO - [2025-03-31T07:11:06.865+0000] {dagbag.py:588} INFO - Filling up the DagBag from /home/airflow/.local/lib/python3.12/site-packages/airflow/example_dags/example_python_operator.py
[2025-03-31T07:11:06.879+0000] {processor.py:925} INFO - DAG(s) 'example_python_operator' retrieved from /home/airflow/.local/lib/python3.12/site-packages/airflow/example_dags/example_python_operator.py
[2025-03-31T07:11:06.901+0000] {logging_mixin.py:190} INFO - [2025-03-31T07:11:06.901+0000] {dag.py:3239} INFO - Sync 1 DAGs
[2025-03-31T07:11:06.916+0000] {logging_mixin.py:190} INFO - [2025-03-31T07:11:06.915+0000] {dag.py:4180} INFO - Setting next_dagrun for example_python_operator to None, run_after=None
[2025-03-31T07:11:06.935+0000] {processor.py:208} INFO - Processing /home/airflow/.local/lib/python3.12/site-packages/airflow/example_dags/example_python_operator.py took 0.079 seconds
[2025-03-31T07:11:37.918+0000] {processor.py:186} INFO - Started process (PID=12776) to work on /home/airflow/.local/lib/python3.12/site-packages/airflow/example_dags/example_python_operator.py
[2025-03-31T07:11:37.919+0000] {processor.py:914} INFO - Processing file /home/airflow/.local/lib/python3.12/site-packages/airflow/example_dags/example_python_operator.py for tasks to queue
[2025-03-31T07:11:37.921+0000] {logging_mixin.py:190} INFO - [2025-03-31T07:11:37.921+0000] {dagbag.py:588} INFO - Filling up the DagBag from /home/airflow/.local/lib/python3.12/site-packages/airflow/example_dags/example_python_operator.py
[2025-03-31T07:11:37.935+0000] {processor.py:925} INFO - DAG(s) 'example_python_operator' retrieved from /home/airflow/.local/lib/python3.12/site-packages/airflow/example_dags/example_python_operator.py
[2025-03-31T07:11:37.959+0000] {logging_mixin.py:190} INFO - [2025-03-31T07:11:37.958+0000] {dag.py:3239} INFO - Sync 1 DAGs
[2025-03-31T07:11:37.976+0000] {logging_mixin.py:190} INFO - [2025-03-31T07:11:37.975+0000] {dag.py:4180} INFO - Setting next_dagrun for example_python_operator to None, run_after=None
[2025-03-31T07:11:37.995+0000] {processor.py:208} INFO - Processing /home/airflow/.local/lib/python3.12/site-packages/airflow/example_dags/example_python_operator.py took 0.084 seconds
[2025-03-31T07:12:08.771+0000] {processor.py:186} INFO - Started process (PID=13067) to work on /home/airflow/.local/lib/python3.12/site-packages/airflow/example_dags/example_python_operator.py
[2025-03-31T07:12:08.772+0000] {processor.py:914} INFO - Processing file /home/airflow/.local/lib/python3.12/site-packages/airflow/example_dags/example_python_operator.py for tasks to queue
[2025-03-31T07:12:08.774+0000] {logging_mixin.py:190} INFO - [2025-03-31T07:12:08.774+0000] {dagbag.py:588} INFO - Filling up the DagBag from /home/airflow/.local/lib/python3.12/site-packages/airflow/example_dags/example_python_operator.py
[2025-03-31T07:12:08.787+0000] {processor.py:925} INFO - DAG(s) 'example_python_operator' retrieved from /home/airflow/.local/lib/python3.12/site-packages/airflow/example_dags/example_python_operator.py
[2025-03-31T07:12:08.810+0000] {logging_mixin.py:190} INFO - [2025-03-31T07:12:08.810+0000] {dag.py:3239} INFO - Sync 1 DAGs
[2025-03-31T07:12:08.825+0000] {logging_mixin.py:190} INFO - [2025-03-31T07:12:08.825+0000] {dag.py:4180} INFO - Setting next_dagrun for example_python_operator to None, run_after=None
[2025-03-31T07:12:08.843+0000] {processor.py:208} INFO - Processing /home/airflow/.local/lib/python3.12/site-packages/airflow/example_dags/example_python_operator.py took 0.078 seconds
[2025-03-31T07:12:39.505+0000] {processor.py:186} INFO - Started process (PID=13358) to work on /home/airflow/.local/lib/python3.12/site-packages/airflow/example_dags/example_python_operator.py
[2025-03-31T07:12:39.506+0000] {processor.py:914} INFO - Processing file /home/airflow/.local/lib/python3.12/site-packages/airflow/example_dags/example_python_operator.py for tasks to queue
[2025-03-31T07:12:39.508+0000] {logging_mixin.py:190} INFO - [2025-03-31T07:12:39.508+0000] {dagbag.py:588} INFO - Filling up the DagBag from /home/airflow/.local/lib/python3.12/site-packages/airflow/example_dags/example_python_operator.py
[2025-03-31T07:12:39.521+0000] {processor.py:925} INFO - DAG(s) 'example_python_operator' retrieved from /home/airflow/.local/lib/python3.12/site-packages/airflow/example_dags/example_python_operator.py
[2025-03-31T07:12:39.544+0000] {logging_mixin.py:190} INFO - [2025-03-31T07:12:39.544+0000] {dag.py:3239} INFO - Sync 1 DAGs
[2025-03-31T07:12:39.559+0000] {logging_mixin.py:190} INFO - [2025-03-31T07:12:39.559+0000] {dag.py:4180} INFO - Setting next_dagrun for example_python_operator to None, run_after=None
[2025-03-31T07:12:39.577+0000] {processor.py:208} INFO - Processing /home/airflow/.local/lib/python3.12/site-packages/airflow/example_dags/example_python_operator.py took 0.078 seconds
[2025-03-31T07:13:10.789+0000] {processor.py:186} INFO - Started process (PID=13649) to work on /home/airflow/.local/lib/python3.12/site-packages/airflow/example_dags/example_python_operator.py
[2025-03-31T07:13:10.790+0000] {processor.py:914} INFO - Processing file /home/airflow/.local/lib/python3.12/site-packages/airflow/example_dags/example_python_operator.py for tasks to queue
[2025-03-31T07:13:10.792+0000] {logging_mixin.py:190} INFO - [2025-03-31T07:13:10.792+0000] {dagbag.py:588} INFO - Filling up the DagBag from /home/airflow/.local/lib/python3.12/site-packages/airflow/example_dags/example_python_operator.py
[2025-03-31T07:13:10.805+0000] {processor.py:925} INFO - DAG(s) 'example_python_operator' retrieved from /home/airflow/.local/lib/python3.12/site-packages/airflow/example_dags/example_python_operator.py
[2025-03-31T07:13:10.828+0000] {logging_mixin.py:190} INFO - [2025-03-31T07:13:10.828+0000] {dag.py:3239} INFO - Sync 1 DAGs
[2025-03-31T07:13:10.843+0000] {logging_mixin.py:190} INFO - [2025-03-31T07:13:10.842+0000] {dag.py:4180} INFO - Setting next_dagrun for example_python_operator to None, run_after=None
[2025-03-31T07:13:10.860+0000] {processor.py:208} INFO - Processing /home/airflow/.local/lib/python3.12/site-packages/airflow/example_dags/example_python_operator.py took 0.077 seconds
[2025-03-31T07:13:41.600+0000] {processor.py:186} INFO - Started process (PID=13940) to work on /home/airflow/.local/lib/python3.12/site-packages/airflow/example_dags/example_python_operator.py
[2025-03-31T07:13:41.601+0000] {processor.py:914} INFO - Processing file /home/airflow/.local/lib/python3.12/site-packages/airflow/example_dags/example_python_operator.py for tasks to queue
[2025-03-31T07:13:41.604+0000] {logging_mixin.py:190} INFO - [2025-03-31T07:13:41.604+0000] {dagbag.py:588} INFO - Filling up the DagBag from /home/airflow/.local/lib/python3.12/site-packages/airflow/example_dags/example_python_operator.py
[2025-03-31T07:13:41.617+0000] {processor.py:925} INFO - DAG(s) 'example_python_operator' retrieved from /home/airflow/.local/lib/python3.12/site-packages/airflow/example_dags/example_python_operator.py
[2025-03-31T07:13:41.640+0000] {logging_mixin.py:190} INFO - [2025-03-31T07:13:41.640+0000] {dag.py:3239} INFO - Sync 1 DAGs
[2025-03-31T07:13:41.655+0000] {logging_mixin.py:190} INFO - [2025-03-31T07:13:41.655+0000] {dag.py:4180} INFO - Setting next_dagrun for example_python_operator to None, run_after=None
[2025-03-31T07:13:41.673+0000] {processor.py:208} INFO - Processing /home/airflow/.local/lib/python3.12/site-packages/airflow/example_dags/example_python_operator.py took 0.079 seconds
[2025-03-31T07:14:12.486+0000] {processor.py:186} INFO - Started process (PID=14231) to work on /home/airflow/.local/lib/python3.12/site-packages/airflow/example_dags/example_python_operator.py
[2025-03-31T07:14:12.487+0000] {processor.py:914} INFO - Processing file /home/airflow/.local/lib/python3.12/site-packages/airflow/example_dags/example_python_operator.py for tasks to queue
[2025-03-31T07:14:12.490+0000] {logging_mixin.py:190} INFO - [2025-03-31T07:14:12.489+0000] {dagbag.py:588} INFO - Filling up the DagBag from /home/airflow/.local/lib/python3.12/site-packages/airflow/example_dags/example_python_operator.py
[2025-03-31T07:14:12.503+0000] {processor.py:925} INFO - DAG(s) 'example_python_operator' retrieved from /home/airflow/.local/lib/python3.12/site-packages/airflow/example_dags/example_python_operator.py
[2025-03-31T07:14:12.528+0000] {logging_mixin.py:190} INFO - [2025-03-31T07:14:12.528+0000] {dag.py:3239} INFO - Sync 1 DAGs
[2025-03-31T07:14:12.545+0000] {logging_mixin.py:190} INFO - [2025-03-31T07:14:12.545+0000] {dag.py:4180} INFO - Setting next_dagrun for example_python_operator to None, run_after=None
[2025-03-31T07:14:12.564+0000] {processor.py:208} INFO - Processing /home/airflow/.local/lib/python3.12/site-packages/airflow/example_dags/example_python_operator.py took 0.085 seconds
[2025-03-31T07:14:43.290+0000] {processor.py:186} INFO - Started process (PID=14522) to work on /home/airflow/.local/lib/python3.12/site-packages/airflow/example_dags/example_python_operator.py
[2025-03-31T07:14:43.291+0000] {processor.py:914} INFO - Processing file /home/airflow/.local/lib/python3.12/site-packages/airflow/example_dags/example_python_operator.py for tasks to queue
[2025-03-31T07:14:43.294+0000] {logging_mixin.py:190} INFO - [2025-03-31T07:14:43.293+0000] {dagbag.py:588} INFO - Filling up the DagBag from /home/airflow/.local/lib/python3.12/site-packages/airflow/example_dags/example_python_operator.py
[2025-03-31T07:14:43.307+0000] {processor.py:925} INFO - DAG(s) 'example_python_operator' retrieved from /home/airflow/.local/lib/python3.12/site-packages/airflow/example_dags/example_python_operator.py
[2025-03-31T07:14:43.334+0000] {logging_mixin.py:190} INFO - [2025-03-31T07:14:43.334+0000] {dag.py:3239} INFO - Sync 1 DAGs
[2025-03-31T07:14:43.351+0000] {logging_mixin.py:190} INFO - [2025-03-31T07:14:43.350+0000] {dag.py:4180} INFO - Setting next_dagrun for example_python_operator to None, run_after=None
[2025-03-31T07:14:43.373+0000] {processor.py:208} INFO - Processing /home/airflow/.local/lib/python3.12/site-packages/airflow/example_dags/example_python_operator.py took 0.089 seconds
[2025-03-31T07:15:13.966+0000] {processor.py:186} INFO - Started process (PID=14819) to work on /home/airflow/.local/lib/python3.12/site-packages/airflow/example_dags/example_python_operator.py
[2025-03-31T07:15:13.968+0000] {processor.py:914} INFO - Processing file /home/airflow/.local/lib/python3.12/site-packages/airflow/example_dags/example_python_operator.py for tasks to queue
[2025-03-31T07:15:13.970+0000] {logging_mixin.py:190} INFO - [2025-03-31T07:15:13.970+0000] {dagbag.py:588} INFO - Filling up the DagBag from /home/airflow/.local/lib/python3.12/site-packages/airflow/example_dags/example_python_operator.py
[2025-03-31T07:15:13.985+0000] {processor.py:925} INFO - DAG(s) 'example_python_operator' retrieved from /home/airflow/.local/lib/python3.12/site-packages/airflow/example_dags/example_python_operator.py
[2025-03-31T07:15:14.009+0000] {logging_mixin.py:190} INFO - [2025-03-31T07:15:14.009+0000] {dag.py:3239} INFO - Sync 1 DAGs
[2025-03-31T07:15:14.026+0000] {logging_mixin.py:190} INFO - [2025-03-31T07:15:14.026+0000] {dag.py:4180} INFO - Setting next_dagrun for example_python_operator to None, run_after=None
[2025-03-31T07:15:14.043+0000] {processor.py:208} INFO - Processing /home/airflow/.local/lib/python3.12/site-packages/airflow/example_dags/example_python_operator.py took 0.084 seconds
[2025-03-31T07:15:45.204+0000] {processor.py:186} INFO - Started process (PID=15110) to work on /home/airflow/.local/lib/python3.12/site-packages/airflow/example_dags/example_python_operator.py
[2025-03-31T07:15:45.205+0000] {processor.py:914} INFO - Processing file /home/airflow/.local/lib/python3.12/site-packages/airflow/example_dags/example_python_operator.py for tasks to queue
[2025-03-31T07:15:45.208+0000] {logging_mixin.py:190} INFO - [2025-03-31T07:15:45.208+0000] {dagbag.py:588} INFO - Filling up the DagBag from /home/airflow/.local/lib/python3.12/site-packages/airflow/example_dags/example_python_operator.py
[2025-03-31T07:15:45.227+0000] {processor.py:925} INFO - DAG(s) 'example_python_operator' retrieved from /home/airflow/.local/lib/python3.12/site-packages/airflow/example_dags/example_python_operator.py
[2025-03-31T07:15:45.257+0000] {logging_mixin.py:190} INFO - [2025-03-31T07:15:45.256+0000] {dag.py:3239} INFO - Sync 1 DAGs
[2025-03-31T07:15:45.274+0000] {logging_mixin.py:190} INFO - [2025-03-31T07:15:45.274+0000] {dag.py:4180} INFO - Setting next_dagrun for example_python_operator to None, run_after=None
[2025-03-31T07:15:45.299+0000] {processor.py:208} INFO - Processing /home/airflow/.local/lib/python3.12/site-packages/airflow/example_dags/example_python_operator.py took 0.105 seconds
[2025-03-31T07:16:16.195+0000] {processor.py:186} INFO - Started process (PID=15401) to work on /home/airflow/.local/lib/python3.12/site-packages/airflow/example_dags/example_python_operator.py
[2025-03-31T07:16:16.196+0000] {processor.py:914} INFO - Processing file /home/airflow/.local/lib/python3.12/site-packages/airflow/example_dags/example_python_operator.py for tasks to queue
[2025-03-31T07:16:16.199+0000] {logging_mixin.py:190} INFO - [2025-03-31T07:16:16.199+0000] {dagbag.py:588} INFO - Filling up the DagBag from /home/airflow/.local/lib/python3.12/site-packages/airflow/example_dags/example_python_operator.py
[2025-03-31T07:16:16.212+0000] {processor.py:925} INFO - DAG(s) 'example_python_operator' retrieved from /home/airflow/.local/lib/python3.12/site-packages/airflow/example_dags/example_python_operator.py
[2025-03-31T07:16:16.235+0000] {logging_mixin.py:190} INFO - [2025-03-31T07:16:16.235+0000] {dag.py:3239} INFO - Sync 1 DAGs
[2025-03-31T07:16:16.251+0000] {logging_mixin.py:190} INFO - [2025-03-31T07:16:16.250+0000] {dag.py:4180} INFO - Setting next_dagrun for example_python_operator to None, run_after=None
[2025-03-31T07:16:16.272+0000] {processor.py:208} INFO - Processing /home/airflow/.local/lib/python3.12/site-packages/airflow/example_dags/example_python_operator.py took 0.083 seconds
[2025-03-31T07:16:47.149+0000] {processor.py:186} INFO - Started process (PID=15692) to work on /home/airflow/.local/lib/python3.12/site-packages/airflow/example_dags/example_python_operator.py
[2025-03-31T07:16:47.150+0000] {processor.py:914} INFO - Processing file /home/airflow/.local/lib/python3.12/site-packages/airflow/example_dags/example_python_operator.py for tasks to queue
[2025-03-31T07:16:47.152+0000] {logging_mixin.py:190} INFO - [2025-03-31T07:16:47.152+0000] {dagbag.py:588} INFO - Filling up the DagBag from /home/airflow/.local/lib/python3.12/site-packages/airflow/example_dags/example_python_operator.py
[2025-03-31T07:16:47.165+0000] {processor.py:925} INFO - DAG(s) 'example_python_operator' retrieved from /home/airflow/.local/lib/python3.12/site-packages/airflow/example_dags/example_python_operator.py
[2025-03-31T07:16:47.189+0000] {logging_mixin.py:190} INFO - [2025-03-31T07:16:47.189+0000] {dag.py:3239} INFO - Sync 1 DAGs
[2025-03-31T07:16:47.205+0000] {logging_mixin.py:190} INFO - [2025-03-31T07:16:47.205+0000] {dag.py:4180} INFO - Setting next_dagrun for example_python_operator to None, run_after=None
[2025-03-31T07:16:47.225+0000] {processor.py:208} INFO - Processing /home/airflow/.local/lib/python3.12/site-packages/airflow/example_dags/example_python_operator.py took 0.085 seconds
[2025-03-31T07:17:17.948+0000] {processor.py:186} INFO - Started process (PID=15983) to work on /home/airflow/.local/lib/python3.12/site-packages/airflow/example_dags/example_python_operator.py
[2025-03-31T07:17:17.949+0000] {processor.py:914} INFO - Processing file /home/airflow/.local/lib/python3.12/site-packages/airflow/example_dags/example_python_operator.py for tasks to queue
[2025-03-31T07:17:17.951+0000] {logging_mixin.py:190} INFO - [2025-03-31T07:17:17.951+0000] {dagbag.py:588} INFO - Filling up the DagBag from /home/airflow/.local/lib/python3.12/site-packages/airflow/example_dags/example_python_operator.py
[2025-03-31T07:17:17.967+0000] {processor.py:925} INFO - DAG(s) 'example_python_operator' retrieved from /home/airflow/.local/lib/python3.12/site-packages/airflow/example_dags/example_python_operator.py
[2025-03-31T07:17:17.992+0000] {logging_mixin.py:190} INFO - [2025-03-31T07:17:17.991+0000] {dag.py:3239} INFO - Sync 1 DAGs
[2025-03-31T07:17:18.007+0000] {logging_mixin.py:190} INFO - [2025-03-31T07:17:18.007+0000] {dag.py:4180} INFO - Setting next_dagrun for example_python_operator to None, run_after=None
[2025-03-31T07:17:18.027+0000] {processor.py:208} INFO - Processing /home/airflow/.local/lib/python3.12/site-packages/airflow/example_dags/example_python_operator.py took 0.086 seconds
[2025-03-31T07:17:48.944+0000] {processor.py:186} INFO - Started process (PID=16274) to work on /home/airflow/.local/lib/python3.12/site-packages/airflow/example_dags/example_python_operator.py
[2025-03-31T07:17:48.945+0000] {processor.py:914} INFO - Processing file /home/airflow/.local/lib/python3.12/site-packages/airflow/example_dags/example_python_operator.py for tasks to queue
[2025-03-31T07:17:48.947+0000] {logging_mixin.py:190} INFO - [2025-03-31T07:17:48.947+0000] {dagbag.py:588} INFO - Filling up the DagBag from /home/airflow/.local/lib/python3.12/site-packages/airflow/example_dags/example_python_operator.py
[2025-03-31T07:17:48.962+0000] {processor.py:925} INFO - DAG(s) 'example_python_operator' retrieved from /home/airflow/.local/lib/python3.12/site-packages/airflow/example_dags/example_python_operator.py
[2025-03-31T07:17:48.989+0000] {logging_mixin.py:190} INFO - [2025-03-31T07:17:48.988+0000] {dag.py:3239} INFO - Sync 1 DAGs
[2025-03-31T07:17:49.005+0000] {logging_mixin.py:190} INFO - [2025-03-31T07:17:49.005+0000] {dag.py:4180} INFO - Setting next_dagrun for example_python_operator to None, run_after=None
[2025-03-31T07:17:49.027+0000] {processor.py:208} INFO - Processing /home/airflow/.local/lib/python3.12/site-packages/airflow/example_dags/example_python_operator.py took 0.090 seconds
[2025-03-31T07:18:19.788+0000] {processor.py:186} INFO - Started process (PID=16565) to work on /home/airflow/.local/lib/python3.12/site-packages/airflow/example_dags/example_python_operator.py
[2025-03-31T07:18:19.789+0000] {processor.py:914} INFO - Processing file /home/airflow/.local/lib/python3.12/site-packages/airflow/example_dags/example_python_operator.py for tasks to queue
[2025-03-31T07:18:19.791+0000] {logging_mixin.py:190} INFO - [2025-03-31T07:18:19.791+0000] {dagbag.py:588} INFO - Filling up the DagBag from /home/airflow/.local/lib/python3.12/site-packages/airflow/example_dags/example_python_operator.py
[2025-03-31T07:18:19.805+0000] {processor.py:925} INFO - DAG(s) 'example_python_operator' retrieved from /home/airflow/.local/lib/python3.12/site-packages/airflow/example_dags/example_python_operator.py
[2025-03-31T07:18:19.828+0000] {logging_mixin.py:190} INFO - [2025-03-31T07:18:19.828+0000] {dag.py:3239} INFO - Sync 1 DAGs
[2025-03-31T07:18:19.843+0000] {logging_mixin.py:190} INFO - [2025-03-31T07:18:19.843+0000] {dag.py:4180} INFO - Setting next_dagrun for example_python_operator to None, run_after=None
[2025-03-31T07:18:19.861+0000] {processor.py:208} INFO - Processing /home/airflow/.local/lib/python3.12/site-packages/airflow/example_dags/example_python_operator.py took 0.079 seconds
[2025-03-31T07:18:51.676+0000] {processor.py:186} INFO - Started process (PID=16856) to work on /home/airflow/.local/lib/python3.12/site-packages/airflow/example_dags/example_python_operator.py
[2025-03-31T07:18:51.677+0000] {processor.py:914} INFO - Processing file /home/airflow/.local/lib/python3.12/site-packages/airflow/example_dags/example_python_operator.py for tasks to queue
[2025-03-31T07:18:51.681+0000] {logging_mixin.py:190} INFO - [2025-03-31T07:18:51.680+0000] {dagbag.py:588} INFO - Filling up the DagBag from /home/airflow/.local/lib/python3.12/site-packages/airflow/example_dags/example_python_operator.py
[2025-03-31T07:18:51.701+0000] {processor.py:925} INFO - DAG(s) 'example_python_operator' retrieved from /home/airflow/.local/lib/python3.12/site-packages/airflow/example_dags/example_python_operator.py
[2025-03-31T07:18:51.734+0000] {logging_mixin.py:190} INFO - [2025-03-31T07:18:51.733+0000] {dag.py:3239} INFO - Sync 1 DAGs
[2025-03-31T07:18:51.757+0000] {logging_mixin.py:190} INFO - [2025-03-31T07:18:51.756+0000] {dag.py:4180} INFO - Setting next_dagrun for example_python_operator to None, run_after=None
[2025-03-31T07:18:51.785+0000] {processor.py:208} INFO - Processing /home/airflow/.local/lib/python3.12/site-packages/airflow/example_dags/example_python_operator.py took 0.118 seconds
[2025-03-31T07:19:23.103+0000] {processor.py:186} INFO - Started process (PID=17147) to work on /home/airflow/.local/lib/python3.12/site-packages/airflow/example_dags/example_python_operator.py
[2025-03-31T07:19:23.105+0000] {processor.py:914} INFO - Processing file /home/airflow/.local/lib/python3.12/site-packages/airflow/example_dags/example_python_operator.py for tasks to queue
[2025-03-31T07:19:23.111+0000] {logging_mixin.py:190} INFO - [2025-03-31T07:19:23.110+0000] {dagbag.py:588} INFO - Filling up the DagBag from /home/airflow/.local/lib/python3.12/site-packages/airflow/example_dags/example_python_operator.py
[2025-03-31T07:19:23.131+0000] {processor.py:925} INFO - DAG(s) 'example_python_operator' retrieved from /home/airflow/.local/lib/python3.12/site-packages/airflow/example_dags/example_python_operator.py
[2025-03-31T07:19:23.162+0000] {logging_mixin.py:190} INFO - [2025-03-31T07:19:23.162+0000] {dag.py:3239} INFO - Sync 1 DAGs
[2025-03-31T07:19:23.185+0000] {logging_mixin.py:190} INFO - [2025-03-31T07:19:23.185+0000] {dag.py:4180} INFO - Setting next_dagrun for example_python_operator to None, run_after=None
[2025-03-31T07:19:23.214+0000] {processor.py:208} INFO - Processing /home/airflow/.local/lib/python3.12/site-packages/airflow/example_dags/example_python_operator.py took 0.119 seconds
[2025-03-31T07:19:54.049+0000] {processor.py:186} INFO - Started process (PID=17438) to work on /home/airflow/.local/lib/python3.12/site-packages/airflow/example_dags/example_python_operator.py
[2025-03-31T07:19:54.050+0000] {processor.py:914} INFO - Processing file /home/airflow/.local/lib/python3.12/site-packages/airflow/example_dags/example_python_operator.py for tasks to queue
[2025-03-31T07:19:54.053+0000] {logging_mixin.py:190} INFO - [2025-03-31T07:19:54.053+0000] {dagbag.py:588} INFO - Filling up the DagBag from /home/airflow/.local/lib/python3.12/site-packages/airflow/example_dags/example_python_operator.py
[2025-03-31T07:19:54.073+0000] {processor.py:925} INFO - DAG(s) 'example_python_operator' retrieved from /home/airflow/.local/lib/python3.12/site-packages/airflow/example_dags/example_python_operator.py
[2025-03-31T07:19:54.108+0000] {logging_mixin.py:190} INFO - [2025-03-31T07:19:54.107+0000] {dag.py:3239} INFO - Sync 1 DAGs
[2025-03-31T07:19:54.131+0000] {logging_mixin.py:190} INFO - [2025-03-31T07:19:54.131+0000] {dag.py:4180} INFO - Setting next_dagrun for example_python_operator to None, run_after=None
[2025-03-31T07:19:54.157+0000] {processor.py:208} INFO - Processing /home/airflow/.local/lib/python3.12/site-packages/airflow/example_dags/example_python_operator.py took 0.118 seconds
[2025-03-31T07:20:25.318+0000] {processor.py:186} INFO - Started process (PID=17728) to work on /home/airflow/.local/lib/python3.12/site-packages/airflow/example_dags/example_python_operator.py
[2025-03-31T07:20:25.320+0000] {processor.py:914} INFO - Processing file /home/airflow/.local/lib/python3.12/site-packages/airflow/example_dags/example_python_operator.py for tasks to queue
[2025-03-31T07:20:25.323+0000] {logging_mixin.py:190} INFO - [2025-03-31T07:20:25.323+0000] {dagbag.py:588} INFO - Filling up the DagBag from /home/airflow/.local/lib/python3.12/site-packages/airflow/example_dags/example_python_operator.py
[2025-03-31T07:20:25.341+0000] {processor.py:925} INFO - DAG(s) 'example_python_operator' retrieved from /home/airflow/.local/lib/python3.12/site-packages/airflow/example_dags/example_python_operator.py
[2025-03-31T07:20:25.377+0000] {logging_mixin.py:190} INFO - [2025-03-31T07:20:25.376+0000] {dag.py:3239} INFO - Sync 1 DAGs
[2025-03-31T07:20:25.402+0000] {logging_mixin.py:190} INFO - [2025-03-31T07:20:25.402+0000] {dag.py:4180} INFO - Setting next_dagrun for example_python_operator to None, run_after=None
[2025-03-31T07:20:25.437+0000] {processor.py:208} INFO - Processing /home/airflow/.local/lib/python3.12/site-packages/airflow/example_dags/example_python_operator.py took 0.131 seconds
[2025-03-31T07:20:56.661+0000] {processor.py:186} INFO - Started process (PID=18019) to work on /home/airflow/.local/lib/python3.12/site-packages/airflow/example_dags/example_python_operator.py
[2025-03-31T07:20:56.662+0000] {processor.py:914} INFO - Processing file /home/airflow/.local/lib/python3.12/site-packages/airflow/example_dags/example_python_operator.py for tasks to queue
[2025-03-31T07:20:56.665+0000] {logging_mixin.py:190} INFO - [2025-03-31T07:20:56.665+0000] {dagbag.py:588} INFO - Filling up the DagBag from /home/airflow/.local/lib/python3.12/site-packages/airflow/example_dags/example_python_operator.py
[2025-03-31T07:20:56.684+0000] {processor.py:925} INFO - DAG(s) 'example_python_operator' retrieved from /home/airflow/.local/lib/python3.12/site-packages/airflow/example_dags/example_python_operator.py
[2025-03-31T07:20:56.719+0000] {logging_mixin.py:190} INFO - [2025-03-31T07:20:56.719+0000] {dag.py:3239} INFO - Sync 1 DAGs
[2025-03-31T07:20:56.741+0000] {logging_mixin.py:190} INFO - [2025-03-31T07:20:56.740+0000] {dag.py:4180} INFO - Setting next_dagrun for example_python_operator to None, run_after=None
[2025-03-31T07:20:56.769+0000] {processor.py:208} INFO - Processing /home/airflow/.local/lib/python3.12/site-packages/airflow/example_dags/example_python_operator.py took 0.117 seconds
[2025-03-31T07:21:27.745+0000] {processor.py:186} INFO - Started process (PID=18310) to work on /home/airflow/.local/lib/python3.12/site-packages/airflow/example_dags/example_python_operator.py
[2025-03-31T07:21:27.746+0000] {processor.py:914} INFO - Processing file /home/airflow/.local/lib/python3.12/site-packages/airflow/example_dags/example_python_operator.py for tasks to queue
[2025-03-31T07:21:27.749+0000] {logging_mixin.py:190} INFO - [2025-03-31T07:21:27.749+0000] {dagbag.py:588} INFO - Filling up the DagBag from /home/airflow/.local/lib/python3.12/site-packages/airflow/example_dags/example_python_operator.py
[2025-03-31T07:21:27.768+0000] {processor.py:925} INFO - DAG(s) 'example_python_operator' retrieved from /home/airflow/.local/lib/python3.12/site-packages/airflow/example_dags/example_python_operator.py
[2025-03-31T07:21:27.802+0000] {logging_mixin.py:190} INFO - [2025-03-31T07:21:27.801+0000] {dag.py:3239} INFO - Sync 1 DAGs
[2025-03-31T07:21:27.826+0000] {logging_mixin.py:190} INFO - [2025-03-31T07:21:27.826+0000] {dag.py:4180} INFO - Setting next_dagrun for example_python_operator to None, run_after=None
[2025-03-31T07:21:27.852+0000] {processor.py:208} INFO - Processing /home/airflow/.local/lib/python3.12/site-packages/airflow/example_dags/example_python_operator.py took 0.116 seconds
[2025-03-31T07:21:58.725+0000] {processor.py:186} INFO - Started process (PID=18601) to work on /home/airflow/.local/lib/python3.12/site-packages/airflow/example_dags/example_python_operator.py
[2025-03-31T07:21:58.726+0000] {processor.py:914} INFO - Processing file /home/airflow/.local/lib/python3.12/site-packages/airflow/example_dags/example_python_operator.py for tasks to queue
[2025-03-31T07:21:58.731+0000] {logging_mixin.py:190} INFO - [2025-03-31T07:21:58.730+0000] {dagbag.py:588} INFO - Filling up the DagBag from /home/airflow/.local/lib/python3.12/site-packages/airflow/example_dags/example_python_operator.py
[2025-03-31T07:21:58.750+0000] {processor.py:925} INFO - DAG(s) 'example_python_operator' retrieved from /home/airflow/.local/lib/python3.12/site-packages/airflow/example_dags/example_python_operator.py
[2025-03-31T07:21:58.782+0000] {logging_mixin.py:190} INFO - [2025-03-31T07:21:58.782+0000] {dag.py:3239} INFO - Sync 1 DAGs
[2025-03-31T07:21:58.804+0000] {logging_mixin.py:190} INFO - [2025-03-31T07:21:58.804+0000] {dag.py:4180} INFO - Setting next_dagrun for example_python_operator to None, run_after=None
[2025-03-31T07:21:58.834+0000] {processor.py:208} INFO - Processing /home/airflow/.local/lib/python3.12/site-packages/airflow/example_dags/example_python_operator.py took 0.117 seconds
[2025-03-31T07:22:30.293+0000] {processor.py:186} INFO - Started process (PID=18892) to work on /home/airflow/.local/lib/python3.12/site-packages/airflow/example_dags/example_python_operator.py
[2025-03-31T07:22:30.297+0000] {processor.py:914} INFO - Processing file /home/airflow/.local/lib/python3.12/site-packages/airflow/example_dags/example_python_operator.py for tasks to queue
[2025-03-31T07:22:30.301+0000] {logging_mixin.py:190} INFO - [2025-03-31T07:22:30.300+0000] {dagbag.py:588} INFO - Filling up the DagBag from /home/airflow/.local/lib/python3.12/site-packages/airflow/example_dags/example_python_operator.py
[2025-03-31T07:22:30.320+0000] {processor.py:925} INFO - DAG(s) 'example_python_operator' retrieved from /home/airflow/.local/lib/python3.12/site-packages/airflow/example_dags/example_python_operator.py
[2025-03-31T07:22:30.352+0000] {logging_mixin.py:190} INFO - [2025-03-31T07:22:30.352+0000] {dag.py:3239} INFO - Sync 1 DAGs
[2025-03-31T07:22:30.375+0000] {logging_mixin.py:190} INFO - [2025-03-31T07:22:30.375+0000] {dag.py:4180} INFO - Setting next_dagrun for example_python_operator to None, run_after=None
[2025-03-31T07:22:30.405+0000] {processor.py:208} INFO - Processing /home/airflow/.local/lib/python3.12/site-packages/airflow/example_dags/example_python_operator.py took 0.120 seconds
[2025-03-31T07:23:01.149+0000] {processor.py:186} INFO - Started process (PID=19182) to work on /home/airflow/.local/lib/python3.12/site-packages/airflow/example_dags/example_python_operator.py
[2025-03-31T07:23:01.150+0000] {processor.py:914} INFO - Processing file /home/airflow/.local/lib/python3.12/site-packages/airflow/example_dags/example_python_operator.py for tasks to queue
[2025-03-31T07:23:01.152+0000] {logging_mixin.py:190} INFO - [2025-03-31T07:23:01.152+0000] {dagbag.py:588} INFO - Filling up the DagBag from /home/airflow/.local/lib/python3.12/site-packages/airflow/example_dags/example_python_operator.py
[2025-03-31T07:23:01.165+0000] {processor.py:925} INFO - DAG(s) 'example_python_operator' retrieved from /home/airflow/.local/lib/python3.12/site-packages/airflow/example_dags/example_python_operator.py
[2025-03-31T07:23:01.188+0000] {logging_mixin.py:190} INFO - [2025-03-31T07:23:01.188+0000] {dag.py:3239} INFO - Sync 1 DAGs
[2025-03-31T07:23:01.203+0000] {logging_mixin.py:190} INFO - [2025-03-31T07:23:01.203+0000] {dag.py:4180} INFO - Setting next_dagrun for example_python_operator to None, run_after=None
[2025-03-31T07:23:01.222+0000] {processor.py:208} INFO - Processing /home/airflow/.local/lib/python3.12/site-packages/airflow/example_dags/example_python_operator.py took 0.079 seconds
[2025-03-31T07:23:31.942+0000] {processor.py:186} INFO - Started process (PID=19473) to work on /home/airflow/.local/lib/python3.12/site-packages/airflow/example_dags/example_python_operator.py
[2025-03-31T07:23:31.954+0000] {processor.py:914} INFO - Processing file /home/airflow/.local/lib/python3.12/site-packages/airflow/example_dags/example_python_operator.py for tasks to queue
[2025-03-31T07:23:31.964+0000] {logging_mixin.py:190} INFO - [2025-03-31T07:23:31.963+0000] {dagbag.py:588} INFO - Filling up the DagBag from /home/airflow/.local/lib/python3.12/site-packages/airflow/example_dags/example_python_operator.py
[2025-03-31T07:23:31.996+0000] {processor.py:925} INFO - DAG(s) 'example_python_operator' retrieved from /home/airflow/.local/lib/python3.12/site-packages/airflow/example_dags/example_python_operator.py
[2025-03-31T07:23:32.029+0000] {logging_mixin.py:190} INFO - [2025-03-31T07:23:32.029+0000] {dag.py:3239} INFO - Sync 1 DAGs
[2025-03-31T07:23:32.044+0000] {logging_mixin.py:190} INFO - [2025-03-31T07:23:32.044+0000] {dag.py:4180} INFO - Setting next_dagrun for example_python_operator to None, run_after=None
[2025-03-31T07:23:32.064+0000] {processor.py:208} INFO - Processing /home/airflow/.local/lib/python3.12/site-packages/airflow/example_dags/example_python_operator.py took 0.129 seconds
[2025-03-31T07:24:03.697+0000] {processor.py:186} INFO - Started process (PID=19764) to work on /home/airflow/.local/lib/python3.12/site-packages/airflow/example_dags/example_python_operator.py
[2025-03-31T07:24:03.698+0000] {processor.py:914} INFO - Processing file /home/airflow/.local/lib/python3.12/site-packages/airflow/example_dags/example_python_operator.py for tasks to queue
[2025-03-31T07:24:03.701+0000] {logging_mixin.py:190} INFO - [2025-03-31T07:24:03.701+0000] {dagbag.py:588} INFO - Filling up the DagBag from /home/airflow/.local/lib/python3.12/site-packages/airflow/example_dags/example_python_operator.py
[2025-03-31T07:24:03.719+0000] {processor.py:925} INFO - DAG(s) 'example_python_operator' retrieved from /home/airflow/.local/lib/python3.12/site-packages/airflow/example_dags/example_python_operator.py
[2025-03-31T07:24:03.753+0000] {logging_mixin.py:190} INFO - [2025-03-31T07:24:03.753+0000] {dag.py:3239} INFO - Sync 1 DAGs
[2025-03-31T07:24:03.774+0000] {logging_mixin.py:190} INFO - [2025-03-31T07:24:03.773+0000] {dag.py:4180} INFO - Setting next_dagrun for example_python_operator to None, run_after=None
[2025-03-31T07:24:03.802+0000] {processor.py:208} INFO - Processing /home/airflow/.local/lib/python3.12/site-packages/airflow/example_dags/example_python_operator.py took 0.115 seconds
[2025-03-31T07:24:34.539+0000] {processor.py:186} INFO - Started process (PID=20055) to work on /home/airflow/.local/lib/python3.12/site-packages/airflow/example_dags/example_python_operator.py
[2025-03-31T07:24:34.540+0000] {processor.py:914} INFO - Processing file /home/airflow/.local/lib/python3.12/site-packages/airflow/example_dags/example_python_operator.py for tasks to queue
[2025-03-31T07:24:34.543+0000] {logging_mixin.py:190} INFO - [2025-03-31T07:24:34.543+0000] {dagbag.py:588} INFO - Filling up the DagBag from /home/airflow/.local/lib/python3.12/site-packages/airflow/example_dags/example_python_operator.py
[2025-03-31T07:24:34.557+0000] {processor.py:925} INFO - DAG(s) 'example_python_operator' retrieved from /home/airflow/.local/lib/python3.12/site-packages/airflow/example_dags/example_python_operator.py
[2025-03-31T07:24:34.580+0000] {logging_mixin.py:190} INFO - [2025-03-31T07:24:34.580+0000] {dag.py:3239} INFO - Sync 1 DAGs
[2025-03-31T07:24:34.597+0000] {logging_mixin.py:190} INFO - [2025-03-31T07:24:34.597+0000] {dag.py:4180} INFO - Setting next_dagrun for example_python_operator to None, run_after=None
[2025-03-31T07:24:34.619+0000] {processor.py:208} INFO - Processing /home/airflow/.local/lib/python3.12/site-packages/airflow/example_dags/example_python_operator.py took 0.087 seconds
[2025-03-31T07:25:06.108+0000] {processor.py:186} INFO - Started process (PID=20346) to work on /home/airflow/.local/lib/python3.12/site-packages/airflow/example_dags/example_python_operator.py
[2025-03-31T07:25:06.110+0000] {processor.py:914} INFO - Processing file /home/airflow/.local/lib/python3.12/site-packages/airflow/example_dags/example_python_operator.py for tasks to queue
[2025-03-31T07:25:06.113+0000] {logging_mixin.py:190} INFO - [2025-03-31T07:25:06.112+0000] {dagbag.py:588} INFO - Filling up the DagBag from /home/airflow/.local/lib/python3.12/site-packages/airflow/example_dags/example_python_operator.py
[2025-03-31T07:25:06.133+0000] {processor.py:925} INFO - DAG(s) 'example_python_operator' retrieved from /home/airflow/.local/lib/python3.12/site-packages/airflow/example_dags/example_python_operator.py
[2025-03-31T07:25:06.163+0000] {logging_mixin.py:190} INFO - [2025-03-31T07:25:06.163+0000] {dag.py:3239} INFO - Sync 1 DAGs
[2025-03-31T07:25:06.187+0000] {logging_mixin.py:190} INFO - [2025-03-31T07:25:06.187+0000] {dag.py:4180} INFO - Setting next_dagrun for example_python_operator to None, run_after=None
[2025-03-31T07:25:06.216+0000] {processor.py:208} INFO - Processing /home/airflow/.local/lib/python3.12/site-packages/airflow/example_dags/example_python_operator.py took 0.115 seconds
[2025-03-31T07:25:37.611+0000] {processor.py:186} INFO - Started process (PID=20637) to work on /home/airflow/.local/lib/python3.12/site-packages/airflow/example_dags/example_python_operator.py
[2025-03-31T07:25:37.613+0000] {processor.py:914} INFO - Processing file /home/airflow/.local/lib/python3.12/site-packages/airflow/example_dags/example_python_operator.py for tasks to queue
[2025-03-31T07:25:37.616+0000] {logging_mixin.py:190} INFO - [2025-03-31T07:25:37.615+0000] {dagbag.py:588} INFO - Filling up the DagBag from /home/airflow/.local/lib/python3.12/site-packages/airflow/example_dags/example_python_operator.py
[2025-03-31T07:25:37.632+0000] {processor.py:925} INFO - DAG(s) 'example_python_operator' retrieved from /home/airflow/.local/lib/python3.12/site-packages/airflow/example_dags/example_python_operator.py
[2025-03-31T07:25:37.663+0000] {logging_mixin.py:190} INFO - [2025-03-31T07:25:37.663+0000] {dag.py:3239} INFO - Sync 1 DAGs
[2025-03-31T07:25:37.678+0000] {logging_mixin.py:190} INFO - [2025-03-31T07:25:37.678+0000] {dag.py:4180} INFO - Setting next_dagrun for example_python_operator to None, run_after=None
[2025-03-31T07:25:37.697+0000] {processor.py:208} INFO - Processing /home/airflow/.local/lib/python3.12/site-packages/airflow/example_dags/example_python_operator.py took 0.093 seconds
