[2025-03-31T06:47:33.198+0000] {processor.py:186} INFO - Started process (PID=269) to work on /home/airflow/.local/lib/python3.12/site-packages/airflow/example_dags/example_setup_teardown.py
[2025-03-31T06:47:33.200+0000] {processor.py:914} INFO - Processing file /home/airflow/.local/lib/python3.12/site-packages/airflow/example_dags/example_setup_teardown.py for tasks to queue
[2025-03-31T06:47:33.205+0000] {logging_mixin.py:190} INFO - [2025-03-31T06:47:33.204+0000] {dagbag.py:588} INFO - Filling up the DagBag from /home/airflow/.local/lib/python3.12/site-packages/airflow/example_dags/example_setup_teardown.py
[2025-03-31T06:47:33.220+0000] {processor.py:925} INFO - DAG(s) 'example_setup_teardown' retrieved from /home/airflow/.local/lib/python3.12/site-packages/airflow/example_dags/example_setup_teardown.py
[2025-03-31T06:47:33.408+0000] {logging_mixin.py:190} INFO - [2025-03-31T06:47:33.408+0000] {override.py:1912} INFO - Created Permission View: can read on DAG:example_setup_teardown
[2025-03-31T06:47:33.422+0000] {logging_mixin.py:190} INFO - [2025-03-31T06:47:33.422+0000] {override.py:1912} INFO - Created Permission View: can delete on DAG:example_setup_teardown
[2025-03-31T06:47:33.433+0000] {logging_mixin.py:190} INFO - [2025-03-31T06:47:33.433+0000] {override.py:1912} INFO - Created Permission View: can edit on DAG:example_setup_teardown
[2025-03-31T06:47:33.444+0000] {logging_mixin.py:190} INFO - [2025-03-31T06:47:33.444+0000] {override.py:1912} INFO - Created Permission View: can read on DAG Run:example_setup_teardown
[2025-03-31T06:47:33.456+0000] {logging_mixin.py:190} INFO - [2025-03-31T06:47:33.455+0000] {override.py:1912} INFO - Created Permission View: can delete on DAG Run:example_setup_teardown
[2025-03-31T06:47:33.466+0000] {logging_mixin.py:190} INFO - [2025-03-31T06:47:33.466+0000] {override.py:1912} INFO - Created Permission View: menu access on DAG Run:example_setup_teardown
[2025-03-31T06:47:33.476+0000] {logging_mixin.py:190} INFO - [2025-03-31T06:47:33.476+0000] {override.py:1912} INFO - Created Permission View: can create on DAG Run:example_setup_teardown
[2025-03-31T06:47:33.477+0000] {logging_mixin.py:190} INFO - [2025-03-31T06:47:33.477+0000] {dag.py:3239} INFO - Sync 1 DAGs
[2025-03-31T06:47:33.496+0000] {logging_mixin.py:190} INFO - [2025-03-31T06:47:33.496+0000] {dag.py:3262} INFO - Creating ORM DAG for example_setup_teardown
[2025-03-31T06:47:33.497+0000] {logging_mixin.py:190} INFO - [2025-03-31T06:47:33.497+0000] {dag.py:4180} INFO - Setting next_dagrun for example_setup_teardown to None, run_after=None
[2025-03-31T06:47:33.522+0000] {processor.py:208} INFO - Processing /home/airflow/.local/lib/python3.12/site-packages/airflow/example_dags/example_setup_teardown.py took 0.334 seconds
[2025-03-31T06:48:03.853+0000] {processor.py:186} INFO - Started process (PID=562) to work on /home/airflow/.local/lib/python3.12/site-packages/airflow/example_dags/example_setup_teardown.py
[2025-03-31T06:48:03.854+0000] {processor.py:914} INFO - Processing file /home/airflow/.local/lib/python3.12/site-packages/airflow/example_dags/example_setup_teardown.py for tasks to queue
[2025-03-31T06:48:03.856+0000] {logging_mixin.py:190} INFO - [2025-03-31T06:48:03.856+0000] {dagbag.py:588} INFO - Filling up the DagBag from /home/airflow/.local/lib/python3.12/site-packages/airflow/example_dags/example_setup_teardown.py
[2025-03-31T06:48:03.865+0000] {processor.py:925} INFO - DAG(s) 'example_setup_teardown' retrieved from /home/airflow/.local/lib/python3.12/site-packages/airflow/example_dags/example_setup_teardown.py
[2025-03-31T06:48:03.888+0000] {logging_mixin.py:190} INFO - [2025-03-31T06:48:03.888+0000] {dag.py:3239} INFO - Sync 1 DAGs
[2025-03-31T06:48:03.904+0000] {logging_mixin.py:190} INFO - [2025-03-31T06:48:03.904+0000] {dag.py:4180} INFO - Setting next_dagrun for example_setup_teardown to None, run_after=None
[2025-03-31T06:48:03.923+0000] {processor.py:208} INFO - Processing /home/airflow/.local/lib/python3.12/site-packages/airflow/example_dags/example_setup_teardown.py took 0.076 seconds
[2025-03-31T06:48:34.890+0000] {processor.py:186} INFO - Started process (PID=853) to work on /home/airflow/.local/lib/python3.12/site-packages/airflow/example_dags/example_setup_teardown.py
[2025-03-31T06:48:34.891+0000] {processor.py:914} INFO - Processing file /home/airflow/.local/lib/python3.12/site-packages/airflow/example_dags/example_setup_teardown.py for tasks to queue
[2025-03-31T06:48:34.894+0000] {logging_mixin.py:190} INFO - [2025-03-31T06:48:34.894+0000] {dagbag.py:588} INFO - Filling up the DagBag from /home/airflow/.local/lib/python3.12/site-packages/airflow/example_dags/example_setup_teardown.py
[2025-03-31T06:48:34.904+0000] {processor.py:925} INFO - DAG(s) 'example_setup_teardown' retrieved from /home/airflow/.local/lib/python3.12/site-packages/airflow/example_dags/example_setup_teardown.py
[2025-03-31T06:48:34.927+0000] {logging_mixin.py:190} INFO - [2025-03-31T06:48:34.927+0000] {dag.py:3239} INFO - Sync 1 DAGs
[2025-03-31T06:48:34.949+0000] {logging_mixin.py:190} INFO - [2025-03-31T06:48:34.949+0000] {dag.py:4180} INFO - Setting next_dagrun for example_setup_teardown to None, run_after=None
[2025-03-31T06:48:34.970+0000] {processor.py:208} INFO - Processing /home/airflow/.local/lib/python3.12/site-packages/airflow/example_dags/example_setup_teardown.py took 0.087 seconds
[2025-03-31T06:49:39.437+0000] {processor.py:186} INFO - Started process (PID=264) to work on /home/airflow/.local/lib/python3.12/site-packages/airflow/example_dags/example_setup_teardown.py
[2025-03-31T06:49:39.438+0000] {processor.py:914} INFO - Processing file /home/airflow/.local/lib/python3.12/site-packages/airflow/example_dags/example_setup_teardown.py for tasks to queue
[2025-03-31T06:49:39.440+0000] {logging_mixin.py:190} INFO - [2025-03-31T06:49:39.440+0000] {dagbag.py:588} INFO - Filling up the DagBag from /home/airflow/.local/lib/python3.12/site-packages/airflow/example_dags/example_setup_teardown.py
[2025-03-31T06:49:39.451+0000] {processor.py:925} INFO - DAG(s) 'example_setup_teardown' retrieved from /home/airflow/.local/lib/python3.12/site-packages/airflow/example_dags/example_setup_teardown.py
[2025-03-31T06:49:39.483+0000] {logging_mixin.py:190} INFO - [2025-03-31T06:49:39.483+0000] {dag.py:3239} INFO - Sync 1 DAGs
[2025-03-31T06:49:39.500+0000] {logging_mixin.py:190} INFO - [2025-03-31T06:49:39.500+0000] {dag.py:4180} INFO - Setting next_dagrun for example_setup_teardown to None, run_after=None
[2025-03-31T06:49:39.521+0000] {processor.py:208} INFO - Processing /home/airflow/.local/lib/python3.12/site-packages/airflow/example_dags/example_setup_teardown.py took 0.091 seconds
[2025-03-31T06:50:10.387+0000] {processor.py:186} INFO - Started process (PID=561) to work on /home/airflow/.local/lib/python3.12/site-packages/airflow/example_dags/example_setup_teardown.py
[2025-03-31T06:50:10.389+0000] {processor.py:914} INFO - Processing file /home/airflow/.local/lib/python3.12/site-packages/airflow/example_dags/example_setup_teardown.py for tasks to queue
[2025-03-31T06:50:10.394+0000] {logging_mixin.py:190} INFO - [2025-03-31T06:50:10.393+0000] {dagbag.py:588} INFO - Filling up the DagBag from /home/airflow/.local/lib/python3.12/site-packages/airflow/example_dags/example_setup_teardown.py
[2025-03-31T06:50:10.404+0000] {processor.py:925} INFO - DAG(s) 'example_setup_teardown' retrieved from /home/airflow/.local/lib/python3.12/site-packages/airflow/example_dags/example_setup_teardown.py
[2025-03-31T06:50:10.426+0000] {logging_mixin.py:190} INFO - [2025-03-31T06:50:10.425+0000] {dag.py:3239} INFO - Sync 1 DAGs
[2025-03-31T06:50:10.442+0000] {logging_mixin.py:190} INFO - [2025-03-31T06:50:10.441+0000] {dag.py:4180} INFO - Setting next_dagrun for example_setup_teardown to None, run_after=None
[2025-03-31T06:50:10.462+0000] {processor.py:208} INFO - Processing /home/airflow/.local/lib/python3.12/site-packages/airflow/example_dags/example_setup_teardown.py took 0.083 seconds
[2025-03-31T06:50:41.421+0000] {processor.py:186} INFO - Started process (PID=852) to work on /home/airflow/.local/lib/python3.12/site-packages/airflow/example_dags/example_setup_teardown.py
[2025-03-31T06:50:41.422+0000] {processor.py:914} INFO - Processing file /home/airflow/.local/lib/python3.12/site-packages/airflow/example_dags/example_setup_teardown.py for tasks to queue
[2025-03-31T06:50:41.425+0000] {logging_mixin.py:190} INFO - [2025-03-31T06:50:41.424+0000] {dagbag.py:588} INFO - Filling up the DagBag from /home/airflow/.local/lib/python3.12/site-packages/airflow/example_dags/example_setup_teardown.py
[2025-03-31T06:50:41.435+0000] {processor.py:925} INFO - DAG(s) 'example_setup_teardown' retrieved from /home/airflow/.local/lib/python3.12/site-packages/airflow/example_dags/example_setup_teardown.py
[2025-03-31T06:50:41.457+0000] {logging_mixin.py:190} INFO - [2025-03-31T06:50:41.456+0000] {dag.py:3239} INFO - Sync 1 DAGs
[2025-03-31T06:50:41.472+0000] {logging_mixin.py:190} INFO - [2025-03-31T06:50:41.472+0000] {dag.py:4180} INFO - Setting next_dagrun for example_setup_teardown to None, run_after=None
[2025-03-31T06:50:41.493+0000] {processor.py:208} INFO - Processing /home/airflow/.local/lib/python3.12/site-packages/airflow/example_dags/example_setup_teardown.py took 0.077 seconds
[2025-03-31T06:51:11.975+0000] {processor.py:186} INFO - Started process (PID=1143) to work on /home/airflow/.local/lib/python3.12/site-packages/airflow/example_dags/example_setup_teardown.py
[2025-03-31T06:51:11.976+0000] {processor.py:914} INFO - Processing file /home/airflow/.local/lib/python3.12/site-packages/airflow/example_dags/example_setup_teardown.py for tasks to queue
[2025-03-31T06:51:11.978+0000] {logging_mixin.py:190} INFO - [2025-03-31T06:51:11.978+0000] {dagbag.py:588} INFO - Filling up the DagBag from /home/airflow/.local/lib/python3.12/site-packages/airflow/example_dags/example_setup_teardown.py
[2025-03-31T06:51:11.986+0000] {processor.py:925} INFO - DAG(s) 'example_setup_teardown' retrieved from /home/airflow/.local/lib/python3.12/site-packages/airflow/example_dags/example_setup_teardown.py
[2025-03-31T06:51:12.007+0000] {logging_mixin.py:190} INFO - [2025-03-31T06:51:12.006+0000] {dag.py:3239} INFO - Sync 1 DAGs
[2025-03-31T06:51:12.021+0000] {logging_mixin.py:190} INFO - [2025-03-31T06:51:12.020+0000] {dag.py:4180} INFO - Setting next_dagrun for example_setup_teardown to None, run_after=None
[2025-03-31T06:51:12.038+0000] {processor.py:208} INFO - Processing /home/airflow/.local/lib/python3.12/site-packages/airflow/example_dags/example_setup_teardown.py took 0.069 seconds
[2025-03-31T06:51:42.899+0000] {processor.py:186} INFO - Started process (PID=1434) to work on /home/airflow/.local/lib/python3.12/site-packages/airflow/example_dags/example_setup_teardown.py
[2025-03-31T06:51:42.901+0000] {processor.py:914} INFO - Processing file /home/airflow/.local/lib/python3.12/site-packages/airflow/example_dags/example_setup_teardown.py for tasks to queue
[2025-03-31T06:51:42.904+0000] {logging_mixin.py:190} INFO - [2025-03-31T06:51:42.904+0000] {dagbag.py:588} INFO - Filling up the DagBag from /home/airflow/.local/lib/python3.12/site-packages/airflow/example_dags/example_setup_teardown.py
[2025-03-31T06:51:42.912+0000] {processor.py:925} INFO - DAG(s) 'example_setup_teardown' retrieved from /home/airflow/.local/lib/python3.12/site-packages/airflow/example_dags/example_setup_teardown.py
[2025-03-31T06:51:42.938+0000] {logging_mixin.py:190} INFO - [2025-03-31T06:51:42.937+0000] {dag.py:3239} INFO - Sync 1 DAGs
[2025-03-31T06:51:42.955+0000] {logging_mixin.py:190} INFO - [2025-03-31T06:51:42.954+0000] {dag.py:4180} INFO - Setting next_dagrun for example_setup_teardown to None, run_after=None
[2025-03-31T06:51:42.975+0000] {processor.py:208} INFO - Processing /home/airflow/.local/lib/python3.12/site-packages/airflow/example_dags/example_setup_teardown.py took 0.082 seconds
[2025-03-31T06:52:14.042+0000] {processor.py:186} INFO - Started process (PID=1725) to work on /home/airflow/.local/lib/python3.12/site-packages/airflow/example_dags/example_setup_teardown.py
[2025-03-31T06:52:14.044+0000] {processor.py:914} INFO - Processing file /home/airflow/.local/lib/python3.12/site-packages/airflow/example_dags/example_setup_teardown.py for tasks to queue
[2025-03-31T06:52:14.047+0000] {logging_mixin.py:190} INFO - [2025-03-31T06:52:14.046+0000] {dagbag.py:588} INFO - Filling up the DagBag from /home/airflow/.local/lib/python3.12/site-packages/airflow/example_dags/example_setup_teardown.py
[2025-03-31T06:52:14.060+0000] {processor.py:925} INFO - DAG(s) 'example_setup_teardown' retrieved from /home/airflow/.local/lib/python3.12/site-packages/airflow/example_dags/example_setup_teardown.py
[2025-03-31T06:52:14.085+0000] {logging_mixin.py:190} INFO - [2025-03-31T06:52:14.085+0000] {dag.py:3239} INFO - Sync 1 DAGs
[2025-03-31T06:52:14.104+0000] {logging_mixin.py:190} INFO - [2025-03-31T06:52:14.104+0000] {dag.py:4180} INFO - Setting next_dagrun for example_setup_teardown to None, run_after=None
[2025-03-31T06:52:14.126+0000] {processor.py:208} INFO - Processing /home/airflow/.local/lib/python3.12/site-packages/airflow/example_dags/example_setup_teardown.py took 0.093 seconds
[2025-03-31T06:52:44.527+0000] {processor.py:186} INFO - Started process (PID=2016) to work on /home/airflow/.local/lib/python3.12/site-packages/airflow/example_dags/example_setup_teardown.py
[2025-03-31T06:52:44.527+0000] {processor.py:914} INFO - Processing file /home/airflow/.local/lib/python3.12/site-packages/airflow/example_dags/example_setup_teardown.py for tasks to queue
[2025-03-31T06:52:44.530+0000] {logging_mixin.py:190} INFO - [2025-03-31T06:52:44.529+0000] {dagbag.py:588} INFO - Filling up the DagBag from /home/airflow/.local/lib/python3.12/site-packages/airflow/example_dags/example_setup_teardown.py
[2025-03-31T06:52:44.538+0000] {processor.py:925} INFO - DAG(s) 'example_setup_teardown' retrieved from /home/airflow/.local/lib/python3.12/site-packages/airflow/example_dags/example_setup_teardown.py
[2025-03-31T06:52:44.556+0000] {logging_mixin.py:190} INFO - [2025-03-31T06:52:44.556+0000] {dag.py:3239} INFO - Sync 1 DAGs
[2025-03-31T06:52:44.570+0000] {logging_mixin.py:190} INFO - [2025-03-31T06:52:44.569+0000] {dag.py:4180} INFO - Setting next_dagrun for example_setup_teardown to None, run_after=None
[2025-03-31T06:52:44.587+0000] {processor.py:208} INFO - Processing /home/airflow/.local/lib/python3.12/site-packages/airflow/example_dags/example_setup_teardown.py took 0.066 seconds
[2025-03-31T06:53:14.897+0000] {processor.py:186} INFO - Started process (PID=2307) to work on /home/airflow/.local/lib/python3.12/site-packages/airflow/example_dags/example_setup_teardown.py
[2025-03-31T06:53:14.898+0000] {processor.py:914} INFO - Processing file /home/airflow/.local/lib/python3.12/site-packages/airflow/example_dags/example_setup_teardown.py for tasks to queue
[2025-03-31T06:53:14.904+0000] {logging_mixin.py:190} INFO - [2025-03-31T06:53:14.903+0000] {dagbag.py:588} INFO - Filling up the DagBag from /home/airflow/.local/lib/python3.12/site-packages/airflow/example_dags/example_setup_teardown.py
[2025-03-31T06:53:14.913+0000] {processor.py:925} INFO - DAG(s) 'example_setup_teardown' retrieved from /home/airflow/.local/lib/python3.12/site-packages/airflow/example_dags/example_setup_teardown.py
[2025-03-31T06:53:14.939+0000] {logging_mixin.py:190} INFO - [2025-03-31T06:53:14.939+0000] {dag.py:3239} INFO - Sync 1 DAGs
[2025-03-31T06:53:14.958+0000] {logging_mixin.py:190} INFO - [2025-03-31T06:53:14.958+0000] {dag.py:4180} INFO - Setting next_dagrun for example_setup_teardown to None, run_after=None
[2025-03-31T06:53:14.979+0000] {processor.py:208} INFO - Processing /home/airflow/.local/lib/python3.12/site-packages/airflow/example_dags/example_setup_teardown.py took 0.090 seconds
[2025-03-31T06:53:45.284+0000] {processor.py:186} INFO - Started process (PID=2600) to work on /home/airflow/.local/lib/python3.12/site-packages/airflow/example_dags/example_setup_teardown.py
[2025-03-31T06:53:45.285+0000] {processor.py:914} INFO - Processing file /home/airflow/.local/lib/python3.12/site-packages/airflow/example_dags/example_setup_teardown.py for tasks to queue
[2025-03-31T06:53:45.287+0000] {logging_mixin.py:190} INFO - [2025-03-31T06:53:45.287+0000] {dagbag.py:588} INFO - Filling up the DagBag from /home/airflow/.local/lib/python3.12/site-packages/airflow/example_dags/example_setup_teardown.py
[2025-03-31T06:53:45.295+0000] {processor.py:925} INFO - DAG(s) 'example_setup_teardown' retrieved from /home/airflow/.local/lib/python3.12/site-packages/airflow/example_dags/example_setup_teardown.py
[2025-03-31T06:53:45.314+0000] {logging_mixin.py:190} INFO - [2025-03-31T06:53:45.314+0000] {dag.py:3239} INFO - Sync 1 DAGs
[2025-03-31T06:53:45.327+0000] {logging_mixin.py:190} INFO - [2025-03-31T06:53:45.327+0000] {dag.py:4180} INFO - Setting next_dagrun for example_setup_teardown to None, run_after=None
[2025-03-31T06:53:45.342+0000] {processor.py:208} INFO - Processing /home/airflow/.local/lib/python3.12/site-packages/airflow/example_dags/example_setup_teardown.py took 0.064 seconds
[2025-03-31T06:54:16.354+0000] {processor.py:186} INFO - Started process (PID=2891) to work on /home/airflow/.local/lib/python3.12/site-packages/airflow/example_dags/example_setup_teardown.py
[2025-03-31T06:54:16.355+0000] {processor.py:914} INFO - Processing file /home/airflow/.local/lib/python3.12/site-packages/airflow/example_dags/example_setup_teardown.py for tasks to queue
[2025-03-31T06:54:16.357+0000] {logging_mixin.py:190} INFO - [2025-03-31T06:54:16.357+0000] {dagbag.py:588} INFO - Filling up the DagBag from /home/airflow/.local/lib/python3.12/site-packages/airflow/example_dags/example_setup_teardown.py
[2025-03-31T06:54:16.366+0000] {processor.py:925} INFO - DAG(s) 'example_setup_teardown' retrieved from /home/airflow/.local/lib/python3.12/site-packages/airflow/example_dags/example_setup_teardown.py
[2025-03-31T06:54:16.393+0000] {logging_mixin.py:190} INFO - [2025-03-31T06:54:16.393+0000] {dag.py:3239} INFO - Sync 1 DAGs
[2025-03-31T06:54:16.411+0000] {logging_mixin.py:190} INFO - [2025-03-31T06:54:16.411+0000] {dag.py:4180} INFO - Setting next_dagrun for example_setup_teardown to None, run_after=None
[2025-03-31T06:54:16.430+0000] {processor.py:208} INFO - Processing /home/airflow/.local/lib/python3.12/site-packages/airflow/example_dags/example_setup_teardown.py took 0.084 seconds
[2025-03-31T06:54:46.648+0000] {processor.py:186} INFO - Started process (PID=3182) to work on /home/airflow/.local/lib/python3.12/site-packages/airflow/example_dags/example_setup_teardown.py
[2025-03-31T06:54:46.649+0000] {processor.py:914} INFO - Processing file /home/airflow/.local/lib/python3.12/site-packages/airflow/example_dags/example_setup_teardown.py for tasks to queue
[2025-03-31T06:54:46.651+0000] {logging_mixin.py:190} INFO - [2025-03-31T06:54:46.651+0000] {dagbag.py:588} INFO - Filling up the DagBag from /home/airflow/.local/lib/python3.12/site-packages/airflow/example_dags/example_setup_teardown.py
[2025-03-31T06:54:46.661+0000] {processor.py:925} INFO - DAG(s) 'example_setup_teardown' retrieved from /home/airflow/.local/lib/python3.12/site-packages/airflow/example_dags/example_setup_teardown.py
[2025-03-31T06:54:46.683+0000] {logging_mixin.py:190} INFO - [2025-03-31T06:54:46.682+0000] {dag.py:3239} INFO - Sync 1 DAGs
[2025-03-31T06:54:46.700+0000] {logging_mixin.py:190} INFO - [2025-03-31T06:54:46.700+0000] {dag.py:4180} INFO - Setting next_dagrun for example_setup_teardown to None, run_after=None
[2025-03-31T06:54:46.719+0000] {processor.py:208} INFO - Processing /home/airflow/.local/lib/python3.12/site-packages/airflow/example_dags/example_setup_teardown.py took 0.077 seconds
[2025-03-31T06:55:16.963+0000] {processor.py:186} INFO - Started process (PID=3475) to work on /home/airflow/.local/lib/python3.12/site-packages/airflow/example_dags/example_setup_teardown.py
[2025-03-31T06:55:16.964+0000] {processor.py:914} INFO - Processing file /home/airflow/.local/lib/python3.12/site-packages/airflow/example_dags/example_setup_teardown.py for tasks to queue
[2025-03-31T06:55:16.968+0000] {logging_mixin.py:190} INFO - [2025-03-31T06:55:16.967+0000] {dagbag.py:588} INFO - Filling up the DagBag from /home/airflow/.local/lib/python3.12/site-packages/airflow/example_dags/example_setup_teardown.py
[2025-03-31T06:55:16.977+0000] {processor.py:925} INFO - DAG(s) 'example_setup_teardown' retrieved from /home/airflow/.local/lib/python3.12/site-packages/airflow/example_dags/example_setup_teardown.py
[2025-03-31T06:55:17.003+0000] {logging_mixin.py:190} INFO - [2025-03-31T06:55:17.003+0000] {dag.py:3239} INFO - Sync 1 DAGs
[2025-03-31T06:55:17.021+0000] {logging_mixin.py:190} INFO - [2025-03-31T06:55:17.020+0000] {dag.py:4180} INFO - Setting next_dagrun for example_setup_teardown to None, run_after=None
[2025-03-31T06:55:17.044+0000] {processor.py:208} INFO - Processing /home/airflow/.local/lib/python3.12/site-packages/airflow/example_dags/example_setup_teardown.py took 0.088 seconds
[2025-03-31T06:55:47.513+0000] {processor.py:186} INFO - Started process (PID=3770) to work on /home/airflow/.local/lib/python3.12/site-packages/airflow/example_dags/example_setup_teardown.py
[2025-03-31T06:55:47.514+0000] {processor.py:914} INFO - Processing file /home/airflow/.local/lib/python3.12/site-packages/airflow/example_dags/example_setup_teardown.py for tasks to queue
[2025-03-31T06:55:47.516+0000] {logging_mixin.py:190} INFO - [2025-03-31T06:55:47.516+0000] {dagbag.py:588} INFO - Filling up the DagBag from /home/airflow/.local/lib/python3.12/site-packages/airflow/example_dags/example_setup_teardown.py
[2025-03-31T06:55:47.525+0000] {processor.py:925} INFO - DAG(s) 'example_setup_teardown' retrieved from /home/airflow/.local/lib/python3.12/site-packages/airflow/example_dags/example_setup_teardown.py
[2025-03-31T06:55:47.545+0000] {logging_mixin.py:190} INFO - [2025-03-31T06:55:47.544+0000] {dag.py:3239} INFO - Sync 1 DAGs
[2025-03-31T06:55:47.559+0000] {logging_mixin.py:190} INFO - [2025-03-31T06:55:47.558+0000] {dag.py:4180} INFO - Setting next_dagrun for example_setup_teardown to None, run_after=None
[2025-03-31T06:55:47.576+0000] {processor.py:208} INFO - Processing /home/airflow/.local/lib/python3.12/site-packages/airflow/example_dags/example_setup_teardown.py took 0.069 seconds
[2025-03-31T06:56:18.551+0000] {processor.py:186} INFO - Started process (PID=4061) to work on /home/airflow/.local/lib/python3.12/site-packages/airflow/example_dags/example_setup_teardown.py
[2025-03-31T06:56:18.552+0000] {processor.py:914} INFO - Processing file /home/airflow/.local/lib/python3.12/site-packages/airflow/example_dags/example_setup_teardown.py for tasks to queue
[2025-03-31T06:56:18.554+0000] {logging_mixin.py:190} INFO - [2025-03-31T06:56:18.554+0000] {dagbag.py:588} INFO - Filling up the DagBag from /home/airflow/.local/lib/python3.12/site-packages/airflow/example_dags/example_setup_teardown.py
[2025-03-31T06:56:18.562+0000] {processor.py:925} INFO - DAG(s) 'example_setup_teardown' retrieved from /home/airflow/.local/lib/python3.12/site-packages/airflow/example_dags/example_setup_teardown.py
[2025-03-31T06:56:18.585+0000] {logging_mixin.py:190} INFO - [2025-03-31T06:56:18.585+0000] {dag.py:3239} INFO - Sync 1 DAGs
[2025-03-31T06:56:18.600+0000] {logging_mixin.py:190} INFO - [2025-03-31T06:56:18.600+0000] {dag.py:4180} INFO - Setting next_dagrun for example_setup_teardown to None, run_after=None
[2025-03-31T06:56:18.617+0000] {processor.py:208} INFO - Processing /home/airflow/.local/lib/python3.12/site-packages/airflow/example_dags/example_setup_teardown.py took 0.073 seconds
[2025-03-31T06:56:49.575+0000] {processor.py:186} INFO - Started process (PID=4352) to work on /home/airflow/.local/lib/python3.12/site-packages/airflow/example_dags/example_setup_teardown.py
[2025-03-31T06:56:49.576+0000] {processor.py:914} INFO - Processing file /home/airflow/.local/lib/python3.12/site-packages/airflow/example_dags/example_setup_teardown.py for tasks to queue
[2025-03-31T06:56:49.579+0000] {logging_mixin.py:190} INFO - [2025-03-31T06:56:49.579+0000] {dagbag.py:588} INFO - Filling up the DagBag from /home/airflow/.local/lib/python3.12/site-packages/airflow/example_dags/example_setup_teardown.py
[2025-03-31T06:56:49.594+0000] {processor.py:925} INFO - DAG(s) 'example_setup_teardown' retrieved from /home/airflow/.local/lib/python3.12/site-packages/airflow/example_dags/example_setup_teardown.py
[2025-03-31T06:56:49.627+0000] {logging_mixin.py:190} INFO - [2025-03-31T06:56:49.627+0000] {dag.py:3239} INFO - Sync 1 DAGs
[2025-03-31T06:56:49.661+0000] {logging_mixin.py:190} INFO - [2025-03-31T06:56:49.661+0000] {dag.py:4180} INFO - Setting next_dagrun for example_setup_teardown to None, run_after=None
[2025-03-31T06:56:49.697+0000] {processor.py:208} INFO - Processing /home/airflow/.local/lib/python3.12/site-packages/airflow/example_dags/example_setup_teardown.py took 0.132 seconds
[2025-03-31T06:57:19.828+0000] {processor.py:186} INFO - Started process (PID=4643) to work on /home/airflow/.local/lib/python3.12/site-packages/airflow/example_dags/example_setup_teardown.py
[2025-03-31T06:57:19.829+0000] {processor.py:914} INFO - Processing file /home/airflow/.local/lib/python3.12/site-packages/airflow/example_dags/example_setup_teardown.py for tasks to queue
[2025-03-31T06:57:19.832+0000] {logging_mixin.py:190} INFO - [2025-03-31T06:57:19.832+0000] {dagbag.py:588} INFO - Filling up the DagBag from /home/airflow/.local/lib/python3.12/site-packages/airflow/example_dags/example_setup_teardown.py
[2025-03-31T06:57:19.842+0000] {processor.py:925} INFO - DAG(s) 'example_setup_teardown' retrieved from /home/airflow/.local/lib/python3.12/site-packages/airflow/example_dags/example_setup_teardown.py
[2025-03-31T06:57:19.869+0000] {logging_mixin.py:190} INFO - [2025-03-31T06:57:19.869+0000] {dag.py:3239} INFO - Sync 1 DAGs
[2025-03-31T06:57:19.887+0000] {logging_mixin.py:190} INFO - [2025-03-31T06:57:19.887+0000] {dag.py:4180} INFO - Setting next_dagrun for example_setup_teardown to None, run_after=None
[2025-03-31T06:57:19.910+0000] {processor.py:208} INFO - Processing /home/airflow/.local/lib/python3.12/site-packages/airflow/example_dags/example_setup_teardown.py took 0.089 seconds
[2025-03-31T06:57:50.308+0000] {processor.py:186} INFO - Started process (PID=4934) to work on /home/airflow/.local/lib/python3.12/site-packages/airflow/example_dags/example_setup_teardown.py
[2025-03-31T06:57:50.310+0000] {processor.py:914} INFO - Processing file /home/airflow/.local/lib/python3.12/site-packages/airflow/example_dags/example_setup_teardown.py for tasks to queue
[2025-03-31T06:57:50.312+0000] {logging_mixin.py:190} INFO - [2025-03-31T06:57:50.312+0000] {dagbag.py:588} INFO - Filling up the DagBag from /home/airflow/.local/lib/python3.12/site-packages/airflow/example_dags/example_setup_teardown.py
[2025-03-31T06:57:50.323+0000] {processor.py:925} INFO - DAG(s) 'example_setup_teardown' retrieved from /home/airflow/.local/lib/python3.12/site-packages/airflow/example_dags/example_setup_teardown.py
[2025-03-31T06:57:50.347+0000] {logging_mixin.py:190} INFO - [2025-03-31T06:57:50.347+0000] {dag.py:3239} INFO - Sync 1 DAGs
[2025-03-31T06:57:50.368+0000] {logging_mixin.py:190} INFO - [2025-03-31T06:57:50.367+0000] {dag.py:4180} INFO - Setting next_dagrun for example_setup_teardown to None, run_after=None
[2025-03-31T06:57:50.390+0000] {processor.py:208} INFO - Processing /home/airflow/.local/lib/python3.12/site-packages/airflow/example_dags/example_setup_teardown.py took 0.089 seconds
[2025-03-31T06:58:20.878+0000] {processor.py:186} INFO - Started process (PID=5225) to work on /home/airflow/.local/lib/python3.12/site-packages/airflow/example_dags/example_setup_teardown.py
[2025-03-31T06:58:20.879+0000] {processor.py:914} INFO - Processing file /home/airflow/.local/lib/python3.12/site-packages/airflow/example_dags/example_setup_teardown.py for tasks to queue
[2025-03-31T06:58:20.884+0000] {logging_mixin.py:190} INFO - [2025-03-31T06:58:20.883+0000] {dagbag.py:588} INFO - Filling up the DagBag from /home/airflow/.local/lib/python3.12/site-packages/airflow/example_dags/example_setup_teardown.py
[2025-03-31T06:58:20.895+0000] {processor.py:925} INFO - DAG(s) 'example_setup_teardown' retrieved from /home/airflow/.local/lib/python3.12/site-packages/airflow/example_dags/example_setup_teardown.py
[2025-03-31T06:58:20.922+0000] {logging_mixin.py:190} INFO - [2025-03-31T06:58:20.921+0000] {dag.py:3239} INFO - Sync 1 DAGs
[2025-03-31T06:58:20.940+0000] {logging_mixin.py:190} INFO - [2025-03-31T06:58:20.940+0000] {dag.py:4180} INFO - Setting next_dagrun for example_setup_teardown to None, run_after=None
[2025-03-31T06:58:20.964+0000] {processor.py:208} INFO - Processing /home/airflow/.local/lib/python3.12/site-packages/airflow/example_dags/example_setup_teardown.py took 0.093 seconds
[2025-03-31T06:58:51.314+0000] {processor.py:186} INFO - Started process (PID=5516) to work on /home/airflow/.local/lib/python3.12/site-packages/airflow/example_dags/example_setup_teardown.py
[2025-03-31T06:58:51.315+0000] {processor.py:914} INFO - Processing file /home/airflow/.local/lib/python3.12/site-packages/airflow/example_dags/example_setup_teardown.py for tasks to queue
[2025-03-31T06:58:51.317+0000] {logging_mixin.py:190} INFO - [2025-03-31T06:58:51.317+0000] {dagbag.py:588} INFO - Filling up the DagBag from /home/airflow/.local/lib/python3.12/site-packages/airflow/example_dags/example_setup_teardown.py
[2025-03-31T06:58:51.326+0000] {processor.py:925} INFO - DAG(s) 'example_setup_teardown' retrieved from /home/airflow/.local/lib/python3.12/site-packages/airflow/example_dags/example_setup_teardown.py
[2025-03-31T06:58:51.348+0000] {logging_mixin.py:190} INFO - [2025-03-31T06:58:51.347+0000] {dag.py:3239} INFO - Sync 1 DAGs
[2025-03-31T06:58:51.363+0000] {logging_mixin.py:190} INFO - [2025-03-31T06:58:51.363+0000] {dag.py:4180} INFO - Setting next_dagrun for example_setup_teardown to None, run_after=None
[2025-03-31T06:58:51.381+0000] {processor.py:208} INFO - Processing /home/airflow/.local/lib/python3.12/site-packages/airflow/example_dags/example_setup_teardown.py took 0.073 seconds
[2025-03-31T06:59:21.585+0000] {processor.py:186} INFO - Started process (PID=5807) to work on /home/airflow/.local/lib/python3.12/site-packages/airflow/example_dags/example_setup_teardown.py
[2025-03-31T06:59:21.586+0000] {processor.py:914} INFO - Processing file /home/airflow/.local/lib/python3.12/site-packages/airflow/example_dags/example_setup_teardown.py for tasks to queue
[2025-03-31T06:59:21.589+0000] {logging_mixin.py:190} INFO - [2025-03-31T06:59:21.588+0000] {dagbag.py:588} INFO - Filling up the DagBag from /home/airflow/.local/lib/python3.12/site-packages/airflow/example_dags/example_setup_teardown.py
[2025-03-31T06:59:21.599+0000] {processor.py:925} INFO - DAG(s) 'example_setup_teardown' retrieved from /home/airflow/.local/lib/python3.12/site-packages/airflow/example_dags/example_setup_teardown.py
[2025-03-31T06:59:21.623+0000] {logging_mixin.py:190} INFO - [2025-03-31T06:59:21.623+0000] {dag.py:3239} INFO - Sync 1 DAGs
[2025-03-31T06:59:21.642+0000] {logging_mixin.py:190} INFO - [2025-03-31T06:59:21.642+0000] {dag.py:4180} INFO - Setting next_dagrun for example_setup_teardown to None, run_after=None
[2025-03-31T06:59:21.665+0000] {processor.py:208} INFO - Processing /home/airflow/.local/lib/python3.12/site-packages/airflow/example_dags/example_setup_teardown.py took 0.086 seconds
[2025-03-31T06:59:52.201+0000] {processor.py:186} INFO - Started process (PID=6098) to work on /home/airflow/.local/lib/python3.12/site-packages/airflow/example_dags/example_setup_teardown.py
[2025-03-31T06:59:52.202+0000] {processor.py:914} INFO - Processing file /home/airflow/.local/lib/python3.12/site-packages/airflow/example_dags/example_setup_teardown.py for tasks to queue
[2025-03-31T06:59:52.204+0000] {logging_mixin.py:190} INFO - [2025-03-31T06:59:52.204+0000] {dagbag.py:588} INFO - Filling up the DagBag from /home/airflow/.local/lib/python3.12/site-packages/airflow/example_dags/example_setup_teardown.py
[2025-03-31T06:59:52.214+0000] {processor.py:925} INFO - DAG(s) 'example_setup_teardown' retrieved from /home/airflow/.local/lib/python3.12/site-packages/airflow/example_dags/example_setup_teardown.py
[2025-03-31T06:59:52.237+0000] {logging_mixin.py:190} INFO - [2025-03-31T06:59:52.236+0000] {dag.py:3239} INFO - Sync 1 DAGs
[2025-03-31T06:59:52.255+0000] {logging_mixin.py:190} INFO - [2025-03-31T06:59:52.255+0000] {dag.py:4180} INFO - Setting next_dagrun for example_setup_teardown to None, run_after=None
[2025-03-31T06:59:52.275+0000] {processor.py:208} INFO - Processing /home/airflow/.local/lib/python3.12/site-packages/airflow/example_dags/example_setup_teardown.py took 0.081 seconds
[2025-03-31T07:00:22.664+0000] {processor.py:186} INFO - Started process (PID=6391) to work on /home/airflow/.local/lib/python3.12/site-packages/airflow/example_dags/example_setup_teardown.py
[2025-03-31T07:00:22.665+0000] {processor.py:914} INFO - Processing file /home/airflow/.local/lib/python3.12/site-packages/airflow/example_dags/example_setup_teardown.py for tasks to queue
[2025-03-31T07:00:22.668+0000] {logging_mixin.py:190} INFO - [2025-03-31T07:00:22.667+0000] {dagbag.py:588} INFO - Filling up the DagBag from /home/airflow/.local/lib/python3.12/site-packages/airflow/example_dags/example_setup_teardown.py
[2025-03-31T07:00:22.678+0000] {processor.py:925} INFO - DAG(s) 'example_setup_teardown' retrieved from /home/airflow/.local/lib/python3.12/site-packages/airflow/example_dags/example_setup_teardown.py
[2025-03-31T07:00:22.703+0000] {logging_mixin.py:190} INFO - [2025-03-31T07:00:22.702+0000] {dag.py:3239} INFO - Sync 1 DAGs
[2025-03-31T07:00:22.721+0000] {logging_mixin.py:190} INFO - [2025-03-31T07:00:22.720+0000] {dag.py:4180} INFO - Setting next_dagrun for example_setup_teardown to None, run_after=None
[2025-03-31T07:00:22.746+0000] {processor.py:208} INFO - Processing /home/airflow/.local/lib/python3.12/site-packages/airflow/example_dags/example_setup_teardown.py took 0.089 seconds
[2025-03-31T07:00:53.023+0000] {processor.py:186} INFO - Started process (PID=6680) to work on /home/airflow/.local/lib/python3.12/site-packages/airflow/example_dags/example_setup_teardown.py
[2025-03-31T07:00:53.024+0000] {processor.py:914} INFO - Processing file /home/airflow/.local/lib/python3.12/site-packages/airflow/example_dags/example_setup_teardown.py for tasks to queue
[2025-03-31T07:00:53.026+0000] {logging_mixin.py:190} INFO - [2025-03-31T07:00:53.026+0000] {dagbag.py:588} INFO - Filling up the DagBag from /home/airflow/.local/lib/python3.12/site-packages/airflow/example_dags/example_setup_teardown.py
[2025-03-31T07:00:53.034+0000] {processor.py:925} INFO - DAG(s) 'example_setup_teardown' retrieved from /home/airflow/.local/lib/python3.12/site-packages/airflow/example_dags/example_setup_teardown.py
[2025-03-31T07:00:53.059+0000] {logging_mixin.py:190} INFO - [2025-03-31T07:00:53.059+0000] {dag.py:3239} INFO - Sync 1 DAGs
[2025-03-31T07:00:53.074+0000] {logging_mixin.py:190} INFO - [2025-03-31T07:00:53.074+0000] {dag.py:4180} INFO - Setting next_dagrun for example_setup_teardown to None, run_after=None
[2025-03-31T07:00:53.092+0000] {processor.py:208} INFO - Processing /home/airflow/.local/lib/python3.12/site-packages/airflow/example_dags/example_setup_teardown.py took 0.074 seconds
[2025-03-31T07:01:23.875+0000] {processor.py:186} INFO - Started process (PID=6971) to work on /home/airflow/.local/lib/python3.12/site-packages/airflow/example_dags/example_setup_teardown.py
[2025-03-31T07:01:23.876+0000] {processor.py:914} INFO - Processing file /home/airflow/.local/lib/python3.12/site-packages/airflow/example_dags/example_setup_teardown.py for tasks to queue
[2025-03-31T07:01:23.878+0000] {logging_mixin.py:190} INFO - [2025-03-31T07:01:23.878+0000] {dagbag.py:588} INFO - Filling up the DagBag from /home/airflow/.local/lib/python3.12/site-packages/airflow/example_dags/example_setup_teardown.py
[2025-03-31T07:01:23.887+0000] {processor.py:925} INFO - DAG(s) 'example_setup_teardown' retrieved from /home/airflow/.local/lib/python3.12/site-packages/airflow/example_dags/example_setup_teardown.py
[2025-03-31T07:01:23.911+0000] {logging_mixin.py:190} INFO - [2025-03-31T07:01:23.911+0000] {dag.py:3239} INFO - Sync 1 DAGs
[2025-03-31T07:01:23.927+0000] {logging_mixin.py:190} INFO - [2025-03-31T07:01:23.927+0000] {dag.py:4180} INFO - Setting next_dagrun for example_setup_teardown to None, run_after=None
[2025-03-31T07:01:23.945+0000] {processor.py:208} INFO - Processing /home/airflow/.local/lib/python3.12/site-packages/airflow/example_dags/example_setup_teardown.py took 0.076 seconds
[2025-03-31T07:01:54.174+0000] {processor.py:186} INFO - Started process (PID=7262) to work on /home/airflow/.local/lib/python3.12/site-packages/airflow/example_dags/example_setup_teardown.py
[2025-03-31T07:01:54.175+0000] {processor.py:914} INFO - Processing file /home/airflow/.local/lib/python3.12/site-packages/airflow/example_dags/example_setup_teardown.py for tasks to queue
[2025-03-31T07:01:54.177+0000] {logging_mixin.py:190} INFO - [2025-03-31T07:01:54.177+0000] {dagbag.py:588} INFO - Filling up the DagBag from /home/airflow/.local/lib/python3.12/site-packages/airflow/example_dags/example_setup_teardown.py
[2025-03-31T07:01:54.186+0000] {processor.py:925} INFO - DAG(s) 'example_setup_teardown' retrieved from /home/airflow/.local/lib/python3.12/site-packages/airflow/example_dags/example_setup_teardown.py
[2025-03-31T07:01:54.209+0000] {logging_mixin.py:190} INFO - [2025-03-31T07:01:54.208+0000] {dag.py:3239} INFO - Sync 1 DAGs
[2025-03-31T07:01:54.225+0000] {logging_mixin.py:190} INFO - [2025-03-31T07:01:54.225+0000] {dag.py:4180} INFO - Setting next_dagrun for example_setup_teardown to None, run_after=None
[2025-03-31T07:01:54.247+0000] {processor.py:208} INFO - Processing /home/airflow/.local/lib/python3.12/site-packages/airflow/example_dags/example_setup_teardown.py took 0.079 seconds
[2025-03-31T07:02:24.998+0000] {processor.py:186} INFO - Started process (PID=7553) to work on /home/airflow/.local/lib/python3.12/site-packages/airflow/example_dags/example_setup_teardown.py
[2025-03-31T07:02:24.999+0000] {processor.py:914} INFO - Processing file /home/airflow/.local/lib/python3.12/site-packages/airflow/example_dags/example_setup_teardown.py for tasks to queue
[2025-03-31T07:02:25.001+0000] {logging_mixin.py:190} INFO - [2025-03-31T07:02:25.001+0000] {dagbag.py:588} INFO - Filling up the DagBag from /home/airflow/.local/lib/python3.12/site-packages/airflow/example_dags/example_setup_teardown.py
[2025-03-31T07:02:25.010+0000] {processor.py:925} INFO - DAG(s) 'example_setup_teardown' retrieved from /home/airflow/.local/lib/python3.12/site-packages/airflow/example_dags/example_setup_teardown.py
[2025-03-31T07:02:25.031+0000] {logging_mixin.py:190} INFO - [2025-03-31T07:02:25.031+0000] {dag.py:3239} INFO - Sync 1 DAGs
[2025-03-31T07:02:25.048+0000] {logging_mixin.py:190} INFO - [2025-03-31T07:02:25.047+0000] {dag.py:4180} INFO - Setting next_dagrun for example_setup_teardown to None, run_after=None
[2025-03-31T07:02:25.065+0000] {processor.py:208} INFO - Processing /home/airflow/.local/lib/python3.12/site-packages/airflow/example_dags/example_setup_teardown.py took 0.073 seconds
[2025-03-31T07:02:55.277+0000] {processor.py:186} INFO - Started process (PID=7844) to work on /home/airflow/.local/lib/python3.12/site-packages/airflow/example_dags/example_setup_teardown.py
[2025-03-31T07:02:55.278+0000] {processor.py:914} INFO - Processing file /home/airflow/.local/lib/python3.12/site-packages/airflow/example_dags/example_setup_teardown.py for tasks to queue
[2025-03-31T07:02:55.281+0000] {logging_mixin.py:190} INFO - [2025-03-31T07:02:55.280+0000] {dagbag.py:588} INFO - Filling up the DagBag from /home/airflow/.local/lib/python3.12/site-packages/airflow/example_dags/example_setup_teardown.py
[2025-03-31T07:02:55.290+0000] {processor.py:925} INFO - DAG(s) 'example_setup_teardown' retrieved from /home/airflow/.local/lib/python3.12/site-packages/airflow/example_dags/example_setup_teardown.py
[2025-03-31T07:02:55.316+0000] {logging_mixin.py:190} INFO - [2025-03-31T07:02:55.315+0000] {dag.py:3239} INFO - Sync 1 DAGs
[2025-03-31T07:02:55.333+0000] {logging_mixin.py:190} INFO - [2025-03-31T07:02:55.332+0000] {dag.py:4180} INFO - Setting next_dagrun for example_setup_teardown to None, run_after=None
[2025-03-31T07:02:55.351+0000] {processor.py:208} INFO - Processing /home/airflow/.local/lib/python3.12/site-packages/airflow/example_dags/example_setup_teardown.py took 0.080 seconds
[2025-03-31T07:03:25.628+0000] {processor.py:186} INFO - Started process (PID=8135) to work on /home/airflow/.local/lib/python3.12/site-packages/airflow/example_dags/example_setup_teardown.py
[2025-03-31T07:03:25.630+0000] {processor.py:914} INFO - Processing file /home/airflow/.local/lib/python3.12/site-packages/airflow/example_dags/example_setup_teardown.py for tasks to queue
[2025-03-31T07:03:25.633+0000] {logging_mixin.py:190} INFO - [2025-03-31T07:03:25.632+0000] {dagbag.py:588} INFO - Filling up the DagBag from /home/airflow/.local/lib/python3.12/site-packages/airflow/example_dags/example_setup_teardown.py
[2025-03-31T07:03:25.645+0000] {processor.py:925} INFO - DAG(s) 'example_setup_teardown' retrieved from /home/airflow/.local/lib/python3.12/site-packages/airflow/example_dags/example_setup_teardown.py
[2025-03-31T07:03:25.669+0000] {logging_mixin.py:190} INFO - [2025-03-31T07:03:25.669+0000] {dag.py:3239} INFO - Sync 1 DAGs
[2025-03-31T07:03:25.685+0000] {logging_mixin.py:190} INFO - [2025-03-31T07:03:25.685+0000] {dag.py:4180} INFO - Setting next_dagrun for example_setup_teardown to None, run_after=None
[2025-03-31T07:03:25.708+0000] {processor.py:208} INFO - Processing /home/airflow/.local/lib/python3.12/site-packages/airflow/example_dags/example_setup_teardown.py took 0.088 seconds
[2025-03-31T07:03:55.747+0000] {processor.py:186} INFO - Started process (PID=8423) to work on /home/airflow/.local/lib/python3.12/site-packages/airflow/example_dags/example_setup_teardown.py
[2025-03-31T07:03:55.748+0000] {processor.py:914} INFO - Processing file /home/airflow/.local/lib/python3.12/site-packages/airflow/example_dags/example_setup_teardown.py for tasks to queue
[2025-03-31T07:03:55.751+0000] {logging_mixin.py:190} INFO - [2025-03-31T07:03:55.750+0000] {dagbag.py:588} INFO - Filling up the DagBag from /home/airflow/.local/lib/python3.12/site-packages/airflow/example_dags/example_setup_teardown.py
[2025-03-31T07:03:55.760+0000] {processor.py:925} INFO - DAG(s) 'example_setup_teardown' retrieved from /home/airflow/.local/lib/python3.12/site-packages/airflow/example_dags/example_setup_teardown.py
[2025-03-31T07:03:55.782+0000] {logging_mixin.py:190} INFO - [2025-03-31T07:03:55.781+0000] {dag.py:3239} INFO - Sync 1 DAGs
[2025-03-31T07:03:55.796+0000] {logging_mixin.py:190} INFO - [2025-03-31T07:03:55.796+0000] {dag.py:4180} INFO - Setting next_dagrun for example_setup_teardown to None, run_after=None
[2025-03-31T07:03:55.816+0000] {processor.py:208} INFO - Processing /home/airflow/.local/lib/python3.12/site-packages/airflow/example_dags/example_setup_teardown.py took 0.075 seconds
[2025-03-31T07:04:26.178+0000] {processor.py:186} INFO - Started process (PID=8712) to work on /home/airflow/.local/lib/python3.12/site-packages/airflow/example_dags/example_setup_teardown.py
[2025-03-31T07:04:26.179+0000] {processor.py:914} INFO - Processing file /home/airflow/.local/lib/python3.12/site-packages/airflow/example_dags/example_setup_teardown.py for tasks to queue
[2025-03-31T07:04:26.182+0000] {logging_mixin.py:190} INFO - [2025-03-31T07:04:26.181+0000] {dagbag.py:588} INFO - Filling up the DagBag from /home/airflow/.local/lib/python3.12/site-packages/airflow/example_dags/example_setup_teardown.py
[2025-03-31T07:04:26.192+0000] {processor.py:925} INFO - DAG(s) 'example_setup_teardown' retrieved from /home/airflow/.local/lib/python3.12/site-packages/airflow/example_dags/example_setup_teardown.py
[2025-03-31T07:04:26.216+0000] {logging_mixin.py:190} INFO - [2025-03-31T07:04:26.216+0000] {dag.py:3239} INFO - Sync 1 DAGs
[2025-03-31T07:04:26.233+0000] {logging_mixin.py:190} INFO - [2025-03-31T07:04:26.232+0000] {dag.py:4180} INFO - Setting next_dagrun for example_setup_teardown to None, run_after=None
[2025-03-31T07:04:26.251+0000] {processor.py:208} INFO - Processing /home/airflow/.local/lib/python3.12/site-packages/airflow/example_dags/example_setup_teardown.py took 0.079 seconds
[2025-03-31T07:04:56.439+0000] {processor.py:186} INFO - Started process (PID=9003) to work on /home/airflow/.local/lib/python3.12/site-packages/airflow/example_dags/example_setup_teardown.py
[2025-03-31T07:04:56.440+0000] {processor.py:914} INFO - Processing file /home/airflow/.local/lib/python3.12/site-packages/airflow/example_dags/example_setup_teardown.py for tasks to queue
[2025-03-31T07:04:56.442+0000] {logging_mixin.py:190} INFO - [2025-03-31T07:04:56.442+0000] {dagbag.py:588} INFO - Filling up the DagBag from /home/airflow/.local/lib/python3.12/site-packages/airflow/example_dags/example_setup_teardown.py
[2025-03-31T07:04:56.451+0000] {processor.py:925} INFO - DAG(s) 'example_setup_teardown' retrieved from /home/airflow/.local/lib/python3.12/site-packages/airflow/example_dags/example_setup_teardown.py
[2025-03-31T07:04:56.475+0000] {logging_mixin.py:190} INFO - [2025-03-31T07:04:56.475+0000] {dag.py:3239} INFO - Sync 1 DAGs
[2025-03-31T07:04:56.491+0000] {logging_mixin.py:190} INFO - [2025-03-31T07:04:56.490+0000] {dag.py:4180} INFO - Setting next_dagrun for example_setup_teardown to None, run_after=None
[2025-03-31T07:04:56.510+0000] {processor.py:208} INFO - Processing /home/airflow/.local/lib/python3.12/site-packages/airflow/example_dags/example_setup_teardown.py took 0.077 seconds
[2025-03-31T07:05:26.595+0000] {processor.py:186} INFO - Started process (PID=9294) to work on /home/airflow/.local/lib/python3.12/site-packages/airflow/example_dags/example_setup_teardown.py
[2025-03-31T07:05:26.596+0000] {processor.py:914} INFO - Processing file /home/airflow/.local/lib/python3.12/site-packages/airflow/example_dags/example_setup_teardown.py for tasks to queue
[2025-03-31T07:05:26.599+0000] {logging_mixin.py:190} INFO - [2025-03-31T07:05:26.599+0000] {dagbag.py:588} INFO - Filling up the DagBag from /home/airflow/.local/lib/python3.12/site-packages/airflow/example_dags/example_setup_teardown.py
[2025-03-31T07:05:26.609+0000] {processor.py:925} INFO - DAG(s) 'example_setup_teardown' retrieved from /home/airflow/.local/lib/python3.12/site-packages/airflow/example_dags/example_setup_teardown.py
[2025-03-31T07:05:26.635+0000] {logging_mixin.py:190} INFO - [2025-03-31T07:05:26.635+0000] {dag.py:3239} INFO - Sync 1 DAGs
[2025-03-31T07:05:26.652+0000] {logging_mixin.py:190} INFO - [2025-03-31T07:05:26.651+0000] {dag.py:4180} INFO - Setting next_dagrun for example_setup_teardown to None, run_after=None
[2025-03-31T07:05:26.671+0000] {processor.py:208} INFO - Processing /home/airflow/.local/lib/python3.12/site-packages/airflow/example_dags/example_setup_teardown.py took 0.083 seconds
[2025-03-31T07:05:56.769+0000] {processor.py:186} INFO - Started process (PID=9585) to work on /home/airflow/.local/lib/python3.12/site-packages/airflow/example_dags/example_setup_teardown.py
[2025-03-31T07:05:56.770+0000] {processor.py:914} INFO - Processing file /home/airflow/.local/lib/python3.12/site-packages/airflow/example_dags/example_setup_teardown.py for tasks to queue
[2025-03-31T07:05:56.773+0000] {logging_mixin.py:190} INFO - [2025-03-31T07:05:56.773+0000] {dagbag.py:588} INFO - Filling up the DagBag from /home/airflow/.local/lib/python3.12/site-packages/airflow/example_dags/example_setup_teardown.py
[2025-03-31T07:05:56.783+0000] {processor.py:925} INFO - DAG(s) 'example_setup_teardown' retrieved from /home/airflow/.local/lib/python3.12/site-packages/airflow/example_dags/example_setup_teardown.py
[2025-03-31T07:05:56.811+0000] {logging_mixin.py:190} INFO - [2025-03-31T07:05:56.811+0000] {dag.py:3239} INFO - Sync 1 DAGs
[2025-03-31T07:05:56.827+0000] {logging_mixin.py:190} INFO - [2025-03-31T07:05:56.827+0000] {dag.py:4180} INFO - Setting next_dagrun for example_setup_teardown to None, run_after=None
[2025-03-31T07:05:56.848+0000] {processor.py:208} INFO - Processing /home/airflow/.local/lib/python3.12/site-packages/airflow/example_dags/example_setup_teardown.py took 0.086 seconds
[2025-03-31T07:06:26.965+0000] {processor.py:186} INFO - Started process (PID=9876) to work on /home/airflow/.local/lib/python3.12/site-packages/airflow/example_dags/example_setup_teardown.py
[2025-03-31T07:06:26.966+0000] {processor.py:914} INFO - Processing file /home/airflow/.local/lib/python3.12/site-packages/airflow/example_dags/example_setup_teardown.py for tasks to queue
[2025-03-31T07:06:26.968+0000] {logging_mixin.py:190} INFO - [2025-03-31T07:06:26.968+0000] {dagbag.py:588} INFO - Filling up the DagBag from /home/airflow/.local/lib/python3.12/site-packages/airflow/example_dags/example_setup_teardown.py
[2025-03-31T07:06:26.977+0000] {processor.py:925} INFO - DAG(s) 'example_setup_teardown' retrieved from /home/airflow/.local/lib/python3.12/site-packages/airflow/example_dags/example_setup_teardown.py
[2025-03-31T07:06:27.002+0000] {logging_mixin.py:190} INFO - [2025-03-31T07:06:27.002+0000] {dag.py:3239} INFO - Sync 1 DAGs
[2025-03-31T07:06:27.016+0000] {logging_mixin.py:190} INFO - [2025-03-31T07:06:27.016+0000] {dag.py:4180} INFO - Setting next_dagrun for example_setup_teardown to None, run_after=None
[2025-03-31T07:06:27.034+0000] {processor.py:208} INFO - Processing /home/airflow/.local/lib/python3.12/site-packages/airflow/example_dags/example_setup_teardown.py took 0.075 seconds
[2025-03-31T07:06:57.666+0000] {processor.py:186} INFO - Started process (PID=10167) to work on /home/airflow/.local/lib/python3.12/site-packages/airflow/example_dags/example_setup_teardown.py
[2025-03-31T07:06:57.667+0000] {processor.py:914} INFO - Processing file /home/airflow/.local/lib/python3.12/site-packages/airflow/example_dags/example_setup_teardown.py for tasks to queue
[2025-03-31T07:06:57.669+0000] {logging_mixin.py:190} INFO - [2025-03-31T07:06:57.669+0000] {dagbag.py:588} INFO - Filling up the DagBag from /home/airflow/.local/lib/python3.12/site-packages/airflow/example_dags/example_setup_teardown.py
[2025-03-31T07:06:57.679+0000] {processor.py:925} INFO - DAG(s) 'example_setup_teardown' retrieved from /home/airflow/.local/lib/python3.12/site-packages/airflow/example_dags/example_setup_teardown.py
[2025-03-31T07:06:57.703+0000] {logging_mixin.py:190} INFO - [2025-03-31T07:06:57.703+0000] {dag.py:3239} INFO - Sync 1 DAGs
[2025-03-31T07:06:57.718+0000] {logging_mixin.py:190} INFO - [2025-03-31T07:06:57.718+0000] {dag.py:4180} INFO - Setting next_dagrun for example_setup_teardown to None, run_after=None
[2025-03-31T07:06:57.735+0000] {processor.py:208} INFO - Processing /home/airflow/.local/lib/python3.12/site-packages/airflow/example_dags/example_setup_teardown.py took 0.075 seconds
[2025-03-31T07:07:29.047+0000] {processor.py:186} INFO - Started process (PID=10453) to work on /home/airflow/.local/lib/python3.12/site-packages/airflow/example_dags/example_setup_teardown.py
[2025-03-31T07:07:29.048+0000] {processor.py:914} INFO - Processing file /home/airflow/.local/lib/python3.12/site-packages/airflow/example_dags/example_setup_teardown.py for tasks to queue
[2025-03-31T07:07:29.050+0000] {logging_mixin.py:190} INFO - [2025-03-31T07:07:29.050+0000] {dagbag.py:588} INFO - Filling up the DagBag from /home/airflow/.local/lib/python3.12/site-packages/airflow/example_dags/example_setup_teardown.py
[2025-03-31T07:07:29.059+0000] {processor.py:925} INFO - DAG(s) 'example_setup_teardown' retrieved from /home/airflow/.local/lib/python3.12/site-packages/airflow/example_dags/example_setup_teardown.py
[2025-03-31T07:07:29.079+0000] {logging_mixin.py:190} INFO - [2025-03-31T07:07:29.079+0000] {dag.py:3239} INFO - Sync 1 DAGs
[2025-03-31T07:07:29.094+0000] {logging_mixin.py:190} INFO - [2025-03-31T07:07:29.094+0000] {dag.py:4180} INFO - Setting next_dagrun for example_setup_teardown to None, run_after=None
[2025-03-31T07:07:29.112+0000] {processor.py:208} INFO - Processing /home/airflow/.local/lib/python3.12/site-packages/airflow/example_dags/example_setup_teardown.py took 0.070 seconds
[2025-03-31T07:07:59.699+0000] {processor.py:186} INFO - Started process (PID=10744) to work on /home/airflow/.local/lib/python3.12/site-packages/airflow/example_dags/example_setup_teardown.py
[2025-03-31T07:07:59.700+0000] {processor.py:914} INFO - Processing file /home/airflow/.local/lib/python3.12/site-packages/airflow/example_dags/example_setup_teardown.py for tasks to queue
[2025-03-31T07:07:59.703+0000] {logging_mixin.py:190} INFO - [2025-03-31T07:07:59.703+0000] {dagbag.py:588} INFO - Filling up the DagBag from /home/airflow/.local/lib/python3.12/site-packages/airflow/example_dags/example_setup_teardown.py
[2025-03-31T07:07:59.715+0000] {processor.py:925} INFO - DAG(s) 'example_setup_teardown' retrieved from /home/airflow/.local/lib/python3.12/site-packages/airflow/example_dags/example_setup_teardown.py
[2025-03-31T07:07:59.740+0000] {logging_mixin.py:190} INFO - [2025-03-31T07:07:59.739+0000] {dag.py:3239} INFO - Sync 1 DAGs
[2025-03-31T07:07:59.757+0000] {logging_mixin.py:190} INFO - [2025-03-31T07:07:59.756+0000] {dag.py:4180} INFO - Setting next_dagrun for example_setup_teardown to None, run_after=None
[2025-03-31T07:07:59.779+0000] {processor.py:208} INFO - Processing /home/airflow/.local/lib/python3.12/site-packages/airflow/example_dags/example_setup_teardown.py took 0.086 seconds
[2025-03-31T07:08:31.505+0000] {processor.py:186} INFO - Started process (PID=11025) to work on /home/airflow/.local/lib/python3.12/site-packages/airflow/example_dags/example_setup_teardown.py
[2025-03-31T07:08:31.506+0000] {processor.py:914} INFO - Processing file /home/airflow/.local/lib/python3.12/site-packages/airflow/example_dags/example_setup_teardown.py for tasks to queue
[2025-03-31T07:08:31.508+0000] {logging_mixin.py:190} INFO - [2025-03-31T07:08:31.508+0000] {dagbag.py:588} INFO - Filling up the DagBag from /home/airflow/.local/lib/python3.12/site-packages/airflow/example_dags/example_setup_teardown.py
[2025-03-31T07:08:31.518+0000] {processor.py:925} INFO - DAG(s) 'example_setup_teardown' retrieved from /home/airflow/.local/lib/python3.12/site-packages/airflow/example_dags/example_setup_teardown.py
[2025-03-31T07:08:31.541+0000] {logging_mixin.py:190} INFO - [2025-03-31T07:08:31.541+0000] {dag.py:3239} INFO - Sync 1 DAGs
[2025-03-31T07:08:31.557+0000] {logging_mixin.py:190} INFO - [2025-03-31T07:08:31.557+0000] {dag.py:4180} INFO - Setting next_dagrun for example_setup_teardown to None, run_after=None
[2025-03-31T07:08:31.577+0000] {processor.py:208} INFO - Processing /home/airflow/.local/lib/python3.12/site-packages/airflow/example_dags/example_setup_teardown.py took 0.079 seconds
[2025-03-31T07:09:02.343+0000] {processor.py:186} INFO - Started process (PID=11256) to work on /home/airflow/.local/lib/python3.12/site-packages/airflow/example_dags/example_setup_teardown.py
[2025-03-31T07:09:02.344+0000] {processor.py:914} INFO - Processing file /home/airflow/.local/lib/python3.12/site-packages/airflow/example_dags/example_setup_teardown.py for tasks to queue
[2025-03-31T07:09:02.346+0000] {logging_mixin.py:190} INFO - [2025-03-31T07:09:02.346+0000] {dagbag.py:588} INFO - Filling up the DagBag from /home/airflow/.local/lib/python3.12/site-packages/airflow/example_dags/example_setup_teardown.py
[2025-03-31T07:09:02.355+0000] {processor.py:925} INFO - DAG(s) 'example_setup_teardown' retrieved from /home/airflow/.local/lib/python3.12/site-packages/airflow/example_dags/example_setup_teardown.py
[2025-03-31T07:09:02.376+0000] {logging_mixin.py:190} INFO - [2025-03-31T07:09:02.376+0000] {dag.py:3239} INFO - Sync 1 DAGs
[2025-03-31T07:09:02.394+0000] {logging_mixin.py:190} INFO - [2025-03-31T07:09:02.393+0000] {dag.py:4180} INFO - Setting next_dagrun for example_setup_teardown to None, run_after=None
[2025-03-31T07:09:02.413+0000] {processor.py:208} INFO - Processing /home/airflow/.local/lib/python3.12/site-packages/airflow/example_dags/example_setup_teardown.py took 0.076 seconds
[2025-03-31T07:09:32.905+0000] {processor.py:186} INFO - Started process (PID=11537) to work on /home/airflow/.local/lib/python3.12/site-packages/airflow/example_dags/example_setup_teardown.py
[2025-03-31T07:09:32.906+0000] {processor.py:914} INFO - Processing file /home/airflow/.local/lib/python3.12/site-packages/airflow/example_dags/example_setup_teardown.py for tasks to queue
[2025-03-31T07:09:32.909+0000] {logging_mixin.py:190} INFO - [2025-03-31T07:09:32.908+0000] {dagbag.py:588} INFO - Filling up the DagBag from /home/airflow/.local/lib/python3.12/site-packages/airflow/example_dags/example_setup_teardown.py
[2025-03-31T07:09:32.918+0000] {processor.py:925} INFO - DAG(s) 'example_setup_teardown' retrieved from /home/airflow/.local/lib/python3.12/site-packages/airflow/example_dags/example_setup_teardown.py
[2025-03-31T07:09:32.939+0000] {logging_mixin.py:190} INFO - [2025-03-31T07:09:32.938+0000] {dag.py:3239} INFO - Sync 1 DAGs
[2025-03-31T07:09:32.953+0000] {logging_mixin.py:190} INFO - [2025-03-31T07:09:32.953+0000] {dag.py:4180} INFO - Setting next_dagrun for example_setup_teardown to None, run_after=None
[2025-03-31T07:09:32.971+0000] {processor.py:208} INFO - Processing /home/airflow/.local/lib/python3.12/site-packages/airflow/example_dags/example_setup_teardown.py took 0.072 seconds
[2025-03-31T07:10:03.199+0000] {processor.py:186} INFO - Started process (PID=11818) to work on /home/airflow/.local/lib/python3.12/site-packages/airflow/example_dags/example_setup_teardown.py
[2025-03-31T07:10:03.200+0000] {processor.py:914} INFO - Processing file /home/airflow/.local/lib/python3.12/site-packages/airflow/example_dags/example_setup_teardown.py for tasks to queue
[2025-03-31T07:10:03.202+0000] {logging_mixin.py:190} INFO - [2025-03-31T07:10:03.202+0000] {dagbag.py:588} INFO - Filling up the DagBag from /home/airflow/.local/lib/python3.12/site-packages/airflow/example_dags/example_setup_teardown.py
[2025-03-31T07:10:03.211+0000] {processor.py:925} INFO - DAG(s) 'example_setup_teardown' retrieved from /home/airflow/.local/lib/python3.12/site-packages/airflow/example_dags/example_setup_teardown.py
[2025-03-31T07:10:03.232+0000] {logging_mixin.py:190} INFO - [2025-03-31T07:10:03.232+0000] {dag.py:3239} INFO - Sync 1 DAGs
[2025-03-31T07:10:03.248+0000] {logging_mixin.py:190} INFO - [2025-03-31T07:10:03.248+0000] {dag.py:4180} INFO - Setting next_dagrun for example_setup_teardown to None, run_after=None
[2025-03-31T07:10:03.266+0000] {processor.py:208} INFO - Processing /home/airflow/.local/lib/python3.12/site-packages/airflow/example_dags/example_setup_teardown.py took 0.073 seconds
[2025-03-31T07:10:33.635+0000] {processor.py:186} INFO - Started process (PID=12109) to work on /home/airflow/.local/lib/python3.12/site-packages/airflow/example_dags/example_setup_teardown.py
[2025-03-31T07:10:33.636+0000] {processor.py:914} INFO - Processing file /home/airflow/.local/lib/python3.12/site-packages/airflow/example_dags/example_setup_teardown.py for tasks to queue
[2025-03-31T07:10:33.639+0000] {logging_mixin.py:190} INFO - [2025-03-31T07:10:33.638+0000] {dagbag.py:588} INFO - Filling up the DagBag from /home/airflow/.local/lib/python3.12/site-packages/airflow/example_dags/example_setup_teardown.py
[2025-03-31T07:10:33.648+0000] {processor.py:925} INFO - DAG(s) 'example_setup_teardown' retrieved from /home/airflow/.local/lib/python3.12/site-packages/airflow/example_dags/example_setup_teardown.py
[2025-03-31T07:10:33.671+0000] {logging_mixin.py:190} INFO - [2025-03-31T07:10:33.671+0000] {dag.py:3239} INFO - Sync 1 DAGs
[2025-03-31T07:10:33.686+0000] {logging_mixin.py:190} INFO - [2025-03-31T07:10:33.685+0000] {dag.py:4180} INFO - Setting next_dagrun for example_setup_teardown to None, run_after=None
[2025-03-31T07:10:33.704+0000] {processor.py:208} INFO - Processing /home/airflow/.local/lib/python3.12/site-packages/airflow/example_dags/example_setup_teardown.py took 0.075 seconds
[2025-03-31T07:11:03.943+0000] {processor.py:186} INFO - Started process (PID=12390) to work on /home/airflow/.local/lib/python3.12/site-packages/airflow/example_dags/example_setup_teardown.py
[2025-03-31T07:11:03.944+0000] {processor.py:914} INFO - Processing file /home/airflow/.local/lib/python3.12/site-packages/airflow/example_dags/example_setup_teardown.py for tasks to queue
[2025-03-31T07:11:03.946+0000] {logging_mixin.py:190} INFO - [2025-03-31T07:11:03.946+0000] {dagbag.py:588} INFO - Filling up the DagBag from /home/airflow/.local/lib/python3.12/site-packages/airflow/example_dags/example_setup_teardown.py
[2025-03-31T07:11:03.956+0000] {processor.py:925} INFO - DAG(s) 'example_setup_teardown' retrieved from /home/airflow/.local/lib/python3.12/site-packages/airflow/example_dags/example_setup_teardown.py
[2025-03-31T07:11:03.978+0000] {logging_mixin.py:190} INFO - [2025-03-31T07:11:03.978+0000] {dag.py:3239} INFO - Sync 1 DAGs
[2025-03-31T07:11:03.993+0000] {logging_mixin.py:190} INFO - [2025-03-31T07:11:03.993+0000] {dag.py:4180} INFO - Setting next_dagrun for example_setup_teardown to None, run_after=None
[2025-03-31T07:11:04.011+0000] {processor.py:208} INFO - Processing /home/airflow/.local/lib/python3.12/site-packages/airflow/example_dags/example_setup_teardown.py took 0.075 seconds
[2025-03-31T07:11:34.240+0000] {processor.py:186} INFO - Started process (PID=12678) to work on /home/airflow/.local/lib/python3.12/site-packages/airflow/example_dags/example_setup_teardown.py
[2025-03-31T07:11:34.241+0000] {processor.py:914} INFO - Processing file /home/airflow/.local/lib/python3.12/site-packages/airflow/example_dags/example_setup_teardown.py for tasks to queue
[2025-03-31T07:11:34.243+0000] {logging_mixin.py:190} INFO - [2025-03-31T07:11:34.243+0000] {dagbag.py:588} INFO - Filling up the DagBag from /home/airflow/.local/lib/python3.12/site-packages/airflow/example_dags/example_setup_teardown.py
[2025-03-31T07:11:34.252+0000] {processor.py:925} INFO - DAG(s) 'example_setup_teardown' retrieved from /home/airflow/.local/lib/python3.12/site-packages/airflow/example_dags/example_setup_teardown.py
[2025-03-31T07:11:34.272+0000] {logging_mixin.py:190} INFO - [2025-03-31T07:11:34.272+0000] {dag.py:3239} INFO - Sync 1 DAGs
[2025-03-31T07:11:34.288+0000] {logging_mixin.py:190} INFO - [2025-03-31T07:11:34.288+0000] {dag.py:4180} INFO - Setting next_dagrun for example_setup_teardown to None, run_after=None
[2025-03-31T07:11:34.305+0000] {processor.py:208} INFO - Processing /home/airflow/.local/lib/python3.12/site-packages/airflow/example_dags/example_setup_teardown.py took 0.072 seconds
[2025-03-31T07:12:04.675+0000] {processor.py:186} INFO - Started process (PID=12962) to work on /home/airflow/.local/lib/python3.12/site-packages/airflow/example_dags/example_setup_teardown.py
[2025-03-31T07:12:04.676+0000] {processor.py:914} INFO - Processing file /home/airflow/.local/lib/python3.12/site-packages/airflow/example_dags/example_setup_teardown.py for tasks to queue
[2025-03-31T07:12:04.679+0000] {logging_mixin.py:190} INFO - [2025-03-31T07:12:04.678+0000] {dagbag.py:588} INFO - Filling up the DagBag from /home/airflow/.local/lib/python3.12/site-packages/airflow/example_dags/example_setup_teardown.py
[2025-03-31T07:12:04.688+0000] {processor.py:925} INFO - DAG(s) 'example_setup_teardown' retrieved from /home/airflow/.local/lib/python3.12/site-packages/airflow/example_dags/example_setup_teardown.py
[2025-03-31T07:12:04.710+0000] {logging_mixin.py:190} INFO - [2025-03-31T07:12:04.710+0000] {dag.py:3239} INFO - Sync 1 DAGs
[2025-03-31T07:12:04.736+0000] {logging_mixin.py:190} INFO - [2025-03-31T07:12:04.736+0000] {dag.py:4180} INFO - Setting next_dagrun for example_setup_teardown to None, run_after=None
[2025-03-31T07:12:04.756+0000] {processor.py:208} INFO - Processing /home/airflow/.local/lib/python3.12/site-packages/airflow/example_dags/example_setup_teardown.py took 0.088 seconds
[2025-03-31T07:12:35.050+0000] {processor.py:186} INFO - Started process (PID=13253) to work on /home/airflow/.local/lib/python3.12/site-packages/airflow/example_dags/example_setup_teardown.py
[2025-03-31T07:12:35.051+0000] {processor.py:914} INFO - Processing file /home/airflow/.local/lib/python3.12/site-packages/airflow/example_dags/example_setup_teardown.py for tasks to queue
[2025-03-31T07:12:35.053+0000] {logging_mixin.py:190} INFO - [2025-03-31T07:12:35.053+0000] {dagbag.py:588} INFO - Filling up the DagBag from /home/airflow/.local/lib/python3.12/site-packages/airflow/example_dags/example_setup_teardown.py
[2025-03-31T07:12:35.063+0000] {processor.py:925} INFO - DAG(s) 'example_setup_teardown' retrieved from /home/airflow/.local/lib/python3.12/site-packages/airflow/example_dags/example_setup_teardown.py
[2025-03-31T07:12:35.084+0000] {logging_mixin.py:190} INFO - [2025-03-31T07:12:35.084+0000] {dag.py:3239} INFO - Sync 1 DAGs
[2025-03-31T07:12:35.100+0000] {logging_mixin.py:190} INFO - [2025-03-31T07:12:35.100+0000] {dag.py:4180} INFO - Setting next_dagrun for example_setup_teardown to None, run_after=None
[2025-03-31T07:12:35.118+0000] {processor.py:208} INFO - Processing /home/airflow/.local/lib/python3.12/site-packages/airflow/example_dags/example_setup_teardown.py took 0.075 seconds
[2025-03-31T07:13:05.260+0000] {processor.py:186} INFO - Started process (PID=13544) to work on /home/airflow/.local/lib/python3.12/site-packages/airflow/example_dags/example_setup_teardown.py
[2025-03-31T07:13:05.261+0000] {processor.py:914} INFO - Processing file /home/airflow/.local/lib/python3.12/site-packages/airflow/example_dags/example_setup_teardown.py for tasks to queue
[2025-03-31T07:13:05.263+0000] {logging_mixin.py:190} INFO - [2025-03-31T07:13:05.263+0000] {dagbag.py:588} INFO - Filling up the DagBag from /home/airflow/.local/lib/python3.12/site-packages/airflow/example_dags/example_setup_teardown.py
[2025-03-31T07:13:05.272+0000] {processor.py:925} INFO - DAG(s) 'example_setup_teardown' retrieved from /home/airflow/.local/lib/python3.12/site-packages/airflow/example_dags/example_setup_teardown.py
[2025-03-31T07:13:05.293+0000] {logging_mixin.py:190} INFO - [2025-03-31T07:13:05.292+0000] {dag.py:3239} INFO - Sync 1 DAGs
[2025-03-31T07:13:05.308+0000] {logging_mixin.py:190} INFO - [2025-03-31T07:13:05.307+0000] {dag.py:4180} INFO - Setting next_dagrun for example_setup_teardown to None, run_after=None
[2025-03-31T07:13:05.326+0000] {processor.py:208} INFO - Processing /home/airflow/.local/lib/python3.12/site-packages/airflow/example_dags/example_setup_teardown.py took 0.072 seconds
[2025-03-31T07:13:35.948+0000] {processor.py:186} INFO - Started process (PID=13825) to work on /home/airflow/.local/lib/python3.12/site-packages/airflow/example_dags/example_setup_teardown.py
[2025-03-31T07:13:35.951+0000] {processor.py:914} INFO - Processing file /home/airflow/.local/lib/python3.12/site-packages/airflow/example_dags/example_setup_teardown.py for tasks to queue
[2025-03-31T07:13:35.954+0000] {logging_mixin.py:190} INFO - [2025-03-31T07:13:35.953+0000] {dagbag.py:588} INFO - Filling up the DagBag from /home/airflow/.local/lib/python3.12/site-packages/airflow/example_dags/example_setup_teardown.py
[2025-03-31T07:13:35.963+0000] {processor.py:925} INFO - DAG(s) 'example_setup_teardown' retrieved from /home/airflow/.local/lib/python3.12/site-packages/airflow/example_dags/example_setup_teardown.py
[2025-03-31T07:13:35.984+0000] {logging_mixin.py:190} INFO - [2025-03-31T07:13:35.984+0000] {dag.py:3239} INFO - Sync 1 DAGs
[2025-03-31T07:13:36.005+0000] {logging_mixin.py:190} INFO - [2025-03-31T07:13:36.004+0000] {dag.py:4180} INFO - Setting next_dagrun for example_setup_teardown to None, run_after=None
[2025-03-31T07:13:36.023+0000] {processor.py:208} INFO - Processing /home/airflow/.local/lib/python3.12/site-packages/airflow/example_dags/example_setup_teardown.py took 0.081 seconds
[2025-03-31T07:14:06.273+0000] {processor.py:186} INFO - Started process (PID=14101) to work on /home/airflow/.local/lib/python3.12/site-packages/airflow/example_dags/example_setup_teardown.py
[2025-03-31T07:14:06.274+0000] {processor.py:914} INFO - Processing file /home/airflow/.local/lib/python3.12/site-packages/airflow/example_dags/example_setup_teardown.py for tasks to queue
[2025-03-31T07:14:06.277+0000] {logging_mixin.py:190} INFO - [2025-03-31T07:14:06.276+0000] {dagbag.py:588} INFO - Filling up the DagBag from /home/airflow/.local/lib/python3.12/site-packages/airflow/example_dags/example_setup_teardown.py
[2025-03-31T07:14:06.288+0000] {processor.py:925} INFO - DAG(s) 'example_setup_teardown' retrieved from /home/airflow/.local/lib/python3.12/site-packages/airflow/example_dags/example_setup_teardown.py
[2025-03-31T07:14:06.312+0000] {logging_mixin.py:190} INFO - [2025-03-31T07:14:06.312+0000] {dag.py:3239} INFO - Sync 1 DAGs
[2025-03-31T07:14:06.328+0000] {logging_mixin.py:190} INFO - [2025-03-31T07:14:06.328+0000] {dag.py:4180} INFO - Setting next_dagrun for example_setup_teardown to None, run_after=None
[2025-03-31T07:14:06.348+0000] {processor.py:208} INFO - Processing /home/airflow/.local/lib/python3.12/site-packages/airflow/example_dags/example_setup_teardown.py took 0.083 seconds
[2025-03-31T07:14:36.632+0000] {processor.py:186} INFO - Started process (PID=14394) to work on /home/airflow/.local/lib/python3.12/site-packages/airflow/example_dags/example_setup_teardown.py
[2025-03-31T07:14:36.633+0000] {processor.py:914} INFO - Processing file /home/airflow/.local/lib/python3.12/site-packages/airflow/example_dags/example_setup_teardown.py for tasks to queue
[2025-03-31T07:14:36.636+0000] {logging_mixin.py:190} INFO - [2025-03-31T07:14:36.636+0000] {dagbag.py:588} INFO - Filling up the DagBag from /home/airflow/.local/lib/python3.12/site-packages/airflow/example_dags/example_setup_teardown.py
[2025-03-31T07:14:36.646+0000] {processor.py:925} INFO - DAG(s) 'example_setup_teardown' retrieved from /home/airflow/.local/lib/python3.12/site-packages/airflow/example_dags/example_setup_teardown.py
[2025-03-31T07:14:36.669+0000] {logging_mixin.py:190} INFO - [2025-03-31T07:14:36.669+0000] {dag.py:3239} INFO - Sync 1 DAGs
[2025-03-31T07:14:36.685+0000] {logging_mixin.py:190} INFO - [2025-03-31T07:14:36.684+0000] {dag.py:4180} INFO - Setting next_dagrun for example_setup_teardown to None, run_after=None
[2025-03-31T07:14:36.703+0000] {processor.py:208} INFO - Processing /home/airflow/.local/lib/python3.12/site-packages/airflow/example_dags/example_setup_teardown.py took 0.078 seconds
[2025-03-31T07:15:07.512+0000] {processor.py:186} INFO - Started process (PID=14675) to work on /home/airflow/.local/lib/python3.12/site-packages/airflow/example_dags/example_setup_teardown.py
[2025-03-31T07:15:07.513+0000] {processor.py:914} INFO - Processing file /home/airflow/.local/lib/python3.12/site-packages/airflow/example_dags/example_setup_teardown.py for tasks to queue
[2025-03-31T07:15:07.515+0000] {logging_mixin.py:190} INFO - [2025-03-31T07:15:07.515+0000] {dagbag.py:588} INFO - Filling up the DagBag from /home/airflow/.local/lib/python3.12/site-packages/airflow/example_dags/example_setup_teardown.py
[2025-03-31T07:15:07.525+0000] {processor.py:925} INFO - DAG(s) 'example_setup_teardown' retrieved from /home/airflow/.local/lib/python3.12/site-packages/airflow/example_dags/example_setup_teardown.py
[2025-03-31T07:15:07.552+0000] {logging_mixin.py:190} INFO - [2025-03-31T07:15:07.552+0000] {dag.py:3239} INFO - Sync 1 DAGs
[2025-03-31T07:15:07.571+0000] {logging_mixin.py:190} INFO - [2025-03-31T07:15:07.571+0000] {dag.py:4180} INFO - Setting next_dagrun for example_setup_teardown to None, run_after=None
[2025-03-31T07:15:07.589+0000] {processor.py:208} INFO - Processing /home/airflow/.local/lib/python3.12/site-packages/airflow/example_dags/example_setup_teardown.py took 0.084 seconds
[2025-03-31T07:15:37.668+0000] {processor.py:186} INFO - Started process (PID=14966) to work on /home/airflow/.local/lib/python3.12/site-packages/airflow/example_dags/example_setup_teardown.py
[2025-03-31T07:15:37.669+0000] {processor.py:914} INFO - Processing file /home/airflow/.local/lib/python3.12/site-packages/airflow/example_dags/example_setup_teardown.py for tasks to queue
[2025-03-31T07:15:37.671+0000] {logging_mixin.py:190} INFO - [2025-03-31T07:15:37.671+0000] {dagbag.py:588} INFO - Filling up the DagBag from /home/airflow/.local/lib/python3.12/site-packages/airflow/example_dags/example_setup_teardown.py
[2025-03-31T07:15:37.680+0000] {processor.py:925} INFO - DAG(s) 'example_setup_teardown' retrieved from /home/airflow/.local/lib/python3.12/site-packages/airflow/example_dags/example_setup_teardown.py
[2025-03-31T07:15:37.701+0000] {logging_mixin.py:190} INFO - [2025-03-31T07:15:37.701+0000] {dag.py:3239} INFO - Sync 1 DAGs
[2025-03-31T07:15:37.717+0000] {logging_mixin.py:190} INFO - [2025-03-31T07:15:37.716+0000] {dag.py:4180} INFO - Setting next_dagrun for example_setup_teardown to None, run_after=None
[2025-03-31T07:15:37.739+0000] {processor.py:208} INFO - Processing /home/airflow/.local/lib/python3.12/site-packages/airflow/example_dags/example_setup_teardown.py took 0.076 seconds
[2025-03-31T07:16:07.863+0000] {processor.py:186} INFO - Started process (PID=15257) to work on /home/airflow/.local/lib/python3.12/site-packages/airflow/example_dags/example_setup_teardown.py
[2025-03-31T07:16:07.864+0000] {processor.py:914} INFO - Processing file /home/airflow/.local/lib/python3.12/site-packages/airflow/example_dags/example_setup_teardown.py for tasks to queue
[2025-03-31T07:16:07.867+0000] {logging_mixin.py:190} INFO - [2025-03-31T07:16:07.867+0000] {dagbag.py:588} INFO - Filling up the DagBag from /home/airflow/.local/lib/python3.12/site-packages/airflow/example_dags/example_setup_teardown.py
[2025-03-31T07:16:07.877+0000] {processor.py:925} INFO - DAG(s) 'example_setup_teardown' retrieved from /home/airflow/.local/lib/python3.12/site-packages/airflow/example_dags/example_setup_teardown.py
[2025-03-31T07:16:07.901+0000] {logging_mixin.py:190} INFO - [2025-03-31T07:16:07.900+0000] {dag.py:3239} INFO - Sync 1 DAGs
[2025-03-31T07:16:07.918+0000] {logging_mixin.py:190} INFO - [2025-03-31T07:16:07.917+0000] {dag.py:4180} INFO - Setting next_dagrun for example_setup_teardown to None, run_after=None
[2025-03-31T07:16:07.939+0000] {processor.py:208} INFO - Processing /home/airflow/.local/lib/python3.12/site-packages/airflow/example_dags/example_setup_teardown.py took 0.082 seconds
[2025-03-31T07:16:38.210+0000] {processor.py:186} INFO - Started process (PID=15548) to work on /home/airflow/.local/lib/python3.12/site-packages/airflow/example_dags/example_setup_teardown.py
[2025-03-31T07:16:38.211+0000] {processor.py:914} INFO - Processing file /home/airflow/.local/lib/python3.12/site-packages/airflow/example_dags/example_setup_teardown.py for tasks to queue
[2025-03-31T07:16:38.214+0000] {logging_mixin.py:190} INFO - [2025-03-31T07:16:38.213+0000] {dagbag.py:588} INFO - Filling up the DagBag from /home/airflow/.local/lib/python3.12/site-packages/airflow/example_dags/example_setup_teardown.py
[2025-03-31T07:16:38.224+0000] {processor.py:925} INFO - DAG(s) 'example_setup_teardown' retrieved from /home/airflow/.local/lib/python3.12/site-packages/airflow/example_dags/example_setup_teardown.py
[2025-03-31T07:16:38.250+0000] {logging_mixin.py:190} INFO - [2025-03-31T07:16:38.249+0000] {dag.py:3239} INFO - Sync 1 DAGs
[2025-03-31T07:16:38.266+0000] {logging_mixin.py:190} INFO - [2025-03-31T07:16:38.266+0000] {dag.py:4180} INFO - Setting next_dagrun for example_setup_teardown to None, run_after=None
[2025-03-31T07:16:38.286+0000] {processor.py:208} INFO - Processing /home/airflow/.local/lib/python3.12/site-packages/airflow/example_dags/example_setup_teardown.py took 0.084 seconds
[2025-03-31T07:17:08.337+0000] {processor.py:186} INFO - Started process (PID=15837) to work on /home/airflow/.local/lib/python3.12/site-packages/airflow/example_dags/example_setup_teardown.py
[2025-03-31T07:17:08.338+0000] {processor.py:914} INFO - Processing file /home/airflow/.local/lib/python3.12/site-packages/airflow/example_dags/example_setup_teardown.py for tasks to queue
[2025-03-31T07:17:08.341+0000] {logging_mixin.py:190} INFO - [2025-03-31T07:17:08.340+0000] {dagbag.py:588} INFO - Filling up the DagBag from /home/airflow/.local/lib/python3.12/site-packages/airflow/example_dags/example_setup_teardown.py
[2025-03-31T07:17:08.350+0000] {processor.py:925} INFO - DAG(s) 'example_setup_teardown' retrieved from /home/airflow/.local/lib/python3.12/site-packages/airflow/example_dags/example_setup_teardown.py
[2025-03-31T07:17:08.372+0000] {logging_mixin.py:190} INFO - [2025-03-31T07:17:08.372+0000] {dag.py:3239} INFO - Sync 1 DAGs
[2025-03-31T07:17:08.389+0000] {logging_mixin.py:190} INFO - [2025-03-31T07:17:08.389+0000] {dag.py:4180} INFO - Setting next_dagrun for example_setup_teardown to None, run_after=None
[2025-03-31T07:17:08.410+0000] {processor.py:208} INFO - Processing /home/airflow/.local/lib/python3.12/site-packages/airflow/example_dags/example_setup_teardown.py took 0.080 seconds
[2025-03-31T07:17:38.757+0000] {processor.py:186} INFO - Started process (PID=16130) to work on /home/airflow/.local/lib/python3.12/site-packages/airflow/example_dags/example_setup_teardown.py
[2025-03-31T07:17:38.758+0000] {processor.py:914} INFO - Processing file /home/airflow/.local/lib/python3.12/site-packages/airflow/example_dags/example_setup_teardown.py for tasks to queue
[2025-03-31T07:17:38.761+0000] {logging_mixin.py:190} INFO - [2025-03-31T07:17:38.761+0000] {dagbag.py:588} INFO - Filling up the DagBag from /home/airflow/.local/lib/python3.12/site-packages/airflow/example_dags/example_setup_teardown.py
[2025-03-31T07:17:38.770+0000] {processor.py:925} INFO - DAG(s) 'example_setup_teardown' retrieved from /home/airflow/.local/lib/python3.12/site-packages/airflow/example_dags/example_setup_teardown.py
[2025-03-31T07:17:38.792+0000] {logging_mixin.py:190} INFO - [2025-03-31T07:17:38.792+0000] {dag.py:3239} INFO - Sync 1 DAGs
[2025-03-31T07:17:38.808+0000] {logging_mixin.py:190} INFO - [2025-03-31T07:17:38.808+0000] {dag.py:4180} INFO - Setting next_dagrun for example_setup_teardown to None, run_after=None
[2025-03-31T07:17:38.827+0000] {processor.py:208} INFO - Processing /home/airflow/.local/lib/python3.12/site-packages/airflow/example_dags/example_setup_teardown.py took 0.076 seconds
[2025-03-31T07:18:09.544+0000] {processor.py:186} INFO - Started process (PID=16421) to work on /home/airflow/.local/lib/python3.12/site-packages/airflow/example_dags/example_setup_teardown.py
[2025-03-31T07:18:09.545+0000] {processor.py:914} INFO - Processing file /home/airflow/.local/lib/python3.12/site-packages/airflow/example_dags/example_setup_teardown.py for tasks to queue
[2025-03-31T07:18:09.548+0000] {logging_mixin.py:190} INFO - [2025-03-31T07:18:09.547+0000] {dagbag.py:588} INFO - Filling up the DagBag from /home/airflow/.local/lib/python3.12/site-packages/airflow/example_dags/example_setup_teardown.py
[2025-03-31T07:18:09.558+0000] {processor.py:925} INFO - DAG(s) 'example_setup_teardown' retrieved from /home/airflow/.local/lib/python3.12/site-packages/airflow/example_dags/example_setup_teardown.py
[2025-03-31T07:18:09.584+0000] {logging_mixin.py:190} INFO - [2025-03-31T07:18:09.583+0000] {dag.py:3239} INFO - Sync 1 DAGs
[2025-03-31T07:18:09.602+0000] {logging_mixin.py:190} INFO - [2025-03-31T07:18:09.601+0000] {dag.py:4180} INFO - Setting next_dagrun for example_setup_teardown to None, run_after=None
[2025-03-31T07:18:09.622+0000] {processor.py:208} INFO - Processing /home/airflow/.local/lib/python3.12/site-packages/airflow/example_dags/example_setup_teardown.py took 0.086 seconds
[2025-03-31T07:18:40.135+0000] {processor.py:186} INFO - Started process (PID=16712) to work on /home/airflow/.local/lib/python3.12/site-packages/airflow/example_dags/example_setup_teardown.py
[2025-03-31T07:18:40.136+0000] {processor.py:914} INFO - Processing file /home/airflow/.local/lib/python3.12/site-packages/airflow/example_dags/example_setup_teardown.py for tasks to queue
[2025-03-31T07:18:40.138+0000] {logging_mixin.py:190} INFO - [2025-03-31T07:18:40.138+0000] {dagbag.py:588} INFO - Filling up the DagBag from /home/airflow/.local/lib/python3.12/site-packages/airflow/example_dags/example_setup_teardown.py
[2025-03-31T07:18:40.147+0000] {processor.py:925} INFO - DAG(s) 'example_setup_teardown' retrieved from /home/airflow/.local/lib/python3.12/site-packages/airflow/example_dags/example_setup_teardown.py
[2025-03-31T07:18:40.171+0000] {logging_mixin.py:190} INFO - [2025-03-31T07:18:40.170+0000] {dag.py:3239} INFO - Sync 1 DAGs
[2025-03-31T07:18:40.186+0000] {logging_mixin.py:190} INFO - [2025-03-31T07:18:40.186+0000] {dag.py:4180} INFO - Setting next_dagrun for example_setup_teardown to None, run_after=None
[2025-03-31T07:18:40.206+0000] {processor.py:208} INFO - Processing /home/airflow/.local/lib/python3.12/site-packages/airflow/example_dags/example_setup_teardown.py took 0.077 seconds
[2025-03-31T07:19:10.865+0000] {processor.py:186} INFO - Started process (PID=17001) to work on /home/airflow/.local/lib/python3.12/site-packages/airflow/example_dags/example_setup_teardown.py
[2025-03-31T07:19:10.866+0000] {processor.py:914} INFO - Processing file /home/airflow/.local/lib/python3.12/site-packages/airflow/example_dags/example_setup_teardown.py for tasks to queue
[2025-03-31T07:19:10.870+0000] {logging_mixin.py:190} INFO - [2025-03-31T07:19:10.869+0000] {dagbag.py:588} INFO - Filling up the DagBag from /home/airflow/.local/lib/python3.12/site-packages/airflow/example_dags/example_setup_teardown.py
[2025-03-31T07:19:10.883+0000] {processor.py:925} INFO - DAG(s) 'example_setup_teardown' retrieved from /home/airflow/.local/lib/python3.12/site-packages/airflow/example_dags/example_setup_teardown.py
[2025-03-31T07:19:10.916+0000] {logging_mixin.py:190} INFO - [2025-03-31T07:19:10.916+0000] {dag.py:3239} INFO - Sync 1 DAGs
[2025-03-31T07:19:10.942+0000] {logging_mixin.py:190} INFO - [2025-03-31T07:19:10.940+0000] {dag.py:4180} INFO - Setting next_dagrun for example_setup_teardown to None, run_after=None
[2025-03-31T07:19:10.968+0000] {processor.py:208} INFO - Processing /home/airflow/.local/lib/python3.12/site-packages/airflow/example_dags/example_setup_teardown.py took 0.114 seconds
[2025-03-31T07:19:41.724+0000] {processor.py:186} INFO - Started process (PID=17294) to work on /home/airflow/.local/lib/python3.12/site-packages/airflow/example_dags/example_setup_teardown.py
[2025-03-31T07:19:41.725+0000] {processor.py:914} INFO - Processing file /home/airflow/.local/lib/python3.12/site-packages/airflow/example_dags/example_setup_teardown.py for tasks to queue
[2025-03-31T07:19:41.730+0000] {logging_mixin.py:190} INFO - [2025-03-31T07:19:41.729+0000] {dagbag.py:588} INFO - Filling up the DagBag from /home/airflow/.local/lib/python3.12/site-packages/airflow/example_dags/example_setup_teardown.py
[2025-03-31T07:19:41.742+0000] {processor.py:925} INFO - DAG(s) 'example_setup_teardown' retrieved from /home/airflow/.local/lib/python3.12/site-packages/airflow/example_dags/example_setup_teardown.py
[2025-03-31T07:19:41.773+0000] {logging_mixin.py:190} INFO - [2025-03-31T07:19:41.772+0000] {dag.py:3239} INFO - Sync 1 DAGs
[2025-03-31T07:19:41.796+0000] {logging_mixin.py:190} INFO - [2025-03-31T07:19:41.795+0000] {dag.py:4180} INFO - Setting next_dagrun for example_setup_teardown to None, run_after=None
[2025-03-31T07:19:41.821+0000] {processor.py:208} INFO - Processing /home/airflow/.local/lib/python3.12/site-packages/airflow/example_dags/example_setup_teardown.py took 0.105 seconds
[2025-03-31T07:20:12.345+0000] {processor.py:186} INFO - Started process (PID=17585) to work on /home/airflow/.local/lib/python3.12/site-packages/airflow/example_dags/example_setup_teardown.py
[2025-03-31T07:20:12.346+0000] {processor.py:914} INFO - Processing file /home/airflow/.local/lib/python3.12/site-packages/airflow/example_dags/example_setup_teardown.py for tasks to queue
[2025-03-31T07:20:12.349+0000] {logging_mixin.py:190} INFO - [2025-03-31T07:20:12.349+0000] {dagbag.py:588} INFO - Filling up the DagBag from /home/airflow/.local/lib/python3.12/site-packages/airflow/example_dags/example_setup_teardown.py
[2025-03-31T07:20:12.365+0000] {processor.py:925} INFO - DAG(s) 'example_setup_teardown' retrieved from /home/airflow/.local/lib/python3.12/site-packages/airflow/example_dags/example_setup_teardown.py
[2025-03-31T07:20:12.396+0000] {logging_mixin.py:190} INFO - [2025-03-31T07:20:12.396+0000] {dag.py:3239} INFO - Sync 1 DAGs
[2025-03-31T07:20:12.416+0000] {logging_mixin.py:190} INFO - [2025-03-31T07:20:12.415+0000] {dag.py:4180} INFO - Setting next_dagrun for example_setup_teardown to None, run_after=None
[2025-03-31T07:20:12.453+0000] {processor.py:208} INFO - Processing /home/airflow/.local/lib/python3.12/site-packages/airflow/example_dags/example_setup_teardown.py took 0.116 seconds
[2025-03-31T07:20:42.721+0000] {processor.py:186} INFO - Started process (PID=17873) to work on /home/airflow/.local/lib/python3.12/site-packages/airflow/example_dags/example_setup_teardown.py
[2025-03-31T07:20:42.722+0000] {processor.py:914} INFO - Processing file /home/airflow/.local/lib/python3.12/site-packages/airflow/example_dags/example_setup_teardown.py for tasks to queue
[2025-03-31T07:20:42.725+0000] {logging_mixin.py:190} INFO - [2025-03-31T07:20:42.725+0000] {dagbag.py:588} INFO - Filling up the DagBag from /home/airflow/.local/lib/python3.12/site-packages/airflow/example_dags/example_setup_teardown.py
[2025-03-31T07:20:42.739+0000] {processor.py:925} INFO - DAG(s) 'example_setup_teardown' retrieved from /home/airflow/.local/lib/python3.12/site-packages/airflow/example_dags/example_setup_teardown.py
[2025-03-31T07:20:42.807+0000] {logging_mixin.py:190} INFO - [2025-03-31T07:20:42.804+0000] {dag.py:3239} INFO - Sync 1 DAGs
[2025-03-31T07:20:42.833+0000] {logging_mixin.py:190} INFO - [2025-03-31T07:20:42.833+0000] {dag.py:4180} INFO - Setting next_dagrun for example_setup_teardown to None, run_after=None
[2025-03-31T07:20:42.866+0000] {processor.py:208} INFO - Processing /home/airflow/.local/lib/python3.12/site-packages/airflow/example_dags/example_setup_teardown.py took 0.155 seconds
[2025-03-31T07:21:13.069+0000] {processor.py:186} INFO - Started process (PID=18166) to work on /home/airflow/.local/lib/python3.12/site-packages/airflow/example_dags/example_setup_teardown.py
[2025-03-31T07:21:13.070+0000] {processor.py:914} INFO - Processing file /home/airflow/.local/lib/python3.12/site-packages/airflow/example_dags/example_setup_teardown.py for tasks to queue
[2025-03-31T07:21:13.073+0000] {logging_mixin.py:190} INFO - [2025-03-31T07:21:13.073+0000] {dagbag.py:588} INFO - Filling up the DagBag from /home/airflow/.local/lib/python3.12/site-packages/airflow/example_dags/example_setup_teardown.py
[2025-03-31T07:21:13.086+0000] {processor.py:925} INFO - DAG(s) 'example_setup_teardown' retrieved from /home/airflow/.local/lib/python3.12/site-packages/airflow/example_dags/example_setup_teardown.py
[2025-03-31T07:21:13.119+0000] {logging_mixin.py:190} INFO - [2025-03-31T07:21:13.118+0000] {dag.py:3239} INFO - Sync 1 DAGs
[2025-03-31T07:21:13.139+0000] {logging_mixin.py:190} INFO - [2025-03-31T07:21:13.139+0000] {dag.py:4180} INFO - Setting next_dagrun for example_setup_teardown to None, run_after=None
[2025-03-31T07:21:13.168+0000] {processor.py:208} INFO - Processing /home/airflow/.local/lib/python3.12/site-packages/airflow/example_dags/example_setup_teardown.py took 0.109 seconds
[2025-03-31T07:21:43.348+0000] {processor.py:186} INFO - Started process (PID=18457) to work on /home/airflow/.local/lib/python3.12/site-packages/airflow/example_dags/example_setup_teardown.py
[2025-03-31T07:21:43.350+0000] {processor.py:914} INFO - Processing file /home/airflow/.local/lib/python3.12/site-packages/airflow/example_dags/example_setup_teardown.py for tasks to queue
[2025-03-31T07:21:43.353+0000] {logging_mixin.py:190} INFO - [2025-03-31T07:21:43.352+0000] {dagbag.py:588} INFO - Filling up the DagBag from /home/airflow/.local/lib/python3.12/site-packages/airflow/example_dags/example_setup_teardown.py
[2025-03-31T07:21:43.366+0000] {processor.py:925} INFO - DAG(s) 'example_setup_teardown' retrieved from /home/airflow/.local/lib/python3.12/site-packages/airflow/example_dags/example_setup_teardown.py
[2025-03-31T07:21:43.395+0000] {logging_mixin.py:190} INFO - [2025-03-31T07:21:43.395+0000] {dag.py:3239} INFO - Sync 1 DAGs
[2025-03-31T07:21:43.416+0000] {logging_mixin.py:190} INFO - [2025-03-31T07:21:43.416+0000] {dag.py:4180} INFO - Setting next_dagrun for example_setup_teardown to None, run_after=None
[2025-03-31T07:21:43.448+0000] {processor.py:208} INFO - Processing /home/airflow/.local/lib/python3.12/site-packages/airflow/example_dags/example_setup_teardown.py took 0.109 seconds
[2025-03-31T07:22:14.274+0000] {processor.py:186} INFO - Started process (PID=18748) to work on /home/airflow/.local/lib/python3.12/site-packages/airflow/example_dags/example_setup_teardown.py
[2025-03-31T07:22:14.275+0000] {processor.py:914} INFO - Processing file /home/airflow/.local/lib/python3.12/site-packages/airflow/example_dags/example_setup_teardown.py for tasks to queue
[2025-03-31T07:22:14.279+0000] {logging_mixin.py:190} INFO - [2025-03-31T07:22:14.279+0000] {dagbag.py:588} INFO - Filling up the DagBag from /home/airflow/.local/lib/python3.12/site-packages/airflow/example_dags/example_setup_teardown.py
[2025-03-31T07:22:14.292+0000] {processor.py:925} INFO - DAG(s) 'example_setup_teardown' retrieved from /home/airflow/.local/lib/python3.12/site-packages/airflow/example_dags/example_setup_teardown.py
[2025-03-31T07:22:14.327+0000] {logging_mixin.py:190} INFO - [2025-03-31T07:22:14.327+0000] {dag.py:3239} INFO - Sync 1 DAGs
[2025-03-31T07:22:14.357+0000] {logging_mixin.py:190} INFO - [2025-03-31T07:22:14.357+0000] {dag.py:4180} INFO - Setting next_dagrun for example_setup_teardown to None, run_after=None
[2025-03-31T07:22:14.388+0000] {processor.py:208} INFO - Processing /home/airflow/.local/lib/python3.12/site-packages/airflow/example_dags/example_setup_teardown.py took 0.123 seconds
[2025-03-31T07:22:44.450+0000] {processor.py:186} INFO - Started process (PID=19037) to work on /home/airflow/.local/lib/python3.12/site-packages/airflow/example_dags/example_setup_teardown.py
[2025-03-31T07:22:44.451+0000] {processor.py:914} INFO - Processing file /home/airflow/.local/lib/python3.12/site-packages/airflow/example_dags/example_setup_teardown.py for tasks to queue
[2025-03-31T07:22:44.454+0000] {logging_mixin.py:190} INFO - [2025-03-31T07:22:44.454+0000] {dagbag.py:588} INFO - Filling up the DagBag from /home/airflow/.local/lib/python3.12/site-packages/airflow/example_dags/example_setup_teardown.py
[2025-03-31T07:22:44.469+0000] {processor.py:925} INFO - DAG(s) 'example_setup_teardown' retrieved from /home/airflow/.local/lib/python3.12/site-packages/airflow/example_dags/example_setup_teardown.py
[2025-03-31T07:22:44.499+0000] {logging_mixin.py:190} INFO - [2025-03-31T07:22:44.499+0000] {dag.py:3239} INFO - Sync 1 DAGs
[2025-03-31T07:22:44.521+0000] {logging_mixin.py:190} INFO - [2025-03-31T07:22:44.521+0000] {dag.py:4180} INFO - Setting next_dagrun for example_setup_teardown to None, run_after=None
[2025-03-31T07:22:44.550+0000] {processor.py:208} INFO - Processing /home/airflow/.local/lib/python3.12/site-packages/airflow/example_dags/example_setup_teardown.py took 0.110 seconds
[2025-03-31T07:23:14.736+0000] {processor.py:186} INFO - Started process (PID=19335) to work on /home/airflow/.local/lib/python3.12/site-packages/airflow/example_dags/example_setup_teardown.py
[2025-03-31T07:23:14.737+0000] {processor.py:914} INFO - Processing file /home/airflow/.local/lib/python3.12/site-packages/airflow/example_dags/example_setup_teardown.py for tasks to queue
[2025-03-31T07:23:14.739+0000] {logging_mixin.py:190} INFO - [2025-03-31T07:23:14.739+0000] {dagbag.py:588} INFO - Filling up the DagBag from /home/airflow/.local/lib/python3.12/site-packages/airflow/example_dags/example_setup_teardown.py
[2025-03-31T07:23:14.748+0000] {processor.py:925} INFO - DAG(s) 'example_setup_teardown' retrieved from /home/airflow/.local/lib/python3.12/site-packages/airflow/example_dags/example_setup_teardown.py
[2025-03-31T07:23:14.770+0000] {logging_mixin.py:190} INFO - [2025-03-31T07:23:14.769+0000] {dag.py:3239} INFO - Sync 1 DAGs
[2025-03-31T07:23:14.784+0000] {logging_mixin.py:190} INFO - [2025-03-31T07:23:14.784+0000] {dag.py:4180} INFO - Setting next_dagrun for example_setup_teardown to None, run_after=None
[2025-03-31T07:23:14.803+0000] {processor.py:208} INFO - Processing /home/airflow/.local/lib/python3.12/site-packages/airflow/example_dags/example_setup_teardown.py took 0.073 seconds
[2025-03-31T07:23:45.316+0000] {processor.py:186} INFO - Started process (PID=19626) to work on /home/airflow/.local/lib/python3.12/site-packages/airflow/example_dags/example_setup_teardown.py
[2025-03-31T07:23:45.317+0000] {processor.py:914} INFO - Processing file /home/airflow/.local/lib/python3.12/site-packages/airflow/example_dags/example_setup_teardown.py for tasks to queue
[2025-03-31T07:23:45.320+0000] {logging_mixin.py:190} INFO - [2025-03-31T07:23:45.319+0000] {dagbag.py:588} INFO - Filling up the DagBag from /home/airflow/.local/lib/python3.12/site-packages/airflow/example_dags/example_setup_teardown.py
[2025-03-31T07:23:45.328+0000] {processor.py:925} INFO - DAG(s) 'example_setup_teardown' retrieved from /home/airflow/.local/lib/python3.12/site-packages/airflow/example_dags/example_setup_teardown.py
[2025-03-31T07:23:45.351+0000] {logging_mixin.py:190} INFO - [2025-03-31T07:23:45.351+0000] {dag.py:3239} INFO - Sync 1 DAGs
[2025-03-31T07:23:45.366+0000] {logging_mixin.py:190} INFO - [2025-03-31T07:23:45.366+0000] {dag.py:4180} INFO - Setting next_dagrun for example_setup_teardown to None, run_after=None
[2025-03-31T07:23:45.388+0000] {processor.py:208} INFO - Processing /home/airflow/.local/lib/python3.12/site-packages/airflow/example_dags/example_setup_teardown.py took 0.078 seconds
[2025-03-31T07:24:15.666+0000] {processor.py:186} INFO - Started process (PID=19917) to work on /home/airflow/.local/lib/python3.12/site-packages/airflow/example_dags/example_setup_teardown.py
[2025-03-31T07:24:15.667+0000] {processor.py:914} INFO - Processing file /home/airflow/.local/lib/python3.12/site-packages/airflow/example_dags/example_setup_teardown.py for tasks to queue
[2025-03-31T07:24:15.669+0000] {logging_mixin.py:190} INFO - [2025-03-31T07:24:15.669+0000] {dagbag.py:588} INFO - Filling up the DagBag from /home/airflow/.local/lib/python3.12/site-packages/airflow/example_dags/example_setup_teardown.py
[2025-03-31T07:24:15.678+0000] {processor.py:925} INFO - DAG(s) 'example_setup_teardown' retrieved from /home/airflow/.local/lib/python3.12/site-packages/airflow/example_dags/example_setup_teardown.py
[2025-03-31T07:24:15.710+0000] {logging_mixin.py:190} INFO - [2025-03-31T07:24:15.710+0000] {dag.py:3239} INFO - Sync 1 DAGs
[2025-03-31T07:24:15.735+0000] {logging_mixin.py:190} INFO - [2025-03-31T07:24:15.735+0000] {dag.py:4180} INFO - Setting next_dagrun for example_setup_teardown to None, run_after=None
[2025-03-31T07:24:15.765+0000] {processor.py:208} INFO - Processing /home/airflow/.local/lib/python3.12/site-packages/airflow/example_dags/example_setup_teardown.py took 0.105 seconds
[2025-03-31T07:24:46.131+0000] {processor.py:186} INFO - Started process (PID=20208) to work on /home/airflow/.local/lib/python3.12/site-packages/airflow/example_dags/example_setup_teardown.py
[2025-03-31T07:24:46.132+0000] {processor.py:914} INFO - Processing file /home/airflow/.local/lib/python3.12/site-packages/airflow/example_dags/example_setup_teardown.py for tasks to queue
[2025-03-31T07:24:46.134+0000] {logging_mixin.py:190} INFO - [2025-03-31T07:24:46.134+0000] {dagbag.py:588} INFO - Filling up the DagBag from /home/airflow/.local/lib/python3.12/site-packages/airflow/example_dags/example_setup_teardown.py
[2025-03-31T07:24:46.144+0000] {processor.py:925} INFO - DAG(s) 'example_setup_teardown' retrieved from /home/airflow/.local/lib/python3.12/site-packages/airflow/example_dags/example_setup_teardown.py
[2025-03-31T07:24:46.168+0000] {logging_mixin.py:190} INFO - [2025-03-31T07:24:46.167+0000] {dag.py:3239} INFO - Sync 1 DAGs
[2025-03-31T07:24:46.184+0000] {logging_mixin.py:190} INFO - [2025-03-31T07:24:46.183+0000] {dag.py:4180} INFO - Setting next_dagrun for example_setup_teardown to None, run_after=None
[2025-03-31T07:24:46.203+0000] {processor.py:208} INFO - Processing /home/airflow/.local/lib/python3.12/site-packages/airflow/example_dags/example_setup_teardown.py took 0.078 seconds
[2025-03-31T07:25:17.029+0000] {processor.py:186} INFO - Started process (PID=20499) to work on /home/airflow/.local/lib/python3.12/site-packages/airflow/example_dags/example_setup_teardown.py
[2025-03-31T07:25:17.030+0000] {processor.py:914} INFO - Processing file /home/airflow/.local/lib/python3.12/site-packages/airflow/example_dags/example_setup_teardown.py for tasks to queue
[2025-03-31T07:25:17.032+0000] {logging_mixin.py:190} INFO - [2025-03-31T07:25:17.032+0000] {dagbag.py:588} INFO - Filling up the DagBag from /home/airflow/.local/lib/python3.12/site-packages/airflow/example_dags/example_setup_teardown.py
[2025-03-31T07:25:17.041+0000] {processor.py:925} INFO - DAG(s) 'example_setup_teardown' retrieved from /home/airflow/.local/lib/python3.12/site-packages/airflow/example_dags/example_setup_teardown.py
[2025-03-31T07:25:17.063+0000] {logging_mixin.py:190} INFO - [2025-03-31T07:25:17.063+0000] {dag.py:3239} INFO - Sync 1 DAGs
[2025-03-31T07:25:17.079+0000] {logging_mixin.py:190} INFO - [2025-03-31T07:25:17.078+0000] {dag.py:4180} INFO - Setting next_dagrun for example_setup_teardown to None, run_after=None
[2025-03-31T07:25:17.097+0000] {processor.py:208} INFO - Processing /home/airflow/.local/lib/python3.12/site-packages/airflow/example_dags/example_setup_teardown.py took 0.074 seconds
