[2025-03-31T06:47:35.341+0000] {processor.py:186} INFO - Started process (PID=304) to work on /home/airflow/.local/lib/python3.12/site-packages/airflow/example_dags/tutorial.py
[2025-03-31T06:47:35.343+0000] {processor.py:914} INFO - Processing file /home/airflow/.local/lib/python3.12/site-packages/airflow/example_dags/tutorial.py for tasks to queue
[2025-03-31T06:47:35.347+0000] {logging_mixin.py:190} INFO - [2025-03-31T06:47:35.347+0000] {dagbag.py:588} INFO - Filling up the DagBag from /home/airflow/.local/lib/python3.12/site-packages/airflow/example_dags/tutorial.py
[2025-03-31T06:47:35.364+0000] {processor.py:925} INFO - DAG(s) 'tutorial' retrieved from /home/airflow/.local/lib/python3.12/site-packages/airflow/example_dags/tutorial.py
[2025-03-31T06:47:35.517+0000] {logging_mixin.py:190} INFO - [2025-03-31T06:47:35.516+0000] {override.py:1912} INFO - Created Permission View: can read on DAG:tutorial
[2025-03-31T06:47:35.532+0000] {logging_mixin.py:190} INFO - [2025-03-31T06:47:35.531+0000] {override.py:1912} INFO - Created Permission View: can delete on DAG:tutorial
[2025-03-31T06:47:35.541+0000] {logging_mixin.py:190} INFO - [2025-03-31T06:47:35.541+0000] {override.py:1912} INFO - Created Permission View: can edit on DAG:tutorial
[2025-03-31T06:47:35.550+0000] {logging_mixin.py:190} INFO - [2025-03-31T06:47:35.550+0000] {override.py:1912} INFO - Created Permission View: can read on DAG Run:tutorial
[2025-03-31T06:47:35.558+0000] {logging_mixin.py:190} INFO - [2025-03-31T06:47:35.558+0000] {override.py:1912} INFO - Created Permission View: can delete on DAG Run:tutorial
[2025-03-31T06:47:35.566+0000] {logging_mixin.py:190} INFO - [2025-03-31T06:47:35.566+0000] {override.py:1912} INFO - Created Permission View: menu access on DAG Run:tutorial
[2025-03-31T06:47:35.576+0000] {logging_mixin.py:190} INFO - [2025-03-31T06:47:35.575+0000] {override.py:1912} INFO - Created Permission View: can create on DAG Run:tutorial
[2025-03-31T06:47:35.577+0000] {logging_mixin.py:190} INFO - [2025-03-31T06:47:35.576+0000] {dag.py:3239} INFO - Sync 1 DAGs
[2025-03-31T06:47:35.593+0000] {logging_mixin.py:190} INFO - [2025-03-31T06:47:35.593+0000] {dag.py:3262} INFO - Creating ORM DAG for tutorial
[2025-03-31T06:47:35.606+0000] {logging_mixin.py:190} INFO - [2025-03-31T06:47:35.606+0000] {dag.py:4180} INFO - Setting next_dagrun for tutorial to 2025-03-30 00:00:00+00:00, run_after=2025-03-31 00:00:00+00:00
[2025-03-31T06:47:35.626+0000] {processor.py:208} INFO - Processing /home/airflow/.local/lib/python3.12/site-packages/airflow/example_dags/tutorial.py took 0.294 seconds
[2025-03-31T06:48:06.132+0000] {processor.py:186} INFO - Started process (PID=590) to work on /home/airflow/.local/lib/python3.12/site-packages/airflow/example_dags/tutorial.py
[2025-03-31T06:48:06.133+0000] {processor.py:914} INFO - Processing file /home/airflow/.local/lib/python3.12/site-packages/airflow/example_dags/tutorial.py for tasks to queue
[2025-03-31T06:48:06.137+0000] {logging_mixin.py:190} INFO - [2025-03-31T06:48:06.137+0000] {dagbag.py:588} INFO - Filling up the DagBag from /home/airflow/.local/lib/python3.12/site-packages/airflow/example_dags/tutorial.py
[2025-03-31T06:48:06.152+0000] {processor.py:925} INFO - DAG(s) 'tutorial' retrieved from /home/airflow/.local/lib/python3.12/site-packages/airflow/example_dags/tutorial.py
[2025-03-31T06:48:06.175+0000] {logging_mixin.py:190} INFO - [2025-03-31T06:48:06.175+0000] {dag.py:3239} INFO - Sync 1 DAGs
[2025-03-31T06:48:06.202+0000] {logging_mixin.py:190} INFO - [2025-03-31T06:48:06.202+0000] {dag.py:4180} INFO - Setting next_dagrun for tutorial to 2025-03-30 00:00:00+00:00, run_after=2025-03-31 00:00:00+00:00
[2025-03-31T06:48:06.222+0000] {processor.py:208} INFO - Processing /home/airflow/.local/lib/python3.12/site-packages/airflow/example_dags/tutorial.py took 0.097 seconds
[2025-03-31T06:48:37.153+0000] {processor.py:186} INFO - Started process (PID=881) to work on /home/airflow/.local/lib/python3.12/site-packages/airflow/example_dags/tutorial.py
[2025-03-31T06:48:37.156+0000] {processor.py:914} INFO - Processing file /home/airflow/.local/lib/python3.12/site-packages/airflow/example_dags/tutorial.py for tasks to queue
[2025-03-31T06:48:37.158+0000] {logging_mixin.py:190} INFO - [2025-03-31T06:48:37.158+0000] {dagbag.py:588} INFO - Filling up the DagBag from /home/airflow/.local/lib/python3.12/site-packages/airflow/example_dags/tutorial.py
[2025-03-31T06:48:37.168+0000] {processor.py:925} INFO - DAG(s) 'tutorial' retrieved from /home/airflow/.local/lib/python3.12/site-packages/airflow/example_dags/tutorial.py
[2025-03-31T06:48:37.188+0000] {logging_mixin.py:190} INFO - [2025-03-31T06:48:37.187+0000] {dag.py:3239} INFO - Sync 1 DAGs
[2025-03-31T06:48:37.210+0000] {logging_mixin.py:190} INFO - [2025-03-31T06:48:37.210+0000] {dag.py:4180} INFO - Setting next_dagrun for tutorial to 2025-03-30 00:00:00+00:00, run_after=2025-03-31 00:00:00+00:00
[2025-03-31T06:48:37.242+0000] {processor.py:208} INFO - Processing /home/airflow/.local/lib/python3.12/site-packages/airflow/example_dags/tutorial.py took 0.094 seconds
[2025-03-31T06:49:40.271+0000] {processor.py:186} INFO - Started process (PID=305) to work on /home/airflow/.local/lib/python3.12/site-packages/airflow/example_dags/tutorial.py
[2025-03-31T06:49:40.272+0000] {processor.py:914} INFO - Processing file /home/airflow/.local/lib/python3.12/site-packages/airflow/example_dags/tutorial.py for tasks to queue
[2025-03-31T06:49:40.275+0000] {logging_mixin.py:190} INFO - [2025-03-31T06:49:40.274+0000] {dagbag.py:588} INFO - Filling up the DagBag from /home/airflow/.local/lib/python3.12/site-packages/airflow/example_dags/tutorial.py
[2025-03-31T06:49:40.285+0000] {processor.py:925} INFO - DAG(s) 'tutorial' retrieved from /home/airflow/.local/lib/python3.12/site-packages/airflow/example_dags/tutorial.py
[2025-03-31T06:49:40.311+0000] {logging_mixin.py:190} INFO - [2025-03-31T06:49:40.310+0000] {dag.py:3239} INFO - Sync 1 DAGs
[2025-03-31T06:49:40.340+0000] {logging_mixin.py:190} INFO - [2025-03-31T06:49:40.340+0000] {dag.py:4180} INFO - Setting next_dagrun for tutorial to 2025-03-30 00:00:00+00:00, run_after=2025-03-31 00:00:00+00:00
[2025-03-31T06:49:40.362+0000] {processor.py:208} INFO - Processing /home/airflow/.local/lib/python3.12/site-packages/airflow/example_dags/tutorial.py took 0.098 seconds
[2025-03-31T06:50:10.691+0000] {processor.py:186} INFO - Started process (PID=591) to work on /home/airflow/.local/lib/python3.12/site-packages/airflow/example_dags/tutorial.py
[2025-03-31T06:50:10.691+0000] {processor.py:914} INFO - Processing file /home/airflow/.local/lib/python3.12/site-packages/airflow/example_dags/tutorial.py for tasks to queue
[2025-03-31T06:50:10.694+0000] {logging_mixin.py:190} INFO - [2025-03-31T06:50:10.694+0000] {dagbag.py:588} INFO - Filling up the DagBag from /home/airflow/.local/lib/python3.12/site-packages/airflow/example_dags/tutorial.py
[2025-03-31T06:50:10.702+0000] {processor.py:925} INFO - DAG(s) 'tutorial' retrieved from /home/airflow/.local/lib/python3.12/site-packages/airflow/example_dags/tutorial.py
[2025-03-31T06:50:10.721+0000] {logging_mixin.py:190} INFO - [2025-03-31T06:50:10.721+0000] {dag.py:3239} INFO - Sync 1 DAGs
[2025-03-31T06:50:10.743+0000] {logging_mixin.py:190} INFO - [2025-03-31T06:50:10.743+0000] {dag.py:4180} INFO - Setting next_dagrun for tutorial to 2025-03-30 00:00:00+00:00, run_after=2025-03-31 00:00:00+00:00
[2025-03-31T06:50:10.760+0000] {processor.py:208} INFO - Processing /home/airflow/.local/lib/python3.12/site-packages/airflow/example_dags/tutorial.py took 0.074 seconds
[2025-03-31T06:50:41.746+0000] {processor.py:186} INFO - Started process (PID=882) to work on /home/airflow/.local/lib/python3.12/site-packages/airflow/example_dags/tutorial.py
[2025-03-31T06:50:41.747+0000] {processor.py:914} INFO - Processing file /home/airflow/.local/lib/python3.12/site-packages/airflow/example_dags/tutorial.py for tasks to queue
[2025-03-31T06:50:41.749+0000] {logging_mixin.py:190} INFO - [2025-03-31T06:50:41.749+0000] {dagbag.py:588} INFO - Filling up the DagBag from /home/airflow/.local/lib/python3.12/site-packages/airflow/example_dags/tutorial.py
[2025-03-31T06:50:41.758+0000] {processor.py:925} INFO - DAG(s) 'tutorial' retrieved from /home/airflow/.local/lib/python3.12/site-packages/airflow/example_dags/tutorial.py
[2025-03-31T06:50:41.779+0000] {logging_mixin.py:190} INFO - [2025-03-31T06:50:41.778+0000] {dag.py:3239} INFO - Sync 1 DAGs
[2025-03-31T06:50:41.804+0000] {logging_mixin.py:190} INFO - [2025-03-31T06:50:41.804+0000] {dag.py:4180} INFO - Setting next_dagrun for tutorial to 2025-03-30 00:00:00+00:00, run_after=2025-03-31 00:00:00+00:00
[2025-03-31T06:50:41.820+0000] {processor.py:208} INFO - Processing /home/airflow/.local/lib/python3.12/site-packages/airflow/example_dags/tutorial.py took 0.081 seconds
[2025-03-31T06:51:12.272+0000] {processor.py:186} INFO - Started process (PID=1173) to work on /home/airflow/.local/lib/python3.12/site-packages/airflow/example_dags/tutorial.py
[2025-03-31T06:51:12.272+0000] {processor.py:914} INFO - Processing file /home/airflow/.local/lib/python3.12/site-packages/airflow/example_dags/tutorial.py for tasks to queue
[2025-03-31T06:51:12.275+0000] {logging_mixin.py:190} INFO - [2025-03-31T06:51:12.275+0000] {dagbag.py:588} INFO - Filling up the DagBag from /home/airflow/.local/lib/python3.12/site-packages/airflow/example_dags/tutorial.py
[2025-03-31T06:51:12.282+0000] {processor.py:925} INFO - DAG(s) 'tutorial' retrieved from /home/airflow/.local/lib/python3.12/site-packages/airflow/example_dags/tutorial.py
[2025-03-31T06:51:12.302+0000] {logging_mixin.py:190} INFO - [2025-03-31T06:51:12.301+0000] {dag.py:3239} INFO - Sync 1 DAGs
[2025-03-31T06:51:12.324+0000] {logging_mixin.py:190} INFO - [2025-03-31T06:51:12.324+0000] {dag.py:4180} INFO - Setting next_dagrun for tutorial to 2025-03-30 00:00:00+00:00, run_after=2025-03-31 00:00:00+00:00
[2025-03-31T06:51:12.340+0000] {processor.py:208} INFO - Processing /home/airflow/.local/lib/python3.12/site-packages/airflow/example_dags/tutorial.py took 0.074 seconds
[2025-03-31T06:51:43.241+0000] {processor.py:186} INFO - Started process (PID=1464) to work on /home/airflow/.local/lib/python3.12/site-packages/airflow/example_dags/tutorial.py
[2025-03-31T06:51:43.242+0000] {processor.py:914} INFO - Processing file /home/airflow/.local/lib/python3.12/site-packages/airflow/example_dags/tutorial.py for tasks to queue
[2025-03-31T06:51:43.245+0000] {logging_mixin.py:190} INFO - [2025-03-31T06:51:43.245+0000] {dagbag.py:588} INFO - Filling up the DagBag from /home/airflow/.local/lib/python3.12/site-packages/airflow/example_dags/tutorial.py
[2025-03-31T06:51:43.258+0000] {processor.py:925} INFO - DAG(s) 'tutorial' retrieved from /home/airflow/.local/lib/python3.12/site-packages/airflow/example_dags/tutorial.py
[2025-03-31T06:51:43.280+0000] {logging_mixin.py:190} INFO - [2025-03-31T06:51:43.279+0000] {dag.py:3239} INFO - Sync 1 DAGs
[2025-03-31T06:51:43.307+0000] {logging_mixin.py:190} INFO - [2025-03-31T06:51:43.307+0000] {dag.py:4180} INFO - Setting next_dagrun for tutorial to 2025-03-30 00:00:00+00:00, run_after=2025-03-31 00:00:00+00:00
[2025-03-31T06:51:43.328+0000] {processor.py:208} INFO - Processing /home/airflow/.local/lib/python3.12/site-packages/airflow/example_dags/tutorial.py took 0.093 seconds
[2025-03-31T06:52:14.436+0000] {processor.py:186} INFO - Started process (PID=1755) to work on /home/airflow/.local/lib/python3.12/site-packages/airflow/example_dags/tutorial.py
[2025-03-31T06:52:14.438+0000] {processor.py:914} INFO - Processing file /home/airflow/.local/lib/python3.12/site-packages/airflow/example_dags/tutorial.py for tasks to queue
[2025-03-31T06:52:14.441+0000] {logging_mixin.py:190} INFO - [2025-03-31T06:52:14.441+0000] {dagbag.py:588} INFO - Filling up the DagBag from /home/airflow/.local/lib/python3.12/site-packages/airflow/example_dags/tutorial.py
[2025-03-31T06:52:14.452+0000] {processor.py:925} INFO - DAG(s) 'tutorial' retrieved from /home/airflow/.local/lib/python3.12/site-packages/airflow/example_dags/tutorial.py
[2025-03-31T06:52:14.478+0000] {logging_mixin.py:190} INFO - [2025-03-31T06:52:14.477+0000] {dag.py:3239} INFO - Sync 1 DAGs
[2025-03-31T06:52:14.506+0000] {logging_mixin.py:190} INFO - [2025-03-31T06:52:14.506+0000] {dag.py:4180} INFO - Setting next_dagrun for tutorial to 2025-03-30 00:00:00+00:00, run_after=2025-03-31 00:00:00+00:00
[2025-03-31T06:52:14.528+0000] {processor.py:208} INFO - Processing /home/airflow/.local/lib/python3.12/site-packages/airflow/example_dags/tutorial.py took 0.099 seconds
[2025-03-31T06:52:44.818+0000] {processor.py:186} INFO - Started process (PID=2046) to work on /home/airflow/.local/lib/python3.12/site-packages/airflow/example_dags/tutorial.py
[2025-03-31T06:52:44.819+0000] {processor.py:914} INFO - Processing file /home/airflow/.local/lib/python3.12/site-packages/airflow/example_dags/tutorial.py for tasks to queue
[2025-03-31T06:52:44.822+0000] {logging_mixin.py:190} INFO - [2025-03-31T06:52:44.821+0000] {dagbag.py:588} INFO - Filling up the DagBag from /home/airflow/.local/lib/python3.12/site-packages/airflow/example_dags/tutorial.py
[2025-03-31T06:52:44.829+0000] {processor.py:925} INFO - DAG(s) 'tutorial' retrieved from /home/airflow/.local/lib/python3.12/site-packages/airflow/example_dags/tutorial.py
[2025-03-31T06:52:44.850+0000] {logging_mixin.py:190} INFO - [2025-03-31T06:52:44.850+0000] {dag.py:3239} INFO - Sync 1 DAGs
[2025-03-31T06:52:44.873+0000] {logging_mixin.py:190} INFO - [2025-03-31T06:52:44.873+0000] {dag.py:4180} INFO - Setting next_dagrun for tutorial to 2025-03-30 00:00:00+00:00, run_after=2025-03-31 00:00:00+00:00
[2025-03-31T06:52:44.891+0000] {processor.py:208} INFO - Processing /home/airflow/.local/lib/python3.12/site-packages/airflow/example_dags/tutorial.py took 0.078 seconds
[2025-03-31T06:53:15.301+0000] {processor.py:186} INFO - Started process (PID=2337) to work on /home/airflow/.local/lib/python3.12/site-packages/airflow/example_dags/tutorial.py
[2025-03-31T06:53:15.302+0000] {processor.py:914} INFO - Processing file /home/airflow/.local/lib/python3.12/site-packages/airflow/example_dags/tutorial.py for tasks to queue
[2025-03-31T06:53:15.306+0000] {logging_mixin.py:190} INFO - [2025-03-31T06:53:15.305+0000] {dagbag.py:588} INFO - Filling up the DagBag from /home/airflow/.local/lib/python3.12/site-packages/airflow/example_dags/tutorial.py
[2025-03-31T06:53:15.319+0000] {processor.py:925} INFO - DAG(s) 'tutorial' retrieved from /home/airflow/.local/lib/python3.12/site-packages/airflow/example_dags/tutorial.py
[2025-03-31T06:53:15.344+0000] {logging_mixin.py:190} INFO - [2025-03-31T06:53:15.344+0000] {dag.py:3239} INFO - Sync 1 DAGs
[2025-03-31T06:53:15.381+0000] {logging_mixin.py:190} INFO - [2025-03-31T06:53:15.381+0000] {dag.py:4180} INFO - Setting next_dagrun for tutorial to 2025-03-30 00:00:00+00:00, run_after=2025-03-31 00:00:00+00:00
[2025-03-31T06:53:15.424+0000] {processor.py:208} INFO - Processing /home/airflow/.local/lib/python3.12/site-packages/airflow/example_dags/tutorial.py took 0.131 seconds
[2025-03-31T06:53:45.590+0000] {processor.py:186} INFO - Started process (PID=2628) to work on /home/airflow/.local/lib/python3.12/site-packages/airflow/example_dags/tutorial.py
[2025-03-31T06:53:45.592+0000] {processor.py:914} INFO - Processing file /home/airflow/.local/lib/python3.12/site-packages/airflow/example_dags/tutorial.py for tasks to queue
[2025-03-31T06:53:45.594+0000] {logging_mixin.py:190} INFO - [2025-03-31T06:53:45.594+0000] {dagbag.py:588} INFO - Filling up the DagBag from /home/airflow/.local/lib/python3.12/site-packages/airflow/example_dags/tutorial.py
[2025-03-31T06:53:45.603+0000] {processor.py:925} INFO - DAG(s) 'tutorial' retrieved from /home/airflow/.local/lib/python3.12/site-packages/airflow/example_dags/tutorial.py
[2025-03-31T06:53:45.628+0000] {logging_mixin.py:190} INFO - [2025-03-31T06:53:45.628+0000] {dag.py:3239} INFO - Sync 1 DAGs
[2025-03-31T06:53:45.659+0000] {logging_mixin.py:190} INFO - [2025-03-31T06:53:45.659+0000] {dag.py:4180} INFO - Setting next_dagrun for tutorial to 2025-03-30 00:00:00+00:00, run_after=2025-03-31 00:00:00+00:00
[2025-03-31T06:53:45.678+0000] {processor.py:208} INFO - Processing /home/airflow/.local/lib/python3.12/site-packages/airflow/example_dags/tutorial.py took 0.094 seconds
[2025-03-31T06:54:16.764+0000] {processor.py:186} INFO - Started process (PID=2919) to work on /home/airflow/.local/lib/python3.12/site-packages/airflow/example_dags/tutorial.py
[2025-03-31T06:54:16.766+0000] {processor.py:914} INFO - Processing file /home/airflow/.local/lib/python3.12/site-packages/airflow/example_dags/tutorial.py for tasks to queue
[2025-03-31T06:54:16.769+0000] {logging_mixin.py:190} INFO - [2025-03-31T06:54:16.768+0000] {dagbag.py:588} INFO - Filling up the DagBag from /home/airflow/.local/lib/python3.12/site-packages/airflow/example_dags/tutorial.py
[2025-03-31T06:54:16.777+0000] {processor.py:925} INFO - DAG(s) 'tutorial' retrieved from /home/airflow/.local/lib/python3.12/site-packages/airflow/example_dags/tutorial.py
[2025-03-31T06:54:16.805+0000] {logging_mixin.py:190} INFO - [2025-03-31T06:54:16.804+0000] {dag.py:3239} INFO - Sync 1 DAGs
[2025-03-31T06:54:16.837+0000] {logging_mixin.py:190} INFO - [2025-03-31T06:54:16.837+0000] {dag.py:4180} INFO - Setting next_dagrun for tutorial to 2025-03-30 00:00:00+00:00, run_after=2025-03-31 00:00:00+00:00
[2025-03-31T06:54:16.866+0000] {processor.py:208} INFO - Processing /home/airflow/.local/lib/python3.12/site-packages/airflow/example_dags/tutorial.py took 0.110 seconds
[2025-03-31T06:54:46.968+0000] {processor.py:186} INFO - Started process (PID=3210) to work on /home/airflow/.local/lib/python3.12/site-packages/airflow/example_dags/tutorial.py
[2025-03-31T06:54:46.969+0000] {processor.py:914} INFO - Processing file /home/airflow/.local/lib/python3.12/site-packages/airflow/example_dags/tutorial.py for tasks to queue
[2025-03-31T06:54:46.971+0000] {logging_mixin.py:190} INFO - [2025-03-31T06:54:46.971+0000] {dagbag.py:588} INFO - Filling up the DagBag from /home/airflow/.local/lib/python3.12/site-packages/airflow/example_dags/tutorial.py
[2025-03-31T06:54:46.979+0000] {processor.py:925} INFO - DAG(s) 'tutorial' retrieved from /home/airflow/.local/lib/python3.12/site-packages/airflow/example_dags/tutorial.py
[2025-03-31T06:54:47.001+0000] {logging_mixin.py:190} INFO - [2025-03-31T06:54:47.000+0000] {dag.py:3239} INFO - Sync 1 DAGs
[2025-03-31T06:54:47.026+0000] {logging_mixin.py:190} INFO - [2025-03-31T06:54:47.026+0000] {dag.py:4180} INFO - Setting next_dagrun for tutorial to 2025-03-30 00:00:00+00:00, run_after=2025-03-31 00:00:00+00:00
[2025-03-31T06:54:47.050+0000] {processor.py:208} INFO - Processing /home/airflow/.local/lib/python3.12/site-packages/airflow/example_dags/tutorial.py took 0.089 seconds
[2025-03-31T06:55:17.371+0000] {processor.py:186} INFO - Started process (PID=3505) to work on /home/airflow/.local/lib/python3.12/site-packages/airflow/example_dags/tutorial.py
[2025-03-31T06:55:17.372+0000] {processor.py:914} INFO - Processing file /home/airflow/.local/lib/python3.12/site-packages/airflow/example_dags/tutorial.py for tasks to queue
[2025-03-31T06:55:17.375+0000] {logging_mixin.py:190} INFO - [2025-03-31T06:55:17.375+0000] {dagbag.py:588} INFO - Filling up the DagBag from /home/airflow/.local/lib/python3.12/site-packages/airflow/example_dags/tutorial.py
[2025-03-31T06:55:17.385+0000] {processor.py:925} INFO - DAG(s) 'tutorial' retrieved from /home/airflow/.local/lib/python3.12/site-packages/airflow/example_dags/tutorial.py
[2025-03-31T06:55:17.412+0000] {logging_mixin.py:190} INFO - [2025-03-31T06:55:17.412+0000] {dag.py:3239} INFO - Sync 1 DAGs
[2025-03-31T06:55:17.443+0000] {logging_mixin.py:190} INFO - [2025-03-31T06:55:17.443+0000] {dag.py:4180} INFO - Setting next_dagrun for tutorial to 2025-03-30 00:00:00+00:00, run_after=2025-03-31 00:00:00+00:00
[2025-03-31T06:55:17.471+0000] {processor.py:208} INFO - Processing /home/airflow/.local/lib/python3.12/site-packages/airflow/example_dags/tutorial.py took 0.106 seconds
[2025-03-31T06:55:47.893+0000] {processor.py:186} INFO - Started process (PID=3800) to work on /home/airflow/.local/lib/python3.12/site-packages/airflow/example_dags/tutorial.py
[2025-03-31T06:55:47.894+0000] {processor.py:914} INFO - Processing file /home/airflow/.local/lib/python3.12/site-packages/airflow/example_dags/tutorial.py for tasks to queue
[2025-03-31T06:55:47.897+0000] {logging_mixin.py:190} INFO - [2025-03-31T06:55:47.897+0000] {dagbag.py:588} INFO - Filling up the DagBag from /home/airflow/.local/lib/python3.12/site-packages/airflow/example_dags/tutorial.py
[2025-03-31T06:55:47.905+0000] {processor.py:925} INFO - DAG(s) 'tutorial' retrieved from /home/airflow/.local/lib/python3.12/site-packages/airflow/example_dags/tutorial.py
[2025-03-31T06:55:47.924+0000] {logging_mixin.py:190} INFO - [2025-03-31T06:55:47.924+0000] {dag.py:3239} INFO - Sync 1 DAGs
[2025-03-31T06:55:47.946+0000] {logging_mixin.py:190} INFO - [2025-03-31T06:55:47.946+0000] {dag.py:4180} INFO - Setting next_dagrun for tutorial to 2025-03-30 00:00:00+00:00, run_after=2025-03-31 00:00:00+00:00
[2025-03-31T06:55:47.965+0000] {processor.py:208} INFO - Processing /home/airflow/.local/lib/python3.12/site-packages/airflow/example_dags/tutorial.py took 0.077 seconds
[2025-03-31T06:56:19.229+0000] {processor.py:186} INFO - Started process (PID=4093) to work on /home/airflow/.local/lib/python3.12/site-packages/airflow/example_dags/tutorial.py
[2025-03-31T06:56:19.230+0000] {processor.py:914} INFO - Processing file /home/airflow/.local/lib/python3.12/site-packages/airflow/example_dags/tutorial.py for tasks to queue
[2025-03-31T06:56:19.237+0000] {logging_mixin.py:190} INFO - [2025-03-31T06:56:19.236+0000] {dagbag.py:588} INFO - Filling up the DagBag from /home/airflow/.local/lib/python3.12/site-packages/airflow/example_dags/tutorial.py
[2025-03-31T06:56:19.247+0000] {processor.py:925} INFO - DAG(s) 'tutorial' retrieved from /home/airflow/.local/lib/python3.12/site-packages/airflow/example_dags/tutorial.py
[2025-03-31T06:56:19.279+0000] {logging_mixin.py:190} INFO - [2025-03-31T06:56:19.279+0000] {dag.py:3239} INFO - Sync 1 DAGs
[2025-03-31T06:56:19.313+0000] {logging_mixin.py:190} INFO - [2025-03-31T06:56:19.313+0000] {dag.py:4180} INFO - Setting next_dagrun for tutorial to 2025-03-30 00:00:00+00:00, run_after=2025-03-31 00:00:00+00:00
[2025-03-31T06:56:19.341+0000] {processor.py:208} INFO - Processing /home/airflow/.local/lib/python3.12/site-packages/airflow/example_dags/tutorial.py took 0.120 seconds
[2025-03-31T06:56:50.112+0000] {processor.py:186} INFO - Started process (PID=4382) to work on /home/airflow/.local/lib/python3.12/site-packages/airflow/example_dags/tutorial.py
[2025-03-31T06:56:50.114+0000] {processor.py:914} INFO - Processing file /home/airflow/.local/lib/python3.12/site-packages/airflow/example_dags/tutorial.py for tasks to queue
[2025-03-31T06:56:50.119+0000] {logging_mixin.py:190} INFO - [2025-03-31T06:56:50.119+0000] {dagbag.py:588} INFO - Filling up the DagBag from /home/airflow/.local/lib/python3.12/site-packages/airflow/example_dags/tutorial.py
[2025-03-31T06:56:50.130+0000] {processor.py:925} INFO - DAG(s) 'tutorial' retrieved from /home/airflow/.local/lib/python3.12/site-packages/airflow/example_dags/tutorial.py
[2025-03-31T06:56:50.162+0000] {logging_mixin.py:190} INFO - [2025-03-31T06:56:50.162+0000] {dag.py:3239} INFO - Sync 1 DAGs
[2025-03-31T06:56:50.203+0000] {logging_mixin.py:190} INFO - [2025-03-31T06:56:50.202+0000] {dag.py:4180} INFO - Setting next_dagrun for tutorial to 2025-03-30 00:00:00+00:00, run_after=2025-03-31 00:00:00+00:00
[2025-03-31T06:56:50.229+0000] {processor.py:208} INFO - Processing /home/airflow/.local/lib/python3.12/site-packages/airflow/example_dags/tutorial.py took 0.125 seconds
[2025-03-31T06:57:20.278+0000] {processor.py:186} INFO - Started process (PID=4673) to work on /home/airflow/.local/lib/python3.12/site-packages/airflow/example_dags/tutorial.py
[2025-03-31T06:57:20.279+0000] {processor.py:914} INFO - Processing file /home/airflow/.local/lib/python3.12/site-packages/airflow/example_dags/tutorial.py for tasks to queue
[2025-03-31T06:57:20.282+0000] {logging_mixin.py:190} INFO - [2025-03-31T06:57:20.282+0000] {dagbag.py:588} INFO - Filling up the DagBag from /home/airflow/.local/lib/python3.12/site-packages/airflow/example_dags/tutorial.py
[2025-03-31T06:57:20.291+0000] {processor.py:925} INFO - DAG(s) 'tutorial' retrieved from /home/airflow/.local/lib/python3.12/site-packages/airflow/example_dags/tutorial.py
[2025-03-31T06:57:20.319+0000] {logging_mixin.py:190} INFO - [2025-03-31T06:57:20.319+0000] {dag.py:3239} INFO - Sync 1 DAGs
[2025-03-31T06:57:20.347+0000] {logging_mixin.py:190} INFO - [2025-03-31T06:57:20.347+0000] {dag.py:4180} INFO - Setting next_dagrun for tutorial to 2025-03-30 00:00:00+00:00, run_after=2025-03-31 00:00:00+00:00
[2025-03-31T06:57:20.370+0000] {processor.py:208} INFO - Processing /home/airflow/.local/lib/python3.12/site-packages/airflow/example_dags/tutorial.py took 0.098 seconds
[2025-03-31T06:57:50.715+0000] {processor.py:186} INFO - Started process (PID=4964) to work on /home/airflow/.local/lib/python3.12/site-packages/airflow/example_dags/tutorial.py
[2025-03-31T06:57:50.716+0000] {processor.py:914} INFO - Processing file /home/airflow/.local/lib/python3.12/site-packages/airflow/example_dags/tutorial.py for tasks to queue
[2025-03-31T06:57:50.719+0000] {logging_mixin.py:190} INFO - [2025-03-31T06:57:50.719+0000] {dagbag.py:588} INFO - Filling up the DagBag from /home/airflow/.local/lib/python3.12/site-packages/airflow/example_dags/tutorial.py
[2025-03-31T06:57:50.728+0000] {processor.py:925} INFO - DAG(s) 'tutorial' retrieved from /home/airflow/.local/lib/python3.12/site-packages/airflow/example_dags/tutorial.py
[2025-03-31T06:57:50.758+0000] {logging_mixin.py:190} INFO - [2025-03-31T06:57:50.758+0000] {dag.py:3239} INFO - Sync 1 DAGs
[2025-03-31T06:57:50.794+0000] {logging_mixin.py:190} INFO - [2025-03-31T06:57:50.793+0000] {dag.py:4180} INFO - Setting next_dagrun for tutorial to 2025-03-30 00:00:00+00:00, run_after=2025-03-31 00:00:00+00:00
[2025-03-31T06:57:50.822+0000] {processor.py:208} INFO - Processing /home/airflow/.local/lib/python3.12/site-packages/airflow/example_dags/tutorial.py took 0.114 seconds
[2025-03-31T06:58:21.279+0000] {processor.py:186} INFO - Started process (PID=5255) to work on /home/airflow/.local/lib/python3.12/site-packages/airflow/example_dags/tutorial.py
[2025-03-31T06:58:21.280+0000] {processor.py:914} INFO - Processing file /home/airflow/.local/lib/python3.12/site-packages/airflow/example_dags/tutorial.py for tasks to queue
[2025-03-31T06:58:21.285+0000] {logging_mixin.py:190} INFO - [2025-03-31T06:58:21.284+0000] {dagbag.py:588} INFO - Filling up the DagBag from /home/airflow/.local/lib/python3.12/site-packages/airflow/example_dags/tutorial.py
[2025-03-31T06:58:21.294+0000] {processor.py:925} INFO - DAG(s) 'tutorial' retrieved from /home/airflow/.local/lib/python3.12/site-packages/airflow/example_dags/tutorial.py
[2025-03-31T06:58:21.321+0000] {logging_mixin.py:190} INFO - [2025-03-31T06:58:21.320+0000] {dag.py:3239} INFO - Sync 1 DAGs
[2025-03-31T06:58:21.358+0000] {logging_mixin.py:190} INFO - [2025-03-31T06:58:21.357+0000] {dag.py:4180} INFO - Setting next_dagrun for tutorial to 2025-03-30 00:00:00+00:00, run_after=2025-03-31 00:00:00+00:00
[2025-03-31T06:58:21.384+0000] {processor.py:208} INFO - Processing /home/airflow/.local/lib/python3.12/site-packages/airflow/example_dags/tutorial.py took 0.112 seconds
[2025-03-31T06:58:51.644+0000] {processor.py:186} INFO - Started process (PID=5546) to work on /home/airflow/.local/lib/python3.12/site-packages/airflow/example_dags/tutorial.py
[2025-03-31T06:58:51.645+0000] {processor.py:914} INFO - Processing file /home/airflow/.local/lib/python3.12/site-packages/airflow/example_dags/tutorial.py for tasks to queue
[2025-03-31T06:58:51.648+0000] {logging_mixin.py:190} INFO - [2025-03-31T06:58:51.648+0000] {dagbag.py:588} INFO - Filling up the DagBag from /home/airflow/.local/lib/python3.12/site-packages/airflow/example_dags/tutorial.py
[2025-03-31T06:58:51.659+0000] {processor.py:925} INFO - DAG(s) 'tutorial' retrieved from /home/airflow/.local/lib/python3.12/site-packages/airflow/example_dags/tutorial.py
[2025-03-31T06:58:51.682+0000] {logging_mixin.py:190} INFO - [2025-03-31T06:58:51.682+0000] {dag.py:3239} INFO - Sync 1 DAGs
[2025-03-31T06:58:51.710+0000] {logging_mixin.py:190} INFO - [2025-03-31T06:58:51.710+0000] {dag.py:4180} INFO - Setting next_dagrun for tutorial to 2025-03-30 00:00:00+00:00, run_after=2025-03-31 00:00:00+00:00
[2025-03-31T06:58:51.732+0000] {processor.py:208} INFO - Processing /home/airflow/.local/lib/python3.12/site-packages/airflow/example_dags/tutorial.py took 0.094 seconds
[2025-03-31T06:59:21.948+0000] {processor.py:186} INFO - Started process (PID=5837) to work on /home/airflow/.local/lib/python3.12/site-packages/airflow/example_dags/tutorial.py
[2025-03-31T06:59:21.949+0000] {processor.py:914} INFO - Processing file /home/airflow/.local/lib/python3.12/site-packages/airflow/example_dags/tutorial.py for tasks to queue
[2025-03-31T06:59:21.952+0000] {logging_mixin.py:190} INFO - [2025-03-31T06:59:21.952+0000] {dagbag.py:588} INFO - Filling up the DagBag from /home/airflow/.local/lib/python3.12/site-packages/airflow/example_dags/tutorial.py
[2025-03-31T06:59:21.962+0000] {processor.py:925} INFO - DAG(s) 'tutorial' retrieved from /home/airflow/.local/lib/python3.12/site-packages/airflow/example_dags/tutorial.py
[2025-03-31T06:59:21.986+0000] {logging_mixin.py:190} INFO - [2025-03-31T06:59:21.986+0000] {dag.py:3239} INFO - Sync 1 DAGs
[2025-03-31T06:59:22.012+0000] {logging_mixin.py:190} INFO - [2025-03-31T06:59:22.012+0000] {dag.py:4180} INFO - Setting next_dagrun for tutorial to 2025-03-30 00:00:00+00:00, run_after=2025-03-31 00:00:00+00:00
[2025-03-31T06:59:22.035+0000] {processor.py:208} INFO - Processing /home/airflow/.local/lib/python3.12/site-packages/airflow/example_dags/tutorial.py took 0.094 seconds
[2025-03-31T06:59:52.539+0000] {processor.py:186} INFO - Started process (PID=6128) to work on /home/airflow/.local/lib/python3.12/site-packages/airflow/example_dags/tutorial.py
[2025-03-31T06:59:52.539+0000] {processor.py:914} INFO - Processing file /home/airflow/.local/lib/python3.12/site-packages/airflow/example_dags/tutorial.py for tasks to queue
[2025-03-31T06:59:52.542+0000] {logging_mixin.py:190} INFO - [2025-03-31T06:59:52.542+0000] {dagbag.py:588} INFO - Filling up the DagBag from /home/airflow/.local/lib/python3.12/site-packages/airflow/example_dags/tutorial.py
[2025-03-31T06:59:52.551+0000] {processor.py:925} INFO - DAG(s) 'tutorial' retrieved from /home/airflow/.local/lib/python3.12/site-packages/airflow/example_dags/tutorial.py
[2025-03-31T06:59:52.574+0000] {logging_mixin.py:190} INFO - [2025-03-31T06:59:52.573+0000] {dag.py:3239} INFO - Sync 1 DAGs
[2025-03-31T06:59:52.599+0000] {logging_mixin.py:190} INFO - [2025-03-31T06:59:52.599+0000] {dag.py:4180} INFO - Setting next_dagrun for tutorial to 2025-03-30 00:00:00+00:00, run_after=2025-03-31 00:00:00+00:00
[2025-03-31T06:59:52.620+0000] {processor.py:208} INFO - Processing /home/airflow/.local/lib/python3.12/site-packages/airflow/example_dags/tutorial.py took 0.088 seconds
[2025-03-31T07:00:23.021+0000] {processor.py:186} INFO - Started process (PID=6419) to work on /home/airflow/.local/lib/python3.12/site-packages/airflow/example_dags/tutorial.py
[2025-03-31T07:00:23.022+0000] {processor.py:914} INFO - Processing file /home/airflow/.local/lib/python3.12/site-packages/airflow/example_dags/tutorial.py for tasks to queue
[2025-03-31T07:00:23.024+0000] {logging_mixin.py:190} INFO - [2025-03-31T07:00:23.024+0000] {dagbag.py:588} INFO - Filling up the DagBag from /home/airflow/.local/lib/python3.12/site-packages/airflow/example_dags/tutorial.py
[2025-03-31T07:00:23.032+0000] {processor.py:925} INFO - DAG(s) 'tutorial' retrieved from /home/airflow/.local/lib/python3.12/site-packages/airflow/example_dags/tutorial.py
[2025-03-31T07:00:23.059+0000] {logging_mixin.py:190} INFO - [2025-03-31T07:00:23.059+0000] {dag.py:3239} INFO - Sync 1 DAGs
[2025-03-31T07:00:23.086+0000] {logging_mixin.py:190} INFO - [2025-03-31T07:00:23.086+0000] {dag.py:4180} INFO - Setting next_dagrun for tutorial to 2025-03-30 00:00:00+00:00, run_after=2025-03-31 00:00:00+00:00
[2025-03-31T07:00:23.107+0000] {processor.py:208} INFO - Processing /home/airflow/.local/lib/python3.12/site-packages/airflow/example_dags/tutorial.py took 0.093 seconds
[2025-03-31T07:00:53.350+0000] {processor.py:186} INFO - Started process (PID=6710) to work on /home/airflow/.local/lib/python3.12/site-packages/airflow/example_dags/tutorial.py
[2025-03-31T07:00:53.351+0000] {processor.py:914} INFO - Processing file /home/airflow/.local/lib/python3.12/site-packages/airflow/example_dags/tutorial.py for tasks to queue
[2025-03-31T07:00:53.355+0000] {logging_mixin.py:190} INFO - [2025-03-31T07:00:53.355+0000] {dagbag.py:588} INFO - Filling up the DagBag from /home/airflow/.local/lib/python3.12/site-packages/airflow/example_dags/tutorial.py
[2025-03-31T07:00:53.363+0000] {processor.py:925} INFO - DAG(s) 'tutorial' retrieved from /home/airflow/.local/lib/python3.12/site-packages/airflow/example_dags/tutorial.py
[2025-03-31T07:00:53.385+0000] {logging_mixin.py:190} INFO - [2025-03-31T07:00:53.384+0000] {dag.py:3239} INFO - Sync 1 DAGs
[2025-03-31T07:00:53.418+0000] {logging_mixin.py:190} INFO - [2025-03-31T07:00:53.417+0000] {dag.py:4180} INFO - Setting next_dagrun for tutorial to 2025-03-30 00:00:00+00:00, run_after=2025-03-31 00:00:00+00:00
[2025-03-31T07:00:53.435+0000] {processor.py:208} INFO - Processing /home/airflow/.local/lib/python3.12/site-packages/airflow/example_dags/tutorial.py took 0.091 seconds
[2025-03-31T07:01:24.185+0000] {processor.py:186} INFO - Started process (PID=7001) to work on /home/airflow/.local/lib/python3.12/site-packages/airflow/example_dags/tutorial.py
[2025-03-31T07:01:24.186+0000] {processor.py:914} INFO - Processing file /home/airflow/.local/lib/python3.12/site-packages/airflow/example_dags/tutorial.py for tasks to queue
[2025-03-31T07:01:24.189+0000] {logging_mixin.py:190} INFO - [2025-03-31T07:01:24.189+0000] {dagbag.py:588} INFO - Filling up the DagBag from /home/airflow/.local/lib/python3.12/site-packages/airflow/example_dags/tutorial.py
[2025-03-31T07:01:24.197+0000] {processor.py:925} INFO - DAG(s) 'tutorial' retrieved from /home/airflow/.local/lib/python3.12/site-packages/airflow/example_dags/tutorial.py
[2025-03-31T07:01:24.217+0000] {logging_mixin.py:190} INFO - [2025-03-31T07:01:24.217+0000] {dag.py:3239} INFO - Sync 1 DAGs
[2025-03-31T07:01:24.241+0000] {logging_mixin.py:190} INFO - [2025-03-31T07:01:24.240+0000] {dag.py:4180} INFO - Setting next_dagrun for tutorial to 2025-03-30 00:00:00+00:00, run_after=2025-03-31 00:00:00+00:00
[2025-03-31T07:01:24.258+0000] {processor.py:208} INFO - Processing /home/airflow/.local/lib/python3.12/site-packages/airflow/example_dags/tutorial.py took 0.079 seconds
[2025-03-31T07:01:54.605+0000] {processor.py:186} INFO - Started process (PID=7292) to work on /home/airflow/.local/lib/python3.12/site-packages/airflow/example_dags/tutorial.py
[2025-03-31T07:01:54.606+0000] {processor.py:914} INFO - Processing file /home/airflow/.local/lib/python3.12/site-packages/airflow/example_dags/tutorial.py for tasks to queue
[2025-03-31T07:01:54.608+0000] {logging_mixin.py:190} INFO - [2025-03-31T07:01:54.608+0000] {dagbag.py:588} INFO - Filling up the DagBag from /home/airflow/.local/lib/python3.12/site-packages/airflow/example_dags/tutorial.py
[2025-03-31T07:01:54.617+0000] {processor.py:925} INFO - DAG(s) 'tutorial' retrieved from /home/airflow/.local/lib/python3.12/site-packages/airflow/example_dags/tutorial.py
[2025-03-31T07:01:54.638+0000] {logging_mixin.py:190} INFO - [2025-03-31T07:01:54.637+0000] {dag.py:3239} INFO - Sync 1 DAGs
[2025-03-31T07:01:54.665+0000] {logging_mixin.py:190} INFO - [2025-03-31T07:01:54.665+0000] {dag.py:4180} INFO - Setting next_dagrun for tutorial to 2025-03-30 00:00:00+00:00, run_after=2025-03-31 00:00:00+00:00
[2025-03-31T07:01:54.684+0000] {processor.py:208} INFO - Processing /home/airflow/.local/lib/python3.12/site-packages/airflow/example_dags/tutorial.py took 0.085 seconds
[2025-03-31T07:02:25.349+0000] {processor.py:186} INFO - Started process (PID=7583) to work on /home/airflow/.local/lib/python3.12/site-packages/airflow/example_dags/tutorial.py
[2025-03-31T07:02:25.349+0000] {processor.py:914} INFO - Processing file /home/airflow/.local/lib/python3.12/site-packages/airflow/example_dags/tutorial.py for tasks to queue
[2025-03-31T07:02:25.352+0000] {logging_mixin.py:190} INFO - [2025-03-31T07:02:25.352+0000] {dagbag.py:588} INFO - Filling up the DagBag from /home/airflow/.local/lib/python3.12/site-packages/airflow/example_dags/tutorial.py
[2025-03-31T07:02:25.361+0000] {processor.py:925} INFO - DAG(s) 'tutorial' retrieved from /home/airflow/.local/lib/python3.12/site-packages/airflow/example_dags/tutorial.py
[2025-03-31T07:02:25.384+0000] {logging_mixin.py:190} INFO - [2025-03-31T07:02:25.383+0000] {dag.py:3239} INFO - Sync 1 DAGs
[2025-03-31T07:02:25.408+0000] {logging_mixin.py:190} INFO - [2025-03-31T07:02:25.408+0000] {dag.py:4180} INFO - Setting next_dagrun for tutorial to 2025-03-30 00:00:00+00:00, run_after=2025-03-31 00:00:00+00:00
[2025-03-31T07:02:25.428+0000] {processor.py:208} INFO - Processing /home/airflow/.local/lib/python3.12/site-packages/airflow/example_dags/tutorial.py took 0.086 seconds
[2025-03-31T07:02:55.659+0000] {processor.py:186} INFO - Started process (PID=7874) to work on /home/airflow/.local/lib/python3.12/site-packages/airflow/example_dags/tutorial.py
[2025-03-31T07:02:55.660+0000] {processor.py:914} INFO - Processing file /home/airflow/.local/lib/python3.12/site-packages/airflow/example_dags/tutorial.py for tasks to queue
[2025-03-31T07:02:55.663+0000] {logging_mixin.py:190} INFO - [2025-03-31T07:02:55.663+0000] {dagbag.py:588} INFO - Filling up the DagBag from /home/airflow/.local/lib/python3.12/site-packages/airflow/example_dags/tutorial.py
[2025-03-31T07:02:55.671+0000] {processor.py:925} INFO - DAG(s) 'tutorial' retrieved from /home/airflow/.local/lib/python3.12/site-packages/airflow/example_dags/tutorial.py
[2025-03-31T07:02:55.693+0000] {logging_mixin.py:190} INFO - [2025-03-31T07:02:55.692+0000] {dag.py:3239} INFO - Sync 1 DAGs
[2025-03-31T07:02:55.717+0000] {logging_mixin.py:190} INFO - [2025-03-31T07:02:55.716+0000] {dag.py:4180} INFO - Setting next_dagrun for tutorial to 2025-03-30 00:00:00+00:00, run_after=2025-03-31 00:00:00+00:00
[2025-03-31T07:02:55.735+0000] {processor.py:208} INFO - Processing /home/airflow/.local/lib/python3.12/site-packages/airflow/example_dags/tutorial.py took 0.082 seconds
[2025-03-31T07:03:26.179+0000] {processor.py:186} INFO - Started process (PID=8165) to work on /home/airflow/.local/lib/python3.12/site-packages/airflow/example_dags/tutorial.py
[2025-03-31T07:03:26.181+0000] {processor.py:914} INFO - Processing file /home/airflow/.local/lib/python3.12/site-packages/airflow/example_dags/tutorial.py for tasks to queue
[2025-03-31T07:03:26.184+0000] {logging_mixin.py:190} INFO - [2025-03-31T07:03:26.184+0000] {dagbag.py:588} INFO - Filling up the DagBag from /home/airflow/.local/lib/python3.12/site-packages/airflow/example_dags/tutorial.py
[2025-03-31T07:03:26.193+0000] {processor.py:925} INFO - DAG(s) 'tutorial' retrieved from /home/airflow/.local/lib/python3.12/site-packages/airflow/example_dags/tutorial.py
[2025-03-31T07:03:26.216+0000] {logging_mixin.py:190} INFO - [2025-03-31T07:03:26.216+0000] {dag.py:3239} INFO - Sync 1 DAGs
[2025-03-31T07:03:26.243+0000] {logging_mixin.py:190} INFO - [2025-03-31T07:03:26.243+0000] {dag.py:4180} INFO - Setting next_dagrun for tutorial to 2025-03-30 00:00:00+00:00, run_after=2025-03-31 00:00:00+00:00
[2025-03-31T07:03:26.265+0000] {processor.py:208} INFO - Processing /home/airflow/.local/lib/python3.12/site-packages/airflow/example_dags/tutorial.py took 0.092 seconds
[2025-03-31T07:03:57.170+0000] {processor.py:186} INFO - Started process (PID=8456) to work on /home/airflow/.local/lib/python3.12/site-packages/airflow/example_dags/tutorial.py
[2025-03-31T07:03:57.171+0000] {processor.py:914} INFO - Processing file /home/airflow/.local/lib/python3.12/site-packages/airflow/example_dags/tutorial.py for tasks to queue
[2025-03-31T07:03:57.175+0000] {logging_mixin.py:190} INFO - [2025-03-31T07:03:57.174+0000] {dagbag.py:588} INFO - Filling up the DagBag from /home/airflow/.local/lib/python3.12/site-packages/airflow/example_dags/tutorial.py
[2025-03-31T07:03:57.184+0000] {processor.py:925} INFO - DAG(s) 'tutorial' retrieved from /home/airflow/.local/lib/python3.12/site-packages/airflow/example_dags/tutorial.py
[2025-03-31T07:03:57.215+0000] {logging_mixin.py:190} INFO - [2025-03-31T07:03:57.215+0000] {dag.py:3239} INFO - Sync 1 DAGs
[2025-03-31T07:03:57.244+0000] {logging_mixin.py:190} INFO - [2025-03-31T07:03:57.244+0000] {dag.py:4180} INFO - Setting next_dagrun for tutorial to 2025-03-30 00:00:00+00:00, run_after=2025-03-31 00:00:00+00:00
[2025-03-31T07:03:57.264+0000] {processor.py:208} INFO - Processing /home/airflow/.local/lib/python3.12/site-packages/airflow/example_dags/tutorial.py took 0.100 seconds
[2025-03-31T07:04:27.660+0000] {processor.py:186} INFO - Started process (PID=8747) to work on /home/airflow/.local/lib/python3.12/site-packages/airflow/example_dags/tutorial.py
[2025-03-31T07:04:27.661+0000] {processor.py:914} INFO - Processing file /home/airflow/.local/lib/python3.12/site-packages/airflow/example_dags/tutorial.py for tasks to queue
[2025-03-31T07:04:27.664+0000] {logging_mixin.py:190} INFO - [2025-03-31T07:04:27.663+0000] {dagbag.py:588} INFO - Filling up the DagBag from /home/airflow/.local/lib/python3.12/site-packages/airflow/example_dags/tutorial.py
[2025-03-31T07:04:27.673+0000] {processor.py:925} INFO - DAG(s) 'tutorial' retrieved from /home/airflow/.local/lib/python3.12/site-packages/airflow/example_dags/tutorial.py
[2025-03-31T07:04:27.694+0000] {logging_mixin.py:190} INFO - [2025-03-31T07:04:27.694+0000] {dag.py:3239} INFO - Sync 1 DAGs
[2025-03-31T07:04:27.720+0000] {logging_mixin.py:190} INFO - [2025-03-31T07:04:27.720+0000] {dag.py:4180} INFO - Setting next_dagrun for tutorial to 2025-03-30 00:00:00+00:00, run_after=2025-03-31 00:00:00+00:00
[2025-03-31T07:04:27.738+0000] {processor.py:208} INFO - Processing /home/airflow/.local/lib/python3.12/site-packages/airflow/example_dags/tutorial.py took 0.085 seconds
[2025-03-31T07:04:57.926+0000] {processor.py:186} INFO - Started process (PID=9038) to work on /home/airflow/.local/lib/python3.12/site-packages/airflow/example_dags/tutorial.py
[2025-03-31T07:04:57.927+0000] {processor.py:914} INFO - Processing file /home/airflow/.local/lib/python3.12/site-packages/airflow/example_dags/tutorial.py for tasks to queue
[2025-03-31T07:04:57.930+0000] {logging_mixin.py:190} INFO - [2025-03-31T07:04:57.930+0000] {dagbag.py:588} INFO - Filling up the DagBag from /home/airflow/.local/lib/python3.12/site-packages/airflow/example_dags/tutorial.py
[2025-03-31T07:04:57.939+0000] {processor.py:925} INFO - DAG(s) 'tutorial' retrieved from /home/airflow/.local/lib/python3.12/site-packages/airflow/example_dags/tutorial.py
[2025-03-31T07:04:57.961+0000] {logging_mixin.py:190} INFO - [2025-03-31T07:04:57.961+0000] {dag.py:3239} INFO - Sync 1 DAGs
[2025-03-31T07:04:57.987+0000] {logging_mixin.py:190} INFO - [2025-03-31T07:04:57.986+0000] {dag.py:4180} INFO - Setting next_dagrun for tutorial to 2025-03-30 00:00:00+00:00, run_after=2025-03-31 00:00:00+00:00
[2025-03-31T07:04:58.007+0000] {processor.py:208} INFO - Processing /home/airflow/.local/lib/python3.12/site-packages/airflow/example_dags/tutorial.py took 0.087 seconds
[2025-03-31T07:05:28.120+0000] {processor.py:186} INFO - Started process (PID=9329) to work on /home/airflow/.local/lib/python3.12/site-packages/airflow/example_dags/tutorial.py
[2025-03-31T07:05:28.121+0000] {processor.py:914} INFO - Processing file /home/airflow/.local/lib/python3.12/site-packages/airflow/example_dags/tutorial.py for tasks to queue
[2025-03-31T07:05:28.124+0000] {logging_mixin.py:190} INFO - [2025-03-31T07:05:28.124+0000] {dagbag.py:588} INFO - Filling up the DagBag from /home/airflow/.local/lib/python3.12/site-packages/airflow/example_dags/tutorial.py
[2025-03-31T07:05:28.134+0000] {processor.py:925} INFO - DAG(s) 'tutorial' retrieved from /home/airflow/.local/lib/python3.12/site-packages/airflow/example_dags/tutorial.py
[2025-03-31T07:05:28.156+0000] {logging_mixin.py:190} INFO - [2025-03-31T07:05:28.155+0000] {dag.py:3239} INFO - Sync 1 DAGs
[2025-03-31T07:05:28.182+0000] {logging_mixin.py:190} INFO - [2025-03-31T07:05:28.182+0000] {dag.py:4180} INFO - Setting next_dagrun for tutorial to 2025-03-30 00:00:00+00:00, run_after=2025-03-31 00:00:00+00:00
[2025-03-31T07:05:28.202+0000] {processor.py:208} INFO - Processing /home/airflow/.local/lib/python3.12/site-packages/airflow/example_dags/tutorial.py took 0.088 seconds
[2025-03-31T07:05:58.244+0000] {processor.py:186} INFO - Started process (PID=9617) to work on /home/airflow/.local/lib/python3.12/site-packages/airflow/example_dags/tutorial.py
[2025-03-31T07:05:58.245+0000] {processor.py:914} INFO - Processing file /home/airflow/.local/lib/python3.12/site-packages/airflow/example_dags/tutorial.py for tasks to queue
[2025-03-31T07:05:58.248+0000] {logging_mixin.py:190} INFO - [2025-03-31T07:05:58.248+0000] {dagbag.py:588} INFO - Filling up the DagBag from /home/airflow/.local/lib/python3.12/site-packages/airflow/example_dags/tutorial.py
[2025-03-31T07:05:58.257+0000] {processor.py:925} INFO - DAG(s) 'tutorial' retrieved from /home/airflow/.local/lib/python3.12/site-packages/airflow/example_dags/tutorial.py
[2025-03-31T07:05:58.278+0000] {logging_mixin.py:190} INFO - [2025-03-31T07:05:58.278+0000] {dag.py:3239} INFO - Sync 1 DAGs
[2025-03-31T07:05:58.302+0000] {logging_mixin.py:190} INFO - [2025-03-31T07:05:58.301+0000] {dag.py:4180} INFO - Setting next_dagrun for tutorial to 2025-03-30 00:00:00+00:00, run_after=2025-03-31 00:00:00+00:00
[2025-03-31T07:05:58.321+0000] {processor.py:208} INFO - Processing /home/airflow/.local/lib/python3.12/site-packages/airflow/example_dags/tutorial.py took 0.083 seconds
[2025-03-31T07:06:28.355+0000] {processor.py:186} INFO - Started process (PID=9908) to work on /home/airflow/.local/lib/python3.12/site-packages/airflow/example_dags/tutorial.py
[2025-03-31T07:06:28.356+0000] {processor.py:914} INFO - Processing file /home/airflow/.local/lib/python3.12/site-packages/airflow/example_dags/tutorial.py for tasks to queue
[2025-03-31T07:06:28.359+0000] {logging_mixin.py:190} INFO - [2025-03-31T07:06:28.359+0000] {dagbag.py:588} INFO - Filling up the DagBag from /home/airflow/.local/lib/python3.12/site-packages/airflow/example_dags/tutorial.py
[2025-03-31T07:06:28.367+0000] {processor.py:925} INFO - DAG(s) 'tutorial' retrieved from /home/airflow/.local/lib/python3.12/site-packages/airflow/example_dags/tutorial.py
[2025-03-31T07:06:28.386+0000] {logging_mixin.py:190} INFO - [2025-03-31T07:06:28.386+0000] {dag.py:3239} INFO - Sync 1 DAGs
[2025-03-31T07:06:28.409+0000] {logging_mixin.py:190} INFO - [2025-03-31T07:06:28.409+0000] {dag.py:4180} INFO - Setting next_dagrun for tutorial to 2025-03-30 00:00:00+00:00, run_after=2025-03-31 00:00:00+00:00
[2025-03-31T07:06:28.427+0000] {processor.py:208} INFO - Processing /home/airflow/.local/lib/python3.12/site-packages/airflow/example_dags/tutorial.py took 0.077 seconds
[2025-03-31T07:06:58.953+0000] {processor.py:186} INFO - Started process (PID=10197) to work on /home/airflow/.local/lib/python3.12/site-packages/airflow/example_dags/tutorial.py
[2025-03-31T07:06:58.954+0000] {processor.py:914} INFO - Processing file /home/airflow/.local/lib/python3.12/site-packages/airflow/example_dags/tutorial.py for tasks to queue
[2025-03-31T07:06:58.956+0000] {logging_mixin.py:190} INFO - [2025-03-31T07:06:58.956+0000] {dagbag.py:588} INFO - Filling up the DagBag from /home/airflow/.local/lib/python3.12/site-packages/airflow/example_dags/tutorial.py
[2025-03-31T07:06:58.965+0000] {processor.py:925} INFO - DAG(s) 'tutorial' retrieved from /home/airflow/.local/lib/python3.12/site-packages/airflow/example_dags/tutorial.py
[2025-03-31T07:06:58.988+0000] {logging_mixin.py:190} INFO - [2025-03-31T07:06:58.988+0000] {dag.py:3239} INFO - Sync 1 DAGs
[2025-03-31T07:06:59.011+0000] {logging_mixin.py:190} INFO - [2025-03-31T07:06:59.011+0000] {dag.py:4180} INFO - Setting next_dagrun for tutorial to 2025-03-30 00:00:00+00:00, run_after=2025-03-31 00:00:00+00:00
[2025-03-31T07:06:59.030+0000] {processor.py:208} INFO - Processing /home/airflow/.local/lib/python3.12/site-packages/airflow/example_dags/tutorial.py took 0.084 seconds
[2025-03-31T07:07:29.723+0000] {processor.py:186} INFO - Started process (PID=10488) to work on /home/airflow/.local/lib/python3.12/site-packages/airflow/example_dags/tutorial.py
[2025-03-31T07:07:29.725+0000] {processor.py:914} INFO - Processing file /home/airflow/.local/lib/python3.12/site-packages/airflow/example_dags/tutorial.py for tasks to queue
[2025-03-31T07:07:29.727+0000] {logging_mixin.py:190} INFO - [2025-03-31T07:07:29.727+0000] {dagbag.py:588} INFO - Filling up the DagBag from /home/airflow/.local/lib/python3.12/site-packages/airflow/example_dags/tutorial.py
[2025-03-31T07:07:29.736+0000] {processor.py:925} INFO - DAG(s) 'tutorial' retrieved from /home/airflow/.local/lib/python3.12/site-packages/airflow/example_dags/tutorial.py
[2025-03-31T07:07:29.756+0000] {logging_mixin.py:190} INFO - [2025-03-31T07:07:29.756+0000] {dag.py:3239} INFO - Sync 1 DAGs
[2025-03-31T07:07:29.779+0000] {logging_mixin.py:190} INFO - [2025-03-31T07:07:29.779+0000] {dag.py:4180} INFO - Setting next_dagrun for tutorial to 2025-03-30 00:00:00+00:00, run_after=2025-03-31 00:00:00+00:00
[2025-03-31T07:07:29.800+0000] {processor.py:208} INFO - Processing /home/airflow/.local/lib/python3.12/site-packages/airflow/example_dags/tutorial.py took 0.082 seconds
[2025-03-31T07:08:00.068+0000] {processor.py:186} INFO - Started process (PID=10774) to work on /home/airflow/.local/lib/python3.12/site-packages/airflow/example_dags/tutorial.py
[2025-03-31T07:08:00.069+0000] {processor.py:914} INFO - Processing file /home/airflow/.local/lib/python3.12/site-packages/airflow/example_dags/tutorial.py for tasks to queue
[2025-03-31T07:08:00.073+0000] {logging_mixin.py:190} INFO - [2025-03-31T07:08:00.072+0000] {dagbag.py:588} INFO - Filling up the DagBag from /home/airflow/.local/lib/python3.12/site-packages/airflow/example_dags/tutorial.py
[2025-03-31T07:08:00.082+0000] {processor.py:925} INFO - DAG(s) 'tutorial' retrieved from /home/airflow/.local/lib/python3.12/site-packages/airflow/example_dags/tutorial.py
[2025-03-31T07:08:00.105+0000] {logging_mixin.py:190} INFO - [2025-03-31T07:08:00.105+0000] {dag.py:3239} INFO - Sync 1 DAGs
[2025-03-31T07:08:00.130+0000] {logging_mixin.py:190} INFO - [2025-03-31T07:08:00.130+0000] {dag.py:4180} INFO - Setting next_dagrun for tutorial to 2025-03-30 00:00:00+00:00, run_after=2025-03-31 00:00:00+00:00
[2025-03-31T07:08:00.150+0000] {processor.py:208} INFO - Processing /home/airflow/.local/lib/python3.12/site-packages/airflow/example_dags/tutorial.py took 0.089 seconds
[2025-03-31T07:08:31.831+0000] {processor.py:186} INFO - Started process (PID=11055) to work on /home/airflow/.local/lib/python3.12/site-packages/airflow/example_dags/tutorial.py
[2025-03-31T07:08:31.832+0000] {processor.py:914} INFO - Processing file /home/airflow/.local/lib/python3.12/site-packages/airflow/example_dags/tutorial.py for tasks to queue
[2025-03-31T07:08:31.834+0000] {logging_mixin.py:190} INFO - [2025-03-31T07:08:31.834+0000] {dagbag.py:588} INFO - Filling up the DagBag from /home/airflow/.local/lib/python3.12/site-packages/airflow/example_dags/tutorial.py
[2025-03-31T07:08:31.843+0000] {processor.py:925} INFO - DAG(s) 'tutorial' retrieved from /home/airflow/.local/lib/python3.12/site-packages/airflow/example_dags/tutorial.py
[2025-03-31T07:08:31.864+0000] {logging_mixin.py:190} INFO - [2025-03-31T07:08:31.864+0000] {dag.py:3239} INFO - Sync 1 DAGs
[2025-03-31T07:08:31.888+0000] {logging_mixin.py:190} INFO - [2025-03-31T07:08:31.888+0000] {dag.py:4180} INFO - Setting next_dagrun for tutorial to 2025-03-30 00:00:00+00:00, run_after=2025-03-31 00:00:00+00:00
[2025-03-31T07:08:31.910+0000] {processor.py:208} INFO - Processing /home/airflow/.local/lib/python3.12/site-packages/airflow/example_dags/tutorial.py took 0.086 seconds
[2025-03-31T07:09:02.659+0000] {processor.py:186} INFO - Started process (PID=11286) to work on /home/airflow/.local/lib/python3.12/site-packages/airflow/example_dags/tutorial.py
[2025-03-31T07:09:02.660+0000] {processor.py:914} INFO - Processing file /home/airflow/.local/lib/python3.12/site-packages/airflow/example_dags/tutorial.py for tasks to queue
[2025-03-31T07:09:02.663+0000] {logging_mixin.py:190} INFO - [2025-03-31T07:09:02.663+0000] {dagbag.py:588} INFO - Filling up the DagBag from /home/airflow/.local/lib/python3.12/site-packages/airflow/example_dags/tutorial.py
[2025-03-31T07:09:02.672+0000] {processor.py:925} INFO - DAG(s) 'tutorial' retrieved from /home/airflow/.local/lib/python3.12/site-packages/airflow/example_dags/tutorial.py
[2025-03-31T07:09:02.694+0000] {logging_mixin.py:190} INFO - [2025-03-31T07:09:02.694+0000] {dag.py:3239} INFO - Sync 1 DAGs
[2025-03-31T07:09:02.720+0000] {logging_mixin.py:190} INFO - [2025-03-31T07:09:02.720+0000] {dag.py:4180} INFO - Setting next_dagrun for tutorial to 2025-03-30 00:00:00+00:00, run_after=2025-03-31 00:00:00+00:00
[2025-03-31T07:09:02.738+0000] {processor.py:208} INFO - Processing /home/airflow/.local/lib/python3.12/site-packages/airflow/example_dags/tutorial.py took 0.085 seconds
[2025-03-31T07:09:33.215+0000] {processor.py:186} INFO - Started process (PID=11567) to work on /home/airflow/.local/lib/python3.12/site-packages/airflow/example_dags/tutorial.py
[2025-03-31T07:09:33.216+0000] {processor.py:914} INFO - Processing file /home/airflow/.local/lib/python3.12/site-packages/airflow/example_dags/tutorial.py for tasks to queue
[2025-03-31T07:09:33.219+0000] {logging_mixin.py:190} INFO - [2025-03-31T07:09:33.218+0000] {dagbag.py:588} INFO - Filling up the DagBag from /home/airflow/.local/lib/python3.12/site-packages/airflow/example_dags/tutorial.py
[2025-03-31T07:09:33.227+0000] {processor.py:925} INFO - DAG(s) 'tutorial' retrieved from /home/airflow/.local/lib/python3.12/site-packages/airflow/example_dags/tutorial.py
[2025-03-31T07:09:33.247+0000] {logging_mixin.py:190} INFO - [2025-03-31T07:09:33.247+0000] {dag.py:3239} INFO - Sync 1 DAGs
[2025-03-31T07:09:33.270+0000] {logging_mixin.py:190} INFO - [2025-03-31T07:09:33.270+0000] {dag.py:4180} INFO - Setting next_dagrun for tutorial to 2025-03-30 00:00:00+00:00, run_after=2025-03-31 00:00:00+00:00
[2025-03-31T07:09:33.289+0000] {processor.py:208} INFO - Processing /home/airflow/.local/lib/python3.12/site-packages/airflow/example_dags/tutorial.py took 0.080 seconds
[2025-03-31T07:10:04.166+0000] {processor.py:186} INFO - Started process (PID=11858) to work on /home/airflow/.local/lib/python3.12/site-packages/airflow/example_dags/tutorial.py
[2025-03-31T07:10:04.167+0000] {processor.py:914} INFO - Processing file /home/airflow/.local/lib/python3.12/site-packages/airflow/example_dags/tutorial.py for tasks to queue
[2025-03-31T07:10:04.169+0000] {logging_mixin.py:190} INFO - [2025-03-31T07:10:04.169+0000] {dagbag.py:588} INFO - Filling up the DagBag from /home/airflow/.local/lib/python3.12/site-packages/airflow/example_dags/tutorial.py
[2025-03-31T07:10:04.178+0000] {processor.py:925} INFO - DAG(s) 'tutorial' retrieved from /home/airflow/.local/lib/python3.12/site-packages/airflow/example_dags/tutorial.py
[2025-03-31T07:10:04.199+0000] {logging_mixin.py:190} INFO - [2025-03-31T07:10:04.198+0000] {dag.py:3239} INFO - Sync 1 DAGs
[2025-03-31T07:10:04.225+0000] {logging_mixin.py:190} INFO - [2025-03-31T07:10:04.225+0000] {dag.py:4180} INFO - Setting next_dagrun for tutorial to 2025-03-30 00:00:00+00:00, run_after=2025-03-31 00:00:00+00:00
[2025-03-31T07:10:04.243+0000] {processor.py:208} INFO - Processing /home/airflow/.local/lib/python3.12/site-packages/airflow/example_dags/tutorial.py took 0.083 seconds
[2025-03-31T07:10:34.955+0000] {processor.py:186} INFO - Started process (PID=12139) to work on /home/airflow/.local/lib/python3.12/site-packages/airflow/example_dags/tutorial.py
[2025-03-31T07:10:34.956+0000] {processor.py:914} INFO - Processing file /home/airflow/.local/lib/python3.12/site-packages/airflow/example_dags/tutorial.py for tasks to queue
[2025-03-31T07:10:34.959+0000] {logging_mixin.py:190} INFO - [2025-03-31T07:10:34.959+0000] {dagbag.py:588} INFO - Filling up the DagBag from /home/airflow/.local/lib/python3.12/site-packages/airflow/example_dags/tutorial.py
[2025-03-31T07:10:34.967+0000] {processor.py:925} INFO - DAG(s) 'tutorial' retrieved from /home/airflow/.local/lib/python3.12/site-packages/airflow/example_dags/tutorial.py
[2025-03-31T07:10:34.988+0000] {logging_mixin.py:190} INFO - [2025-03-31T07:10:34.987+0000] {dag.py:3239} INFO - Sync 1 DAGs
[2025-03-31T07:10:35.011+0000] {logging_mixin.py:190} INFO - [2025-03-31T07:10:35.011+0000] {dag.py:4180} INFO - Setting next_dagrun for tutorial to 2025-03-30 00:00:00+00:00, run_after=2025-03-31 00:00:00+00:00
[2025-03-31T07:10:35.028+0000] {processor.py:208} INFO - Processing /home/airflow/.local/lib/python3.12/site-packages/airflow/example_dags/tutorial.py took 0.080 seconds
[2025-03-31T07:11:05.532+0000] {processor.py:186} INFO - Started process (PID=12430) to work on /home/airflow/.local/lib/python3.12/site-packages/airflow/example_dags/tutorial.py
[2025-03-31T07:11:05.533+0000] {processor.py:914} INFO - Processing file /home/airflow/.local/lib/python3.12/site-packages/airflow/example_dags/tutorial.py for tasks to queue
[2025-03-31T07:11:05.535+0000] {logging_mixin.py:190} INFO - [2025-03-31T07:11:05.535+0000] {dagbag.py:588} INFO - Filling up the DagBag from /home/airflow/.local/lib/python3.12/site-packages/airflow/example_dags/tutorial.py
[2025-03-31T07:11:05.543+0000] {processor.py:925} INFO - DAG(s) 'tutorial' retrieved from /home/airflow/.local/lib/python3.12/site-packages/airflow/example_dags/tutorial.py
[2025-03-31T07:11:05.563+0000] {logging_mixin.py:190} INFO - [2025-03-31T07:11:05.563+0000] {dag.py:3239} INFO - Sync 1 DAGs
[2025-03-31T07:11:05.586+0000] {logging_mixin.py:190} INFO - [2025-03-31T07:11:05.586+0000] {dag.py:4180} INFO - Setting next_dagrun for tutorial to 2025-03-30 00:00:00+00:00, run_after=2025-03-31 00:00:00+00:00
[2025-03-31T07:11:05.603+0000] {processor.py:208} INFO - Processing /home/airflow/.local/lib/python3.12/site-packages/airflow/example_dags/tutorial.py took 0.078 seconds
[2025-03-31T07:11:35.816+0000] {processor.py:186} INFO - Started process (PID=12723) to work on /home/airflow/.local/lib/python3.12/site-packages/airflow/example_dags/tutorial.py
[2025-03-31T07:11:35.817+0000] {processor.py:914} INFO - Processing file /home/airflow/.local/lib/python3.12/site-packages/airflow/example_dags/tutorial.py for tasks to queue
[2025-03-31T07:11:35.819+0000] {logging_mixin.py:190} INFO - [2025-03-31T07:11:35.819+0000] {dagbag.py:588} INFO - Filling up the DagBag from /home/airflow/.local/lib/python3.12/site-packages/airflow/example_dags/tutorial.py
[2025-03-31T07:11:35.827+0000] {processor.py:925} INFO - DAG(s) 'tutorial' retrieved from /home/airflow/.local/lib/python3.12/site-packages/airflow/example_dags/tutorial.py
[2025-03-31T07:11:35.848+0000] {logging_mixin.py:190} INFO - [2025-03-31T07:11:35.848+0000] {dag.py:3239} INFO - Sync 1 DAGs
[2025-03-31T07:11:35.871+0000] {logging_mixin.py:190} INFO - [2025-03-31T07:11:35.871+0000] {dag.py:4180} INFO - Setting next_dagrun for tutorial to 2025-03-30 00:00:00+00:00, run_after=2025-03-31 00:00:00+00:00
[2025-03-31T07:11:35.888+0000] {processor.py:208} INFO - Processing /home/airflow/.local/lib/python3.12/site-packages/airflow/example_dags/tutorial.py took 0.078 seconds
[2025-03-31T07:12:06.619+0000] {processor.py:186} INFO - Started process (PID=13014) to work on /home/airflow/.local/lib/python3.12/site-packages/airflow/example_dags/tutorial.py
[2025-03-31T07:12:06.620+0000] {processor.py:914} INFO - Processing file /home/airflow/.local/lib/python3.12/site-packages/airflow/example_dags/tutorial.py for tasks to queue
[2025-03-31T07:12:06.623+0000] {logging_mixin.py:190} INFO - [2025-03-31T07:12:06.623+0000] {dagbag.py:588} INFO - Filling up the DagBag from /home/airflow/.local/lib/python3.12/site-packages/airflow/example_dags/tutorial.py
[2025-03-31T07:12:06.632+0000] {processor.py:925} INFO - DAG(s) 'tutorial' retrieved from /home/airflow/.local/lib/python3.12/site-packages/airflow/example_dags/tutorial.py
[2025-03-31T07:12:06.653+0000] {logging_mixin.py:190} INFO - [2025-03-31T07:12:06.653+0000] {dag.py:3239} INFO - Sync 1 DAGs
[2025-03-31T07:12:06.679+0000] {logging_mixin.py:190} INFO - [2025-03-31T07:12:06.679+0000] {dag.py:4180} INFO - Setting next_dagrun for tutorial to 2025-03-30 00:00:00+00:00, run_after=2025-03-31 00:00:00+00:00
[2025-03-31T07:12:06.698+0000] {processor.py:208} INFO - Processing /home/airflow/.local/lib/python3.12/site-packages/airflow/example_dags/tutorial.py took 0.086 seconds
[2025-03-31T07:12:37.179+0000] {processor.py:186} INFO - Started process (PID=13303) to work on /home/airflow/.local/lib/python3.12/site-packages/airflow/example_dags/tutorial.py
[2025-03-31T07:12:37.180+0000] {processor.py:914} INFO - Processing file /home/airflow/.local/lib/python3.12/site-packages/airflow/example_dags/tutorial.py for tasks to queue
[2025-03-31T07:12:37.182+0000] {logging_mixin.py:190} INFO - [2025-03-31T07:12:37.182+0000] {dagbag.py:588} INFO - Filling up the DagBag from /home/airflow/.local/lib/python3.12/site-packages/airflow/example_dags/tutorial.py
[2025-03-31T07:12:37.191+0000] {processor.py:925} INFO - DAG(s) 'tutorial' retrieved from /home/airflow/.local/lib/python3.12/site-packages/airflow/example_dags/tutorial.py
[2025-03-31T07:12:37.212+0000] {logging_mixin.py:190} INFO - [2025-03-31T07:12:37.212+0000] {dag.py:3239} INFO - Sync 1 DAGs
[2025-03-31T07:12:37.236+0000] {logging_mixin.py:190} INFO - [2025-03-31T07:12:37.236+0000] {dag.py:4180} INFO - Setting next_dagrun for tutorial to 2025-03-30 00:00:00+00:00, run_after=2025-03-31 00:00:00+00:00
[2025-03-31T07:12:37.254+0000] {processor.py:208} INFO - Processing /home/airflow/.local/lib/python3.12/site-packages/airflow/example_dags/tutorial.py took 0.082 seconds
[2025-03-31T07:13:07.834+0000] {processor.py:186} INFO - Started process (PID=13589) to work on /home/airflow/.local/lib/python3.12/site-packages/airflow/example_dags/tutorial.py
[2025-03-31T07:13:07.836+0000] {processor.py:914} INFO - Processing file /home/airflow/.local/lib/python3.12/site-packages/airflow/example_dags/tutorial.py for tasks to queue
[2025-03-31T07:13:07.838+0000] {logging_mixin.py:190} INFO - [2025-03-31T07:13:07.838+0000] {dagbag.py:588} INFO - Filling up the DagBag from /home/airflow/.local/lib/python3.12/site-packages/airflow/example_dags/tutorial.py
[2025-03-31T07:13:07.847+0000] {processor.py:925} INFO - DAG(s) 'tutorial' retrieved from /home/airflow/.local/lib/python3.12/site-packages/airflow/example_dags/tutorial.py
[2025-03-31T07:13:07.870+0000] {logging_mixin.py:190} INFO - [2025-03-31T07:13:07.870+0000] {dag.py:3239} INFO - Sync 1 DAGs
[2025-03-31T07:13:07.900+0000] {logging_mixin.py:190} INFO - [2025-03-31T07:13:07.900+0000] {dag.py:4180} INFO - Setting next_dagrun for tutorial to 2025-03-30 00:00:00+00:00, run_after=2025-03-31 00:00:00+00:00
[2025-03-31T07:13:07.923+0000] {processor.py:208} INFO - Processing /home/airflow/.local/lib/python3.12/site-packages/airflow/example_dags/tutorial.py took 0.095 seconds
[2025-03-31T07:13:38.598+0000] {processor.py:186} INFO - Started process (PID=13880) to work on /home/airflow/.local/lib/python3.12/site-packages/airflow/example_dags/tutorial.py
[2025-03-31T07:13:38.599+0000] {processor.py:914} INFO - Processing file /home/airflow/.local/lib/python3.12/site-packages/airflow/example_dags/tutorial.py for tasks to queue
[2025-03-31T07:13:38.601+0000] {logging_mixin.py:190} INFO - [2025-03-31T07:13:38.601+0000] {dagbag.py:588} INFO - Filling up the DagBag from /home/airflow/.local/lib/python3.12/site-packages/airflow/example_dags/tutorial.py
[2025-03-31T07:13:38.610+0000] {processor.py:925} INFO - DAG(s) 'tutorial' retrieved from /home/airflow/.local/lib/python3.12/site-packages/airflow/example_dags/tutorial.py
[2025-03-31T07:13:38.634+0000] {logging_mixin.py:190} INFO - [2025-03-31T07:13:38.633+0000] {dag.py:3239} INFO - Sync 1 DAGs
[2025-03-31T07:13:38.665+0000] {logging_mixin.py:190} INFO - [2025-03-31T07:13:38.665+0000] {dag.py:4180} INFO - Setting next_dagrun for tutorial to 2025-03-30 00:00:00+00:00, run_after=2025-03-31 00:00:00+00:00
[2025-03-31T07:13:38.691+0000] {processor.py:208} INFO - Processing /home/airflow/.local/lib/python3.12/site-packages/airflow/example_dags/tutorial.py took 0.099 seconds
[2025-03-31T07:14:09.064+0000] {processor.py:186} INFO - Started process (PID=14168) to work on /home/airflow/.local/lib/python3.12/site-packages/airflow/example_dags/tutorial.py
[2025-03-31T07:14:09.065+0000] {processor.py:914} INFO - Processing file /home/airflow/.local/lib/python3.12/site-packages/airflow/example_dags/tutorial.py for tasks to queue
[2025-03-31T07:14:09.068+0000] {logging_mixin.py:190} INFO - [2025-03-31T07:14:09.067+0000] {dagbag.py:588} INFO - Filling up the DagBag from /home/airflow/.local/lib/python3.12/site-packages/airflow/example_dags/tutorial.py
[2025-03-31T07:14:09.077+0000] {processor.py:925} INFO - DAG(s) 'tutorial' retrieved from /home/airflow/.local/lib/python3.12/site-packages/airflow/example_dags/tutorial.py
[2025-03-31T07:14:09.099+0000] {logging_mixin.py:190} INFO - [2025-03-31T07:14:09.099+0000] {dag.py:3239} INFO - Sync 1 DAGs
[2025-03-31T07:14:09.126+0000] {logging_mixin.py:190} INFO - [2025-03-31T07:14:09.126+0000] {dag.py:4180} INFO - Setting next_dagrun for tutorial to 2025-03-30 00:00:00+00:00, run_after=2025-03-31 00:00:00+00:00
[2025-03-31T07:14:09.146+0000] {processor.py:208} INFO - Processing /home/airflow/.local/lib/python3.12/site-packages/airflow/example_dags/tutorial.py took 0.088 seconds
[2025-03-31T07:14:39.516+0000] {processor.py:186} INFO - Started process (PID=14459) to work on /home/airflow/.local/lib/python3.12/site-packages/airflow/example_dags/tutorial.py
[2025-03-31T07:14:39.517+0000] {processor.py:914} INFO - Processing file /home/airflow/.local/lib/python3.12/site-packages/airflow/example_dags/tutorial.py for tasks to queue
[2025-03-31T07:14:39.520+0000] {logging_mixin.py:190} INFO - [2025-03-31T07:14:39.520+0000] {dagbag.py:588} INFO - Filling up the DagBag from /home/airflow/.local/lib/python3.12/site-packages/airflow/example_dags/tutorial.py
[2025-03-31T07:14:39.529+0000] {processor.py:925} INFO - DAG(s) 'tutorial' retrieved from /home/airflow/.local/lib/python3.12/site-packages/airflow/example_dags/tutorial.py
[2025-03-31T07:14:39.551+0000] {logging_mixin.py:190} INFO - [2025-03-31T07:14:39.551+0000] {dag.py:3239} INFO - Sync 1 DAGs
[2025-03-31T07:14:39.576+0000] {logging_mixin.py:190} INFO - [2025-03-31T07:14:39.576+0000] {dag.py:4180} INFO - Setting next_dagrun for tutorial to 2025-03-30 00:00:00+00:00, run_after=2025-03-31 00:00:00+00:00
[2025-03-31T07:14:39.596+0000] {processor.py:208} INFO - Processing /home/airflow/.local/lib/python3.12/site-packages/airflow/example_dags/tutorial.py took 0.086 seconds
[2025-03-31T07:15:10.573+0000] {processor.py:186} INFO - Started process (PID=14750) to work on /home/airflow/.local/lib/python3.12/site-packages/airflow/example_dags/tutorial.py
[2025-03-31T07:15:10.574+0000] {processor.py:914} INFO - Processing file /home/airflow/.local/lib/python3.12/site-packages/airflow/example_dags/tutorial.py for tasks to queue
[2025-03-31T07:15:10.578+0000] {logging_mixin.py:190} INFO - [2025-03-31T07:15:10.577+0000] {dagbag.py:588} INFO - Filling up the DagBag from /home/airflow/.local/lib/python3.12/site-packages/airflow/example_dags/tutorial.py
[2025-03-31T07:15:10.588+0000] {processor.py:925} INFO - DAG(s) 'tutorial' retrieved from /home/airflow/.local/lib/python3.12/site-packages/airflow/example_dags/tutorial.py
[2025-03-31T07:15:10.612+0000] {logging_mixin.py:190} INFO - [2025-03-31T07:15:10.612+0000] {dag.py:3239} INFO - Sync 1 DAGs
[2025-03-31T07:15:10.637+0000] {logging_mixin.py:190} INFO - [2025-03-31T07:15:10.637+0000] {dag.py:4180} INFO - Setting next_dagrun for tutorial to 2025-03-30 00:00:00+00:00, run_after=2025-03-31 00:00:00+00:00
[2025-03-31T07:15:10.656+0000] {processor.py:208} INFO - Processing /home/airflow/.local/lib/python3.12/site-packages/airflow/example_dags/tutorial.py took 0.091 seconds
[2025-03-31T07:15:40.699+0000] {processor.py:186} INFO - Started process (PID=15039) to work on /home/airflow/.local/lib/python3.12/site-packages/airflow/example_dags/tutorial.py
[2025-03-31T07:15:40.700+0000] {processor.py:914} INFO - Processing file /home/airflow/.local/lib/python3.12/site-packages/airflow/example_dags/tutorial.py for tasks to queue
[2025-03-31T07:15:40.703+0000] {logging_mixin.py:190} INFO - [2025-03-31T07:15:40.702+0000] {dagbag.py:588} INFO - Filling up the DagBag from /home/airflow/.local/lib/python3.12/site-packages/airflow/example_dags/tutorial.py
[2025-03-31T07:15:40.712+0000] {processor.py:925} INFO - DAG(s) 'tutorial' retrieved from /home/airflow/.local/lib/python3.12/site-packages/airflow/example_dags/tutorial.py
[2025-03-31T07:15:40.738+0000] {logging_mixin.py:190} INFO - [2025-03-31T07:15:40.738+0000] {dag.py:3239} INFO - Sync 1 DAGs
[2025-03-31T07:15:40.764+0000] {logging_mixin.py:190} INFO - [2025-03-31T07:15:40.764+0000] {dag.py:4180} INFO - Setting next_dagrun for tutorial to 2025-03-30 00:00:00+00:00, run_after=2025-03-31 00:00:00+00:00
[2025-03-31T07:15:40.783+0000] {processor.py:208} INFO - Processing /home/airflow/.local/lib/python3.12/site-packages/airflow/example_dags/tutorial.py took 0.091 seconds
[2025-03-31T07:16:10.977+0000] {processor.py:186} INFO - Started process (PID=15332) to work on /home/airflow/.local/lib/python3.12/site-packages/airflow/example_dags/tutorial.py
[2025-03-31T07:16:10.978+0000] {processor.py:914} INFO - Processing file /home/airflow/.local/lib/python3.12/site-packages/airflow/example_dags/tutorial.py for tasks to queue
[2025-03-31T07:16:10.981+0000] {logging_mixin.py:190} INFO - [2025-03-31T07:16:10.981+0000] {dagbag.py:588} INFO - Filling up the DagBag from /home/airflow/.local/lib/python3.12/site-packages/airflow/example_dags/tutorial.py
[2025-03-31T07:16:10.990+0000] {processor.py:925} INFO - DAG(s) 'tutorial' retrieved from /home/airflow/.local/lib/python3.12/site-packages/airflow/example_dags/tutorial.py
[2025-03-31T07:16:11.013+0000] {logging_mixin.py:190} INFO - [2025-03-31T07:16:11.013+0000] {dag.py:3239} INFO - Sync 1 DAGs
[2025-03-31T07:16:11.040+0000] {logging_mixin.py:190} INFO - [2025-03-31T07:16:11.039+0000] {dag.py:4180} INFO - Setting next_dagrun for tutorial to 2025-03-30 00:00:00+00:00, run_after=2025-03-31 00:00:00+00:00
[2025-03-31T07:16:11.059+0000] {processor.py:208} INFO - Processing /home/airflow/.local/lib/python3.12/site-packages/airflow/example_dags/tutorial.py took 0.088 seconds
[2025-03-31T07:16:41.261+0000] {processor.py:186} INFO - Started process (PID=15623) to work on /home/airflow/.local/lib/python3.12/site-packages/airflow/example_dags/tutorial.py
[2025-03-31T07:16:41.262+0000] {processor.py:914} INFO - Processing file /home/airflow/.local/lib/python3.12/site-packages/airflow/example_dags/tutorial.py for tasks to queue
[2025-03-31T07:16:41.264+0000] {logging_mixin.py:190} INFO - [2025-03-31T07:16:41.264+0000] {dagbag.py:588} INFO - Filling up the DagBag from /home/airflow/.local/lib/python3.12/site-packages/airflow/example_dags/tutorial.py
[2025-03-31T07:16:41.273+0000] {processor.py:925} INFO - DAG(s) 'tutorial' retrieved from /home/airflow/.local/lib/python3.12/site-packages/airflow/example_dags/tutorial.py
[2025-03-31T07:16:41.293+0000] {logging_mixin.py:190} INFO - [2025-03-31T07:16:41.293+0000] {dag.py:3239} INFO - Sync 1 DAGs
[2025-03-31T07:16:41.320+0000] {logging_mixin.py:190} INFO - [2025-03-31T07:16:41.319+0000] {dag.py:4180} INFO - Setting next_dagrun for tutorial to 2025-03-30 00:00:00+00:00, run_after=2025-03-31 00:00:00+00:00
[2025-03-31T07:16:41.338+0000] {processor.py:208} INFO - Processing /home/airflow/.local/lib/python3.12/site-packages/airflow/example_dags/tutorial.py took 0.084 seconds
[2025-03-31T07:17:11.548+0000] {processor.py:186} INFO - Started process (PID=15914) to work on /home/airflow/.local/lib/python3.12/site-packages/airflow/example_dags/tutorial.py
[2025-03-31T07:17:11.550+0000] {processor.py:914} INFO - Processing file /home/airflow/.local/lib/python3.12/site-packages/airflow/example_dags/tutorial.py for tasks to queue
[2025-03-31T07:17:11.553+0000] {logging_mixin.py:190} INFO - [2025-03-31T07:17:11.553+0000] {dagbag.py:588} INFO - Filling up the DagBag from /home/airflow/.local/lib/python3.12/site-packages/airflow/example_dags/tutorial.py
[2025-03-31T07:17:11.564+0000] {processor.py:925} INFO - DAG(s) 'tutorial' retrieved from /home/airflow/.local/lib/python3.12/site-packages/airflow/example_dags/tutorial.py
[2025-03-31T07:17:11.593+0000] {logging_mixin.py:190} INFO - [2025-03-31T07:17:11.592+0000] {dag.py:3239} INFO - Sync 1 DAGs
[2025-03-31T07:17:11.627+0000] {logging_mixin.py:190} INFO - [2025-03-31T07:17:11.626+0000] {dag.py:4180} INFO - Setting next_dagrun for tutorial to 2025-03-30 00:00:00+00:00, run_after=2025-03-31 00:00:00+00:00
[2025-03-31T07:17:11.651+0000] {processor.py:208} INFO - Processing /home/airflow/.local/lib/python3.12/site-packages/airflow/example_dags/tutorial.py took 0.110 seconds
[2025-03-31T07:17:41.785+0000] {processor.py:186} INFO - Started process (PID=16205) to work on /home/airflow/.local/lib/python3.12/site-packages/airflow/example_dags/tutorial.py
[2025-03-31T07:17:41.786+0000] {processor.py:914} INFO - Processing file /home/airflow/.local/lib/python3.12/site-packages/airflow/example_dags/tutorial.py for tasks to queue
[2025-03-31T07:17:41.788+0000] {logging_mixin.py:190} INFO - [2025-03-31T07:17:41.788+0000] {dagbag.py:588} INFO - Filling up the DagBag from /home/airflow/.local/lib/python3.12/site-packages/airflow/example_dags/tutorial.py
[2025-03-31T07:17:41.798+0000] {processor.py:925} INFO - DAG(s) 'tutorial' retrieved from /home/airflow/.local/lib/python3.12/site-packages/airflow/example_dags/tutorial.py
[2025-03-31T07:17:41.821+0000] {logging_mixin.py:190} INFO - [2025-03-31T07:17:41.821+0000] {dag.py:3239} INFO - Sync 1 DAGs
[2025-03-31T07:17:41.849+0000] {logging_mixin.py:190} INFO - [2025-03-31T07:17:41.848+0000] {dag.py:4180} INFO - Setting next_dagrun for tutorial to 2025-03-30 00:00:00+00:00, run_after=2025-03-31 00:00:00+00:00
[2025-03-31T07:17:41.868+0000] {processor.py:208} INFO - Processing /home/airflow/.local/lib/python3.12/site-packages/airflow/example_dags/tutorial.py took 0.090 seconds
[2025-03-31T07:18:12.590+0000] {processor.py:186} INFO - Started process (PID=16496) to work on /home/airflow/.local/lib/python3.12/site-packages/airflow/example_dags/tutorial.py
[2025-03-31T07:18:12.592+0000] {processor.py:914} INFO - Processing file /home/airflow/.local/lib/python3.12/site-packages/airflow/example_dags/tutorial.py for tasks to queue
[2025-03-31T07:18:12.595+0000] {logging_mixin.py:190} INFO - [2025-03-31T07:18:12.595+0000] {dagbag.py:588} INFO - Filling up the DagBag from /home/airflow/.local/lib/python3.12/site-packages/airflow/example_dags/tutorial.py
[2025-03-31T07:18:12.606+0000] {processor.py:925} INFO - DAG(s) 'tutorial' retrieved from /home/airflow/.local/lib/python3.12/site-packages/airflow/example_dags/tutorial.py
[2025-03-31T07:18:12.633+0000] {logging_mixin.py:190} INFO - [2025-03-31T07:18:12.633+0000] {dag.py:3239} INFO - Sync 1 DAGs
[2025-03-31T07:18:12.663+0000] {logging_mixin.py:190} INFO - [2025-03-31T07:18:12.662+0000] {dag.py:4180} INFO - Setting next_dagrun for tutorial to 2025-03-30 00:00:00+00:00, run_after=2025-03-31 00:00:00+00:00
[2025-03-31T07:18:12.686+0000] {processor.py:208} INFO - Processing /home/airflow/.local/lib/python3.12/site-packages/airflow/example_dags/tutorial.py took 0.104 seconds
[2025-03-31T07:18:43.107+0000] {processor.py:186} INFO - Started process (PID=16787) to work on /home/airflow/.local/lib/python3.12/site-packages/airflow/example_dags/tutorial.py
[2025-03-31T07:18:43.108+0000] {processor.py:914} INFO - Processing file /home/airflow/.local/lib/python3.12/site-packages/airflow/example_dags/tutorial.py for tasks to queue
[2025-03-31T07:18:43.110+0000] {logging_mixin.py:190} INFO - [2025-03-31T07:18:43.110+0000] {dagbag.py:588} INFO - Filling up the DagBag from /home/airflow/.local/lib/python3.12/site-packages/airflow/example_dags/tutorial.py
[2025-03-31T07:18:43.119+0000] {processor.py:925} INFO - DAG(s) 'tutorial' retrieved from /home/airflow/.local/lib/python3.12/site-packages/airflow/example_dags/tutorial.py
[2025-03-31T07:18:43.140+0000] {logging_mixin.py:190} INFO - [2025-03-31T07:18:43.140+0000] {dag.py:3239} INFO - Sync 1 DAGs
[2025-03-31T07:18:43.164+0000] {logging_mixin.py:190} INFO - [2025-03-31T07:18:43.163+0000] {dag.py:4180} INFO - Setting next_dagrun for tutorial to 2025-03-30 00:00:00+00:00, run_after=2025-03-31 00:00:00+00:00
[2025-03-31T07:18:43.181+0000] {processor.py:208} INFO - Processing /home/airflow/.local/lib/python3.12/site-packages/airflow/example_dags/tutorial.py took 0.081 seconds
[2025-03-31T07:19:14.251+0000] {processor.py:186} INFO - Started process (PID=17084) to work on /home/airflow/.local/lib/python3.12/site-packages/airflow/example_dags/tutorial.py
[2025-03-31T07:19:14.253+0000] {processor.py:914} INFO - Processing file /home/airflow/.local/lib/python3.12/site-packages/airflow/example_dags/tutorial.py for tasks to queue
[2025-03-31T07:19:14.256+0000] {logging_mixin.py:190} INFO - [2025-03-31T07:19:14.255+0000] {dagbag.py:588} INFO - Filling up the DagBag from /home/airflow/.local/lib/python3.12/site-packages/airflow/example_dags/tutorial.py
[2025-03-31T07:19:14.270+0000] {processor.py:925} INFO - DAG(s) 'tutorial' retrieved from /home/airflow/.local/lib/python3.12/site-packages/airflow/example_dags/tutorial.py
[2025-03-31T07:19:14.300+0000] {logging_mixin.py:190} INFO - [2025-03-31T07:19:14.299+0000] {dag.py:3239} INFO - Sync 1 DAGs
[2025-03-31T07:19:14.334+0000] {logging_mixin.py:190} INFO - [2025-03-31T07:19:14.333+0000] {dag.py:4180} INFO - Setting next_dagrun for tutorial to 2025-03-30 00:00:00+00:00, run_after=2025-03-31 00:00:00+00:00
[2025-03-31T07:19:14.361+0000] {processor.py:208} INFO - Processing /home/airflow/.local/lib/python3.12/site-packages/airflow/example_dags/tutorial.py took 0.123 seconds
[2025-03-31T07:19:45.081+0000] {processor.py:186} INFO - Started process (PID=17375) to work on /home/airflow/.local/lib/python3.12/site-packages/airflow/example_dags/tutorial.py
[2025-03-31T07:19:45.082+0000] {processor.py:914} INFO - Processing file /home/airflow/.local/lib/python3.12/site-packages/airflow/example_dags/tutorial.py for tasks to queue
[2025-03-31T07:19:45.085+0000] {logging_mixin.py:190} INFO - [2025-03-31T07:19:45.085+0000] {dagbag.py:588} INFO - Filling up the DagBag from /home/airflow/.local/lib/python3.12/site-packages/airflow/example_dags/tutorial.py
[2025-03-31T07:19:45.099+0000] {processor.py:925} INFO - DAG(s) 'tutorial' retrieved from /home/airflow/.local/lib/python3.12/site-packages/airflow/example_dags/tutorial.py
[2025-03-31T07:19:45.128+0000] {logging_mixin.py:190} INFO - [2025-03-31T07:19:45.128+0000] {dag.py:3239} INFO - Sync 1 DAGs
[2025-03-31T07:19:45.159+0000] {logging_mixin.py:190} INFO - [2025-03-31T07:19:45.159+0000] {dag.py:4180} INFO - Setting next_dagrun for tutorial to 2025-03-30 00:00:00+00:00, run_after=2025-03-31 00:00:00+00:00
[2025-03-31T07:19:45.186+0000] {processor.py:208} INFO - Processing /home/airflow/.local/lib/python3.12/site-packages/airflow/example_dags/tutorial.py took 0.113 seconds
[2025-03-31T07:20:15.710+0000] {processor.py:186} INFO - Started process (PID=17665) to work on /home/airflow/.local/lib/python3.12/site-packages/airflow/example_dags/tutorial.py
[2025-03-31T07:20:15.713+0000] {processor.py:914} INFO - Processing file /home/airflow/.local/lib/python3.12/site-packages/airflow/example_dags/tutorial.py for tasks to queue
[2025-03-31T07:20:15.716+0000] {logging_mixin.py:190} INFO - [2025-03-31T07:20:15.716+0000] {dagbag.py:588} INFO - Filling up the DagBag from /home/airflow/.local/lib/python3.12/site-packages/airflow/example_dags/tutorial.py
[2025-03-31T07:20:15.727+0000] {processor.py:925} INFO - DAG(s) 'tutorial' retrieved from /home/airflow/.local/lib/python3.12/site-packages/airflow/example_dags/tutorial.py
[2025-03-31T07:20:15.756+0000] {logging_mixin.py:190} INFO - [2025-03-31T07:20:15.756+0000] {dag.py:3239} INFO - Sync 1 DAGs
[2025-03-31T07:20:15.792+0000] {logging_mixin.py:190} INFO - [2025-03-31T07:20:15.792+0000] {dag.py:4180} INFO - Setting next_dagrun for tutorial to 2025-03-30 00:00:00+00:00, run_after=2025-03-31 00:00:00+00:00
[2025-03-31T07:20:15.817+0000] {processor.py:208} INFO - Processing /home/airflow/.local/lib/python3.12/site-packages/airflow/example_dags/tutorial.py took 0.115 seconds
[2025-03-31T07:20:45.986+0000] {processor.py:186} INFO - Started process (PID=17956) to work on /home/airflow/.local/lib/python3.12/site-packages/airflow/example_dags/tutorial.py
[2025-03-31T07:20:45.988+0000] {processor.py:914} INFO - Processing file /home/airflow/.local/lib/python3.12/site-packages/airflow/example_dags/tutorial.py for tasks to queue
[2025-03-31T07:20:45.991+0000] {logging_mixin.py:190} INFO - [2025-03-31T07:20:45.990+0000] {dagbag.py:588} INFO - Filling up the DagBag from /home/airflow/.local/lib/python3.12/site-packages/airflow/example_dags/tutorial.py
[2025-03-31T07:20:46.002+0000] {processor.py:925} INFO - DAG(s) 'tutorial' retrieved from /home/airflow/.local/lib/python3.12/site-packages/airflow/example_dags/tutorial.py
[2025-03-31T07:20:46.032+0000] {logging_mixin.py:190} INFO - [2025-03-31T07:20:46.031+0000] {dag.py:3239} INFO - Sync 1 DAGs
[2025-03-31T07:20:46.065+0000] {logging_mixin.py:190} INFO - [2025-03-31T07:20:46.065+0000] {dag.py:4180} INFO - Setting next_dagrun for tutorial to 2025-03-30 00:00:00+00:00, run_after=2025-03-31 00:00:00+00:00
[2025-03-31T07:20:46.089+0000] {processor.py:208} INFO - Processing /home/airflow/.local/lib/python3.12/site-packages/airflow/example_dags/tutorial.py took 0.111 seconds
[2025-03-31T07:21:16.318+0000] {processor.py:186} INFO - Started process (PID=18247) to work on /home/airflow/.local/lib/python3.12/site-packages/airflow/example_dags/tutorial.py
[2025-03-31T07:21:16.320+0000] {processor.py:914} INFO - Processing file /home/airflow/.local/lib/python3.12/site-packages/airflow/example_dags/tutorial.py for tasks to queue
[2025-03-31T07:21:16.323+0000] {logging_mixin.py:190} INFO - [2025-03-31T07:21:16.322+0000] {dagbag.py:588} INFO - Filling up the DagBag from /home/airflow/.local/lib/python3.12/site-packages/airflow/example_dags/tutorial.py
[2025-03-31T07:21:16.336+0000] {processor.py:925} INFO - DAG(s) 'tutorial' retrieved from /home/airflow/.local/lib/python3.12/site-packages/airflow/example_dags/tutorial.py
[2025-03-31T07:21:16.367+0000] {logging_mixin.py:190} INFO - [2025-03-31T07:21:16.367+0000] {dag.py:3239} INFO - Sync 1 DAGs
[2025-03-31T07:21:16.408+0000] {logging_mixin.py:190} INFO - [2025-03-31T07:21:16.408+0000] {dag.py:4180} INFO - Setting next_dagrun for tutorial to 2025-03-30 00:00:00+00:00, run_after=2025-03-31 00:00:00+00:00
[2025-03-31T07:21:16.437+0000] {processor.py:208} INFO - Processing /home/airflow/.local/lib/python3.12/site-packages/airflow/example_dags/tutorial.py took 0.128 seconds
[2025-03-31T07:21:46.661+0000] {processor.py:186} INFO - Started process (PID=18538) to work on /home/airflow/.local/lib/python3.12/site-packages/airflow/example_dags/tutorial.py
[2025-03-31T07:21:46.662+0000] {processor.py:914} INFO - Processing file /home/airflow/.local/lib/python3.12/site-packages/airflow/example_dags/tutorial.py for tasks to queue
[2025-03-31T07:21:46.665+0000] {logging_mixin.py:190} INFO - [2025-03-31T07:21:46.664+0000] {dagbag.py:588} INFO - Filling up the DagBag from /home/airflow/.local/lib/python3.12/site-packages/airflow/example_dags/tutorial.py
[2025-03-31T07:21:46.675+0000] {processor.py:925} INFO - DAG(s) 'tutorial' retrieved from /home/airflow/.local/lib/python3.12/site-packages/airflow/example_dags/tutorial.py
[2025-03-31T07:21:46.711+0000] {logging_mixin.py:190} INFO - [2025-03-31T07:21:46.710+0000] {dag.py:3239} INFO - Sync 1 DAGs
[2025-03-31T07:21:46.743+0000] {logging_mixin.py:190} INFO - [2025-03-31T07:21:46.743+0000] {dag.py:4180} INFO - Setting next_dagrun for tutorial to 2025-03-30 00:00:00+00:00, run_after=2025-03-31 00:00:00+00:00
[2025-03-31T07:21:46.772+0000] {processor.py:208} INFO - Processing /home/airflow/.local/lib/python3.12/site-packages/airflow/example_dags/tutorial.py took 0.119 seconds
[2025-03-31T07:22:17.764+0000] {processor.py:186} INFO - Started process (PID=18829) to work on /home/airflow/.local/lib/python3.12/site-packages/airflow/example_dags/tutorial.py
[2025-03-31T07:22:17.765+0000] {processor.py:914} INFO - Processing file /home/airflow/.local/lib/python3.12/site-packages/airflow/example_dags/tutorial.py for tasks to queue
[2025-03-31T07:22:17.768+0000] {logging_mixin.py:190} INFO - [2025-03-31T07:22:17.767+0000] {dagbag.py:588} INFO - Filling up the DagBag from /home/airflow/.local/lib/python3.12/site-packages/airflow/example_dags/tutorial.py
[2025-03-31T07:22:17.780+0000] {processor.py:925} INFO - DAG(s) 'tutorial' retrieved from /home/airflow/.local/lib/python3.12/site-packages/airflow/example_dags/tutorial.py
[2025-03-31T07:22:17.810+0000] {logging_mixin.py:190} INFO - [2025-03-31T07:22:17.809+0000] {dag.py:3239} INFO - Sync 1 DAGs
[2025-03-31T07:22:17.848+0000] {logging_mixin.py:190} INFO - [2025-03-31T07:22:17.848+0000] {dag.py:4180} INFO - Setting next_dagrun for tutorial to 2025-03-30 00:00:00+00:00, run_after=2025-03-31 00:00:00+00:00
[2025-03-31T07:22:17.875+0000] {processor.py:208} INFO - Processing /home/airflow/.local/lib/python3.12/site-packages/airflow/example_dags/tutorial.py took 0.121 seconds
[2025-03-31T07:22:48.028+0000] {processor.py:186} INFO - Started process (PID=19119) to work on /home/airflow/.local/lib/python3.12/site-packages/airflow/example_dags/tutorial.py
[2025-03-31T07:22:48.030+0000] {processor.py:914} INFO - Processing file /home/airflow/.local/lib/python3.12/site-packages/airflow/example_dags/tutorial.py for tasks to queue
[2025-03-31T07:22:48.033+0000] {logging_mixin.py:190} INFO - [2025-03-31T07:22:48.033+0000] {dagbag.py:588} INFO - Filling up the DagBag from /home/airflow/.local/lib/python3.12/site-packages/airflow/example_dags/tutorial.py
[2025-03-31T07:22:48.048+0000] {processor.py:925} INFO - DAG(s) 'tutorial' retrieved from /home/airflow/.local/lib/python3.12/site-packages/airflow/example_dags/tutorial.py
[2025-03-31T07:22:48.076+0000] {logging_mixin.py:190} INFO - [2025-03-31T07:22:48.076+0000] {dag.py:3239} INFO - Sync 1 DAGs
[2025-03-31T07:22:48.106+0000] {logging_mixin.py:190} INFO - [2025-03-31T07:22:48.106+0000] {dag.py:4180} INFO - Setting next_dagrun for tutorial to 2025-03-30 00:00:00+00:00, run_after=2025-03-31 00:00:00+00:00
[2025-03-31T07:22:48.126+0000] {processor.py:208} INFO - Processing /home/airflow/.local/lib/python3.12/site-packages/airflow/example_dags/tutorial.py took 0.106 seconds
[2025-03-31T07:23:18.751+0000] {processor.py:186} INFO - Started process (PID=19410) to work on /home/airflow/.local/lib/python3.12/site-packages/airflow/example_dags/tutorial.py
[2025-03-31T07:23:18.753+0000] {processor.py:914} INFO - Processing file /home/airflow/.local/lib/python3.12/site-packages/airflow/example_dags/tutorial.py for tasks to queue
[2025-03-31T07:23:18.755+0000] {logging_mixin.py:190} INFO - [2025-03-31T07:23:18.755+0000] {dagbag.py:588} INFO - Filling up the DagBag from /home/airflow/.local/lib/python3.12/site-packages/airflow/example_dags/tutorial.py
[2025-03-31T07:23:18.763+0000] {processor.py:925} INFO - DAG(s) 'tutorial' retrieved from /home/airflow/.local/lib/python3.12/site-packages/airflow/example_dags/tutorial.py
[2025-03-31T07:23:18.784+0000] {logging_mixin.py:190} INFO - [2025-03-31T07:23:18.784+0000] {dag.py:3239} INFO - Sync 1 DAGs
[2025-03-31T07:23:18.807+0000] {logging_mixin.py:190} INFO - [2025-03-31T07:23:18.807+0000] {dag.py:4180} INFO - Setting next_dagrun for tutorial to 2025-03-30 00:00:00+00:00, run_after=2025-03-31 00:00:00+00:00
[2025-03-31T07:23:18.825+0000] {processor.py:208} INFO - Processing /home/airflow/.local/lib/python3.12/site-packages/airflow/example_dags/tutorial.py took 0.080 seconds
[2025-03-31T07:23:49.297+0000] {processor.py:186} INFO - Started process (PID=19701) to work on /home/airflow/.local/lib/python3.12/site-packages/airflow/example_dags/tutorial.py
[2025-03-31T07:23:49.298+0000] {processor.py:914} INFO - Processing file /home/airflow/.local/lib/python3.12/site-packages/airflow/example_dags/tutorial.py for tasks to queue
[2025-03-31T07:23:49.301+0000] {logging_mixin.py:190} INFO - [2025-03-31T07:23:49.301+0000] {dagbag.py:588} INFO - Filling up the DagBag from /home/airflow/.local/lib/python3.12/site-packages/airflow/example_dags/tutorial.py
[2025-03-31T07:23:49.312+0000] {processor.py:925} INFO - DAG(s) 'tutorial' retrieved from /home/airflow/.local/lib/python3.12/site-packages/airflow/example_dags/tutorial.py
[2025-03-31T07:23:49.336+0000] {logging_mixin.py:190} INFO - [2025-03-31T07:23:49.335+0000] {dag.py:3239} INFO - Sync 1 DAGs
[2025-03-31T07:23:49.362+0000] {logging_mixin.py:190} INFO - [2025-03-31T07:23:49.362+0000] {dag.py:4180} INFO - Setting next_dagrun for tutorial to 2025-03-30 00:00:00+00:00, run_after=2025-03-31 00:00:00+00:00
[2025-03-31T07:23:49.382+0000] {processor.py:208} INFO - Processing /home/airflow/.local/lib/python3.12/site-packages/airflow/example_dags/tutorial.py took 0.091 seconds
[2025-03-31T07:24:19.560+0000] {processor.py:186} INFO - Started process (PID=19992) to work on /home/airflow/.local/lib/python3.12/site-packages/airflow/example_dags/tutorial.py
[2025-03-31T07:24:19.561+0000] {processor.py:914} INFO - Processing file /home/airflow/.local/lib/python3.12/site-packages/airflow/example_dags/tutorial.py for tasks to queue
[2025-03-31T07:24:19.564+0000] {logging_mixin.py:190} INFO - [2025-03-31T07:24:19.563+0000] {dagbag.py:588} INFO - Filling up the DagBag from /home/airflow/.local/lib/python3.12/site-packages/airflow/example_dags/tutorial.py
[2025-03-31T07:24:19.572+0000] {processor.py:925} INFO - DAG(s) 'tutorial' retrieved from /home/airflow/.local/lib/python3.12/site-packages/airflow/example_dags/tutorial.py
[2025-03-31T07:24:19.595+0000] {logging_mixin.py:190} INFO - [2025-03-31T07:24:19.594+0000] {dag.py:3239} INFO - Sync 1 DAGs
[2025-03-31T07:24:19.621+0000] {logging_mixin.py:190} INFO - [2025-03-31T07:24:19.620+0000] {dag.py:4180} INFO - Setting next_dagrun for tutorial to 2025-03-30 00:00:00+00:00, run_after=2025-03-31 00:00:00+00:00
[2025-03-31T07:24:19.640+0000] {processor.py:208} INFO - Processing /home/airflow/.local/lib/python3.12/site-packages/airflow/example_dags/tutorial.py took 0.086 seconds
[2025-03-31T07:24:50.004+0000] {processor.py:186} INFO - Started process (PID=20283) to work on /home/airflow/.local/lib/python3.12/site-packages/airflow/example_dags/tutorial.py
[2025-03-31T07:24:50.005+0000] {processor.py:914} INFO - Processing file /home/airflow/.local/lib/python3.12/site-packages/airflow/example_dags/tutorial.py for tasks to queue
[2025-03-31T07:24:50.007+0000] {logging_mixin.py:190} INFO - [2025-03-31T07:24:50.007+0000] {dagbag.py:588} INFO - Filling up the DagBag from /home/airflow/.local/lib/python3.12/site-packages/airflow/example_dags/tutorial.py
[2025-03-31T07:24:50.016+0000] {processor.py:925} INFO - DAG(s) 'tutorial' retrieved from /home/airflow/.local/lib/python3.12/site-packages/airflow/example_dags/tutorial.py
[2025-03-31T07:24:50.036+0000] {logging_mixin.py:190} INFO - [2025-03-31T07:24:50.036+0000] {dag.py:3239} INFO - Sync 1 DAGs
[2025-03-31T07:24:50.060+0000] {logging_mixin.py:190} INFO - [2025-03-31T07:24:50.059+0000] {dag.py:4180} INFO - Setting next_dagrun for tutorial to 2025-03-30 00:00:00+00:00, run_after=2025-03-31 00:00:00+00:00
[2025-03-31T07:24:50.077+0000] {processor.py:208} INFO - Processing /home/airflow/.local/lib/python3.12/site-packages/airflow/example_dags/tutorial.py took 0.080 seconds
[2025-03-31T07:25:20.795+0000] {processor.py:186} INFO - Started process (PID=20574) to work on /home/airflow/.local/lib/python3.12/site-packages/airflow/example_dags/tutorial.py
[2025-03-31T07:25:20.796+0000] {processor.py:914} INFO - Processing file /home/airflow/.local/lib/python3.12/site-packages/airflow/example_dags/tutorial.py for tasks to queue
[2025-03-31T07:25:20.799+0000] {logging_mixin.py:190} INFO - [2025-03-31T07:25:20.798+0000] {dagbag.py:588} INFO - Filling up the DagBag from /home/airflow/.local/lib/python3.12/site-packages/airflow/example_dags/tutorial.py
[2025-03-31T07:25:20.807+0000] {processor.py:925} INFO - DAG(s) 'tutorial' retrieved from /home/airflow/.local/lib/python3.12/site-packages/airflow/example_dags/tutorial.py
[2025-03-31T07:25:20.828+0000] {logging_mixin.py:190} INFO - [2025-03-31T07:25:20.828+0000] {dag.py:3239} INFO - Sync 1 DAGs
[2025-03-31T07:25:20.860+0000] {logging_mixin.py:190} INFO - [2025-03-31T07:25:20.860+0000] {dag.py:4180} INFO - Setting next_dagrun for tutorial to 2025-03-30 00:00:00+00:00, run_after=2025-03-31 00:00:00+00:00
[2025-03-31T07:25:20.881+0000] {processor.py:208} INFO - Processing /home/airflow/.local/lib/python3.12/site-packages/airflow/example_dags/tutorial.py took 0.091 seconds
