[2025-03-31T06:47:39.268+0000] {processor.py:186} INFO - Started process (PID=369) to work on /home/airflow/.local/lib/python3.12/site-packages/airflow/example_dags/tutorial_dag.py
[2025-03-31T06:47:39.269+0000] {processor.py:914} INFO - Processing file /home/airflow/.local/lib/python3.12/site-packages/airflow/example_dags/tutorial_dag.py for tasks to queue
[2025-03-31T06:47:39.272+0000] {logging_mixin.py:190} INFO - [2025-03-31T06:47:39.271+0000] {dagbag.py:588} INFO - Filling up the DagBag from /home/airflow/.local/lib/python3.12/site-packages/airflow/example_dags/tutorial_dag.py
[2025-03-31T06:47:39.282+0000] {processor.py:925} INFO - DAG(s) 'tutorial_dag' retrieved from /home/airflow/.local/lib/python3.12/site-packages/airflow/example_dags/tutorial_dag.py
[2025-03-31T06:47:39.415+0000] {logging_mixin.py:190} INFO - [2025-03-31T06:47:39.414+0000] {override.py:1912} INFO - Created Permission View: can read on DAG:tutorial_dag
[2025-03-31T06:47:39.426+0000] {logging_mixin.py:190} INFO - [2025-03-31T06:47:39.425+0000] {override.py:1912} INFO - Created Permission View: can delete on DAG:tutorial_dag
[2025-03-31T06:47:39.433+0000] {logging_mixin.py:190} INFO - [2025-03-31T06:47:39.433+0000] {override.py:1912} INFO - Created Permission View: can edit on DAG:tutorial_dag
[2025-03-31T06:47:39.440+0000] {logging_mixin.py:190} INFO - [2025-03-31T06:47:39.440+0000] {override.py:1912} INFO - Created Permission View: can read on DAG Run:tutorial_dag
[2025-03-31T06:47:39.449+0000] {logging_mixin.py:190} INFO - [2025-03-31T06:47:39.448+0000] {override.py:1912} INFO - Created Permission View: can delete on DAG Run:tutorial_dag
[2025-03-31T06:47:39.455+0000] {logging_mixin.py:190} INFO - [2025-03-31T06:47:39.455+0000] {override.py:1912} INFO - Created Permission View: menu access on DAG Run:tutorial_dag
[2025-03-31T06:47:39.462+0000] {logging_mixin.py:190} INFO - [2025-03-31T06:47:39.462+0000] {override.py:1912} INFO - Created Permission View: can create on DAG Run:tutorial_dag
[2025-03-31T06:47:39.463+0000] {logging_mixin.py:190} INFO - [2025-03-31T06:47:39.462+0000] {dag.py:3239} INFO - Sync 1 DAGs
[2025-03-31T06:47:39.479+0000] {logging_mixin.py:190} INFO - [2025-03-31T06:47:39.478+0000] {dag.py:3262} INFO - Creating ORM DAG for tutorial_dag
[2025-03-31T06:47:39.479+0000] {logging_mixin.py:190} INFO - [2025-03-31T06:47:39.479+0000] {dag.py:4180} INFO - Setting next_dagrun for tutorial_dag to None, run_after=None
[2025-03-31T06:47:39.497+0000] {processor.py:208} INFO - Processing /home/airflow/.local/lib/python3.12/site-packages/airflow/example_dags/tutorial_dag.py took 0.237 seconds
[2025-03-31T06:48:09.935+0000] {processor.py:186} INFO - Started process (PID=660) to work on /home/airflow/.local/lib/python3.12/site-packages/airflow/example_dags/tutorial_dag.py
[2025-03-31T06:48:09.936+0000] {processor.py:914} INFO - Processing file /home/airflow/.local/lib/python3.12/site-packages/airflow/example_dags/tutorial_dag.py for tasks to queue
[2025-03-31T06:48:09.939+0000] {logging_mixin.py:190} INFO - [2025-03-31T06:48:09.938+0000] {dagbag.py:588} INFO - Filling up the DagBag from /home/airflow/.local/lib/python3.12/site-packages/airflow/example_dags/tutorial_dag.py
[2025-03-31T06:48:09.947+0000] {processor.py:925} INFO - DAG(s) 'tutorial_dag' retrieved from /home/airflow/.local/lib/python3.12/site-packages/airflow/example_dags/tutorial_dag.py
[2025-03-31T06:48:09.968+0000] {logging_mixin.py:190} INFO - [2025-03-31T06:48:09.967+0000] {dag.py:3239} INFO - Sync 1 DAGs
[2025-03-31T06:48:09.983+0000] {logging_mixin.py:190} INFO - [2025-03-31T06:48:09.983+0000] {dag.py:4180} INFO - Setting next_dagrun for tutorial_dag to None, run_after=None
[2025-03-31T06:48:10.006+0000] {processor.py:208} INFO - Processing /home/airflow/.local/lib/python3.12/site-packages/airflow/example_dags/tutorial_dag.py took 0.078 seconds
[2025-03-31T06:48:40.689+0000] {processor.py:186} INFO - Started process (PID=951) to work on /home/airflow/.local/lib/python3.12/site-packages/airflow/example_dags/tutorial_dag.py
[2025-03-31T06:48:40.690+0000] {processor.py:914} INFO - Processing file /home/airflow/.local/lib/python3.12/site-packages/airflow/example_dags/tutorial_dag.py for tasks to queue
[2025-03-31T06:48:40.693+0000] {logging_mixin.py:190} INFO - [2025-03-31T06:48:40.692+0000] {dagbag.py:588} INFO - Filling up the DagBag from /home/airflow/.local/lib/python3.12/site-packages/airflow/example_dags/tutorial_dag.py
[2025-03-31T06:48:40.701+0000] {processor.py:925} INFO - DAG(s) 'tutorial_dag' retrieved from /home/airflow/.local/lib/python3.12/site-packages/airflow/example_dags/tutorial_dag.py
[2025-03-31T06:48:40.721+0000] {logging_mixin.py:190} INFO - [2025-03-31T06:48:40.721+0000] {dag.py:3239} INFO - Sync 1 DAGs
[2025-03-31T06:48:40.737+0000] {logging_mixin.py:190} INFO - [2025-03-31T06:48:40.737+0000] {dag.py:4180} INFO - Setting next_dagrun for tutorial_dag to None, run_after=None
[2025-03-31T06:48:40.755+0000] {processor.py:208} INFO - Processing /home/airflow/.local/lib/python3.12/site-packages/airflow/example_dags/tutorial_dag.py took 0.073 seconds
[2025-03-31T06:49:42.326+0000] {processor.py:186} INFO - Started process (PID=370) to work on /home/airflow/.local/lib/python3.12/site-packages/airflow/example_dags/tutorial_dag.py
[2025-03-31T06:49:42.327+0000] {processor.py:914} INFO - Processing file /home/airflow/.local/lib/python3.12/site-packages/airflow/example_dags/tutorial_dag.py for tasks to queue
[2025-03-31T06:49:42.330+0000] {logging_mixin.py:190} INFO - [2025-03-31T06:49:42.329+0000] {dagbag.py:588} INFO - Filling up the DagBag from /home/airflow/.local/lib/python3.12/site-packages/airflow/example_dags/tutorial_dag.py
[2025-03-31T06:49:42.339+0000] {processor.py:925} INFO - DAG(s) 'tutorial_dag' retrieved from /home/airflow/.local/lib/python3.12/site-packages/airflow/example_dags/tutorial_dag.py
[2025-03-31T06:49:42.363+0000] {logging_mixin.py:190} INFO - [2025-03-31T06:49:42.362+0000] {dag.py:3239} INFO - Sync 1 DAGs
[2025-03-31T06:49:42.380+0000] {logging_mixin.py:190} INFO - [2025-03-31T06:49:42.379+0000] {dag.py:4180} INFO - Setting next_dagrun for tutorial_dag to None, run_after=None
[2025-03-31T06:49:42.400+0000] {processor.py:208} INFO - Processing /home/airflow/.local/lib/python3.12/site-packages/airflow/example_dags/tutorial_dag.py took 0.080 seconds
[2025-03-31T06:50:13.220+0000] {processor.py:186} INFO - Started process (PID=661) to work on /home/airflow/.local/lib/python3.12/site-packages/airflow/example_dags/tutorial_dag.py
[2025-03-31T06:50:13.221+0000] {processor.py:914} INFO - Processing file /home/airflow/.local/lib/python3.12/site-packages/airflow/example_dags/tutorial_dag.py for tasks to queue
[2025-03-31T06:50:13.223+0000] {logging_mixin.py:190} INFO - [2025-03-31T06:50:13.222+0000] {dagbag.py:588} INFO - Filling up the DagBag from /home/airflow/.local/lib/python3.12/site-packages/airflow/example_dags/tutorial_dag.py
[2025-03-31T06:50:13.230+0000] {processor.py:925} INFO - DAG(s) 'tutorial_dag' retrieved from /home/airflow/.local/lib/python3.12/site-packages/airflow/example_dags/tutorial_dag.py
[2025-03-31T06:50:13.249+0000] {logging_mixin.py:190} INFO - [2025-03-31T06:50:13.249+0000] {dag.py:3239} INFO - Sync 1 DAGs
[2025-03-31T06:50:13.263+0000] {logging_mixin.py:190} INFO - [2025-03-31T06:50:13.262+0000] {dag.py:4180} INFO - Setting next_dagrun for tutorial_dag to None, run_after=None
[2025-03-31T06:50:13.280+0000] {processor.py:208} INFO - Processing /home/airflow/.local/lib/python3.12/site-packages/airflow/example_dags/tutorial_dag.py took 0.066 seconds
[2025-03-31T06:50:44.166+0000] {processor.py:186} INFO - Started process (PID=952) to work on /home/airflow/.local/lib/python3.12/site-packages/airflow/example_dags/tutorial_dag.py
[2025-03-31T06:50:44.167+0000] {processor.py:914} INFO - Processing file /home/airflow/.local/lib/python3.12/site-packages/airflow/example_dags/tutorial_dag.py for tasks to queue
[2025-03-31T06:50:44.169+0000] {logging_mixin.py:190} INFO - [2025-03-31T06:50:44.169+0000] {dagbag.py:588} INFO - Filling up the DagBag from /home/airflow/.local/lib/python3.12/site-packages/airflow/example_dags/tutorial_dag.py
[2025-03-31T06:50:44.176+0000] {processor.py:925} INFO - DAG(s) 'tutorial_dag' retrieved from /home/airflow/.local/lib/python3.12/site-packages/airflow/example_dags/tutorial_dag.py
[2025-03-31T06:50:44.195+0000] {logging_mixin.py:190} INFO - [2025-03-31T06:50:44.195+0000] {dag.py:3239} INFO - Sync 1 DAGs
[2025-03-31T06:50:44.208+0000] {logging_mixin.py:190} INFO - [2025-03-31T06:50:44.208+0000] {dag.py:4180} INFO - Setting next_dagrun for tutorial_dag to None, run_after=None
[2025-03-31T06:50:44.228+0000] {processor.py:208} INFO - Processing /home/airflow/.local/lib/python3.12/site-packages/airflow/example_dags/tutorial_dag.py took 0.068 seconds
[2025-03-31T06:51:15.808+0000] {processor.py:186} INFO - Started process (PID=1238) to work on /home/airflow/.local/lib/python3.12/site-packages/airflow/example_dags/tutorial_dag.py
[2025-03-31T06:51:15.809+0000] {processor.py:914} INFO - Processing file /home/airflow/.local/lib/python3.12/site-packages/airflow/example_dags/tutorial_dag.py for tasks to queue
[2025-03-31T06:51:15.812+0000] {logging_mixin.py:190} INFO - [2025-03-31T06:51:15.811+0000] {dagbag.py:588} INFO - Filling up the DagBag from /home/airflow/.local/lib/python3.12/site-packages/airflow/example_dags/tutorial_dag.py
[2025-03-31T06:51:15.820+0000] {processor.py:925} INFO - DAG(s) 'tutorial_dag' retrieved from /home/airflow/.local/lib/python3.12/site-packages/airflow/example_dags/tutorial_dag.py
[2025-03-31T06:51:15.842+0000] {logging_mixin.py:190} INFO - [2025-03-31T06:51:15.842+0000] {dag.py:3239} INFO - Sync 1 DAGs
[2025-03-31T06:51:15.861+0000] {logging_mixin.py:190} INFO - [2025-03-31T06:51:15.860+0000] {dag.py:4180} INFO - Setting next_dagrun for tutorial_dag to None, run_after=None
[2025-03-31T06:51:15.882+0000] {processor.py:208} INFO - Processing /home/airflow/.local/lib/python3.12/site-packages/airflow/example_dags/tutorial_dag.py took 0.080 seconds
[2025-03-31T06:51:47.348+0000] {processor.py:186} INFO - Started process (PID=1534) to work on /home/airflow/.local/lib/python3.12/site-packages/airflow/example_dags/tutorial_dag.py
[2025-03-31T06:51:47.349+0000] {processor.py:914} INFO - Processing file /home/airflow/.local/lib/python3.12/site-packages/airflow/example_dags/tutorial_dag.py for tasks to queue
[2025-03-31T06:51:47.351+0000] {logging_mixin.py:190} INFO - [2025-03-31T06:51:47.351+0000] {dagbag.py:588} INFO - Filling up the DagBag from /home/airflow/.local/lib/python3.12/site-packages/airflow/example_dags/tutorial_dag.py
[2025-03-31T06:51:47.359+0000] {processor.py:925} INFO - DAG(s) 'tutorial_dag' retrieved from /home/airflow/.local/lib/python3.12/site-packages/airflow/example_dags/tutorial_dag.py
[2025-03-31T06:51:47.381+0000] {logging_mixin.py:190} INFO - [2025-03-31T06:51:47.381+0000] {dag.py:3239} INFO - Sync 1 DAGs
[2025-03-31T06:51:47.400+0000] {logging_mixin.py:190} INFO - [2025-03-31T06:51:47.399+0000] {dag.py:4180} INFO - Setting next_dagrun for tutorial_dag to None, run_after=None
[2025-03-31T06:51:47.419+0000] {processor.py:208} INFO - Processing /home/airflow/.local/lib/python3.12/site-packages/airflow/example_dags/tutorial_dag.py took 0.077 seconds
[2025-03-31T06:52:17.944+0000] {processor.py:186} INFO - Started process (PID=1820) to work on /home/airflow/.local/lib/python3.12/site-packages/airflow/example_dags/tutorial_dag.py
[2025-03-31T06:52:17.944+0000] {processor.py:914} INFO - Processing file /home/airflow/.local/lib/python3.12/site-packages/airflow/example_dags/tutorial_dag.py for tasks to queue
[2025-03-31T06:52:17.947+0000] {logging_mixin.py:190} INFO - [2025-03-31T06:52:17.946+0000] {dagbag.py:588} INFO - Filling up the DagBag from /home/airflow/.local/lib/python3.12/site-packages/airflow/example_dags/tutorial_dag.py
[2025-03-31T06:52:17.956+0000] {processor.py:925} INFO - DAG(s) 'tutorial_dag' retrieved from /home/airflow/.local/lib/python3.12/site-packages/airflow/example_dags/tutorial_dag.py
[2025-03-31T06:52:17.978+0000] {logging_mixin.py:190} INFO - [2025-03-31T06:52:17.978+0000] {dag.py:3239} INFO - Sync 1 DAGs
[2025-03-31T06:52:17.995+0000] {logging_mixin.py:190} INFO - [2025-03-31T06:52:17.995+0000] {dag.py:4180} INFO - Setting next_dagrun for tutorial_dag to None, run_after=None
[2025-03-31T06:52:18.016+0000] {processor.py:208} INFO - Processing /home/airflow/.local/lib/python3.12/site-packages/airflow/example_dags/tutorial_dag.py took 0.080 seconds
[2025-03-31T06:52:49.146+0000] {processor.py:186} INFO - Started process (PID=2111) to work on /home/airflow/.local/lib/python3.12/site-packages/airflow/example_dags/tutorial_dag.py
[2025-03-31T06:52:49.147+0000] {processor.py:914} INFO - Processing file /home/airflow/.local/lib/python3.12/site-packages/airflow/example_dags/tutorial_dag.py for tasks to queue
[2025-03-31T06:52:49.149+0000] {logging_mixin.py:190} INFO - [2025-03-31T06:52:49.149+0000] {dagbag.py:588} INFO - Filling up the DagBag from /home/airflow/.local/lib/python3.12/site-packages/airflow/example_dags/tutorial_dag.py
[2025-03-31T06:52:49.158+0000] {processor.py:925} INFO - DAG(s) 'tutorial_dag' retrieved from /home/airflow/.local/lib/python3.12/site-packages/airflow/example_dags/tutorial_dag.py
[2025-03-31T06:52:49.177+0000] {logging_mixin.py:190} INFO - [2025-03-31T06:52:49.176+0000] {dag.py:3239} INFO - Sync 1 DAGs
[2025-03-31T06:52:49.191+0000] {logging_mixin.py:190} INFO - [2025-03-31T06:52:49.191+0000] {dag.py:4180} INFO - Setting next_dagrun for tutorial_dag to None, run_after=None
[2025-03-31T06:52:49.210+0000] {processor.py:208} INFO - Processing /home/airflow/.local/lib/python3.12/site-packages/airflow/example_dags/tutorial_dag.py took 0.070 seconds
[2025-03-31T06:53:20.815+0000] {processor.py:186} INFO - Started process (PID=2402) to work on /home/airflow/.local/lib/python3.12/site-packages/airflow/example_dags/tutorial_dag.py
[2025-03-31T06:53:20.816+0000] {processor.py:914} INFO - Processing file /home/airflow/.local/lib/python3.12/site-packages/airflow/example_dags/tutorial_dag.py for tasks to queue
[2025-03-31T06:53:20.818+0000] {logging_mixin.py:190} INFO - [2025-03-31T06:53:20.818+0000] {dagbag.py:588} INFO - Filling up the DagBag from /home/airflow/.local/lib/python3.12/site-packages/airflow/example_dags/tutorial_dag.py
[2025-03-31T06:53:20.826+0000] {processor.py:925} INFO - DAG(s) 'tutorial_dag' retrieved from /home/airflow/.local/lib/python3.12/site-packages/airflow/example_dags/tutorial_dag.py
[2025-03-31T06:53:20.845+0000] {logging_mixin.py:190} INFO - [2025-03-31T06:53:20.845+0000] {dag.py:3239} INFO - Sync 1 DAGs
[2025-03-31T06:53:20.859+0000] {logging_mixin.py:190} INFO - [2025-03-31T06:53:20.859+0000] {dag.py:4180} INFO - Setting next_dagrun for tutorial_dag to None, run_after=None
[2025-03-31T06:53:20.878+0000] {processor.py:208} INFO - Processing /home/airflow/.local/lib/python3.12/site-packages/airflow/example_dags/tutorial_dag.py took 0.068 seconds
[2025-03-31T06:53:51.940+0000] {processor.py:186} INFO - Started process (PID=2693) to work on /home/airflow/.local/lib/python3.12/site-packages/airflow/example_dags/tutorial_dag.py
[2025-03-31T06:53:51.940+0000] {processor.py:914} INFO - Processing file /home/airflow/.local/lib/python3.12/site-packages/airflow/example_dags/tutorial_dag.py for tasks to queue
[2025-03-31T06:53:51.943+0000] {logging_mixin.py:190} INFO - [2025-03-31T06:53:51.942+0000] {dagbag.py:588} INFO - Filling up the DagBag from /home/airflow/.local/lib/python3.12/site-packages/airflow/example_dags/tutorial_dag.py
[2025-03-31T06:53:51.950+0000] {processor.py:925} INFO - DAG(s) 'tutorial_dag' retrieved from /home/airflow/.local/lib/python3.12/site-packages/airflow/example_dags/tutorial_dag.py
[2025-03-31T06:53:51.969+0000] {logging_mixin.py:190} INFO - [2025-03-31T06:53:51.969+0000] {dag.py:3239} INFO - Sync 1 DAGs
[2025-03-31T06:53:51.983+0000] {logging_mixin.py:190} INFO - [2025-03-31T06:53:51.982+0000] {dag.py:4180} INFO - Setting next_dagrun for tutorial_dag to None, run_after=None
[2025-03-31T06:53:52.000+0000] {processor.py:208} INFO - Processing /home/airflow/.local/lib/python3.12/site-packages/airflow/example_dags/tutorial_dag.py took 0.066 seconds
[2025-03-31T06:54:23.588+0000] {processor.py:186} INFO - Started process (PID=2984) to work on /home/airflow/.local/lib/python3.12/site-packages/airflow/example_dags/tutorial_dag.py
[2025-03-31T06:54:23.589+0000] {processor.py:914} INFO - Processing file /home/airflow/.local/lib/python3.12/site-packages/airflow/example_dags/tutorial_dag.py for tasks to queue
[2025-03-31T06:54:23.592+0000] {logging_mixin.py:190} INFO - [2025-03-31T06:54:23.591+0000] {dagbag.py:588} INFO - Filling up the DagBag from /home/airflow/.local/lib/python3.12/site-packages/airflow/example_dags/tutorial_dag.py
[2025-03-31T06:54:23.603+0000] {processor.py:925} INFO - DAG(s) 'tutorial_dag' retrieved from /home/airflow/.local/lib/python3.12/site-packages/airflow/example_dags/tutorial_dag.py
[2025-03-31T06:54:23.629+0000] {logging_mixin.py:190} INFO - [2025-03-31T06:54:23.629+0000] {dag.py:3239} INFO - Sync 1 DAGs
[2025-03-31T06:54:23.648+0000] {logging_mixin.py:190} INFO - [2025-03-31T06:54:23.647+0000] {dag.py:4180} INFO - Setting next_dagrun for tutorial_dag to None, run_after=None
[2025-03-31T06:54:23.673+0000] {processor.py:208} INFO - Processing /home/airflow/.local/lib/python3.12/site-packages/airflow/example_dags/tutorial_dag.py took 0.093 seconds
[2025-03-31T06:54:54.420+0000] {processor.py:186} INFO - Started process (PID=3275) to work on /home/airflow/.local/lib/python3.12/site-packages/airflow/example_dags/tutorial_dag.py
[2025-03-31T06:54:54.421+0000] {processor.py:914} INFO - Processing file /home/airflow/.local/lib/python3.12/site-packages/airflow/example_dags/tutorial_dag.py for tasks to queue
[2025-03-31T06:54:54.423+0000] {logging_mixin.py:190} INFO - [2025-03-31T06:54:54.423+0000] {dagbag.py:588} INFO - Filling up the DagBag from /home/airflow/.local/lib/python3.12/site-packages/airflow/example_dags/tutorial_dag.py
[2025-03-31T06:54:54.431+0000] {processor.py:925} INFO - DAG(s) 'tutorial_dag' retrieved from /home/airflow/.local/lib/python3.12/site-packages/airflow/example_dags/tutorial_dag.py
[2025-03-31T06:54:54.455+0000] {logging_mixin.py:190} INFO - [2025-03-31T06:54:54.454+0000] {dag.py:3239} INFO - Sync 1 DAGs
[2025-03-31T06:54:54.470+0000] {logging_mixin.py:190} INFO - [2025-03-31T06:54:54.469+0000] {dag.py:4180} INFO - Setting next_dagrun for tutorial_dag to None, run_after=None
[2025-03-31T06:54:54.488+0000] {processor.py:208} INFO - Processing /home/airflow/.local/lib/python3.12/site-packages/airflow/example_dags/tutorial_dag.py took 0.074 seconds
[2025-03-31T06:55:25.752+0000] {processor.py:186} INFO - Started process (PID=3570) to work on /home/airflow/.local/lib/python3.12/site-packages/airflow/example_dags/tutorial_dag.py
[2025-03-31T06:55:25.753+0000] {processor.py:914} INFO - Processing file /home/airflow/.local/lib/python3.12/site-packages/airflow/example_dags/tutorial_dag.py for tasks to queue
[2025-03-31T06:55:25.756+0000] {logging_mixin.py:190} INFO - [2025-03-31T06:55:25.755+0000] {dagbag.py:588} INFO - Filling up the DagBag from /home/airflow/.local/lib/python3.12/site-packages/airflow/example_dags/tutorial_dag.py
[2025-03-31T06:55:25.763+0000] {processor.py:925} INFO - DAG(s) 'tutorial_dag' retrieved from /home/airflow/.local/lib/python3.12/site-packages/airflow/example_dags/tutorial_dag.py
[2025-03-31T06:55:25.783+0000] {logging_mixin.py:190} INFO - [2025-03-31T06:55:25.783+0000] {dag.py:3239} INFO - Sync 1 DAGs
[2025-03-31T06:55:25.800+0000] {logging_mixin.py:190} INFO - [2025-03-31T06:55:25.800+0000] {dag.py:4180} INFO - Setting next_dagrun for tutorial_dag to None, run_after=None
[2025-03-31T06:55:25.817+0000] {processor.py:208} INFO - Processing /home/airflow/.local/lib/python3.12/site-packages/airflow/example_dags/tutorial_dag.py took 0.074 seconds
[2025-03-31T06:55:57.426+0000] {processor.py:186} INFO - Started process (PID=3867) to work on /home/airflow/.local/lib/python3.12/site-packages/airflow/example_dags/tutorial_dag.py
[2025-03-31T06:55:57.427+0000] {processor.py:914} INFO - Processing file /home/airflow/.local/lib/python3.12/site-packages/airflow/example_dags/tutorial_dag.py for tasks to queue
[2025-03-31T06:55:57.429+0000] {logging_mixin.py:190} INFO - [2025-03-31T06:55:57.428+0000] {dagbag.py:588} INFO - Filling up the DagBag from /home/airflow/.local/lib/python3.12/site-packages/airflow/example_dags/tutorial_dag.py
[2025-03-31T06:55:57.439+0000] {processor.py:925} INFO - DAG(s) 'tutorial_dag' retrieved from /home/airflow/.local/lib/python3.12/site-packages/airflow/example_dags/tutorial_dag.py
[2025-03-31T06:55:57.463+0000] {logging_mixin.py:190} INFO - [2025-03-31T06:55:57.462+0000] {dag.py:3239} INFO - Sync 1 DAGs
[2025-03-31T06:55:57.476+0000] {logging_mixin.py:190} INFO - [2025-03-31T06:55:57.476+0000] {dag.py:4180} INFO - Setting next_dagrun for tutorial_dag to None, run_after=None
[2025-03-31T06:55:57.492+0000] {processor.py:208} INFO - Processing /home/airflow/.local/lib/python3.12/site-packages/airflow/example_dags/tutorial_dag.py took 0.071 seconds
[2025-03-31T06:56:29.758+0000] {processor.py:186} INFO - Started process (PID=4158) to work on /home/airflow/.local/lib/python3.12/site-packages/airflow/example_dags/tutorial_dag.py
[2025-03-31T06:56:29.760+0000] {processor.py:914} INFO - Processing file /home/airflow/.local/lib/python3.12/site-packages/airflow/example_dags/tutorial_dag.py for tasks to queue
[2025-03-31T06:56:29.763+0000] {logging_mixin.py:190} INFO - [2025-03-31T06:56:29.763+0000] {dagbag.py:588} INFO - Filling up the DagBag from /home/airflow/.local/lib/python3.12/site-packages/airflow/example_dags/tutorial_dag.py
[2025-03-31T06:56:29.776+0000] {processor.py:925} INFO - DAG(s) 'tutorial_dag' retrieved from /home/airflow/.local/lib/python3.12/site-packages/airflow/example_dags/tutorial_dag.py
[2025-03-31T06:56:29.813+0000] {logging_mixin.py:190} INFO - [2025-03-31T06:56:29.813+0000] {dag.py:3239} INFO - Sync 1 DAGs
[2025-03-31T06:56:29.852+0000] {logging_mixin.py:190} INFO - [2025-03-31T06:56:29.852+0000] {dag.py:4180} INFO - Setting next_dagrun for tutorial_dag to None, run_after=None
[2025-03-31T06:56:29.884+0000] {processor.py:208} INFO - Processing /home/airflow/.local/lib/python3.12/site-packages/airflow/example_dags/tutorial_dag.py took 0.138 seconds
[2025-03-31T06:57:01.155+0000] {processor.py:186} INFO - Started process (PID=4447) to work on /home/airflow/.local/lib/python3.12/site-packages/airflow/example_dags/tutorial_dag.py
[2025-03-31T06:57:01.156+0000] {processor.py:914} INFO - Processing file /home/airflow/.local/lib/python3.12/site-packages/airflow/example_dags/tutorial_dag.py for tasks to queue
[2025-03-31T06:57:01.160+0000] {logging_mixin.py:190} INFO - [2025-03-31T06:57:01.160+0000] {dagbag.py:588} INFO - Filling up the DagBag from /home/airflow/.local/lib/python3.12/site-packages/airflow/example_dags/tutorial_dag.py
[2025-03-31T06:57:01.173+0000] {processor.py:925} INFO - DAG(s) 'tutorial_dag' retrieved from /home/airflow/.local/lib/python3.12/site-packages/airflow/example_dags/tutorial_dag.py
[2025-03-31T06:57:01.204+0000] {logging_mixin.py:190} INFO - [2025-03-31T06:57:01.204+0000] {dag.py:3239} INFO - Sync 1 DAGs
[2025-03-31T06:57:01.227+0000] {logging_mixin.py:190} INFO - [2025-03-31T06:57:01.227+0000] {dag.py:4180} INFO - Setting next_dagrun for tutorial_dag to None, run_after=None
[2025-03-31T06:57:01.257+0000] {processor.py:208} INFO - Processing /home/airflow/.local/lib/python3.12/site-packages/airflow/example_dags/tutorial_dag.py took 0.112 seconds
[2025-03-31T06:57:32.251+0000] {processor.py:186} INFO - Started process (PID=4738) to work on /home/airflow/.local/lib/python3.12/site-packages/airflow/example_dags/tutorial_dag.py
[2025-03-31T06:57:32.252+0000] {processor.py:914} INFO - Processing file /home/airflow/.local/lib/python3.12/site-packages/airflow/example_dags/tutorial_dag.py for tasks to queue
[2025-03-31T06:57:32.255+0000] {logging_mixin.py:190} INFO - [2025-03-31T06:57:32.255+0000] {dagbag.py:588} INFO - Filling up the DagBag from /home/airflow/.local/lib/python3.12/site-packages/airflow/example_dags/tutorial_dag.py
[2025-03-31T06:57:32.267+0000] {processor.py:925} INFO - DAG(s) 'tutorial_dag' retrieved from /home/airflow/.local/lib/python3.12/site-packages/airflow/example_dags/tutorial_dag.py
[2025-03-31T06:57:32.293+0000] {logging_mixin.py:190} INFO - [2025-03-31T06:57:32.292+0000] {dag.py:3239} INFO - Sync 1 DAGs
[2025-03-31T06:57:32.312+0000] {logging_mixin.py:190} INFO - [2025-03-31T06:57:32.312+0000] {dag.py:4180} INFO - Setting next_dagrun for tutorial_dag to None, run_after=None
[2025-03-31T06:57:32.334+0000] {processor.py:208} INFO - Processing /home/airflow/.local/lib/python3.12/site-packages/airflow/example_dags/tutorial_dag.py took 0.093 seconds
[2025-03-31T06:58:03.469+0000] {processor.py:186} INFO - Started process (PID=5029) to work on /home/airflow/.local/lib/python3.12/site-packages/airflow/example_dags/tutorial_dag.py
[2025-03-31T06:58:03.471+0000] {processor.py:914} INFO - Processing file /home/airflow/.local/lib/python3.12/site-packages/airflow/example_dags/tutorial_dag.py for tasks to queue
[2025-03-31T06:58:03.474+0000] {logging_mixin.py:190} INFO - [2025-03-31T06:58:03.473+0000] {dagbag.py:588} INFO - Filling up the DagBag from /home/airflow/.local/lib/python3.12/site-packages/airflow/example_dags/tutorial_dag.py
[2025-03-31T06:58:03.485+0000] {processor.py:925} INFO - DAG(s) 'tutorial_dag' retrieved from /home/airflow/.local/lib/python3.12/site-packages/airflow/example_dags/tutorial_dag.py
[2025-03-31T06:58:03.512+0000] {logging_mixin.py:190} INFO - [2025-03-31T06:58:03.512+0000] {dag.py:3239} INFO - Sync 1 DAGs
[2025-03-31T06:58:03.533+0000] {logging_mixin.py:190} INFO - [2025-03-31T06:58:03.533+0000] {dag.py:4180} INFO - Setting next_dagrun for tutorial_dag to None, run_after=None
[2025-03-31T06:58:03.562+0000] {processor.py:208} INFO - Processing /home/airflow/.local/lib/python3.12/site-packages/airflow/example_dags/tutorial_dag.py took 0.102 seconds
[2025-03-31T06:58:35.069+0000] {processor.py:186} INFO - Started process (PID=5320) to work on /home/airflow/.local/lib/python3.12/site-packages/airflow/example_dags/tutorial_dag.py
[2025-03-31T06:58:35.070+0000] {processor.py:914} INFO - Processing file /home/airflow/.local/lib/python3.12/site-packages/airflow/example_dags/tutorial_dag.py for tasks to queue
[2025-03-31T06:58:35.073+0000] {logging_mixin.py:190} INFO - [2025-03-31T06:58:35.073+0000] {dagbag.py:588} INFO - Filling up the DagBag from /home/airflow/.local/lib/python3.12/site-packages/airflow/example_dags/tutorial_dag.py
[2025-03-31T06:58:35.085+0000] {processor.py:925} INFO - DAG(s) 'tutorial_dag' retrieved from /home/airflow/.local/lib/python3.12/site-packages/airflow/example_dags/tutorial_dag.py
[2025-03-31T06:58:35.112+0000] {logging_mixin.py:190} INFO - [2025-03-31T06:58:35.112+0000] {dag.py:3239} INFO - Sync 1 DAGs
[2025-03-31T06:58:35.131+0000] {logging_mixin.py:190} INFO - [2025-03-31T06:58:35.130+0000] {dag.py:4180} INFO - Setting next_dagrun for tutorial_dag to None, run_after=None
[2025-03-31T06:58:35.161+0000] {processor.py:208} INFO - Processing /home/airflow/.local/lib/python3.12/site-packages/airflow/example_dags/tutorial_dag.py took 0.102 seconds
[2025-03-31T06:59:06.239+0000] {processor.py:186} INFO - Started process (PID=5616) to work on /home/airflow/.local/lib/python3.12/site-packages/airflow/example_dags/tutorial_dag.py
[2025-03-31T06:59:06.240+0000] {processor.py:914} INFO - Processing file /home/airflow/.local/lib/python3.12/site-packages/airflow/example_dags/tutorial_dag.py for tasks to queue
[2025-03-31T06:59:06.244+0000] {logging_mixin.py:190} INFO - [2025-03-31T06:59:06.243+0000] {dagbag.py:588} INFO - Filling up the DagBag from /home/airflow/.local/lib/python3.12/site-packages/airflow/example_dags/tutorial_dag.py
[2025-03-31T06:59:06.255+0000] {processor.py:925} INFO - DAG(s) 'tutorial_dag' retrieved from /home/airflow/.local/lib/python3.12/site-packages/airflow/example_dags/tutorial_dag.py
[2025-03-31T06:59:06.281+0000] {logging_mixin.py:190} INFO - [2025-03-31T06:59:06.281+0000] {dag.py:3239} INFO - Sync 1 DAGs
[2025-03-31T06:59:06.302+0000] {logging_mixin.py:190} INFO - [2025-03-31T06:59:06.302+0000] {dag.py:4180} INFO - Setting next_dagrun for tutorial_dag to None, run_after=None
[2025-03-31T06:59:06.326+0000] {processor.py:208} INFO - Processing /home/airflow/.local/lib/python3.12/site-packages/airflow/example_dags/tutorial_dag.py took 0.095 seconds
[2025-03-31T06:59:37.533+0000] {processor.py:186} INFO - Started process (PID=5907) to work on /home/airflow/.local/lib/python3.12/site-packages/airflow/example_dags/tutorial_dag.py
[2025-03-31T06:59:37.534+0000] {processor.py:914} INFO - Processing file /home/airflow/.local/lib/python3.12/site-packages/airflow/example_dags/tutorial_dag.py for tasks to queue
[2025-03-31T06:59:37.536+0000] {logging_mixin.py:190} INFO - [2025-03-31T06:59:37.536+0000] {dagbag.py:588} INFO - Filling up the DagBag from /home/airflow/.local/lib/python3.12/site-packages/airflow/example_dags/tutorial_dag.py
[2025-03-31T06:59:37.546+0000] {processor.py:925} INFO - DAG(s) 'tutorial_dag' retrieved from /home/airflow/.local/lib/python3.12/site-packages/airflow/example_dags/tutorial_dag.py
[2025-03-31T06:59:37.570+0000] {logging_mixin.py:190} INFO - [2025-03-31T06:59:37.569+0000] {dag.py:3239} INFO - Sync 1 DAGs
[2025-03-31T06:59:37.588+0000] {logging_mixin.py:190} INFO - [2025-03-31T06:59:37.587+0000] {dag.py:4180} INFO - Setting next_dagrun for tutorial_dag to None, run_after=None
[2025-03-31T06:59:37.608+0000] {processor.py:208} INFO - Processing /home/airflow/.local/lib/python3.12/site-packages/airflow/example_dags/tutorial_dag.py took 0.082 seconds
[2025-03-31T07:00:09.097+0000] {processor.py:186} INFO - Started process (PID=6193) to work on /home/airflow/.local/lib/python3.12/site-packages/airflow/example_dags/tutorial_dag.py
[2025-03-31T07:00:09.100+0000] {processor.py:914} INFO - Processing file /home/airflow/.local/lib/python3.12/site-packages/airflow/example_dags/tutorial_dag.py for tasks to queue
[2025-03-31T07:00:09.104+0000] {logging_mixin.py:190} INFO - [2025-03-31T07:00:09.104+0000] {dagbag.py:588} INFO - Filling up the DagBag from /home/airflow/.local/lib/python3.12/site-packages/airflow/example_dags/tutorial_dag.py
[2025-03-31T07:00:09.113+0000] {processor.py:925} INFO - DAG(s) 'tutorial_dag' retrieved from /home/airflow/.local/lib/python3.12/site-packages/airflow/example_dags/tutorial_dag.py
[2025-03-31T07:00:09.135+0000] {logging_mixin.py:190} INFO - [2025-03-31T07:00:09.134+0000] {dag.py:3239} INFO - Sync 1 DAGs
[2025-03-31T07:00:09.153+0000] {logging_mixin.py:190} INFO - [2025-03-31T07:00:09.152+0000] {dag.py:4180} INFO - Setting next_dagrun for tutorial_dag to None, run_after=None
[2025-03-31T07:00:09.179+0000] {processor.py:208} INFO - Processing /home/airflow/.local/lib/python3.12/site-packages/airflow/example_dags/tutorial_dag.py took 0.089 seconds
[2025-03-31T07:00:40.655+0000] {processor.py:186} INFO - Started process (PID=6484) to work on /home/airflow/.local/lib/python3.12/site-packages/airflow/example_dags/tutorial_dag.py
[2025-03-31T07:00:40.656+0000] {processor.py:914} INFO - Processing file /home/airflow/.local/lib/python3.12/site-packages/airflow/example_dags/tutorial_dag.py for tasks to queue
[2025-03-31T07:00:40.658+0000] {logging_mixin.py:190} INFO - [2025-03-31T07:00:40.658+0000] {dagbag.py:588} INFO - Filling up the DagBag from /home/airflow/.local/lib/python3.12/site-packages/airflow/example_dags/tutorial_dag.py
[2025-03-31T07:00:40.667+0000] {processor.py:925} INFO - DAG(s) 'tutorial_dag' retrieved from /home/airflow/.local/lib/python3.12/site-packages/airflow/example_dags/tutorial_dag.py
[2025-03-31T07:00:40.687+0000] {logging_mixin.py:190} INFO - [2025-03-31T07:00:40.687+0000] {dag.py:3239} INFO - Sync 1 DAGs
[2025-03-31T07:00:40.707+0000] {logging_mixin.py:190} INFO - [2025-03-31T07:00:40.707+0000] {dag.py:4180} INFO - Setting next_dagrun for tutorial_dag to None, run_after=None
[2025-03-31T07:00:40.726+0000] {processor.py:208} INFO - Processing /home/airflow/.local/lib/python3.12/site-packages/airflow/example_dags/tutorial_dag.py took 0.079 seconds
[2025-03-31T07:01:11.775+0000] {processor.py:186} INFO - Started process (PID=6786) to work on /home/airflow/.local/lib/python3.12/site-packages/airflow/example_dags/tutorial_dag.py
[2025-03-31T07:01:11.776+0000] {processor.py:914} INFO - Processing file /home/airflow/.local/lib/python3.12/site-packages/airflow/example_dags/tutorial_dag.py for tasks to queue
[2025-03-31T07:01:11.779+0000] {logging_mixin.py:190} INFO - [2025-03-31T07:01:11.778+0000] {dagbag.py:588} INFO - Filling up the DagBag from /home/airflow/.local/lib/python3.12/site-packages/airflow/example_dags/tutorial_dag.py
[2025-03-31T07:01:11.787+0000] {processor.py:925} INFO - DAG(s) 'tutorial_dag' retrieved from /home/airflow/.local/lib/python3.12/site-packages/airflow/example_dags/tutorial_dag.py
[2025-03-31T07:01:11.806+0000] {logging_mixin.py:190} INFO - [2025-03-31T07:01:11.806+0000] {dag.py:3239} INFO - Sync 1 DAGs
[2025-03-31T07:01:11.821+0000] {logging_mixin.py:190} INFO - [2025-03-31T07:01:11.821+0000] {dag.py:4180} INFO - Setting next_dagrun for tutorial_dag to None, run_after=None
[2025-03-31T07:01:11.838+0000] {processor.py:208} INFO - Processing /home/airflow/.local/lib/python3.12/site-packages/airflow/example_dags/tutorial_dag.py took 0.069 seconds
[2025-03-31T07:01:42.580+0000] {processor.py:186} INFO - Started process (PID=7074) to work on /home/airflow/.local/lib/python3.12/site-packages/airflow/example_dags/tutorial_dag.py
[2025-03-31T07:01:42.581+0000] {processor.py:914} INFO - Processing file /home/airflow/.local/lib/python3.12/site-packages/airflow/example_dags/tutorial_dag.py for tasks to queue
[2025-03-31T07:01:42.584+0000] {logging_mixin.py:190} INFO - [2025-03-31T07:01:42.583+0000] {dagbag.py:588} INFO - Filling up the DagBag from /home/airflow/.local/lib/python3.12/site-packages/airflow/example_dags/tutorial_dag.py
[2025-03-31T07:01:42.591+0000] {processor.py:925} INFO - DAG(s) 'tutorial_dag' retrieved from /home/airflow/.local/lib/python3.12/site-packages/airflow/example_dags/tutorial_dag.py
[2025-03-31T07:01:42.611+0000] {logging_mixin.py:190} INFO - [2025-03-31T07:01:42.611+0000] {dag.py:3239} INFO - Sync 1 DAGs
[2025-03-31T07:01:42.626+0000] {logging_mixin.py:190} INFO - [2025-03-31T07:01:42.626+0000] {dag.py:4180} INFO - Setting next_dagrun for tutorial_dag to None, run_after=None
[2025-03-31T07:01:42.644+0000] {processor.py:208} INFO - Processing /home/airflow/.local/lib/python3.12/site-packages/airflow/example_dags/tutorial_dag.py took 0.070 seconds
[2025-03-31T07:02:14.013+0000] {processor.py:186} INFO - Started process (PID=7363) to work on /home/airflow/.local/lib/python3.12/site-packages/airflow/example_dags/tutorial_dag.py
[2025-03-31T07:02:14.014+0000] {processor.py:914} INFO - Processing file /home/airflow/.local/lib/python3.12/site-packages/airflow/example_dags/tutorial_dag.py for tasks to queue
[2025-03-31T07:02:14.017+0000] {logging_mixin.py:190} INFO - [2025-03-31T07:02:14.016+0000] {dagbag.py:588} INFO - Filling up the DagBag from /home/airflow/.local/lib/python3.12/site-packages/airflow/example_dags/tutorial_dag.py
[2025-03-31T07:02:14.025+0000] {processor.py:925} INFO - DAG(s) 'tutorial_dag' retrieved from /home/airflow/.local/lib/python3.12/site-packages/airflow/example_dags/tutorial_dag.py
[2025-03-31T07:02:14.045+0000] {logging_mixin.py:190} INFO - [2025-03-31T07:02:14.044+0000] {dag.py:3239} INFO - Sync 1 DAGs
[2025-03-31T07:02:14.059+0000] {logging_mixin.py:190} INFO - [2025-03-31T07:02:14.059+0000] {dag.py:4180} INFO - Setting next_dagrun for tutorial_dag to None, run_after=None
[2025-03-31T07:02:14.079+0000] {processor.py:208} INFO - Processing /home/airflow/.local/lib/python3.12/site-packages/airflow/example_dags/tutorial_dag.py took 0.071 seconds
[2025-03-31T07:02:44.898+0000] {processor.py:186} INFO - Started process (PID=7654) to work on /home/airflow/.local/lib/python3.12/site-packages/airflow/example_dags/tutorial_dag.py
[2025-03-31T07:02:44.899+0000] {processor.py:914} INFO - Processing file /home/airflow/.local/lib/python3.12/site-packages/airflow/example_dags/tutorial_dag.py for tasks to queue
[2025-03-31T07:02:44.901+0000] {logging_mixin.py:190} INFO - [2025-03-31T07:02:44.901+0000] {dagbag.py:588} INFO - Filling up the DagBag from /home/airflow/.local/lib/python3.12/site-packages/airflow/example_dags/tutorial_dag.py
[2025-03-31T07:02:44.909+0000] {processor.py:925} INFO - DAG(s) 'tutorial_dag' retrieved from /home/airflow/.local/lib/python3.12/site-packages/airflow/example_dags/tutorial_dag.py
[2025-03-31T07:02:44.928+0000] {logging_mixin.py:190} INFO - [2025-03-31T07:02:44.928+0000] {dag.py:3239} INFO - Sync 1 DAGs
[2025-03-31T07:02:44.943+0000] {logging_mixin.py:190} INFO - [2025-03-31T07:02:44.943+0000] {dag.py:4180} INFO - Setting next_dagrun for tutorial_dag to None, run_after=None
[2025-03-31T07:02:44.964+0000] {processor.py:208} INFO - Processing /home/airflow/.local/lib/python3.12/site-packages/airflow/example_dags/tutorial_dag.py took 0.073 seconds
[2025-03-31T07:03:16.090+0000] {processor.py:186} INFO - Started process (PID=7945) to work on /home/airflow/.local/lib/python3.12/site-packages/airflow/example_dags/tutorial_dag.py
[2025-03-31T07:03:16.091+0000] {processor.py:914} INFO - Processing file /home/airflow/.local/lib/python3.12/site-packages/airflow/example_dags/tutorial_dag.py for tasks to queue
[2025-03-31T07:03:16.094+0000] {logging_mixin.py:190} INFO - [2025-03-31T07:03:16.094+0000] {dagbag.py:588} INFO - Filling up the DagBag from /home/airflow/.local/lib/python3.12/site-packages/airflow/example_dags/tutorial_dag.py
[2025-03-31T07:03:16.102+0000] {processor.py:925} INFO - DAG(s) 'tutorial_dag' retrieved from /home/airflow/.local/lib/python3.12/site-packages/airflow/example_dags/tutorial_dag.py
[2025-03-31T07:03:16.125+0000] {logging_mixin.py:190} INFO - [2025-03-31T07:03:16.125+0000] {dag.py:3239} INFO - Sync 1 DAGs
[2025-03-31T07:03:16.142+0000] {logging_mixin.py:190} INFO - [2025-03-31T07:03:16.142+0000] {dag.py:4180} INFO - Setting next_dagrun for tutorial_dag to None, run_after=None
[2025-03-31T07:03:16.161+0000] {processor.py:208} INFO - Processing /home/airflow/.local/lib/python3.12/site-packages/airflow/example_dags/tutorial_dag.py took 0.078 seconds
[2025-03-31T07:03:47.728+0000] {processor.py:186} INFO - Started process (PID=8236) to work on /home/airflow/.local/lib/python3.12/site-packages/airflow/example_dags/tutorial_dag.py
[2025-03-31T07:03:47.729+0000] {processor.py:914} INFO - Processing file /home/airflow/.local/lib/python3.12/site-packages/airflow/example_dags/tutorial_dag.py for tasks to queue
[2025-03-31T07:03:47.731+0000] {logging_mixin.py:190} INFO - [2025-03-31T07:03:47.731+0000] {dagbag.py:588} INFO - Filling up the DagBag from /home/airflow/.local/lib/python3.12/site-packages/airflow/example_dags/tutorial_dag.py
[2025-03-31T07:03:47.739+0000] {processor.py:925} INFO - DAG(s) 'tutorial_dag' retrieved from /home/airflow/.local/lib/python3.12/site-packages/airflow/example_dags/tutorial_dag.py
[2025-03-31T07:03:47.760+0000] {logging_mixin.py:190} INFO - [2025-03-31T07:03:47.760+0000] {dag.py:3239} INFO - Sync 1 DAGs
[2025-03-31T07:03:47.777+0000] {logging_mixin.py:190} INFO - [2025-03-31T07:03:47.777+0000] {dag.py:4180} INFO - Setting next_dagrun for tutorial_dag to None, run_after=None
[2025-03-31T07:03:47.796+0000] {processor.py:208} INFO - Processing /home/airflow/.local/lib/python3.12/site-packages/airflow/example_dags/tutorial_dag.py took 0.076 seconds
[2025-03-31T07:04:18.763+0000] {processor.py:186} INFO - Started process (PID=8527) to work on /home/airflow/.local/lib/python3.12/site-packages/airflow/example_dags/tutorial_dag.py
[2025-03-31T07:04:18.764+0000] {processor.py:914} INFO - Processing file /home/airflow/.local/lib/python3.12/site-packages/airflow/example_dags/tutorial_dag.py for tasks to queue
[2025-03-31T07:04:18.767+0000] {logging_mixin.py:190} INFO - [2025-03-31T07:04:18.766+0000] {dagbag.py:588} INFO - Filling up the DagBag from /home/airflow/.local/lib/python3.12/site-packages/airflow/example_dags/tutorial_dag.py
[2025-03-31T07:04:18.775+0000] {processor.py:925} INFO - DAG(s) 'tutorial_dag' retrieved from /home/airflow/.local/lib/python3.12/site-packages/airflow/example_dags/tutorial_dag.py
[2025-03-31T07:04:18.796+0000] {logging_mixin.py:190} INFO - [2025-03-31T07:04:18.796+0000] {dag.py:3239} INFO - Sync 1 DAGs
[2025-03-31T07:04:18.812+0000] {logging_mixin.py:190} INFO - [2025-03-31T07:04:18.812+0000] {dag.py:4180} INFO - Setting next_dagrun for tutorial_dag to None, run_after=None
[2025-03-31T07:04:18.832+0000] {processor.py:208} INFO - Processing /home/airflow/.local/lib/python3.12/site-packages/airflow/example_dags/tutorial_dag.py took 0.075 seconds
[2025-03-31T07:04:50.234+0000] {processor.py:186} INFO - Started process (PID=8818) to work on /home/airflow/.local/lib/python3.12/site-packages/airflow/example_dags/tutorial_dag.py
[2025-03-31T07:04:50.235+0000] {processor.py:914} INFO - Processing file /home/airflow/.local/lib/python3.12/site-packages/airflow/example_dags/tutorial_dag.py for tasks to queue
[2025-03-31T07:04:50.238+0000] {logging_mixin.py:190} INFO - [2025-03-31T07:04:50.238+0000] {dagbag.py:588} INFO - Filling up the DagBag from /home/airflow/.local/lib/python3.12/site-packages/airflow/example_dags/tutorial_dag.py
[2025-03-31T07:04:50.246+0000] {processor.py:925} INFO - DAG(s) 'tutorial_dag' retrieved from /home/airflow/.local/lib/python3.12/site-packages/airflow/example_dags/tutorial_dag.py
[2025-03-31T07:04:50.268+0000] {logging_mixin.py:190} INFO - [2025-03-31T07:04:50.267+0000] {dag.py:3239} INFO - Sync 1 DAGs
[2025-03-31T07:04:50.286+0000] {logging_mixin.py:190} INFO - [2025-03-31T07:04:50.286+0000] {dag.py:4180} INFO - Setting next_dagrun for tutorial_dag to None, run_after=None
[2025-03-31T07:04:50.304+0000] {processor.py:208} INFO - Processing /home/airflow/.local/lib/python3.12/site-packages/airflow/example_dags/tutorial_dag.py took 0.076 seconds
[2025-03-31T07:05:21.582+0000] {processor.py:186} INFO - Started process (PID=9111) to work on /home/airflow/.local/lib/python3.12/site-packages/airflow/example_dags/tutorial_dag.py
[2025-03-31T07:05:21.583+0000] {processor.py:914} INFO - Processing file /home/airflow/.local/lib/python3.12/site-packages/airflow/example_dags/tutorial_dag.py for tasks to queue
[2025-03-31T07:05:21.585+0000] {logging_mixin.py:190} INFO - [2025-03-31T07:05:21.585+0000] {dagbag.py:588} INFO - Filling up the DagBag from /home/airflow/.local/lib/python3.12/site-packages/airflow/example_dags/tutorial_dag.py
[2025-03-31T07:05:21.594+0000] {processor.py:925} INFO - DAG(s) 'tutorial_dag' retrieved from /home/airflow/.local/lib/python3.12/site-packages/airflow/example_dags/tutorial_dag.py
[2025-03-31T07:05:21.618+0000] {logging_mixin.py:190} INFO - [2025-03-31T07:05:21.617+0000] {dag.py:3239} INFO - Sync 1 DAGs
[2025-03-31T07:05:21.634+0000] {logging_mixin.py:190} INFO - [2025-03-31T07:05:21.634+0000] {dag.py:4180} INFO - Setting next_dagrun for tutorial_dag to None, run_after=None
[2025-03-31T07:05:21.653+0000] {processor.py:208} INFO - Processing /home/airflow/.local/lib/python3.12/site-packages/airflow/example_dags/tutorial_dag.py took 0.077 seconds
[2025-03-31T07:05:52.810+0000] {processor.py:186} INFO - Started process (PID=9405) to work on /home/airflow/.local/lib/python3.12/site-packages/airflow/example_dags/tutorial_dag.py
[2025-03-31T07:05:52.811+0000] {processor.py:914} INFO - Processing file /home/airflow/.local/lib/python3.12/site-packages/airflow/example_dags/tutorial_dag.py for tasks to queue
[2025-03-31T07:05:52.813+0000] {logging_mixin.py:190} INFO - [2025-03-31T07:05:52.813+0000] {dagbag.py:588} INFO - Filling up the DagBag from /home/airflow/.local/lib/python3.12/site-packages/airflow/example_dags/tutorial_dag.py
[2025-03-31T07:05:52.821+0000] {processor.py:925} INFO - DAG(s) 'tutorial_dag' retrieved from /home/airflow/.local/lib/python3.12/site-packages/airflow/example_dags/tutorial_dag.py
[2025-03-31T07:05:52.844+0000] {logging_mixin.py:190} INFO - [2025-03-31T07:05:52.843+0000] {dag.py:3239} INFO - Sync 1 DAGs
[2025-03-31T07:05:52.859+0000] {logging_mixin.py:190} INFO - [2025-03-31T07:05:52.859+0000] {dag.py:4180} INFO - Setting next_dagrun for tutorial_dag to None, run_after=None
[2025-03-31T07:05:52.877+0000] {processor.py:208} INFO - Processing /home/airflow/.local/lib/python3.12/site-packages/airflow/example_dags/tutorial_dag.py took 0.074 seconds
[2025-03-31T07:06:23.904+0000] {processor.py:186} INFO - Started process (PID=9691) to work on /home/airflow/.local/lib/python3.12/site-packages/airflow/example_dags/tutorial_dag.py
[2025-03-31T07:06:23.905+0000] {processor.py:914} INFO - Processing file /home/airflow/.local/lib/python3.12/site-packages/airflow/example_dags/tutorial_dag.py for tasks to queue
[2025-03-31T07:06:23.907+0000] {logging_mixin.py:190} INFO - [2025-03-31T07:06:23.907+0000] {dagbag.py:588} INFO - Filling up the DagBag from /home/airflow/.local/lib/python3.12/site-packages/airflow/example_dags/tutorial_dag.py
[2025-03-31T07:06:23.915+0000] {processor.py:925} INFO - DAG(s) 'tutorial_dag' retrieved from /home/airflow/.local/lib/python3.12/site-packages/airflow/example_dags/tutorial_dag.py
[2025-03-31T07:06:23.934+0000] {logging_mixin.py:190} INFO - [2025-03-31T07:06:23.934+0000] {dag.py:3239} INFO - Sync 1 DAGs
[2025-03-31T07:06:23.949+0000] {logging_mixin.py:190} INFO - [2025-03-31T07:06:23.948+0000] {dag.py:4180} INFO - Setting next_dagrun for tutorial_dag to None, run_after=None
[2025-03-31T07:06:23.968+0000] {processor.py:208} INFO - Processing /home/airflow/.local/lib/python3.12/site-packages/airflow/example_dags/tutorial_dag.py took 0.070 seconds
[2025-03-31T07:06:54.976+0000] {processor.py:186} INFO - Started process (PID=9987) to work on /home/airflow/.local/lib/python3.12/site-packages/airflow/example_dags/tutorial_dag.py
[2025-03-31T07:06:54.977+0000] {processor.py:914} INFO - Processing file /home/airflow/.local/lib/python3.12/site-packages/airflow/example_dags/tutorial_dag.py for tasks to queue
[2025-03-31T07:06:54.979+0000] {logging_mixin.py:190} INFO - [2025-03-31T07:06:54.979+0000] {dagbag.py:588} INFO - Filling up the DagBag from /home/airflow/.local/lib/python3.12/site-packages/airflow/example_dags/tutorial_dag.py
[2025-03-31T07:06:54.987+0000] {processor.py:925} INFO - DAG(s) 'tutorial_dag' retrieved from /home/airflow/.local/lib/python3.12/site-packages/airflow/example_dags/tutorial_dag.py
[2025-03-31T07:06:55.009+0000] {logging_mixin.py:190} INFO - [2025-03-31T07:06:55.009+0000] {dag.py:3239} INFO - Sync 1 DAGs
[2025-03-31T07:06:55.024+0000] {logging_mixin.py:190} INFO - [2025-03-31T07:06:55.024+0000] {dag.py:4180} INFO - Setting next_dagrun for tutorial_dag to None, run_after=None
[2025-03-31T07:06:55.041+0000] {processor.py:208} INFO - Processing /home/airflow/.local/lib/python3.12/site-packages/airflow/example_dags/tutorial_dag.py took 0.071 seconds
[2025-03-31T07:07:26.530+0000] {processor.py:186} INFO - Started process (PID=10275) to work on /home/airflow/.local/lib/python3.12/site-packages/airflow/example_dags/tutorial_dag.py
[2025-03-31T07:07:26.531+0000] {processor.py:914} INFO - Processing file /home/airflow/.local/lib/python3.12/site-packages/airflow/example_dags/tutorial_dag.py for tasks to queue
[2025-03-31T07:07:26.534+0000] {logging_mixin.py:190} INFO - [2025-03-31T07:07:26.533+0000] {dagbag.py:588} INFO - Filling up the DagBag from /home/airflow/.local/lib/python3.12/site-packages/airflow/example_dags/tutorial_dag.py
[2025-03-31T07:07:26.541+0000] {processor.py:925} INFO - DAG(s) 'tutorial_dag' retrieved from /home/airflow/.local/lib/python3.12/site-packages/airflow/example_dags/tutorial_dag.py
[2025-03-31T07:07:26.561+0000] {logging_mixin.py:190} INFO - [2025-03-31T07:07:26.561+0000] {dag.py:3239} INFO - Sync 1 DAGs
[2025-03-31T07:07:26.576+0000] {logging_mixin.py:190} INFO - [2025-03-31T07:07:26.576+0000] {dag.py:4180} INFO - Setting next_dagrun for tutorial_dag to None, run_after=None
[2025-03-31T07:07:26.594+0000] {processor.py:208} INFO - Processing /home/airflow/.local/lib/python3.12/site-packages/airflow/example_dags/tutorial_dag.py took 0.070 seconds
[2025-03-31T07:07:57.437+0000] {processor.py:186} INFO - Started process (PID=10574) to work on /home/airflow/.local/lib/python3.12/site-packages/airflow/example_dags/tutorial_dag.py
[2025-03-31T07:07:57.438+0000] {processor.py:914} INFO - Processing file /home/airflow/.local/lib/python3.12/site-packages/airflow/example_dags/tutorial_dag.py for tasks to queue
[2025-03-31T07:07:57.440+0000] {logging_mixin.py:190} INFO - [2025-03-31T07:07:57.440+0000] {dagbag.py:588} INFO - Filling up the DagBag from /home/airflow/.local/lib/python3.12/site-packages/airflow/example_dags/tutorial_dag.py
[2025-03-31T07:07:57.448+0000] {processor.py:925} INFO - DAG(s) 'tutorial_dag' retrieved from /home/airflow/.local/lib/python3.12/site-packages/airflow/example_dags/tutorial_dag.py
[2025-03-31T07:07:57.468+0000] {logging_mixin.py:190} INFO - [2025-03-31T07:07:57.468+0000] {dag.py:3239} INFO - Sync 1 DAGs
[2025-03-31T07:07:57.484+0000] {logging_mixin.py:190} INFO - [2025-03-31T07:07:57.484+0000] {dag.py:4180} INFO - Setting next_dagrun for tutorial_dag to None, run_after=None
[2025-03-31T07:07:57.502+0000] {processor.py:208} INFO - Processing /home/airflow/.local/lib/python3.12/site-packages/airflow/example_dags/tutorial_dag.py took 0.071 seconds
[2025-03-31T07:08:29.202+0000] {processor.py:186} INFO - Started process (PID=10865) to work on /home/airflow/.local/lib/python3.12/site-packages/airflow/example_dags/tutorial_dag.py
[2025-03-31T07:08:29.203+0000] {processor.py:914} INFO - Processing file /home/airflow/.local/lib/python3.12/site-packages/airflow/example_dags/tutorial_dag.py for tasks to queue
[2025-03-31T07:08:29.205+0000] {logging_mixin.py:190} INFO - [2025-03-31T07:08:29.205+0000] {dagbag.py:588} INFO - Filling up the DagBag from /home/airflow/.local/lib/python3.12/site-packages/airflow/example_dags/tutorial_dag.py
[2025-03-31T07:08:29.213+0000] {processor.py:925} INFO - DAG(s) 'tutorial_dag' retrieved from /home/airflow/.local/lib/python3.12/site-packages/airflow/example_dags/tutorial_dag.py
[2025-03-31T07:08:29.233+0000] {logging_mixin.py:190} INFO - [2025-03-31T07:08:29.233+0000] {dag.py:3239} INFO - Sync 1 DAGs
[2025-03-31T07:08:29.249+0000] {logging_mixin.py:190} INFO - [2025-03-31T07:08:29.248+0000] {dag.py:4180} INFO - Setting next_dagrun for tutorial_dag to None, run_after=None
[2025-03-31T07:08:29.267+0000] {processor.py:208} INFO - Processing /home/airflow/.local/lib/python3.12/site-packages/airflow/example_dags/tutorial_dag.py took 0.071 seconds
[2025-03-31T07:09:00.549+0000] {processor.py:186} INFO - Started process (PID=11156) to work on /home/airflow/.local/lib/python3.12/site-packages/airflow/example_dags/tutorial_dag.py
[2025-03-31T07:09:00.551+0000] {processor.py:914} INFO - Processing file /home/airflow/.local/lib/python3.12/site-packages/airflow/example_dags/tutorial_dag.py for tasks to queue
[2025-03-31T07:09:00.554+0000] {logging_mixin.py:190} INFO - [2025-03-31T07:09:00.553+0000] {dagbag.py:588} INFO - Filling up the DagBag from /home/airflow/.local/lib/python3.12/site-packages/airflow/example_dags/tutorial_dag.py
[2025-03-31T07:09:00.561+0000] {processor.py:925} INFO - DAG(s) 'tutorial_dag' retrieved from /home/airflow/.local/lib/python3.12/site-packages/airflow/example_dags/tutorial_dag.py
[2025-03-31T07:09:00.581+0000] {logging_mixin.py:190} INFO - [2025-03-31T07:09:00.581+0000] {dag.py:3239} INFO - Sync 1 DAGs
[2025-03-31T07:09:00.595+0000] {logging_mixin.py:190} INFO - [2025-03-31T07:09:00.595+0000] {dag.py:4180} INFO - Setting next_dagrun for tutorial_dag to None, run_after=None
[2025-03-31T07:09:00.614+0000] {processor.py:208} INFO - Processing /home/airflow/.local/lib/python3.12/site-packages/airflow/example_dags/tutorial_dag.py took 0.070 seconds
[2025-03-31T07:09:31.239+0000] {processor.py:186} INFO - Started process (PID=11447) to work on /home/airflow/.local/lib/python3.12/site-packages/airflow/example_dags/tutorial_dag.py
[2025-03-31T07:09:31.240+0000] {processor.py:914} INFO - Processing file /home/airflow/.local/lib/python3.12/site-packages/airflow/example_dags/tutorial_dag.py for tasks to queue
[2025-03-31T07:09:31.243+0000] {logging_mixin.py:190} INFO - [2025-03-31T07:09:31.242+0000] {dagbag.py:588} INFO - Filling up the DagBag from /home/airflow/.local/lib/python3.12/site-packages/airflow/example_dags/tutorial_dag.py
[2025-03-31T07:09:31.250+0000] {processor.py:925} INFO - DAG(s) 'tutorial_dag' retrieved from /home/airflow/.local/lib/python3.12/site-packages/airflow/example_dags/tutorial_dag.py
[2025-03-31T07:09:31.271+0000] {logging_mixin.py:190} INFO - [2025-03-31T07:09:31.271+0000] {dag.py:3239} INFO - Sync 1 DAGs
[2025-03-31T07:09:31.286+0000] {logging_mixin.py:190} INFO - [2025-03-31T07:09:31.286+0000] {dag.py:4180} INFO - Setting next_dagrun for tutorial_dag to None, run_after=None
[2025-03-31T07:09:31.303+0000] {processor.py:208} INFO - Processing /home/airflow/.local/lib/python3.12/site-packages/airflow/example_dags/tutorial_dag.py took 0.070 seconds
[2025-03-31T07:10:02.254+0000] {processor.py:186} INFO - Started process (PID=11768) to work on /home/airflow/.local/lib/python3.12/site-packages/airflow/example_dags/tutorial_dag.py
[2025-03-31T07:10:02.255+0000] {processor.py:914} INFO - Processing file /home/airflow/.local/lib/python3.12/site-packages/airflow/example_dags/tutorial_dag.py for tasks to queue
[2025-03-31T07:10:02.257+0000] {logging_mixin.py:190} INFO - [2025-03-31T07:10:02.257+0000] {dagbag.py:588} INFO - Filling up the DagBag from /home/airflow/.local/lib/python3.12/site-packages/airflow/example_dags/tutorial_dag.py
[2025-03-31T07:10:02.265+0000] {processor.py:925} INFO - DAG(s) 'tutorial_dag' retrieved from /home/airflow/.local/lib/python3.12/site-packages/airflow/example_dags/tutorial_dag.py
[2025-03-31T07:10:02.286+0000] {logging_mixin.py:190} INFO - [2025-03-31T07:10:02.286+0000] {dag.py:3239} INFO - Sync 1 DAGs
[2025-03-31T07:10:02.301+0000] {logging_mixin.py:190} INFO - [2025-03-31T07:10:02.301+0000] {dag.py:4180} INFO - Setting next_dagrun for tutorial_dag to None, run_after=None
[2025-03-31T07:10:02.321+0000] {processor.py:208} INFO - Processing /home/airflow/.local/lib/python3.12/site-packages/airflow/example_dags/tutorial_dag.py took 0.073 seconds
[2025-03-31T07:10:32.640+0000] {processor.py:186} INFO - Started process (PID=12054) to work on /home/airflow/.local/lib/python3.12/site-packages/airflow/example_dags/tutorial_dag.py
[2025-03-31T07:10:32.641+0000] {processor.py:914} INFO - Processing file /home/airflow/.local/lib/python3.12/site-packages/airflow/example_dags/tutorial_dag.py for tasks to queue
[2025-03-31T07:10:32.643+0000] {logging_mixin.py:190} INFO - [2025-03-31T07:10:32.643+0000] {dagbag.py:588} INFO - Filling up the DagBag from /home/airflow/.local/lib/python3.12/site-packages/airflow/example_dags/tutorial_dag.py
[2025-03-31T07:10:32.652+0000] {processor.py:925} INFO - DAG(s) 'tutorial_dag' retrieved from /home/airflow/.local/lib/python3.12/site-packages/airflow/example_dags/tutorial_dag.py
[2025-03-31T07:10:32.671+0000] {logging_mixin.py:190} INFO - [2025-03-31T07:10:32.671+0000] {dag.py:3239} INFO - Sync 1 DAGs
[2025-03-31T07:10:32.686+0000] {logging_mixin.py:190} INFO - [2025-03-31T07:10:32.686+0000] {dag.py:4180} INFO - Setting next_dagrun for tutorial_dag to None, run_after=None
[2025-03-31T07:10:32.703+0000] {processor.py:208} INFO - Processing /home/airflow/.local/lib/python3.12/site-packages/airflow/example_dags/tutorial_dag.py took 0.070 seconds
[2025-03-31T07:11:03.329+0000] {processor.py:186} INFO - Started process (PID=12360) to work on /home/airflow/.local/lib/python3.12/site-packages/airflow/example_dags/tutorial_dag.py
[2025-03-31T07:11:03.330+0000] {processor.py:914} INFO - Processing file /home/airflow/.local/lib/python3.12/site-packages/airflow/example_dags/tutorial_dag.py for tasks to queue
[2025-03-31T07:11:03.332+0000] {logging_mixin.py:190} INFO - [2025-03-31T07:11:03.332+0000] {dagbag.py:588} INFO - Filling up the DagBag from /home/airflow/.local/lib/python3.12/site-packages/airflow/example_dags/tutorial_dag.py
[2025-03-31T07:11:03.340+0000] {processor.py:925} INFO - DAG(s) 'tutorial_dag' retrieved from /home/airflow/.local/lib/python3.12/site-packages/airflow/example_dags/tutorial_dag.py
[2025-03-31T07:11:03.360+0000] {logging_mixin.py:190} INFO - [2025-03-31T07:11:03.360+0000] {dag.py:3239} INFO - Sync 1 DAGs
[2025-03-31T07:11:03.375+0000] {logging_mixin.py:190} INFO - [2025-03-31T07:11:03.375+0000] {dag.py:4180} INFO - Setting next_dagrun for tutorial_dag to None, run_after=None
[2025-03-31T07:11:03.392+0000] {processor.py:208} INFO - Processing /home/airflow/.local/lib/python3.12/site-packages/airflow/example_dags/tutorial_dag.py took 0.070 seconds
[2025-03-31T07:11:33.817+0000] {processor.py:186} INFO - Started process (PID=12646) to work on /home/airflow/.local/lib/python3.12/site-packages/airflow/example_dags/tutorial_dag.py
[2025-03-31T07:11:33.818+0000] {processor.py:914} INFO - Processing file /home/airflow/.local/lib/python3.12/site-packages/airflow/example_dags/tutorial_dag.py for tasks to queue
[2025-03-31T07:11:33.820+0000] {logging_mixin.py:190} INFO - [2025-03-31T07:11:33.820+0000] {dagbag.py:588} INFO - Filling up the DagBag from /home/airflow/.local/lib/python3.12/site-packages/airflow/example_dags/tutorial_dag.py
[2025-03-31T07:11:33.828+0000] {processor.py:925} INFO - DAG(s) 'tutorial_dag' retrieved from /home/airflow/.local/lib/python3.12/site-packages/airflow/example_dags/tutorial_dag.py
[2025-03-31T07:11:33.850+0000] {logging_mixin.py:190} INFO - [2025-03-31T07:11:33.850+0000] {dag.py:3239} INFO - Sync 1 DAGs
[2025-03-31T07:11:33.866+0000] {logging_mixin.py:190} INFO - [2025-03-31T07:11:33.865+0000] {dag.py:4180} INFO - Setting next_dagrun for tutorial_dag to None, run_after=None
[2025-03-31T07:11:33.884+0000] {processor.py:208} INFO - Processing /home/airflow/.local/lib/python3.12/site-packages/airflow/example_dags/tutorial_dag.py took 0.073 seconds
[2025-03-31T07:12:04.373+0000] {processor.py:186} INFO - Started process (PID=12937) to work on /home/airflow/.local/lib/python3.12/site-packages/airflow/example_dags/tutorial_dag.py
[2025-03-31T07:12:04.374+0000] {processor.py:914} INFO - Processing file /home/airflow/.local/lib/python3.12/site-packages/airflow/example_dags/tutorial_dag.py for tasks to queue
[2025-03-31T07:12:04.376+0000] {logging_mixin.py:190} INFO - [2025-03-31T07:12:04.376+0000] {dagbag.py:588} INFO - Filling up the DagBag from /home/airflow/.local/lib/python3.12/site-packages/airflow/example_dags/tutorial_dag.py
[2025-03-31T07:12:04.384+0000] {processor.py:925} INFO - DAG(s) 'tutorial_dag' retrieved from /home/airflow/.local/lib/python3.12/site-packages/airflow/example_dags/tutorial_dag.py
[2025-03-31T07:12:04.405+0000] {logging_mixin.py:190} INFO - [2025-03-31T07:12:04.404+0000] {dag.py:3239} INFO - Sync 1 DAGs
[2025-03-31T07:12:04.420+0000] {logging_mixin.py:190} INFO - [2025-03-31T07:12:04.420+0000] {dag.py:4180} INFO - Setting next_dagrun for tutorial_dag to None, run_after=None
[2025-03-31T07:12:04.437+0000] {processor.py:208} INFO - Processing /home/airflow/.local/lib/python3.12/site-packages/airflow/example_dags/tutorial_dag.py took 0.071 seconds
[2025-03-31T07:12:34.682+0000] {processor.py:186} INFO - Started process (PID=13228) to work on /home/airflow/.local/lib/python3.12/site-packages/airflow/example_dags/tutorial_dag.py
[2025-03-31T07:12:34.683+0000] {processor.py:914} INFO - Processing file /home/airflow/.local/lib/python3.12/site-packages/airflow/example_dags/tutorial_dag.py for tasks to queue
[2025-03-31T07:12:34.686+0000] {logging_mixin.py:190} INFO - [2025-03-31T07:12:34.686+0000] {dagbag.py:588} INFO - Filling up the DagBag from /home/airflow/.local/lib/python3.12/site-packages/airflow/example_dags/tutorial_dag.py
[2025-03-31T07:12:34.694+0000] {processor.py:925} INFO - DAG(s) 'tutorial_dag' retrieved from /home/airflow/.local/lib/python3.12/site-packages/airflow/example_dags/tutorial_dag.py
[2025-03-31T07:12:34.719+0000] {logging_mixin.py:190} INFO - [2025-03-31T07:12:34.719+0000] {dag.py:3239} INFO - Sync 1 DAGs
[2025-03-31T07:12:34.737+0000] {logging_mixin.py:190} INFO - [2025-03-31T07:12:34.737+0000] {dag.py:4180} INFO - Setting next_dagrun for tutorial_dag to None, run_after=None
[2025-03-31T07:12:34.759+0000] {processor.py:208} INFO - Processing /home/airflow/.local/lib/python3.12/site-packages/airflow/example_dags/tutorial_dag.py took 0.084 seconds
[2025-03-31T07:13:04.974+0000] {processor.py:186} INFO - Started process (PID=13519) to work on /home/airflow/.local/lib/python3.12/site-packages/airflow/example_dags/tutorial_dag.py
[2025-03-31T07:13:04.975+0000] {processor.py:914} INFO - Processing file /home/airflow/.local/lib/python3.12/site-packages/airflow/example_dags/tutorial_dag.py for tasks to queue
[2025-03-31T07:13:04.978+0000] {logging_mixin.py:190} INFO - [2025-03-31T07:13:04.977+0000] {dagbag.py:588} INFO - Filling up the DagBag from /home/airflow/.local/lib/python3.12/site-packages/airflow/example_dags/tutorial_dag.py
[2025-03-31T07:13:04.986+0000] {processor.py:925} INFO - DAG(s) 'tutorial_dag' retrieved from /home/airflow/.local/lib/python3.12/site-packages/airflow/example_dags/tutorial_dag.py
[2025-03-31T07:13:05.006+0000] {logging_mixin.py:190} INFO - [2025-03-31T07:13:05.006+0000] {dag.py:3239} INFO - Sync 1 DAGs
[2025-03-31T07:13:05.022+0000] {logging_mixin.py:190} INFO - [2025-03-31T07:13:05.021+0000] {dag.py:4180} INFO - Setting next_dagrun for tutorial_dag to None, run_after=None
[2025-03-31T07:13:05.039+0000] {processor.py:208} INFO - Processing /home/airflow/.local/lib/python3.12/site-packages/airflow/example_dags/tutorial_dag.py took 0.070 seconds
[2025-03-31T07:13:35.803+0000] {processor.py:186} INFO - Started process (PID=13810) to work on /home/airflow/.local/lib/python3.12/site-packages/airflow/example_dags/tutorial_dag.py
[2025-03-31T07:13:35.804+0000] {processor.py:914} INFO - Processing file /home/airflow/.local/lib/python3.12/site-packages/airflow/example_dags/tutorial_dag.py for tasks to queue
[2025-03-31T07:13:35.807+0000] {logging_mixin.py:190} INFO - [2025-03-31T07:13:35.806+0000] {dagbag.py:588} INFO - Filling up the DagBag from /home/airflow/.local/lib/python3.12/site-packages/airflow/example_dags/tutorial_dag.py
[2025-03-31T07:13:35.815+0000] {processor.py:925} INFO - DAG(s) 'tutorial_dag' retrieved from /home/airflow/.local/lib/python3.12/site-packages/airflow/example_dags/tutorial_dag.py
[2025-03-31T07:13:35.836+0000] {logging_mixin.py:190} INFO - [2025-03-31T07:13:35.835+0000] {dag.py:3239} INFO - Sync 1 DAGs
[2025-03-31T07:13:35.852+0000] {logging_mixin.py:190} INFO - [2025-03-31T07:13:35.852+0000] {dag.py:4180} INFO - Setting next_dagrun for tutorial_dag to None, run_after=None
[2025-03-31T07:13:35.873+0000] {processor.py:208} INFO - Processing /home/airflow/.local/lib/python3.12/site-packages/airflow/example_dags/tutorial_dag.py took 0.076 seconds
[2025-03-31T07:14:06.507+0000] {processor.py:186} INFO - Started process (PID=14121) to work on /home/airflow/.local/lib/python3.12/site-packages/airflow/example_dags/tutorial_dag.py
[2025-03-31T07:14:06.508+0000] {processor.py:914} INFO - Processing file /home/airflow/.local/lib/python3.12/site-packages/airflow/example_dags/tutorial_dag.py for tasks to queue
[2025-03-31T07:14:06.510+0000] {logging_mixin.py:190} INFO - [2025-03-31T07:14:06.510+0000] {dagbag.py:588} INFO - Filling up the DagBag from /home/airflow/.local/lib/python3.12/site-packages/airflow/example_dags/tutorial_dag.py
[2025-03-31T07:14:06.518+0000] {processor.py:925} INFO - DAG(s) 'tutorial_dag' retrieved from /home/airflow/.local/lib/python3.12/site-packages/airflow/example_dags/tutorial_dag.py
[2025-03-31T07:14:06.539+0000] {logging_mixin.py:190} INFO - [2025-03-31T07:14:06.539+0000] {dag.py:3239} INFO - Sync 1 DAGs
[2025-03-31T07:14:06.554+0000] {logging_mixin.py:190} INFO - [2025-03-31T07:14:06.554+0000] {dag.py:4180} INFO - Setting next_dagrun for tutorial_dag to None, run_after=None
[2025-03-31T07:14:06.572+0000] {processor.py:208} INFO - Processing /home/airflow/.local/lib/python3.12/site-packages/airflow/example_dags/tutorial_dag.py took 0.071 seconds
[2025-03-31T07:14:36.851+0000] {processor.py:186} INFO - Started process (PID=14412) to work on /home/airflow/.local/lib/python3.12/site-packages/airflow/example_dags/tutorial_dag.py
[2025-03-31T07:14:36.852+0000] {processor.py:914} INFO - Processing file /home/airflow/.local/lib/python3.12/site-packages/airflow/example_dags/tutorial_dag.py for tasks to queue
[2025-03-31T07:14:36.855+0000] {logging_mixin.py:190} INFO - [2025-03-31T07:14:36.855+0000] {dagbag.py:588} INFO - Filling up the DagBag from /home/airflow/.local/lib/python3.12/site-packages/airflow/example_dags/tutorial_dag.py
[2025-03-31T07:14:36.864+0000] {processor.py:925} INFO - DAG(s) 'tutorial_dag' retrieved from /home/airflow/.local/lib/python3.12/site-packages/airflow/example_dags/tutorial_dag.py
[2025-03-31T07:14:36.887+0000] {logging_mixin.py:190} INFO - [2025-03-31T07:14:36.887+0000] {dag.py:3239} INFO - Sync 1 DAGs
[2025-03-31T07:14:36.904+0000] {logging_mixin.py:190} INFO - [2025-03-31T07:14:36.904+0000] {dag.py:4180} INFO - Setting next_dagrun for tutorial_dag to None, run_after=None
[2025-03-31T07:14:36.924+0000] {processor.py:208} INFO - Processing /home/airflow/.local/lib/python3.12/site-packages/airflow/example_dags/tutorial_dag.py took 0.079 seconds
[2025-03-31T07:15:07.992+0000] {processor.py:186} INFO - Started process (PID=14705) to work on /home/airflow/.local/lib/python3.12/site-packages/airflow/example_dags/tutorial_dag.py
[2025-03-31T07:15:07.993+0000] {processor.py:914} INFO - Processing file /home/airflow/.local/lib/python3.12/site-packages/airflow/example_dags/tutorial_dag.py for tasks to queue
[2025-03-31T07:15:07.995+0000] {logging_mixin.py:190} INFO - [2025-03-31T07:15:07.995+0000] {dagbag.py:588} INFO - Filling up the DagBag from /home/airflow/.local/lib/python3.12/site-packages/airflow/example_dags/tutorial_dag.py
[2025-03-31T07:15:08.003+0000] {processor.py:925} INFO - DAG(s) 'tutorial_dag' retrieved from /home/airflow/.local/lib/python3.12/site-packages/airflow/example_dags/tutorial_dag.py
[2025-03-31T07:15:08.024+0000] {logging_mixin.py:190} INFO - [2025-03-31T07:15:08.024+0000] {dag.py:3239} INFO - Sync 1 DAGs
[2025-03-31T07:15:08.040+0000] {logging_mixin.py:190} INFO - [2025-03-31T07:15:08.040+0000] {dag.py:4180} INFO - Setting next_dagrun for tutorial_dag to None, run_after=None
[2025-03-31T07:15:08.060+0000] {processor.py:208} INFO - Processing /home/airflow/.local/lib/python3.12/site-packages/airflow/example_dags/tutorial_dag.py took 0.075 seconds
[2025-03-31T07:15:38.167+0000] {processor.py:186} INFO - Started process (PID=14996) to work on /home/airflow/.local/lib/python3.12/site-packages/airflow/example_dags/tutorial_dag.py
[2025-03-31T07:15:38.168+0000] {processor.py:914} INFO - Processing file /home/airflow/.local/lib/python3.12/site-packages/airflow/example_dags/tutorial_dag.py for tasks to queue
[2025-03-31T07:15:38.170+0000] {logging_mixin.py:190} INFO - [2025-03-31T07:15:38.170+0000] {dagbag.py:588} INFO - Filling up the DagBag from /home/airflow/.local/lib/python3.12/site-packages/airflow/example_dags/tutorial_dag.py
[2025-03-31T07:15:38.178+0000] {processor.py:925} INFO - DAG(s) 'tutorial_dag' retrieved from /home/airflow/.local/lib/python3.12/site-packages/airflow/example_dags/tutorial_dag.py
[2025-03-31T07:15:38.201+0000] {logging_mixin.py:190} INFO - [2025-03-31T07:15:38.200+0000] {dag.py:3239} INFO - Sync 1 DAGs
[2025-03-31T07:15:38.218+0000] {logging_mixin.py:190} INFO - [2025-03-31T07:15:38.217+0000] {dag.py:4180} INFO - Setting next_dagrun for tutorial_dag to None, run_after=None
[2025-03-31T07:15:38.238+0000] {processor.py:208} INFO - Processing /home/airflow/.local/lib/python3.12/site-packages/airflow/example_dags/tutorial_dag.py took 0.078 seconds
[2025-03-31T07:16:08.439+0000] {processor.py:186} INFO - Started process (PID=15287) to work on /home/airflow/.local/lib/python3.12/site-packages/airflow/example_dags/tutorial_dag.py
[2025-03-31T07:16:08.441+0000] {processor.py:914} INFO - Processing file /home/airflow/.local/lib/python3.12/site-packages/airflow/example_dags/tutorial_dag.py for tasks to queue
[2025-03-31T07:16:08.443+0000] {logging_mixin.py:190} INFO - [2025-03-31T07:16:08.443+0000] {dagbag.py:588} INFO - Filling up the DagBag from /home/airflow/.local/lib/python3.12/site-packages/airflow/example_dags/tutorial_dag.py
[2025-03-31T07:16:08.452+0000] {processor.py:925} INFO - DAG(s) 'tutorial_dag' retrieved from /home/airflow/.local/lib/python3.12/site-packages/airflow/example_dags/tutorial_dag.py
[2025-03-31T07:16:08.476+0000] {logging_mixin.py:190} INFO - [2025-03-31T07:16:08.476+0000] {dag.py:3239} INFO - Sync 1 DAGs
[2025-03-31T07:16:08.493+0000] {logging_mixin.py:190} INFO - [2025-03-31T07:16:08.493+0000] {dag.py:4180} INFO - Setting next_dagrun for tutorial_dag to None, run_after=None
[2025-03-31T07:16:08.514+0000] {processor.py:208} INFO - Processing /home/airflow/.local/lib/python3.12/site-packages/airflow/example_dags/tutorial_dag.py took 0.085 seconds
[2025-03-31T07:16:38.614+0000] {processor.py:186} INFO - Started process (PID=15576) to work on /home/airflow/.local/lib/python3.12/site-packages/airflow/example_dags/tutorial_dag.py
[2025-03-31T07:16:38.615+0000] {processor.py:914} INFO - Processing file /home/airflow/.local/lib/python3.12/site-packages/airflow/example_dags/tutorial_dag.py for tasks to queue
[2025-03-31T07:16:38.617+0000] {logging_mixin.py:190} INFO - [2025-03-31T07:16:38.617+0000] {dagbag.py:588} INFO - Filling up the DagBag from /home/airflow/.local/lib/python3.12/site-packages/airflow/example_dags/tutorial_dag.py
[2025-03-31T07:16:38.626+0000] {processor.py:925} INFO - DAG(s) 'tutorial_dag' retrieved from /home/airflow/.local/lib/python3.12/site-packages/airflow/example_dags/tutorial_dag.py
[2025-03-31T07:16:38.649+0000] {logging_mixin.py:190} INFO - [2025-03-31T07:16:38.649+0000] {dag.py:3239} INFO - Sync 1 DAGs
[2025-03-31T07:16:38.665+0000] {logging_mixin.py:190} INFO - [2025-03-31T07:16:38.665+0000] {dag.py:4180} INFO - Setting next_dagrun for tutorial_dag to None, run_after=None
[2025-03-31T07:16:38.687+0000] {processor.py:208} INFO - Processing /home/airflow/.local/lib/python3.12/site-packages/airflow/example_dags/tutorial_dag.py took 0.080 seconds
[2025-03-31T07:17:08.818+0000] {processor.py:186} INFO - Started process (PID=15867) to work on /home/airflow/.local/lib/python3.12/site-packages/airflow/example_dags/tutorial_dag.py
[2025-03-31T07:17:08.819+0000] {processor.py:914} INFO - Processing file /home/airflow/.local/lib/python3.12/site-packages/airflow/example_dags/tutorial_dag.py for tasks to queue
[2025-03-31T07:17:08.822+0000] {logging_mixin.py:190} INFO - [2025-03-31T07:17:08.822+0000] {dagbag.py:588} INFO - Filling up the DagBag from /home/airflow/.local/lib/python3.12/site-packages/airflow/example_dags/tutorial_dag.py
[2025-03-31T07:17:08.830+0000] {processor.py:925} INFO - DAG(s) 'tutorial_dag' retrieved from /home/airflow/.local/lib/python3.12/site-packages/airflow/example_dags/tutorial_dag.py
[2025-03-31T07:17:08.855+0000] {logging_mixin.py:190} INFO - [2025-03-31T07:17:08.854+0000] {dag.py:3239} INFO - Sync 1 DAGs
[2025-03-31T07:17:08.871+0000] {logging_mixin.py:190} INFO - [2025-03-31T07:17:08.871+0000] {dag.py:4180} INFO - Setting next_dagrun for tutorial_dag to None, run_after=None
[2025-03-31T07:17:08.893+0000] {processor.py:208} INFO - Processing /home/airflow/.local/lib/python3.12/site-packages/airflow/example_dags/tutorial_dag.py took 0.081 seconds
[2025-03-31T07:17:39.137+0000] {processor.py:186} INFO - Started process (PID=16158) to work on /home/airflow/.local/lib/python3.12/site-packages/airflow/example_dags/tutorial_dag.py
[2025-03-31T07:17:39.138+0000] {processor.py:914} INFO - Processing file /home/airflow/.local/lib/python3.12/site-packages/airflow/example_dags/tutorial_dag.py for tasks to queue
[2025-03-31T07:17:39.141+0000] {logging_mixin.py:190} INFO - [2025-03-31T07:17:39.141+0000] {dagbag.py:588} INFO - Filling up the DagBag from /home/airflow/.local/lib/python3.12/site-packages/airflow/example_dags/tutorial_dag.py
[2025-03-31T07:17:39.149+0000] {processor.py:925} INFO - DAG(s) 'tutorial_dag' retrieved from /home/airflow/.local/lib/python3.12/site-packages/airflow/example_dags/tutorial_dag.py
[2025-03-31T07:17:39.170+0000] {logging_mixin.py:190} INFO - [2025-03-31T07:17:39.170+0000] {dag.py:3239} INFO - Sync 1 DAGs
[2025-03-31T07:17:39.186+0000] {logging_mixin.py:190} INFO - [2025-03-31T07:17:39.186+0000] {dag.py:4180} INFO - Setting next_dagrun for tutorial_dag to None, run_after=None
[2025-03-31T07:17:39.205+0000] {processor.py:208} INFO - Processing /home/airflow/.local/lib/python3.12/site-packages/airflow/example_dags/tutorial_dag.py took 0.074 seconds
[2025-03-31T07:18:09.936+0000] {processor.py:186} INFO - Started process (PID=16449) to work on /home/airflow/.local/lib/python3.12/site-packages/airflow/example_dags/tutorial_dag.py
[2025-03-31T07:18:09.937+0000] {processor.py:914} INFO - Processing file /home/airflow/.local/lib/python3.12/site-packages/airflow/example_dags/tutorial_dag.py for tasks to queue
[2025-03-31T07:18:09.940+0000] {logging_mixin.py:190} INFO - [2025-03-31T07:18:09.940+0000] {dagbag.py:588} INFO - Filling up the DagBag from /home/airflow/.local/lib/python3.12/site-packages/airflow/example_dags/tutorial_dag.py
[2025-03-31T07:18:09.948+0000] {processor.py:925} INFO - DAG(s) 'tutorial_dag' retrieved from /home/airflow/.local/lib/python3.12/site-packages/airflow/example_dags/tutorial_dag.py
[2025-03-31T07:18:09.970+0000] {logging_mixin.py:190} INFO - [2025-03-31T07:18:09.970+0000] {dag.py:3239} INFO - Sync 1 DAGs
[2025-03-31T07:18:09.987+0000] {logging_mixin.py:190} INFO - [2025-03-31T07:18:09.986+0000] {dag.py:4180} INFO - Setting next_dagrun for tutorial_dag to None, run_after=None
[2025-03-31T07:18:10.005+0000] {processor.py:208} INFO - Processing /home/airflow/.local/lib/python3.12/site-packages/airflow/example_dags/tutorial_dag.py took 0.075 seconds
[2025-03-31T07:18:40.583+0000] {processor.py:186} INFO - Started process (PID=16742) to work on /home/airflow/.local/lib/python3.12/site-packages/airflow/example_dags/tutorial_dag.py
[2025-03-31T07:18:40.585+0000] {processor.py:914} INFO - Processing file /home/airflow/.local/lib/python3.12/site-packages/airflow/example_dags/tutorial_dag.py for tasks to queue
[2025-03-31T07:18:40.587+0000] {logging_mixin.py:190} INFO - [2025-03-31T07:18:40.587+0000] {dagbag.py:588} INFO - Filling up the DagBag from /home/airflow/.local/lib/python3.12/site-packages/airflow/example_dags/tutorial_dag.py
[2025-03-31T07:18:40.596+0000] {processor.py:925} INFO - DAG(s) 'tutorial_dag' retrieved from /home/airflow/.local/lib/python3.12/site-packages/airflow/example_dags/tutorial_dag.py
[2025-03-31T07:18:40.619+0000] {logging_mixin.py:190} INFO - [2025-03-31T07:18:40.618+0000] {dag.py:3239} INFO - Sync 1 DAGs
[2025-03-31T07:18:40.633+0000] {logging_mixin.py:190} INFO - [2025-03-31T07:18:40.633+0000] {dag.py:4180} INFO - Setting next_dagrun for tutorial_dag to None, run_after=None
[2025-03-31T07:18:40.653+0000] {processor.py:208} INFO - Processing /home/airflow/.local/lib/python3.12/site-packages/airflow/example_dags/tutorial_dag.py took 0.076 seconds
[2025-03-31T07:19:11.511+0000] {processor.py:186} INFO - Started process (PID=17033) to work on /home/airflow/.local/lib/python3.12/site-packages/airflow/example_dags/tutorial_dag.py
[2025-03-31T07:19:11.512+0000] {processor.py:914} INFO - Processing file /home/airflow/.local/lib/python3.12/site-packages/airflow/example_dags/tutorial_dag.py for tasks to queue
[2025-03-31T07:19:11.515+0000] {logging_mixin.py:190} INFO - [2025-03-31T07:19:11.515+0000] {dagbag.py:588} INFO - Filling up the DagBag from /home/airflow/.local/lib/python3.12/site-packages/airflow/example_dags/tutorial_dag.py
[2025-03-31T07:19:11.527+0000] {processor.py:925} INFO - DAG(s) 'tutorial_dag' retrieved from /home/airflow/.local/lib/python3.12/site-packages/airflow/example_dags/tutorial_dag.py
[2025-03-31T07:19:11.558+0000] {logging_mixin.py:190} INFO - [2025-03-31T07:19:11.556+0000] {dag.py:3239} INFO - Sync 1 DAGs
[2025-03-31T07:19:11.580+0000] {logging_mixin.py:190} INFO - [2025-03-31T07:19:11.580+0000] {dag.py:4180} INFO - Setting next_dagrun for tutorial_dag to None, run_after=None
[2025-03-31T07:19:11.605+0000] {processor.py:208} INFO - Processing /home/airflow/.local/lib/python3.12/site-packages/airflow/example_dags/tutorial_dag.py took 0.104 seconds
[2025-03-31T07:19:42.240+0000] {processor.py:186} INFO - Started process (PID=17322) to work on /home/airflow/.local/lib/python3.12/site-packages/airflow/example_dags/tutorial_dag.py
[2025-03-31T07:19:42.241+0000] {processor.py:914} INFO - Processing file /home/airflow/.local/lib/python3.12/site-packages/airflow/example_dags/tutorial_dag.py for tasks to queue
[2025-03-31T07:19:42.246+0000] {logging_mixin.py:190} INFO - [2025-03-31T07:19:42.246+0000] {dagbag.py:588} INFO - Filling up the DagBag from /home/airflow/.local/lib/python3.12/site-packages/airflow/example_dags/tutorial_dag.py
[2025-03-31T07:19:42.258+0000] {processor.py:925} INFO - DAG(s) 'tutorial_dag' retrieved from /home/airflow/.local/lib/python3.12/site-packages/airflow/example_dags/tutorial_dag.py
[2025-03-31T07:19:42.288+0000] {logging_mixin.py:190} INFO - [2025-03-31T07:19:42.287+0000] {dag.py:3239} INFO - Sync 1 DAGs
[2025-03-31T07:19:42.312+0000] {logging_mixin.py:190} INFO - [2025-03-31T07:19:42.311+0000] {dag.py:4180} INFO - Setting next_dagrun for tutorial_dag to None, run_after=None
[2025-03-31T07:19:42.337+0000] {processor.py:208} INFO - Processing /home/airflow/.local/lib/python3.12/site-packages/airflow/example_dags/tutorial_dag.py took 0.111 seconds
[2025-03-31T07:20:12.996+0000] {processor.py:186} INFO - Started process (PID=17615) to work on /home/airflow/.local/lib/python3.12/site-packages/airflow/example_dags/tutorial_dag.py
[2025-03-31T07:20:12.997+0000] {processor.py:914} INFO - Processing file /home/airflow/.local/lib/python3.12/site-packages/airflow/example_dags/tutorial_dag.py for tasks to queue
[2025-03-31T07:20:13.000+0000] {logging_mixin.py:190} INFO - [2025-03-31T07:20:13.000+0000] {dagbag.py:588} INFO - Filling up the DagBag from /home/airflow/.local/lib/python3.12/site-packages/airflow/example_dags/tutorial_dag.py
[2025-03-31T07:20:13.013+0000] {processor.py:925} INFO - DAG(s) 'tutorial_dag' retrieved from /home/airflow/.local/lib/python3.12/site-packages/airflow/example_dags/tutorial_dag.py
[2025-03-31T07:20:13.041+0000] {logging_mixin.py:190} INFO - [2025-03-31T07:20:13.041+0000] {dag.py:3239} INFO - Sync 1 DAGs
[2025-03-31T07:20:13.065+0000] {logging_mixin.py:190} INFO - [2025-03-31T07:20:13.064+0000] {dag.py:4180} INFO - Setting next_dagrun for tutorial_dag to None, run_after=None
[2025-03-31T07:20:13.090+0000] {processor.py:208} INFO - Processing /home/airflow/.local/lib/python3.12/site-packages/airflow/example_dags/tutorial_dag.py took 0.104 seconds
[2025-03-31T07:20:43.265+0000] {processor.py:186} INFO - Started process (PID=17905) to work on /home/airflow/.local/lib/python3.12/site-packages/airflow/example_dags/tutorial_dag.py
[2025-03-31T07:20:43.266+0000] {processor.py:914} INFO - Processing file /home/airflow/.local/lib/python3.12/site-packages/airflow/example_dags/tutorial_dag.py for tasks to queue
[2025-03-31T07:20:43.269+0000] {logging_mixin.py:190} INFO - [2025-03-31T07:20:43.269+0000] {dagbag.py:588} INFO - Filling up the DagBag from /home/airflow/.local/lib/python3.12/site-packages/airflow/example_dags/tutorial_dag.py
[2025-03-31T07:20:43.281+0000] {processor.py:925} INFO - DAG(s) 'tutorial_dag' retrieved from /home/airflow/.local/lib/python3.12/site-packages/airflow/example_dags/tutorial_dag.py
[2025-03-31T07:20:43.313+0000] {logging_mixin.py:190} INFO - [2025-03-31T07:20:43.313+0000] {dag.py:3239} INFO - Sync 1 DAGs
[2025-03-31T07:20:43.333+0000] {logging_mixin.py:190} INFO - [2025-03-31T07:20:43.333+0000] {dag.py:4180} INFO - Setting next_dagrun for tutorial_dag to None, run_after=None
[2025-03-31T07:20:43.359+0000] {processor.py:208} INFO - Processing /home/airflow/.local/lib/python3.12/site-packages/airflow/example_dags/tutorial_dag.py took 0.104 seconds
[2025-03-31T07:21:13.584+0000] {processor.py:186} INFO - Started process (PID=18194) to work on /home/airflow/.local/lib/python3.12/site-packages/airflow/example_dags/tutorial_dag.py
[2025-03-31T07:21:13.585+0000] {processor.py:914} INFO - Processing file /home/airflow/.local/lib/python3.12/site-packages/airflow/example_dags/tutorial_dag.py for tasks to queue
[2025-03-31T07:21:13.589+0000] {logging_mixin.py:190} INFO - [2025-03-31T07:21:13.589+0000] {dagbag.py:588} INFO - Filling up the DagBag from /home/airflow/.local/lib/python3.12/site-packages/airflow/example_dags/tutorial_dag.py
[2025-03-31T07:21:13.601+0000] {processor.py:925} INFO - DAG(s) 'tutorial_dag' retrieved from /home/airflow/.local/lib/python3.12/site-packages/airflow/example_dags/tutorial_dag.py
[2025-03-31T07:21:13.633+0000] {logging_mixin.py:190} INFO - [2025-03-31T07:21:13.632+0000] {dag.py:3239} INFO - Sync 1 DAGs
[2025-03-31T07:21:13.654+0000] {logging_mixin.py:190} INFO - [2025-03-31T07:21:13.653+0000] {dag.py:4180} INFO - Setting next_dagrun for tutorial_dag to None, run_after=None
[2025-03-31T07:21:13.683+0000] {processor.py:208} INFO - Processing /home/airflow/.local/lib/python3.12/site-packages/airflow/example_dags/tutorial_dag.py took 0.108 seconds
[2025-03-31T07:21:43.864+0000] {processor.py:186} INFO - Started process (PID=18485) to work on /home/airflow/.local/lib/python3.12/site-packages/airflow/example_dags/tutorial_dag.py
[2025-03-31T07:21:43.865+0000] {processor.py:914} INFO - Processing file /home/airflow/.local/lib/python3.12/site-packages/airflow/example_dags/tutorial_dag.py for tasks to queue
[2025-03-31T07:21:43.868+0000] {logging_mixin.py:190} INFO - [2025-03-31T07:21:43.868+0000] {dagbag.py:588} INFO - Filling up the DagBag from /home/airflow/.local/lib/python3.12/site-packages/airflow/example_dags/tutorial_dag.py
[2025-03-31T07:21:43.880+0000] {processor.py:925} INFO - DAG(s) 'tutorial_dag' retrieved from /home/airflow/.local/lib/python3.12/site-packages/airflow/example_dags/tutorial_dag.py
[2025-03-31T07:21:43.913+0000] {logging_mixin.py:190} INFO - [2025-03-31T07:21:43.913+0000] {dag.py:3239} INFO - Sync 1 DAGs
[2025-03-31T07:21:43.935+0000] {logging_mixin.py:190} INFO - [2025-03-31T07:21:43.935+0000] {dag.py:4180} INFO - Setting next_dagrun for tutorial_dag to None, run_after=None
[2025-03-31T07:21:43.964+0000] {processor.py:208} INFO - Processing /home/airflow/.local/lib/python3.12/site-packages/airflow/example_dags/tutorial_dag.py took 0.110 seconds
[2025-03-31T07:22:14.985+0000] {processor.py:186} INFO - Started process (PID=18784) to work on /home/airflow/.local/lib/python3.12/site-packages/airflow/example_dags/tutorial_dag.py
[2025-03-31T07:22:14.986+0000] {processor.py:914} INFO - Processing file /home/airflow/.local/lib/python3.12/site-packages/airflow/example_dags/tutorial_dag.py for tasks to queue
[2025-03-31T07:22:14.989+0000] {logging_mixin.py:190} INFO - [2025-03-31T07:22:14.989+0000] {dagbag.py:588} INFO - Filling up the DagBag from /home/airflow/.local/lib/python3.12/site-packages/airflow/example_dags/tutorial_dag.py
[2025-03-31T07:22:15.002+0000] {processor.py:925} INFO - DAG(s) 'tutorial_dag' retrieved from /home/airflow/.local/lib/python3.12/site-packages/airflow/example_dags/tutorial_dag.py
[2025-03-31T07:22:15.052+0000] {logging_mixin.py:190} INFO - [2025-03-31T07:22:15.052+0000] {dag.py:3239} INFO - Sync 1 DAGs
[2025-03-31T07:22:15.076+0000] {logging_mixin.py:190} INFO - [2025-03-31T07:22:15.076+0000] {dag.py:4180} INFO - Setting next_dagrun for tutorial_dag to None, run_after=None
[2025-03-31T07:22:15.104+0000] {processor.py:208} INFO - Processing /home/airflow/.local/lib/python3.12/site-packages/airflow/example_dags/tutorial_dag.py took 0.132 seconds
[2025-03-31T07:22:45.282+0000] {processor.py:186} INFO - Started process (PID=19074) to work on /home/airflow/.local/lib/python3.12/site-packages/airflow/example_dags/tutorial_dag.py
[2025-03-31T07:22:45.283+0000] {processor.py:914} INFO - Processing file /home/airflow/.local/lib/python3.12/site-packages/airflow/example_dags/tutorial_dag.py for tasks to queue
[2025-03-31T07:22:45.286+0000] {logging_mixin.py:190} INFO - [2025-03-31T07:22:45.286+0000] {dagbag.py:588} INFO - Filling up the DagBag from /home/airflow/.local/lib/python3.12/site-packages/airflow/example_dags/tutorial_dag.py
[2025-03-31T07:22:45.298+0000] {processor.py:925} INFO - DAG(s) 'tutorial_dag' retrieved from /home/airflow/.local/lib/python3.12/site-packages/airflow/example_dags/tutorial_dag.py
[2025-03-31T07:22:45.327+0000] {logging_mixin.py:190} INFO - [2025-03-31T07:22:45.327+0000] {dag.py:3239} INFO - Sync 1 DAGs
[2025-03-31T07:22:45.352+0000] {logging_mixin.py:190} INFO - [2025-03-31T07:22:45.352+0000] {dag.py:4180} INFO - Setting next_dagrun for tutorial_dag to None, run_after=None
[2025-03-31T07:22:45.381+0000] {processor.py:208} INFO - Processing /home/airflow/.local/lib/python3.12/site-packages/airflow/example_dags/tutorial_dag.py took 0.108 seconds
[2025-03-31T07:23:16.211+0000] {processor.py:186} INFO - Started process (PID=19365) to work on /home/airflow/.local/lib/python3.12/site-packages/airflow/example_dags/tutorial_dag.py
[2025-03-31T07:23:16.212+0000] {processor.py:914} INFO - Processing file /home/airflow/.local/lib/python3.12/site-packages/airflow/example_dags/tutorial_dag.py for tasks to queue
[2025-03-31T07:23:16.215+0000] {logging_mixin.py:190} INFO - [2025-03-31T07:23:16.214+0000] {dagbag.py:588} INFO - Filling up the DagBag from /home/airflow/.local/lib/python3.12/site-packages/airflow/example_dags/tutorial_dag.py
[2025-03-31T07:23:16.223+0000] {processor.py:925} INFO - DAG(s) 'tutorial_dag' retrieved from /home/airflow/.local/lib/python3.12/site-packages/airflow/example_dags/tutorial_dag.py
[2025-03-31T07:23:16.245+0000] {logging_mixin.py:190} INFO - [2025-03-31T07:23:16.244+0000] {dag.py:3239} INFO - Sync 1 DAGs
[2025-03-31T07:23:16.263+0000] {logging_mixin.py:190} INFO - [2025-03-31T07:23:16.262+0000] {dag.py:4180} INFO - Setting next_dagrun for tutorial_dag to None, run_after=None
[2025-03-31T07:23:16.279+0000] {processor.py:208} INFO - Processing /home/airflow/.local/lib/python3.12/site-packages/airflow/example_dags/tutorial_dag.py took 0.074 seconds
[2025-03-31T07:23:46.764+0000] {processor.py:186} INFO - Started process (PID=19656) to work on /home/airflow/.local/lib/python3.12/site-packages/airflow/example_dags/tutorial_dag.py
[2025-03-31T07:23:46.765+0000] {processor.py:914} INFO - Processing file /home/airflow/.local/lib/python3.12/site-packages/airflow/example_dags/tutorial_dag.py for tasks to queue
[2025-03-31T07:23:46.768+0000] {logging_mixin.py:190} INFO - [2025-03-31T07:23:46.767+0000] {dagbag.py:588} INFO - Filling up the DagBag from /home/airflow/.local/lib/python3.12/site-packages/airflow/example_dags/tutorial_dag.py
[2025-03-31T07:23:46.776+0000] {processor.py:925} INFO - DAG(s) 'tutorial_dag' retrieved from /home/airflow/.local/lib/python3.12/site-packages/airflow/example_dags/tutorial_dag.py
[2025-03-31T07:23:46.797+0000] {logging_mixin.py:190} INFO - [2025-03-31T07:23:46.797+0000] {dag.py:3239} INFO - Sync 1 DAGs
[2025-03-31T07:23:46.812+0000] {logging_mixin.py:190} INFO - [2025-03-31T07:23:46.812+0000] {dag.py:4180} INFO - Setting next_dagrun for tutorial_dag to None, run_after=None
[2025-03-31T07:23:46.831+0000] {processor.py:208} INFO - Processing /home/airflow/.local/lib/python3.12/site-packages/airflow/example_dags/tutorial_dag.py took 0.073 seconds
[2025-03-31T07:24:17.046+0000] {processor.py:186} INFO - Started process (PID=19947) to work on /home/airflow/.local/lib/python3.12/site-packages/airflow/example_dags/tutorial_dag.py
[2025-03-31T07:24:17.047+0000] {processor.py:914} INFO - Processing file /home/airflow/.local/lib/python3.12/site-packages/airflow/example_dags/tutorial_dag.py for tasks to queue
[2025-03-31T07:24:17.049+0000] {logging_mixin.py:190} INFO - [2025-03-31T07:24:17.049+0000] {dagbag.py:588} INFO - Filling up the DagBag from /home/airflow/.local/lib/python3.12/site-packages/airflow/example_dags/tutorial_dag.py
[2025-03-31T07:24:17.057+0000] {processor.py:925} INFO - DAG(s) 'tutorial_dag' retrieved from /home/airflow/.local/lib/python3.12/site-packages/airflow/example_dags/tutorial_dag.py
[2025-03-31T07:24:17.078+0000] {logging_mixin.py:190} INFO - [2025-03-31T07:24:17.078+0000] {dag.py:3239} INFO - Sync 1 DAGs
[2025-03-31T07:24:17.093+0000] {logging_mixin.py:190} INFO - [2025-03-31T07:24:17.093+0000] {dag.py:4180} INFO - Setting next_dagrun for tutorial_dag to None, run_after=None
[2025-03-31T07:24:17.111+0000] {processor.py:208} INFO - Processing /home/airflow/.local/lib/python3.12/site-packages/airflow/example_dags/tutorial_dag.py took 0.071 seconds
[2025-03-31T07:24:47.478+0000] {processor.py:186} INFO - Started process (PID=20238) to work on /home/airflow/.local/lib/python3.12/site-packages/airflow/example_dags/tutorial_dag.py
[2025-03-31T07:24:47.479+0000] {processor.py:914} INFO - Processing file /home/airflow/.local/lib/python3.12/site-packages/airflow/example_dags/tutorial_dag.py for tasks to queue
[2025-03-31T07:24:47.481+0000] {logging_mixin.py:190} INFO - [2025-03-31T07:24:47.481+0000] {dagbag.py:588} INFO - Filling up the DagBag from /home/airflow/.local/lib/python3.12/site-packages/airflow/example_dags/tutorial_dag.py
[2025-03-31T07:24:47.489+0000] {processor.py:925} INFO - DAG(s) 'tutorial_dag' retrieved from /home/airflow/.local/lib/python3.12/site-packages/airflow/example_dags/tutorial_dag.py
[2025-03-31T07:24:47.510+0000] {logging_mixin.py:190} INFO - [2025-03-31T07:24:47.510+0000] {dag.py:3239} INFO - Sync 1 DAGs
[2025-03-31T07:24:47.525+0000] {logging_mixin.py:190} INFO - [2025-03-31T07:24:47.525+0000] {dag.py:4180} INFO - Setting next_dagrun for tutorial_dag to None, run_after=None
[2025-03-31T07:24:47.544+0000] {processor.py:208} INFO - Processing /home/airflow/.local/lib/python3.12/site-packages/airflow/example_dags/tutorial_dag.py took 0.072 seconds
[2025-03-31T07:25:19.173+0000] {processor.py:186} INFO - Started process (PID=20527) to work on /home/airflow/.local/lib/python3.12/site-packages/airflow/example_dags/tutorial_dag.py
[2025-03-31T07:25:19.174+0000] {processor.py:914} INFO - Processing file /home/airflow/.local/lib/python3.12/site-packages/airflow/example_dags/tutorial_dag.py for tasks to queue
[2025-03-31T07:25:19.179+0000] {logging_mixin.py:190} INFO - [2025-03-31T07:25:19.179+0000] {dagbag.py:588} INFO - Filling up the DagBag from /home/airflow/.local/lib/python3.12/site-packages/airflow/example_dags/tutorial_dag.py
[2025-03-31T07:25:19.189+0000] {processor.py:925} INFO - DAG(s) 'tutorial_dag' retrieved from /home/airflow/.local/lib/python3.12/site-packages/airflow/example_dags/tutorial_dag.py
[2025-03-31T07:25:19.212+0000] {logging_mixin.py:190} INFO - [2025-03-31T07:25:19.211+0000] {dag.py:3239} INFO - Sync 1 DAGs
[2025-03-31T07:25:19.227+0000] {logging_mixin.py:190} INFO - [2025-03-31T07:25:19.227+0000] {dag.py:4180} INFO - Setting next_dagrun for tutorial_dag to None, run_after=None
[2025-03-31T07:25:19.248+0000] {processor.py:208} INFO - Processing /home/airflow/.local/lib/python3.12/site-packages/airflow/example_dags/tutorial_dag.py took 0.082 seconds
