[2025-03-31T06:47:40.988+0000] {processor.py:186} INFO - Started process (PID=409) to work on /home/airflow/.local/lib/python3.12/site-packages/airflow/example_dags/tutorial_objectstorage.py
[2025-03-31T06:47:40.989+0000] {processor.py:914} INFO - Processing file /home/airflow/.local/lib/python3.12/site-packages/airflow/example_dags/tutorial_objectstorage.py for tasks to queue
[2025-03-31T06:47:40.992+0000] {logging_mixin.py:190} INFO - [2025-03-31T06:47:40.991+0000] {dagbag.py:588} INFO - Filling up the DagBag from /home/airflow/.local/lib/python3.12/site-packages/airflow/example_dags/tutorial_objectstorage.py
[2025-03-31T06:47:41.003+0000] {processor.py:925} INFO - DAG(s) 'tutorial_objectstorage' retrieved from /home/airflow/.local/lib/python3.12/site-packages/airflow/example_dags/tutorial_objectstorage.py
[2025-03-31T06:47:41.118+0000] {logging_mixin.py:190} INFO - [2025-03-31T06:47:41.118+0000] {override.py:1912} INFO - Created Permission View: can read on DAG:tutorial_objectstorage
[2025-03-31T06:47:41.130+0000] {logging_mixin.py:190} INFO - [2025-03-31T06:47:41.130+0000] {override.py:1912} INFO - Created Permission View: can delete on DAG:tutorial_objectstorage
[2025-03-31T06:47:41.138+0000] {logging_mixin.py:190} INFO - [2025-03-31T06:47:41.138+0000] {override.py:1912} INFO - Created Permission View: can edit on DAG:tutorial_objectstorage
[2025-03-31T06:47:41.147+0000] {logging_mixin.py:190} INFO - [2025-03-31T06:47:41.147+0000] {override.py:1912} INFO - Created Permission View: can read on DAG Run:tutorial_objectstorage
[2025-03-31T06:47:41.154+0000] {logging_mixin.py:190} INFO - [2025-03-31T06:47:41.154+0000] {override.py:1912} INFO - Created Permission View: can delete on DAG Run:tutorial_objectstorage
[2025-03-31T06:47:41.163+0000] {logging_mixin.py:190} INFO - [2025-03-31T06:47:41.163+0000] {override.py:1912} INFO - Created Permission View: menu access on DAG Run:tutorial_objectstorage
[2025-03-31T06:47:41.171+0000] {logging_mixin.py:190} INFO - [2025-03-31T06:47:41.171+0000] {override.py:1912} INFO - Created Permission View: can create on DAG Run:tutorial_objectstorage
[2025-03-31T06:47:41.173+0000] {logging_mixin.py:190} INFO - [2025-03-31T06:47:41.173+0000] {dag.py:3239} INFO - Sync 1 DAGs
[2025-03-31T06:47:41.187+0000] {logging_mixin.py:190} INFO - [2025-03-31T06:47:41.187+0000] {dag.py:3262} INFO - Creating ORM DAG for tutorial_objectstorage
[2025-03-31T06:47:41.188+0000] {logging_mixin.py:190} INFO - [2025-03-31T06:47:41.188+0000] {dag.py:4180} INFO - Setting next_dagrun for tutorial_objectstorage to None, run_after=None
[2025-03-31T06:47:41.206+0000] {processor.py:208} INFO - Processing /home/airflow/.local/lib/python3.12/site-packages/airflow/example_dags/tutorial_objectstorage.py took 0.225 seconds
[2025-03-31T06:48:12.030+0000] {processor.py:186} INFO - Started process (PID=700) to work on /home/airflow/.local/lib/python3.12/site-packages/airflow/example_dags/tutorial_objectstorage.py
[2025-03-31T06:48:12.031+0000] {processor.py:914} INFO - Processing file /home/airflow/.local/lib/python3.12/site-packages/airflow/example_dags/tutorial_objectstorage.py for tasks to queue
[2025-03-31T06:48:12.033+0000] {logging_mixin.py:190} INFO - [2025-03-31T06:48:12.033+0000] {dagbag.py:588} INFO - Filling up the DagBag from /home/airflow/.local/lib/python3.12/site-packages/airflow/example_dags/tutorial_objectstorage.py
[2025-03-31T06:48:12.044+0000] {processor.py:925} INFO - DAG(s) 'tutorial_objectstorage' retrieved from /home/airflow/.local/lib/python3.12/site-packages/airflow/example_dags/tutorial_objectstorage.py
[2025-03-31T06:48:12.064+0000] {logging_mixin.py:190} INFO - [2025-03-31T06:48:12.064+0000] {dag.py:3239} INFO - Sync 1 DAGs
[2025-03-31T06:48:12.081+0000] {logging_mixin.py:190} INFO - [2025-03-31T06:48:12.080+0000] {dag.py:4180} INFO - Setting next_dagrun for tutorial_objectstorage to None, run_after=None
[2025-03-31T06:48:12.099+0000] {processor.py:208} INFO - Processing /home/airflow/.local/lib/python3.12/site-packages/airflow/example_dags/tutorial_objectstorage.py took 0.076 seconds
[2025-03-31T06:48:42.176+0000] {processor.py:186} INFO - Started process (PID=986) to work on /home/airflow/.local/lib/python3.12/site-packages/airflow/example_dags/tutorial_objectstorage.py
[2025-03-31T06:48:42.177+0000] {processor.py:914} INFO - Processing file /home/airflow/.local/lib/python3.12/site-packages/airflow/example_dags/tutorial_objectstorage.py for tasks to queue
[2025-03-31T06:48:42.179+0000] {logging_mixin.py:190} INFO - [2025-03-31T06:48:42.179+0000] {dagbag.py:588} INFO - Filling up the DagBag from /home/airflow/.local/lib/python3.12/site-packages/airflow/example_dags/tutorial_objectstorage.py
[2025-03-31T06:48:42.193+0000] {processor.py:925} INFO - DAG(s) 'tutorial_objectstorage' retrieved from /home/airflow/.local/lib/python3.12/site-packages/airflow/example_dags/tutorial_objectstorage.py
[2025-03-31T06:48:42.213+0000] {logging_mixin.py:190} INFO - [2025-03-31T06:48:42.213+0000] {dag.py:3239} INFO - Sync 1 DAGs
[2025-03-31T06:48:42.229+0000] {logging_mixin.py:190} INFO - [2025-03-31T06:48:42.229+0000] {dag.py:4180} INFO - Setting next_dagrun for tutorial_objectstorage to None, run_after=None
[2025-03-31T06:48:42.247+0000] {processor.py:208} INFO - Processing /home/airflow/.local/lib/python3.12/site-packages/airflow/example_dags/tutorial_objectstorage.py took 0.077 seconds
[2025-03-31T06:49:43.378+0000] {processor.py:186} INFO - Started process (PID=410) to work on /home/airflow/.local/lib/python3.12/site-packages/airflow/example_dags/tutorial_objectstorage.py
[2025-03-31T06:49:43.379+0000] {processor.py:914} INFO - Processing file /home/airflow/.local/lib/python3.12/site-packages/airflow/example_dags/tutorial_objectstorage.py for tasks to queue
[2025-03-31T06:49:43.382+0000] {logging_mixin.py:190} INFO - [2025-03-31T06:49:43.381+0000] {dagbag.py:588} INFO - Filling up the DagBag from /home/airflow/.local/lib/python3.12/site-packages/airflow/example_dags/tutorial_objectstorage.py
[2025-03-31T06:49:43.394+0000] {processor.py:925} INFO - DAG(s) 'tutorial_objectstorage' retrieved from /home/airflow/.local/lib/python3.12/site-packages/airflow/example_dags/tutorial_objectstorage.py
[2025-03-31T06:49:43.418+0000] {logging_mixin.py:190} INFO - [2025-03-31T06:49:43.417+0000] {dag.py:3239} INFO - Sync 1 DAGs
[2025-03-31T06:49:43.435+0000] {logging_mixin.py:190} INFO - [2025-03-31T06:49:43.435+0000] {dag.py:4180} INFO - Setting next_dagrun for tutorial_objectstorage to None, run_after=None
[2025-03-31T06:49:43.455+0000] {processor.py:208} INFO - Processing /home/airflow/.local/lib/python3.12/site-packages/airflow/example_dags/tutorial_objectstorage.py took 0.083 seconds
[2025-03-31T06:50:13.815+0000] {processor.py:186} INFO - Started process (PID=696) to work on /home/airflow/.local/lib/python3.12/site-packages/airflow/example_dags/tutorial_objectstorage.py
[2025-03-31T06:50:13.816+0000] {processor.py:914} INFO - Processing file /home/airflow/.local/lib/python3.12/site-packages/airflow/example_dags/tutorial_objectstorage.py for tasks to queue
[2025-03-31T06:50:13.818+0000] {logging_mixin.py:190} INFO - [2025-03-31T06:50:13.818+0000] {dagbag.py:588} INFO - Filling up the DagBag from /home/airflow/.local/lib/python3.12/site-packages/airflow/example_dags/tutorial_objectstorage.py
[2025-03-31T06:50:13.832+0000] {processor.py:925} INFO - DAG(s) 'tutorial_objectstorage' retrieved from /home/airflow/.local/lib/python3.12/site-packages/airflow/example_dags/tutorial_objectstorage.py
[2025-03-31T06:50:13.863+0000] {logging_mixin.py:190} INFO - [2025-03-31T06:50:13.862+0000] {dag.py:3239} INFO - Sync 1 DAGs
[2025-03-31T06:50:13.884+0000] {logging_mixin.py:190} INFO - [2025-03-31T06:50:13.884+0000] {dag.py:4180} INFO - Setting next_dagrun for tutorial_objectstorage to None, run_after=None
[2025-03-31T06:50:13.913+0000] {processor.py:208} INFO - Processing /home/airflow/.local/lib/python3.12/site-packages/airflow/example_dags/tutorial_objectstorage.py took 0.105 seconds
[2025-03-31T06:50:44.712+0000] {processor.py:186} INFO - Started process (PID=984) to work on /home/airflow/.local/lib/python3.12/site-packages/airflow/example_dags/tutorial_objectstorage.py
[2025-03-31T06:50:44.713+0000] {processor.py:914} INFO - Processing file /home/airflow/.local/lib/python3.12/site-packages/airflow/example_dags/tutorial_objectstorage.py for tasks to queue
[2025-03-31T06:50:44.715+0000] {logging_mixin.py:190} INFO - [2025-03-31T06:50:44.714+0000] {dagbag.py:588} INFO - Filling up the DagBag from /home/airflow/.local/lib/python3.12/site-packages/airflow/example_dags/tutorial_objectstorage.py
[2025-03-31T06:50:44.724+0000] {processor.py:925} INFO - DAG(s) 'tutorial_objectstorage' retrieved from /home/airflow/.local/lib/python3.12/site-packages/airflow/example_dags/tutorial_objectstorage.py
[2025-03-31T06:50:44.742+0000] {logging_mixin.py:190} INFO - [2025-03-31T06:50:44.742+0000] {dag.py:3239} INFO - Sync 1 DAGs
[2025-03-31T06:50:44.755+0000] {logging_mixin.py:190} INFO - [2025-03-31T06:50:44.755+0000] {dag.py:4180} INFO - Setting next_dagrun for tutorial_objectstorage to None, run_after=None
[2025-03-31T06:50:44.772+0000] {processor.py:208} INFO - Processing /home/airflow/.local/lib/python3.12/site-packages/airflow/example_dags/tutorial_objectstorage.py took 0.065 seconds
[2025-03-31T06:51:16.949+0000] {processor.py:186} INFO - Started process (PID=1283) to work on /home/airflow/.local/lib/python3.12/site-packages/airflow/example_dags/tutorial_objectstorage.py
[2025-03-31T06:51:16.950+0000] {processor.py:914} INFO - Processing file /home/airflow/.local/lib/python3.12/site-packages/airflow/example_dags/tutorial_objectstorage.py for tasks to queue
[2025-03-31T06:51:16.952+0000] {logging_mixin.py:190} INFO - [2025-03-31T06:51:16.952+0000] {dagbag.py:588} INFO - Filling up the DagBag from /home/airflow/.local/lib/python3.12/site-packages/airflow/example_dags/tutorial_objectstorage.py
[2025-03-31T06:51:16.961+0000] {processor.py:925} INFO - DAG(s) 'tutorial_objectstorage' retrieved from /home/airflow/.local/lib/python3.12/site-packages/airflow/example_dags/tutorial_objectstorage.py
[2025-03-31T06:51:16.979+0000] {logging_mixin.py:190} INFO - [2025-03-31T06:51:16.979+0000] {dag.py:3239} INFO - Sync 1 DAGs
[2025-03-31T06:51:16.994+0000] {logging_mixin.py:190} INFO - [2025-03-31T06:51:16.994+0000] {dag.py:4180} INFO - Setting next_dagrun for tutorial_objectstorage to None, run_after=None
[2025-03-31T06:51:17.015+0000] {processor.py:208} INFO - Processing /home/airflow/.local/lib/python3.12/site-packages/airflow/example_dags/tutorial_objectstorage.py took 0.072 seconds
[2025-03-31T06:51:48.560+0000] {processor.py:186} INFO - Started process (PID=1574) to work on /home/airflow/.local/lib/python3.12/site-packages/airflow/example_dags/tutorial_objectstorage.py
[2025-03-31T06:51:48.561+0000] {processor.py:914} INFO - Processing file /home/airflow/.local/lib/python3.12/site-packages/airflow/example_dags/tutorial_objectstorage.py for tasks to queue
[2025-03-31T06:51:48.565+0000] {logging_mixin.py:190} INFO - [2025-03-31T06:51:48.564+0000] {dagbag.py:588} INFO - Filling up the DagBag from /home/airflow/.local/lib/python3.12/site-packages/airflow/example_dags/tutorial_objectstorage.py
[2025-03-31T06:51:48.577+0000] {processor.py:925} INFO - DAG(s) 'tutorial_objectstorage' retrieved from /home/airflow/.local/lib/python3.12/site-packages/airflow/example_dags/tutorial_objectstorage.py
[2025-03-31T06:51:48.599+0000] {logging_mixin.py:190} INFO - [2025-03-31T06:51:48.599+0000] {dag.py:3239} INFO - Sync 1 DAGs
[2025-03-31T06:51:48.617+0000] {logging_mixin.py:190} INFO - [2025-03-31T06:51:48.617+0000] {dag.py:4180} INFO - Setting next_dagrun for tutorial_objectstorage to None, run_after=None
[2025-03-31T06:51:48.640+0000] {processor.py:208} INFO - Processing /home/airflow/.local/lib/python3.12/site-packages/airflow/example_dags/tutorial_objectstorage.py took 0.087 seconds
[2025-03-31T06:52:19.675+0000] {processor.py:186} INFO - Started process (PID=1865) to work on /home/airflow/.local/lib/python3.12/site-packages/airflow/example_dags/tutorial_objectstorage.py
[2025-03-31T06:52:19.677+0000] {processor.py:914} INFO - Processing file /home/airflow/.local/lib/python3.12/site-packages/airflow/example_dags/tutorial_objectstorage.py for tasks to queue
[2025-03-31T06:52:19.679+0000] {logging_mixin.py:190} INFO - [2025-03-31T06:52:19.679+0000] {dagbag.py:588} INFO - Filling up the DagBag from /home/airflow/.local/lib/python3.12/site-packages/airflow/example_dags/tutorial_objectstorage.py
[2025-03-31T06:52:19.692+0000] {processor.py:925} INFO - DAG(s) 'tutorial_objectstorage' retrieved from /home/airflow/.local/lib/python3.12/site-packages/airflow/example_dags/tutorial_objectstorage.py
[2025-03-31T06:52:19.716+0000] {logging_mixin.py:190} INFO - [2025-03-31T06:52:19.715+0000] {dag.py:3239} INFO - Sync 1 DAGs
[2025-03-31T06:52:19.738+0000] {logging_mixin.py:190} INFO - [2025-03-31T06:52:19.737+0000] {dag.py:4180} INFO - Setting next_dagrun for tutorial_objectstorage to None, run_after=None
[2025-03-31T06:52:19.761+0000] {processor.py:208} INFO - Processing /home/airflow/.local/lib/python3.12/site-packages/airflow/example_dags/tutorial_objectstorage.py took 0.093 seconds
[2025-03-31T06:52:49.796+0000] {processor.py:186} INFO - Started process (PID=2151) to work on /home/airflow/.local/lib/python3.12/site-packages/airflow/example_dags/tutorial_objectstorage.py
[2025-03-31T06:52:49.797+0000] {processor.py:914} INFO - Processing file /home/airflow/.local/lib/python3.12/site-packages/airflow/example_dags/tutorial_objectstorage.py for tasks to queue
[2025-03-31T06:52:49.800+0000] {logging_mixin.py:190} INFO - [2025-03-31T06:52:49.799+0000] {dagbag.py:588} INFO - Filling up the DagBag from /home/airflow/.local/lib/python3.12/site-packages/airflow/example_dags/tutorial_objectstorage.py
[2025-03-31T06:52:49.809+0000] {processor.py:925} INFO - DAG(s) 'tutorial_objectstorage' retrieved from /home/airflow/.local/lib/python3.12/site-packages/airflow/example_dags/tutorial_objectstorage.py
[2025-03-31T06:52:49.827+0000] {logging_mixin.py:190} INFO - [2025-03-31T06:52:49.826+0000] {dag.py:3239} INFO - Sync 1 DAGs
[2025-03-31T06:52:49.842+0000] {logging_mixin.py:190} INFO - [2025-03-31T06:52:49.842+0000] {dag.py:4180} INFO - Setting next_dagrun for tutorial_objectstorage to None, run_after=None
[2025-03-31T06:52:49.863+0000] {processor.py:208} INFO - Processing /home/airflow/.local/lib/python3.12/site-packages/airflow/example_dags/tutorial_objectstorage.py took 0.073 seconds
[2025-03-31T06:53:22.272+0000] {processor.py:186} INFO - Started process (PID=2443) to work on /home/airflow/.local/lib/python3.12/site-packages/airflow/example_dags/tutorial_objectstorage.py
[2025-03-31T06:53:22.274+0000] {processor.py:914} INFO - Processing file /home/airflow/.local/lib/python3.12/site-packages/airflow/example_dags/tutorial_objectstorage.py for tasks to queue
[2025-03-31T06:53:22.278+0000] {logging_mixin.py:190} INFO - [2025-03-31T06:53:22.278+0000] {dagbag.py:588} INFO - Filling up the DagBag from /home/airflow/.local/lib/python3.12/site-packages/airflow/example_dags/tutorial_objectstorage.py
[2025-03-31T06:53:22.293+0000] {processor.py:925} INFO - DAG(s) 'tutorial_objectstorage' retrieved from /home/airflow/.local/lib/python3.12/site-packages/airflow/example_dags/tutorial_objectstorage.py
[2025-03-31T06:53:22.320+0000] {logging_mixin.py:190} INFO - [2025-03-31T06:53:22.320+0000] {dag.py:3239} INFO - Sync 1 DAGs
[2025-03-31T06:53:22.343+0000] {logging_mixin.py:190} INFO - [2025-03-31T06:53:22.343+0000] {dag.py:4180} INFO - Setting next_dagrun for tutorial_objectstorage to None, run_after=None
[2025-03-31T06:53:22.372+0000] {processor.py:208} INFO - Processing /home/airflow/.local/lib/python3.12/site-packages/airflow/example_dags/tutorial_objectstorage.py took 0.111 seconds
[2025-03-31T06:53:53.071+0000] {processor.py:186} INFO - Started process (PID=2733) to work on /home/airflow/.local/lib/python3.12/site-packages/airflow/example_dags/tutorial_objectstorage.py
[2025-03-31T06:53:53.072+0000] {processor.py:914} INFO - Processing file /home/airflow/.local/lib/python3.12/site-packages/airflow/example_dags/tutorial_objectstorage.py for tasks to queue
[2025-03-31T06:53:53.076+0000] {logging_mixin.py:190} INFO - [2025-03-31T06:53:53.075+0000] {dagbag.py:588} INFO - Filling up the DagBag from /home/airflow/.local/lib/python3.12/site-packages/airflow/example_dags/tutorial_objectstorage.py
[2025-03-31T06:53:53.090+0000] {processor.py:925} INFO - DAG(s) 'tutorial_objectstorage' retrieved from /home/airflow/.local/lib/python3.12/site-packages/airflow/example_dags/tutorial_objectstorage.py
[2025-03-31T06:53:53.124+0000] {logging_mixin.py:190} INFO - [2025-03-31T06:53:53.124+0000] {dag.py:3239} INFO - Sync 1 DAGs
[2025-03-31T06:53:53.149+0000] {logging_mixin.py:190} INFO - [2025-03-31T06:53:53.149+0000] {dag.py:4180} INFO - Setting next_dagrun for tutorial_objectstorage to None, run_after=None
[2025-03-31T06:53:53.178+0000] {processor.py:208} INFO - Processing /home/airflow/.local/lib/python3.12/site-packages/airflow/example_dags/tutorial_objectstorage.py took 0.116 seconds
[2025-03-31T06:54:24.755+0000] {processor.py:186} INFO - Started process (PID=3024) to work on /home/airflow/.local/lib/python3.12/site-packages/airflow/example_dags/tutorial_objectstorage.py
[2025-03-31T06:54:24.756+0000] {processor.py:914} INFO - Processing file /home/airflow/.local/lib/python3.12/site-packages/airflow/example_dags/tutorial_objectstorage.py for tasks to queue
[2025-03-31T06:54:24.758+0000] {logging_mixin.py:190} INFO - [2025-03-31T06:54:24.758+0000] {dagbag.py:588} INFO - Filling up the DagBag from /home/airflow/.local/lib/python3.12/site-packages/airflow/example_dags/tutorial_objectstorage.py
[2025-03-31T06:54:24.772+0000] {processor.py:925} INFO - DAG(s) 'tutorial_objectstorage' retrieved from /home/airflow/.local/lib/python3.12/site-packages/airflow/example_dags/tutorial_objectstorage.py
[2025-03-31T06:54:24.801+0000] {logging_mixin.py:190} INFO - [2025-03-31T06:54:24.801+0000] {dag.py:3239} INFO - Sync 1 DAGs
[2025-03-31T06:54:24.821+0000] {logging_mixin.py:190} INFO - [2025-03-31T06:54:24.821+0000] {dag.py:4180} INFO - Setting next_dagrun for tutorial_objectstorage to None, run_after=None
[2025-03-31T06:54:24.843+0000] {processor.py:208} INFO - Processing /home/airflow/.local/lib/python3.12/site-packages/airflow/example_dags/tutorial_objectstorage.py took 0.096 seconds
[2025-03-31T06:54:55.397+0000] {processor.py:186} INFO - Started process (PID=3315) to work on /home/airflow/.local/lib/python3.12/site-packages/airflow/example_dags/tutorial_objectstorage.py
[2025-03-31T06:54:55.398+0000] {processor.py:914} INFO - Processing file /home/airflow/.local/lib/python3.12/site-packages/airflow/example_dags/tutorial_objectstorage.py for tasks to queue
[2025-03-31T06:54:55.401+0000] {logging_mixin.py:190} INFO - [2025-03-31T06:54:55.400+0000] {dagbag.py:588} INFO - Filling up the DagBag from /home/airflow/.local/lib/python3.12/site-packages/airflow/example_dags/tutorial_objectstorage.py
[2025-03-31T06:54:55.410+0000] {processor.py:925} INFO - DAG(s) 'tutorial_objectstorage' retrieved from /home/airflow/.local/lib/python3.12/site-packages/airflow/example_dags/tutorial_objectstorage.py
[2025-03-31T06:54:55.437+0000] {logging_mixin.py:190} INFO - [2025-03-31T06:54:55.436+0000] {dag.py:3239} INFO - Sync 1 DAGs
[2025-03-31T06:54:55.452+0000] {logging_mixin.py:190} INFO - [2025-03-31T06:54:55.451+0000] {dag.py:4180} INFO - Setting next_dagrun for tutorial_objectstorage to None, run_after=None
[2025-03-31T06:54:55.470+0000] {processor.py:208} INFO - Processing /home/airflow/.local/lib/python3.12/site-packages/airflow/example_dags/tutorial_objectstorage.py took 0.079 seconds
[2025-03-31T06:55:26.974+0000] {processor.py:186} INFO - Started process (PID=3612) to work on /home/airflow/.local/lib/python3.12/site-packages/airflow/example_dags/tutorial_objectstorage.py
[2025-03-31T06:55:26.976+0000] {processor.py:914} INFO - Processing file /home/airflow/.local/lib/python3.12/site-packages/airflow/example_dags/tutorial_objectstorage.py for tasks to queue
[2025-03-31T06:55:26.980+0000] {logging_mixin.py:190} INFO - [2025-03-31T06:55:26.979+0000] {dagbag.py:588} INFO - Filling up the DagBag from /home/airflow/.local/lib/python3.12/site-packages/airflow/example_dags/tutorial_objectstorage.py
[2025-03-31T06:55:26.990+0000] {processor.py:925} INFO - DAG(s) 'tutorial_objectstorage' retrieved from /home/airflow/.local/lib/python3.12/site-packages/airflow/example_dags/tutorial_objectstorage.py
[2025-03-31T06:55:27.012+0000] {logging_mixin.py:190} INFO - [2025-03-31T06:55:27.012+0000] {dag.py:3239} INFO - Sync 1 DAGs
[2025-03-31T06:55:27.028+0000] {logging_mixin.py:190} INFO - [2025-03-31T06:55:27.028+0000] {dag.py:4180} INFO - Setting next_dagrun for tutorial_objectstorage to None, run_after=None
[2025-03-31T06:55:27.048+0000] {processor.py:208} INFO - Processing /home/airflow/.local/lib/python3.12/site-packages/airflow/example_dags/tutorial_objectstorage.py took 0.081 seconds
[2025-03-31T06:55:58.344+0000] {processor.py:186} INFO - Started process (PID=3905) to work on /home/airflow/.local/lib/python3.12/site-packages/airflow/example_dags/tutorial_objectstorage.py
[2025-03-31T06:55:58.345+0000] {processor.py:914} INFO - Processing file /home/airflow/.local/lib/python3.12/site-packages/airflow/example_dags/tutorial_objectstorage.py for tasks to queue
[2025-03-31T06:55:58.347+0000] {logging_mixin.py:190} INFO - [2025-03-31T06:55:58.347+0000] {dagbag.py:588} INFO - Filling up the DagBag from /home/airflow/.local/lib/python3.12/site-packages/airflow/example_dags/tutorial_objectstorage.py
[2025-03-31T06:55:58.359+0000] {processor.py:925} INFO - DAG(s) 'tutorial_objectstorage' retrieved from /home/airflow/.local/lib/python3.12/site-packages/airflow/example_dags/tutorial_objectstorage.py
[2025-03-31T06:55:58.384+0000] {logging_mixin.py:190} INFO - [2025-03-31T06:55:58.384+0000] {dag.py:3239} INFO - Sync 1 DAGs
[2025-03-31T06:55:58.406+0000] {logging_mixin.py:190} INFO - [2025-03-31T06:55:58.405+0000] {dag.py:4180} INFO - Setting next_dagrun for tutorial_objectstorage to None, run_after=None
[2025-03-31T06:55:58.424+0000] {processor.py:208} INFO - Processing /home/airflow/.local/lib/python3.12/site-packages/airflow/example_dags/tutorial_objectstorage.py took 0.086 seconds
[2025-03-31T06:56:31.356+0000] {processor.py:186} INFO - Started process (PID=4201) to work on /home/airflow/.local/lib/python3.12/site-packages/airflow/example_dags/tutorial_objectstorage.py
[2025-03-31T06:56:31.358+0000] {processor.py:914} INFO - Processing file /home/airflow/.local/lib/python3.12/site-packages/airflow/example_dags/tutorial_objectstorage.py for tasks to queue
[2025-03-31T06:56:31.361+0000] {logging_mixin.py:190} INFO - [2025-03-31T06:56:31.360+0000] {dagbag.py:588} INFO - Filling up the DagBag from /home/airflow/.local/lib/python3.12/site-packages/airflow/example_dags/tutorial_objectstorage.py
[2025-03-31T06:56:31.375+0000] {processor.py:925} INFO - DAG(s) 'tutorial_objectstorage' retrieved from /home/airflow/.local/lib/python3.12/site-packages/airflow/example_dags/tutorial_objectstorage.py
[2025-03-31T06:56:31.410+0000] {logging_mixin.py:190} INFO - [2025-03-31T06:56:31.410+0000] {dag.py:3239} INFO - Sync 1 DAGs
[2025-03-31T06:56:31.434+0000] {logging_mixin.py:190} INFO - [2025-03-31T06:56:31.433+0000] {dag.py:4180} INFO - Setting next_dagrun for tutorial_objectstorage to None, run_after=None
[2025-03-31T06:56:31.469+0000] {processor.py:208} INFO - Processing /home/airflow/.local/lib/python3.12/site-packages/airflow/example_dags/tutorial_objectstorage.py took 0.123 seconds
[2025-03-31T06:57:02.704+0000] {processor.py:186} INFO - Started process (PID=4489) to work on /home/airflow/.local/lib/python3.12/site-packages/airflow/example_dags/tutorial_objectstorage.py
[2025-03-31T06:57:02.706+0000] {processor.py:914} INFO - Processing file /home/airflow/.local/lib/python3.12/site-packages/airflow/example_dags/tutorial_objectstorage.py for tasks to queue
[2025-03-31T06:57:02.709+0000] {logging_mixin.py:190} INFO - [2025-03-31T06:57:02.708+0000] {dagbag.py:588} INFO - Filling up the DagBag from /home/airflow/.local/lib/python3.12/site-packages/airflow/example_dags/tutorial_objectstorage.py
[2025-03-31T06:57:02.722+0000] {processor.py:925} INFO - DAG(s) 'tutorial_objectstorage' retrieved from /home/airflow/.local/lib/python3.12/site-packages/airflow/example_dags/tutorial_objectstorage.py
[2025-03-31T06:57:02.753+0000] {logging_mixin.py:190} INFO - [2025-03-31T06:57:02.752+0000] {dag.py:3239} INFO - Sync 1 DAGs
[2025-03-31T06:57:02.776+0000] {logging_mixin.py:190} INFO - [2025-03-31T06:57:02.776+0000] {dag.py:4180} INFO - Setting next_dagrun for tutorial_objectstorage to None, run_after=None
[2025-03-31T06:57:02.831+0000] {processor.py:208} INFO - Processing /home/airflow/.local/lib/python3.12/site-packages/airflow/example_dags/tutorial_objectstorage.py took 0.137 seconds
[2025-03-31T06:57:33.584+0000] {processor.py:186} INFO - Started process (PID=4778) to work on /home/airflow/.local/lib/python3.12/site-packages/airflow/example_dags/tutorial_objectstorage.py
[2025-03-31T06:57:33.585+0000] {processor.py:914} INFO - Processing file /home/airflow/.local/lib/python3.12/site-packages/airflow/example_dags/tutorial_objectstorage.py for tasks to queue
[2025-03-31T06:57:33.588+0000] {logging_mixin.py:190} INFO - [2025-03-31T06:57:33.588+0000] {dagbag.py:588} INFO - Filling up the DagBag from /home/airflow/.local/lib/python3.12/site-packages/airflow/example_dags/tutorial_objectstorage.py
[2025-03-31T06:57:33.603+0000] {processor.py:925} INFO - DAG(s) 'tutorial_objectstorage' retrieved from /home/airflow/.local/lib/python3.12/site-packages/airflow/example_dags/tutorial_objectstorage.py
[2025-03-31T06:57:33.633+0000] {logging_mixin.py:190} INFO - [2025-03-31T06:57:33.633+0000] {dag.py:3239} INFO - Sync 1 DAGs
[2025-03-31T06:57:33.657+0000] {logging_mixin.py:190} INFO - [2025-03-31T06:57:33.657+0000] {dag.py:4180} INFO - Setting next_dagrun for tutorial_objectstorage to None, run_after=None
[2025-03-31T06:57:33.687+0000] {processor.py:208} INFO - Processing /home/airflow/.local/lib/python3.12/site-packages/airflow/example_dags/tutorial_objectstorage.py took 0.112 seconds
[2025-03-31T06:58:04.906+0000] {processor.py:186} INFO - Started process (PID=5071) to work on /home/airflow/.local/lib/python3.12/site-packages/airflow/example_dags/tutorial_objectstorage.py
[2025-03-31T06:58:04.907+0000] {processor.py:914} INFO - Processing file /home/airflow/.local/lib/python3.12/site-packages/airflow/example_dags/tutorial_objectstorage.py for tasks to queue
[2025-03-31T06:58:04.910+0000] {logging_mixin.py:190} INFO - [2025-03-31T06:58:04.910+0000] {dagbag.py:588} INFO - Filling up the DagBag from /home/airflow/.local/lib/python3.12/site-packages/airflow/example_dags/tutorial_objectstorage.py
[2025-03-31T06:58:04.922+0000] {processor.py:925} INFO - DAG(s) 'tutorial_objectstorage' retrieved from /home/airflow/.local/lib/python3.12/site-packages/airflow/example_dags/tutorial_objectstorage.py
[2025-03-31T06:58:04.947+0000] {logging_mixin.py:190} INFO - [2025-03-31T06:58:04.947+0000] {dag.py:3239} INFO - Sync 1 DAGs
[2025-03-31T06:58:04.966+0000] {logging_mixin.py:190} INFO - [2025-03-31T06:58:04.966+0000] {dag.py:4180} INFO - Setting next_dagrun for tutorial_objectstorage to None, run_after=None
[2025-03-31T06:58:04.988+0000] {processor.py:208} INFO - Processing /home/airflow/.local/lib/python3.12/site-packages/airflow/example_dags/tutorial_objectstorage.py took 0.089 seconds
[2025-03-31T06:58:36.253+0000] {processor.py:186} INFO - Started process (PID=5360) to work on /home/airflow/.local/lib/python3.12/site-packages/airflow/example_dags/tutorial_objectstorage.py
[2025-03-31T06:58:36.254+0000] {processor.py:914} INFO - Processing file /home/airflow/.local/lib/python3.12/site-packages/airflow/example_dags/tutorial_objectstorage.py for tasks to queue
[2025-03-31T06:58:36.257+0000] {logging_mixin.py:190} INFO - [2025-03-31T06:58:36.256+0000] {dagbag.py:588} INFO - Filling up the DagBag from /home/airflow/.local/lib/python3.12/site-packages/airflow/example_dags/tutorial_objectstorage.py
[2025-03-31T06:58:36.271+0000] {processor.py:925} INFO - DAG(s) 'tutorial_objectstorage' retrieved from /home/airflow/.local/lib/python3.12/site-packages/airflow/example_dags/tutorial_objectstorage.py
[2025-03-31T06:58:36.300+0000] {logging_mixin.py:190} INFO - [2025-03-31T06:58:36.300+0000] {dag.py:3239} INFO - Sync 1 DAGs
[2025-03-31T06:58:36.318+0000] {logging_mixin.py:190} INFO - [2025-03-31T06:58:36.317+0000] {dag.py:4180} INFO - Setting next_dagrun for tutorial_objectstorage to None, run_after=None
[2025-03-31T06:58:36.339+0000] {processor.py:208} INFO - Processing /home/airflow/.local/lib/python3.12/site-packages/airflow/example_dags/tutorial_objectstorage.py took 0.094 seconds
[2025-03-31T06:59:07.628+0000] {processor.py:186} INFO - Started process (PID=5651) to work on /home/airflow/.local/lib/python3.12/site-packages/airflow/example_dags/tutorial_objectstorage.py
[2025-03-31T06:59:07.629+0000] {processor.py:914} INFO - Processing file /home/airflow/.local/lib/python3.12/site-packages/airflow/example_dags/tutorial_objectstorage.py for tasks to queue
[2025-03-31T06:59:07.631+0000] {logging_mixin.py:190} INFO - [2025-03-31T06:59:07.631+0000] {dagbag.py:588} INFO - Filling up the DagBag from /home/airflow/.local/lib/python3.12/site-packages/airflow/example_dags/tutorial_objectstorage.py
[2025-03-31T06:59:07.642+0000] {processor.py:925} INFO - DAG(s) 'tutorial_objectstorage' retrieved from /home/airflow/.local/lib/python3.12/site-packages/airflow/example_dags/tutorial_objectstorage.py
[2025-03-31T06:59:07.663+0000] {logging_mixin.py:190} INFO - [2025-03-31T06:59:07.663+0000] {dag.py:3239} INFO - Sync 1 DAGs
[2025-03-31T06:59:07.679+0000] {logging_mixin.py:190} INFO - [2025-03-31T06:59:07.678+0000] {dag.py:4180} INFO - Setting next_dagrun for tutorial_objectstorage to None, run_after=None
[2025-03-31T06:59:07.697+0000] {processor.py:208} INFO - Processing /home/airflow/.local/lib/python3.12/site-packages/airflow/example_dags/tutorial_objectstorage.py took 0.075 seconds
[2025-03-31T06:59:38.905+0000] {processor.py:186} INFO - Started process (PID=5942) to work on /home/airflow/.local/lib/python3.12/site-packages/airflow/example_dags/tutorial_objectstorage.py
[2025-03-31T06:59:38.906+0000] {processor.py:914} INFO - Processing file /home/airflow/.local/lib/python3.12/site-packages/airflow/example_dags/tutorial_objectstorage.py for tasks to queue
[2025-03-31T06:59:38.910+0000] {logging_mixin.py:190} INFO - [2025-03-31T06:59:38.909+0000] {dagbag.py:588} INFO - Filling up the DagBag from /home/airflow/.local/lib/python3.12/site-packages/airflow/example_dags/tutorial_objectstorage.py
[2025-03-31T06:59:38.920+0000] {processor.py:925} INFO - DAG(s) 'tutorial_objectstorage' retrieved from /home/airflow/.local/lib/python3.12/site-packages/airflow/example_dags/tutorial_objectstorage.py
[2025-03-31T06:59:38.946+0000] {logging_mixin.py:190} INFO - [2025-03-31T06:59:38.946+0000] {dag.py:3239} INFO - Sync 1 DAGs
[2025-03-31T06:59:38.966+0000] {logging_mixin.py:190} INFO - [2025-03-31T06:59:38.966+0000] {dag.py:4180} INFO - Setting next_dagrun for tutorial_objectstorage to None, run_after=None
[2025-03-31T06:59:38.994+0000] {processor.py:208} INFO - Processing /home/airflow/.local/lib/python3.12/site-packages/airflow/example_dags/tutorial_objectstorage.py took 0.097 seconds
[2025-03-31T07:00:10.110+0000] {processor.py:186} INFO - Started process (PID=6233) to work on /home/airflow/.local/lib/python3.12/site-packages/airflow/example_dags/tutorial_objectstorage.py
[2025-03-31T07:00:10.111+0000] {processor.py:914} INFO - Processing file /home/airflow/.local/lib/python3.12/site-packages/airflow/example_dags/tutorial_objectstorage.py for tasks to queue
[2025-03-31T07:00:10.114+0000] {logging_mixin.py:190} INFO - [2025-03-31T07:00:10.114+0000] {dagbag.py:588} INFO - Filling up the DagBag from /home/airflow/.local/lib/python3.12/site-packages/airflow/example_dags/tutorial_objectstorage.py
[2025-03-31T07:00:10.125+0000] {processor.py:925} INFO - DAG(s) 'tutorial_objectstorage' retrieved from /home/airflow/.local/lib/python3.12/site-packages/airflow/example_dags/tutorial_objectstorage.py
[2025-03-31T07:00:10.150+0000] {logging_mixin.py:190} INFO - [2025-03-31T07:00:10.149+0000] {dag.py:3239} INFO - Sync 1 DAGs
[2025-03-31T07:00:10.167+0000] {logging_mixin.py:190} INFO - [2025-03-31T07:00:10.166+0000] {dag.py:4180} INFO - Setting next_dagrun for tutorial_objectstorage to None, run_after=None
[2025-03-31T07:00:10.188+0000] {processor.py:208} INFO - Processing /home/airflow/.local/lib/python3.12/site-packages/airflow/example_dags/tutorial_objectstorage.py took 0.085 seconds
[2025-03-31T07:00:41.739+0000] {processor.py:186} INFO - Started process (PID=6530) to work on /home/airflow/.local/lib/python3.12/site-packages/airflow/example_dags/tutorial_objectstorage.py
[2025-03-31T07:00:41.740+0000] {processor.py:914} INFO - Processing file /home/airflow/.local/lib/python3.12/site-packages/airflow/example_dags/tutorial_objectstorage.py for tasks to queue
[2025-03-31T07:00:41.743+0000] {logging_mixin.py:190} INFO - [2025-03-31T07:00:41.743+0000] {dagbag.py:588} INFO - Filling up the DagBag from /home/airflow/.local/lib/python3.12/site-packages/airflow/example_dags/tutorial_objectstorage.py
[2025-03-31T07:00:41.754+0000] {processor.py:925} INFO - DAG(s) 'tutorial_objectstorage' retrieved from /home/airflow/.local/lib/python3.12/site-packages/airflow/example_dags/tutorial_objectstorage.py
[2025-03-31T07:00:41.777+0000] {logging_mixin.py:190} INFO - [2025-03-31T07:00:41.777+0000] {dag.py:3239} INFO - Sync 1 DAGs
[2025-03-31T07:00:41.795+0000] {logging_mixin.py:190} INFO - [2025-03-31T07:00:41.795+0000] {dag.py:4180} INFO - Setting next_dagrun for tutorial_objectstorage to None, run_after=None
[2025-03-31T07:00:41.819+0000] {processor.py:208} INFO - Processing /home/airflow/.local/lib/python3.12/site-packages/airflow/example_dags/tutorial_objectstorage.py took 0.087 seconds
[2025-03-31T07:01:12.480+0000] {processor.py:186} INFO - Started process (PID=6821) to work on /home/airflow/.local/lib/python3.12/site-packages/airflow/example_dags/tutorial_objectstorage.py
[2025-03-31T07:01:12.481+0000] {processor.py:914} INFO - Processing file /home/airflow/.local/lib/python3.12/site-packages/airflow/example_dags/tutorial_objectstorage.py for tasks to queue
[2025-03-31T07:01:12.483+0000] {logging_mixin.py:190} INFO - [2025-03-31T07:01:12.483+0000] {dagbag.py:588} INFO - Filling up the DagBag from /home/airflow/.local/lib/python3.12/site-packages/airflow/example_dags/tutorial_objectstorage.py
[2025-03-31T07:01:12.493+0000] {processor.py:925} INFO - DAG(s) 'tutorial_objectstorage' retrieved from /home/airflow/.local/lib/python3.12/site-packages/airflow/example_dags/tutorial_objectstorage.py
[2025-03-31T07:01:12.513+0000] {logging_mixin.py:190} INFO - [2025-03-31T07:01:12.513+0000] {dag.py:3239} INFO - Sync 1 DAGs
[2025-03-31T07:01:12.527+0000] {logging_mixin.py:190} INFO - [2025-03-31T07:01:12.527+0000] {dag.py:4180} INFO - Setting next_dagrun for tutorial_objectstorage to None, run_after=None
[2025-03-31T07:01:12.545+0000] {processor.py:208} INFO - Processing /home/airflow/.local/lib/python3.12/site-packages/airflow/example_dags/tutorial_objectstorage.py took 0.071 seconds
[2025-03-31T07:01:43.107+0000] {processor.py:186} INFO - Started process (PID=7107) to work on /home/airflow/.local/lib/python3.12/site-packages/airflow/example_dags/tutorial_objectstorage.py
[2025-03-31T07:01:43.108+0000] {processor.py:914} INFO - Processing file /home/airflow/.local/lib/python3.12/site-packages/airflow/example_dags/tutorial_objectstorage.py for tasks to queue
[2025-03-31T07:01:43.110+0000] {logging_mixin.py:190} INFO - [2025-03-31T07:01:43.110+0000] {dagbag.py:588} INFO - Filling up the DagBag from /home/airflow/.local/lib/python3.12/site-packages/airflow/example_dags/tutorial_objectstorage.py
[2025-03-31T07:01:43.120+0000] {processor.py:925} INFO - DAG(s) 'tutorial_objectstorage' retrieved from /home/airflow/.local/lib/python3.12/site-packages/airflow/example_dags/tutorial_objectstorage.py
[2025-03-31T07:01:43.140+0000] {logging_mixin.py:190} INFO - [2025-03-31T07:01:43.140+0000] {dag.py:3239} INFO - Sync 1 DAGs
[2025-03-31T07:01:43.156+0000] {logging_mixin.py:190} INFO - [2025-03-31T07:01:43.155+0000] {dag.py:4180} INFO - Setting next_dagrun for tutorial_objectstorage to None, run_after=None
[2025-03-31T07:01:43.175+0000] {processor.py:208} INFO - Processing /home/airflow/.local/lib/python3.12/site-packages/airflow/example_dags/tutorial_objectstorage.py took 0.074 seconds
[2025-03-31T07:02:15.076+0000] {processor.py:186} INFO - Started process (PID=7405) to work on /home/airflow/.local/lib/python3.12/site-packages/airflow/example_dags/tutorial_objectstorage.py
[2025-03-31T07:02:15.077+0000] {processor.py:914} INFO - Processing file /home/airflow/.local/lib/python3.12/site-packages/airflow/example_dags/tutorial_objectstorage.py for tasks to queue
[2025-03-31T07:02:15.079+0000] {logging_mixin.py:190} INFO - [2025-03-31T07:02:15.079+0000] {dagbag.py:588} INFO - Filling up the DagBag from /home/airflow/.local/lib/python3.12/site-packages/airflow/example_dags/tutorial_objectstorage.py
[2025-03-31T07:02:15.089+0000] {processor.py:925} INFO - DAG(s) 'tutorial_objectstorage' retrieved from /home/airflow/.local/lib/python3.12/site-packages/airflow/example_dags/tutorial_objectstorage.py
[2025-03-31T07:02:15.114+0000] {logging_mixin.py:190} INFO - [2025-03-31T07:02:15.114+0000] {dag.py:3239} INFO - Sync 1 DAGs
[2025-03-31T07:02:15.129+0000] {logging_mixin.py:190} INFO - [2025-03-31T07:02:15.129+0000] {dag.py:4180} INFO - Setting next_dagrun for tutorial_objectstorage to None, run_after=None
[2025-03-31T07:02:15.148+0000] {processor.py:208} INFO - Processing /home/airflow/.local/lib/python3.12/site-packages/airflow/example_dags/tutorial_objectstorage.py took 0.078 seconds
[2025-03-31T07:02:45.915+0000] {processor.py:186} INFO - Started process (PID=7696) to work on /home/airflow/.local/lib/python3.12/site-packages/airflow/example_dags/tutorial_objectstorage.py
[2025-03-31T07:02:45.916+0000] {processor.py:914} INFO - Processing file /home/airflow/.local/lib/python3.12/site-packages/airflow/example_dags/tutorial_objectstorage.py for tasks to queue
[2025-03-31T07:02:45.918+0000] {logging_mixin.py:190} INFO - [2025-03-31T07:02:45.918+0000] {dagbag.py:588} INFO - Filling up the DagBag from /home/airflow/.local/lib/python3.12/site-packages/airflow/example_dags/tutorial_objectstorage.py
[2025-03-31T07:02:45.927+0000] {processor.py:925} INFO - DAG(s) 'tutorial_objectstorage' retrieved from /home/airflow/.local/lib/python3.12/site-packages/airflow/example_dags/tutorial_objectstorage.py
[2025-03-31T07:02:45.947+0000] {logging_mixin.py:190} INFO - [2025-03-31T07:02:45.947+0000] {dag.py:3239} INFO - Sync 1 DAGs
[2025-03-31T07:02:45.962+0000] {logging_mixin.py:190} INFO - [2025-03-31T07:02:45.962+0000] {dag.py:4180} INFO - Setting next_dagrun for tutorial_objectstorage to None, run_after=None
[2025-03-31T07:02:45.980+0000] {processor.py:208} INFO - Processing /home/airflow/.local/lib/python3.12/site-packages/airflow/example_dags/tutorial_objectstorage.py took 0.071 seconds
[2025-03-31T07:03:16.934+0000] {processor.py:186} INFO - Started process (PID=7985) to work on /home/airflow/.local/lib/python3.12/site-packages/airflow/example_dags/tutorial_objectstorage.py
[2025-03-31T07:03:16.935+0000] {processor.py:914} INFO - Processing file /home/airflow/.local/lib/python3.12/site-packages/airflow/example_dags/tutorial_objectstorage.py for tasks to queue
[2025-03-31T07:03:16.938+0000] {logging_mixin.py:190} INFO - [2025-03-31T07:03:16.937+0000] {dagbag.py:588} INFO - Filling up the DagBag from /home/airflow/.local/lib/python3.12/site-packages/airflow/example_dags/tutorial_objectstorage.py
[2025-03-31T07:03:16.947+0000] {processor.py:925} INFO - DAG(s) 'tutorial_objectstorage' retrieved from /home/airflow/.local/lib/python3.12/site-packages/airflow/example_dags/tutorial_objectstorage.py
[2025-03-31T07:03:16.968+0000] {logging_mixin.py:190} INFO - [2025-03-31T07:03:16.968+0000] {dag.py:3239} INFO - Sync 1 DAGs
[2025-03-31T07:03:16.984+0000] {logging_mixin.py:190} INFO - [2025-03-31T07:03:16.983+0000] {dag.py:4180} INFO - Setting next_dagrun for tutorial_objectstorage to None, run_after=None
[2025-03-31T07:03:17.003+0000] {processor.py:208} INFO - Processing /home/airflow/.local/lib/python3.12/site-packages/airflow/example_dags/tutorial_objectstorage.py took 0.075 seconds
[2025-03-31T07:03:48.771+0000] {processor.py:186} INFO - Started process (PID=8276) to work on /home/airflow/.local/lib/python3.12/site-packages/airflow/example_dags/tutorial_objectstorage.py
[2025-03-31T07:03:48.772+0000] {processor.py:914} INFO - Processing file /home/airflow/.local/lib/python3.12/site-packages/airflow/example_dags/tutorial_objectstorage.py for tasks to queue
[2025-03-31T07:03:48.775+0000] {logging_mixin.py:190} INFO - [2025-03-31T07:03:48.775+0000] {dagbag.py:588} INFO - Filling up the DagBag from /home/airflow/.local/lib/python3.12/site-packages/airflow/example_dags/tutorial_objectstorage.py
[2025-03-31T07:03:48.785+0000] {processor.py:925} INFO - DAG(s) 'tutorial_objectstorage' retrieved from /home/airflow/.local/lib/python3.12/site-packages/airflow/example_dags/tutorial_objectstorage.py
[2025-03-31T07:03:48.808+0000] {logging_mixin.py:190} INFO - [2025-03-31T07:03:48.808+0000] {dag.py:3239} INFO - Sync 1 DAGs
[2025-03-31T07:03:48.824+0000] {logging_mixin.py:190} INFO - [2025-03-31T07:03:48.824+0000] {dag.py:4180} INFO - Setting next_dagrun for tutorial_objectstorage to None, run_after=None
[2025-03-31T07:03:48.844+0000] {processor.py:208} INFO - Processing /home/airflow/.local/lib/python3.12/site-packages/airflow/example_dags/tutorial_objectstorage.py took 0.079 seconds
[2025-03-31T07:04:19.893+0000] {processor.py:186} INFO - Started process (PID=8569) to work on /home/airflow/.local/lib/python3.12/site-packages/airflow/example_dags/tutorial_objectstorage.py
[2025-03-31T07:04:19.894+0000] {processor.py:914} INFO - Processing file /home/airflow/.local/lib/python3.12/site-packages/airflow/example_dags/tutorial_objectstorage.py for tasks to queue
[2025-03-31T07:04:19.896+0000] {logging_mixin.py:190} INFO - [2025-03-31T07:04:19.896+0000] {dagbag.py:588} INFO - Filling up the DagBag from /home/airflow/.local/lib/python3.12/site-packages/airflow/example_dags/tutorial_objectstorage.py
[2025-03-31T07:04:19.907+0000] {processor.py:925} INFO - DAG(s) 'tutorial_objectstorage' retrieved from /home/airflow/.local/lib/python3.12/site-packages/airflow/example_dags/tutorial_objectstorage.py
[2025-03-31T07:04:19.931+0000] {logging_mixin.py:190} INFO - [2025-03-31T07:04:19.930+0000] {dag.py:3239} INFO - Sync 1 DAGs
[2025-03-31T07:04:19.947+0000] {logging_mixin.py:190} INFO - [2025-03-31T07:04:19.947+0000] {dag.py:4180} INFO - Setting next_dagrun for tutorial_objectstorage to None, run_after=None
[2025-03-31T07:04:19.968+0000] {processor.py:208} INFO - Processing /home/airflow/.local/lib/python3.12/site-packages/airflow/example_dags/tutorial_objectstorage.py took 0.081 seconds
[2025-03-31T07:04:51.351+0000] {processor.py:186} INFO - Started process (PID=8860) to work on /home/airflow/.local/lib/python3.12/site-packages/airflow/example_dags/tutorial_objectstorage.py
[2025-03-31T07:04:51.352+0000] {processor.py:914} INFO - Processing file /home/airflow/.local/lib/python3.12/site-packages/airflow/example_dags/tutorial_objectstorage.py for tasks to queue
[2025-03-31T07:04:51.354+0000] {logging_mixin.py:190} INFO - [2025-03-31T07:04:51.354+0000] {dagbag.py:588} INFO - Filling up the DagBag from /home/airflow/.local/lib/python3.12/site-packages/airflow/example_dags/tutorial_objectstorage.py
[2025-03-31T07:04:51.364+0000] {processor.py:925} INFO - DAG(s) 'tutorial_objectstorage' retrieved from /home/airflow/.local/lib/python3.12/site-packages/airflow/example_dags/tutorial_objectstorage.py
[2025-03-31T07:04:51.385+0000] {logging_mixin.py:190} INFO - [2025-03-31T07:04:51.385+0000] {dag.py:3239} INFO - Sync 1 DAGs
[2025-03-31T07:04:51.401+0000] {logging_mixin.py:190} INFO - [2025-03-31T07:04:51.401+0000] {dag.py:4180} INFO - Setting next_dagrun for tutorial_objectstorage to None, run_after=None
[2025-03-31T07:04:51.419+0000] {processor.py:208} INFO - Processing /home/airflow/.local/lib/python3.12/site-packages/airflow/example_dags/tutorial_objectstorage.py took 0.076 seconds
[2025-03-31T07:05:22.517+0000] {processor.py:186} INFO - Started process (PID=9149) to work on /home/airflow/.local/lib/python3.12/site-packages/airflow/example_dags/tutorial_objectstorage.py
[2025-03-31T07:05:22.518+0000] {processor.py:914} INFO - Processing file /home/airflow/.local/lib/python3.12/site-packages/airflow/example_dags/tutorial_objectstorage.py for tasks to queue
[2025-03-31T07:05:22.521+0000] {logging_mixin.py:190} INFO - [2025-03-31T07:05:22.521+0000] {dagbag.py:588} INFO - Filling up the DagBag from /home/airflow/.local/lib/python3.12/site-packages/airflow/example_dags/tutorial_objectstorage.py
[2025-03-31T07:05:22.531+0000] {processor.py:925} INFO - DAG(s) 'tutorial_objectstorage' retrieved from /home/airflow/.local/lib/python3.12/site-packages/airflow/example_dags/tutorial_objectstorage.py
[2025-03-31T07:05:22.553+0000] {logging_mixin.py:190} INFO - [2025-03-31T07:05:22.553+0000] {dag.py:3239} INFO - Sync 1 DAGs
[2025-03-31T07:05:22.569+0000] {logging_mixin.py:190} INFO - [2025-03-31T07:05:22.569+0000] {dag.py:4180} INFO - Setting next_dagrun for tutorial_objectstorage to None, run_after=None
[2025-03-31T07:05:22.589+0000] {processor.py:208} INFO - Processing /home/airflow/.local/lib/python3.12/site-packages/airflow/example_dags/tutorial_objectstorage.py took 0.079 seconds
[2025-03-31T07:05:53.472+0000] {processor.py:186} INFO - Started process (PID=9435) to work on /home/airflow/.local/lib/python3.12/site-packages/airflow/example_dags/tutorial_objectstorage.py
[2025-03-31T07:05:53.474+0000] {processor.py:914} INFO - Processing file /home/airflow/.local/lib/python3.12/site-packages/airflow/example_dags/tutorial_objectstorage.py for tasks to queue
[2025-03-31T07:05:53.476+0000] {logging_mixin.py:190} INFO - [2025-03-31T07:05:53.476+0000] {dagbag.py:588} INFO - Filling up the DagBag from /home/airflow/.local/lib/python3.12/site-packages/airflow/example_dags/tutorial_objectstorage.py
[2025-03-31T07:05:53.487+0000] {processor.py:925} INFO - DAG(s) 'tutorial_objectstorage' retrieved from /home/airflow/.local/lib/python3.12/site-packages/airflow/example_dags/tutorial_objectstorage.py
[2025-03-31T07:05:53.508+0000] {logging_mixin.py:190} INFO - [2025-03-31T07:05:53.508+0000] {dag.py:3239} INFO - Sync 1 DAGs
[2025-03-31T07:05:53.524+0000] {logging_mixin.py:190} INFO - [2025-03-31T07:05:53.524+0000] {dag.py:4180} INFO - Setting next_dagrun for tutorial_objectstorage to None, run_after=None
[2025-03-31T07:05:53.543+0000] {processor.py:208} INFO - Processing /home/airflow/.local/lib/python3.12/site-packages/airflow/example_dags/tutorial_objectstorage.py took 0.077 seconds
[2025-03-31T07:06:24.641+0000] {processor.py:186} INFO - Started process (PID=9726) to work on /home/airflow/.local/lib/python3.12/site-packages/airflow/example_dags/tutorial_objectstorage.py
[2025-03-31T07:06:24.642+0000] {processor.py:914} INFO - Processing file /home/airflow/.local/lib/python3.12/site-packages/airflow/example_dags/tutorial_objectstorage.py for tasks to queue
[2025-03-31T07:06:24.645+0000] {logging_mixin.py:190} INFO - [2025-03-31T07:06:24.644+0000] {dagbag.py:588} INFO - Filling up the DagBag from /home/airflow/.local/lib/python3.12/site-packages/airflow/example_dags/tutorial_objectstorage.py
[2025-03-31T07:06:24.657+0000] {processor.py:925} INFO - DAG(s) 'tutorial_objectstorage' retrieved from /home/airflow/.local/lib/python3.12/site-packages/airflow/example_dags/tutorial_objectstorage.py
[2025-03-31T07:06:24.684+0000] {logging_mixin.py:190} INFO - [2025-03-31T07:06:24.684+0000] {dag.py:3239} INFO - Sync 1 DAGs
[2025-03-31T07:06:24.699+0000] {logging_mixin.py:190} INFO - [2025-03-31T07:06:24.699+0000] {dag.py:4180} INFO - Setting next_dagrun for tutorial_objectstorage to None, run_after=None
[2025-03-31T07:06:24.719+0000] {processor.py:208} INFO - Processing /home/airflow/.local/lib/python3.12/site-packages/airflow/example_dags/tutorial_objectstorage.py took 0.085 seconds
[2025-03-31T07:06:55.579+0000] {processor.py:186} INFO - Started process (PID=10017) to work on /home/airflow/.local/lib/python3.12/site-packages/airflow/example_dags/tutorial_objectstorage.py
[2025-03-31T07:06:55.580+0000] {processor.py:914} INFO - Processing file /home/airflow/.local/lib/python3.12/site-packages/airflow/example_dags/tutorial_objectstorage.py for tasks to queue
[2025-03-31T07:06:55.582+0000] {logging_mixin.py:190} INFO - [2025-03-31T07:06:55.582+0000] {dagbag.py:588} INFO - Filling up the DagBag from /home/airflow/.local/lib/python3.12/site-packages/airflow/example_dags/tutorial_objectstorage.py
[2025-03-31T07:06:55.592+0000] {processor.py:925} INFO - DAG(s) 'tutorial_objectstorage' retrieved from /home/airflow/.local/lib/python3.12/site-packages/airflow/example_dags/tutorial_objectstorage.py
[2025-03-31T07:06:55.612+0000] {logging_mixin.py:190} INFO - [2025-03-31T07:06:55.612+0000] {dag.py:3239} INFO - Sync 1 DAGs
[2025-03-31T07:06:55.626+0000] {logging_mixin.py:190} INFO - [2025-03-31T07:06:55.626+0000] {dag.py:4180} INFO - Setting next_dagrun for tutorial_objectstorage to None, run_after=None
[2025-03-31T07:06:55.644+0000] {processor.py:208} INFO - Processing /home/airflow/.local/lib/python3.12/site-packages/airflow/example_dags/tutorial_objectstorage.py took 0.072 seconds
[2025-03-31T07:07:27.643+0000] {processor.py:186} INFO - Started process (PID=10323) to work on /home/airflow/.local/lib/python3.12/site-packages/airflow/example_dags/tutorial_objectstorage.py
[2025-03-31T07:07:27.644+0000] {processor.py:914} INFO - Processing file /home/airflow/.local/lib/python3.12/site-packages/airflow/example_dags/tutorial_objectstorage.py for tasks to queue
[2025-03-31T07:07:27.646+0000] {logging_mixin.py:190} INFO - [2025-03-31T07:07:27.645+0000] {dagbag.py:588} INFO - Filling up the DagBag from /home/airflow/.local/lib/python3.12/site-packages/airflow/example_dags/tutorial_objectstorage.py
[2025-03-31T07:07:27.656+0000] {processor.py:925} INFO - DAG(s) 'tutorial_objectstorage' retrieved from /home/airflow/.local/lib/python3.12/site-packages/airflow/example_dags/tutorial_objectstorage.py
[2025-03-31T07:07:27.677+0000] {logging_mixin.py:190} INFO - [2025-03-31T07:07:27.677+0000] {dag.py:3239} INFO - Sync 1 DAGs
[2025-03-31T07:07:27.694+0000] {logging_mixin.py:190} INFO - [2025-03-31T07:07:27.693+0000] {dag.py:4180} INFO - Setting next_dagrun for tutorial_objectstorage to None, run_after=None
[2025-03-31T07:07:27.712+0000] {processor.py:208} INFO - Processing /home/airflow/.local/lib/python3.12/site-packages/airflow/example_dags/tutorial_objectstorage.py took 0.075 seconds
[2025-03-31T07:07:58.456+0000] {processor.py:186} INFO - Started process (PID=10616) to work on /home/airflow/.local/lib/python3.12/site-packages/airflow/example_dags/tutorial_objectstorage.py
[2025-03-31T07:07:58.457+0000] {processor.py:914} INFO - Processing file /home/airflow/.local/lib/python3.12/site-packages/airflow/example_dags/tutorial_objectstorage.py for tasks to queue
[2025-03-31T07:07:58.460+0000] {logging_mixin.py:190} INFO - [2025-03-31T07:07:58.459+0000] {dagbag.py:588} INFO - Filling up the DagBag from /home/airflow/.local/lib/python3.12/site-packages/airflow/example_dags/tutorial_objectstorage.py
[2025-03-31T07:07:58.469+0000] {processor.py:925} INFO - DAG(s) 'tutorial_objectstorage' retrieved from /home/airflow/.local/lib/python3.12/site-packages/airflow/example_dags/tutorial_objectstorage.py
[2025-03-31T07:07:58.494+0000] {logging_mixin.py:190} INFO - [2025-03-31T07:07:58.494+0000] {dag.py:3239} INFO - Sync 1 DAGs
[2025-03-31T07:07:58.508+0000] {logging_mixin.py:190} INFO - [2025-03-31T07:07:58.508+0000] {dag.py:4180} INFO - Setting next_dagrun for tutorial_objectstorage to None, run_after=None
[2025-03-31T07:07:58.525+0000] {processor.py:208} INFO - Processing /home/airflow/.local/lib/python3.12/site-packages/airflow/example_dags/tutorial_objectstorage.py took 0.074 seconds
[2025-03-31T07:08:30.759+0000] {processor.py:186} INFO - Started process (PID=10950) to work on /home/airflow/.local/lib/python3.12/site-packages/airflow/example_dags/tutorial_objectstorage.py
[2025-03-31T07:08:30.760+0000] {processor.py:914} INFO - Processing file /home/airflow/.local/lib/python3.12/site-packages/airflow/example_dags/tutorial_objectstorage.py for tasks to queue
[2025-03-31T07:08:30.762+0000] {logging_mixin.py:190} INFO - [2025-03-31T07:08:30.762+0000] {dagbag.py:588} INFO - Filling up the DagBag from /home/airflow/.local/lib/python3.12/site-packages/airflow/example_dags/tutorial_objectstorage.py
[2025-03-31T07:08:30.773+0000] {processor.py:925} INFO - DAG(s) 'tutorial_objectstorage' retrieved from /home/airflow/.local/lib/python3.12/site-packages/airflow/example_dags/tutorial_objectstorage.py
[2025-03-31T07:08:30.793+0000] {logging_mixin.py:190} INFO - [2025-03-31T07:08:30.793+0000] {dag.py:3239} INFO - Sync 1 DAGs
[2025-03-31T07:08:30.808+0000] {logging_mixin.py:190} INFO - [2025-03-31T07:08:30.808+0000] {dag.py:4180} INFO - Setting next_dagrun for tutorial_objectstorage to None, run_after=None
[2025-03-31T07:08:30.828+0000] {processor.py:208} INFO - Processing /home/airflow/.local/lib/python3.12/site-packages/airflow/example_dags/tutorial_objectstorage.py took 0.075 seconds
[2025-03-31T07:09:02.208+0000] {processor.py:186} INFO - Started process (PID=11241) to work on /home/airflow/.local/lib/python3.12/site-packages/airflow/example_dags/tutorial_objectstorage.py
[2025-03-31T07:09:02.209+0000] {processor.py:914} INFO - Processing file /home/airflow/.local/lib/python3.12/site-packages/airflow/example_dags/tutorial_objectstorage.py for tasks to queue
[2025-03-31T07:09:02.211+0000] {logging_mixin.py:190} INFO - [2025-03-31T07:09:02.211+0000] {dagbag.py:588} INFO - Filling up the DagBag from /home/airflow/.local/lib/python3.12/site-packages/airflow/example_dags/tutorial_objectstorage.py
[2025-03-31T07:09:02.221+0000] {processor.py:925} INFO - DAG(s) 'tutorial_objectstorage' retrieved from /home/airflow/.local/lib/python3.12/site-packages/airflow/example_dags/tutorial_objectstorage.py
[2025-03-31T07:09:02.242+0000] {logging_mixin.py:190} INFO - [2025-03-31T07:09:02.242+0000] {dag.py:3239} INFO - Sync 1 DAGs
[2025-03-31T07:09:02.257+0000] {logging_mixin.py:190} INFO - [2025-03-31T07:09:02.257+0000] {dag.py:4180} INFO - Setting next_dagrun for tutorial_objectstorage to None, run_after=None
[2025-03-31T07:09:02.275+0000] {processor.py:208} INFO - Processing /home/airflow/.local/lib/python3.12/site-packages/airflow/example_dags/tutorial_objectstorage.py took 0.073 seconds
[2025-03-31T07:09:33.348+0000] {processor.py:186} INFO - Started process (PID=11582) to work on /home/airflow/.local/lib/python3.12/site-packages/airflow/example_dags/tutorial_objectstorage.py
[2025-03-31T07:09:33.349+0000] {processor.py:914} INFO - Processing file /home/airflow/.local/lib/python3.12/site-packages/airflow/example_dags/tutorial_objectstorage.py for tasks to queue
[2025-03-31T07:09:33.351+0000] {logging_mixin.py:190} INFO - [2025-03-31T07:09:33.351+0000] {dagbag.py:588} INFO - Filling up the DagBag from /home/airflow/.local/lib/python3.12/site-packages/airflow/example_dags/tutorial_objectstorage.py
[2025-03-31T07:09:33.361+0000] {processor.py:925} INFO - DAG(s) 'tutorial_objectstorage' retrieved from /home/airflow/.local/lib/python3.12/site-packages/airflow/example_dags/tutorial_objectstorage.py
[2025-03-31T07:09:33.381+0000] {logging_mixin.py:190} INFO - [2025-03-31T07:09:33.381+0000] {dag.py:3239} INFO - Sync 1 DAGs
[2025-03-31T07:09:33.397+0000] {logging_mixin.py:190} INFO - [2025-03-31T07:09:33.396+0000] {dag.py:4180} INFO - Setting next_dagrun for tutorial_objectstorage to None, run_after=None
[2025-03-31T07:09:33.415+0000] {processor.py:208} INFO - Processing /home/airflow/.local/lib/python3.12/site-packages/airflow/example_dags/tutorial_objectstorage.py took 0.074 seconds
[2025-03-31T07:10:04.394+0000] {processor.py:186} INFO - Started process (PID=11878) to work on /home/airflow/.local/lib/python3.12/site-packages/airflow/example_dags/tutorial_objectstorage.py
[2025-03-31T07:10:04.395+0000] {processor.py:914} INFO - Processing file /home/airflow/.local/lib/python3.12/site-packages/airflow/example_dags/tutorial_objectstorage.py for tasks to queue
[2025-03-31T07:10:04.399+0000] {logging_mixin.py:190} INFO - [2025-03-31T07:10:04.399+0000] {dagbag.py:588} INFO - Filling up the DagBag from /home/airflow/.local/lib/python3.12/site-packages/airflow/example_dags/tutorial_objectstorage.py
[2025-03-31T07:10:04.410+0000] {processor.py:925} INFO - DAG(s) 'tutorial_objectstorage' retrieved from /home/airflow/.local/lib/python3.12/site-packages/airflow/example_dags/tutorial_objectstorage.py
[2025-03-31T07:10:04.430+0000] {logging_mixin.py:190} INFO - [2025-03-31T07:10:04.430+0000] {dag.py:3239} INFO - Sync 1 DAGs
[2025-03-31T07:10:04.445+0000] {logging_mixin.py:190} INFO - [2025-03-31T07:10:04.445+0000] {dag.py:4180} INFO - Setting next_dagrun for tutorial_objectstorage to None, run_after=None
[2025-03-31T07:10:04.462+0000] {processor.py:208} INFO - Processing /home/airflow/.local/lib/python3.12/site-packages/airflow/example_dags/tutorial_objectstorage.py took 0.074 seconds
[2025-03-31T07:10:35.801+0000] {processor.py:186} INFO - Started process (PID=12169) to work on /home/airflow/.local/lib/python3.12/site-packages/airflow/example_dags/tutorial_objectstorage.py
[2025-03-31T07:10:35.801+0000] {processor.py:914} INFO - Processing file /home/airflow/.local/lib/python3.12/site-packages/airflow/example_dags/tutorial_objectstorage.py for tasks to queue
[2025-03-31T07:10:35.804+0000] {logging_mixin.py:190} INFO - [2025-03-31T07:10:35.804+0000] {dagbag.py:588} INFO - Filling up the DagBag from /home/airflow/.local/lib/python3.12/site-packages/airflow/example_dags/tutorial_objectstorage.py
[2025-03-31T07:10:35.813+0000] {processor.py:925} INFO - DAG(s) 'tutorial_objectstorage' retrieved from /home/airflow/.local/lib/python3.12/site-packages/airflow/example_dags/tutorial_objectstorage.py
[2025-03-31T07:10:35.834+0000] {logging_mixin.py:190} INFO - [2025-03-31T07:10:35.833+0000] {dag.py:3239} INFO - Sync 1 DAGs
[2025-03-31T07:10:35.849+0000] {logging_mixin.py:190} INFO - [2025-03-31T07:10:35.848+0000] {dag.py:4180} INFO - Setting next_dagrun for tutorial_objectstorage to None, run_after=None
[2025-03-31T07:10:35.866+0000] {processor.py:208} INFO - Processing /home/airflow/.local/lib/python3.12/site-packages/airflow/example_dags/tutorial_objectstorage.py took 0.072 seconds
[2025-03-31T07:11:06.764+0000] {processor.py:186} INFO - Started process (PID=12475) to work on /home/airflow/.local/lib/python3.12/site-packages/airflow/example_dags/tutorial_objectstorage.py
[2025-03-31T07:11:06.765+0000] {processor.py:914} INFO - Processing file /home/airflow/.local/lib/python3.12/site-packages/airflow/example_dags/tutorial_objectstorage.py for tasks to queue
[2025-03-31T07:11:06.767+0000] {logging_mixin.py:190} INFO - [2025-03-31T07:11:06.767+0000] {dagbag.py:588} INFO - Filling up the DagBag from /home/airflow/.local/lib/python3.12/site-packages/airflow/example_dags/tutorial_objectstorage.py
[2025-03-31T07:11:06.777+0000] {processor.py:925} INFO - DAG(s) 'tutorial_objectstorage' retrieved from /home/airflow/.local/lib/python3.12/site-packages/airflow/example_dags/tutorial_objectstorage.py
[2025-03-31T07:11:06.797+0000] {logging_mixin.py:190} INFO - [2025-03-31T07:11:06.797+0000] {dag.py:3239} INFO - Sync 1 DAGs
[2025-03-31T07:11:06.812+0000] {logging_mixin.py:190} INFO - [2025-03-31T07:11:06.812+0000] {dag.py:4180} INFO - Setting next_dagrun for tutorial_objectstorage to None, run_after=None
[2025-03-31T07:11:06.831+0000] {processor.py:208} INFO - Processing /home/airflow/.local/lib/python3.12/site-packages/airflow/example_dags/tutorial_objectstorage.py took 0.072 seconds
[2025-03-31T07:11:37.816+0000] {processor.py:186} INFO - Started process (PID=12766) to work on /home/airflow/.local/lib/python3.12/site-packages/airflow/example_dags/tutorial_objectstorage.py
[2025-03-31T07:11:37.817+0000] {processor.py:914} INFO - Processing file /home/airflow/.local/lib/python3.12/site-packages/airflow/example_dags/tutorial_objectstorage.py for tasks to queue
[2025-03-31T07:11:37.819+0000] {logging_mixin.py:190} INFO - [2025-03-31T07:11:37.819+0000] {dagbag.py:588} INFO - Filling up the DagBag from /home/airflow/.local/lib/python3.12/site-packages/airflow/example_dags/tutorial_objectstorage.py
[2025-03-31T07:11:37.830+0000] {processor.py:925} INFO - DAG(s) 'tutorial_objectstorage' retrieved from /home/airflow/.local/lib/python3.12/site-packages/airflow/example_dags/tutorial_objectstorage.py
[2025-03-31T07:11:37.850+0000] {logging_mixin.py:190} INFO - [2025-03-31T07:11:37.850+0000] {dag.py:3239} INFO - Sync 1 DAGs
[2025-03-31T07:11:37.866+0000] {logging_mixin.py:190} INFO - [2025-03-31T07:11:37.866+0000] {dag.py:4180} INFO - Setting next_dagrun for tutorial_objectstorage to None, run_after=None
[2025-03-31T07:11:37.886+0000] {processor.py:208} INFO - Processing /home/airflow/.local/lib/python3.12/site-packages/airflow/example_dags/tutorial_objectstorage.py took 0.076 seconds
[2025-03-31T07:12:08.671+0000] {processor.py:186} INFO - Started process (PID=13057) to work on /home/airflow/.local/lib/python3.12/site-packages/airflow/example_dags/tutorial_objectstorage.py
[2025-03-31T07:12:08.672+0000] {processor.py:914} INFO - Processing file /home/airflow/.local/lib/python3.12/site-packages/airflow/example_dags/tutorial_objectstorage.py for tasks to queue
[2025-03-31T07:12:08.674+0000] {logging_mixin.py:190} INFO - [2025-03-31T07:12:08.674+0000] {dagbag.py:588} INFO - Filling up the DagBag from /home/airflow/.local/lib/python3.12/site-packages/airflow/example_dags/tutorial_objectstorage.py
[2025-03-31T07:12:08.684+0000] {processor.py:925} INFO - DAG(s) 'tutorial_objectstorage' retrieved from /home/airflow/.local/lib/python3.12/site-packages/airflow/example_dags/tutorial_objectstorage.py
[2025-03-31T07:12:08.705+0000] {logging_mixin.py:190} INFO - [2025-03-31T07:12:08.704+0000] {dag.py:3239} INFO - Sync 1 DAGs
[2025-03-31T07:12:08.721+0000] {logging_mixin.py:190} INFO - [2025-03-31T07:12:08.720+0000] {dag.py:4180} INFO - Setting next_dagrun for tutorial_objectstorage to None, run_after=None
[2025-03-31T07:12:08.739+0000] {processor.py:208} INFO - Processing /home/airflow/.local/lib/python3.12/site-packages/airflow/example_dags/tutorial_objectstorage.py took 0.075 seconds
[2025-03-31T07:12:39.403+0000] {processor.py:186} INFO - Started process (PID=13348) to work on /home/airflow/.local/lib/python3.12/site-packages/airflow/example_dags/tutorial_objectstorage.py
[2025-03-31T07:12:39.404+0000] {processor.py:914} INFO - Processing file /home/airflow/.local/lib/python3.12/site-packages/airflow/example_dags/tutorial_objectstorage.py for tasks to queue
[2025-03-31T07:12:39.407+0000] {logging_mixin.py:190} INFO - [2025-03-31T07:12:39.406+0000] {dagbag.py:588} INFO - Filling up the DagBag from /home/airflow/.local/lib/python3.12/site-packages/airflow/example_dags/tutorial_objectstorage.py
[2025-03-31T07:12:39.418+0000] {processor.py:925} INFO - DAG(s) 'tutorial_objectstorage' retrieved from /home/airflow/.local/lib/python3.12/site-packages/airflow/example_dags/tutorial_objectstorage.py
[2025-03-31T07:12:39.439+0000] {logging_mixin.py:190} INFO - [2025-03-31T07:12:39.439+0000] {dag.py:3239} INFO - Sync 1 DAGs
[2025-03-31T07:12:39.455+0000] {logging_mixin.py:190} INFO - [2025-03-31T07:12:39.455+0000] {dag.py:4180} INFO - Setting next_dagrun for tutorial_objectstorage to None, run_after=None
[2025-03-31T07:12:39.473+0000] {processor.py:208} INFO - Processing /home/airflow/.local/lib/python3.12/site-packages/airflow/example_dags/tutorial_objectstorage.py took 0.077 seconds
[2025-03-31T07:13:10.691+0000] {processor.py:186} INFO - Started process (PID=13639) to work on /home/airflow/.local/lib/python3.12/site-packages/airflow/example_dags/tutorial_objectstorage.py
[2025-03-31T07:13:10.692+0000] {processor.py:914} INFO - Processing file /home/airflow/.local/lib/python3.12/site-packages/airflow/example_dags/tutorial_objectstorage.py for tasks to queue
[2025-03-31T07:13:10.695+0000] {logging_mixin.py:190} INFO - [2025-03-31T07:13:10.694+0000] {dagbag.py:588} INFO - Filling up the DagBag from /home/airflow/.local/lib/python3.12/site-packages/airflow/example_dags/tutorial_objectstorage.py
[2025-03-31T07:13:10.704+0000] {processor.py:925} INFO - DAG(s) 'tutorial_objectstorage' retrieved from /home/airflow/.local/lib/python3.12/site-packages/airflow/example_dags/tutorial_objectstorage.py
[2025-03-31T07:13:10.724+0000] {logging_mixin.py:190} INFO - [2025-03-31T07:13:10.723+0000] {dag.py:3239} INFO - Sync 1 DAGs
[2025-03-31T07:13:10.738+0000] {logging_mixin.py:190} INFO - [2025-03-31T07:13:10.738+0000] {dag.py:4180} INFO - Setting next_dagrun for tutorial_objectstorage to None, run_after=None
[2025-03-31T07:13:10.756+0000] {processor.py:208} INFO - Processing /home/airflow/.local/lib/python3.12/site-packages/airflow/example_dags/tutorial_objectstorage.py took 0.071 seconds
[2025-03-31T07:13:41.490+0000] {processor.py:186} INFO - Started process (PID=13930) to work on /home/airflow/.local/lib/python3.12/site-packages/airflow/example_dags/tutorial_objectstorage.py
[2025-03-31T07:13:41.492+0000] {processor.py:914} INFO - Processing file /home/airflow/.local/lib/python3.12/site-packages/airflow/example_dags/tutorial_objectstorage.py for tasks to queue
[2025-03-31T07:13:41.495+0000] {logging_mixin.py:190} INFO - [2025-03-31T07:13:41.494+0000] {dagbag.py:588} INFO - Filling up the DagBag from /home/airflow/.local/lib/python3.12/site-packages/airflow/example_dags/tutorial_objectstorage.py
[2025-03-31T07:13:41.506+0000] {processor.py:925} INFO - DAG(s) 'tutorial_objectstorage' retrieved from /home/airflow/.local/lib/python3.12/site-packages/airflow/example_dags/tutorial_objectstorage.py
[2025-03-31T07:13:41.529+0000] {logging_mixin.py:190} INFO - [2025-03-31T07:13:41.528+0000] {dag.py:3239} INFO - Sync 1 DAGs
[2025-03-31T07:13:41.545+0000] {logging_mixin.py:190} INFO - [2025-03-31T07:13:41.545+0000] {dag.py:4180} INFO - Setting next_dagrun for tutorial_objectstorage to None, run_after=None
[2025-03-31T07:13:41.566+0000] {processor.py:208} INFO - Processing /home/airflow/.local/lib/python3.12/site-packages/airflow/example_dags/tutorial_objectstorage.py took 0.083 seconds
[2025-03-31T07:14:12.375+0000] {processor.py:186} INFO - Started process (PID=14221) to work on /home/airflow/.local/lib/python3.12/site-packages/airflow/example_dags/tutorial_objectstorage.py
[2025-03-31T07:14:12.376+0000] {processor.py:914} INFO - Processing file /home/airflow/.local/lib/python3.12/site-packages/airflow/example_dags/tutorial_objectstorage.py for tasks to queue
[2025-03-31T07:14:12.378+0000] {logging_mixin.py:190} INFO - [2025-03-31T07:14:12.378+0000] {dagbag.py:588} INFO - Filling up the DagBag from /home/airflow/.local/lib/python3.12/site-packages/airflow/example_dags/tutorial_objectstorage.py
[2025-03-31T07:14:12.389+0000] {processor.py:925} INFO - DAG(s) 'tutorial_objectstorage' retrieved from /home/airflow/.local/lib/python3.12/site-packages/airflow/example_dags/tutorial_objectstorage.py
[2025-03-31T07:14:12.412+0000] {logging_mixin.py:190} INFO - [2025-03-31T07:14:12.411+0000] {dag.py:3239} INFO - Sync 1 DAGs
[2025-03-31T07:14:12.429+0000] {logging_mixin.py:190} INFO - [2025-03-31T07:14:12.428+0000] {dag.py:4180} INFO - Setting next_dagrun for tutorial_objectstorage to None, run_after=None
[2025-03-31T07:14:12.451+0000] {processor.py:208} INFO - Processing /home/airflow/.local/lib/python3.12/site-packages/airflow/example_dags/tutorial_objectstorage.py took 0.083 seconds
[2025-03-31T07:14:43.185+0000] {processor.py:186} INFO - Started process (PID=14514) to work on /home/airflow/.local/lib/python3.12/site-packages/airflow/example_dags/tutorial_objectstorage.py
[2025-03-31T07:14:43.186+0000] {processor.py:914} INFO - Processing file /home/airflow/.local/lib/python3.12/site-packages/airflow/example_dags/tutorial_objectstorage.py for tasks to queue
[2025-03-31T07:14:43.188+0000] {logging_mixin.py:190} INFO - [2025-03-31T07:14:43.188+0000] {dagbag.py:588} INFO - Filling up the DagBag from /home/airflow/.local/lib/python3.12/site-packages/airflow/example_dags/tutorial_objectstorage.py
[2025-03-31T07:14:43.198+0000] {processor.py:925} INFO - DAG(s) 'tutorial_objectstorage' retrieved from /home/airflow/.local/lib/python3.12/site-packages/airflow/example_dags/tutorial_objectstorage.py
[2025-03-31T07:14:43.222+0000] {logging_mixin.py:190} INFO - [2025-03-31T07:14:43.221+0000] {dag.py:3239} INFO - Sync 1 DAGs
[2025-03-31T07:14:43.237+0000] {logging_mixin.py:190} INFO - [2025-03-31T07:14:43.237+0000] {dag.py:4180} INFO - Setting next_dagrun for tutorial_objectstorage to None, run_after=None
[2025-03-31T07:14:43.254+0000] {processor.py:208} INFO - Processing /home/airflow/.local/lib/python3.12/site-packages/airflow/example_dags/tutorial_objectstorage.py took 0.075 seconds
[2025-03-31T07:15:13.846+0000] {processor.py:186} INFO - Started process (PID=14809) to work on /home/airflow/.local/lib/python3.12/site-packages/airflow/example_dags/tutorial_objectstorage.py
[2025-03-31T07:15:13.847+0000] {processor.py:914} INFO - Processing file /home/airflow/.local/lib/python3.12/site-packages/airflow/example_dags/tutorial_objectstorage.py for tasks to queue
[2025-03-31T07:15:13.849+0000] {logging_mixin.py:190} INFO - [2025-03-31T07:15:13.849+0000] {dagbag.py:588} INFO - Filling up the DagBag from /home/airflow/.local/lib/python3.12/site-packages/airflow/example_dags/tutorial_objectstorage.py
[2025-03-31T07:15:13.860+0000] {processor.py:925} INFO - DAG(s) 'tutorial_objectstorage' retrieved from /home/airflow/.local/lib/python3.12/site-packages/airflow/example_dags/tutorial_objectstorage.py
[2025-03-31T07:15:13.886+0000] {logging_mixin.py:190} INFO - [2025-03-31T07:15:13.886+0000] {dag.py:3239} INFO - Sync 1 DAGs
[2025-03-31T07:15:13.904+0000] {logging_mixin.py:190} INFO - [2025-03-31T07:15:13.903+0000] {dag.py:4180} INFO - Setting next_dagrun for tutorial_objectstorage to None, run_after=None
[2025-03-31T07:15:13.924+0000] {processor.py:208} INFO - Processing /home/airflow/.local/lib/python3.12/site-packages/airflow/example_dags/tutorial_objectstorage.py took 0.085 seconds
[2025-03-31T07:15:45.063+0000] {processor.py:186} INFO - Started process (PID=15100) to work on /home/airflow/.local/lib/python3.12/site-packages/airflow/example_dags/tutorial_objectstorage.py
[2025-03-31T07:15:45.065+0000] {processor.py:914} INFO - Processing file /home/airflow/.local/lib/python3.12/site-packages/airflow/example_dags/tutorial_objectstorage.py for tasks to queue
[2025-03-31T07:15:45.068+0000] {logging_mixin.py:190} INFO - [2025-03-31T07:15:45.068+0000] {dagbag.py:588} INFO - Filling up the DagBag from /home/airflow/.local/lib/python3.12/site-packages/airflow/example_dags/tutorial_objectstorage.py
[2025-03-31T07:15:45.083+0000] {processor.py:925} INFO - DAG(s) 'tutorial_objectstorage' retrieved from /home/airflow/.local/lib/python3.12/site-packages/airflow/example_dags/tutorial_objectstorage.py
[2025-03-31T07:15:45.111+0000] {logging_mixin.py:190} INFO - [2025-03-31T07:15:45.110+0000] {dag.py:3239} INFO - Sync 1 DAGs
[2025-03-31T07:15:45.132+0000] {logging_mixin.py:190} INFO - [2025-03-31T07:15:45.131+0000] {dag.py:4180} INFO - Setting next_dagrun for tutorial_objectstorage to None, run_after=None
[2025-03-31T07:15:45.157+0000] {processor.py:208} INFO - Processing /home/airflow/.local/lib/python3.12/site-packages/airflow/example_dags/tutorial_objectstorage.py took 0.101 seconds
[2025-03-31T07:16:16.091+0000] {processor.py:186} INFO - Started process (PID=15391) to work on /home/airflow/.local/lib/python3.12/site-packages/airflow/example_dags/tutorial_objectstorage.py
[2025-03-31T07:16:16.092+0000] {processor.py:914} INFO - Processing file /home/airflow/.local/lib/python3.12/site-packages/airflow/example_dags/tutorial_objectstorage.py for tasks to queue
[2025-03-31T07:16:16.095+0000] {logging_mixin.py:190} INFO - [2025-03-31T07:16:16.095+0000] {dagbag.py:588} INFO - Filling up the DagBag from /home/airflow/.local/lib/python3.12/site-packages/airflow/example_dags/tutorial_objectstorage.py
[2025-03-31T07:16:16.105+0000] {processor.py:925} INFO - DAG(s) 'tutorial_objectstorage' retrieved from /home/airflow/.local/lib/python3.12/site-packages/airflow/example_dags/tutorial_objectstorage.py
[2025-03-31T07:16:16.125+0000] {logging_mixin.py:190} INFO - [2025-03-31T07:16:16.125+0000] {dag.py:3239} INFO - Sync 1 DAGs
[2025-03-31T07:16:16.142+0000] {logging_mixin.py:190} INFO - [2025-03-31T07:16:16.142+0000] {dag.py:4180} INFO - Setting next_dagrun for tutorial_objectstorage to None, run_after=None
[2025-03-31T07:16:16.161+0000] {processor.py:208} INFO - Processing /home/airflow/.local/lib/python3.12/site-packages/airflow/example_dags/tutorial_objectstorage.py took 0.076 seconds
[2025-03-31T07:16:47.019+0000] {processor.py:186} INFO - Started process (PID=15682) to work on /home/airflow/.local/lib/python3.12/site-packages/airflow/example_dags/tutorial_objectstorage.py
[2025-03-31T07:16:47.020+0000] {processor.py:914} INFO - Processing file /home/airflow/.local/lib/python3.12/site-packages/airflow/example_dags/tutorial_objectstorage.py for tasks to queue
[2025-03-31T07:16:47.025+0000] {logging_mixin.py:190} INFO - [2025-03-31T07:16:47.025+0000] {dagbag.py:588} INFO - Filling up the DagBag from /home/airflow/.local/lib/python3.12/site-packages/airflow/example_dags/tutorial_objectstorage.py
[2025-03-31T07:16:47.042+0000] {processor.py:925} INFO - DAG(s) 'tutorial_objectstorage' retrieved from /home/airflow/.local/lib/python3.12/site-packages/airflow/example_dags/tutorial_objectstorage.py
[2025-03-31T07:16:47.069+0000] {logging_mixin.py:190} INFO - [2025-03-31T07:16:47.068+0000] {dag.py:3239} INFO - Sync 1 DAGs
[2025-03-31T07:16:47.088+0000] {logging_mixin.py:190} INFO - [2025-03-31T07:16:47.088+0000] {dag.py:4180} INFO - Setting next_dagrun for tutorial_objectstorage to None, run_after=None
[2025-03-31T07:16:47.111+0000] {processor.py:208} INFO - Processing /home/airflow/.local/lib/python3.12/site-packages/airflow/example_dags/tutorial_objectstorage.py took 0.103 seconds
[2025-03-31T07:17:17.832+0000] {processor.py:186} INFO - Started process (PID=15975) to work on /home/airflow/.local/lib/python3.12/site-packages/airflow/example_dags/tutorial_objectstorage.py
[2025-03-31T07:17:17.833+0000] {processor.py:914} INFO - Processing file /home/airflow/.local/lib/python3.12/site-packages/airflow/example_dags/tutorial_objectstorage.py for tasks to queue
[2025-03-31T07:17:17.836+0000] {logging_mixin.py:190} INFO - [2025-03-31T07:17:17.836+0000] {dagbag.py:588} INFO - Filling up the DagBag from /home/airflow/.local/lib/python3.12/site-packages/airflow/example_dags/tutorial_objectstorage.py
[2025-03-31T07:17:17.846+0000] {processor.py:925} INFO - DAG(s) 'tutorial_objectstorage' retrieved from /home/airflow/.local/lib/python3.12/site-packages/airflow/example_dags/tutorial_objectstorage.py
[2025-03-31T07:17:17.872+0000] {logging_mixin.py:190} INFO - [2025-03-31T07:17:17.872+0000] {dag.py:3239} INFO - Sync 1 DAGs
[2025-03-31T07:17:17.889+0000] {logging_mixin.py:190} INFO - [2025-03-31T07:17:17.889+0000] {dag.py:4180} INFO - Setting next_dagrun for tutorial_objectstorage to None, run_after=None
[2025-03-31T07:17:17.913+0000] {processor.py:208} INFO - Processing /home/airflow/.local/lib/python3.12/site-packages/airflow/example_dags/tutorial_objectstorage.py took 0.088 seconds
[2025-03-31T07:17:48.837+0000] {processor.py:186} INFO - Started process (PID=16264) to work on /home/airflow/.local/lib/python3.12/site-packages/airflow/example_dags/tutorial_objectstorage.py
[2025-03-31T07:17:48.838+0000] {processor.py:914} INFO - Processing file /home/airflow/.local/lib/python3.12/site-packages/airflow/example_dags/tutorial_objectstorage.py for tasks to queue
[2025-03-31T07:17:48.841+0000] {logging_mixin.py:190} INFO - [2025-03-31T07:17:48.840+0000] {dagbag.py:588} INFO - Filling up the DagBag from /home/airflow/.local/lib/python3.12/site-packages/airflow/example_dags/tutorial_objectstorage.py
[2025-03-31T07:17:48.851+0000] {processor.py:925} INFO - DAG(s) 'tutorial_objectstorage' retrieved from /home/airflow/.local/lib/python3.12/site-packages/airflow/example_dags/tutorial_objectstorage.py
[2025-03-31T07:17:48.874+0000] {logging_mixin.py:190} INFO - [2025-03-31T07:17:48.874+0000] {dag.py:3239} INFO - Sync 1 DAGs
[2025-03-31T07:17:48.891+0000] {logging_mixin.py:190} INFO - [2025-03-31T07:17:48.890+0000] {dag.py:4180} INFO - Setting next_dagrun for tutorial_objectstorage to None, run_after=None
[2025-03-31T07:17:48.910+0000] {processor.py:208} INFO - Processing /home/airflow/.local/lib/python3.12/site-packages/airflow/example_dags/tutorial_objectstorage.py took 0.079 seconds
[2025-03-31T07:18:19.685+0000] {processor.py:186} INFO - Started process (PID=16557) to work on /home/airflow/.local/lib/python3.12/site-packages/airflow/example_dags/tutorial_objectstorage.py
[2025-03-31T07:18:19.686+0000] {processor.py:914} INFO - Processing file /home/airflow/.local/lib/python3.12/site-packages/airflow/example_dags/tutorial_objectstorage.py for tasks to queue
[2025-03-31T07:18:19.689+0000] {logging_mixin.py:190} INFO - [2025-03-31T07:18:19.688+0000] {dagbag.py:588} INFO - Filling up the DagBag from /home/airflow/.local/lib/python3.12/site-packages/airflow/example_dags/tutorial_objectstorage.py
[2025-03-31T07:18:19.700+0000] {processor.py:925} INFO - DAG(s) 'tutorial_objectstorage' retrieved from /home/airflow/.local/lib/python3.12/site-packages/airflow/example_dags/tutorial_objectstorage.py
[2025-03-31T07:18:19.720+0000] {logging_mixin.py:190} INFO - [2025-03-31T07:18:19.720+0000] {dag.py:3239} INFO - Sync 1 DAGs
[2025-03-31T07:18:19.738+0000] {logging_mixin.py:190} INFO - [2025-03-31T07:18:19.738+0000] {dag.py:4180} INFO - Setting next_dagrun for tutorial_objectstorage to None, run_after=None
[2025-03-31T07:18:19.756+0000] {processor.py:208} INFO - Processing /home/airflow/.local/lib/python3.12/site-packages/airflow/example_dags/tutorial_objectstorage.py took 0.077 seconds
[2025-03-31T07:18:51.520+0000] {processor.py:186} INFO - Started process (PID=16846) to work on /home/airflow/.local/lib/python3.12/site-packages/airflow/example_dags/tutorial_objectstorage.py
[2025-03-31T07:18:51.521+0000] {processor.py:914} INFO - Processing file /home/airflow/.local/lib/python3.12/site-packages/airflow/example_dags/tutorial_objectstorage.py for tasks to queue
[2025-03-31T07:18:51.525+0000] {logging_mixin.py:190} INFO - [2025-03-31T07:18:51.524+0000] {dagbag.py:588} INFO - Filling up the DagBag from /home/airflow/.local/lib/python3.12/site-packages/airflow/example_dags/tutorial_objectstorage.py
[2025-03-31T07:18:51.542+0000] {processor.py:925} INFO - DAG(s) 'tutorial_objectstorage' retrieved from /home/airflow/.local/lib/python3.12/site-packages/airflow/example_dags/tutorial_objectstorage.py
[2025-03-31T07:18:51.572+0000] {logging_mixin.py:190} INFO - [2025-03-31T07:18:51.571+0000] {dag.py:3239} INFO - Sync 1 DAGs
[2025-03-31T07:18:51.599+0000] {logging_mixin.py:190} INFO - [2025-03-31T07:18:51.598+0000] {dag.py:4180} INFO - Setting next_dagrun for tutorial_objectstorage to None, run_after=None
[2025-03-31T07:18:51.628+0000] {processor.py:208} INFO - Processing /home/airflow/.local/lib/python3.12/site-packages/airflow/example_dags/tutorial_objectstorage.py took 0.116 seconds
[2025-03-31T07:19:22.949+0000] {processor.py:186} INFO - Started process (PID=17137) to work on /home/airflow/.local/lib/python3.12/site-packages/airflow/example_dags/tutorial_objectstorage.py
[2025-03-31T07:19:22.951+0000] {processor.py:914} INFO - Processing file /home/airflow/.local/lib/python3.12/site-packages/airflow/example_dags/tutorial_objectstorage.py for tasks to queue
[2025-03-31T07:19:22.954+0000] {logging_mixin.py:190} INFO - [2025-03-31T07:19:22.953+0000] {dagbag.py:588} INFO - Filling up the DagBag from /home/airflow/.local/lib/python3.12/site-packages/airflow/example_dags/tutorial_objectstorage.py
[2025-03-31T07:19:22.969+0000] {processor.py:925} INFO - DAG(s) 'tutorial_objectstorage' retrieved from /home/airflow/.local/lib/python3.12/site-packages/airflow/example_dags/tutorial_objectstorage.py
[2025-03-31T07:19:23.001+0000] {logging_mixin.py:190} INFO - [2025-03-31T07:19:23.001+0000] {dag.py:3239} INFO - Sync 1 DAGs
[2025-03-31T07:19:23.024+0000] {logging_mixin.py:190} INFO - [2025-03-31T07:19:23.023+0000] {dag.py:4180} INFO - Setting next_dagrun for tutorial_objectstorage to None, run_after=None
[2025-03-31T07:19:23.055+0000] {processor.py:208} INFO - Processing /home/airflow/.local/lib/python3.12/site-packages/airflow/example_dags/tutorial_objectstorage.py took 0.117 seconds
[2025-03-31T07:19:53.901+0000] {processor.py:186} INFO - Started process (PID=17428) to work on /home/airflow/.local/lib/python3.12/site-packages/airflow/example_dags/tutorial_objectstorage.py
[2025-03-31T07:19:53.902+0000] {processor.py:914} INFO - Processing file /home/airflow/.local/lib/python3.12/site-packages/airflow/example_dags/tutorial_objectstorage.py for tasks to queue
[2025-03-31T07:19:53.906+0000] {logging_mixin.py:190} INFO - [2025-03-31T07:19:53.905+0000] {dagbag.py:588} INFO - Filling up the DagBag from /home/airflow/.local/lib/python3.12/site-packages/airflow/example_dags/tutorial_objectstorage.py
[2025-03-31T07:19:53.920+0000] {processor.py:925} INFO - DAG(s) 'tutorial_objectstorage' retrieved from /home/airflow/.local/lib/python3.12/site-packages/airflow/example_dags/tutorial_objectstorage.py
[2025-03-31T07:19:53.949+0000] {logging_mixin.py:190} INFO - [2025-03-31T07:19:53.949+0000] {dag.py:3239} INFO - Sync 1 DAGs
[2025-03-31T07:19:53.971+0000] {logging_mixin.py:190} INFO - [2025-03-31T07:19:53.971+0000] {dag.py:4180} INFO - Setting next_dagrun for tutorial_objectstorage to None, run_after=None
[2025-03-31T07:19:54.000+0000] {processor.py:208} INFO - Processing /home/airflow/.local/lib/python3.12/site-packages/airflow/example_dags/tutorial_objectstorage.py took 0.109 seconds
[2025-03-31T07:20:25.162+0000] {processor.py:186} INFO - Started process (PID=17718) to work on /home/airflow/.local/lib/python3.12/site-packages/airflow/example_dags/tutorial_objectstorage.py
[2025-03-31T07:20:25.163+0000] {processor.py:914} INFO - Processing file /home/airflow/.local/lib/python3.12/site-packages/airflow/example_dags/tutorial_objectstorage.py for tasks to queue
[2025-03-31T07:20:25.166+0000] {logging_mixin.py:190} INFO - [2025-03-31T07:20:25.166+0000] {dagbag.py:588} INFO - Filling up the DagBag from /home/airflow/.local/lib/python3.12/site-packages/airflow/example_dags/tutorial_objectstorage.py
[2025-03-31T07:20:25.181+0000] {processor.py:925} INFO - DAG(s) 'tutorial_objectstorage' retrieved from /home/airflow/.local/lib/python3.12/site-packages/airflow/example_dags/tutorial_objectstorage.py
[2025-03-31T07:20:25.211+0000] {logging_mixin.py:190} INFO - [2025-03-31T07:20:25.210+0000] {dag.py:3239} INFO - Sync 1 DAGs
[2025-03-31T07:20:25.231+0000] {logging_mixin.py:190} INFO - [2025-03-31T07:20:25.231+0000] {dag.py:4180} INFO - Setting next_dagrun for tutorial_objectstorage to None, run_after=None
[2025-03-31T07:20:25.262+0000] {processor.py:208} INFO - Processing /home/airflow/.local/lib/python3.12/site-packages/airflow/example_dags/tutorial_objectstorage.py took 0.113 seconds
[2025-03-31T07:20:56.515+0000] {processor.py:186} INFO - Started process (PID=18009) to work on /home/airflow/.local/lib/python3.12/site-packages/airflow/example_dags/tutorial_objectstorage.py
[2025-03-31T07:20:56.517+0000] {processor.py:914} INFO - Processing file /home/airflow/.local/lib/python3.12/site-packages/airflow/example_dags/tutorial_objectstorage.py for tasks to queue
[2025-03-31T07:20:56.520+0000] {logging_mixin.py:190} INFO - [2025-03-31T07:20:56.520+0000] {dagbag.py:588} INFO - Filling up the DagBag from /home/airflow/.local/lib/python3.12/site-packages/airflow/example_dags/tutorial_objectstorage.py
[2025-03-31T07:20:56.533+0000] {processor.py:925} INFO - DAG(s) 'tutorial_objectstorage' retrieved from /home/airflow/.local/lib/python3.12/site-packages/airflow/example_dags/tutorial_objectstorage.py
[2025-03-31T07:20:56.565+0000] {logging_mixin.py:190} INFO - [2025-03-31T07:20:56.564+0000] {dag.py:3239} INFO - Sync 1 DAGs
[2025-03-31T07:20:56.586+0000] {logging_mixin.py:190} INFO - [2025-03-31T07:20:56.586+0000] {dag.py:4180} INFO - Setting next_dagrun for tutorial_objectstorage to None, run_after=None
[2025-03-31T07:20:56.613+0000] {processor.py:208} INFO - Processing /home/airflow/.local/lib/python3.12/site-packages/airflow/example_dags/tutorial_objectstorage.py took 0.108 seconds
[2025-03-31T07:21:27.589+0000] {processor.py:186} INFO - Started process (PID=18300) to work on /home/airflow/.local/lib/python3.12/site-packages/airflow/example_dags/tutorial_objectstorage.py
[2025-03-31T07:21:27.591+0000] {processor.py:914} INFO - Processing file /home/airflow/.local/lib/python3.12/site-packages/airflow/example_dags/tutorial_objectstorage.py for tasks to queue
[2025-03-31T07:21:27.596+0000] {logging_mixin.py:190} INFO - [2025-03-31T07:21:27.594+0000] {dagbag.py:588} INFO - Filling up the DagBag from /home/airflow/.local/lib/python3.12/site-packages/airflow/example_dags/tutorial_objectstorage.py
[2025-03-31T07:21:27.615+0000] {processor.py:925} INFO - DAG(s) 'tutorial_objectstorage' retrieved from /home/airflow/.local/lib/python3.12/site-packages/airflow/example_dags/tutorial_objectstorage.py
[2025-03-31T07:21:27.646+0000] {logging_mixin.py:190} INFO - [2025-03-31T07:21:27.645+0000] {dag.py:3239} INFO - Sync 1 DAGs
[2025-03-31T07:21:27.668+0000] {logging_mixin.py:190} INFO - [2025-03-31T07:21:27.668+0000] {dag.py:4180} INFO - Setting next_dagrun for tutorial_objectstorage to None, run_after=None
[2025-03-31T07:21:27.696+0000] {processor.py:208} INFO - Processing /home/airflow/.local/lib/python3.12/site-packages/airflow/example_dags/tutorial_objectstorage.py took 0.114 seconds
[2025-03-31T07:21:58.573+0000] {processor.py:186} INFO - Started process (PID=18591) to work on /home/airflow/.local/lib/python3.12/site-packages/airflow/example_dags/tutorial_objectstorage.py
[2025-03-31T07:21:58.574+0000] {processor.py:914} INFO - Processing file /home/airflow/.local/lib/python3.12/site-packages/airflow/example_dags/tutorial_objectstorage.py for tasks to queue
[2025-03-31T07:21:58.581+0000] {logging_mixin.py:190} INFO - [2025-03-31T07:21:58.580+0000] {dagbag.py:588} INFO - Filling up the DagBag from /home/airflow/.local/lib/python3.12/site-packages/airflow/example_dags/tutorial_objectstorage.py
[2025-03-31T07:21:58.597+0000] {processor.py:925} INFO - DAG(s) 'tutorial_objectstorage' retrieved from /home/airflow/.local/lib/python3.12/site-packages/airflow/example_dags/tutorial_objectstorage.py
[2025-03-31T07:21:58.626+0000] {logging_mixin.py:190} INFO - [2025-03-31T07:21:58.625+0000] {dag.py:3239} INFO - Sync 1 DAGs
[2025-03-31T07:21:58.649+0000] {logging_mixin.py:190} INFO - [2025-03-31T07:21:58.649+0000] {dag.py:4180} INFO - Setting next_dagrun for tutorial_objectstorage to None, run_after=None
[2025-03-31T07:21:58.676+0000] {processor.py:208} INFO - Processing /home/airflow/.local/lib/python3.12/site-packages/airflow/example_dags/tutorial_objectstorage.py took 0.111 seconds
[2025-03-31T07:22:30.147+0000] {processor.py:186} INFO - Started process (PID=18884) to work on /home/airflow/.local/lib/python3.12/site-packages/airflow/example_dags/tutorial_objectstorage.py
[2025-03-31T07:22:30.148+0000] {processor.py:914} INFO - Processing file /home/airflow/.local/lib/python3.12/site-packages/airflow/example_dags/tutorial_objectstorage.py for tasks to queue
[2025-03-31T07:22:30.151+0000] {logging_mixin.py:190} INFO - [2025-03-31T07:22:30.151+0000] {dagbag.py:588} INFO - Filling up the DagBag from /home/airflow/.local/lib/python3.12/site-packages/airflow/example_dags/tutorial_objectstorage.py
[2025-03-31T07:22:30.167+0000] {processor.py:925} INFO - DAG(s) 'tutorial_objectstorage' retrieved from /home/airflow/.local/lib/python3.12/site-packages/airflow/example_dags/tutorial_objectstorage.py
[2025-03-31T07:22:30.199+0000] {logging_mixin.py:190} INFO - [2025-03-31T07:22:30.199+0000] {dag.py:3239} INFO - Sync 1 DAGs
[2025-03-31T07:22:30.220+0000] {logging_mixin.py:190} INFO - [2025-03-31T07:22:30.220+0000] {dag.py:4180} INFO - Setting next_dagrun for tutorial_objectstorage to None, run_after=None
[2025-03-31T07:22:30.245+0000] {processor.py:208} INFO - Processing /home/airflow/.local/lib/python3.12/site-packages/airflow/example_dags/tutorial_objectstorage.py took 0.107 seconds
[2025-03-31T07:23:01.041+0000] {processor.py:186} INFO - Started process (PID=19172) to work on /home/airflow/.local/lib/python3.12/site-packages/airflow/example_dags/tutorial_objectstorage.py
[2025-03-31T07:23:01.042+0000] {processor.py:914} INFO - Processing file /home/airflow/.local/lib/python3.12/site-packages/airflow/example_dags/tutorial_objectstorage.py for tasks to queue
[2025-03-31T07:23:01.044+0000] {logging_mixin.py:190} INFO - [2025-03-31T07:23:01.044+0000] {dagbag.py:588} INFO - Filling up the DagBag from /home/airflow/.local/lib/python3.12/site-packages/airflow/example_dags/tutorial_objectstorage.py
[2025-03-31T07:23:01.054+0000] {processor.py:925} INFO - DAG(s) 'tutorial_objectstorage' retrieved from /home/airflow/.local/lib/python3.12/site-packages/airflow/example_dags/tutorial_objectstorage.py
[2025-03-31T07:23:01.076+0000] {logging_mixin.py:190} INFO - [2025-03-31T07:23:01.076+0000] {dag.py:3239} INFO - Sync 1 DAGs
[2025-03-31T07:23:01.092+0000] {logging_mixin.py:190} INFO - [2025-03-31T07:23:01.092+0000] {dag.py:4180} INFO - Setting next_dagrun for tutorial_objectstorage to None, run_after=None
[2025-03-31T07:23:01.114+0000] {processor.py:208} INFO - Processing /home/airflow/.local/lib/python3.12/site-packages/airflow/example_dags/tutorial_objectstorage.py took 0.079 seconds
[2025-03-31T07:23:31.824+0000] {processor.py:186} INFO - Started process (PID=19463) to work on /home/airflow/.local/lib/python3.12/site-packages/airflow/example_dags/tutorial_objectstorage.py
[2025-03-31T07:23:31.825+0000] {processor.py:914} INFO - Processing file /home/airflow/.local/lib/python3.12/site-packages/airflow/example_dags/tutorial_objectstorage.py for tasks to queue
[2025-03-31T07:23:31.827+0000] {logging_mixin.py:190} INFO - [2025-03-31T07:23:31.827+0000] {dagbag.py:588} INFO - Filling up the DagBag from /home/airflow/.local/lib/python3.12/site-packages/airflow/example_dags/tutorial_objectstorage.py
[2025-03-31T07:23:31.837+0000] {processor.py:925} INFO - DAG(s) 'tutorial_objectstorage' retrieved from /home/airflow/.local/lib/python3.12/site-packages/airflow/example_dags/tutorial_objectstorage.py
[2025-03-31T07:23:31.858+0000] {logging_mixin.py:190} INFO - [2025-03-31T07:23:31.858+0000] {dag.py:3239} INFO - Sync 1 DAGs
[2025-03-31T07:23:31.873+0000] {logging_mixin.py:190} INFO - [2025-03-31T07:23:31.873+0000] {dag.py:4180} INFO - Setting next_dagrun for tutorial_objectstorage to None, run_after=None
[2025-03-31T07:23:31.892+0000] {processor.py:208} INFO - Processing /home/airflow/.local/lib/python3.12/site-packages/airflow/example_dags/tutorial_objectstorage.py took 0.074 seconds
[2025-03-31T07:24:03.550+0000] {processor.py:186} INFO - Started process (PID=19754) to work on /home/airflow/.local/lib/python3.12/site-packages/airflow/example_dags/tutorial_objectstorage.py
[2025-03-31T07:24:03.551+0000] {processor.py:914} INFO - Processing file /home/airflow/.local/lib/python3.12/site-packages/airflow/example_dags/tutorial_objectstorage.py for tasks to queue
[2025-03-31T07:24:03.554+0000] {logging_mixin.py:190} INFO - [2025-03-31T07:24:03.554+0000] {dagbag.py:588} INFO - Filling up the DagBag from /home/airflow/.local/lib/python3.12/site-packages/airflow/example_dags/tutorial_objectstorage.py
[2025-03-31T07:24:03.568+0000] {processor.py:925} INFO - DAG(s) 'tutorial_objectstorage' retrieved from /home/airflow/.local/lib/python3.12/site-packages/airflow/example_dags/tutorial_objectstorage.py
[2025-03-31T07:24:03.597+0000] {logging_mixin.py:190} INFO - [2025-03-31T07:24:03.596+0000] {dag.py:3239} INFO - Sync 1 DAGs
[2025-03-31T07:24:03.618+0000] {logging_mixin.py:190} INFO - [2025-03-31T07:24:03.618+0000] {dag.py:4180} INFO - Setting next_dagrun for tutorial_objectstorage to None, run_after=None
[2025-03-31T07:24:03.643+0000] {processor.py:208} INFO - Processing /home/airflow/.local/lib/python3.12/site-packages/airflow/example_dags/tutorial_objectstorage.py took 0.103 seconds
[2025-03-31T07:24:34.427+0000] {processor.py:186} INFO - Started process (PID=20045) to work on /home/airflow/.local/lib/python3.12/site-packages/airflow/example_dags/tutorial_objectstorage.py
[2025-03-31T07:24:34.428+0000] {processor.py:914} INFO - Processing file /home/airflow/.local/lib/python3.12/site-packages/airflow/example_dags/tutorial_objectstorage.py for tasks to queue
[2025-03-31T07:24:34.431+0000] {logging_mixin.py:190} INFO - [2025-03-31T07:24:34.431+0000] {dagbag.py:588} INFO - Filling up the DagBag from /home/airflow/.local/lib/python3.12/site-packages/airflow/example_dags/tutorial_objectstorage.py
[2025-03-31T07:24:34.442+0000] {processor.py:925} INFO - DAG(s) 'tutorial_objectstorage' retrieved from /home/airflow/.local/lib/python3.12/site-packages/airflow/example_dags/tutorial_objectstorage.py
[2025-03-31T07:24:34.466+0000] {logging_mixin.py:190} INFO - [2025-03-31T07:24:34.465+0000] {dag.py:3239} INFO - Sync 1 DAGs
[2025-03-31T07:24:34.482+0000] {logging_mixin.py:190} INFO - [2025-03-31T07:24:34.481+0000] {dag.py:4180} INFO - Setting next_dagrun for tutorial_objectstorage to None, run_after=None
[2025-03-31T07:24:34.502+0000] {processor.py:208} INFO - Processing /home/airflow/.local/lib/python3.12/site-packages/airflow/example_dags/tutorial_objectstorage.py took 0.081 seconds
[2025-03-31T07:25:05.919+0000] {processor.py:186} INFO - Started process (PID=20336) to work on /home/airflow/.local/lib/python3.12/site-packages/airflow/example_dags/tutorial_objectstorage.py
[2025-03-31T07:25:05.920+0000] {processor.py:914} INFO - Processing file /home/airflow/.local/lib/python3.12/site-packages/airflow/example_dags/tutorial_objectstorage.py for tasks to queue
[2025-03-31T07:25:05.923+0000] {logging_mixin.py:190} INFO - [2025-03-31T07:25:05.923+0000] {dagbag.py:588} INFO - Filling up the DagBag from /home/airflow/.local/lib/python3.12/site-packages/airflow/example_dags/tutorial_objectstorage.py
[2025-03-31T07:25:05.937+0000] {processor.py:925} INFO - DAG(s) 'tutorial_objectstorage' retrieved from /home/airflow/.local/lib/python3.12/site-packages/airflow/example_dags/tutorial_objectstorage.py
[2025-03-31T07:25:06.008+0000] {logging_mixin.py:190} INFO - [2025-03-31T07:25:06.008+0000] {dag.py:3239} INFO - Sync 1 DAGs
[2025-03-31T07:25:06.034+0000] {logging_mixin.py:190} INFO - [2025-03-31T07:25:06.034+0000] {dag.py:4180} INFO - Setting next_dagrun for tutorial_objectstorage to None, run_after=None
[2025-03-31T07:25:06.060+0000] {processor.py:208} INFO - Processing /home/airflow/.local/lib/python3.12/site-packages/airflow/example_dags/tutorial_objectstorage.py took 0.151 seconds
[2025-03-31T07:25:37.504+0000] {processor.py:186} INFO - Started process (PID=20629) to work on /home/airflow/.local/lib/python3.12/site-packages/airflow/example_dags/tutorial_objectstorage.py
[2025-03-31T07:25:37.505+0000] {processor.py:914} INFO - Processing file /home/airflow/.local/lib/python3.12/site-packages/airflow/example_dags/tutorial_objectstorage.py for tasks to queue
[2025-03-31T07:25:37.508+0000] {logging_mixin.py:190} INFO - [2025-03-31T07:25:37.507+0000] {dagbag.py:588} INFO - Filling up the DagBag from /home/airflow/.local/lib/python3.12/site-packages/airflow/example_dags/tutorial_objectstorage.py
[2025-03-31T07:25:37.518+0000] {processor.py:925} INFO - DAG(s) 'tutorial_objectstorage' retrieved from /home/airflow/.local/lib/python3.12/site-packages/airflow/example_dags/tutorial_objectstorage.py
[2025-03-31T07:25:37.541+0000] {logging_mixin.py:190} INFO - [2025-03-31T07:25:37.541+0000] {dag.py:3239} INFO - Sync 1 DAGs
[2025-03-31T07:25:37.556+0000] {logging_mixin.py:190} INFO - [2025-03-31T07:25:37.556+0000] {dag.py:4180} INFO - Setting next_dagrun for tutorial_objectstorage to None, run_after=None
[2025-03-31T07:25:37.575+0000] {processor.py:208} INFO - Processing /home/airflow/.local/lib/python3.12/site-packages/airflow/example_dags/tutorial_objectstorage.py took 0.077 seconds
