[2025-03-31T06:47:34.646+0000] {processor.py:186} INFO - Started process (PID=294) to work on /home/airflow/.local/lib/python3.12/site-packages/airflow/example_dags/tutorial_taskflow_api.py
[2025-03-31T06:47:34.647+0000] {processor.py:914} INFO - Processing file /home/airflow/.local/lib/python3.12/site-packages/airflow/example_dags/tutorial_taskflow_api.py for tasks to queue
[2025-03-31T06:47:34.651+0000] {logging_mixin.py:190} INFO - [2025-03-31T06:47:34.650+0000] {dagbag.py:588} INFO - Filling up the DagBag from /home/airflow/.local/lib/python3.12/site-packages/airflow/example_dags/tutorial_taskflow_api.py
[2025-03-31T06:47:34.664+0000] {processor.py:925} INFO - DAG(s) 'tutorial_taskflow_api' retrieved from /home/airflow/.local/lib/python3.12/site-packages/airflow/example_dags/tutorial_taskflow_api.py
[2025-03-31T06:47:34.809+0000] {logging_mixin.py:190} INFO - [2025-03-31T06:47:34.808+0000] {override.py:1912} INFO - Created Permission View: can read on DAG:tutorial_taskflow_api
[2025-03-31T06:47:34.822+0000] {logging_mixin.py:190} INFO - [2025-03-31T06:47:34.821+0000] {override.py:1912} INFO - Created Permission View: can delete on DAG:tutorial_taskflow_api
[2025-03-31T06:47:34.830+0000] {logging_mixin.py:190} INFO - [2025-03-31T06:47:34.829+0000] {override.py:1912} INFO - Created Permission View: can edit on DAG:tutorial_taskflow_api
[2025-03-31T06:47:34.839+0000] {logging_mixin.py:190} INFO - [2025-03-31T06:47:34.839+0000] {override.py:1912} INFO - Created Permission View: can read on DAG Run:tutorial_taskflow_api
[2025-03-31T06:47:34.847+0000] {logging_mixin.py:190} INFO - [2025-03-31T06:47:34.847+0000] {override.py:1912} INFO - Created Permission View: can delete on DAG Run:tutorial_taskflow_api
[2025-03-31T06:47:34.856+0000] {logging_mixin.py:190} INFO - [2025-03-31T06:47:34.855+0000] {override.py:1912} INFO - Created Permission View: menu access on DAG Run:tutorial_taskflow_api
[2025-03-31T06:47:34.863+0000] {logging_mixin.py:190} INFO - [2025-03-31T06:47:34.863+0000] {override.py:1912} INFO - Created Permission View: can create on DAG Run:tutorial_taskflow_api
[2025-03-31T06:47:34.907+0000] {logging_mixin.py:190} INFO - [2025-03-31T06:47:34.907+0000] {dag.py:3239} INFO - Sync 1 DAGs
[2025-03-31T06:47:34.924+0000] {logging_mixin.py:190} INFO - [2025-03-31T06:47:34.924+0000] {dag.py:3262} INFO - Creating ORM DAG for tutorial_taskflow_api
[2025-03-31T06:47:34.926+0000] {logging_mixin.py:190} INFO - [2025-03-31T06:47:34.925+0000] {dag.py:4180} INFO - Setting next_dagrun for tutorial_taskflow_api to None, run_after=None
[2025-03-31T06:47:34.951+0000] {processor.py:208} INFO - Processing /home/airflow/.local/lib/python3.12/site-packages/airflow/example_dags/tutorial_taskflow_api.py took 0.313 seconds
[2025-03-31T06:48:05.081+0000] {processor.py:186} INFO - Started process (PID=582) to work on /home/airflow/.local/lib/python3.12/site-packages/airflow/example_dags/tutorial_taskflow_api.py
[2025-03-31T06:48:05.082+0000] {processor.py:914} INFO - Processing file /home/airflow/.local/lib/python3.12/site-packages/airflow/example_dags/tutorial_taskflow_api.py for tasks to queue
[2025-03-31T06:48:05.085+0000] {logging_mixin.py:190} INFO - [2025-03-31T06:48:05.084+0000] {dagbag.py:588} INFO - Filling up the DagBag from /home/airflow/.local/lib/python3.12/site-packages/airflow/example_dags/tutorial_taskflow_api.py
[2025-03-31T06:48:05.094+0000] {processor.py:925} INFO - DAG(s) 'tutorial_taskflow_api' retrieved from /home/airflow/.local/lib/python3.12/site-packages/airflow/example_dags/tutorial_taskflow_api.py
[2025-03-31T06:48:05.116+0000] {logging_mixin.py:190} INFO - [2025-03-31T06:48:05.116+0000] {dag.py:3239} INFO - Sync 1 DAGs
[2025-03-31T06:48:05.133+0000] {logging_mixin.py:190} INFO - [2025-03-31T06:48:05.132+0000] {dag.py:4180} INFO - Setting next_dagrun for tutorial_taskflow_api to None, run_after=None
[2025-03-31T06:48:05.155+0000] {processor.py:208} INFO - Processing /home/airflow/.local/lib/python3.12/site-packages/airflow/example_dags/tutorial_taskflow_api.py took 0.081 seconds
[2025-03-31T06:48:36.109+0000] {processor.py:186} INFO - Started process (PID=873) to work on /home/airflow/.local/lib/python3.12/site-packages/airflow/example_dags/tutorial_taskflow_api.py
[2025-03-31T06:48:36.111+0000] {processor.py:914} INFO - Processing file /home/airflow/.local/lib/python3.12/site-packages/airflow/example_dags/tutorial_taskflow_api.py for tasks to queue
[2025-03-31T06:48:36.113+0000] {logging_mixin.py:190} INFO - [2025-03-31T06:48:36.113+0000] {dagbag.py:588} INFO - Filling up the DagBag from /home/airflow/.local/lib/python3.12/site-packages/airflow/example_dags/tutorial_taskflow_api.py
[2025-03-31T06:48:36.121+0000] {processor.py:925} INFO - DAG(s) 'tutorial_taskflow_api' retrieved from /home/airflow/.local/lib/python3.12/site-packages/airflow/example_dags/tutorial_taskflow_api.py
[2025-03-31T06:48:36.141+0000] {logging_mixin.py:190} INFO - [2025-03-31T06:48:36.140+0000] {dag.py:3239} INFO - Sync 1 DAGs
[2025-03-31T06:48:36.155+0000] {logging_mixin.py:190} INFO - [2025-03-31T06:48:36.154+0000] {dag.py:4180} INFO - Setting next_dagrun for tutorial_taskflow_api to None, run_after=None
[2025-03-31T06:48:36.171+0000] {processor.py:208} INFO - Processing /home/airflow/.local/lib/python3.12/site-packages/airflow/example_dags/tutorial_taskflow_api.py took 0.068 seconds
[2025-03-31T06:49:39.913+0000] {processor.py:186} INFO - Started process (PID=289) to work on /home/airflow/.local/lib/python3.12/site-packages/airflow/example_dags/tutorial_taskflow_api.py
[2025-03-31T06:49:39.915+0000] {processor.py:914} INFO - Processing file /home/airflow/.local/lib/python3.12/site-packages/airflow/example_dags/tutorial_taskflow_api.py for tasks to queue
[2025-03-31T06:49:39.920+0000] {logging_mixin.py:190} INFO - [2025-03-31T06:49:39.919+0000] {dagbag.py:588} INFO - Filling up the DagBag from /home/airflow/.local/lib/python3.12/site-packages/airflow/example_dags/tutorial_taskflow_api.py
[2025-03-31T06:49:39.935+0000] {processor.py:925} INFO - DAG(s) 'tutorial_taskflow_api' retrieved from /home/airflow/.local/lib/python3.12/site-packages/airflow/example_dags/tutorial_taskflow_api.py
[2025-03-31T06:49:39.962+0000] {logging_mixin.py:190} INFO - [2025-03-31T06:49:39.962+0000] {dag.py:3239} INFO - Sync 1 DAGs
[2025-03-31T06:49:39.989+0000] {logging_mixin.py:190} INFO - [2025-03-31T06:49:39.989+0000] {dag.py:4180} INFO - Setting next_dagrun for tutorial_taskflow_api to None, run_after=None
[2025-03-31T06:49:40.020+0000] {processor.py:208} INFO - Processing /home/airflow/.local/lib/python3.12/site-packages/airflow/example_dags/tutorial_taskflow_api.py took 0.117 seconds
[2025-03-31T06:50:10.600+0000] {processor.py:186} INFO - Started process (PID=581) to work on /home/airflow/.local/lib/python3.12/site-packages/airflow/example_dags/tutorial_taskflow_api.py
[2025-03-31T06:50:10.601+0000] {processor.py:914} INFO - Processing file /home/airflow/.local/lib/python3.12/site-packages/airflow/example_dags/tutorial_taskflow_api.py for tasks to queue
[2025-03-31T06:50:10.603+0000] {logging_mixin.py:190} INFO - [2025-03-31T06:50:10.602+0000] {dagbag.py:588} INFO - Filling up the DagBag from /home/airflow/.local/lib/python3.12/site-packages/airflow/example_dags/tutorial_taskflow_api.py
[2025-03-31T06:50:10.611+0000] {processor.py:925} INFO - DAG(s) 'tutorial_taskflow_api' retrieved from /home/airflow/.local/lib/python3.12/site-packages/airflow/example_dags/tutorial_taskflow_api.py
[2025-03-31T06:50:10.630+0000] {logging_mixin.py:190} INFO - [2025-03-31T06:50:10.629+0000] {dag.py:3239} INFO - Sync 1 DAGs
[2025-03-31T06:50:10.643+0000] {logging_mixin.py:190} INFO - [2025-03-31T06:50:10.643+0000] {dag.py:4180} INFO - Setting next_dagrun for tutorial_taskflow_api to None, run_after=None
[2025-03-31T06:50:10.660+0000] {processor.py:208} INFO - Processing /home/airflow/.local/lib/python3.12/site-packages/airflow/example_dags/tutorial_taskflow_api.py took 0.065 seconds
[2025-03-31T06:50:41.638+0000] {processor.py:186} INFO - Started process (PID=872) to work on /home/airflow/.local/lib/python3.12/site-packages/airflow/example_dags/tutorial_taskflow_api.py
[2025-03-31T06:50:41.639+0000] {processor.py:914} INFO - Processing file /home/airflow/.local/lib/python3.12/site-packages/airflow/example_dags/tutorial_taskflow_api.py for tasks to queue
[2025-03-31T06:50:41.641+0000] {logging_mixin.py:190} INFO - [2025-03-31T06:50:41.641+0000] {dagbag.py:588} INFO - Filling up the DagBag from /home/airflow/.local/lib/python3.12/site-packages/airflow/example_dags/tutorial_taskflow_api.py
[2025-03-31T06:50:41.651+0000] {processor.py:925} INFO - DAG(s) 'tutorial_taskflow_api' retrieved from /home/airflow/.local/lib/python3.12/site-packages/airflow/example_dags/tutorial_taskflow_api.py
[2025-03-31T06:50:41.675+0000] {logging_mixin.py:190} INFO - [2025-03-31T06:50:41.674+0000] {dag.py:3239} INFO - Sync 1 DAGs
[2025-03-31T06:50:41.693+0000] {logging_mixin.py:190} INFO - [2025-03-31T06:50:41.693+0000] {dag.py:4180} INFO - Setting next_dagrun for tutorial_taskflow_api to None, run_after=None
[2025-03-31T06:50:41.711+0000] {processor.py:208} INFO - Processing /home/airflow/.local/lib/python3.12/site-packages/airflow/example_dags/tutorial_taskflow_api.py took 0.082 seconds
[2025-03-31T06:51:12.178+0000] {processor.py:186} INFO - Started process (PID=1163) to work on /home/airflow/.local/lib/python3.12/site-packages/airflow/example_dags/tutorial_taskflow_api.py
[2025-03-31T06:51:12.179+0000] {processor.py:914} INFO - Processing file /home/airflow/.local/lib/python3.12/site-packages/airflow/example_dags/tutorial_taskflow_api.py for tasks to queue
[2025-03-31T06:51:12.181+0000] {logging_mixin.py:190} INFO - [2025-03-31T06:51:12.181+0000] {dagbag.py:588} INFO - Filling up the DagBag from /home/airflow/.local/lib/python3.12/site-packages/airflow/example_dags/tutorial_taskflow_api.py
[2025-03-31T06:51:12.189+0000] {processor.py:925} INFO - DAG(s) 'tutorial_taskflow_api' retrieved from /home/airflow/.local/lib/python3.12/site-packages/airflow/example_dags/tutorial_taskflow_api.py
[2025-03-31T06:51:12.210+0000] {logging_mixin.py:190} INFO - [2025-03-31T06:51:12.210+0000] {dag.py:3239} INFO - Sync 1 DAGs
[2025-03-31T06:51:12.225+0000] {logging_mixin.py:190} INFO - [2025-03-31T06:51:12.224+0000] {dag.py:4180} INFO - Setting next_dagrun for tutorial_taskflow_api to None, run_after=None
[2025-03-31T06:51:12.242+0000] {processor.py:208} INFO - Processing /home/airflow/.local/lib/python3.12/site-packages/airflow/example_dags/tutorial_taskflow_api.py took 0.070 seconds
[2025-03-31T06:51:43.121+0000] {processor.py:186} INFO - Started process (PID=1454) to work on /home/airflow/.local/lib/python3.12/site-packages/airflow/example_dags/tutorial_taskflow_api.py
[2025-03-31T06:51:43.122+0000] {processor.py:914} INFO - Processing file /home/airflow/.local/lib/python3.12/site-packages/airflow/example_dags/tutorial_taskflow_api.py for tasks to queue
[2025-03-31T06:51:43.125+0000] {logging_mixin.py:190} INFO - [2025-03-31T06:51:43.124+0000] {dagbag.py:588} INFO - Filling up the DagBag from /home/airflow/.local/lib/python3.12/site-packages/airflow/example_dags/tutorial_taskflow_api.py
[2025-03-31T06:51:43.133+0000] {processor.py:925} INFO - DAG(s) 'tutorial_taskflow_api' retrieved from /home/airflow/.local/lib/python3.12/site-packages/airflow/example_dags/tutorial_taskflow_api.py
[2025-03-31T06:51:43.155+0000] {logging_mixin.py:190} INFO - [2025-03-31T06:51:43.154+0000] {dag.py:3239} INFO - Sync 1 DAGs
[2025-03-31T06:51:43.178+0000] {logging_mixin.py:190} INFO - [2025-03-31T06:51:43.178+0000] {dag.py:4180} INFO - Setting next_dagrun for tutorial_taskflow_api to None, run_after=None
[2025-03-31T06:51:43.204+0000] {processor.py:208} INFO - Processing /home/airflow/.local/lib/python3.12/site-packages/airflow/example_dags/tutorial_taskflow_api.py took 0.088 seconds
[2025-03-31T06:52:14.306+0000] {processor.py:186} INFO - Started process (PID=1745) to work on /home/airflow/.local/lib/python3.12/site-packages/airflow/example_dags/tutorial_taskflow_api.py
[2025-03-31T06:52:14.308+0000] {processor.py:914} INFO - Processing file /home/airflow/.local/lib/python3.12/site-packages/airflow/example_dags/tutorial_taskflow_api.py for tasks to queue
[2025-03-31T06:52:14.310+0000] {logging_mixin.py:190} INFO - [2025-03-31T06:52:14.310+0000] {dagbag.py:588} INFO - Filling up the DagBag from /home/airflow/.local/lib/python3.12/site-packages/airflow/example_dags/tutorial_taskflow_api.py
[2025-03-31T06:52:14.321+0000] {processor.py:925} INFO - DAG(s) 'tutorial_taskflow_api' retrieved from /home/airflow/.local/lib/python3.12/site-packages/airflow/example_dags/tutorial_taskflow_api.py
[2025-03-31T06:52:14.345+0000] {logging_mixin.py:190} INFO - [2025-03-31T06:52:14.344+0000] {dag.py:3239} INFO - Sync 1 DAGs
[2025-03-31T06:52:14.364+0000] {logging_mixin.py:190} INFO - [2025-03-31T06:52:14.364+0000] {dag.py:4180} INFO - Setting next_dagrun for tutorial_taskflow_api to None, run_after=None
[2025-03-31T06:52:14.395+0000] {processor.py:208} INFO - Processing /home/airflow/.local/lib/python3.12/site-packages/airflow/example_dags/tutorial_taskflow_api.py took 0.096 seconds
[2025-03-31T06:52:44.723+0000] {processor.py:186} INFO - Started process (PID=2036) to work on /home/airflow/.local/lib/python3.12/site-packages/airflow/example_dags/tutorial_taskflow_api.py
[2025-03-31T06:52:44.724+0000] {processor.py:914} INFO - Processing file /home/airflow/.local/lib/python3.12/site-packages/airflow/example_dags/tutorial_taskflow_api.py for tasks to queue
[2025-03-31T06:52:44.726+0000] {logging_mixin.py:190} INFO - [2025-03-31T06:52:44.726+0000] {dagbag.py:588} INFO - Filling up the DagBag from /home/airflow/.local/lib/python3.12/site-packages/airflow/example_dags/tutorial_taskflow_api.py
[2025-03-31T06:52:44.734+0000] {processor.py:925} INFO - DAG(s) 'tutorial_taskflow_api' retrieved from /home/airflow/.local/lib/python3.12/site-packages/airflow/example_dags/tutorial_taskflow_api.py
[2025-03-31T06:52:44.753+0000] {logging_mixin.py:190} INFO - [2025-03-31T06:52:44.752+0000] {dag.py:3239} INFO - Sync 1 DAGs
[2025-03-31T06:52:44.770+0000] {logging_mixin.py:190} INFO - [2025-03-31T06:52:44.770+0000] {dag.py:4180} INFO - Setting next_dagrun for tutorial_taskflow_api to None, run_after=None
[2025-03-31T06:52:44.788+0000] {processor.py:208} INFO - Processing /home/airflow/.local/lib/python3.12/site-packages/airflow/example_dags/tutorial_taskflow_api.py took 0.070 seconds
[2025-03-31T06:53:15.167+0000] {processor.py:186} INFO - Started process (PID=2327) to work on /home/airflow/.local/lib/python3.12/site-packages/airflow/example_dags/tutorial_taskflow_api.py
[2025-03-31T06:53:15.169+0000] {processor.py:914} INFO - Processing file /home/airflow/.local/lib/python3.12/site-packages/airflow/example_dags/tutorial_taskflow_api.py for tasks to queue
[2025-03-31T06:53:15.172+0000] {logging_mixin.py:190} INFO - [2025-03-31T06:53:15.172+0000] {dagbag.py:588} INFO - Filling up the DagBag from /home/airflow/.local/lib/python3.12/site-packages/airflow/example_dags/tutorial_taskflow_api.py
[2025-03-31T06:53:15.183+0000] {processor.py:925} INFO - DAG(s) 'tutorial_taskflow_api' retrieved from /home/airflow/.local/lib/python3.12/site-packages/airflow/example_dags/tutorial_taskflow_api.py
[2025-03-31T06:53:15.211+0000] {logging_mixin.py:190} INFO - [2025-03-31T06:53:15.211+0000] {dag.py:3239} INFO - Sync 1 DAGs
[2025-03-31T06:53:15.230+0000] {logging_mixin.py:190} INFO - [2025-03-31T06:53:15.230+0000] {dag.py:4180} INFO - Setting next_dagrun for tutorial_taskflow_api to None, run_after=None
[2025-03-31T06:53:15.257+0000] {processor.py:208} INFO - Processing /home/airflow/.local/lib/python3.12/site-packages/airflow/example_dags/tutorial_taskflow_api.py took 0.099 seconds
[2025-03-31T06:53:45.490+0000] {processor.py:186} INFO - Started process (PID=2618) to work on /home/airflow/.local/lib/python3.12/site-packages/airflow/example_dags/tutorial_taskflow_api.py
[2025-03-31T06:53:45.491+0000] {processor.py:914} INFO - Processing file /home/airflow/.local/lib/python3.12/site-packages/airflow/example_dags/tutorial_taskflow_api.py for tasks to queue
[2025-03-31T06:53:45.494+0000] {logging_mixin.py:190} INFO - [2025-03-31T06:53:45.494+0000] {dagbag.py:588} INFO - Filling up the DagBag from /home/airflow/.local/lib/python3.12/site-packages/airflow/example_dags/tutorial_taskflow_api.py
[2025-03-31T06:53:45.503+0000] {processor.py:925} INFO - DAG(s) 'tutorial_taskflow_api' retrieved from /home/airflow/.local/lib/python3.12/site-packages/airflow/example_dags/tutorial_taskflow_api.py
[2025-03-31T06:53:45.522+0000] {logging_mixin.py:190} INFO - [2025-03-31T06:53:45.521+0000] {dag.py:3239} INFO - Sync 1 DAGs
[2025-03-31T06:53:45.536+0000] {logging_mixin.py:190} INFO - [2025-03-31T06:53:45.536+0000] {dag.py:4180} INFO - Setting next_dagrun for tutorial_taskflow_api to None, run_after=None
[2025-03-31T06:53:45.556+0000] {processor.py:208} INFO - Processing /home/airflow/.local/lib/python3.12/site-packages/airflow/example_dags/tutorial_taskflow_api.py took 0.072 seconds
[2025-03-31T06:54:16.617+0000] {processor.py:186} INFO - Started process (PID=2911) to work on /home/airflow/.local/lib/python3.12/site-packages/airflow/example_dags/tutorial_taskflow_api.py
[2025-03-31T06:54:16.618+0000] {processor.py:914} INFO - Processing file /home/airflow/.local/lib/python3.12/site-packages/airflow/example_dags/tutorial_taskflow_api.py for tasks to queue
[2025-03-31T06:54:16.623+0000] {logging_mixin.py:190} INFO - [2025-03-31T06:54:16.622+0000] {dagbag.py:588} INFO - Filling up the DagBag from /home/airflow/.local/lib/python3.12/site-packages/airflow/example_dags/tutorial_taskflow_api.py
[2025-03-31T06:54:16.634+0000] {processor.py:925} INFO - DAG(s) 'tutorial_taskflow_api' retrieved from /home/airflow/.local/lib/python3.12/site-packages/airflow/example_dags/tutorial_taskflow_api.py
[2025-03-31T06:54:16.665+0000] {logging_mixin.py:190} INFO - [2025-03-31T06:54:16.665+0000] {dag.py:3239} INFO - Sync 1 DAGs
[2025-03-31T06:54:16.685+0000] {logging_mixin.py:190} INFO - [2025-03-31T06:54:16.684+0000] {dag.py:4180} INFO - Setting next_dagrun for tutorial_taskflow_api to None, run_after=None
[2025-03-31T06:54:16.713+0000] {processor.py:208} INFO - Processing /home/airflow/.local/lib/python3.12/site-packages/airflow/example_dags/tutorial_taskflow_api.py took 0.105 seconds
[2025-03-31T06:54:46.864+0000] {processor.py:186} INFO - Started process (PID=3202) to work on /home/airflow/.local/lib/python3.12/site-packages/airflow/example_dags/tutorial_taskflow_api.py
[2025-03-31T06:54:46.865+0000] {processor.py:914} INFO - Processing file /home/airflow/.local/lib/python3.12/site-packages/airflow/example_dags/tutorial_taskflow_api.py for tasks to queue
[2025-03-31T06:54:46.867+0000] {logging_mixin.py:190} INFO - [2025-03-31T06:54:46.867+0000] {dagbag.py:588} INFO - Filling up the DagBag from /home/airflow/.local/lib/python3.12/site-packages/airflow/example_dags/tutorial_taskflow_api.py
[2025-03-31T06:54:46.876+0000] {processor.py:925} INFO - DAG(s) 'tutorial_taskflow_api' retrieved from /home/airflow/.local/lib/python3.12/site-packages/airflow/example_dags/tutorial_taskflow_api.py
[2025-03-31T06:54:46.900+0000] {logging_mixin.py:190} INFO - [2025-03-31T06:54:46.900+0000] {dag.py:3239} INFO - Sync 1 DAGs
[2025-03-31T06:54:46.915+0000] {logging_mixin.py:190} INFO - [2025-03-31T06:54:46.915+0000] {dag.py:4180} INFO - Setting next_dagrun for tutorial_taskflow_api to None, run_after=None
[2025-03-31T06:54:46.933+0000] {processor.py:208} INFO - Processing /home/airflow/.local/lib/python3.12/site-packages/airflow/example_dags/tutorial_taskflow_api.py took 0.075 seconds
[2025-03-31T06:55:17.242+0000] {processor.py:186} INFO - Started process (PID=3495) to work on /home/airflow/.local/lib/python3.12/site-packages/airflow/example_dags/tutorial_taskflow_api.py
[2025-03-31T06:55:17.243+0000] {processor.py:914} INFO - Processing file /home/airflow/.local/lib/python3.12/site-packages/airflow/example_dags/tutorial_taskflow_api.py for tasks to queue
[2025-03-31T06:55:17.247+0000] {logging_mixin.py:190} INFO - [2025-03-31T06:55:17.247+0000] {dagbag.py:588} INFO - Filling up the DagBag from /home/airflow/.local/lib/python3.12/site-packages/airflow/example_dags/tutorial_taskflow_api.py
[2025-03-31T06:55:17.259+0000] {processor.py:925} INFO - DAG(s) 'tutorial_taskflow_api' retrieved from /home/airflow/.local/lib/python3.12/site-packages/airflow/example_dags/tutorial_taskflow_api.py
[2025-03-31T06:55:17.285+0000] {logging_mixin.py:190} INFO - [2025-03-31T06:55:17.285+0000] {dag.py:3239} INFO - Sync 1 DAGs
[2025-03-31T06:55:17.308+0000] {logging_mixin.py:190} INFO - [2025-03-31T06:55:17.308+0000] {dag.py:4180} INFO - Setting next_dagrun for tutorial_taskflow_api to None, run_after=None
[2025-03-31T06:55:17.334+0000] {processor.py:208} INFO - Processing /home/airflow/.local/lib/python3.12/site-packages/airflow/example_dags/tutorial_taskflow_api.py took 0.099 seconds
[2025-03-31T06:55:47.798+0000] {processor.py:186} INFO - Started process (PID=3792) to work on /home/airflow/.local/lib/python3.12/site-packages/airflow/example_dags/tutorial_taskflow_api.py
[2025-03-31T06:55:47.799+0000] {processor.py:914} INFO - Processing file /home/airflow/.local/lib/python3.12/site-packages/airflow/example_dags/tutorial_taskflow_api.py for tasks to queue
[2025-03-31T06:55:47.801+0000] {logging_mixin.py:190} INFO - [2025-03-31T06:55:47.801+0000] {dagbag.py:588} INFO - Filling up the DagBag from /home/airflow/.local/lib/python3.12/site-packages/airflow/example_dags/tutorial_taskflow_api.py
[2025-03-31T06:55:47.809+0000] {processor.py:925} INFO - DAG(s) 'tutorial_taskflow_api' retrieved from /home/airflow/.local/lib/python3.12/site-packages/airflow/example_dags/tutorial_taskflow_api.py
[2025-03-31T06:55:47.829+0000] {logging_mixin.py:190} INFO - [2025-03-31T06:55:47.828+0000] {dag.py:3239} INFO - Sync 1 DAGs
[2025-03-31T06:55:47.843+0000] {logging_mixin.py:190} INFO - [2025-03-31T06:55:47.843+0000] {dag.py:4180} INFO - Setting next_dagrun for tutorial_taskflow_api to None, run_after=None
[2025-03-31T06:55:47.860+0000] {processor.py:208} INFO - Processing /home/airflow/.local/lib/python3.12/site-packages/airflow/example_dags/tutorial_taskflow_api.py took 0.068 seconds
[2025-03-31T06:56:18.943+0000] {processor.py:186} INFO - Started process (PID=4081) to work on /home/airflow/.local/lib/python3.12/site-packages/airflow/example_dags/tutorial_taskflow_api.py
[2025-03-31T06:56:18.945+0000] {processor.py:914} INFO - Processing file /home/airflow/.local/lib/python3.12/site-packages/airflow/example_dags/tutorial_taskflow_api.py for tasks to queue
[2025-03-31T06:56:18.951+0000] {logging_mixin.py:190} INFO - [2025-03-31T06:56:18.950+0000] {dagbag.py:588} INFO - Filling up the DagBag from /home/airflow/.local/lib/python3.12/site-packages/airflow/example_dags/tutorial_taskflow_api.py
[2025-03-31T06:56:18.965+0000] {processor.py:925} INFO - DAG(s) 'tutorial_taskflow_api' retrieved from /home/airflow/.local/lib/python3.12/site-packages/airflow/example_dags/tutorial_taskflow_api.py
[2025-03-31T06:56:18.997+0000] {logging_mixin.py:190} INFO - [2025-03-31T06:56:18.996+0000] {dag.py:3239} INFO - Sync 1 DAGs
[2025-03-31T06:56:19.020+0000] {logging_mixin.py:190} INFO - [2025-03-31T06:56:19.019+0000] {dag.py:4180} INFO - Setting next_dagrun for tutorial_taskflow_api to None, run_after=None
[2025-03-31T06:56:19.045+0000] {processor.py:208} INFO - Processing /home/airflow/.local/lib/python3.12/site-packages/airflow/example_dags/tutorial_taskflow_api.py took 0.121 seconds
[2025-03-31T06:56:49.950+0000] {processor.py:186} INFO - Started process (PID=4372) to work on /home/airflow/.local/lib/python3.12/site-packages/airflow/example_dags/tutorial_taskflow_api.py
[2025-03-31T06:56:49.952+0000] {processor.py:914} INFO - Processing file /home/airflow/.local/lib/python3.12/site-packages/airflow/example_dags/tutorial_taskflow_api.py for tasks to queue
[2025-03-31T06:56:49.955+0000] {logging_mixin.py:190} INFO - [2025-03-31T06:56:49.955+0000] {dagbag.py:588} INFO - Filling up the DagBag from /home/airflow/.local/lib/python3.12/site-packages/airflow/example_dags/tutorial_taskflow_api.py
[2025-03-31T06:56:49.970+0000] {processor.py:925} INFO - DAG(s) 'tutorial_taskflow_api' retrieved from /home/airflow/.local/lib/python3.12/site-packages/airflow/example_dags/tutorial_taskflow_api.py
[2025-03-31T06:56:50.006+0000] {logging_mixin.py:190} INFO - [2025-03-31T06:56:50.006+0000] {dag.py:3239} INFO - Sync 1 DAGs
[2025-03-31T06:56:50.032+0000] {logging_mixin.py:190} INFO - [2025-03-31T06:56:50.031+0000] {dag.py:4180} INFO - Setting next_dagrun for tutorial_taskflow_api to None, run_after=None
[2025-03-31T06:56:50.068+0000] {processor.py:208} INFO - Processing /home/airflow/.local/lib/python3.12/site-packages/airflow/example_dags/tutorial_taskflow_api.py took 0.129 seconds
[2025-03-31T06:57:20.158+0000] {processor.py:186} INFO - Started process (PID=4665) to work on /home/airflow/.local/lib/python3.12/site-packages/airflow/example_dags/tutorial_taskflow_api.py
[2025-03-31T06:57:20.160+0000] {processor.py:914} INFO - Processing file /home/airflow/.local/lib/python3.12/site-packages/airflow/example_dags/tutorial_taskflow_api.py for tasks to queue
[2025-03-31T06:57:20.162+0000] {logging_mixin.py:190} INFO - [2025-03-31T06:57:20.162+0000] {dagbag.py:588} INFO - Filling up the DagBag from /home/airflow/.local/lib/python3.12/site-packages/airflow/example_dags/tutorial_taskflow_api.py
[2025-03-31T06:57:20.172+0000] {processor.py:925} INFO - DAG(s) 'tutorial_taskflow_api' retrieved from /home/airflow/.local/lib/python3.12/site-packages/airflow/example_dags/tutorial_taskflow_api.py
[2025-03-31T06:57:20.197+0000] {logging_mixin.py:190} INFO - [2025-03-31T06:57:20.197+0000] {dag.py:3239} INFO - Sync 1 DAGs
[2025-03-31T06:57:20.214+0000] {logging_mixin.py:190} INFO - [2025-03-31T06:57:20.213+0000] {dag.py:4180} INFO - Setting next_dagrun for tutorial_taskflow_api to None, run_after=None
[2025-03-31T06:57:20.235+0000] {processor.py:208} INFO - Processing /home/airflow/.local/lib/python3.12/site-packages/airflow/example_dags/tutorial_taskflow_api.py took 0.084 seconds
[2025-03-31T06:57:50.589+0000] {processor.py:186} INFO - Started process (PID=4954) to work on /home/airflow/.local/lib/python3.12/site-packages/airflow/example_dags/tutorial_taskflow_api.py
[2025-03-31T06:57:50.590+0000] {processor.py:914} INFO - Processing file /home/airflow/.local/lib/python3.12/site-packages/airflow/example_dags/tutorial_taskflow_api.py for tasks to queue
[2025-03-31T06:57:50.593+0000] {logging_mixin.py:190} INFO - [2025-03-31T06:57:50.592+0000] {dagbag.py:588} INFO - Filling up the DagBag from /home/airflow/.local/lib/python3.12/site-packages/airflow/example_dags/tutorial_taskflow_api.py
[2025-03-31T06:57:50.604+0000] {processor.py:925} INFO - DAG(s) 'tutorial_taskflow_api' retrieved from /home/airflow/.local/lib/python3.12/site-packages/airflow/example_dags/tutorial_taskflow_api.py
[2025-03-31T06:57:50.630+0000] {logging_mixin.py:190} INFO - [2025-03-31T06:57:50.630+0000] {dag.py:3239} INFO - Sync 1 DAGs
[2025-03-31T06:57:50.651+0000] {logging_mixin.py:190} INFO - [2025-03-31T06:57:50.649+0000] {dag.py:4180} INFO - Setting next_dagrun for tutorial_taskflow_api to None, run_after=None
[2025-03-31T06:57:50.675+0000] {processor.py:208} INFO - Processing /home/airflow/.local/lib/python3.12/site-packages/airflow/example_dags/tutorial_taskflow_api.py took 0.095 seconds
[2025-03-31T06:58:21.152+0000] {processor.py:186} INFO - Started process (PID=5245) to work on /home/airflow/.local/lib/python3.12/site-packages/airflow/example_dags/tutorial_taskflow_api.py
[2025-03-31T06:58:21.153+0000] {processor.py:914} INFO - Processing file /home/airflow/.local/lib/python3.12/site-packages/airflow/example_dags/tutorial_taskflow_api.py for tasks to queue
[2025-03-31T06:58:21.155+0000] {logging_mixin.py:190} INFO - [2025-03-31T06:58:21.155+0000] {dagbag.py:588} INFO - Filling up the DagBag from /home/airflow/.local/lib/python3.12/site-packages/airflow/example_dags/tutorial_taskflow_api.py
[2025-03-31T06:58:21.169+0000] {processor.py:925} INFO - DAG(s) 'tutorial_taskflow_api' retrieved from /home/airflow/.local/lib/python3.12/site-packages/airflow/example_dags/tutorial_taskflow_api.py
[2025-03-31T06:58:21.194+0000] {logging_mixin.py:190} INFO - [2025-03-31T06:58:21.194+0000] {dag.py:3239} INFO - Sync 1 DAGs
[2025-03-31T06:58:21.214+0000] {logging_mixin.py:190} INFO - [2025-03-31T06:58:21.214+0000] {dag.py:4180} INFO - Setting next_dagrun for tutorial_taskflow_api to None, run_after=None
[2025-03-31T06:58:21.239+0000] {processor.py:208} INFO - Processing /home/airflow/.local/lib/python3.12/site-packages/airflow/example_dags/tutorial_taskflow_api.py took 0.096 seconds
[2025-03-31T06:58:51.536+0000] {processor.py:186} INFO - Started process (PID=5536) to work on /home/airflow/.local/lib/python3.12/site-packages/airflow/example_dags/tutorial_taskflow_api.py
[2025-03-31T06:58:51.537+0000] {processor.py:914} INFO - Processing file /home/airflow/.local/lib/python3.12/site-packages/airflow/example_dags/tutorial_taskflow_api.py for tasks to queue
[2025-03-31T06:58:51.539+0000] {logging_mixin.py:190} INFO - [2025-03-31T06:58:51.539+0000] {dagbag.py:588} INFO - Filling up the DagBag from /home/airflow/.local/lib/python3.12/site-packages/airflow/example_dags/tutorial_taskflow_api.py
[2025-03-31T06:58:51.549+0000] {processor.py:925} INFO - DAG(s) 'tutorial_taskflow_api' retrieved from /home/airflow/.local/lib/python3.12/site-packages/airflow/example_dags/tutorial_taskflow_api.py
[2025-03-31T06:58:51.574+0000] {logging_mixin.py:190} INFO - [2025-03-31T06:58:51.574+0000] {dag.py:3239} INFO - Sync 1 DAGs
[2025-03-31T06:58:51.590+0000] {logging_mixin.py:190} INFO - [2025-03-31T06:58:51.590+0000] {dag.py:4180} INFO - Setting next_dagrun for tutorial_taskflow_api to None, run_after=None
[2025-03-31T06:58:51.611+0000] {processor.py:208} INFO - Processing /home/airflow/.local/lib/python3.12/site-packages/airflow/example_dags/tutorial_taskflow_api.py took 0.082 seconds
[2025-03-31T06:59:21.819+0000] {processor.py:186} INFO - Started process (PID=5827) to work on /home/airflow/.local/lib/python3.12/site-packages/airflow/example_dags/tutorial_taskflow_api.py
[2025-03-31T06:59:21.820+0000] {processor.py:914} INFO - Processing file /home/airflow/.local/lib/python3.12/site-packages/airflow/example_dags/tutorial_taskflow_api.py for tasks to queue
[2025-03-31T06:59:21.823+0000] {logging_mixin.py:190} INFO - [2025-03-31T06:59:21.822+0000] {dagbag.py:588} INFO - Filling up the DagBag from /home/airflow/.local/lib/python3.12/site-packages/airflow/example_dags/tutorial_taskflow_api.py
[2025-03-31T06:59:21.833+0000] {processor.py:925} INFO - DAG(s) 'tutorial_taskflow_api' retrieved from /home/airflow/.local/lib/python3.12/site-packages/airflow/example_dags/tutorial_taskflow_api.py
[2025-03-31T06:59:21.860+0000] {logging_mixin.py:190} INFO - [2025-03-31T06:59:21.859+0000] {dag.py:3239} INFO - Sync 1 DAGs
[2025-03-31T06:59:21.881+0000] {logging_mixin.py:190} INFO - [2025-03-31T06:59:21.881+0000] {dag.py:4180} INFO - Setting next_dagrun for tutorial_taskflow_api to None, run_after=None
[2025-03-31T06:59:21.911+0000] {processor.py:208} INFO - Processing /home/airflow/.local/lib/python3.12/site-packages/airflow/example_dags/tutorial_taskflow_api.py took 0.099 seconds
[2025-03-31T06:59:52.431+0000] {processor.py:186} INFO - Started process (PID=6118) to work on /home/airflow/.local/lib/python3.12/site-packages/airflow/example_dags/tutorial_taskflow_api.py
[2025-03-31T06:59:52.432+0000] {processor.py:914} INFO - Processing file /home/airflow/.local/lib/python3.12/site-packages/airflow/example_dags/tutorial_taskflow_api.py for tasks to queue
[2025-03-31T06:59:52.434+0000] {logging_mixin.py:190} INFO - [2025-03-31T06:59:52.434+0000] {dagbag.py:588} INFO - Filling up the DagBag from /home/airflow/.local/lib/python3.12/site-packages/airflow/example_dags/tutorial_taskflow_api.py
[2025-03-31T06:59:52.444+0000] {processor.py:925} INFO - DAG(s) 'tutorial_taskflow_api' retrieved from /home/airflow/.local/lib/python3.12/site-packages/airflow/example_dags/tutorial_taskflow_api.py
[2025-03-31T06:59:52.468+0000] {logging_mixin.py:190} INFO - [2025-03-31T06:59:52.468+0000] {dag.py:3239} INFO - Sync 1 DAGs
[2025-03-31T06:59:52.485+0000] {logging_mixin.py:190} INFO - [2025-03-31T06:59:52.484+0000] {dag.py:4180} INFO - Setting next_dagrun for tutorial_taskflow_api to None, run_after=None
[2025-03-31T06:59:52.505+0000] {processor.py:208} INFO - Processing /home/airflow/.local/lib/python3.12/site-packages/airflow/example_dags/tutorial_taskflow_api.py took 0.080 seconds
[2025-03-31T07:00:22.910+0000] {processor.py:186} INFO - Started process (PID=6411) to work on /home/airflow/.local/lib/python3.12/site-packages/airflow/example_dags/tutorial_taskflow_api.py
[2025-03-31T07:00:22.911+0000] {processor.py:914} INFO - Processing file /home/airflow/.local/lib/python3.12/site-packages/airflow/example_dags/tutorial_taskflow_api.py for tasks to queue
[2025-03-31T07:00:22.913+0000] {logging_mixin.py:190} INFO - [2025-03-31T07:00:22.913+0000] {dagbag.py:588} INFO - Filling up the DagBag from /home/airflow/.local/lib/python3.12/site-packages/airflow/example_dags/tutorial_taskflow_api.py
[2025-03-31T07:00:22.923+0000] {processor.py:925} INFO - DAG(s) 'tutorial_taskflow_api' retrieved from /home/airflow/.local/lib/python3.12/site-packages/airflow/example_dags/tutorial_taskflow_api.py
[2025-03-31T07:00:22.947+0000] {logging_mixin.py:190} INFO - [2025-03-31T07:00:22.946+0000] {dag.py:3239} INFO - Sync 1 DAGs
[2025-03-31T07:00:22.963+0000] {logging_mixin.py:190} INFO - [2025-03-31T07:00:22.962+0000] {dag.py:4180} INFO - Setting next_dagrun for tutorial_taskflow_api to None, run_after=None
[2025-03-31T07:00:22.983+0000] {processor.py:208} INFO - Processing /home/airflow/.local/lib/python3.12/site-packages/airflow/example_dags/tutorial_taskflow_api.py took 0.079 seconds
[2025-03-31T07:00:53.245+0000] {processor.py:186} INFO - Started process (PID=6700) to work on /home/airflow/.local/lib/python3.12/site-packages/airflow/example_dags/tutorial_taskflow_api.py
[2025-03-31T07:00:53.246+0000] {processor.py:914} INFO - Processing file /home/airflow/.local/lib/python3.12/site-packages/airflow/example_dags/tutorial_taskflow_api.py for tasks to queue
[2025-03-31T07:00:53.252+0000] {logging_mixin.py:190} INFO - [2025-03-31T07:00:53.252+0000] {dagbag.py:588} INFO - Filling up the DagBag from /home/airflow/.local/lib/python3.12/site-packages/airflow/example_dags/tutorial_taskflow_api.py
[2025-03-31T07:00:53.261+0000] {processor.py:925} INFO - DAG(s) 'tutorial_taskflow_api' retrieved from /home/airflow/.local/lib/python3.12/site-packages/airflow/example_dags/tutorial_taskflow_api.py
[2025-03-31T07:00:53.282+0000] {logging_mixin.py:190} INFO - [2025-03-31T07:00:53.282+0000] {dag.py:3239} INFO - Sync 1 DAGs
[2025-03-31T07:00:53.298+0000] {logging_mixin.py:190} INFO - [2025-03-31T07:00:53.298+0000] {dag.py:4180} INFO - Setting next_dagrun for tutorial_taskflow_api to None, run_after=None
[2025-03-31T07:00:53.316+0000] {processor.py:208} INFO - Processing /home/airflow/.local/lib/python3.12/site-packages/airflow/example_dags/tutorial_taskflow_api.py took 0.077 seconds
[2025-03-31T07:01:24.089+0000] {processor.py:186} INFO - Started process (PID=6991) to work on /home/airflow/.local/lib/python3.12/site-packages/airflow/example_dags/tutorial_taskflow_api.py
[2025-03-31T07:01:24.090+0000] {processor.py:914} INFO - Processing file /home/airflow/.local/lib/python3.12/site-packages/airflow/example_dags/tutorial_taskflow_api.py for tasks to queue
[2025-03-31T07:01:24.092+0000] {logging_mixin.py:190} INFO - [2025-03-31T07:01:24.092+0000] {dagbag.py:588} INFO - Filling up the DagBag from /home/airflow/.local/lib/python3.12/site-packages/airflow/example_dags/tutorial_taskflow_api.py
[2025-03-31T07:01:24.101+0000] {processor.py:925} INFO - DAG(s) 'tutorial_taskflow_api' retrieved from /home/airflow/.local/lib/python3.12/site-packages/airflow/example_dags/tutorial_taskflow_api.py
[2025-03-31T07:01:24.121+0000] {logging_mixin.py:190} INFO - [2025-03-31T07:01:24.121+0000] {dag.py:3239} INFO - Sync 1 DAGs
[2025-03-31T07:01:24.136+0000] {logging_mixin.py:190} INFO - [2025-03-31T07:01:24.135+0000] {dag.py:4180} INFO - Setting next_dagrun for tutorial_taskflow_api to None, run_after=None
[2025-03-31T07:01:24.154+0000] {processor.py:208} INFO - Processing /home/airflow/.local/lib/python3.12/site-packages/airflow/example_dags/tutorial_taskflow_api.py took 0.071 seconds
[2025-03-31T07:01:54.497+0000] {processor.py:186} INFO - Started process (PID=7282) to work on /home/airflow/.local/lib/python3.12/site-packages/airflow/example_dags/tutorial_taskflow_api.py
[2025-03-31T07:01:54.499+0000] {processor.py:914} INFO - Processing file /home/airflow/.local/lib/python3.12/site-packages/airflow/example_dags/tutorial_taskflow_api.py for tasks to queue
[2025-03-31T07:01:54.502+0000] {logging_mixin.py:190} INFO - [2025-03-31T07:01:54.501+0000] {dagbag.py:588} INFO - Filling up the DagBag from /home/airflow/.local/lib/python3.12/site-packages/airflow/example_dags/tutorial_taskflow_api.py
[2025-03-31T07:01:54.511+0000] {processor.py:925} INFO - DAG(s) 'tutorial_taskflow_api' retrieved from /home/airflow/.local/lib/python3.12/site-packages/airflow/example_dags/tutorial_taskflow_api.py
[2025-03-31T07:01:54.532+0000] {logging_mixin.py:190} INFO - [2025-03-31T07:01:54.531+0000] {dag.py:3239} INFO - Sync 1 DAGs
[2025-03-31T07:01:54.552+0000] {logging_mixin.py:190} INFO - [2025-03-31T07:01:54.552+0000] {dag.py:4180} INFO - Setting next_dagrun for tutorial_taskflow_api to None, run_after=None
[2025-03-31T07:01:54.572+0000] {processor.py:208} INFO - Processing /home/airflow/.local/lib/python3.12/site-packages/airflow/example_dags/tutorial_taskflow_api.py took 0.092 seconds
[2025-03-31T07:02:25.248+0000] {processor.py:186} INFO - Started process (PID=7573) to work on /home/airflow/.local/lib/python3.12/site-packages/airflow/example_dags/tutorial_taskflow_api.py
[2025-03-31T07:02:25.249+0000] {processor.py:914} INFO - Processing file /home/airflow/.local/lib/python3.12/site-packages/airflow/example_dags/tutorial_taskflow_api.py for tasks to queue
[2025-03-31T07:02:25.255+0000] {logging_mixin.py:190} INFO - [2025-03-31T07:02:25.254+0000] {dagbag.py:588} INFO - Filling up the DagBag from /home/airflow/.local/lib/python3.12/site-packages/airflow/example_dags/tutorial_taskflow_api.py
[2025-03-31T07:02:25.263+0000] {processor.py:925} INFO - DAG(s) 'tutorial_taskflow_api' retrieved from /home/airflow/.local/lib/python3.12/site-packages/airflow/example_dags/tutorial_taskflow_api.py
[2025-03-31T07:02:25.284+0000] {logging_mixin.py:190} INFO - [2025-03-31T07:02:25.284+0000] {dag.py:3239} INFO - Sync 1 DAGs
[2025-03-31T07:02:25.299+0000] {logging_mixin.py:190} INFO - [2025-03-31T07:02:25.299+0000] {dag.py:4180} INFO - Setting next_dagrun for tutorial_taskflow_api to None, run_after=None
[2025-03-31T07:02:25.318+0000] {processor.py:208} INFO - Processing /home/airflow/.local/lib/python3.12/site-packages/airflow/example_dags/tutorial_taskflow_api.py took 0.075 seconds
[2025-03-31T07:02:55.561+0000] {processor.py:186} INFO - Started process (PID=7864) to work on /home/airflow/.local/lib/python3.12/site-packages/airflow/example_dags/tutorial_taskflow_api.py
[2025-03-31T07:02:55.562+0000] {processor.py:914} INFO - Processing file /home/airflow/.local/lib/python3.12/site-packages/airflow/example_dags/tutorial_taskflow_api.py for tasks to queue
[2025-03-31T07:02:55.565+0000] {logging_mixin.py:190} INFO - [2025-03-31T07:02:55.564+0000] {dagbag.py:588} INFO - Filling up the DagBag from /home/airflow/.local/lib/python3.12/site-packages/airflow/example_dags/tutorial_taskflow_api.py
[2025-03-31T07:02:55.573+0000] {processor.py:925} INFO - DAG(s) 'tutorial_taskflow_api' retrieved from /home/airflow/.local/lib/python3.12/site-packages/airflow/example_dags/tutorial_taskflow_api.py
[2025-03-31T07:02:55.593+0000] {logging_mixin.py:190} INFO - [2025-03-31T07:02:55.593+0000] {dag.py:3239} INFO - Sync 1 DAGs
[2025-03-31T07:02:55.608+0000] {logging_mixin.py:190} INFO - [2025-03-31T07:02:55.608+0000] {dag.py:4180} INFO - Setting next_dagrun for tutorial_taskflow_api to None, run_after=None
[2025-03-31T07:02:55.628+0000] {processor.py:208} INFO - Processing /home/airflow/.local/lib/python3.12/site-packages/airflow/example_dags/tutorial_taskflow_api.py took 0.073 seconds
[2025-03-31T07:03:26.054+0000] {processor.py:186} INFO - Started process (PID=8155) to work on /home/airflow/.local/lib/python3.12/site-packages/airflow/example_dags/tutorial_taskflow_api.py
[2025-03-31T07:03:26.055+0000] {processor.py:914} INFO - Processing file /home/airflow/.local/lib/python3.12/site-packages/airflow/example_dags/tutorial_taskflow_api.py for tasks to queue
[2025-03-31T07:03:26.059+0000] {logging_mixin.py:190} INFO - [2025-03-31T07:03:26.059+0000] {dagbag.py:588} INFO - Filling up the DagBag from /home/airflow/.local/lib/python3.12/site-packages/airflow/example_dags/tutorial_taskflow_api.py
[2025-03-31T07:03:26.070+0000] {processor.py:925} INFO - DAG(s) 'tutorial_taskflow_api' retrieved from /home/airflow/.local/lib/python3.12/site-packages/airflow/example_dags/tutorial_taskflow_api.py
[2025-03-31T07:03:26.099+0000] {logging_mixin.py:190} INFO - [2025-03-31T07:03:26.099+0000] {dag.py:3239} INFO - Sync 1 DAGs
[2025-03-31T07:03:26.120+0000] {logging_mixin.py:190} INFO - [2025-03-31T07:03:26.119+0000] {dag.py:4180} INFO - Setting next_dagrun for tutorial_taskflow_api to None, run_after=None
[2025-03-31T07:03:26.143+0000] {processor.py:208} INFO - Processing /home/airflow/.local/lib/python3.12/site-packages/airflow/example_dags/tutorial_taskflow_api.py took 0.098 seconds
[2025-03-31T07:03:57.065+0000] {processor.py:186} INFO - Started process (PID=8446) to work on /home/airflow/.local/lib/python3.12/site-packages/airflow/example_dags/tutorial_taskflow_api.py
[2025-03-31T07:03:57.066+0000] {processor.py:914} INFO - Processing file /home/airflow/.local/lib/python3.12/site-packages/airflow/example_dags/tutorial_taskflow_api.py for tasks to queue
[2025-03-31T07:03:57.069+0000] {logging_mixin.py:190} INFO - [2025-03-31T07:03:57.069+0000] {dagbag.py:588} INFO - Filling up the DagBag from /home/airflow/.local/lib/python3.12/site-packages/airflow/example_dags/tutorial_taskflow_api.py
[2025-03-31T07:03:57.078+0000] {processor.py:925} INFO - DAG(s) 'tutorial_taskflow_api' retrieved from /home/airflow/.local/lib/python3.12/site-packages/airflow/example_dags/tutorial_taskflow_api.py
[2025-03-31T07:03:57.101+0000] {logging_mixin.py:190} INFO - [2025-03-31T07:03:57.100+0000] {dag.py:3239} INFO - Sync 1 DAGs
[2025-03-31T07:03:57.117+0000] {logging_mixin.py:190} INFO - [2025-03-31T07:03:57.116+0000] {dag.py:4180} INFO - Setting next_dagrun for tutorial_taskflow_api to None, run_after=None
[2025-03-31T07:03:57.138+0000] {processor.py:208} INFO - Processing /home/airflow/.local/lib/python3.12/site-packages/airflow/example_dags/tutorial_taskflow_api.py took 0.080 seconds
[2025-03-31T07:04:27.554+0000] {processor.py:186} INFO - Started process (PID=8737) to work on /home/airflow/.local/lib/python3.12/site-packages/airflow/example_dags/tutorial_taskflow_api.py
[2025-03-31T07:04:27.555+0000] {processor.py:914} INFO - Processing file /home/airflow/.local/lib/python3.12/site-packages/airflow/example_dags/tutorial_taskflow_api.py for tasks to queue
[2025-03-31T07:04:27.558+0000] {logging_mixin.py:190} INFO - [2025-03-31T07:04:27.558+0000] {dagbag.py:588} INFO - Filling up the DagBag from /home/airflow/.local/lib/python3.12/site-packages/airflow/example_dags/tutorial_taskflow_api.py
[2025-03-31T07:04:27.567+0000] {processor.py:925} INFO - DAG(s) 'tutorial_taskflow_api' retrieved from /home/airflow/.local/lib/python3.12/site-packages/airflow/example_dags/tutorial_taskflow_api.py
[2025-03-31T07:04:27.589+0000] {logging_mixin.py:190} INFO - [2025-03-31T07:04:27.588+0000] {dag.py:3239} INFO - Sync 1 DAGs
[2025-03-31T07:04:27.605+0000] {logging_mixin.py:190} INFO - [2025-03-31T07:04:27.605+0000] {dag.py:4180} INFO - Setting next_dagrun for tutorial_taskflow_api to None, run_after=None
[2025-03-31T07:04:27.626+0000] {processor.py:208} INFO - Processing /home/airflow/.local/lib/python3.12/site-packages/airflow/example_dags/tutorial_taskflow_api.py took 0.078 seconds
[2025-03-31T07:04:57.749+0000] {processor.py:186} INFO - Started process (PID=9028) to work on /home/airflow/.local/lib/python3.12/site-packages/airflow/example_dags/tutorial_taskflow_api.py
[2025-03-31T07:04:57.750+0000] {processor.py:914} INFO - Processing file /home/airflow/.local/lib/python3.12/site-packages/airflow/example_dags/tutorial_taskflow_api.py for tasks to queue
[2025-03-31T07:04:57.753+0000] {logging_mixin.py:190} INFO - [2025-03-31T07:04:57.753+0000] {dagbag.py:588} INFO - Filling up the DagBag from /home/airflow/.local/lib/python3.12/site-packages/airflow/example_dags/tutorial_taskflow_api.py
[2025-03-31T07:04:57.762+0000] {processor.py:925} INFO - DAG(s) 'tutorial_taskflow_api' retrieved from /home/airflow/.local/lib/python3.12/site-packages/airflow/example_dags/tutorial_taskflow_api.py
[2025-03-31T07:04:57.784+0000] {logging_mixin.py:190} INFO - [2025-03-31T07:04:57.784+0000] {dag.py:3239} INFO - Sync 1 DAGs
[2025-03-31T07:04:57.800+0000] {logging_mixin.py:190} INFO - [2025-03-31T07:04:57.800+0000] {dag.py:4180} INFO - Setting next_dagrun for tutorial_taskflow_api to None, run_after=None
[2025-03-31T07:04:57.818+0000] {processor.py:208} INFO - Processing /home/airflow/.local/lib/python3.12/site-packages/airflow/example_dags/tutorial_taskflow_api.py took 0.075 seconds
[2025-03-31T07:05:27.903+0000] {processor.py:186} INFO - Started process (PID=9316) to work on /home/airflow/.local/lib/python3.12/site-packages/airflow/example_dags/tutorial_taskflow_api.py
[2025-03-31T07:05:27.904+0000] {processor.py:914} INFO - Processing file /home/airflow/.local/lib/python3.12/site-packages/airflow/example_dags/tutorial_taskflow_api.py for tasks to queue
[2025-03-31T07:05:27.907+0000] {logging_mixin.py:190} INFO - [2025-03-31T07:05:27.906+0000] {dagbag.py:588} INFO - Filling up the DagBag from /home/airflow/.local/lib/python3.12/site-packages/airflow/example_dags/tutorial_taskflow_api.py
[2025-03-31T07:05:27.918+0000] {processor.py:925} INFO - DAG(s) 'tutorial_taskflow_api' retrieved from /home/airflow/.local/lib/python3.12/site-packages/airflow/example_dags/tutorial_taskflow_api.py
[2025-03-31T07:05:27.939+0000] {logging_mixin.py:190} INFO - [2025-03-31T07:05:27.939+0000] {dag.py:3239} INFO - Sync 1 DAGs
[2025-03-31T07:05:27.955+0000] {logging_mixin.py:190} INFO - [2025-03-31T07:05:27.955+0000] {dag.py:4180} INFO - Setting next_dagrun for tutorial_taskflow_api to None, run_after=None
[2025-03-31T07:05:27.973+0000] {processor.py:208} INFO - Processing /home/airflow/.local/lib/python3.12/site-packages/airflow/example_dags/tutorial_taskflow_api.py took 0.077 seconds
[2025-03-31T07:05:58.123+0000] {processor.py:186} INFO - Started process (PID=9607) to work on /home/airflow/.local/lib/python3.12/site-packages/airflow/example_dags/tutorial_taskflow_api.py
[2025-03-31T07:05:58.124+0000] {processor.py:914} INFO - Processing file /home/airflow/.local/lib/python3.12/site-packages/airflow/example_dags/tutorial_taskflow_api.py for tasks to queue
[2025-03-31T07:05:58.128+0000] {logging_mixin.py:190} INFO - [2025-03-31T07:05:58.127+0000] {dagbag.py:588} INFO - Filling up the DagBag from /home/airflow/.local/lib/python3.12/site-packages/airflow/example_dags/tutorial_taskflow_api.py
[2025-03-31T07:05:58.139+0000] {processor.py:925} INFO - DAG(s) 'tutorial_taskflow_api' retrieved from /home/airflow/.local/lib/python3.12/site-packages/airflow/example_dags/tutorial_taskflow_api.py
[2025-03-31T07:05:58.169+0000] {logging_mixin.py:190} INFO - [2025-03-31T07:05:58.168+0000] {dag.py:3239} INFO - Sync 1 DAGs
[2025-03-31T07:05:58.188+0000] {logging_mixin.py:190} INFO - [2025-03-31T07:05:58.188+0000] {dag.py:4180} INFO - Setting next_dagrun for tutorial_taskflow_api to None, run_after=None
[2025-03-31T07:05:58.209+0000] {processor.py:208} INFO - Processing /home/airflow/.local/lib/python3.12/site-packages/airflow/example_dags/tutorial_taskflow_api.py took 0.094 seconds
[2025-03-31T07:06:28.258+0000] {processor.py:186} INFO - Started process (PID=9898) to work on /home/airflow/.local/lib/python3.12/site-packages/airflow/example_dags/tutorial_taskflow_api.py
[2025-03-31T07:06:28.259+0000] {processor.py:914} INFO - Processing file /home/airflow/.local/lib/python3.12/site-packages/airflow/example_dags/tutorial_taskflow_api.py for tasks to queue
[2025-03-31T07:06:28.262+0000] {logging_mixin.py:190} INFO - [2025-03-31T07:06:28.261+0000] {dagbag.py:588} INFO - Filling up the DagBag from /home/airflow/.local/lib/python3.12/site-packages/airflow/example_dags/tutorial_taskflow_api.py
[2025-03-31T07:06:28.271+0000] {processor.py:925} INFO - DAG(s) 'tutorial_taskflow_api' retrieved from /home/airflow/.local/lib/python3.12/site-packages/airflow/example_dags/tutorial_taskflow_api.py
[2025-03-31T07:06:28.291+0000] {logging_mixin.py:190} INFO - [2025-03-31T07:06:28.291+0000] {dag.py:3239} INFO - Sync 1 DAGs
[2025-03-31T07:06:28.306+0000] {logging_mixin.py:190} INFO - [2025-03-31T07:06:28.305+0000] {dag.py:4180} INFO - Setting next_dagrun for tutorial_taskflow_api to None, run_after=None
[2025-03-31T07:06:28.325+0000] {processor.py:208} INFO - Processing /home/airflow/.local/lib/python3.12/site-packages/airflow/example_dags/tutorial_taskflow_api.py took 0.072 seconds
[2025-03-31T07:06:58.856+0000] {processor.py:186} INFO - Started process (PID=10187) to work on /home/airflow/.local/lib/python3.12/site-packages/airflow/example_dags/tutorial_taskflow_api.py
[2025-03-31T07:06:58.857+0000] {processor.py:914} INFO - Processing file /home/airflow/.local/lib/python3.12/site-packages/airflow/example_dags/tutorial_taskflow_api.py for tasks to queue
[2025-03-31T07:06:58.859+0000] {logging_mixin.py:190} INFO - [2025-03-31T07:06:58.858+0000] {dagbag.py:588} INFO - Filling up the DagBag from /home/airflow/.local/lib/python3.12/site-packages/airflow/example_dags/tutorial_taskflow_api.py
[2025-03-31T07:06:58.868+0000] {processor.py:925} INFO - DAG(s) 'tutorial_taskflow_api' retrieved from /home/airflow/.local/lib/python3.12/site-packages/airflow/example_dags/tutorial_taskflow_api.py
[2025-03-31T07:06:58.887+0000] {logging_mixin.py:190} INFO - [2025-03-31T07:06:58.887+0000] {dag.py:3239} INFO - Sync 1 DAGs
[2025-03-31T07:06:58.902+0000] {logging_mixin.py:190} INFO - [2025-03-31T07:06:58.902+0000] {dag.py:4180} INFO - Setting next_dagrun for tutorial_taskflow_api to None, run_after=None
[2025-03-31T07:06:58.920+0000] {processor.py:208} INFO - Processing /home/airflow/.local/lib/python3.12/site-packages/airflow/example_dags/tutorial_taskflow_api.py took 0.071 seconds
[2025-03-31T07:07:29.477+0000] {processor.py:186} INFO - Started process (PID=10478) to work on /home/airflow/.local/lib/python3.12/site-packages/airflow/example_dags/tutorial_taskflow_api.py
[2025-03-31T07:07:29.478+0000] {processor.py:914} INFO - Processing file /home/airflow/.local/lib/python3.12/site-packages/airflow/example_dags/tutorial_taskflow_api.py for tasks to queue
[2025-03-31T07:07:29.480+0000] {logging_mixin.py:190} INFO - [2025-03-31T07:07:29.480+0000] {dagbag.py:588} INFO - Filling up the DagBag from /home/airflow/.local/lib/python3.12/site-packages/airflow/example_dags/tutorial_taskflow_api.py
[2025-03-31T07:07:29.491+0000] {processor.py:925} INFO - DAG(s) 'tutorial_taskflow_api' retrieved from /home/airflow/.local/lib/python3.12/site-packages/airflow/example_dags/tutorial_taskflow_api.py
[2025-03-31T07:07:29.511+0000] {logging_mixin.py:190} INFO - [2025-03-31T07:07:29.511+0000] {dag.py:3239} INFO - Sync 1 DAGs
[2025-03-31T07:07:29.526+0000] {logging_mixin.py:190} INFO - [2025-03-31T07:07:29.526+0000] {dag.py:4180} INFO - Setting next_dagrun for tutorial_taskflow_api to None, run_after=None
[2025-03-31T07:07:29.543+0000] {processor.py:208} INFO - Processing /home/airflow/.local/lib/python3.12/site-packages/airflow/example_dags/tutorial_taskflow_api.py took 0.073 seconds
[2025-03-31T07:07:59.949+0000] {processor.py:186} INFO - Started process (PID=10764) to work on /home/airflow/.local/lib/python3.12/site-packages/airflow/example_dags/tutorial_taskflow_api.py
[2025-03-31T07:07:59.950+0000] {processor.py:914} INFO - Processing file /home/airflow/.local/lib/python3.12/site-packages/airflow/example_dags/tutorial_taskflow_api.py for tasks to queue
[2025-03-31T07:07:59.953+0000] {logging_mixin.py:190} INFO - [2025-03-31T07:07:59.953+0000] {dagbag.py:588} INFO - Filling up the DagBag from /home/airflow/.local/lib/python3.12/site-packages/airflow/example_dags/tutorial_taskflow_api.py
[2025-03-31T07:07:59.963+0000] {processor.py:925} INFO - DAG(s) 'tutorial_taskflow_api' retrieved from /home/airflow/.local/lib/python3.12/site-packages/airflow/example_dags/tutorial_taskflow_api.py
[2025-03-31T07:07:59.990+0000] {logging_mixin.py:190} INFO - [2025-03-31T07:07:59.990+0000] {dag.py:3239} INFO - Sync 1 DAGs
[2025-03-31T07:08:00.007+0000] {logging_mixin.py:190} INFO - [2025-03-31T07:08:00.007+0000] {dag.py:4180} INFO - Setting next_dagrun for tutorial_taskflow_api to None, run_after=None
[2025-03-31T07:08:00.032+0000] {processor.py:208} INFO - Processing /home/airflow/.local/lib/python3.12/site-packages/airflow/example_dags/tutorial_taskflow_api.py took 0.091 seconds
[2025-03-31T07:08:31.725+0000] {processor.py:186} INFO - Started process (PID=11045) to work on /home/airflow/.local/lib/python3.12/site-packages/airflow/example_dags/tutorial_taskflow_api.py
[2025-03-31T07:08:31.726+0000] {processor.py:914} INFO - Processing file /home/airflow/.local/lib/python3.12/site-packages/airflow/example_dags/tutorial_taskflow_api.py for tasks to queue
[2025-03-31T07:08:31.729+0000] {logging_mixin.py:190} INFO - [2025-03-31T07:08:31.728+0000] {dagbag.py:588} INFO - Filling up the DagBag from /home/airflow/.local/lib/python3.12/site-packages/airflow/example_dags/tutorial_taskflow_api.py
[2025-03-31T07:08:31.739+0000] {processor.py:925} INFO - DAG(s) 'tutorial_taskflow_api' retrieved from /home/airflow/.local/lib/python3.12/site-packages/airflow/example_dags/tutorial_taskflow_api.py
[2025-03-31T07:08:31.761+0000] {logging_mixin.py:190} INFO - [2025-03-31T07:08:31.761+0000] {dag.py:3239} INFO - Sync 1 DAGs
[2025-03-31T07:08:31.780+0000] {logging_mixin.py:190} INFO - [2025-03-31T07:08:31.780+0000] {dag.py:4180} INFO - Setting next_dagrun for tutorial_taskflow_api to None, run_after=None
[2025-03-31T07:08:31.799+0000] {processor.py:208} INFO - Processing /home/airflow/.local/lib/python3.12/site-packages/airflow/example_dags/tutorial_taskflow_api.py took 0.081 seconds
[2025-03-31T07:09:02.558+0000] {processor.py:186} INFO - Started process (PID=11276) to work on /home/airflow/.local/lib/python3.12/site-packages/airflow/example_dags/tutorial_taskflow_api.py
[2025-03-31T07:09:02.559+0000] {processor.py:914} INFO - Processing file /home/airflow/.local/lib/python3.12/site-packages/airflow/example_dags/tutorial_taskflow_api.py for tasks to queue
[2025-03-31T07:09:02.561+0000] {logging_mixin.py:190} INFO - [2025-03-31T07:09:02.561+0000] {dagbag.py:588} INFO - Filling up the DagBag from /home/airflow/.local/lib/python3.12/site-packages/airflow/example_dags/tutorial_taskflow_api.py
[2025-03-31T07:09:02.570+0000] {processor.py:925} INFO - DAG(s) 'tutorial_taskflow_api' retrieved from /home/airflow/.local/lib/python3.12/site-packages/airflow/example_dags/tutorial_taskflow_api.py
[2025-03-31T07:09:02.592+0000] {logging_mixin.py:190} INFO - [2025-03-31T07:09:02.592+0000] {dag.py:3239} INFO - Sync 1 DAGs
[2025-03-31T07:09:02.607+0000] {logging_mixin.py:190} INFO - [2025-03-31T07:09:02.607+0000] {dag.py:4180} INFO - Setting next_dagrun for tutorial_taskflow_api to None, run_after=None
[2025-03-31T07:09:02.626+0000] {processor.py:208} INFO - Processing /home/airflow/.local/lib/python3.12/site-packages/airflow/example_dags/tutorial_taskflow_api.py took 0.074 seconds
[2025-03-31T07:09:33.119+0000] {processor.py:186} INFO - Started process (PID=11557) to work on /home/airflow/.local/lib/python3.12/site-packages/airflow/example_dags/tutorial_taskflow_api.py
[2025-03-31T07:09:33.120+0000] {processor.py:914} INFO - Processing file /home/airflow/.local/lib/python3.12/site-packages/airflow/example_dags/tutorial_taskflow_api.py for tasks to queue
[2025-03-31T07:09:33.123+0000] {logging_mixin.py:190} INFO - [2025-03-31T07:09:33.122+0000] {dagbag.py:588} INFO - Filling up the DagBag from /home/airflow/.local/lib/python3.12/site-packages/airflow/example_dags/tutorial_taskflow_api.py
[2025-03-31T07:09:33.131+0000] {processor.py:925} INFO - DAG(s) 'tutorial_taskflow_api' retrieved from /home/airflow/.local/lib/python3.12/site-packages/airflow/example_dags/tutorial_taskflow_api.py
[2025-03-31T07:09:33.150+0000] {logging_mixin.py:190} INFO - [2025-03-31T07:09:33.150+0000] {dag.py:3239} INFO - Sync 1 DAGs
[2025-03-31T07:09:33.165+0000] {logging_mixin.py:190} INFO - [2025-03-31T07:09:33.165+0000] {dag.py:4180} INFO - Setting next_dagrun for tutorial_taskflow_api to None, run_after=None
[2025-03-31T07:09:33.184+0000] {processor.py:208} INFO - Processing /home/airflow/.local/lib/python3.12/site-packages/airflow/example_dags/tutorial_taskflow_api.py took 0.071 seconds
[2025-03-31T07:10:04.052+0000] {processor.py:186} INFO - Started process (PID=11848) to work on /home/airflow/.local/lib/python3.12/site-packages/airflow/example_dags/tutorial_taskflow_api.py
[2025-03-31T07:10:04.061+0000] {processor.py:914} INFO - Processing file /home/airflow/.local/lib/python3.12/site-packages/airflow/example_dags/tutorial_taskflow_api.py for tasks to queue
[2025-03-31T07:10:04.064+0000] {logging_mixin.py:190} INFO - [2025-03-31T07:10:04.063+0000] {dagbag.py:588} INFO - Filling up the DagBag from /home/airflow/.local/lib/python3.12/site-packages/airflow/example_dags/tutorial_taskflow_api.py
[2025-03-31T07:10:04.073+0000] {processor.py:925} INFO - DAG(s) 'tutorial_taskflow_api' retrieved from /home/airflow/.local/lib/python3.12/site-packages/airflow/example_dags/tutorial_taskflow_api.py
[2025-03-31T07:10:04.094+0000] {logging_mixin.py:190} INFO - [2025-03-31T07:10:04.094+0000] {dag.py:3239} INFO - Sync 1 DAGs
[2025-03-31T07:10:04.115+0000] {logging_mixin.py:190} INFO - [2025-03-31T07:10:04.114+0000] {dag.py:4180} INFO - Setting next_dagrun for tutorial_taskflow_api to None, run_after=None
[2025-03-31T07:10:04.134+0000] {processor.py:208} INFO - Processing /home/airflow/.local/lib/python3.12/site-packages/airflow/example_dags/tutorial_taskflow_api.py took 0.089 seconds
[2025-03-31T07:10:34.853+0000] {processor.py:186} INFO - Started process (PID=12131) to work on /home/airflow/.local/lib/python3.12/site-packages/airflow/example_dags/tutorial_taskflow_api.py
[2025-03-31T07:10:34.854+0000] {processor.py:914} INFO - Processing file /home/airflow/.local/lib/python3.12/site-packages/airflow/example_dags/tutorial_taskflow_api.py for tasks to queue
[2025-03-31T07:10:34.857+0000] {logging_mixin.py:190} INFO - [2025-03-31T07:10:34.856+0000] {dagbag.py:588} INFO - Filling up the DagBag from /home/airflow/.local/lib/python3.12/site-packages/airflow/example_dags/tutorial_taskflow_api.py
[2025-03-31T07:10:34.866+0000] {processor.py:925} INFO - DAG(s) 'tutorial_taskflow_api' retrieved from /home/airflow/.local/lib/python3.12/site-packages/airflow/example_dags/tutorial_taskflow_api.py
[2025-03-31T07:10:34.887+0000] {logging_mixin.py:190} INFO - [2025-03-31T07:10:34.886+0000] {dag.py:3239} INFO - Sync 1 DAGs
[2025-03-31T07:10:34.901+0000] {logging_mixin.py:190} INFO - [2025-03-31T07:10:34.901+0000] {dag.py:4180} INFO - Setting next_dagrun for tutorial_taskflow_api to None, run_after=None
[2025-03-31T07:10:34.919+0000] {processor.py:208} INFO - Processing /home/airflow/.local/lib/python3.12/site-packages/airflow/example_dags/tutorial_taskflow_api.py took 0.072 seconds
[2025-03-31T07:11:05.433+0000] {processor.py:186} INFO - Started process (PID=12422) to work on /home/airflow/.local/lib/python3.12/site-packages/airflow/example_dags/tutorial_taskflow_api.py
[2025-03-31T07:11:05.434+0000] {processor.py:914} INFO - Processing file /home/airflow/.local/lib/python3.12/site-packages/airflow/example_dags/tutorial_taskflow_api.py for tasks to queue
[2025-03-31T07:11:05.436+0000] {logging_mixin.py:190} INFO - [2025-03-31T07:11:05.436+0000] {dagbag.py:588} INFO - Filling up the DagBag from /home/airflow/.local/lib/python3.12/site-packages/airflow/example_dags/tutorial_taskflow_api.py
[2025-03-31T07:11:05.445+0000] {processor.py:925} INFO - DAG(s) 'tutorial_taskflow_api' retrieved from /home/airflow/.local/lib/python3.12/site-packages/airflow/example_dags/tutorial_taskflow_api.py
[2025-03-31T07:11:05.465+0000] {logging_mixin.py:190} INFO - [2025-03-31T07:11:05.465+0000] {dag.py:3239} INFO - Sync 1 DAGs
[2025-03-31T07:11:05.480+0000] {logging_mixin.py:190} INFO - [2025-03-31T07:11:05.480+0000] {dag.py:4180} INFO - Setting next_dagrun for tutorial_taskflow_api to None, run_after=None
[2025-03-31T07:11:05.498+0000] {processor.py:208} INFO - Processing /home/airflow/.local/lib/python3.12/site-packages/airflow/example_dags/tutorial_taskflow_api.py took 0.071 seconds
[2025-03-31T07:11:35.626+0000] {processor.py:186} INFO - Started process (PID=12713) to work on /home/airflow/.local/lib/python3.12/site-packages/airflow/example_dags/tutorial_taskflow_api.py
[2025-03-31T07:11:35.627+0000] {processor.py:914} INFO - Processing file /home/airflow/.local/lib/python3.12/site-packages/airflow/example_dags/tutorial_taskflow_api.py for tasks to queue
[2025-03-31T07:11:35.629+0000] {logging_mixin.py:190} INFO - [2025-03-31T07:11:35.629+0000] {dagbag.py:588} INFO - Filling up the DagBag from /home/airflow/.local/lib/python3.12/site-packages/airflow/example_dags/tutorial_taskflow_api.py
[2025-03-31T07:11:35.638+0000] {processor.py:925} INFO - DAG(s) 'tutorial_taskflow_api' retrieved from /home/airflow/.local/lib/python3.12/site-packages/airflow/example_dags/tutorial_taskflow_api.py
[2025-03-31T07:11:35.658+0000] {logging_mixin.py:190} INFO - [2025-03-31T07:11:35.657+0000] {dag.py:3239} INFO - Sync 1 DAGs
[2025-03-31T07:11:35.673+0000] {logging_mixin.py:190} INFO - [2025-03-31T07:11:35.673+0000] {dag.py:4180} INFO - Setting next_dagrun for tutorial_taskflow_api to None, run_after=None
[2025-03-31T07:11:35.690+0000] {processor.py:208} INFO - Processing /home/airflow/.local/lib/python3.12/site-packages/airflow/example_dags/tutorial_taskflow_api.py took 0.070 seconds
[2025-03-31T07:12:06.503+0000] {processor.py:186} INFO - Started process (PID=13004) to work on /home/airflow/.local/lib/python3.12/site-packages/airflow/example_dags/tutorial_taskflow_api.py
[2025-03-31T07:12:06.504+0000] {processor.py:914} INFO - Processing file /home/airflow/.local/lib/python3.12/site-packages/airflow/example_dags/tutorial_taskflow_api.py for tasks to queue
[2025-03-31T07:12:06.507+0000] {logging_mixin.py:190} INFO - [2025-03-31T07:12:06.507+0000] {dagbag.py:588} INFO - Filling up the DagBag from /home/airflow/.local/lib/python3.12/site-packages/airflow/example_dags/tutorial_taskflow_api.py
[2025-03-31T07:12:06.518+0000] {processor.py:925} INFO - DAG(s) 'tutorial_taskflow_api' retrieved from /home/airflow/.local/lib/python3.12/site-packages/airflow/example_dags/tutorial_taskflow_api.py
[2025-03-31T07:12:06.542+0000] {logging_mixin.py:190} INFO - [2025-03-31T07:12:06.541+0000] {dag.py:3239} INFO - Sync 1 DAGs
[2025-03-31T07:12:06.560+0000] {logging_mixin.py:190} INFO - [2025-03-31T07:12:06.560+0000] {dag.py:4180} INFO - Setting next_dagrun for tutorial_taskflow_api to None, run_after=None
[2025-03-31T07:12:06.581+0000] {processor.py:208} INFO - Processing /home/airflow/.local/lib/python3.12/site-packages/airflow/example_dags/tutorial_taskflow_api.py took 0.084 seconds
[2025-03-31T07:12:37.002+0000] {processor.py:186} INFO - Started process (PID=13293) to work on /home/airflow/.local/lib/python3.12/site-packages/airflow/example_dags/tutorial_taskflow_api.py
[2025-03-31T07:12:37.003+0000] {processor.py:914} INFO - Processing file /home/airflow/.local/lib/python3.12/site-packages/airflow/example_dags/tutorial_taskflow_api.py for tasks to queue
[2025-03-31T07:12:37.005+0000] {logging_mixin.py:190} INFO - [2025-03-31T07:12:37.005+0000] {dagbag.py:588} INFO - Filling up the DagBag from /home/airflow/.local/lib/python3.12/site-packages/airflow/example_dags/tutorial_taskflow_api.py
[2025-03-31T07:12:37.014+0000] {processor.py:925} INFO - DAG(s) 'tutorial_taskflow_api' retrieved from /home/airflow/.local/lib/python3.12/site-packages/airflow/example_dags/tutorial_taskflow_api.py
[2025-03-31T07:12:37.034+0000] {logging_mixin.py:190} INFO - [2025-03-31T07:12:37.034+0000] {dag.py:3239} INFO - Sync 1 DAGs
[2025-03-31T07:12:37.049+0000] {logging_mixin.py:190} INFO - [2025-03-31T07:12:37.049+0000] {dag.py:4180} INFO - Setting next_dagrun for tutorial_taskflow_api to None, run_after=None
[2025-03-31T07:12:37.067+0000] {processor.py:208} INFO - Processing /home/airflow/.local/lib/python3.12/site-packages/airflow/example_dags/tutorial_taskflow_api.py took 0.072 seconds
[2025-03-31T07:13:07.631+0000] {processor.py:186} INFO - Started process (PID=13579) to work on /home/airflow/.local/lib/python3.12/site-packages/airflow/example_dags/tutorial_taskflow_api.py
[2025-03-31T07:13:07.633+0000] {processor.py:914} INFO - Processing file /home/airflow/.local/lib/python3.12/site-packages/airflow/example_dags/tutorial_taskflow_api.py for tasks to queue
[2025-03-31T07:13:07.636+0000] {logging_mixin.py:190} INFO - [2025-03-31T07:13:07.635+0000] {dagbag.py:588} INFO - Filling up the DagBag from /home/airflow/.local/lib/python3.12/site-packages/airflow/example_dags/tutorial_taskflow_api.py
[2025-03-31T07:13:07.646+0000] {processor.py:925} INFO - DAG(s) 'tutorial_taskflow_api' retrieved from /home/airflow/.local/lib/python3.12/site-packages/airflow/example_dags/tutorial_taskflow_api.py
[2025-03-31T07:13:07.668+0000] {logging_mixin.py:190} INFO - [2025-03-31T07:13:07.668+0000] {dag.py:3239} INFO - Sync 1 DAGs
[2025-03-31T07:13:07.684+0000] {logging_mixin.py:190} INFO - [2025-03-31T07:13:07.684+0000] {dag.py:4180} INFO - Setting next_dagrun for tutorial_taskflow_api to None, run_after=None
[2025-03-31T07:13:07.703+0000] {processor.py:208} INFO - Processing /home/airflow/.local/lib/python3.12/site-packages/airflow/example_dags/tutorial_taskflow_api.py took 0.079 seconds
[2025-03-31T07:13:38.378+0000] {processor.py:186} INFO - Started process (PID=13870) to work on /home/airflow/.local/lib/python3.12/site-packages/airflow/example_dags/tutorial_taskflow_api.py
[2025-03-31T07:13:38.379+0000] {processor.py:914} INFO - Processing file /home/airflow/.local/lib/python3.12/site-packages/airflow/example_dags/tutorial_taskflow_api.py for tasks to queue
[2025-03-31T07:13:38.382+0000] {logging_mixin.py:190} INFO - [2025-03-31T07:13:38.382+0000] {dagbag.py:588} INFO - Filling up the DagBag from /home/airflow/.local/lib/python3.12/site-packages/airflow/example_dags/tutorial_taskflow_api.py
[2025-03-31T07:13:38.393+0000] {processor.py:925} INFO - DAG(s) 'tutorial_taskflow_api' retrieved from /home/airflow/.local/lib/python3.12/site-packages/airflow/example_dags/tutorial_taskflow_api.py
[2025-03-31T07:13:38.419+0000] {logging_mixin.py:190} INFO - [2025-03-31T07:13:38.419+0000] {dag.py:3239} INFO - Sync 1 DAGs
[2025-03-31T07:13:38.437+0000] {logging_mixin.py:190} INFO - [2025-03-31T07:13:38.436+0000] {dag.py:4180} INFO - Setting next_dagrun for tutorial_taskflow_api to None, run_after=None
[2025-03-31T07:13:38.457+0000] {processor.py:208} INFO - Processing /home/airflow/.local/lib/python3.12/site-packages/airflow/example_dags/tutorial_taskflow_api.py took 0.087 seconds
[2025-03-31T07:14:08.966+0000] {processor.py:186} INFO - Started process (PID=14158) to work on /home/airflow/.local/lib/python3.12/site-packages/airflow/example_dags/tutorial_taskflow_api.py
[2025-03-31T07:14:08.967+0000] {processor.py:914} INFO - Processing file /home/airflow/.local/lib/python3.12/site-packages/airflow/example_dags/tutorial_taskflow_api.py for tasks to queue
[2025-03-31T07:14:08.970+0000] {logging_mixin.py:190} INFO - [2025-03-31T07:14:08.969+0000] {dagbag.py:588} INFO - Filling up the DagBag from /home/airflow/.local/lib/python3.12/site-packages/airflow/example_dags/tutorial_taskflow_api.py
[2025-03-31T07:14:08.980+0000] {processor.py:925} INFO - DAG(s) 'tutorial_taskflow_api' retrieved from /home/airflow/.local/lib/python3.12/site-packages/airflow/example_dags/tutorial_taskflow_api.py
[2025-03-31T07:14:09.002+0000] {logging_mixin.py:190} INFO - [2025-03-31T07:14:09.002+0000] {dag.py:3239} INFO - Sync 1 DAGs
[2025-03-31T07:14:09.017+0000] {logging_mixin.py:190} INFO - [2025-03-31T07:14:09.017+0000] {dag.py:4180} INFO - Setting next_dagrun for tutorial_taskflow_api to None, run_after=None
[2025-03-31T07:14:09.035+0000] {processor.py:208} INFO - Processing /home/airflow/.local/lib/python3.12/site-packages/airflow/example_dags/tutorial_taskflow_api.py took 0.077 seconds
[2025-03-31T07:14:39.371+0000] {processor.py:186} INFO - Started process (PID=14449) to work on /home/airflow/.local/lib/python3.12/site-packages/airflow/example_dags/tutorial_taskflow_api.py
[2025-03-31T07:14:39.372+0000] {processor.py:914} INFO - Processing file /home/airflow/.local/lib/python3.12/site-packages/airflow/example_dags/tutorial_taskflow_api.py for tasks to queue
[2025-03-31T07:14:39.376+0000] {logging_mixin.py:190} INFO - [2025-03-31T07:14:39.375+0000] {dagbag.py:588} INFO - Filling up the DagBag from /home/airflow/.local/lib/python3.12/site-packages/airflow/example_dags/tutorial_taskflow_api.py
[2025-03-31T07:14:39.388+0000] {processor.py:925} INFO - DAG(s) 'tutorial_taskflow_api' retrieved from /home/airflow/.local/lib/python3.12/site-packages/airflow/example_dags/tutorial_taskflow_api.py
[2025-03-31T07:14:39.414+0000] {logging_mixin.py:190} INFO - [2025-03-31T07:14:39.414+0000] {dag.py:3239} INFO - Sync 1 DAGs
[2025-03-31T07:14:39.434+0000] {logging_mixin.py:190} INFO - [2025-03-31T07:14:39.433+0000] {dag.py:4180} INFO - Setting next_dagrun for tutorial_taskflow_api to None, run_after=None
[2025-03-31T07:14:39.454+0000] {processor.py:208} INFO - Processing /home/airflow/.local/lib/python3.12/site-packages/airflow/example_dags/tutorial_taskflow_api.py took 0.090 seconds
[2025-03-31T07:15:10.446+0000] {processor.py:186} INFO - Started process (PID=14740) to work on /home/airflow/.local/lib/python3.12/site-packages/airflow/example_dags/tutorial_taskflow_api.py
[2025-03-31T07:15:10.448+0000] {processor.py:914} INFO - Processing file /home/airflow/.local/lib/python3.12/site-packages/airflow/example_dags/tutorial_taskflow_api.py for tasks to queue
[2025-03-31T07:15:10.451+0000] {logging_mixin.py:190} INFO - [2025-03-31T07:15:10.450+0000] {dagbag.py:588} INFO - Filling up the DagBag from /home/airflow/.local/lib/python3.12/site-packages/airflow/example_dags/tutorial_taskflow_api.py
[2025-03-31T07:15:10.462+0000] {processor.py:925} INFO - DAG(s) 'tutorial_taskflow_api' retrieved from /home/airflow/.local/lib/python3.12/site-packages/airflow/example_dags/tutorial_taskflow_api.py
[2025-03-31T07:15:10.491+0000] {logging_mixin.py:190} INFO - [2025-03-31T07:15:10.491+0000] {dag.py:3239} INFO - Sync 1 DAGs
[2025-03-31T07:15:10.510+0000] {logging_mixin.py:190} INFO - [2025-03-31T07:15:10.510+0000] {dag.py:4180} INFO - Setting next_dagrun for tutorial_taskflow_api to None, run_after=None
[2025-03-31T07:15:10.536+0000] {processor.py:208} INFO - Processing /home/airflow/.local/lib/python3.12/site-packages/airflow/example_dags/tutorial_taskflow_api.py took 0.099 seconds
[2025-03-31T07:15:40.579+0000] {processor.py:186} INFO - Started process (PID=15031) to work on /home/airflow/.local/lib/python3.12/site-packages/airflow/example_dags/tutorial_taskflow_api.py
[2025-03-31T07:15:40.581+0000] {processor.py:914} INFO - Processing file /home/airflow/.local/lib/python3.12/site-packages/airflow/example_dags/tutorial_taskflow_api.py for tasks to queue
[2025-03-31T07:15:40.584+0000] {logging_mixin.py:190} INFO - [2025-03-31T07:15:40.583+0000] {dagbag.py:588} INFO - Filling up the DagBag from /home/airflow/.local/lib/python3.12/site-packages/airflow/example_dags/tutorial_taskflow_api.py
[2025-03-31T07:15:40.595+0000] {processor.py:925} INFO - DAG(s) 'tutorial_taskflow_api' retrieved from /home/airflow/.local/lib/python3.12/site-packages/airflow/example_dags/tutorial_taskflow_api.py
[2025-03-31T07:15:40.619+0000] {logging_mixin.py:190} INFO - [2025-03-31T07:15:40.618+0000] {dag.py:3239} INFO - Sync 1 DAGs
[2025-03-31T07:15:40.640+0000] {logging_mixin.py:190} INFO - [2025-03-31T07:15:40.640+0000] {dag.py:4180} INFO - Setting next_dagrun for tutorial_taskflow_api to None, run_after=None
[2025-03-31T07:15:40.662+0000] {processor.py:208} INFO - Processing /home/airflow/.local/lib/python3.12/site-packages/airflow/example_dags/tutorial_taskflow_api.py took 0.091 seconds
[2025-03-31T07:16:10.867+0000] {processor.py:186} INFO - Started process (PID=15322) to work on /home/airflow/.local/lib/python3.12/site-packages/airflow/example_dags/tutorial_taskflow_api.py
[2025-03-31T07:16:10.868+0000] {processor.py:914} INFO - Processing file /home/airflow/.local/lib/python3.12/site-packages/airflow/example_dags/tutorial_taskflow_api.py for tasks to queue
[2025-03-31T07:16:10.871+0000] {logging_mixin.py:190} INFO - [2025-03-31T07:16:10.871+0000] {dagbag.py:588} INFO - Filling up the DagBag from /home/airflow/.local/lib/python3.12/site-packages/airflow/example_dags/tutorial_taskflow_api.py
[2025-03-31T07:16:10.882+0000] {processor.py:925} INFO - DAG(s) 'tutorial_taskflow_api' retrieved from /home/airflow/.local/lib/python3.12/site-packages/airflow/example_dags/tutorial_taskflow_api.py
[2025-03-31T07:16:10.910+0000] {logging_mixin.py:190} INFO - [2025-03-31T07:16:10.910+0000] {dag.py:3239} INFO - Sync 1 DAGs
[2025-03-31T07:16:10.925+0000] {logging_mixin.py:190} INFO - [2025-03-31T07:16:10.925+0000] {dag.py:4180} INFO - Setting next_dagrun for tutorial_taskflow_api to None, run_after=None
[2025-03-31T07:16:10.948+0000] {processor.py:208} INFO - Processing /home/airflow/.local/lib/python3.12/site-packages/airflow/example_dags/tutorial_taskflow_api.py took 0.088 seconds
[2025-03-31T07:16:41.152+0000] {processor.py:186} INFO - Started process (PID=15613) to work on /home/airflow/.local/lib/python3.12/site-packages/airflow/example_dags/tutorial_taskflow_api.py
[2025-03-31T07:16:41.153+0000] {processor.py:914} INFO - Processing file /home/airflow/.local/lib/python3.12/site-packages/airflow/example_dags/tutorial_taskflow_api.py for tasks to queue
[2025-03-31T07:16:41.155+0000] {logging_mixin.py:190} INFO - [2025-03-31T07:16:41.155+0000] {dagbag.py:588} INFO - Filling up the DagBag from /home/airflow/.local/lib/python3.12/site-packages/airflow/example_dags/tutorial_taskflow_api.py
[2025-03-31T07:16:41.166+0000] {processor.py:925} INFO - DAG(s) 'tutorial_taskflow_api' retrieved from /home/airflow/.local/lib/python3.12/site-packages/airflow/example_dags/tutorial_taskflow_api.py
[2025-03-31T07:16:41.188+0000] {logging_mixin.py:190} INFO - [2025-03-31T07:16:41.188+0000] {dag.py:3239} INFO - Sync 1 DAGs
[2025-03-31T07:16:41.204+0000] {logging_mixin.py:190} INFO - [2025-03-31T07:16:41.203+0000] {dag.py:4180} INFO - Setting next_dagrun for tutorial_taskflow_api to None, run_after=None
[2025-03-31T07:16:41.228+0000] {processor.py:208} INFO - Processing /home/airflow/.local/lib/python3.12/site-packages/airflow/example_dags/tutorial_taskflow_api.py took 0.083 seconds
[2025-03-31T07:17:11.426+0000] {processor.py:186} INFO - Started process (PID=15904) to work on /home/airflow/.local/lib/python3.12/site-packages/airflow/example_dags/tutorial_taskflow_api.py
[2025-03-31T07:17:11.427+0000] {processor.py:914} INFO - Processing file /home/airflow/.local/lib/python3.12/site-packages/airflow/example_dags/tutorial_taskflow_api.py for tasks to queue
[2025-03-31T07:17:11.430+0000] {logging_mixin.py:190} INFO - [2025-03-31T07:17:11.430+0000] {dagbag.py:588} INFO - Filling up the DagBag from /home/airflow/.local/lib/python3.12/site-packages/airflow/example_dags/tutorial_taskflow_api.py
[2025-03-31T07:17:11.442+0000] {processor.py:925} INFO - DAG(s) 'tutorial_taskflow_api' retrieved from /home/airflow/.local/lib/python3.12/site-packages/airflow/example_dags/tutorial_taskflow_api.py
[2025-03-31T07:17:11.468+0000] {logging_mixin.py:190} INFO - [2025-03-31T07:17:11.468+0000] {dag.py:3239} INFO - Sync 1 DAGs
[2025-03-31T07:17:11.484+0000] {logging_mixin.py:190} INFO - [2025-03-31T07:17:11.484+0000] {dag.py:4180} INFO - Setting next_dagrun for tutorial_taskflow_api to None, run_after=None
[2025-03-31T07:17:11.510+0000] {processor.py:208} INFO - Processing /home/airflow/.local/lib/python3.12/site-packages/airflow/example_dags/tutorial_taskflow_api.py took 0.096 seconds
[2025-03-31T07:17:41.665+0000] {processor.py:186} INFO - Started process (PID=16195) to work on /home/airflow/.local/lib/python3.12/site-packages/airflow/example_dags/tutorial_taskflow_api.py
[2025-03-31T07:17:41.666+0000] {processor.py:914} INFO - Processing file /home/airflow/.local/lib/python3.12/site-packages/airflow/example_dags/tutorial_taskflow_api.py for tasks to queue
[2025-03-31T07:17:41.670+0000] {logging_mixin.py:190} INFO - [2025-03-31T07:17:41.670+0000] {dagbag.py:588} INFO - Filling up the DagBag from /home/airflow/.local/lib/python3.12/site-packages/airflow/example_dags/tutorial_taskflow_api.py
[2025-03-31T07:17:41.683+0000] {processor.py:925} INFO - DAG(s) 'tutorial_taskflow_api' retrieved from /home/airflow/.local/lib/python3.12/site-packages/airflow/example_dags/tutorial_taskflow_api.py
[2025-03-31T07:17:41.711+0000] {logging_mixin.py:190} INFO - [2025-03-31T07:17:41.711+0000] {dag.py:3239} INFO - Sync 1 DAGs
[2025-03-31T07:17:41.729+0000] {logging_mixin.py:190} INFO - [2025-03-31T07:17:41.729+0000] {dag.py:4180} INFO - Setting next_dagrun for tutorial_taskflow_api to None, run_after=None
[2025-03-31T07:17:41.752+0000] {processor.py:208} INFO - Processing /home/airflow/.local/lib/python3.12/site-packages/airflow/example_dags/tutorial_taskflow_api.py took 0.097 seconds
[2025-03-31T07:18:12.465+0000] {processor.py:186} INFO - Started process (PID=16486) to work on /home/airflow/.local/lib/python3.12/site-packages/airflow/example_dags/tutorial_taskflow_api.py
[2025-03-31T07:18:12.466+0000] {processor.py:914} INFO - Processing file /home/airflow/.local/lib/python3.12/site-packages/airflow/example_dags/tutorial_taskflow_api.py for tasks to queue
[2025-03-31T07:18:12.469+0000] {logging_mixin.py:190} INFO - [2025-03-31T07:18:12.468+0000] {dagbag.py:588} INFO - Filling up the DagBag from /home/airflow/.local/lib/python3.12/site-packages/airflow/example_dags/tutorial_taskflow_api.py
[2025-03-31T07:18:12.481+0000] {processor.py:925} INFO - DAG(s) 'tutorial_taskflow_api' retrieved from /home/airflow/.local/lib/python3.12/site-packages/airflow/example_dags/tutorial_taskflow_api.py
[2025-03-31T07:18:12.510+0000] {logging_mixin.py:190} INFO - [2025-03-31T07:18:12.510+0000] {dag.py:3239} INFO - Sync 1 DAGs
[2025-03-31T07:18:12.530+0000] {logging_mixin.py:190} INFO - [2025-03-31T07:18:12.530+0000] {dag.py:4180} INFO - Setting next_dagrun for tutorial_taskflow_api to None, run_after=None
[2025-03-31T07:18:12.553+0000] {processor.py:208} INFO - Processing /home/airflow/.local/lib/python3.12/site-packages/airflow/example_dags/tutorial_taskflow_api.py took 0.096 seconds
[2025-03-31T07:18:43.000+0000] {processor.py:186} INFO - Started process (PID=16777) to work on /home/airflow/.local/lib/python3.12/site-packages/airflow/example_dags/tutorial_taskflow_api.py
[2025-03-31T07:18:43.002+0000] {processor.py:914} INFO - Processing file /home/airflow/.local/lib/python3.12/site-packages/airflow/example_dags/tutorial_taskflow_api.py for tasks to queue
[2025-03-31T07:18:43.007+0000] {logging_mixin.py:190} INFO - [2025-03-31T07:18:43.006+0000] {dagbag.py:588} INFO - Filling up the DagBag from /home/airflow/.local/lib/python3.12/site-packages/airflow/example_dags/tutorial_taskflow_api.py
[2025-03-31T07:18:43.018+0000] {processor.py:925} INFO - DAG(s) 'tutorial_taskflow_api' retrieved from /home/airflow/.local/lib/python3.12/site-packages/airflow/example_dags/tutorial_taskflow_api.py
[2025-03-31T07:18:43.043+0000] {logging_mixin.py:190} INFO - [2025-03-31T07:18:43.043+0000] {dag.py:3239} INFO - Sync 1 DAGs
[2025-03-31T07:18:43.059+0000] {logging_mixin.py:190} INFO - [2025-03-31T07:18:43.059+0000] {dag.py:4180} INFO - Setting next_dagrun for tutorial_taskflow_api to None, run_after=None
[2025-03-31T07:18:43.078+0000] {processor.py:208} INFO - Processing /home/airflow/.local/lib/python3.12/site-packages/airflow/example_dags/tutorial_taskflow_api.py took 0.085 seconds
[2025-03-31T07:19:14.099+0000] {processor.py:186} INFO - Started process (PID=17074) to work on /home/airflow/.local/lib/python3.12/site-packages/airflow/example_dags/tutorial_taskflow_api.py
[2025-03-31T07:19:14.101+0000] {processor.py:914} INFO - Processing file /home/airflow/.local/lib/python3.12/site-packages/airflow/example_dags/tutorial_taskflow_api.py for tasks to queue
[2025-03-31T07:19:14.104+0000] {logging_mixin.py:190} INFO - [2025-03-31T07:19:14.103+0000] {dagbag.py:588} INFO - Filling up the DagBag from /home/airflow/.local/lib/python3.12/site-packages/airflow/example_dags/tutorial_taskflow_api.py
[2025-03-31T07:19:14.115+0000] {processor.py:925} INFO - DAG(s) 'tutorial_taskflow_api' retrieved from /home/airflow/.local/lib/python3.12/site-packages/airflow/example_dags/tutorial_taskflow_api.py
[2025-03-31T07:19:14.152+0000] {logging_mixin.py:190} INFO - [2025-03-31T07:19:14.151+0000] {dag.py:3239} INFO - Sync 1 DAGs
[2025-03-31T07:19:14.175+0000] {logging_mixin.py:190} INFO - [2025-03-31T07:19:14.175+0000] {dag.py:4180} INFO - Setting next_dagrun for tutorial_taskflow_api to None, run_after=None
[2025-03-31T07:19:14.203+0000] {processor.py:208} INFO - Processing /home/airflow/.local/lib/python3.12/site-packages/airflow/example_dags/tutorial_taskflow_api.py took 0.115 seconds
[2025-03-31T07:19:44.938+0000] {processor.py:186} INFO - Started process (PID=17365) to work on /home/airflow/.local/lib/python3.12/site-packages/airflow/example_dags/tutorial_taskflow_api.py
[2025-03-31T07:19:44.940+0000] {processor.py:914} INFO - Processing file /home/airflow/.local/lib/python3.12/site-packages/airflow/example_dags/tutorial_taskflow_api.py for tasks to queue
[2025-03-31T07:19:44.945+0000] {logging_mixin.py:190} INFO - [2025-03-31T07:19:44.944+0000] {dagbag.py:588} INFO - Filling up the DagBag from /home/airflow/.local/lib/python3.12/site-packages/airflow/example_dags/tutorial_taskflow_api.py
[2025-03-31T07:19:44.956+0000] {processor.py:925} INFO - DAG(s) 'tutorial_taskflow_api' retrieved from /home/airflow/.local/lib/python3.12/site-packages/airflow/example_dags/tutorial_taskflow_api.py
[2025-03-31T07:19:44.989+0000] {logging_mixin.py:190} INFO - [2025-03-31T07:19:44.989+0000] {dag.py:3239} INFO - Sync 1 DAGs
[2025-03-31T07:19:45.009+0000] {logging_mixin.py:190} INFO - [2025-03-31T07:19:45.009+0000] {dag.py:4180} INFO - Setting next_dagrun for tutorial_taskflow_api to None, run_after=None
[2025-03-31T07:19:45.037+0000] {processor.py:208} INFO - Processing /home/airflow/.local/lib/python3.12/site-packages/airflow/example_dags/tutorial_taskflow_api.py took 0.108 seconds
[2025-03-31T07:20:15.569+0000] {processor.py:186} INFO - Started process (PID=17655) to work on /home/airflow/.local/lib/python3.12/site-packages/airflow/example_dags/tutorial_taskflow_api.py
[2025-03-31T07:20:15.570+0000] {processor.py:914} INFO - Processing file /home/airflow/.local/lib/python3.12/site-packages/airflow/example_dags/tutorial_taskflow_api.py for tasks to queue
[2025-03-31T07:20:15.574+0000] {logging_mixin.py:190} INFO - [2025-03-31T07:20:15.573+0000] {dagbag.py:588} INFO - Filling up the DagBag from /home/airflow/.local/lib/python3.12/site-packages/airflow/example_dags/tutorial_taskflow_api.py
[2025-03-31T07:20:15.587+0000] {processor.py:925} INFO - DAG(s) 'tutorial_taskflow_api' retrieved from /home/airflow/.local/lib/python3.12/site-packages/airflow/example_dags/tutorial_taskflow_api.py
[2025-03-31T07:20:15.620+0000] {logging_mixin.py:190} INFO - [2025-03-31T07:20:15.619+0000] {dag.py:3239} INFO - Sync 1 DAGs
[2025-03-31T07:20:15.641+0000] {logging_mixin.py:190} INFO - [2025-03-31T07:20:15.641+0000] {dag.py:4180} INFO - Setting next_dagrun for tutorial_taskflow_api to None, run_after=None
[2025-03-31T07:20:15.669+0000] {processor.py:208} INFO - Processing /home/airflow/.local/lib/python3.12/site-packages/airflow/example_dags/tutorial_taskflow_api.py took 0.108 seconds
[2025-03-31T07:20:45.847+0000] {processor.py:186} INFO - Started process (PID=17946) to work on /home/airflow/.local/lib/python3.12/site-packages/airflow/example_dags/tutorial_taskflow_api.py
[2025-03-31T07:20:45.849+0000] {processor.py:914} INFO - Processing file /home/airflow/.local/lib/python3.12/site-packages/airflow/example_dags/tutorial_taskflow_api.py for tasks to queue
[2025-03-31T07:20:45.852+0000] {logging_mixin.py:190} INFO - [2025-03-31T07:20:45.851+0000] {dagbag.py:588} INFO - Filling up the DagBag from /home/airflow/.local/lib/python3.12/site-packages/airflow/example_dags/tutorial_taskflow_api.py
[2025-03-31T07:20:45.864+0000] {processor.py:925} INFO - DAG(s) 'tutorial_taskflow_api' retrieved from /home/airflow/.local/lib/python3.12/site-packages/airflow/example_dags/tutorial_taskflow_api.py
[2025-03-31T07:20:45.896+0000] {logging_mixin.py:190} INFO - [2025-03-31T07:20:45.895+0000] {dag.py:3239} INFO - Sync 1 DAGs
[2025-03-31T07:20:45.916+0000] {logging_mixin.py:190} INFO - [2025-03-31T07:20:45.916+0000] {dag.py:4180} INFO - Setting next_dagrun for tutorial_taskflow_api to None, run_after=None
[2025-03-31T07:20:45.942+0000] {processor.py:208} INFO - Processing /home/airflow/.local/lib/python3.12/site-packages/airflow/example_dags/tutorial_taskflow_api.py took 0.105 seconds
[2025-03-31T07:21:16.174+0000] {processor.py:186} INFO - Started process (PID=18237) to work on /home/airflow/.local/lib/python3.12/site-packages/airflow/example_dags/tutorial_taskflow_api.py
[2025-03-31T07:21:16.175+0000] {processor.py:914} INFO - Processing file /home/airflow/.local/lib/python3.12/site-packages/airflow/example_dags/tutorial_taskflow_api.py for tasks to queue
[2025-03-31T07:21:16.181+0000] {logging_mixin.py:190} INFO - [2025-03-31T07:21:16.180+0000] {dagbag.py:588} INFO - Filling up the DagBag from /home/airflow/.local/lib/python3.12/site-packages/airflow/example_dags/tutorial_taskflow_api.py
[2025-03-31T07:21:16.193+0000] {processor.py:925} INFO - DAG(s) 'tutorial_taskflow_api' retrieved from /home/airflow/.local/lib/python3.12/site-packages/airflow/example_dags/tutorial_taskflow_api.py
[2025-03-31T07:21:16.224+0000] {logging_mixin.py:190} INFO - [2025-03-31T07:21:16.223+0000] {dag.py:3239} INFO - Sync 1 DAGs
[2025-03-31T07:21:16.246+0000] {logging_mixin.py:190} INFO - [2025-03-31T07:21:16.245+0000] {dag.py:4180} INFO - Setting next_dagrun for tutorial_taskflow_api to None, run_after=None
[2025-03-31T07:21:16.273+0000] {processor.py:208} INFO - Processing /home/airflow/.local/lib/python3.12/site-packages/airflow/example_dags/tutorial_taskflow_api.py took 0.107 seconds
[2025-03-31T07:21:46.517+0000] {processor.py:186} INFO - Started process (PID=18528) to work on /home/airflow/.local/lib/python3.12/site-packages/airflow/example_dags/tutorial_taskflow_api.py
[2025-03-31T07:21:46.518+0000] {processor.py:914} INFO - Processing file /home/airflow/.local/lib/python3.12/site-packages/airflow/example_dags/tutorial_taskflow_api.py for tasks to queue
[2025-03-31T07:21:46.521+0000] {logging_mixin.py:190} INFO - [2025-03-31T07:21:46.521+0000] {dagbag.py:588} INFO - Filling up the DagBag from /home/airflow/.local/lib/python3.12/site-packages/airflow/example_dags/tutorial_taskflow_api.py
[2025-03-31T07:21:46.535+0000] {processor.py:925} INFO - DAG(s) 'tutorial_taskflow_api' retrieved from /home/airflow/.local/lib/python3.12/site-packages/airflow/example_dags/tutorial_taskflow_api.py
[2025-03-31T07:21:46.567+0000] {logging_mixin.py:190} INFO - [2025-03-31T07:21:46.566+0000] {dag.py:3239} INFO - Sync 1 DAGs
[2025-03-31T07:21:46.591+0000] {logging_mixin.py:190} INFO - [2025-03-31T07:21:46.591+0000] {dag.py:4180} INFO - Setting next_dagrun for tutorial_taskflow_api to None, run_after=None
[2025-03-31T07:21:46.620+0000] {processor.py:208} INFO - Processing /home/airflow/.local/lib/python3.12/site-packages/airflow/example_dags/tutorial_taskflow_api.py took 0.113 seconds
[2025-03-31T07:22:17.601+0000] {processor.py:186} INFO - Started process (PID=18819) to work on /home/airflow/.local/lib/python3.12/site-packages/airflow/example_dags/tutorial_taskflow_api.py
[2025-03-31T07:22:17.602+0000] {processor.py:914} INFO - Processing file /home/airflow/.local/lib/python3.12/site-packages/airflow/example_dags/tutorial_taskflow_api.py for tasks to queue
[2025-03-31T07:22:17.606+0000] {logging_mixin.py:190} INFO - [2025-03-31T07:22:17.605+0000] {dagbag.py:588} INFO - Filling up the DagBag from /home/airflow/.local/lib/python3.12/site-packages/airflow/example_dags/tutorial_taskflow_api.py
[2025-03-31T07:22:17.623+0000] {processor.py:925} INFO - DAG(s) 'tutorial_taskflow_api' retrieved from /home/airflow/.local/lib/python3.12/site-packages/airflow/example_dags/tutorial_taskflow_api.py
[2025-03-31T07:22:17.659+0000] {logging_mixin.py:190} INFO - [2025-03-31T07:22:17.658+0000] {dag.py:3239} INFO - Sync 1 DAGs
[2025-03-31T07:22:17.683+0000] {logging_mixin.py:190} INFO - [2025-03-31T07:22:17.683+0000] {dag.py:4180} INFO - Setting next_dagrun for tutorial_taskflow_api to None, run_after=None
[2025-03-31T07:22:17.719+0000] {processor.py:208} INFO - Processing /home/airflow/.local/lib/python3.12/site-packages/airflow/example_dags/tutorial_taskflow_api.py took 0.129 seconds
[2025-03-31T07:22:47.876+0000] {processor.py:186} INFO - Started process (PID=19109) to work on /home/airflow/.local/lib/python3.12/site-packages/airflow/example_dags/tutorial_taskflow_api.py
[2025-03-31T07:22:47.877+0000] {processor.py:914} INFO - Processing file /home/airflow/.local/lib/python3.12/site-packages/airflow/example_dags/tutorial_taskflow_api.py for tasks to queue
[2025-03-31T07:22:47.883+0000] {logging_mixin.py:190} INFO - [2025-03-31T07:22:47.882+0000] {dagbag.py:588} INFO - Filling up the DagBag from /home/airflow/.local/lib/python3.12/site-packages/airflow/example_dags/tutorial_taskflow_api.py
[2025-03-31T07:22:47.894+0000] {processor.py:925} INFO - DAG(s) 'tutorial_taskflow_api' retrieved from /home/airflow/.local/lib/python3.12/site-packages/airflow/example_dags/tutorial_taskflow_api.py
[2025-03-31T07:22:47.928+0000] {logging_mixin.py:190} INFO - [2025-03-31T07:22:47.927+0000] {dag.py:3239} INFO - Sync 1 DAGs
[2025-03-31T07:22:47.952+0000] {logging_mixin.py:190} INFO - [2025-03-31T07:22:47.952+0000] {dag.py:4180} INFO - Setting next_dagrun for tutorial_taskflow_api to None, run_after=None
[2025-03-31T07:22:47.984+0000] {processor.py:208} INFO - Processing /home/airflow/.local/lib/python3.12/site-packages/airflow/example_dags/tutorial_taskflow_api.py took 0.116 seconds
[2025-03-31T07:23:18.634+0000] {processor.py:186} INFO - Started process (PID=19400) to work on /home/airflow/.local/lib/python3.12/site-packages/airflow/example_dags/tutorial_taskflow_api.py
[2025-03-31T07:23:18.635+0000] {processor.py:914} INFO - Processing file /home/airflow/.local/lib/python3.12/site-packages/airflow/example_dags/tutorial_taskflow_api.py for tasks to queue
[2025-03-31T07:23:18.640+0000] {logging_mixin.py:190} INFO - [2025-03-31T07:23:18.639+0000] {dagbag.py:588} INFO - Filling up the DagBag from /home/airflow/.local/lib/python3.12/site-packages/airflow/example_dags/tutorial_taskflow_api.py
[2025-03-31T07:23:18.651+0000] {processor.py:925} INFO - DAG(s) 'tutorial_taskflow_api' retrieved from /home/airflow/.local/lib/python3.12/site-packages/airflow/example_dags/tutorial_taskflow_api.py
[2025-03-31T07:23:18.679+0000] {logging_mixin.py:190} INFO - [2025-03-31T07:23:18.679+0000] {dag.py:3239} INFO - Sync 1 DAGs
[2025-03-31T07:23:18.697+0000] {logging_mixin.py:190} INFO - [2025-03-31T07:23:18.697+0000] {dag.py:4180} INFO - Setting next_dagrun for tutorial_taskflow_api to None, run_after=None
[2025-03-31T07:23:18.717+0000] {processor.py:208} INFO - Processing /home/airflow/.local/lib/python3.12/site-packages/airflow/example_dags/tutorial_taskflow_api.py took 0.092 seconds
[2025-03-31T07:23:49.194+0000] {processor.py:186} INFO - Started process (PID=19691) to work on /home/airflow/.local/lib/python3.12/site-packages/airflow/example_dags/tutorial_taskflow_api.py
[2025-03-31T07:23:49.195+0000] {processor.py:914} INFO - Processing file /home/airflow/.local/lib/python3.12/site-packages/airflow/example_dags/tutorial_taskflow_api.py for tasks to queue
[2025-03-31T07:23:49.199+0000] {logging_mixin.py:190} INFO - [2025-03-31T07:23:49.199+0000] {dagbag.py:588} INFO - Filling up the DagBag from /home/airflow/.local/lib/python3.12/site-packages/airflow/example_dags/tutorial_taskflow_api.py
[2025-03-31T07:23:49.208+0000] {processor.py:925} INFO - DAG(s) 'tutorial_taskflow_api' retrieved from /home/airflow/.local/lib/python3.12/site-packages/airflow/example_dags/tutorial_taskflow_api.py
[2025-03-31T07:23:49.229+0000] {logging_mixin.py:190} INFO - [2025-03-31T07:23:49.229+0000] {dag.py:3239} INFO - Sync 1 DAGs
[2025-03-31T07:23:49.245+0000] {logging_mixin.py:190} INFO - [2025-03-31T07:23:49.245+0000] {dag.py:4180} INFO - Setting next_dagrun for tutorial_taskflow_api to None, run_after=None
[2025-03-31T07:23:49.267+0000] {processor.py:208} INFO - Processing /home/airflow/.local/lib/python3.12/site-packages/airflow/example_dags/tutorial_taskflow_api.py took 0.086 seconds
[2025-03-31T07:24:19.454+0000] {processor.py:186} INFO - Started process (PID=19982) to work on /home/airflow/.local/lib/python3.12/site-packages/airflow/example_dags/tutorial_taskflow_api.py
[2025-03-31T07:24:19.455+0000] {processor.py:914} INFO - Processing file /home/airflow/.local/lib/python3.12/site-packages/airflow/example_dags/tutorial_taskflow_api.py for tasks to queue
[2025-03-31T07:24:19.458+0000] {logging_mixin.py:190} INFO - [2025-03-31T07:24:19.458+0000] {dagbag.py:588} INFO - Filling up the DagBag from /home/airflow/.local/lib/python3.12/site-packages/airflow/example_dags/tutorial_taskflow_api.py
[2025-03-31T07:24:19.467+0000] {processor.py:925} INFO - DAG(s) 'tutorial_taskflow_api' retrieved from /home/airflow/.local/lib/python3.12/site-packages/airflow/example_dags/tutorial_taskflow_api.py
[2025-03-31T07:24:19.492+0000] {logging_mixin.py:190} INFO - [2025-03-31T07:24:19.492+0000] {dag.py:3239} INFO - Sync 1 DAGs
[2025-03-31T07:24:19.508+0000] {logging_mixin.py:190} INFO - [2025-03-31T07:24:19.508+0000] {dag.py:4180} INFO - Setting next_dagrun for tutorial_taskflow_api to None, run_after=None
[2025-03-31T07:24:19.529+0000] {processor.py:208} INFO - Processing /home/airflow/.local/lib/python3.12/site-packages/airflow/example_dags/tutorial_taskflow_api.py took 0.083 seconds
[2025-03-31T07:24:49.898+0000] {processor.py:186} INFO - Started process (PID=20273) to work on /home/airflow/.local/lib/python3.12/site-packages/airflow/example_dags/tutorial_taskflow_api.py
[2025-03-31T07:24:49.900+0000] {processor.py:914} INFO - Processing file /home/airflow/.local/lib/python3.12/site-packages/airflow/example_dags/tutorial_taskflow_api.py for tasks to queue
[2025-03-31T07:24:49.902+0000] {logging_mixin.py:190} INFO - [2025-03-31T07:24:49.902+0000] {dagbag.py:588} INFO - Filling up the DagBag from /home/airflow/.local/lib/python3.12/site-packages/airflow/example_dags/tutorial_taskflow_api.py
[2025-03-31T07:24:49.913+0000] {processor.py:925} INFO - DAG(s) 'tutorial_taskflow_api' retrieved from /home/airflow/.local/lib/python3.12/site-packages/airflow/example_dags/tutorial_taskflow_api.py
[2025-03-31T07:24:49.940+0000] {logging_mixin.py:190} INFO - [2025-03-31T07:24:49.940+0000] {dag.py:3239} INFO - Sync 1 DAGs
[2025-03-31T07:24:49.956+0000] {logging_mixin.py:190} INFO - [2025-03-31T07:24:49.955+0000] {dag.py:4180} INFO - Setting next_dagrun for tutorial_taskflow_api to None, run_after=None
[2025-03-31T07:24:49.973+0000] {processor.py:208} INFO - Processing /home/airflow/.local/lib/python3.12/site-packages/airflow/example_dags/tutorial_taskflow_api.py took 0.083 seconds
[2025-03-31T07:25:20.679+0000] {processor.py:186} INFO - Started process (PID=20564) to work on /home/airflow/.local/lib/python3.12/site-packages/airflow/example_dags/tutorial_taskflow_api.py
[2025-03-31T07:25:20.680+0000] {processor.py:914} INFO - Processing file /home/airflow/.local/lib/python3.12/site-packages/airflow/example_dags/tutorial_taskflow_api.py for tasks to queue
[2025-03-31T07:25:20.683+0000] {logging_mixin.py:190} INFO - [2025-03-31T07:25:20.682+0000] {dagbag.py:588} INFO - Filling up the DagBag from /home/airflow/.local/lib/python3.12/site-packages/airflow/example_dags/tutorial_taskflow_api.py
[2025-03-31T07:25:20.693+0000] {processor.py:925} INFO - DAG(s) 'tutorial_taskflow_api' retrieved from /home/airflow/.local/lib/python3.12/site-packages/airflow/example_dags/tutorial_taskflow_api.py
[2025-03-31T07:25:20.727+0000] {logging_mixin.py:190} INFO - [2025-03-31T07:25:20.727+0000] {dag.py:3239} INFO - Sync 1 DAGs
[2025-03-31T07:25:20.742+0000] {logging_mixin.py:190} INFO - [2025-03-31T07:25:20.742+0000] {dag.py:4180} INFO - Setting next_dagrun for tutorial_taskflow_api to None, run_after=None
[2025-03-31T07:25:20.763+0000] {processor.py:208} INFO - Processing /home/airflow/.local/lib/python3.12/site-packages/airflow/example_dags/tutorial_taskflow_api.py took 0.091 seconds
