[2025-03-31T23:09:26.134+0000] {processor.py:186} INFO - Started process (PID=15585) to work on /opt/airflow/dags/create_dag_with_python_operator.py
[2025-03-31T23:09:26.135+0000] {processor.py:914} INFO - Processing file /opt/airflow/dags/create_dag_with_python_operator.py for tasks to queue
[2025-03-31T23:09:26.136+0000] {logging_mixin.py:190} INFO - [2025-03-31T23:09:26.136+0000] {dagbag.py:588} INFO - Filling up the DagBag from /opt/airflow/dags/create_dag_with_python_operator.py
[2025-03-31T23:09:26.143+0000] {processor.py:927} WARNING - No viable dags retrieved from /opt/airflow/dags/create_dag_with_python_operator.py
[2025-03-31T23:09:26.158+0000] {processor.py:208} INFO - Processing /opt/airflow/dags/create_dag_with_python_operator.py took 0.032 seconds
[2025-03-31T23:09:56.405+0000] {processor.py:186} INFO - Started process (PID=15601) to work on /opt/airflow/dags/create_dag_with_python_operator.py
[2025-03-31T23:09:56.406+0000] {processor.py:914} INFO - Processing file /opt/airflow/dags/create_dag_with_python_operator.py for tasks to queue
[2025-03-31T23:09:56.408+0000] {logging_mixin.py:190} INFO - [2025-03-31T23:09:56.408+0000] {dagbag.py:588} INFO - Filling up the DagBag from /opt/airflow/dags/create_dag_with_python_operator.py
[2025-03-31T23:09:56.414+0000] {processor.py:927} WARNING - No viable dags retrieved from /opt/airflow/dags/create_dag_with_python_operator.py
[2025-03-31T23:09:56.433+0000] {processor.py:208} INFO - Processing /opt/airflow/dags/create_dag_with_python_operator.py took 0.037 seconds
[2025-03-31T23:10:26.738+0000] {processor.py:186} INFO - Started process (PID=15617) to work on /opt/airflow/dags/create_dag_with_python_operator.py
[2025-03-31T23:10:26.740+0000] {processor.py:914} INFO - Processing file /opt/airflow/dags/create_dag_with_python_operator.py for tasks to queue
[2025-03-31T23:10:26.742+0000] {logging_mixin.py:190} INFO - [2025-03-31T23:10:26.741+0000] {dagbag.py:588} INFO - Filling up the DagBag from /opt/airflow/dags/create_dag_with_python_operator.py
[2025-03-31T23:10:26.747+0000] {processor.py:927} WARNING - No viable dags retrieved from /opt/airflow/dags/create_dag_with_python_operator.py
[2025-03-31T23:10:26.768+0000] {processor.py:208} INFO - Processing /opt/airflow/dags/create_dag_with_python_operator.py took 0.039 seconds
[2025-03-31T23:10:57.023+0000] {processor.py:186} INFO - Started process (PID=15633) to work on /opt/airflow/dags/create_dag_with_python_operator.py
[2025-03-31T23:10:57.024+0000] {processor.py:914} INFO - Processing file /opt/airflow/dags/create_dag_with_python_operator.py for tasks to queue
[2025-03-31T23:10:57.025+0000] {logging_mixin.py:190} INFO - [2025-03-31T23:10:57.025+0000] {dagbag.py:588} INFO - Filling up the DagBag from /opt/airflow/dags/create_dag_with_python_operator.py
[2025-03-31T23:10:57.029+0000] {processor.py:927} WARNING - No viable dags retrieved from /opt/airflow/dags/create_dag_with_python_operator.py
[2025-03-31T23:10:57.046+0000] {processor.py:208} INFO - Processing /opt/airflow/dags/create_dag_with_python_operator.py took 0.030 seconds
[2025-03-31T23:11:27.299+0000] {processor.py:186} INFO - Started process (PID=15649) to work on /opt/airflow/dags/create_dag_with_python_operator.py
[2025-03-31T23:11:27.301+0000] {processor.py:914} INFO - Processing file /opt/airflow/dags/create_dag_with_python_operator.py for tasks to queue
[2025-03-31T23:11:27.303+0000] {logging_mixin.py:190} INFO - [2025-03-31T23:11:27.302+0000] {dagbag.py:588} INFO - Filling up the DagBag from /opt/airflow/dags/create_dag_with_python_operator.py
[2025-03-31T23:11:27.308+0000] {processor.py:927} WARNING - No viable dags retrieved from /opt/airflow/dags/create_dag_with_python_operator.py
[2025-03-31T23:11:27.327+0000] {processor.py:208} INFO - Processing /opt/airflow/dags/create_dag_with_python_operator.py took 0.037 seconds
[2025-03-31T23:11:57.597+0000] {processor.py:186} INFO - Started process (PID=15665) to work on /opt/airflow/dags/create_dag_with_python_operator.py
[2025-03-31T23:11:57.598+0000] {processor.py:914} INFO - Processing file /opt/airflow/dags/create_dag_with_python_operator.py for tasks to queue
[2025-03-31T23:11:57.600+0000] {logging_mixin.py:190} INFO - [2025-03-31T23:11:57.600+0000] {dagbag.py:588} INFO - Filling up the DagBag from /opt/airflow/dags/create_dag_with_python_operator.py
[2025-03-31T23:11:57.605+0000] {processor.py:927} WARNING - No viable dags retrieved from /opt/airflow/dags/create_dag_with_python_operator.py
[2025-03-31T23:11:57.622+0000] {processor.py:208} INFO - Processing /opt/airflow/dags/create_dag_with_python_operator.py took 0.033 seconds
[2025-03-31T23:12:27.900+0000] {processor.py:186} INFO - Started process (PID=15681) to work on /opt/airflow/dags/create_dag_with_python_operator.py
[2025-03-31T23:12:27.902+0000] {processor.py:914} INFO - Processing file /opt/airflow/dags/create_dag_with_python_operator.py for tasks to queue
[2025-03-31T23:12:27.904+0000] {logging_mixin.py:190} INFO - [2025-03-31T23:12:27.903+0000] {dagbag.py:588} INFO - Filling up the DagBag from /opt/airflow/dags/create_dag_with_python_operator.py
[2025-03-31T23:12:27.909+0000] {processor.py:927} WARNING - No viable dags retrieved from /opt/airflow/dags/create_dag_with_python_operator.py
[2025-03-31T23:12:27.925+0000] {processor.py:208} INFO - Processing /opt/airflow/dags/create_dag_with_python_operator.py took 0.034 seconds
[2025-03-31T23:12:58.167+0000] {processor.py:186} INFO - Started process (PID=15697) to work on /opt/airflow/dags/create_dag_with_python_operator.py
[2025-03-31T23:12:58.168+0000] {processor.py:914} INFO - Processing file /opt/airflow/dags/create_dag_with_python_operator.py for tasks to queue
[2025-03-31T23:12:58.170+0000] {logging_mixin.py:190} INFO - [2025-03-31T23:12:58.169+0000] {dagbag.py:588} INFO - Filling up the DagBag from /opt/airflow/dags/create_dag_with_python_operator.py
[2025-03-31T23:12:58.174+0000] {processor.py:927} WARNING - No viable dags retrieved from /opt/airflow/dags/create_dag_with_python_operator.py
[2025-03-31T23:12:58.190+0000] {processor.py:208} INFO - Processing /opt/airflow/dags/create_dag_with_python_operator.py took 0.030 seconds
[2025-03-31T23:13:28.439+0000] {processor.py:186} INFO - Started process (PID=15713) to work on /opt/airflow/dags/create_dag_with_python_operator.py
[2025-03-31T23:13:28.440+0000] {processor.py:914} INFO - Processing file /opt/airflow/dags/create_dag_with_python_operator.py for tasks to queue
[2025-03-31T23:13:28.442+0000] {logging_mixin.py:190} INFO - [2025-03-31T23:13:28.441+0000] {dagbag.py:588} INFO - Filling up the DagBag from /opt/airflow/dags/create_dag_with_python_operator.py
[2025-03-31T23:13:28.446+0000] {processor.py:927} WARNING - No viable dags retrieved from /opt/airflow/dags/create_dag_with_python_operator.py
[2025-03-31T23:13:28.461+0000] {processor.py:208} INFO - Processing /opt/airflow/dags/create_dag_with_python_operator.py took 0.029 seconds
[2025-03-31T23:13:58.725+0000] {processor.py:186} INFO - Started process (PID=15729) to work on /opt/airflow/dags/create_dag_with_python_operator.py
[2025-03-31T23:13:58.726+0000] {processor.py:914} INFO - Processing file /opt/airflow/dags/create_dag_with_python_operator.py for tasks to queue
[2025-03-31T23:13:58.728+0000] {logging_mixin.py:190} INFO - [2025-03-31T23:13:58.727+0000] {dagbag.py:588} INFO - Filling up the DagBag from /opt/airflow/dags/create_dag_with_python_operator.py
[2025-03-31T23:13:58.732+0000] {processor.py:927} WARNING - No viable dags retrieved from /opt/airflow/dags/create_dag_with_python_operator.py
[2025-03-31T23:13:58.748+0000] {processor.py:208} INFO - Processing /opt/airflow/dags/create_dag_with_python_operator.py took 0.031 seconds
[2025-03-31T23:14:29.009+0000] {processor.py:186} INFO - Started process (PID=15745) to work on /opt/airflow/dags/create_dag_with_python_operator.py
[2025-03-31T23:14:29.010+0000] {processor.py:914} INFO - Processing file /opt/airflow/dags/create_dag_with_python_operator.py for tasks to queue
[2025-03-31T23:14:29.012+0000] {logging_mixin.py:190} INFO - [2025-03-31T23:14:29.011+0000] {dagbag.py:588} INFO - Filling up the DagBag from /opt/airflow/dags/create_dag_with_python_operator.py
[2025-03-31T23:14:29.016+0000] {processor.py:927} WARNING - No viable dags retrieved from /opt/airflow/dags/create_dag_with_python_operator.py
[2025-03-31T23:14:29.031+0000] {processor.py:208} INFO - Processing /opt/airflow/dags/create_dag_with_python_operator.py took 0.029 seconds
[2025-03-31T23:14:59.288+0000] {processor.py:186} INFO - Started process (PID=15761) to work on /opt/airflow/dags/create_dag_with_python_operator.py
[2025-03-31T23:14:59.289+0000] {processor.py:914} INFO - Processing file /opt/airflow/dags/create_dag_with_python_operator.py for tasks to queue
[2025-03-31T23:14:59.291+0000] {logging_mixin.py:190} INFO - [2025-03-31T23:14:59.290+0000] {dagbag.py:588} INFO - Filling up the DagBag from /opt/airflow/dags/create_dag_with_python_operator.py
[2025-03-31T23:14:59.295+0000] {processor.py:927} WARNING - No viable dags retrieved from /opt/airflow/dags/create_dag_with_python_operator.py
[2025-03-31T23:14:59.312+0000] {processor.py:208} INFO - Processing /opt/airflow/dags/create_dag_with_python_operator.py took 0.031 seconds
[2025-03-31T23:15:29.570+0000] {processor.py:186} INFO - Started process (PID=15777) to work on /opt/airflow/dags/create_dag_with_python_operator.py
[2025-03-31T23:15:29.571+0000] {processor.py:914} INFO - Processing file /opt/airflow/dags/create_dag_with_python_operator.py for tasks to queue
[2025-03-31T23:15:29.573+0000] {logging_mixin.py:190} INFO - [2025-03-31T23:15:29.573+0000] {dagbag.py:588} INFO - Filling up the DagBag from /opt/airflow/dags/create_dag_with_python_operator.py
[2025-03-31T23:15:29.577+0000] {processor.py:927} WARNING - No viable dags retrieved from /opt/airflow/dags/create_dag_with_python_operator.py
[2025-03-31T23:15:29.592+0000] {processor.py:208} INFO - Processing /opt/airflow/dags/create_dag_with_python_operator.py took 0.030 seconds
[2025-03-31T23:15:59.856+0000] {processor.py:186} INFO - Started process (PID=15793) to work on /opt/airflow/dags/create_dag_with_python_operator.py
[2025-03-31T23:15:59.857+0000] {processor.py:914} INFO - Processing file /opt/airflow/dags/create_dag_with_python_operator.py for tasks to queue
[2025-03-31T23:15:59.858+0000] {logging_mixin.py:190} INFO - [2025-03-31T23:15:59.858+0000] {dagbag.py:588} INFO - Filling up the DagBag from /opt/airflow/dags/create_dag_with_python_operator.py
[2025-03-31T23:15:59.863+0000] {processor.py:927} WARNING - No viable dags retrieved from /opt/airflow/dags/create_dag_with_python_operator.py
[2025-03-31T23:15:59.881+0000] {processor.py:208} INFO - Processing /opt/airflow/dags/create_dag_with_python_operator.py took 0.034 seconds
[2025-03-31T23:16:30.145+0000] {processor.py:186} INFO - Started process (PID=15809) to work on /opt/airflow/dags/create_dag_with_python_operator.py
[2025-03-31T23:16:30.146+0000] {processor.py:914} INFO - Processing file /opt/airflow/dags/create_dag_with_python_operator.py for tasks to queue
[2025-03-31T23:16:30.148+0000] {logging_mixin.py:190} INFO - [2025-03-31T23:16:30.148+0000] {dagbag.py:588} INFO - Filling up the DagBag from /opt/airflow/dags/create_dag_with_python_operator.py
[2025-03-31T23:16:30.153+0000] {processor.py:927} WARNING - No viable dags retrieved from /opt/airflow/dags/create_dag_with_python_operator.py
[2025-03-31T23:16:30.170+0000] {processor.py:208} INFO - Processing /opt/airflow/dags/create_dag_with_python_operator.py took 0.034 seconds
[2025-03-31T23:17:00.427+0000] {processor.py:186} INFO - Started process (PID=15825) to work on /opt/airflow/dags/create_dag_with_python_operator.py
[2025-03-31T23:17:00.429+0000] {processor.py:914} INFO - Processing file /opt/airflow/dags/create_dag_with_python_operator.py for tasks to queue
[2025-03-31T23:17:00.431+0000] {logging_mixin.py:190} INFO - [2025-03-31T23:17:00.430+0000] {dagbag.py:588} INFO - Filling up the DagBag from /opt/airflow/dags/create_dag_with_python_operator.py
[2025-03-31T23:17:00.437+0000] {processor.py:927} WARNING - No viable dags retrieved from /opt/airflow/dags/create_dag_with_python_operator.py
[2025-03-31T23:17:00.451+0000] {processor.py:208} INFO - Processing /opt/airflow/dags/create_dag_with_python_operator.py took 0.032 seconds
[2025-03-31T23:17:30.700+0000] {processor.py:186} INFO - Started process (PID=15841) to work on /opt/airflow/dags/create_dag_with_python_operator.py
[2025-03-31T23:17:30.701+0000] {processor.py:914} INFO - Processing file /opt/airflow/dags/create_dag_with_python_operator.py for tasks to queue
[2025-03-31T23:17:30.702+0000] {logging_mixin.py:190} INFO - [2025-03-31T23:17:30.702+0000] {dagbag.py:588} INFO - Filling up the DagBag from /opt/airflow/dags/create_dag_with_python_operator.py
[2025-03-31T23:17:30.707+0000] {processor.py:927} WARNING - No viable dags retrieved from /opt/airflow/dags/create_dag_with_python_operator.py
[2025-03-31T23:17:30.722+0000] {processor.py:208} INFO - Processing /opt/airflow/dags/create_dag_with_python_operator.py took 0.029 seconds
[2025-03-31T23:18:00.974+0000] {processor.py:186} INFO - Started process (PID=15857) to work on /opt/airflow/dags/create_dag_with_python_operator.py
[2025-03-31T23:18:00.975+0000] {processor.py:914} INFO - Processing file /opt/airflow/dags/create_dag_with_python_operator.py for tasks to queue
[2025-03-31T23:18:00.977+0000] {logging_mixin.py:190} INFO - [2025-03-31T23:18:00.976+0000] {dagbag.py:588} INFO - Filling up the DagBag from /opt/airflow/dags/create_dag_with_python_operator.py
[2025-03-31T23:18:00.982+0000] {processor.py:927} WARNING - No viable dags retrieved from /opt/airflow/dags/create_dag_with_python_operator.py
[2025-03-31T23:18:01.002+0000] {processor.py:208} INFO - Processing /opt/airflow/dags/create_dag_with_python_operator.py took 0.037 seconds
[2025-03-31T23:18:31.261+0000] {processor.py:186} INFO - Started process (PID=15873) to work on /opt/airflow/dags/create_dag_with_python_operator.py
[2025-03-31T23:18:31.262+0000] {processor.py:914} INFO - Processing file /opt/airflow/dags/create_dag_with_python_operator.py for tasks to queue
[2025-03-31T23:18:31.264+0000] {logging_mixin.py:190} INFO - [2025-03-31T23:18:31.263+0000] {dagbag.py:588} INFO - Filling up the DagBag from /opt/airflow/dags/create_dag_with_python_operator.py
[2025-03-31T23:18:31.269+0000] {processor.py:927} WARNING - No viable dags retrieved from /opt/airflow/dags/create_dag_with_python_operator.py
[2025-03-31T23:18:31.287+0000] {processor.py:208} INFO - Processing /opt/airflow/dags/create_dag_with_python_operator.py took 0.034 seconds
[2025-03-31T23:19:01.536+0000] {processor.py:186} INFO - Started process (PID=15889) to work on /opt/airflow/dags/create_dag_with_python_operator.py
[2025-03-31T23:19:01.537+0000] {processor.py:914} INFO - Processing file /opt/airflow/dags/create_dag_with_python_operator.py for tasks to queue
[2025-03-31T23:19:01.539+0000] {logging_mixin.py:190} INFO - [2025-03-31T23:19:01.538+0000] {dagbag.py:588} INFO - Filling up the DagBag from /opt/airflow/dags/create_dag_with_python_operator.py
[2025-03-31T23:19:01.544+0000] {processor.py:927} WARNING - No viable dags retrieved from /opt/airflow/dags/create_dag_with_python_operator.py
[2025-03-31T23:19:01.563+0000] {processor.py:208} INFO - Processing /opt/airflow/dags/create_dag_with_python_operator.py took 0.035 seconds
[2025-03-31T23:19:31.846+0000] {processor.py:186} INFO - Started process (PID=15905) to work on /opt/airflow/dags/create_dag_with_python_operator.py
[2025-03-31T23:19:31.847+0000] {processor.py:914} INFO - Processing file /opt/airflow/dags/create_dag_with_python_operator.py for tasks to queue
[2025-03-31T23:19:31.850+0000] {logging_mixin.py:190} INFO - [2025-03-31T23:19:31.849+0000] {dagbag.py:588} INFO - Filling up the DagBag from /opt/airflow/dags/create_dag_with_python_operator.py
[2025-03-31T23:19:31.856+0000] {processor.py:927} WARNING - No viable dags retrieved from /opt/airflow/dags/create_dag_with_python_operator.py
[2025-03-31T23:19:31.873+0000] {processor.py:208} INFO - Processing /opt/airflow/dags/create_dag_with_python_operator.py took 0.034 seconds
[2025-03-31T23:20:02.130+0000] {processor.py:186} INFO - Started process (PID=15921) to work on /opt/airflow/dags/create_dag_with_python_operator.py
[2025-03-31T23:20:02.132+0000] {processor.py:914} INFO - Processing file /opt/airflow/dags/create_dag_with_python_operator.py for tasks to queue
[2025-03-31T23:20:02.134+0000] {logging_mixin.py:190} INFO - [2025-03-31T23:20:02.133+0000] {dagbag.py:588} INFO - Filling up the DagBag from /opt/airflow/dags/create_dag_with_python_operator.py
[2025-03-31T23:20:02.139+0000] {processor.py:927} WARNING - No viable dags retrieved from /opt/airflow/dags/create_dag_with_python_operator.py
[2025-03-31T23:20:02.157+0000] {processor.py:208} INFO - Processing /opt/airflow/dags/create_dag_with_python_operator.py took 0.036 seconds
[2025-03-31T23:20:32.431+0000] {processor.py:186} INFO - Started process (PID=15937) to work on /opt/airflow/dags/create_dag_with_python_operator.py
[2025-03-31T23:20:32.432+0000] {processor.py:914} INFO - Processing file /opt/airflow/dags/create_dag_with_python_operator.py for tasks to queue
[2025-03-31T23:20:32.434+0000] {logging_mixin.py:190} INFO - [2025-03-31T23:20:32.434+0000] {dagbag.py:588} INFO - Filling up the DagBag from /opt/airflow/dags/create_dag_with_python_operator.py
[2025-03-31T23:20:32.439+0000] {processor.py:927} WARNING - No viable dags retrieved from /opt/airflow/dags/create_dag_with_python_operator.py
[2025-03-31T23:20:32.456+0000] {processor.py:208} INFO - Processing /opt/airflow/dags/create_dag_with_python_operator.py took 0.034 seconds
[2025-03-31T23:21:02.721+0000] {processor.py:186} INFO - Started process (PID=15953) to work on /opt/airflow/dags/create_dag_with_python_operator.py
[2025-03-31T23:21:02.722+0000] {processor.py:914} INFO - Processing file /opt/airflow/dags/create_dag_with_python_operator.py for tasks to queue
[2025-03-31T23:21:02.723+0000] {logging_mixin.py:190} INFO - [2025-03-31T23:21:02.723+0000] {dagbag.py:588} INFO - Filling up the DagBag from /opt/airflow/dags/create_dag_with_python_operator.py
[2025-03-31T23:21:02.728+0000] {processor.py:927} WARNING - No viable dags retrieved from /opt/airflow/dags/create_dag_with_python_operator.py
[2025-03-31T23:21:02.742+0000] {processor.py:208} INFO - Processing /opt/airflow/dags/create_dag_with_python_operator.py took 0.028 seconds
[2025-03-31T23:21:33.059+0000] {processor.py:186} INFO - Started process (PID=15969) to work on /opt/airflow/dags/create_dag_with_python_operator.py
[2025-03-31T23:21:33.060+0000] {processor.py:914} INFO - Processing file /opt/airflow/dags/create_dag_with_python_operator.py for tasks to queue
[2025-03-31T23:21:33.061+0000] {logging_mixin.py:190} INFO - [2025-03-31T23:21:33.061+0000] {dagbag.py:588} INFO - Filling up the DagBag from /opt/airflow/dags/create_dag_with_python_operator.py
[2025-03-31T23:21:33.066+0000] {processor.py:927} WARNING - No viable dags retrieved from /opt/airflow/dags/create_dag_with_python_operator.py
[2025-03-31T23:21:33.080+0000] {processor.py:208} INFO - Processing /opt/airflow/dags/create_dag_with_python_operator.py took 0.028 seconds
[2025-03-31T23:22:03.321+0000] {processor.py:186} INFO - Started process (PID=15985) to work on /opt/airflow/dags/create_dag_with_python_operator.py
[2025-03-31T23:22:03.322+0000] {processor.py:914} INFO - Processing file /opt/airflow/dags/create_dag_with_python_operator.py for tasks to queue
[2025-03-31T23:22:03.324+0000] {logging_mixin.py:190} INFO - [2025-03-31T23:22:03.324+0000] {dagbag.py:588} INFO - Filling up the DagBag from /opt/airflow/dags/create_dag_with_python_operator.py
[2025-03-31T23:22:03.328+0000] {processor.py:927} WARNING - No viable dags retrieved from /opt/airflow/dags/create_dag_with_python_operator.py
[2025-03-31T23:22:03.342+0000] {processor.py:208} INFO - Processing /opt/airflow/dags/create_dag_with_python_operator.py took 0.026 seconds
[2025-03-31T23:22:33.572+0000] {processor.py:186} INFO - Started process (PID=16001) to work on /opt/airflow/dags/create_dag_with_python_operator.py
[2025-03-31T23:22:33.574+0000] {processor.py:914} INFO - Processing file /opt/airflow/dags/create_dag_with_python_operator.py for tasks to queue
[2025-03-31T23:22:33.575+0000] {logging_mixin.py:190} INFO - [2025-03-31T23:22:33.575+0000] {dagbag.py:588} INFO - Filling up the DagBag from /opt/airflow/dags/create_dag_with_python_operator.py
[2025-03-31T23:22:33.581+0000] {processor.py:927} WARNING - No viable dags retrieved from /opt/airflow/dags/create_dag_with_python_operator.py
[2025-03-31T23:22:33.597+0000] {processor.py:208} INFO - Processing /opt/airflow/dags/create_dag_with_python_operator.py took 0.030 seconds
[2025-03-31T23:23:03.827+0000] {processor.py:186} INFO - Started process (PID=16017) to work on /opt/airflow/dags/create_dag_with_python_operator.py
[2025-03-31T23:23:03.828+0000] {processor.py:914} INFO - Processing file /opt/airflow/dags/create_dag_with_python_operator.py for tasks to queue
[2025-03-31T23:23:03.830+0000] {logging_mixin.py:190} INFO - [2025-03-31T23:23:03.829+0000] {dagbag.py:588} INFO - Filling up the DagBag from /opt/airflow/dags/create_dag_with_python_operator.py
[2025-03-31T23:23:03.835+0000] {processor.py:927} WARNING - No viable dags retrieved from /opt/airflow/dags/create_dag_with_python_operator.py
[2025-03-31T23:23:03.849+0000] {processor.py:208} INFO - Processing /opt/airflow/dags/create_dag_with_python_operator.py took 0.028 seconds
[2025-03-31T23:23:34.077+0000] {processor.py:186} INFO - Started process (PID=16033) to work on /opt/airflow/dags/create_dag_with_python_operator.py
[2025-03-31T23:23:34.079+0000] {processor.py:914} INFO - Processing file /opt/airflow/dags/create_dag_with_python_operator.py for tasks to queue
[2025-03-31T23:23:34.082+0000] {logging_mixin.py:190} INFO - [2025-03-31T23:23:34.081+0000] {dagbag.py:588} INFO - Filling up the DagBag from /opt/airflow/dags/create_dag_with_python_operator.py
[2025-03-31T23:23:34.088+0000] {processor.py:927} WARNING - No viable dags retrieved from /opt/airflow/dags/create_dag_with_python_operator.py
[2025-03-31T23:23:34.105+0000] {processor.py:208} INFO - Processing /opt/airflow/dags/create_dag_with_python_operator.py took 0.034 seconds
[2025-03-31T23:24:04.335+0000] {processor.py:186} INFO - Started process (PID=16049) to work on /opt/airflow/dags/create_dag_with_python_operator.py
[2025-03-31T23:24:04.336+0000] {processor.py:914} INFO - Processing file /opt/airflow/dags/create_dag_with_python_operator.py for tasks to queue
[2025-03-31T23:24:04.337+0000] {logging_mixin.py:190} INFO - [2025-03-31T23:24:04.337+0000] {dagbag.py:588} INFO - Filling up the DagBag from /opt/airflow/dags/create_dag_with_python_operator.py
[2025-03-31T23:24:04.342+0000] {processor.py:927} WARNING - No viable dags retrieved from /opt/airflow/dags/create_dag_with_python_operator.py
[2025-03-31T23:24:04.359+0000] {processor.py:208} INFO - Processing /opt/airflow/dags/create_dag_with_python_operator.py took 0.031 seconds
[2025-03-31T23:24:34.586+0000] {processor.py:186} INFO - Started process (PID=16065) to work on /opt/airflow/dags/create_dag_with_python_operator.py
[2025-03-31T23:24:34.587+0000] {processor.py:914} INFO - Processing file /opt/airflow/dags/create_dag_with_python_operator.py for tasks to queue
[2025-03-31T23:24:34.589+0000] {logging_mixin.py:190} INFO - [2025-03-31T23:24:34.588+0000] {dagbag.py:588} INFO - Filling up the DagBag from /opt/airflow/dags/create_dag_with_python_operator.py
[2025-03-31T23:24:34.592+0000] {processor.py:927} WARNING - No viable dags retrieved from /opt/airflow/dags/create_dag_with_python_operator.py
[2025-03-31T23:24:34.607+0000] {processor.py:208} INFO - Processing /opt/airflow/dags/create_dag_with_python_operator.py took 0.027 seconds
[2025-03-31T23:25:04.822+0000] {processor.py:186} INFO - Started process (PID=16081) to work on /opt/airflow/dags/create_dag_with_python_operator.py
[2025-03-31T23:25:04.823+0000] {processor.py:914} INFO - Processing file /opt/airflow/dags/create_dag_with_python_operator.py for tasks to queue
[2025-03-31T23:25:04.824+0000] {logging_mixin.py:190} INFO - [2025-03-31T23:25:04.824+0000] {dagbag.py:588} INFO - Filling up the DagBag from /opt/airflow/dags/create_dag_with_python_operator.py
[2025-03-31T23:25:04.829+0000] {processor.py:927} WARNING - No viable dags retrieved from /opt/airflow/dags/create_dag_with_python_operator.py
[2025-03-31T23:25:04.844+0000] {processor.py:208} INFO - Processing /opt/airflow/dags/create_dag_with_python_operator.py took 0.028 seconds
[2025-03-31T23:25:35.058+0000] {processor.py:186} INFO - Started process (PID=16097) to work on /opt/airflow/dags/create_dag_with_python_operator.py
[2025-03-31T23:25:35.059+0000] {processor.py:914} INFO - Processing file /opt/airflow/dags/create_dag_with_python_operator.py for tasks to queue
[2025-03-31T23:25:35.060+0000] {logging_mixin.py:190} INFO - [2025-03-31T23:25:35.059+0000] {dagbag.py:588} INFO - Filling up the DagBag from /opt/airflow/dags/create_dag_with_python_operator.py
[2025-03-31T23:25:35.064+0000] {processor.py:927} WARNING - No viable dags retrieved from /opt/airflow/dags/create_dag_with_python_operator.py
[2025-03-31T23:25:35.077+0000] {processor.py:208} INFO - Processing /opt/airflow/dags/create_dag_with_python_operator.py took 0.026 seconds
[2025-03-31T23:26:05.315+0000] {processor.py:186} INFO - Started process (PID=16113) to work on /opt/airflow/dags/create_dag_with_python_operator.py
[2025-03-31T23:26:05.317+0000] {processor.py:914} INFO - Processing file /opt/airflow/dags/create_dag_with_python_operator.py for tasks to queue
[2025-03-31T23:26:05.321+0000] {logging_mixin.py:190} INFO - [2025-03-31T23:26:05.319+0000] {dagbag.py:588} INFO - Filling up the DagBag from /opt/airflow/dags/create_dag_with_python_operator.py
[2025-03-31T23:26:05.330+0000] {processor.py:927} WARNING - No viable dags retrieved from /opt/airflow/dags/create_dag_with_python_operator.py
[2025-03-31T23:26:05.367+0000] {processor.py:208} INFO - Processing /opt/airflow/dags/create_dag_with_python_operator.py took 0.059 seconds
[2025-03-31T23:26:36.515+0000] {processor.py:186} INFO - Started process (PID=16129) to work on /opt/airflow/dags/create_dag_with_python_operator.py
[2025-03-31T23:26:36.517+0000] {processor.py:914} INFO - Processing file /opt/airflow/dags/create_dag_with_python_operator.py for tasks to queue
[2025-03-31T23:26:36.538+0000] {logging_mixin.py:190} INFO - [2025-03-31T23:26:36.521+0000] {dagbag.py:588} INFO - Filling up the DagBag from /opt/airflow/dags/create_dag_with_python_operator.py
[2025-03-31T23:26:36.584+0000] {processor.py:927} WARNING - No viable dags retrieved from /opt/airflow/dags/create_dag_with_python_operator.py
[2025-03-31T23:26:36.633+0000] {processor.py:208} INFO - Processing /opt/airflow/dags/create_dag_with_python_operator.py took 0.132 seconds
[2025-03-31T23:29:28.881+0000] {processor.py:186} INFO - Started process (PID=16140) to work on /opt/airflow/dags/create_dag_with_python_operator.py
[2025-03-31T23:29:28.883+0000] {processor.py:914} INFO - Processing file /opt/airflow/dags/create_dag_with_python_operator.py for tasks to queue
[2025-03-31T23:29:28.884+0000] {logging_mixin.py:190} INFO - [2025-03-31T23:29:28.884+0000] {dagbag.py:588} INFO - Filling up the DagBag from /opt/airflow/dags/create_dag_with_python_operator.py
[2025-03-31T23:29:28.888+0000] {processor.py:927} WARNING - No viable dags retrieved from /opt/airflow/dags/create_dag_with_python_operator.py
[2025-03-31T23:29:28.904+0000] {processor.py:208} INFO - Processing /opt/airflow/dags/create_dag_with_python_operator.py took 0.029 seconds
[2025-03-31T23:29:59.687+0000] {processor.py:186} INFO - Started process (PID=16156) to work on /opt/airflow/dags/create_dag_with_python_operator.py
[2025-03-31T23:29:59.693+0000] {processor.py:914} INFO - Processing file /opt/airflow/dags/create_dag_with_python_operator.py for tasks to queue
[2025-03-31T23:29:59.703+0000] {logging_mixin.py:190} INFO - [2025-03-31T23:29:59.701+0000] {dagbag.py:588} INFO - Filling up the DagBag from /opt/airflow/dags/create_dag_with_python_operator.py
[2025-03-31T23:29:59.733+0000] {processor.py:927} WARNING - No viable dags retrieved from /opt/airflow/dags/create_dag_with_python_operator.py
[2025-03-31T23:29:59.839+0000] {processor.py:208} INFO - Processing /opt/airflow/dags/create_dag_with_python_operator.py took 0.208 seconds
[2025-03-31T23:32:41.068+0000] {processor.py:186} INFO - Started process (PID=16172) to work on /opt/airflow/dags/create_dag_with_python_operator.py
[2025-03-31T23:32:41.070+0000] {processor.py:914} INFO - Processing file /opt/airflow/dags/create_dag_with_python_operator.py for tasks to queue
[2025-03-31T23:32:41.072+0000] {logging_mixin.py:190} INFO - [2025-03-31T23:32:41.071+0000] {dagbag.py:588} INFO - Filling up the DagBag from /opt/airflow/dags/create_dag_with_python_operator.py
[2025-03-31T23:32:41.079+0000] {processor.py:927} WARNING - No viable dags retrieved from /opt/airflow/dags/create_dag_with_python_operator.py
[2025-03-31T23:32:41.098+0000] {processor.py:208} INFO - Processing /opt/airflow/dags/create_dag_with_python_operator.py took 0.037 seconds
[2025-03-31T23:33:11.428+0000] {processor.py:186} INFO - Started process (PID=16188) to work on /opt/airflow/dags/create_dag_with_python_operator.py
[2025-03-31T23:33:11.433+0000] {processor.py:914} INFO - Processing file /opt/airflow/dags/create_dag_with_python_operator.py for tasks to queue
[2025-03-31T23:33:11.439+0000] {logging_mixin.py:190} INFO - [2025-03-31T23:33:11.437+0000] {dagbag.py:588} INFO - Filling up the DagBag from /opt/airflow/dags/create_dag_with_python_operator.py
[2025-03-31T23:33:11.447+0000] {processor.py:927} WARNING - No viable dags retrieved from /opt/airflow/dags/create_dag_with_python_operator.py
[2025-03-31T23:33:11.486+0000] {processor.py:208} INFO - Processing /opt/airflow/dags/create_dag_with_python_operator.py took 0.071 seconds
[2025-03-31T23:33:41.873+0000] {processor.py:186} INFO - Started process (PID=16204) to work on /opt/airflow/dags/create_dag_with_python_operator.py
[2025-03-31T23:33:41.874+0000] {processor.py:914} INFO - Processing file /opt/airflow/dags/create_dag_with_python_operator.py for tasks to queue
[2025-03-31T23:33:41.875+0000] {logging_mixin.py:190} INFO - [2025-03-31T23:33:41.875+0000] {dagbag.py:588} INFO - Filling up the DagBag from /opt/airflow/dags/create_dag_with_python_operator.py
[2025-03-31T23:33:41.885+0000] {processor.py:927} WARNING - No viable dags retrieved from /opt/airflow/dags/create_dag_with_python_operator.py
[2025-03-31T23:33:41.910+0000] {processor.py:208} INFO - Processing /opt/airflow/dags/create_dag_with_python_operator.py took 0.051 seconds
[2025-03-31T23:34:12.271+0000] {processor.py:186} INFO - Started process (PID=16220) to work on /opt/airflow/dags/create_dag_with_python_operator.py
[2025-03-31T23:34:12.272+0000] {processor.py:914} INFO - Processing file /opt/airflow/dags/create_dag_with_python_operator.py for tasks to queue
[2025-03-31T23:34:12.274+0000] {logging_mixin.py:190} INFO - [2025-03-31T23:34:12.273+0000] {dagbag.py:588} INFO - Filling up the DagBag from /opt/airflow/dags/create_dag_with_python_operator.py
[2025-03-31T23:34:12.289+0000] {processor.py:927} WARNING - No viable dags retrieved from /opt/airflow/dags/create_dag_with_python_operator.py
[2025-03-31T23:34:12.320+0000] {processor.py:208} INFO - Processing /opt/airflow/dags/create_dag_with_python_operator.py took 0.065 seconds
[2025-03-31T23:34:42.691+0000] {processor.py:186} INFO - Started process (PID=16236) to work on /opt/airflow/dags/create_dag_with_python_operator.py
[2025-03-31T23:34:42.692+0000] {processor.py:914} INFO - Processing file /opt/airflow/dags/create_dag_with_python_operator.py for tasks to queue
[2025-03-31T23:34:42.695+0000] {logging_mixin.py:190} INFO - [2025-03-31T23:34:42.694+0000] {dagbag.py:588} INFO - Filling up the DagBag from /opt/airflow/dags/create_dag_with_python_operator.py
[2025-03-31T23:34:42.707+0000] {processor.py:927} WARNING - No viable dags retrieved from /opt/airflow/dags/create_dag_with_python_operator.py
[2025-03-31T23:34:42.744+0000] {processor.py:208} INFO - Processing /opt/airflow/dags/create_dag_with_python_operator.py took 0.073 seconds
[2025-03-31T23:35:13.085+0000] {processor.py:186} INFO - Started process (PID=16252) to work on /opt/airflow/dags/create_dag_with_python_operator.py
[2025-03-31T23:35:13.086+0000] {processor.py:914} INFO - Processing file /opt/airflow/dags/create_dag_with_python_operator.py for tasks to queue
[2025-03-31T23:35:13.088+0000] {logging_mixin.py:190} INFO - [2025-03-31T23:35:13.088+0000] {dagbag.py:588} INFO - Filling up the DagBag from /opt/airflow/dags/create_dag_with_python_operator.py
[2025-03-31T23:35:13.092+0000] {processor.py:927} WARNING - No viable dags retrieved from /opt/airflow/dags/create_dag_with_python_operator.py
[2025-03-31T23:35:13.118+0000] {processor.py:208} INFO - Processing /opt/airflow/dags/create_dag_with_python_operator.py took 0.046 seconds
[2025-03-31T23:35:43.444+0000] {processor.py:186} INFO - Started process (PID=16268) to work on /opt/airflow/dags/create_dag_with_python_operator.py
[2025-03-31T23:35:43.445+0000] {processor.py:914} INFO - Processing file /opt/airflow/dags/create_dag_with_python_operator.py for tasks to queue
[2025-03-31T23:35:43.449+0000] {logging_mixin.py:190} INFO - [2025-03-31T23:35:43.446+0000] {dagbag.py:588} INFO - Filling up the DagBag from /opt/airflow/dags/create_dag_with_python_operator.py
[2025-03-31T23:35:43.459+0000] {processor.py:927} WARNING - No viable dags retrieved from /opt/airflow/dags/create_dag_with_python_operator.py
[2025-03-31T23:35:43.492+0000] {processor.py:208} INFO - Processing /opt/airflow/dags/create_dag_with_python_operator.py took 0.063 seconds
[2025-03-31T23:36:13.815+0000] {processor.py:186} INFO - Started process (PID=16284) to work on /opt/airflow/dags/create_dag_with_python_operator.py
[2025-03-31T23:36:13.818+0000] {processor.py:914} INFO - Processing file /opt/airflow/dags/create_dag_with_python_operator.py for tasks to queue
[2025-03-31T23:36:13.821+0000] {logging_mixin.py:190} INFO - [2025-03-31T23:36:13.820+0000] {dagbag.py:588} INFO - Filling up the DagBag from /opt/airflow/dags/create_dag_with_python_operator.py
[2025-03-31T23:36:13.826+0000] {processor.py:927} WARNING - No viable dags retrieved from /opt/airflow/dags/create_dag_with_python_operator.py
[2025-03-31T23:36:13.858+0000] {processor.py:208} INFO - Processing /opt/airflow/dags/create_dag_with_python_operator.py took 0.053 seconds
[2025-03-31T23:36:44.206+0000] {processor.py:186} INFO - Started process (PID=16300) to work on /opt/airflow/dags/create_dag_with_python_operator.py
[2025-03-31T23:36:44.209+0000] {processor.py:914} INFO - Processing file /opt/airflow/dags/create_dag_with_python_operator.py for tasks to queue
[2025-03-31T23:36:44.214+0000] {logging_mixin.py:190} INFO - [2025-03-31T23:36:44.213+0000] {dagbag.py:588} INFO - Filling up the DagBag from /opt/airflow/dags/create_dag_with_python_operator.py
[2025-03-31T23:36:44.226+0000] {processor.py:927} WARNING - No viable dags retrieved from /opt/airflow/dags/create_dag_with_python_operator.py
[2025-03-31T23:36:44.293+0000] {processor.py:208} INFO - Processing /opt/airflow/dags/create_dag_with_python_operator.py took 0.104 seconds
[2025-03-31T23:37:14.591+0000] {processor.py:186} INFO - Started process (PID=16316) to work on /opt/airflow/dags/create_dag_with_python_operator.py
[2025-03-31T23:37:14.592+0000] {processor.py:914} INFO - Processing file /opt/airflow/dags/create_dag_with_python_operator.py for tasks to queue
[2025-03-31T23:37:14.593+0000] {logging_mixin.py:190} INFO - [2025-03-31T23:37:14.593+0000] {dagbag.py:588} INFO - Filling up the DagBag from /opt/airflow/dags/create_dag_with_python_operator.py
[2025-03-31T23:37:14.603+0000] {processor.py:927} WARNING - No viable dags retrieved from /opt/airflow/dags/create_dag_with_python_operator.py
[2025-03-31T23:37:14.629+0000] {processor.py:208} INFO - Processing /opt/airflow/dags/create_dag_with_python_operator.py took 0.053 seconds
[2025-03-31T23:37:44.991+0000] {processor.py:186} INFO - Started process (PID=16332) to work on /opt/airflow/dags/create_dag_with_python_operator.py
[2025-03-31T23:37:44.993+0000] {processor.py:914} INFO - Processing file /opt/airflow/dags/create_dag_with_python_operator.py for tasks to queue
[2025-03-31T23:37:44.994+0000] {logging_mixin.py:190} INFO - [2025-03-31T23:37:44.994+0000] {dagbag.py:588} INFO - Filling up the DagBag from /opt/airflow/dags/create_dag_with_python_operator.py
[2025-03-31T23:37:45.004+0000] {processor.py:927} WARNING - No viable dags retrieved from /opt/airflow/dags/create_dag_with_python_operator.py
[2025-03-31T23:37:45.032+0000] {processor.py:208} INFO - Processing /opt/airflow/dags/create_dag_with_python_operator.py took 0.060 seconds
[2025-03-31T23:38:15.369+0000] {processor.py:186} INFO - Started process (PID=16348) to work on /opt/airflow/dags/create_dag_with_python_operator.py
[2025-03-31T23:38:15.371+0000] {processor.py:914} INFO - Processing file /opt/airflow/dags/create_dag_with_python_operator.py for tasks to queue
[2025-03-31T23:38:15.373+0000] {logging_mixin.py:190} INFO - [2025-03-31T23:38:15.373+0000] {dagbag.py:588} INFO - Filling up the DagBag from /opt/airflow/dags/create_dag_with_python_operator.py
[2025-03-31T23:38:15.378+0000] {processor.py:927} WARNING - No viable dags retrieved from /opt/airflow/dags/create_dag_with_python_operator.py
[2025-03-31T23:38:15.406+0000] {processor.py:208} INFO - Processing /opt/airflow/dags/create_dag_with_python_operator.py took 0.048 seconds
[2025-03-31T23:38:45.828+0000] {processor.py:186} INFO - Started process (PID=16364) to work on /opt/airflow/dags/create_dag_with_python_operator.py
[2025-03-31T23:38:45.831+0000] {processor.py:914} INFO - Processing file /opt/airflow/dags/create_dag_with_python_operator.py for tasks to queue
[2025-03-31T23:38:45.835+0000] {logging_mixin.py:190} INFO - [2025-03-31T23:38:45.833+0000] {dagbag.py:588} INFO - Filling up the DagBag from /opt/airflow/dags/create_dag_with_python_operator.py
[2025-03-31T23:38:45.841+0000] {processor.py:927} WARNING - No viable dags retrieved from /opt/airflow/dags/create_dag_with_python_operator.py
[2025-03-31T23:38:45.867+0000] {processor.py:208} INFO - Processing /opt/airflow/dags/create_dag_with_python_operator.py took 0.062 seconds
[2025-03-31T23:39:16.163+0000] {processor.py:186} INFO - Started process (PID=16380) to work on /opt/airflow/dags/create_dag_with_python_operator.py
[2025-03-31T23:39:16.165+0000] {processor.py:914} INFO - Processing file /opt/airflow/dags/create_dag_with_python_operator.py for tasks to queue
[2025-03-31T23:39:16.169+0000] {logging_mixin.py:190} INFO - [2025-03-31T23:39:16.168+0000] {dagbag.py:588} INFO - Filling up the DagBag from /opt/airflow/dags/create_dag_with_python_operator.py
[2025-03-31T23:39:16.174+0000] {processor.py:927} WARNING - No viable dags retrieved from /opt/airflow/dags/create_dag_with_python_operator.py
[2025-03-31T23:39:16.196+0000] {processor.py:208} INFO - Processing /opt/airflow/dags/create_dag_with_python_operator.py took 0.040 seconds
[2025-03-31T23:39:46.557+0000] {processor.py:186} INFO - Started process (PID=16396) to work on /opt/airflow/dags/create_dag_with_python_operator.py
[2025-03-31T23:39:46.558+0000] {processor.py:914} INFO - Processing file /opt/airflow/dags/create_dag_with_python_operator.py for tasks to queue
[2025-03-31T23:39:46.560+0000] {logging_mixin.py:190} INFO - [2025-03-31T23:39:46.559+0000] {dagbag.py:588} INFO - Filling up the DagBag from /opt/airflow/dags/create_dag_with_python_operator.py
[2025-03-31T23:39:46.569+0000] {processor.py:927} WARNING - No viable dags retrieved from /opt/airflow/dags/create_dag_with_python_operator.py
[2025-03-31T23:39:46.595+0000] {processor.py:208} INFO - Processing /opt/airflow/dags/create_dag_with_python_operator.py took 0.050 seconds
[2025-03-31T23:40:16.896+0000] {processor.py:186} INFO - Started process (PID=16412) to work on /opt/airflow/dags/create_dag_with_python_operator.py
[2025-03-31T23:40:16.899+0000] {processor.py:914} INFO - Processing file /opt/airflow/dags/create_dag_with_python_operator.py for tasks to queue
[2025-03-31T23:40:16.902+0000] {logging_mixin.py:190} INFO - [2025-03-31T23:40:16.901+0000] {dagbag.py:588} INFO - Filling up the DagBag from /opt/airflow/dags/create_dag_with_python_operator.py
[2025-03-31T23:40:16.908+0000] {processor.py:927} WARNING - No viable dags retrieved from /opt/airflow/dags/create_dag_with_python_operator.py
[2025-03-31T23:40:16.931+0000] {processor.py:208} INFO - Processing /opt/airflow/dags/create_dag_with_python_operator.py took 0.044 seconds
[2025-03-31T23:40:47.260+0000] {processor.py:186} INFO - Started process (PID=16428) to work on /opt/airflow/dags/create_dag_with_python_operator.py
[2025-03-31T23:40:47.263+0000] {processor.py:914} INFO - Processing file /opt/airflow/dags/create_dag_with_python_operator.py for tasks to queue
[2025-03-31T23:40:47.267+0000] {logging_mixin.py:190} INFO - [2025-03-31T23:40:47.266+0000] {dagbag.py:588} INFO - Filling up the DagBag from /opt/airflow/dags/create_dag_with_python_operator.py
[2025-03-31T23:40:47.276+0000] {processor.py:927} WARNING - No viable dags retrieved from /opt/airflow/dags/create_dag_with_python_operator.py
[2025-03-31T23:40:47.303+0000] {processor.py:208} INFO - Processing /opt/airflow/dags/create_dag_with_python_operator.py took 0.054 seconds
[2025-03-31T23:41:17.659+0000] {processor.py:186} INFO - Started process (PID=16444) to work on /opt/airflow/dags/create_dag_with_python_operator.py
[2025-03-31T23:41:17.661+0000] {processor.py:914} INFO - Processing file /opt/airflow/dags/create_dag_with_python_operator.py for tasks to queue
[2025-03-31T23:41:17.664+0000] {logging_mixin.py:190} INFO - [2025-03-31T23:41:17.663+0000] {dagbag.py:588} INFO - Filling up the DagBag from /opt/airflow/dags/create_dag_with_python_operator.py
[2025-03-31T23:41:17.674+0000] {processor.py:927} WARNING - No viable dags retrieved from /opt/airflow/dags/create_dag_with_python_operator.py
[2025-03-31T23:41:17.706+0000] {processor.py:208} INFO - Processing /opt/airflow/dags/create_dag_with_python_operator.py took 0.060 seconds
[2025-03-31T23:41:48.132+0000] {processor.py:186} INFO - Started process (PID=16460) to work on /opt/airflow/dags/create_dag_with_python_operator.py
[2025-03-31T23:41:48.138+0000] {processor.py:914} INFO - Processing file /opt/airflow/dags/create_dag_with_python_operator.py for tasks to queue
[2025-03-31T23:41:48.143+0000] {logging_mixin.py:190} INFO - [2025-03-31T23:41:48.142+0000] {dagbag.py:588} INFO - Filling up the DagBag from /opt/airflow/dags/create_dag_with_python_operator.py
[2025-03-31T23:41:48.156+0000] {processor.py:927} WARNING - No viable dags retrieved from /opt/airflow/dags/create_dag_with_python_operator.py
[2025-03-31T23:41:48.194+0000] {processor.py:208} INFO - Processing /opt/airflow/dags/create_dag_with_python_operator.py took 0.084 seconds
[2025-03-31T23:42:18.508+0000] {processor.py:186} INFO - Started process (PID=16476) to work on /opt/airflow/dags/create_dag_with_python_operator.py
[2025-03-31T23:42:18.509+0000] {processor.py:914} INFO - Processing file /opt/airflow/dags/create_dag_with_python_operator.py for tasks to queue
[2025-03-31T23:42:18.511+0000] {logging_mixin.py:190} INFO - [2025-03-31T23:42:18.511+0000] {dagbag.py:588} INFO - Filling up the DagBag from /opt/airflow/dags/create_dag_with_python_operator.py
[2025-03-31T23:42:18.517+0000] {processor.py:927} WARNING - No viable dags retrieved from /opt/airflow/dags/create_dag_with_python_operator.py
[2025-03-31T23:42:18.534+0000] {processor.py:208} INFO - Processing /opt/airflow/dags/create_dag_with_python_operator.py took 0.034 seconds
[2025-03-31T23:42:48.808+0000] {processor.py:186} INFO - Started process (PID=16492) to work on /opt/airflow/dags/create_dag_with_python_operator.py
[2025-03-31T23:42:48.809+0000] {processor.py:914} INFO - Processing file /opt/airflow/dags/create_dag_with_python_operator.py for tasks to queue
[2025-03-31T23:42:48.811+0000] {logging_mixin.py:190} INFO - [2025-03-31T23:42:48.811+0000] {dagbag.py:588} INFO - Filling up the DagBag from /opt/airflow/dags/create_dag_with_python_operator.py
[2025-03-31T23:42:48.817+0000] {processor.py:927} WARNING - No viable dags retrieved from /opt/airflow/dags/create_dag_with_python_operator.py
[2025-03-31T23:42:48.836+0000] {processor.py:208} INFO - Processing /opt/airflow/dags/create_dag_with_python_operator.py took 0.037 seconds
[2025-03-31T23:43:19.100+0000] {processor.py:186} INFO - Started process (PID=16507) to work on /opt/airflow/dags/create_dag_with_python_operator.py
[2025-03-31T23:43:19.101+0000] {processor.py:914} INFO - Processing file /opt/airflow/dags/create_dag_with_python_operator.py for tasks to queue
[2025-03-31T23:43:19.104+0000] {logging_mixin.py:190} INFO - [2025-03-31T23:43:19.103+0000] {dagbag.py:588} INFO - Filling up the DagBag from /opt/airflow/dags/create_dag_with_python_operator.py
[2025-03-31T23:43:19.110+0000] {processor.py:927} WARNING - No viable dags retrieved from /opt/airflow/dags/create_dag_with_python_operator.py
[2025-03-31T23:43:19.129+0000] {processor.py:208} INFO - Processing /opt/airflow/dags/create_dag_with_python_operator.py took 0.037 seconds
[2025-03-31T23:43:49.393+0000] {processor.py:186} INFO - Started process (PID=16523) to work on /opt/airflow/dags/create_dag_with_python_operator.py
[2025-03-31T23:43:49.394+0000] {processor.py:914} INFO - Processing file /opt/airflow/dags/create_dag_with_python_operator.py for tasks to queue
[2025-03-31T23:43:49.397+0000] {logging_mixin.py:190} INFO - [2025-03-31T23:43:49.396+0000] {dagbag.py:588} INFO - Filling up the DagBag from /opt/airflow/dags/create_dag_with_python_operator.py
[2025-03-31T23:43:49.402+0000] {processor.py:927} WARNING - No viable dags retrieved from /opt/airflow/dags/create_dag_with_python_operator.py
[2025-03-31T23:43:49.422+0000] {processor.py:208} INFO - Processing /opt/airflow/dags/create_dag_with_python_operator.py took 0.037 seconds
[2025-03-31T23:44:19.664+0000] {processor.py:186} INFO - Started process (PID=16539) to work on /opt/airflow/dags/create_dag_with_python_operator.py
[2025-03-31T23:44:19.665+0000] {processor.py:914} INFO - Processing file /opt/airflow/dags/create_dag_with_python_operator.py for tasks to queue
[2025-03-31T23:44:19.666+0000] {logging_mixin.py:190} INFO - [2025-03-31T23:44:19.666+0000] {dagbag.py:588} INFO - Filling up the DagBag from /opt/airflow/dags/create_dag_with_python_operator.py
[2025-03-31T23:44:19.670+0000] {processor.py:927} WARNING - No viable dags retrieved from /opt/airflow/dags/create_dag_with_python_operator.py
[2025-03-31T23:44:19.686+0000] {processor.py:208} INFO - Processing /opt/airflow/dags/create_dag_with_python_operator.py took 0.030 seconds
[2025-03-31T23:44:49.970+0000] {processor.py:186} INFO - Started process (PID=16555) to work on /opt/airflow/dags/create_dag_with_python_operator.py
[2025-03-31T23:44:49.971+0000] {processor.py:914} INFO - Processing file /opt/airflow/dags/create_dag_with_python_operator.py for tasks to queue
[2025-03-31T23:44:49.973+0000] {logging_mixin.py:190} INFO - [2025-03-31T23:44:49.973+0000] {dagbag.py:588} INFO - Filling up the DagBag from /opt/airflow/dags/create_dag_with_python_operator.py
[2025-03-31T23:44:49.977+0000] {processor.py:927} WARNING - No viable dags retrieved from /opt/airflow/dags/create_dag_with_python_operator.py
[2025-03-31T23:44:49.994+0000] {processor.py:208} INFO - Processing /opt/airflow/dags/create_dag_with_python_operator.py took 0.031 seconds
[2025-03-31T23:45:20.247+0000] {processor.py:186} INFO - Started process (PID=16571) to work on /opt/airflow/dags/create_dag_with_python_operator.py
[2025-03-31T23:45:20.248+0000] {processor.py:914} INFO - Processing file /opt/airflow/dags/create_dag_with_python_operator.py for tasks to queue
[2025-03-31T23:45:20.250+0000] {logging_mixin.py:190} INFO - [2025-03-31T23:45:20.250+0000] {dagbag.py:588} INFO - Filling up the DagBag from /opt/airflow/dags/create_dag_with_python_operator.py
[2025-03-31T23:45:20.255+0000] {processor.py:927} WARNING - No viable dags retrieved from /opt/airflow/dags/create_dag_with_python_operator.py
[2025-03-31T23:45:20.275+0000] {processor.py:208} INFO - Processing /opt/airflow/dags/create_dag_with_python_operator.py took 0.035 seconds
[2025-03-31T23:45:50.541+0000] {processor.py:186} INFO - Started process (PID=16587) to work on /opt/airflow/dags/create_dag_with_python_operator.py
[2025-03-31T23:45:50.542+0000] {processor.py:914} INFO - Processing file /opt/airflow/dags/create_dag_with_python_operator.py for tasks to queue
[2025-03-31T23:45:50.545+0000] {logging_mixin.py:190} INFO - [2025-03-31T23:45:50.545+0000] {dagbag.py:588} INFO - Filling up the DagBag from /opt/airflow/dags/create_dag_with_python_operator.py
[2025-03-31T23:45:50.550+0000] {processor.py:927} WARNING - No viable dags retrieved from /opt/airflow/dags/create_dag_with_python_operator.py
[2025-03-31T23:45:50.564+0000] {processor.py:208} INFO - Processing /opt/airflow/dags/create_dag_with_python_operator.py took 0.030 seconds
[2025-03-31T23:46:20.845+0000] {processor.py:186} INFO - Started process (PID=16603) to work on /opt/airflow/dags/create_dag_with_python_operator.py
[2025-03-31T23:46:20.846+0000] {processor.py:914} INFO - Processing file /opt/airflow/dags/create_dag_with_python_operator.py for tasks to queue
[2025-03-31T23:46:20.847+0000] {logging_mixin.py:190} INFO - [2025-03-31T23:46:20.847+0000] {dagbag.py:588} INFO - Filling up the DagBag from /opt/airflow/dags/create_dag_with_python_operator.py
[2025-03-31T23:46:20.851+0000] {processor.py:927} WARNING - No viable dags retrieved from /opt/airflow/dags/create_dag_with_python_operator.py
[2025-03-31T23:46:20.866+0000] {processor.py:208} INFO - Processing /opt/airflow/dags/create_dag_with_python_operator.py took 0.029 seconds
[2025-03-31T23:46:51.144+0000] {processor.py:186} INFO - Started process (PID=16619) to work on /opt/airflow/dags/create_dag_with_python_operator.py
[2025-03-31T23:46:51.145+0000] {processor.py:914} INFO - Processing file /opt/airflow/dags/create_dag_with_python_operator.py for tasks to queue
[2025-03-31T23:46:51.147+0000] {logging_mixin.py:190} INFO - [2025-03-31T23:46:51.147+0000] {dagbag.py:588} INFO - Filling up the DagBag from /opt/airflow/dags/create_dag_with_python_operator.py
[2025-03-31T23:46:51.151+0000] {processor.py:927} WARNING - No viable dags retrieved from /opt/airflow/dags/create_dag_with_python_operator.py
[2025-03-31T23:46:51.167+0000] {processor.py:208} INFO - Processing /opt/airflow/dags/create_dag_with_python_operator.py took 0.030 seconds
[2025-03-31T23:47:21.431+0000] {processor.py:186} INFO - Started process (PID=16635) to work on /opt/airflow/dags/create_dag_with_python_operator.py
[2025-03-31T23:47:21.432+0000] {processor.py:914} INFO - Processing file /opt/airflow/dags/create_dag_with_python_operator.py for tasks to queue
[2025-03-31T23:47:21.433+0000] {logging_mixin.py:190} INFO - [2025-03-31T23:47:21.433+0000] {dagbag.py:588} INFO - Filling up the DagBag from /opt/airflow/dags/create_dag_with_python_operator.py
[2025-03-31T23:47:21.438+0000] {processor.py:927} WARNING - No viable dags retrieved from /opt/airflow/dags/create_dag_with_python_operator.py
[2025-03-31T23:47:21.455+0000] {processor.py:208} INFO - Processing /opt/airflow/dags/create_dag_with_python_operator.py took 0.032 seconds
[2025-03-31T23:47:51.723+0000] {processor.py:186} INFO - Started process (PID=16651) to work on /opt/airflow/dags/create_dag_with_python_operator.py
[2025-03-31T23:47:51.725+0000] {processor.py:914} INFO - Processing file /opt/airflow/dags/create_dag_with_python_operator.py for tasks to queue
[2025-03-31T23:47:51.727+0000] {logging_mixin.py:190} INFO - [2025-03-31T23:47:51.726+0000] {dagbag.py:588} INFO - Filling up the DagBag from /opt/airflow/dags/create_dag_with_python_operator.py
[2025-03-31T23:47:51.734+0000] {processor.py:927} WARNING - No viable dags retrieved from /opt/airflow/dags/create_dag_with_python_operator.py
[2025-03-31T23:47:51.753+0000] {processor.py:208} INFO - Processing /opt/airflow/dags/create_dag_with_python_operator.py took 0.038 seconds
[2025-03-31T23:48:22.014+0000] {processor.py:186} INFO - Started process (PID=16667) to work on /opt/airflow/dags/create_dag_with_python_operator.py
[2025-03-31T23:48:22.015+0000] {processor.py:914} INFO - Processing file /opt/airflow/dags/create_dag_with_python_operator.py for tasks to queue
[2025-03-31T23:48:22.017+0000] {logging_mixin.py:190} INFO - [2025-03-31T23:48:22.016+0000] {dagbag.py:588} INFO - Filling up the DagBag from /opt/airflow/dags/create_dag_with_python_operator.py
[2025-03-31T23:48:22.022+0000] {processor.py:927} WARNING - No viable dags retrieved from /opt/airflow/dags/create_dag_with_python_operator.py
[2025-03-31T23:48:22.038+0000] {processor.py:208} INFO - Processing /opt/airflow/dags/create_dag_with_python_operator.py took 0.033 seconds
[2025-03-31T23:48:52.302+0000] {processor.py:186} INFO - Started process (PID=16683) to work on /opt/airflow/dags/create_dag_with_python_operator.py
[2025-03-31T23:48:52.303+0000] {processor.py:914} INFO - Processing file /opt/airflow/dags/create_dag_with_python_operator.py for tasks to queue
[2025-03-31T23:48:52.305+0000] {logging_mixin.py:190} INFO - [2025-03-31T23:48:52.304+0000] {dagbag.py:588} INFO - Filling up the DagBag from /opt/airflow/dags/create_dag_with_python_operator.py
[2025-03-31T23:48:52.312+0000] {processor.py:927} WARNING - No viable dags retrieved from /opt/airflow/dags/create_dag_with_python_operator.py
[2025-03-31T23:48:52.329+0000] {processor.py:208} INFO - Processing /opt/airflow/dags/create_dag_with_python_operator.py took 0.035 seconds
[2025-03-31T23:49:22.593+0000] {processor.py:186} INFO - Started process (PID=16699) to work on /opt/airflow/dags/create_dag_with_python_operator.py
[2025-03-31T23:49:22.594+0000] {processor.py:914} INFO - Processing file /opt/airflow/dags/create_dag_with_python_operator.py for tasks to queue
[2025-03-31T23:49:22.595+0000] {logging_mixin.py:190} INFO - [2025-03-31T23:49:22.595+0000] {dagbag.py:588} INFO - Filling up the DagBag from /opt/airflow/dags/create_dag_with_python_operator.py
[2025-03-31T23:49:22.602+0000] {processor.py:927} WARNING - No viable dags retrieved from /opt/airflow/dags/create_dag_with_python_operator.py
[2025-03-31T23:49:22.620+0000] {processor.py:208} INFO - Processing /opt/airflow/dags/create_dag_with_python_operator.py took 0.035 seconds
[2025-03-31T23:49:52.913+0000] {processor.py:186} INFO - Started process (PID=16715) to work on /opt/airflow/dags/create_dag_with_python_operator.py
[2025-03-31T23:49:52.914+0000] {processor.py:914} INFO - Processing file /opt/airflow/dags/create_dag_with_python_operator.py for tasks to queue
[2025-03-31T23:49:52.916+0000] {logging_mixin.py:190} INFO - [2025-03-31T23:49:52.916+0000] {dagbag.py:588} INFO - Filling up the DagBag from /opt/airflow/dags/create_dag_with_python_operator.py
[2025-03-31T23:49:52.923+0000] {processor.py:927} WARNING - No viable dags retrieved from /opt/airflow/dags/create_dag_with_python_operator.py
[2025-03-31T23:49:52.940+0000] {processor.py:208} INFO - Processing /opt/airflow/dags/create_dag_with_python_operator.py took 0.035 seconds
[2025-03-31T23:50:23.204+0000] {processor.py:186} INFO - Started process (PID=16731) to work on /opt/airflow/dags/create_dag_with_python_operator.py
[2025-03-31T23:50:23.205+0000] {processor.py:914} INFO - Processing file /opt/airflow/dags/create_dag_with_python_operator.py for tasks to queue
[2025-03-31T23:50:23.207+0000] {logging_mixin.py:190} INFO - [2025-03-31T23:50:23.206+0000] {dagbag.py:588} INFO - Filling up the DagBag from /opt/airflow/dags/create_dag_with_python_operator.py
[2025-03-31T23:50:23.214+0000] {processor.py:927} WARNING - No viable dags retrieved from /opt/airflow/dags/create_dag_with_python_operator.py
[2025-03-31T23:50:23.234+0000] {processor.py:208} INFO - Processing /opt/airflow/dags/create_dag_with_python_operator.py took 0.040 seconds
[2025-03-31T23:50:53.494+0000] {processor.py:186} INFO - Started process (PID=16747) to work on /opt/airflow/dags/create_dag_with_python_operator.py
[2025-03-31T23:50:53.495+0000] {processor.py:914} INFO - Processing file /opt/airflow/dags/create_dag_with_python_operator.py for tasks to queue
[2025-03-31T23:50:53.497+0000] {logging_mixin.py:190} INFO - [2025-03-31T23:50:53.496+0000] {dagbag.py:588} INFO - Filling up the DagBag from /opt/airflow/dags/create_dag_with_python_operator.py
[2025-03-31T23:50:53.501+0000] {processor.py:927} WARNING - No viable dags retrieved from /opt/airflow/dags/create_dag_with_python_operator.py
[2025-03-31T23:50:53.515+0000] {processor.py:208} INFO - Processing /opt/airflow/dags/create_dag_with_python_operator.py took 0.027 seconds
[2025-03-31T23:51:23.775+0000] {processor.py:186} INFO - Started process (PID=16763) to work on /opt/airflow/dags/create_dag_with_python_operator.py
[2025-03-31T23:51:23.776+0000] {processor.py:914} INFO - Processing file /opt/airflow/dags/create_dag_with_python_operator.py for tasks to queue
[2025-03-31T23:51:23.778+0000] {logging_mixin.py:190} INFO - [2025-03-31T23:51:23.778+0000] {dagbag.py:588} INFO - Filling up the DagBag from /opt/airflow/dags/create_dag_with_python_operator.py
[2025-03-31T23:51:23.783+0000] {processor.py:927} WARNING - No viable dags retrieved from /opt/airflow/dags/create_dag_with_python_operator.py
[2025-03-31T23:51:23.799+0000] {processor.py:208} INFO - Processing /opt/airflow/dags/create_dag_with_python_operator.py took 0.031 seconds
[2025-03-31T23:51:54.041+0000] {processor.py:186} INFO - Started process (PID=16779) to work on /opt/airflow/dags/create_dag_with_python_operator.py
[2025-03-31T23:51:54.042+0000] {processor.py:914} INFO - Processing file /opt/airflow/dags/create_dag_with_python_operator.py for tasks to queue
[2025-03-31T23:51:54.044+0000] {logging_mixin.py:190} INFO - [2025-03-31T23:51:54.043+0000] {dagbag.py:588} INFO - Filling up the DagBag from /opt/airflow/dags/create_dag_with_python_operator.py
[2025-03-31T23:51:54.048+0000] {processor.py:927} WARNING - No viable dags retrieved from /opt/airflow/dags/create_dag_with_python_operator.py
[2025-03-31T23:51:54.064+0000] {processor.py:208} INFO - Processing /opt/airflow/dags/create_dag_with_python_operator.py took 0.030 seconds
[2025-03-31T23:52:24.308+0000] {processor.py:186} INFO - Started process (PID=16795) to work on /opt/airflow/dags/create_dag_with_python_operator.py
[2025-03-31T23:52:24.309+0000] {processor.py:914} INFO - Processing file /opt/airflow/dags/create_dag_with_python_operator.py for tasks to queue
[2025-03-31T23:52:24.310+0000] {logging_mixin.py:190} INFO - [2025-03-31T23:52:24.310+0000] {dagbag.py:588} INFO - Filling up the DagBag from /opt/airflow/dags/create_dag_with_python_operator.py
[2025-03-31T23:52:24.315+0000] {processor.py:927} WARNING - No viable dags retrieved from /opt/airflow/dags/create_dag_with_python_operator.py
[2025-03-31T23:52:24.331+0000] {processor.py:208} INFO - Processing /opt/airflow/dags/create_dag_with_python_operator.py took 0.030 seconds
[2025-03-31T23:52:54.598+0000] {processor.py:186} INFO - Started process (PID=16811) to work on /opt/airflow/dags/create_dag_with_python_operator.py
[2025-03-31T23:52:54.599+0000] {processor.py:914} INFO - Processing file /opt/airflow/dags/create_dag_with_python_operator.py for tasks to queue
[2025-03-31T23:52:54.601+0000] {logging_mixin.py:190} INFO - [2025-03-31T23:52:54.601+0000] {dagbag.py:588} INFO - Filling up the DagBag from /opt/airflow/dags/create_dag_with_python_operator.py
[2025-03-31T23:52:54.605+0000] {processor.py:927} WARNING - No viable dags retrieved from /opt/airflow/dags/create_dag_with_python_operator.py
[2025-03-31T23:52:54.625+0000] {processor.py:208} INFO - Processing /opt/airflow/dags/create_dag_with_python_operator.py took 0.035 seconds
[2025-03-31T23:53:24.881+0000] {processor.py:186} INFO - Started process (PID=16827) to work on /opt/airflow/dags/create_dag_with_python_operator.py
[2025-03-31T23:53:24.882+0000] {processor.py:914} INFO - Processing file /opt/airflow/dags/create_dag_with_python_operator.py for tasks to queue
[2025-03-31T23:53:24.884+0000] {logging_mixin.py:190} INFO - [2025-03-31T23:53:24.883+0000] {dagbag.py:588} INFO - Filling up the DagBag from /opt/airflow/dags/create_dag_with_python_operator.py
[2025-03-31T23:53:24.889+0000] {processor.py:927} WARNING - No viable dags retrieved from /opt/airflow/dags/create_dag_with_python_operator.py
[2025-03-31T23:53:24.903+0000] {processor.py:208} INFO - Processing /opt/airflow/dags/create_dag_with_python_operator.py took 0.030 seconds
[2025-03-31T23:53:55.162+0000] {processor.py:186} INFO - Started process (PID=16843) to work on /opt/airflow/dags/create_dag_with_python_operator.py
[2025-03-31T23:53:55.163+0000] {processor.py:914} INFO - Processing file /opt/airflow/dags/create_dag_with_python_operator.py for tasks to queue
[2025-03-31T23:53:55.164+0000] {logging_mixin.py:190} INFO - [2025-03-31T23:53:55.164+0000] {dagbag.py:588} INFO - Filling up the DagBag from /opt/airflow/dags/create_dag_with_python_operator.py
[2025-03-31T23:53:55.169+0000] {processor.py:927} WARNING - No viable dags retrieved from /opt/airflow/dags/create_dag_with_python_operator.py
[2025-03-31T23:53:55.185+0000] {processor.py:208} INFO - Processing /opt/airflow/dags/create_dag_with_python_operator.py took 0.031 seconds
[2025-03-31T23:54:25.452+0000] {processor.py:186} INFO - Started process (PID=16859) to work on /opt/airflow/dags/create_dag_with_python_operator.py
[2025-03-31T23:54:25.453+0000] {processor.py:914} INFO - Processing file /opt/airflow/dags/create_dag_with_python_operator.py for tasks to queue
[2025-03-31T23:54:25.455+0000] {logging_mixin.py:190} INFO - [2025-03-31T23:54:25.454+0000] {dagbag.py:588} INFO - Filling up the DagBag from /opt/airflow/dags/create_dag_with_python_operator.py
[2025-03-31T23:54:25.460+0000] {processor.py:927} WARNING - No viable dags retrieved from /opt/airflow/dags/create_dag_with_python_operator.py
[2025-03-31T23:54:25.478+0000] {processor.py:208} INFO - Processing /opt/airflow/dags/create_dag_with_python_operator.py took 0.035 seconds
[2025-03-31T23:54:55.772+0000] {processor.py:186} INFO - Started process (PID=16875) to work on /opt/airflow/dags/create_dag_with_python_operator.py
[2025-03-31T23:54:55.773+0000] {processor.py:914} INFO - Processing file /opt/airflow/dags/create_dag_with_python_operator.py for tasks to queue
[2025-03-31T23:54:55.775+0000] {logging_mixin.py:190} INFO - [2025-03-31T23:54:55.775+0000] {dagbag.py:588} INFO - Filling up the DagBag from /opt/airflow/dags/create_dag_with_python_operator.py
[2025-03-31T23:54:55.781+0000] {processor.py:927} WARNING - No viable dags retrieved from /opt/airflow/dags/create_dag_with_python_operator.py
[2025-03-31T23:54:55.799+0000] {processor.py:208} INFO - Processing /opt/airflow/dags/create_dag_with_python_operator.py took 0.035 seconds
[2025-03-31T23:55:26.067+0000] {processor.py:186} INFO - Started process (PID=16891) to work on /opt/airflow/dags/create_dag_with_python_operator.py
[2025-03-31T23:55:26.068+0000] {processor.py:914} INFO - Processing file /opt/airflow/dags/create_dag_with_python_operator.py for tasks to queue
[2025-03-31T23:55:26.069+0000] {logging_mixin.py:190} INFO - [2025-03-31T23:55:26.069+0000] {dagbag.py:588} INFO - Filling up the DagBag from /opt/airflow/dags/create_dag_with_python_operator.py
[2025-03-31T23:55:26.073+0000] {processor.py:927} WARNING - No viable dags retrieved from /opt/airflow/dags/create_dag_with_python_operator.py
[2025-03-31T23:55:26.092+0000] {processor.py:208} INFO - Processing /opt/airflow/dags/create_dag_with_python_operator.py took 0.032 seconds
[2025-03-31T23:55:56.360+0000] {processor.py:186} INFO - Started process (PID=16907) to work on /opt/airflow/dags/create_dag_with_python_operator.py
[2025-03-31T23:55:56.362+0000] {processor.py:914} INFO - Processing file /opt/airflow/dags/create_dag_with_python_operator.py for tasks to queue
[2025-03-31T23:55:56.363+0000] {logging_mixin.py:190} INFO - [2025-03-31T23:55:56.363+0000] {dagbag.py:588} INFO - Filling up the DagBag from /opt/airflow/dags/create_dag_with_python_operator.py
[2025-03-31T23:55:56.370+0000] {processor.py:927} WARNING - No viable dags retrieved from /opt/airflow/dags/create_dag_with_python_operator.py
[2025-03-31T23:55:56.388+0000] {processor.py:208} INFO - Processing /opt/airflow/dags/create_dag_with_python_operator.py took 0.036 seconds
[2025-03-31T23:56:26.655+0000] {processor.py:186} INFO - Started process (PID=16923) to work on /opt/airflow/dags/create_dag_with_python_operator.py
[2025-03-31T23:56:26.656+0000] {processor.py:914} INFO - Processing file /opt/airflow/dags/create_dag_with_python_operator.py for tasks to queue
[2025-03-31T23:56:26.658+0000] {logging_mixin.py:190} INFO - [2025-03-31T23:56:26.658+0000] {dagbag.py:588} INFO - Filling up the DagBag from /opt/airflow/dags/create_dag_with_python_operator.py
[2025-03-31T23:56:26.664+0000] {processor.py:927} WARNING - No viable dags retrieved from /opt/airflow/dags/create_dag_with_python_operator.py
[2025-03-31T23:56:26.681+0000] {processor.py:208} INFO - Processing /opt/airflow/dags/create_dag_with_python_operator.py took 0.034 seconds
[2025-03-31T23:56:56.947+0000] {processor.py:186} INFO - Started process (PID=16939) to work on /opt/airflow/dags/create_dag_with_python_operator.py
[2025-03-31T23:56:56.949+0000] {processor.py:914} INFO - Processing file /opt/airflow/dags/create_dag_with_python_operator.py for tasks to queue
[2025-03-31T23:56:56.950+0000] {logging_mixin.py:190} INFO - [2025-03-31T23:56:56.950+0000] {dagbag.py:588} INFO - Filling up the DagBag from /opt/airflow/dags/create_dag_with_python_operator.py
[2025-03-31T23:56:56.956+0000] {processor.py:927} WARNING - No viable dags retrieved from /opt/airflow/dags/create_dag_with_python_operator.py
[2025-03-31T23:56:56.974+0000] {processor.py:208} INFO - Processing /opt/airflow/dags/create_dag_with_python_operator.py took 0.036 seconds
[2025-03-31T23:57:27.228+0000] {processor.py:186} INFO - Started process (PID=16955) to work on /opt/airflow/dags/create_dag_with_python_operator.py
[2025-03-31T23:57:27.229+0000] {processor.py:914} INFO - Processing file /opt/airflow/dags/create_dag_with_python_operator.py for tasks to queue
[2025-03-31T23:57:27.231+0000] {logging_mixin.py:190} INFO - [2025-03-31T23:57:27.230+0000] {dagbag.py:588} INFO - Filling up the DagBag from /opt/airflow/dags/create_dag_with_python_operator.py
[2025-03-31T23:57:27.236+0000] {processor.py:927} WARNING - No viable dags retrieved from /opt/airflow/dags/create_dag_with_python_operator.py
[2025-03-31T23:57:27.252+0000] {processor.py:208} INFO - Processing /opt/airflow/dags/create_dag_with_python_operator.py took 0.033 seconds
[2025-03-31T23:57:57.517+0000] {processor.py:186} INFO - Started process (PID=16971) to work on /opt/airflow/dags/create_dag_with_python_operator.py
[2025-03-31T23:57:57.519+0000] {processor.py:914} INFO - Processing file /opt/airflow/dags/create_dag_with_python_operator.py for tasks to queue
[2025-03-31T23:57:57.520+0000] {logging_mixin.py:190} INFO - [2025-03-31T23:57:57.520+0000] {dagbag.py:588} INFO - Filling up the DagBag from /opt/airflow/dags/create_dag_with_python_operator.py
[2025-03-31T23:57:57.525+0000] {processor.py:927} WARNING - No viable dags retrieved from /opt/airflow/dags/create_dag_with_python_operator.py
[2025-03-31T23:57:57.542+0000] {processor.py:208} INFO - Processing /opt/airflow/dags/create_dag_with_python_operator.py took 0.035 seconds
[2025-03-31T23:58:27.812+0000] {processor.py:186} INFO - Started process (PID=16987) to work on /opt/airflow/dags/create_dag_with_python_operator.py
[2025-03-31T23:58:27.813+0000] {processor.py:914} INFO - Processing file /opt/airflow/dags/create_dag_with_python_operator.py for tasks to queue
[2025-03-31T23:58:27.815+0000] {logging_mixin.py:190} INFO - [2025-03-31T23:58:27.814+0000] {dagbag.py:588} INFO - Filling up the DagBag from /opt/airflow/dags/create_dag_with_python_operator.py
[2025-03-31T23:58:27.821+0000] {processor.py:927} WARNING - No viable dags retrieved from /opt/airflow/dags/create_dag_with_python_operator.py
[2025-03-31T23:58:27.840+0000] {processor.py:208} INFO - Processing /opt/airflow/dags/create_dag_with_python_operator.py took 0.037 seconds
[2025-03-31T23:58:58.107+0000] {processor.py:186} INFO - Started process (PID=17003) to work on /opt/airflow/dags/create_dag_with_python_operator.py
[2025-03-31T23:58:58.108+0000] {processor.py:914} INFO - Processing file /opt/airflow/dags/create_dag_with_python_operator.py for tasks to queue
[2025-03-31T23:58:58.110+0000] {logging_mixin.py:190} INFO - [2025-03-31T23:58:58.110+0000] {dagbag.py:588} INFO - Filling up the DagBag from /opt/airflow/dags/create_dag_with_python_operator.py
[2025-03-31T23:58:58.117+0000] {processor.py:927} WARNING - No viable dags retrieved from /opt/airflow/dags/create_dag_with_python_operator.py
[2025-03-31T23:58:58.137+0000] {processor.py:208} INFO - Processing /opt/airflow/dags/create_dag_with_python_operator.py took 0.038 seconds
[2025-03-31T23:59:28.400+0000] {processor.py:186} INFO - Started process (PID=17019) to work on /opt/airflow/dags/create_dag_with_python_operator.py
[2025-03-31T23:59:28.401+0000] {processor.py:914} INFO - Processing file /opt/airflow/dags/create_dag_with_python_operator.py for tasks to queue
[2025-03-31T23:59:28.403+0000] {logging_mixin.py:190} INFO - [2025-03-31T23:59:28.403+0000] {dagbag.py:588} INFO - Filling up the DagBag from /opt/airflow/dags/create_dag_with_python_operator.py
[2025-03-31T23:59:28.408+0000] {processor.py:927} WARNING - No viable dags retrieved from /opt/airflow/dags/create_dag_with_python_operator.py
[2025-03-31T23:59:28.424+0000] {processor.py:208} INFO - Processing /opt/airflow/dags/create_dag_with_python_operator.py took 0.030 seconds
[2025-03-31T23:59:58.656+0000] {processor.py:186} INFO - Started process (PID=17035) to work on /opt/airflow/dags/create_dag_with_python_operator.py
[2025-03-31T23:59:58.657+0000] {processor.py:914} INFO - Processing file /opt/airflow/dags/create_dag_with_python_operator.py for tasks to queue
[2025-03-31T23:59:58.658+0000] {logging_mixin.py:190} INFO - [2025-03-31T23:59:58.658+0000] {dagbag.py:588} INFO - Filling up the DagBag from /opt/airflow/dags/create_dag_with_python_operator.py
[2025-03-31T23:59:58.664+0000] {processor.py:927} WARNING - No viable dags retrieved from /opt/airflow/dags/create_dag_with_python_operator.py
[2025-03-31T23:59:58.679+0000] {processor.py:208} INFO - Processing /opt/airflow/dags/create_dag_with_python_operator.py took 0.031 seconds
