[2025-03-31T08:24:52.622+0000] {local_task_job_runner.py:123} INFO - ::group::Pre task execution logs
[2025-03-31T08:24:52.642+0000] {taskinstance.py:2614} INFO - Dependencies all met for dep_context=non-requeueable deps ti=<TaskInstance: our_first_dag_v3.first_task scheduled__2025-03-27T00:00:00+00:00 [queued]>
[2025-03-31T08:24:52.654+0000] {taskinstance.py:2614} INFO - Dependencies all met for dep_context=requeueable deps ti=<TaskInstance: our_first_dag_v3.first_task scheduled__2025-03-27T00:00:00+00:00 [queued]>
[2025-03-31T08:24:52.655+0000] {taskinstance.py:2867} INFO - Starting attempt 1 of 1
[2025-03-31T08:24:52.703+0000] {taskinstance.py:2890} INFO - Executing <Task(BashOperator): first_task> on 2025-03-27 00:00:00+00:00
[2025-03-31T08:24:52.711+0000] {logging_mixin.py:190} WARNING - /home/***/.local/lib/python3.12/site-packages/***/task/task_runner/standard_task_runner.py:70 DeprecationWarning: This process (pid=2163) is multi-threaded, use of fork() may lead to deadlocks in the child.
[2025-03-31T08:24:52.712+0000] {standard_task_runner.py:72} INFO - Started process 2168 to run task
[2025-03-31T08:24:52.711+0000] {standard_task_runner.py:104} INFO - Running: ['***', 'tasks', 'run', 'our_first_dag_v3', 'first_task', 'scheduled__2025-03-27T00:00:00+00:00', '--job-id', '54', '--raw', '--subdir', 'DAGS_FOLDER/our_first_dag.py', '--cfg-path', '/tmp/tmphp5wjldo']
[2025-03-31T08:24:52.713+0000] {standard_task_runner.py:105} INFO - Job 54: Subtask first_task
[2025-03-31T08:24:52.764+0000] {task_command.py:467} INFO - Running <TaskInstance: our_first_dag_v3.first_task scheduled__2025-03-27T00:00:00+00:00 [running]> on host 9663692256f6
[2025-03-31T08:24:52.853+0000] {taskinstance.py:3134} INFO - Exporting env vars: AIRFLOW_CTX_DAG_OWNER='coder2j' AIRFLOW_CTX_DAG_ID='our_first_dag_v3' AIRFLOW_CTX_TASK_ID='first_task' AIRFLOW_CTX_EXECUTION_DATE='2025-03-27T00:00:00+00:00' AIRFLOW_CTX_TRY_NUMBER='1' AIRFLOW_CTX_DAG_RUN_ID='scheduled__2025-03-27T00:00:00+00:00'
[2025-03-31T08:24:52.854+0000] {taskinstance.py:732} INFO - ::endgroup::
[2025-03-31T08:24:52.873+0000] {subprocess.py:78} INFO - Tmp dir root location: /tmp
[2025-03-31T08:24:52.874+0000] {subprocess.py:88} INFO - Running command: ['/usr/bin/bash', '-c', 'echo hello world, this is the first task!']
[2025-03-31T08:24:52.882+0000] {subprocess.py:99} INFO - Output:
[2025-03-31T08:24:52.884+0000] {subprocess.py:106} INFO - hello world, this is the first task!
[2025-03-31T08:24:52.884+0000] {subprocess.py:110} INFO - Command exited with return code 0
[2025-03-31T08:24:52.909+0000] {taskinstance.py:341} INFO - ::group::Post task execution logs
[2025-03-31T08:24:52.910+0000] {taskinstance.py:353} INFO - Marking task as SUCCESS. dag_id=our_first_dag_v3, task_id=first_task, run_id=scheduled__2025-03-27T00:00:00+00:00, execution_date=20250327T000000, start_date=20250331T082452, end_date=20250331T082452
[2025-03-31T08:24:52.977+0000] {local_task_job_runner.py:266} INFO - Task exited with return code 0
[2025-03-31T08:24:53.004+0000] {taskinstance.py:3901} INFO - 2 downstream tasks scheduled from follow-on schedule check
[2025-03-31T08:24:53.006+0000] {local_task_job_runner.py:245} INFO - ::endgroup::
