[2025-03-31T17:23:59.070+1100] {processor.py:186} INFO - Started process (PID=37218) to work on /Users/rajeshnarayanarao/Documents/GitHub/ApacheAirFlow/AIRFLOW_TUTORIAL/py_env/lib/python3.11/site-packages/airflow/example_dags/example_outlet_event_extra.py
[2025-03-31T17:23:59.078+1100] {processor.py:914} INFO - Processing file /Users/rajeshnarayanarao/Documents/GitHub/ApacheAirFlow/AIRFLOW_TUTORIAL/py_env/lib/python3.11/site-packages/airflow/example_dags/example_outlet_event_extra.py for tasks to queue
[2025-03-31T17:23:59.079+1100] {logging_mixin.py:190} INFO - [2025-03-31T17:23:59.079+1100] {dagbag.py:588} INFO - Filling up the DagBag from /Users/rajeshnarayanarao/Documents/GitHub/ApacheAirFlow/AIRFLOW_TUTORIAL/py_env/lib/python3.11/site-packages/airflow/example_dags/example_outlet_event_extra.py
[2025-03-31T17:24:00.962+1100] {processor.py:925} INFO - DAG(s) 'dataset_with_extra_from_classic_operator', 'dataset_with_extra_by_context', 'dataset_with_extra_by_yield' retrieved from /Users/rajeshnarayanarao/Documents/GitHub/ApacheAirFlow/AIRFLOW_TUTORIAL/py_env/lib/python3.11/site-packages/airflow/example_dags/example_outlet_event_extra.py
[2025-03-31T17:24:01.442+1100] {logging_mixin.py:190} INFO - [2025-03-31T17:24:01.441+1100] {override.py:1912} INFO - Created Permission View: can edit on DAG:dataset_with_extra_from_classic_operator
[2025-03-31T17:24:01.461+1100] {logging_mixin.py:190} INFO - [2025-03-31T17:24:01.461+1100] {override.py:1912} INFO - Created Permission View: can delete on DAG:dataset_with_extra_from_classic_operator
[2025-03-31T17:24:01.479+1100] {logging_mixin.py:190} INFO - [2025-03-31T17:24:01.478+1100] {override.py:1912} INFO - Created Permission View: can read on DAG:dataset_with_extra_from_classic_operator
[2025-03-31T17:24:01.504+1100] {logging_mixin.py:190} INFO - [2025-03-31T17:24:01.503+1100] {override.py:1912} INFO - Created Permission View: can delete on DAG Run:dataset_with_extra_from_classic_operator
[2025-03-31T17:24:01.514+1100] {logging_mixin.py:190} INFO - [2025-03-31T17:24:01.514+1100] {override.py:1912} INFO - Created Permission View: menu access on DAG Run:dataset_with_extra_from_classic_operator
[2025-03-31T17:24:01.529+1100] {logging_mixin.py:190} INFO - [2025-03-31T17:24:01.529+1100] {override.py:1912} INFO - Created Permission View: can create on DAG Run:dataset_with_extra_from_classic_operator
[2025-03-31T17:24:01.543+1100] {logging_mixin.py:190} INFO - [2025-03-31T17:24:01.542+1100] {override.py:1912} INFO - Created Permission View: can read on DAG Run:dataset_with_extra_from_classic_operator
[2025-03-31T17:24:01.565+1100] {logging_mixin.py:190} INFO - [2025-03-31T17:24:01.565+1100] {override.py:1912} INFO - Created Permission View: can edit on DAG:dataset_with_extra_by_context
[2025-03-31T17:24:01.581+1100] {logging_mixin.py:190} INFO - [2025-03-31T17:24:01.580+1100] {override.py:1912} INFO - Created Permission View: can delete on DAG:dataset_with_extra_by_context
[2025-03-31T17:24:01.594+1100] {logging_mixin.py:190} INFO - [2025-03-31T17:24:01.594+1100] {override.py:1912} INFO - Created Permission View: can read on DAG:dataset_with_extra_by_context
[2025-03-31T17:24:01.610+1100] {logging_mixin.py:190} INFO - [2025-03-31T17:24:01.610+1100] {override.py:1912} INFO - Created Permission View: can delete on DAG Run:dataset_with_extra_by_context
[2025-03-31T17:24:01.625+1100] {logging_mixin.py:190} INFO - [2025-03-31T17:24:01.624+1100] {override.py:1912} INFO - Created Permission View: menu access on DAG Run:dataset_with_extra_by_context
[2025-03-31T17:24:01.636+1100] {logging_mixin.py:190} INFO - [2025-03-31T17:24:01.635+1100] {override.py:1912} INFO - Created Permission View: can create on DAG Run:dataset_with_extra_by_context
[2025-03-31T17:24:01.648+1100] {logging_mixin.py:190} INFO - [2025-03-31T17:24:01.648+1100] {override.py:1912} INFO - Created Permission View: can read on DAG Run:dataset_with_extra_by_context
[2025-03-31T17:24:01.676+1100] {logging_mixin.py:190} INFO - [2025-03-31T17:24:01.675+1100] {override.py:1912} INFO - Created Permission View: can edit on DAG:dataset_with_extra_by_yield
[2025-03-31T17:24:01.685+1100] {logging_mixin.py:190} INFO - [2025-03-31T17:24:01.685+1100] {override.py:1912} INFO - Created Permission View: can delete on DAG:dataset_with_extra_by_yield
[2025-03-31T17:24:01.697+1100] {logging_mixin.py:190} INFO - [2025-03-31T17:24:01.696+1100] {override.py:1912} INFO - Created Permission View: can read on DAG:dataset_with_extra_by_yield
[2025-03-31T17:24:01.711+1100] {logging_mixin.py:190} INFO - [2025-03-31T17:24:01.710+1100] {override.py:1912} INFO - Created Permission View: can delete on DAG Run:dataset_with_extra_by_yield
[2025-03-31T17:24:01.724+1100] {logging_mixin.py:190} INFO - [2025-03-31T17:24:01.724+1100] {override.py:1912} INFO - Created Permission View: menu access on DAG Run:dataset_with_extra_by_yield
[2025-03-31T17:24:01.733+1100] {logging_mixin.py:190} INFO - [2025-03-31T17:24:01.732+1100] {override.py:1912} INFO - Created Permission View: can create on DAG Run:dataset_with_extra_by_yield
[2025-03-31T17:24:01.744+1100] {logging_mixin.py:190} INFO - [2025-03-31T17:24:01.743+1100] {override.py:1912} INFO - Created Permission View: can read on DAG Run:dataset_with_extra_by_yield
[2025-03-31T17:24:01.744+1100] {logging_mixin.py:190} INFO - [2025-03-31T17:24:01.744+1100] {dag.py:3239} INFO - Sync 3 DAGs
[2025-03-31T17:24:01.767+1100] {logging_mixin.py:190} INFO - [2025-03-31T17:24:01.766+1100] {dag.py:3262} INFO - Creating ORM DAG for dataset_with_extra_by_yield
[2025-03-31T17:24:01.768+1100] {logging_mixin.py:190} INFO - [2025-03-31T17:24:01.768+1100] {dag.py:3262} INFO - Creating ORM DAG for dataset_with_extra_by_context
[2025-03-31T17:24:01.769+1100] {logging_mixin.py:190} INFO - [2025-03-31T17:24:01.769+1100] {dag.py:3262} INFO - Creating ORM DAG for dataset_with_extra_from_classic_operator
[2025-03-31T17:24:01.785+1100] {logging_mixin.py:190} INFO - [2025-03-31T17:24:01.785+1100] {dag.py:4180} INFO - Setting next_dagrun for dataset_with_extra_by_context to 2025-03-30 00:00:00+00:00, run_after=2025-03-31 00:00:00+00:00
[2025-03-31T17:24:01.789+1100] {logging_mixin.py:190} INFO - [2025-03-31T17:24:01.789+1100] {dag.py:4180} INFO - Setting next_dagrun for dataset_with_extra_by_yield to 2025-03-30 00:00:00+00:00, run_after=2025-03-31 00:00:00+00:00
[2025-03-31T17:24:01.792+1100] {logging_mixin.py:190} INFO - [2025-03-31T17:24:01.792+1100] {dag.py:4180} INFO - Setting next_dagrun for dataset_with_extra_from_classic_operator to 2025-03-30 00:00:00+00:00, run_after=2025-03-31 00:00:00+00:00
[2025-03-31T17:24:03.718+1100] {processor.py:208} INFO - Processing /Users/rajeshnarayanarao/Documents/GitHub/ApacheAirFlow/AIRFLOW_TUTORIAL/py_env/lib/python3.11/site-packages/airflow/example_dags/example_outlet_event_extra.py took 4.655 seconds
