[2025-03-31T08:03:30.051+0000] {local_task_job_runner.py:123} INFO - ::group::Pre task execution logs
[2025-03-31T08:03:30.069+0000] {taskinstance.py:2614} INFO - Dependencies all met for dep_context=non-requeueable deps ti=<TaskInstance: our_first_dag.first_task manual__2025-03-31T08:03:29.793049+00:00 [queued]>
[2025-03-31T08:03:30.080+0000] {taskinstance.py:2614} INFO - Dependencies all met for dep_context=requeueable deps ti=<TaskInstance: our_first_dag.first_task manual__2025-03-31T08:03:29.793049+00:00 [queued]>
[2025-03-31T08:03:30.083+0000] {taskinstance.py:2867} INFO - Starting attempt 1 of 1
[2025-03-31T08:03:30.096+0000] {taskinstance.py:2890} INFO - Executing <Task(BashOperator): first_task> on 2025-03-31 08:03:29.793049+00:00
[2025-03-31T08:03:30.103+0000] {logging_mixin.py:190} WARNING - /home/***/.local/lib/python3.12/site-packages/***/task/task_runner/standard_task_runner.py:70 DeprecationWarning: This process (pid=1552) is multi-threaded, use of fork() may lead to deadlocks in the child.
[2025-03-31T08:03:30.104+0000] {standard_task_runner.py:72} INFO - Started process 1555 to run task
[2025-03-31T08:03:30.103+0000] {standard_task_runner.py:104} INFO - Running: ['***', 'tasks', 'run', 'our_first_dag', 'first_task', 'manual__2025-03-31T08:03:29.793049+00:00', '--job-id', '38', '--raw', '--subdir', 'DAGS_FOLDER/our_first_dag.py', '--cfg-path', '/tmp/tmp_b_6blrx']
[2025-03-31T08:03:30.105+0000] {standard_task_runner.py:105} INFO - Job 38: Subtask first_task
[2025-03-31T08:03:30.154+0000] {task_command.py:467} INFO - Running <TaskInstance: our_first_dag.first_task manual__2025-03-31T08:03:29.793049+00:00 [running]> on host 9663692256f6
[2025-03-31T08:03:30.275+0000] {taskinstance.py:3134} INFO - Exporting env vars: AIRFLOW_CTX_DAG_OWNER='coder2j' AIRFLOW_CTX_DAG_ID='our_first_dag' AIRFLOW_CTX_TASK_ID='first_task' AIRFLOW_CTX_EXECUTION_DATE='2025-03-31T08:03:29.793049+00:00' AIRFLOW_CTX_TRY_NUMBER='1' AIRFLOW_CTX_DAG_RUN_ID='manual__2025-03-31T08:03:29.793049+00:00'
[2025-03-31T08:03:30.276+0000] {taskinstance.py:732} INFO - ::endgroup::
[2025-03-31T08:03:30.294+0000] {subprocess.py:78} INFO - Tmp dir root location: /tmp
[2025-03-31T08:03:30.295+0000] {subprocess.py:88} INFO - Running command: ['/usr/bin/bash', '-c', 'echo hello world, this is the first task!']
[2025-03-31T08:03:30.305+0000] {subprocess.py:99} INFO - Output:
[2025-03-31T08:03:30.306+0000] {subprocess.py:106} INFO - hello world, this is the first task!
[2025-03-31T08:03:30.307+0000] {subprocess.py:110} INFO - Command exited with return code 0
[2025-03-31T08:03:30.331+0000] {taskinstance.py:341} INFO - ::group::Post task execution logs
[2025-03-31T08:03:30.332+0000] {taskinstance.py:353} INFO - Marking task as SUCCESS. dag_id=our_first_dag, task_id=first_task, run_id=manual__2025-03-31T08:03:29.793049+00:00, execution_date=20250331T080329, start_date=20250331T080330, end_date=20250331T080330
[2025-03-31T08:03:30.369+0000] {local_task_job_runner.py:266} INFO - Task exited with return code 0
[2025-03-31T08:03:30.381+0000] {local_task_job_runner.py:245} INFO - ::endgroup::
